<?xml version="1.0" encoding="UTF-8"?>
<testsuite xmlns:xsi="http://www.w3.org/2001/XMLSchema-instance" xsi:noNamespaceSchemaLocation="https://maven.apache.org/surefire/maven-failsafe-plugin/xsd/failsafe-test-report-3.0.xsd" version="3.0" name="CucumberTestSuite" time="3,522.679" tests="26" errors="3" skipped="0" failures="0">
  <properties>
    <property name="sun.desktop" value="windows"/>
    <property name="awt.toolkit" value="sun.awt.windows.WToolkit"/>
    <property name="java.specification.version" value="11"/>
    <property name="webdriver.chrome.driver" value="D:\TIC\Kampus Merdeka\MSIB\Studi Independen\Alterra\MiniProject\MiniProjWeb\src\test\resources\webdriver\chromedriver.exe"/>
    <property name="sun.cpu.isalist" value="amd64"/>
    <property name="sun.jnu.encoding" value="Cp1252"/>
    <property name="java.class.path" value="D:\TIC\Kampus Merdeka\MSIB\Studi Independen\Alterra\MiniProject\MiniProjWeb\target\test-classes;C:\Users\user\.m2\repository\net\serenity-bdd\serenity-core\3.2.1\serenity-core-3.2.1.jar;C:\Users\user\.m2\repository\net\serenity-bdd\serenity-model\3.2.1\serenity-model-3.2.1.jar;C:\Users\user\.m2\repository\org\apache\commons\commons-text\1.9\commons-text-1.9.jar;C:\Users\user\.m2\repository\commons-net\commons-net\3.8.0\commons-net-3.8.0.jar;C:\Users\user\.m2\repository\com\google\guava\guava\31.1-jre\guava-31.1-jre.jar;C:\Users\user\.m2\repository\com\google\guava\failureaccess\1.0.1\failureaccess-1.0.1.jar;C:\Users\user\.m2\repository\com\google\guava\listenablefuture\9999.0-empty-to-avoid-conflict-with-guava\listenablefuture-9999.0-empty-to-avoid-conflict-with-guava.jar;C:\Users\user\.m2\repository\com\google\code\findbugs\jsr305\3.0.2\jsr305-3.0.2.jar;C:\Users\user\.m2\repository\org\checkerframework\checker-qual\3.12.0\checker-qual-3.12.0.jar;C:\Users\user\.m2\repository\com\google\errorprone\error_prone_annotations\2.11.0\error_prone_annotations-2.11.0.jar;C:\Users\user\.m2\repository\com\google\j2objc\j2objc-annotations\1.3\j2objc-annotations-1.3.jar;C:\Users\user\.m2\repository\com\google\inject\guice\5.1.0\guice-5.1.0.jar;C:\Users\user\.m2\repository\javax\inject\javax.inject\1\javax.inject-1.jar;C:\Users\user\.m2\repository\aopalliance\aopalliance\1.0\aopalliance-1.0.jar;C:\Users\user\.m2\repository\org\jsoup\jsoup\1.14.3\jsoup-1.14.3.jar;C:\Users\user\.m2\repository\com\thoughtworks\xstream\xstream\1.4.19\xstream-1.4.19.jar;C:\Users\user\.m2\repository\io\github\x-stream\mxparser\1.2.2\mxparser-1.2.2.jar;C:\Users\user\.m2\repository\xmlpull\xmlpull\1.1.3.1\xmlpull-1.1.3.1.jar;C:\Users\user\.m2\repository\io\cucumber\cucumber-java\7.2.3\cucumber-java-7.2.3.jar;C:\Users\user\.m2\repository\com\typesafe\config\1.4.2\config-1.4.2.jar;C:\Users\user\.m2\repository\org\imgscalr\imgscalr-lib\4.2\imgscalr-lib-4.2.jar;C:\Users\user\.m2\repository\org\awaitility\awaitility\4.2.0\awaitility-4.2.0.jar;C:\Users\user\.m2\repository\org\freemarker\freemarker\2.3.31\freemarker-2.3.31.jar;C:\Users\user\.m2\repository\io\github\classgraph\classgraph\4.8.138\classgraph-4.8.138.jar;C:\Users\user\.m2\repository\net\sourceforge\jexcelapi\jxl\2.6.12\jxl-2.6.12.jar;C:\Users\user\.m2\repository\net\bytebuddy\byte-buddy\1.12.8\byte-buddy-1.12.8.jar;C:\Users\user\.m2\repository\net\bytebuddy\byte-buddy-agent\1.12.8\byte-buddy-agent-1.12.8.jar;C:\Users\user\.m2\repository\org\objenesis\objenesis\3.1\objenesis-3.1.jar;C:\Users\user\.m2\repository\net\serenity-bdd\serenity-reports\3.2.1\serenity-reports-3.2.1.jar;C:\Users\user\.m2\repository\net\serenity-bdd\serenity-stats\3.2.1\serenity-stats-3.2.1.jar;C:\Users\user\.m2\repository\net\serenity-bdd\serenity-reports-configuration\3.2.1\serenity-reports-configuration-3.2.1.jar;C:\Users\user\.m2\repository\com\vladsch\flexmark\flexmark-all\0.34.30\flexmark-all-0.34.30.jar;C:\Users\user\.m2\repository\com\vladsch\flexmark\flexmark\0.34.30\flexmark-0.34.30.jar;C:\Users\user\.m2\repository\com\vladsch\flexmark\flexmark-ext-abbreviation\0.34.30\flexmark-ext-abbreviation-0.34.30.jar;C:\Users\user\.m2\repository\com\vladsch\flexmark\flexmark-ext-admonition\0.34.30\flexmark-ext-admonition-0.34.30.jar;C:\Users\user\.m2\repository\com\vladsch\flexmark\flexmark-ext-anchorlink\0.34.30\flexmark-ext-anchorlink-0.34.30.jar;C:\Users\user\.m2\repository\com\vladsch\flexmark\flexmark-ext-aside\0.34.30\flexmark-ext-aside-0.34.30.jar;C:\Users\user\.m2\repository\com\vladsch\flexmark\flexmark-ext-attributes\0.34.30\flexmark-ext-attributes-0.34.30.jar;C:\Users\user\.m2\repository\com\vladsch\flexmark\flexmark-ext-autolink\0.34.30\flexmark-ext-autolink-0.34.30.jar;C:\Users\user\.m2\repository\org\nibor\autolink\autolink\0.6.0\autolink-0.6.0.jar;C:\Users\user\.m2\repository\com\vladsch\flexmark\flexmark-ext-definition\0.34.30\flexmark-ext-definition-0.34.30.jar;C:\Users\user\.m2\repository\com\vladsch\flexmark\flexmark-ext-emoji\0.34.30\flexmark-ext-emoji-0.34.30.jar;C:\Users\user\.m2\repository\com\vladsch\flexmark\flexmark-ext-enumerated-reference\0.34.30\flexmark-ext-enumerated-reference-0.34.30.jar;C:\Users\user\.m2\repository\com\vladsch\flexmark\flexmark-ext-escaped-character\0.34.30\flexmark-ext-escaped-character-0.34.30.jar;C:\Users\user\.m2\repository\com\vladsch\flexmark\flexmark-ext-footnotes\0.34.30\flexmark-ext-footnotes-0.34.30.jar;C:\Users\user\.m2\repository\com\vladsch\flexmark\flexmark-ext-gfm-issues\0.34.30\flexmark-ext-gfm-issues-0.34.30.jar;C:\Users\user\.m2\repository\com\vladsch\flexmark\flexmark-ext-gfm-strikethrough\0.34.30\flexmark-ext-gfm-strikethrough-0.34.30.jar;C:\Users\user\.m2\repository\com\vladsch\flexmark\flexmark-ext-gfm-tables\0.34.30\flexmark-ext-gfm-tables-0.34.30.jar;C:\Users\user\.m2\repository\com\vladsch\flexmark\flexmark-ext-gfm-tasklist\0.34.30\flexmark-ext-gfm-tasklist-0.34.30.jar;C:\Users\user\.m2\repository\com\vladsch\flexmark\flexmark-ext-gfm-users\0.34.30\flexmark-ext-gfm-users-0.34.30.jar;C:\Users\user\.m2\repository\com\vladsch\flexmark\flexmark-ext-gitlab\0.34.30\flexmark-ext-gitlab-0.34.30.jar;C:\Users\user\.m2\repository\com\vladsch\flexmark\flexmark-ext-jekyll-front-matter\0.34.30\flexmark-ext-jekyll-front-matter-0.34.30.jar;C:\Users\user\.m2\repository\com\vladsch\flexmark\flexmark-ext-jekyll-tag\0.34.30\flexmark-ext-jekyll-tag-0.34.30.jar;C:\Users\user\.m2\repository\com\vladsch\flexmark\flexmark-ext-media-tags\0.34.30\flexmark-ext-media-tags-0.34.30.jar;C:\Users\user\.m2\repository\com\vladsch\flexmark\flexmark-test-util\0.34.30\flexmark-test-util-0.34.30.jar;C:\Users\user\.m2\repository\com\vladsch\flexmark\flexmark-ext-ins\0.34.30\flexmark-ext-ins-0.34.30.jar;C:\Users\user\.m2\repository\com\vladsch\flexmark\flexmark-ext-xwiki-macros\0.34.30\flexmark-ext-xwiki-macros-0.34.30.jar;C:\Users\user\.m2\repository\com\vladsch\flexmark\flexmark-ext-superscript\0.34.30\flexmark-ext-superscript-0.34.30.jar;C:\Users\user\.m2\repository\com\vladsch\flexmark\flexmark-ext-tables\0.34.30\flexmark-ext-tables-0.34.30.jar;C:\Users\user\.m2\repository\com\vladsch\flexmark\flexmark-ext-toc\0.34.30\flexmark-ext-toc-0.34.30.jar;C:\Users\user\.m2\repository\com\vladsch\flexmark\flexmark-ext-typographic\0.34.30\flexmark-ext-typographic-0.34.30.jar;C:\Users\user\.m2\repository\com\vladsch\flexmark\flexmark-ext-wikilink\0.34.30\flexmark-ext-wikilink-0.34.30.jar;C:\Users\user\.m2\repository\com\vladsch\flexmark\flexmark-ext-yaml-front-matter\0.34.30\flexmark-ext-yaml-front-matter-0.34.30.jar;C:\Users\user\.m2\repository\com\vladsch\flexmark\flexmark-ext-youtube-embedded\0.34.30\flexmark-ext-youtube-embedded-0.34.30.jar;C:\Users\user\.m2\repository\com\vladsch\flexmark\flexmark-formatter\0.34.30\flexmark-formatter-0.34.30.jar;C:\Users\user\.m2\repository\com\vladsch\flexmark\flexmark-html-parser\0.34.30\flexmark-html-parser-0.34.30.jar;C:\Users\user\.m2\repository\com\vladsch\flexmark\flexmark-jira-converter\0.34.30\flexmark-jira-converter-0.34.30.jar;C:\Users\user\.m2\repository\com\vladsch\flexmark\flexmark-pdf-converter\0.34.30\flexmark-pdf-converter-0.34.30.jar;C:\Users\user\.m2\repository\com\openhtmltopdf\openhtmltopdf-core\0.0.1-RC13\openhtmltopdf-core-0.0.1-RC13.jar;C:\Users\user\.m2\repository\com\openhtmltopdf\openhtmltopdf-pdfbox\0.0.1-RC13\openhtmltopdf-pdfbox-0.0.1-RC13.jar;C:\Users\user\.m2\repository\org\apache\pdfbox\pdfbox\2.0.8\pdfbox-2.0.8.jar;C:\Users\user\.m2\repository\org\apache\pdfbox\fontbox\2.0.8\fontbox-2.0.8.jar;C:\Users\user\.m2\repository\commons-logging\commons-logging\1.2\commons-logging-1.2.jar;C:\Users\user\.m2\repository\org\apache\pdfbox\xmpbox\2.0.8\xmpbox-2.0.8.jar;C:\Users\user\.m2\repository\de\rototor\pdfbox\graphics2d\0.12\graphics2d-0.12.jar;C:\Users\user\.m2\repository\com\openhtmltopdf\openhtmltopdf-rtl-support\0.0.1-RC13\openhtmltopdf-rtl-support-0.0.1-RC13.jar;C:\Users\user\.m2\repository\com\ibm\icu\icu4j\59.1\icu4j-59.1.jar;C:\Users\user\.m2\repository\com\openhtmltopdf\openhtmltopdf-jsoup-dom-converter\0.0.1-RC13\openhtmltopdf-jsoup-dom-converter-0.0.1-RC13.jar;C:\Users\user\.m2\repository\com\vladsch\flexmark\flexmark-profile-pegdown\0.34.30\flexmark-profile-pegdown-0.34.30.jar;C:\Users\user\.m2\repository\com\vladsch\flexmark\flexmark-util\0.34.30\flexmark-util-0.34.30.jar;C:\Users\user\.m2\repository\com\vladsch\flexmark\flexmark-youtrack-converter\0.34.30\flexmark-youtrack-converter-0.34.30.jar;C:\Users\user\.m2\repository\es\nitaur\markdown\txtmark\0.16\txtmark-0.16.jar;C:\Users\user\.m2\repository\net\serenity-bdd\serenity-report-resources\3.2.1\serenity-report-resources-3.2.1.jar;C:\Users\user\.m2\repository\com\google\code\gson\gson\2.9.0\gson-2.9.0.jar;C:\Users\user\.m2\repository\com\fasterxml\jackson\core\jackson-core\2.13.2\jackson-core-2.13.2.jar;C:\Users\user\.m2\repository\com\fasterxml\jackson\core\jackson-databind\2.13.2\jackson-databind-2.13.2.jar;C:\Users\user\.m2\repository\com\fasterxml\jackson\core\jackson-annotations\2.13.2\jackson-annotations-2.13.2.jar;C:\Users\user\.m2\repository\commons-codec\commons-codec\1.15\commons-codec-1.15.jar;C:\Users\user\.m2\repository\commons-io\commons-io\2.11.0\commons-io-2.11.0.jar;C:\Users\user\.m2\repository\org\seleniumhq\selenium\selenium-java\4.1.2\selenium-java-4.1.2.jar;C:\Users\user\.m2\repository\org\seleniumhq\selenium\selenium-devtools-v85\4.1.2\selenium-devtools-v85-4.1.2.jar;C:\Users\user\.m2\repository\org\seleniumhq\selenium\selenium-devtools-v95\4.1.2\selenium-devtools-v95-4.1.2.jar;C:\Users\user\.m2\repository\org\seleniumhq\selenium\selenium-devtools-v96\4.1.2\selenium-devtools-v96-4.1.2.jar;C:\Users\user\.m2\repository\org\seleniumhq\selenium\selenium-devtools-v97\4.1.2\selenium-devtools-v97-4.1.2.jar;C:\Users\user\.m2\repository\org\seleniumhq\selenium\selenium-firefox-xpi-driver\4.1.2\selenium-firefox-xpi-driver-4.1.2.jar;C:\Users\user\.m2\repository\org\seleniumhq\selenium\selenium-opera-driver\4.1.2\selenium-opera-driver-4.1.2.jar;C:\Users\user\.m2\repository\org\seleniumhq\selenium\selenium-remote-driver\4.1.2\selenium-remote-driver-4.1.2.jar;C:\Users\user\.m2\repository\com\beust\jcommander\1.82\jcommander-1.82.jar;C:\Users\user\.m2\repository\io\netty\netty-buffer\4.1.73.Final\netty-buffer-4.1.73.Final.jar;C:\Users\user\.m2\repository\io\netty\netty-codec-http\4.1.73.Final\netty-codec-http-4.1.73.Final.jar;C:\Users\user\.m2\repository\io\netty\netty-codec\4.1.73.Final\netty-codec-4.1.73.Final.jar;C:\Users\user\.m2\repository\io\netty\netty-handler\4.1.73.Final\netty-handler-4.1.73.Final.jar;C:\Users\user\.m2\repository\io\netty\netty-tcnative-classes\2.0.46.Final\netty-tcnative-classes-2.0.46.Final.jar;C:\Users\user\.m2\repository\io\netty\netty-common\4.1.73.Final\netty-common-4.1.73.Final.jar;C:\Users\user\.m2\repository\io\netty\netty-transport-classes-epoll\4.1.73.Final\netty-transport-classes-epoll-4.1.73.Final.jar;C:\Users\user\.m2\repository\io\netty\netty-transport-classes-kqueue\4.1.73.Final\netty-transport-classes-kqueue-4.1.73.Final.jar;C:\Users\user\.m2\repository\io\netty\netty-transport-native-epoll\4.1.73.Final\netty-transport-native-epoll-4.1.73.Final.jar;C:\Users\user\.m2\repository\io\netty\netty-transport-native-kqueue\4.1.73.Final\netty-transport-native-kqueue-4.1.73.Final.jar;C:\Users\user\.m2\repository\io\netty\netty-transport-native-unix-common\4.1.73.Final\netty-transport-native-unix-common-4.1.73.Final.jar;C:\Users\user\.m2\repository\io\netty\netty-transport\4.1.73.Final\netty-transport-4.1.73.Final.jar;C:\Users\user\.m2\repository\io\netty\netty-resolver\4.1.73.Final\netty-resolver-4.1.73.Final.jar;C:\Users\user\.m2\repository\io\opentelemetry\opentelemetry-api\1.10.1\opentelemetry-api-1.10.1.jar;C:\Users\user\.m2\repository\io\opentelemetry\opentelemetry-context\1.10.1\opentelemetry-context-1.10.1.jar;C:\Users\user\.m2\repository\io\opentelemetry\opentelemetry-exporter-logging\1.10.1\opentelemetry-exporter-logging-1.10.1.jar;C:\Users\user\.m2\repository\io\opentelemetry\opentelemetry-sdk-metrics\1.10.1-alpha\opentelemetry-sdk-metrics-1.10.1-alpha.jar;C:\Users\user\.m2\repository\io\opentelemetry\opentelemetry-sdk-logs\1.10.1-alpha\opentelemetry-sdk-logs-1.10.1-alpha.jar;C:\Users\user\.m2\repository\io\opentelemetry\opentelemetry-sdk-common\1.10.1\opentelemetry-sdk-common-1.10.1.jar;C:\Users\user\.m2\repository\io\opentelemetry\opentelemetry-sdk-extension-autoconfigure-spi\1.10.1\opentelemetry-sdk-extension-autoconfigure-spi-1.10.1.jar;C:\Users\user\.m2\repository\io\opentelemetry\opentelemetry-sdk-extension-autoconfigure\1.10.1-alpha\opentelemetry-sdk-extension-autoconfigure-1.10.1-alpha.jar;C:\Users\user\.m2\repository\io\opentelemetry\opentelemetry-sdk-trace\1.10.1\opentelemetry-sdk-trace-1.10.1.jar;C:\Users\user\.m2\repository\io\opentelemetry\opentelemetry-sdk\1.10.1\opentelemetry-sdk-1.10.1.jar;C:\Users\user\.m2\repository\io\opentelemetry\opentelemetry-semconv\1.10.1-alpha\opentelemetry-semconv-1.10.1-alpha.jar;C:\Users\user\.m2\repository\io\ous\jtoml\2.0.0\jtoml-2.0.0.jar;C:\Users\user\.m2\repository\org\apache\commons\commons-exec\1.3\commons-exec-1.3.jar;C:\Users\user\.m2\repository\org\asynchttpclient\async-http-client\2.12.3\async-http-client-2.12.3.jar;C:\Users\user\.m2\repository\org\asynchttpclient\async-http-client-netty-utils\2.12.3\async-http-client-netty-utils-2.12.3.jar;C:\Users\user\.m2\repository\io\netty\netty-codec-socks\4.1.60.Final\netty-codec-socks-4.1.60.Final.jar;C:\Users\user\.m2\repository\io\netty\netty-handler-proxy\4.1.60.Final\netty-handler-proxy-4.1.60.Final.jar;C:\Users\user\.m2\repository\io\netty\netty-transport-native-epoll\4.1.60.Final\netty-transport-native-epoll-4.1.60.Final-linux-x86_64.jar;C:\Users\user\.m2\repository\io\netty\netty-transport-native-kqueue\4.1.60.Final\netty-transport-native-kqueue-4.1.60.Final-osx-x86_64.jar;C:\Users\user\.m2\repository\org\reactivestreams\reactive-streams\1.0.3\reactive-streams-1.0.3.jar;C:\Users\user\.m2\repository\com\typesafe\netty\netty-reactive-streams\2.0.4\netty-reactive-streams-2.0.4.jar;C:\Users\user\.m2\repository\org\seleniumhq\selenium\selenium-http\4.1.2\selenium-http-4.1.2.jar;C:\Users\user\.m2\repository\net\jodah\failsafe\2.4.4\failsafe-2.4.4.jar;C:\Users\user\.m2\repository\org\seleniumhq\selenium\selenium-safari-driver\4.1.2\selenium-safari-driver-4.1.2.jar;C:\Users\user\.m2\repository\org\seleniumhq\selenium\selenium-api\4.1.2\selenium-api-4.1.2.jar;C:\Users\user\.m2\repository\org\seleniumhq\selenium\selenium-support\4.1.2\selenium-support-4.1.2.jar;C:\Users\user\.m2\repository\com\google\auto\service\auto-service-annotations\1.0.1\auto-service-annotations-1.0.1.jar;C:\Users\user\.m2\repository\com\google\auto\service\auto-service\1.0.1\auto-service-1.0.1.jar;C:\Users\user\.m2\repository\com\google\auto\auto-common\1.2\auto-common-1.2.jar;C:\Users\user\.m2\repository\org\seleniumhq\selenium\selenium-json\4.1.2\selenium-json-4.1.2.jar;C:\Users\user\.m2\repository\org\seleniumhq\selenium\selenium-chrome-driver\4.1.2\selenium-chrome-driver-4.1.2.jar;C:\Users\user\.m2\repository\org\seleniumhq\selenium\selenium-chromium-driver\4.1.2\selenium-chromium-driver-4.1.2.jar;C:\Users\user\.m2\repository\org\seleniumhq\selenium\selenium-firefox-driver\4.1.2\selenium-firefox-driver-4.1.2.jar;C:\Users\user\.m2\repository\org\seleniumhq\selenium\selenium-edge-driver\4.1.2\selenium-edge-driver-4.1.2.jar;C:\Users\user\.m2\repository\org\seleniumhq\selenium\selenium-ie-driver\4.1.2\selenium-ie-driver-4.1.2.jar;C:\Users\user\.m2\repository\org\projectlombok\lombok\1.18.20\lombok-1.18.20.jar;C:\Users\user\.m2\repository\io\appium\java-client\8.0.0\java-client-8.0.0.jar;C:\Users\user\.m2\repository\commons-validator\commons-validator\1.7\commons-validator-1.7.jar;C:\Users\user\.m2\repository\commons-digester\commons-digester\2.1\commons-digester-2.1.jar;C:\Users\user\.m2\repository\org\aspectj\aspectjweaver\1.9.8\aspectjweaver-1.9.8.jar;C:\Users\user\.m2\repository\org\codehaus\groovy\groovy\3.0.10\groovy-3.0.10.jar;C:\Users\user\.m2\repository\net\sf\opencsv\opencsv\2.0\opencsv-2.0.jar;C:\Users\user\.m2\repository\commons-beanutils\commons-beanutils\1.9.4\commons-beanutils-1.9.4.jar;C:\Users\user\.m2\repository\org\apache\commons\commons-lang3\3.12.0\commons-lang3-3.12.0.jar;C:\Users\user\.m2\repository\commons-collections\commons-collections\3.2.2\commons-collections-3.2.2.jar;C:\Users\user\.m2\repository\org\fluentlenium\fluentlenium-core\0.10.2\fluentlenium-core-0.10.2.jar;C:\Users\user\.m2\repository\io\github\bonigarcia\webdrivermanager\5.1.0\webdrivermanager-5.1.0.jar;C:\Users\user\.m2\repository\com\github\docker-java\docker-java\3.2.13\docker-java-3.2.13.jar;C:\Users\user\.m2\repository\com\github\docker-java\docker-java-core\3.2.13\docker-java-core-3.2.13.jar;C:\Users\user\.m2\repository\com\github\docker-java\docker-java-api\3.2.13\docker-java-api-3.2.13.jar;C:\Users\user\.m2\repository\org\apache\commons\commons-compress\1.21\commons-compress-1.21.jar;C:\Users\user\.m2\repository\org\bouncycastle\bcpkix-jdk15on\1.64\bcpkix-jdk15on-1.64.jar;C:\Users\user\.m2\repository\org\bouncycastle\bcprov-jdk15on\1.64\bcprov-jdk15on-1.64.jar;C:\Users\user\.m2\repository\org\slf4j\jcl-over-slf4j\1.7.30\jcl-over-slf4j-1.7.30.jar;C:\Users\user\.m2\repository\com\github\docker-java\docker-java-transport-httpclient5\3.2.13\docker-java-transport-httpclient5-3.2.13.jar;C:\Users\user\.m2\repository\com\github\docker-java\docker-java-transport\3.2.13\docker-java-transport-3.2.13.jar;C:\Users\user\.m2\repository\org\apache\httpcomponents\client5\httpclient5\5.0.3\httpclient5-5.0.3.jar;C:\Users\user\.m2\repository\org\apache\httpcomponents\core5\httpcore5\5.0.2\httpcore5-5.0.2.jar;C:\Users\user\.m2\repository\net\java\dev\jna\jna\5.8.0\jna-5.8.0.jar;C:\Users\user\.m2\repository\org\brotli\dec\0.1.2\dec-0.1.2.jar;C:\Users\user\.m2\repository\com\jhlabs\filters\2.0.235\filters-2.0.235.jar;C:\Users\user\.m2\repository\com\paulhammant\ngwebdriver\1.1.6\ngwebdriver-1.1.6.jar;C:\Users\user\.m2\repository\joda-time\joda-time\2.8.2\joda-time-2.8.2.jar;C:\Users\user\.m2\repository\org\hamcrest\hamcrest\2.2\hamcrest-2.2.jar;C:\Users\user\.m2\repository\com\google\jimfs\jimfs\1.2\jimfs-1.2.jar;C:\Users\user\.m2\repository\org\mockito\mockito-core\3.3.3\mockito-core-3.3.3.jar;C:\Users\user\.m2\repository\javax\xml\bind\jaxb-api\2.3.1\jaxb-api-2.3.1.jar;C:\Users\user\.m2\repository\javax\activation\javax.activation-api\1.2.0\javax.activation-api-1.2.0.jar;C:\Users\user\.m2\repository\com\sun\xml\bind\jaxb-core\2.3.0.1\jaxb-core-2.3.0.1.jar;C:\Users\user\.m2\repository\com\sun\xml\bind\jaxb-impl\2.3.3\jaxb-impl-2.3.3.jar;C:\Users\user\.m2\repository\jakarta\xml\bind\jakarta.xml.bind-api\2.3.3\jakarta.xml.bind-api-2.3.3.jar;C:\Users\user\.m2\repository\com\sun\activation\jakarta.activation\1.2.2\jakarta.activation-1.2.2.jar;C:\Users\user\.m2\repository\javax\activation\activation\1.1.1\activation-1.1.1.jar;C:\Users\user\.m2\repository\net\serenity-bdd\serenity-cucumber\3.2.1\serenity-cucumber-3.2.1.jar;C:\Users\user\.m2\repository\io\cucumber\cucumber-core\7.2.3\cucumber-core-7.2.3.jar;C:\Users\user\.m2\repository\io\cucumber\cucumber-gherkin\7.2.3\cucumber-gherkin-7.2.3.jar;C:\Users\user\.m2\repository\io\cucumber\cucumber-gherkin-messages\7.2.3\cucumber-gherkin-messages-7.2.3.jar;C:\Users\user\.m2\repository\io\cucumber\messages\17.1.1\messages-17.1.1.jar;C:\Users\user\.m2\repository\io\cucumber\tag-expressions\4.1.0\tag-expressions-4.1.0.jar;C:\Users\user\.m2\repository\io\cucumber\cucumber-expressions\15.0.1\cucumber-expressions-15.0.1.jar;C:\Users\user\.m2\repository\io\cucumber\datatable\7.2.3\datatable-7.2.3.jar;C:\Users\user\.m2\repository\io\cucumber\cucumber-plugin\7.2.3\cucumber-plugin-7.2.3.jar;C:\Users\user\.m2\repository\io\cucumber\docstring\7.2.3\docstring-7.2.3.jar;C:\Users\user\.m2\repository\io\cucumber\html-formatter\17.0.0\html-formatter-17.0.0.jar;C:\Users\user\.m2\repository\io\cucumber\ci-environment\8.1.0\ci-environment-8.1.0.jar;C:\Users\user\.m2\repository\io\cucumber\cucumber-junit\7.2.3\cucumber-junit-7.2.3.jar;C:\Users\user\.m2\repository\org\apache\commons\commons-csv\1.5\commons-csv-1.5.jar;C:\Users\user\.m2\repository\net\serenity-bdd\serenity-screenplay\3.2.1\serenity-screenplay-3.2.1.jar;C:\Users\user\.m2\repository\net\serenity-bdd\serenity-screenplay-webdriver\3.2.1\serenity-screenplay-webdriver-3.2.1.jar;C:\Users\user\.m2\repository\net\serenity-bdd\serenity-ensure\3.2.1\serenity-ensure-3.2.1.jar;C:\Users\user\.m2\repository\net\serenity-bdd\serenity-junit\3.2.1\serenity-junit-3.2.1.jar;C:\Users\user\.m2\repository\org\jetbrains\kotlin\kotlin-stdlib\1.6.0\kotlin-stdlib-1.6.0.jar;C:\Users\user\.m2\repository\org\jetbrains\annotations\13.0\annotations-13.0.jar;C:\Users\user\.m2\repository\org\jetbrains\kotlin\kotlin-stdlib-common\1.6.0\kotlin-stdlib-common-1.6.0.jar;C:\Users\user\.m2\repository\org\junit\platform\junit-platform-launcher\1.8.1\junit-platform-launcher-1.8.1.jar;C:\Users\user\.m2\repository\org\junit\platform\junit-platform-engine\1.8.1\junit-platform-engine-1.8.1.jar;C:\Users\user\.m2\repository\org\opentest4j\opentest4j\1.2.0\opentest4j-1.2.0.jar;C:\Users\user\.m2\repository\org\junit\platform\junit-platform-commons\1.8.1\junit-platform-commons-1.8.1.jar;C:\Users\user\.m2\repository\org\apiguardian\apiguardian-api\1.1.2\apiguardian-api-1.1.2.jar;C:\Users\user\.m2\repository\org\junit\jupiter\junit-jupiter-engine\5.8.2\junit-jupiter-engine-5.8.2.jar;C:\Users\user\.m2\repository\org\junit\jupiter\junit-jupiter-api\5.8.2\junit-jupiter-api-5.8.2.jar;C:\Users\user\.m2\repository\org\junit\vintage\junit-vintage-engine\5.8.2\junit-vintage-engine-5.8.2.jar;C:\Users\user\.m2\repository\junit\junit\4.13.2\junit-4.13.2.jar;C:\Users\user\.m2\repository\org\hamcrest\hamcrest-core\1.3\hamcrest-core-1.3.jar;C:\Users\user\.m2\repository\ch\qos\logback\logback-classic\1.2.10\logback-classic-1.2.10.jar;C:\Users\user\.m2\repository\ch\qos\logback\logback-core\1.2.10\logback-core-1.2.10.jar;C:\Users\user\.m2\repository\org\slf4j\slf4j-api\1.7.32\slf4j-api-1.7.32.jar;C:\Users\user\.m2\repository\org\assertj\assertj-core\3.6.2\assertj-core-3.6.2.jar;"/>
    <property name="java.vm.vendor" value="Oracle Corporation"/>
    <property name="sun.arch.data.model" value="64"/>
    <property name="user.variant" value=""/>
    <property name="java.vendor.url" value="https://openjdk.java.net/"/>
    <property name="user.timezone" value="Asia/Bangkok"/>
    <property name="log4j2.formatMsgNoLookups" value="true"/>
    <property name="java.vm.specification.version" value="11"/>
    <property name="os.name" value="Windows 11"/>
    <property name="sun.java.launcher" value="SUN_STANDARD"/>
    <property name="user.country" value="ID"/>
    <property name="sun.boot.library.path" value="C:\Program Files\Java\jdk-11.0.16\bin"/>
    <property name="sun.java.command" value="org.apache.maven.surefire.booter.ForkedBooter C:\Users\user\AppData\Local\Temp\surefire6478475348476540249 2022-10-31T19-15-26_907-jvmRun1 surefire8764335889500994754tmp surefire_012141541620980139460tmp"/>
    <property name="jdk.debug" value="release"/>
    <property name="surefire.test.class.path" value="D:\TIC\Kampus Merdeka\MSIB\Studi Independen\Alterra\MiniProject\MiniProjWeb\target\test-classes;C:\Users\user\.m2\repository\net\serenity-bdd\serenity-core\3.2.1\serenity-core-3.2.1.jar;C:\Users\user\.m2\repository\net\serenity-bdd\serenity-model\3.2.1\serenity-model-3.2.1.jar;C:\Users\user\.m2\repository\org\apache\commons\commons-text\1.9\commons-text-1.9.jar;C:\Users\user\.m2\repository\commons-net\commons-net\3.8.0\commons-net-3.8.0.jar;C:\Users\user\.m2\repository\com\google\guava\guava\31.1-jre\guava-31.1-jre.jar;C:\Users\user\.m2\repository\com\google\guava\failureaccess\1.0.1\failureaccess-1.0.1.jar;C:\Users\user\.m2\repository\com\google\guava\listenablefuture\9999.0-empty-to-avoid-conflict-with-guava\listenablefuture-9999.0-empty-to-avoid-conflict-with-guava.jar;C:\Users\user\.m2\repository\com\google\code\findbugs\jsr305\3.0.2\jsr305-3.0.2.jar;C:\Users\user\.m2\repository\org\checkerframework\checker-qual\3.12.0\checker-qual-3.12.0.jar;C:\Users\user\.m2\repository\com\google\errorprone\error_prone_annotations\2.11.0\error_prone_annotations-2.11.0.jar;C:\Users\user\.m2\repository\com\google\j2objc\j2objc-annotations\1.3\j2objc-annotations-1.3.jar;C:\Users\user\.m2\repository\com\google\inject\guice\5.1.0\guice-5.1.0.jar;C:\Users\user\.m2\repository\javax\inject\javax.inject\1\javax.inject-1.jar;C:\Users\user\.m2\repository\aopalliance\aopalliance\1.0\aopalliance-1.0.jar;C:\Users\user\.m2\repository\org\jsoup\jsoup\1.14.3\jsoup-1.14.3.jar;C:\Users\user\.m2\repository\com\thoughtworks\xstream\xstream\1.4.19\xstream-1.4.19.jar;C:\Users\user\.m2\repository\io\github\x-stream\mxparser\1.2.2\mxparser-1.2.2.jar;C:\Users\user\.m2\repository\xmlpull\xmlpull\1.1.3.1\xmlpull-1.1.3.1.jar;C:\Users\user\.m2\repository\io\cucumber\cucumber-java\7.2.3\cucumber-java-7.2.3.jar;C:\Users\user\.m2\repository\com\typesafe\config\1.4.2\config-1.4.2.jar;C:\Users\user\.m2\repository\org\imgscalr\imgscalr-lib\4.2\imgscalr-lib-4.2.jar;C:\Users\user\.m2\repository\org\awaitility\awaitility\4.2.0\awaitility-4.2.0.jar;C:\Users\user\.m2\repository\org\freemarker\freemarker\2.3.31\freemarker-2.3.31.jar;C:\Users\user\.m2\repository\io\github\classgraph\classgraph\4.8.138\classgraph-4.8.138.jar;C:\Users\user\.m2\repository\net\sourceforge\jexcelapi\jxl\2.6.12\jxl-2.6.12.jar;C:\Users\user\.m2\repository\net\bytebuddy\byte-buddy\1.12.8\byte-buddy-1.12.8.jar;C:\Users\user\.m2\repository\net\bytebuddy\byte-buddy-agent\1.12.8\byte-buddy-agent-1.12.8.jar;C:\Users\user\.m2\repository\org\objenesis\objenesis\3.1\objenesis-3.1.jar;C:\Users\user\.m2\repository\net\serenity-bdd\serenity-reports\3.2.1\serenity-reports-3.2.1.jar;C:\Users\user\.m2\repository\net\serenity-bdd\serenity-stats\3.2.1\serenity-stats-3.2.1.jar;C:\Users\user\.m2\repository\net\serenity-bdd\serenity-reports-configuration\3.2.1\serenity-reports-configuration-3.2.1.jar;C:\Users\user\.m2\repository\com\vladsch\flexmark\flexmark-all\0.34.30\flexmark-all-0.34.30.jar;C:\Users\user\.m2\repository\com\vladsch\flexmark\flexmark\0.34.30\flexmark-0.34.30.jar;C:\Users\user\.m2\repository\com\vladsch\flexmark\flexmark-ext-abbreviation\0.34.30\flexmark-ext-abbreviation-0.34.30.jar;C:\Users\user\.m2\repository\com\vladsch\flexmark\flexmark-ext-admonition\0.34.30\flexmark-ext-admonition-0.34.30.jar;C:\Users\user\.m2\repository\com\vladsch\flexmark\flexmark-ext-anchorlink\0.34.30\flexmark-ext-anchorlink-0.34.30.jar;C:\Users\user\.m2\repository\com\vladsch\flexmark\flexmark-ext-aside\0.34.30\flexmark-ext-aside-0.34.30.jar;C:\Users\user\.m2\repository\com\vladsch\flexmark\flexmark-ext-attributes\0.34.30\flexmark-ext-attributes-0.34.30.jar;C:\Users\user\.m2\repository\com\vladsch\flexmark\flexmark-ext-autolink\0.34.30\flexmark-ext-autolink-0.34.30.jar;C:\Users\user\.m2\repository\org\nibor\autolink\autolink\0.6.0\autolink-0.6.0.jar;C:\Users\user\.m2\repository\com\vladsch\flexmark\flexmark-ext-definition\0.34.30\flexmark-ext-definition-0.34.30.jar;C:\Users\user\.m2\repository\com\vladsch\flexmark\flexmark-ext-emoji\0.34.30\flexmark-ext-emoji-0.34.30.jar;C:\Users\user\.m2\repository\com\vladsch\flexmark\flexmark-ext-enumerated-reference\0.34.30\flexmark-ext-enumerated-reference-0.34.30.jar;C:\Users\user\.m2\repository\com\vladsch\flexmark\flexmark-ext-escaped-character\0.34.30\flexmark-ext-escaped-character-0.34.30.jar;C:\Users\user\.m2\repository\com\vladsch\flexmark\flexmark-ext-footnotes\0.34.30\flexmark-ext-footnotes-0.34.30.jar;C:\Users\user\.m2\repository\com\vladsch\flexmark\flexmark-ext-gfm-issues\0.34.30\flexmark-ext-gfm-issues-0.34.30.jar;C:\Users\user\.m2\repository\com\vladsch\flexmark\flexmark-ext-gfm-strikethrough\0.34.30\flexmark-ext-gfm-strikethrough-0.34.30.jar;C:\Users\user\.m2\repository\com\vladsch\flexmark\flexmark-ext-gfm-tables\0.34.30\flexmark-ext-gfm-tables-0.34.30.jar;C:\Users\user\.m2\repository\com\vladsch\flexmark\flexmark-ext-gfm-tasklist\0.34.30\flexmark-ext-gfm-tasklist-0.34.30.jar;C:\Users\user\.m2\repository\com\vladsch\flexmark\flexmark-ext-gfm-users\0.34.30\flexmark-ext-gfm-users-0.34.30.jar;C:\Users\user\.m2\repository\com\vladsch\flexmark\flexmark-ext-gitlab\0.34.30\flexmark-ext-gitlab-0.34.30.jar;C:\Users\user\.m2\repository\com\vladsch\flexmark\flexmark-ext-jekyll-front-matter\0.34.30\flexmark-ext-jekyll-front-matter-0.34.30.jar;C:\Users\user\.m2\repository\com\vladsch\flexmark\flexmark-ext-jekyll-tag\0.34.30\flexmark-ext-jekyll-tag-0.34.30.jar;C:\Users\user\.m2\repository\com\vladsch\flexmark\flexmark-ext-media-tags\0.34.30\flexmark-ext-media-tags-0.34.30.jar;C:\Users\user\.m2\repository\com\vladsch\flexmark\flexmark-test-util\0.34.30\flexmark-test-util-0.34.30.jar;C:\Users\user\.m2\repository\com\vladsch\flexmark\flexmark-ext-ins\0.34.30\flexmark-ext-ins-0.34.30.jar;C:\Users\user\.m2\repository\com\vladsch\flexmark\flexmark-ext-xwiki-macros\0.34.30\flexmark-ext-xwiki-macros-0.34.30.jar;C:\Users\user\.m2\repository\com\vladsch\flexmark\flexmark-ext-superscript\0.34.30\flexmark-ext-superscript-0.34.30.jar;C:\Users\user\.m2\repository\com\vladsch\flexmark\flexmark-ext-tables\0.34.30\flexmark-ext-tables-0.34.30.jar;C:\Users\user\.m2\repository\com\vladsch\flexmark\flexmark-ext-toc\0.34.30\flexmark-ext-toc-0.34.30.jar;C:\Users\user\.m2\repository\com\vladsch\flexmark\flexmark-ext-typographic\0.34.30\flexmark-ext-typographic-0.34.30.jar;C:\Users\user\.m2\repository\com\vladsch\flexmark\flexmark-ext-wikilink\0.34.30\flexmark-ext-wikilink-0.34.30.jar;C:\Users\user\.m2\repository\com\vladsch\flexmark\flexmark-ext-yaml-front-matter\0.34.30\flexmark-ext-yaml-front-matter-0.34.30.jar;C:\Users\user\.m2\repository\com\vladsch\flexmark\flexmark-ext-youtube-embedded\0.34.30\flexmark-ext-youtube-embedded-0.34.30.jar;C:\Users\user\.m2\repository\com\vladsch\flexmark\flexmark-formatter\0.34.30\flexmark-formatter-0.34.30.jar;C:\Users\user\.m2\repository\com\vladsch\flexmark\flexmark-html-parser\0.34.30\flexmark-html-parser-0.34.30.jar;C:\Users\user\.m2\repository\com\vladsch\flexmark\flexmark-jira-converter\0.34.30\flexmark-jira-converter-0.34.30.jar;C:\Users\user\.m2\repository\com\vladsch\flexmark\flexmark-pdf-converter\0.34.30\flexmark-pdf-converter-0.34.30.jar;C:\Users\user\.m2\repository\com\openhtmltopdf\openhtmltopdf-core\0.0.1-RC13\openhtmltopdf-core-0.0.1-RC13.jar;C:\Users\user\.m2\repository\com\openhtmltopdf\openhtmltopdf-pdfbox\0.0.1-RC13\openhtmltopdf-pdfbox-0.0.1-RC13.jar;C:\Users\user\.m2\repository\org\apache\pdfbox\pdfbox\2.0.8\pdfbox-2.0.8.jar;C:\Users\user\.m2\repository\org\apache\pdfbox\fontbox\2.0.8\fontbox-2.0.8.jar;C:\Users\user\.m2\repository\commons-logging\commons-logging\1.2\commons-logging-1.2.jar;C:\Users\user\.m2\repository\org\apache\pdfbox\xmpbox\2.0.8\xmpbox-2.0.8.jar;C:\Users\user\.m2\repository\de\rototor\pdfbox\graphics2d\0.12\graphics2d-0.12.jar;C:\Users\user\.m2\repository\com\openhtmltopdf\openhtmltopdf-rtl-support\0.0.1-RC13\openhtmltopdf-rtl-support-0.0.1-RC13.jar;C:\Users\user\.m2\repository\com\ibm\icu\icu4j\59.1\icu4j-59.1.jar;C:\Users\user\.m2\repository\com\openhtmltopdf\openhtmltopdf-jsoup-dom-converter\0.0.1-RC13\openhtmltopdf-jsoup-dom-converter-0.0.1-RC13.jar;C:\Users\user\.m2\repository\com\vladsch\flexmark\flexmark-profile-pegdown\0.34.30\flexmark-profile-pegdown-0.34.30.jar;C:\Users\user\.m2\repository\com\vladsch\flexmark\flexmark-util\0.34.30\flexmark-util-0.34.30.jar;C:\Users\user\.m2\repository\com\vladsch\flexmark\flexmark-youtrack-converter\0.34.30\flexmark-youtrack-converter-0.34.30.jar;C:\Users\user\.m2\repository\es\nitaur\markdown\txtmark\0.16\txtmark-0.16.jar;C:\Users\user\.m2\repository\net\serenity-bdd\serenity-report-resources\3.2.1\serenity-report-resources-3.2.1.jar;C:\Users\user\.m2\repository\com\google\code\gson\gson\2.9.0\gson-2.9.0.jar;C:\Users\user\.m2\repository\com\fasterxml\jackson\core\jackson-core\2.13.2\jackson-core-2.13.2.jar;C:\Users\user\.m2\repository\com\fasterxml\jackson\core\jackson-databind\2.13.2\jackson-databind-2.13.2.jar;C:\Users\user\.m2\repository\com\fasterxml\jackson\core\jackson-annotations\2.13.2\jackson-annotations-2.13.2.jar;C:\Users\user\.m2\repository\commons-codec\commons-codec\1.15\commons-codec-1.15.jar;C:\Users\user\.m2\repository\commons-io\commons-io\2.11.0\commons-io-2.11.0.jar;C:\Users\user\.m2\repository\org\seleniumhq\selenium\selenium-java\4.1.2\selenium-java-4.1.2.jar;C:\Users\user\.m2\repository\org\seleniumhq\selenium\selenium-devtools-v85\4.1.2\selenium-devtools-v85-4.1.2.jar;C:\Users\user\.m2\repository\org\seleniumhq\selenium\selenium-devtools-v95\4.1.2\selenium-devtools-v95-4.1.2.jar;C:\Users\user\.m2\repository\org\seleniumhq\selenium\selenium-devtools-v96\4.1.2\selenium-devtools-v96-4.1.2.jar;C:\Users\user\.m2\repository\org\seleniumhq\selenium\selenium-devtools-v97\4.1.2\selenium-devtools-v97-4.1.2.jar;C:\Users\user\.m2\repository\org\seleniumhq\selenium\selenium-firefox-xpi-driver\4.1.2\selenium-firefox-xpi-driver-4.1.2.jar;C:\Users\user\.m2\repository\org\seleniumhq\selenium\selenium-opera-driver\4.1.2\selenium-opera-driver-4.1.2.jar;C:\Users\user\.m2\repository\org\seleniumhq\selenium\selenium-remote-driver\4.1.2\selenium-remote-driver-4.1.2.jar;C:\Users\user\.m2\repository\com\beust\jcommander\1.82\jcommander-1.82.jar;C:\Users\user\.m2\repository\io\netty\netty-buffer\4.1.73.Final\netty-buffer-4.1.73.Final.jar;C:\Users\user\.m2\repository\io\netty\netty-codec-http\4.1.73.Final\netty-codec-http-4.1.73.Final.jar;C:\Users\user\.m2\repository\io\netty\netty-codec\4.1.73.Final\netty-codec-4.1.73.Final.jar;C:\Users\user\.m2\repository\io\netty\netty-handler\4.1.73.Final\netty-handler-4.1.73.Final.jar;C:\Users\user\.m2\repository\io\netty\netty-tcnative-classes\2.0.46.Final\netty-tcnative-classes-2.0.46.Final.jar;C:\Users\user\.m2\repository\io\netty\netty-common\4.1.73.Final\netty-common-4.1.73.Final.jar;C:\Users\user\.m2\repository\io\netty\netty-transport-classes-epoll\4.1.73.Final\netty-transport-classes-epoll-4.1.73.Final.jar;C:\Users\user\.m2\repository\io\netty\netty-transport-classes-kqueue\4.1.73.Final\netty-transport-classes-kqueue-4.1.73.Final.jar;C:\Users\user\.m2\repository\io\netty\netty-transport-native-epoll\4.1.73.Final\netty-transport-native-epoll-4.1.73.Final.jar;C:\Users\user\.m2\repository\io\netty\netty-transport-native-kqueue\4.1.73.Final\netty-transport-native-kqueue-4.1.73.Final.jar;C:\Users\user\.m2\repository\io\netty\netty-transport-native-unix-common\4.1.73.Final\netty-transport-native-unix-common-4.1.73.Final.jar;C:\Users\user\.m2\repository\io\netty\netty-transport\4.1.73.Final\netty-transport-4.1.73.Final.jar;C:\Users\user\.m2\repository\io\netty\netty-resolver\4.1.73.Final\netty-resolver-4.1.73.Final.jar;C:\Users\user\.m2\repository\io\opentelemetry\opentelemetry-api\1.10.1\opentelemetry-api-1.10.1.jar;C:\Users\user\.m2\repository\io\opentelemetry\opentelemetry-context\1.10.1\opentelemetry-context-1.10.1.jar;C:\Users\user\.m2\repository\io\opentelemetry\opentelemetry-exporter-logging\1.10.1\opentelemetry-exporter-logging-1.10.1.jar;C:\Users\user\.m2\repository\io\opentelemetry\opentelemetry-sdk-metrics\1.10.1-alpha\opentelemetry-sdk-metrics-1.10.1-alpha.jar;C:\Users\user\.m2\repository\io\opentelemetry\opentelemetry-sdk-logs\1.10.1-alpha\opentelemetry-sdk-logs-1.10.1-alpha.jar;C:\Users\user\.m2\repository\io\opentelemetry\opentelemetry-sdk-common\1.10.1\opentelemetry-sdk-common-1.10.1.jar;C:\Users\user\.m2\repository\io\opentelemetry\opentelemetry-sdk-extension-autoconfigure-spi\1.10.1\opentelemetry-sdk-extension-autoconfigure-spi-1.10.1.jar;C:\Users\user\.m2\repository\io\opentelemetry\opentelemetry-sdk-extension-autoconfigure\1.10.1-alpha\opentelemetry-sdk-extension-autoconfigure-1.10.1-alpha.jar;C:\Users\user\.m2\repository\io\opentelemetry\opentelemetry-sdk-trace\1.10.1\opentelemetry-sdk-trace-1.10.1.jar;C:\Users\user\.m2\repository\io\opentelemetry\opentelemetry-sdk\1.10.1\opentelemetry-sdk-1.10.1.jar;C:\Users\user\.m2\repository\io\opentelemetry\opentelemetry-semconv\1.10.1-alpha\opentelemetry-semconv-1.10.1-alpha.jar;C:\Users\user\.m2\repository\io\ous\jtoml\2.0.0\jtoml-2.0.0.jar;C:\Users\user\.m2\repository\org\apache\commons\commons-exec\1.3\commons-exec-1.3.jar;C:\Users\user\.m2\repository\org\asynchttpclient\async-http-client\2.12.3\async-http-client-2.12.3.jar;C:\Users\user\.m2\repository\org\asynchttpclient\async-http-client-netty-utils\2.12.3\async-http-client-netty-utils-2.12.3.jar;C:\Users\user\.m2\repository\io\netty\netty-codec-socks\4.1.60.Final\netty-codec-socks-4.1.60.Final.jar;C:\Users\user\.m2\repository\io\netty\netty-handler-proxy\4.1.60.Final\netty-handler-proxy-4.1.60.Final.jar;C:\Users\user\.m2\repository\io\netty\netty-transport-native-epoll\4.1.60.Final\netty-transport-native-epoll-4.1.60.Final-linux-x86_64.jar;C:\Users\user\.m2\repository\io\netty\netty-transport-native-kqueue\4.1.60.Final\netty-transport-native-kqueue-4.1.60.Final-osx-x86_64.jar;C:\Users\user\.m2\repository\org\reactivestreams\reactive-streams\1.0.3\reactive-streams-1.0.3.jar;C:\Users\user\.m2\repository\com\typesafe\netty\netty-reactive-streams\2.0.4\netty-reactive-streams-2.0.4.jar;C:\Users\user\.m2\repository\org\seleniumhq\selenium\selenium-http\4.1.2\selenium-http-4.1.2.jar;C:\Users\user\.m2\repository\net\jodah\failsafe\2.4.4\failsafe-2.4.4.jar;C:\Users\user\.m2\repository\org\seleniumhq\selenium\selenium-safari-driver\4.1.2\selenium-safari-driver-4.1.2.jar;C:\Users\user\.m2\repository\org\seleniumhq\selenium\selenium-api\4.1.2\selenium-api-4.1.2.jar;C:\Users\user\.m2\repository\org\seleniumhq\selenium\selenium-support\4.1.2\selenium-support-4.1.2.jar;C:\Users\user\.m2\repository\com\google\auto\service\auto-service-annotations\1.0.1\auto-service-annotations-1.0.1.jar;C:\Users\user\.m2\repository\com\google\auto\service\auto-service\1.0.1\auto-service-1.0.1.jar;C:\Users\user\.m2\repository\com\google\auto\auto-common\1.2\auto-common-1.2.jar;C:\Users\user\.m2\repository\org\seleniumhq\selenium\selenium-json\4.1.2\selenium-json-4.1.2.jar;C:\Users\user\.m2\repository\org\seleniumhq\selenium\selenium-chrome-driver\4.1.2\selenium-chrome-driver-4.1.2.jar;C:\Users\user\.m2\repository\org\seleniumhq\selenium\selenium-chromium-driver\4.1.2\selenium-chromium-driver-4.1.2.jar;C:\Users\user\.m2\repository\org\seleniumhq\selenium\selenium-firefox-driver\4.1.2\selenium-firefox-driver-4.1.2.jar;C:\Users\user\.m2\repository\org\seleniumhq\selenium\selenium-edge-driver\4.1.2\selenium-edge-driver-4.1.2.jar;C:\Users\user\.m2\repository\org\seleniumhq\selenium\selenium-ie-driver\4.1.2\selenium-ie-driver-4.1.2.jar;C:\Users\user\.m2\repository\org\projectlombok\lombok\1.18.20\lombok-1.18.20.jar;C:\Users\user\.m2\repository\io\appium\java-client\8.0.0\java-client-8.0.0.jar;C:\Users\user\.m2\repository\commons-validator\commons-validator\1.7\commons-validator-1.7.jar;C:\Users\user\.m2\repository\commons-digester\commons-digester\2.1\commons-digester-2.1.jar;C:\Users\user\.m2\repository\org\aspectj\aspectjweaver\1.9.8\aspectjweaver-1.9.8.jar;C:\Users\user\.m2\repository\org\codehaus\groovy\groovy\3.0.10\groovy-3.0.10.jar;C:\Users\user\.m2\repository\net\sf\opencsv\opencsv\2.0\opencsv-2.0.jar;C:\Users\user\.m2\repository\commons-beanutils\commons-beanutils\1.9.4\commons-beanutils-1.9.4.jar;C:\Users\user\.m2\repository\org\apache\commons\commons-lang3\3.12.0\commons-lang3-3.12.0.jar;C:\Users\user\.m2\repository\commons-collections\commons-collections\3.2.2\commons-collections-3.2.2.jar;C:\Users\user\.m2\repository\org\fluentlenium\fluentlenium-core\0.10.2\fluentlenium-core-0.10.2.jar;C:\Users\user\.m2\repository\io\github\bonigarcia\webdrivermanager\5.1.0\webdrivermanager-5.1.0.jar;C:\Users\user\.m2\repository\com\github\docker-java\docker-java\3.2.13\docker-java-3.2.13.jar;C:\Users\user\.m2\repository\com\github\docker-java\docker-java-core\3.2.13\docker-java-core-3.2.13.jar;C:\Users\user\.m2\repository\com\github\docker-java\docker-java-api\3.2.13\docker-java-api-3.2.13.jar;C:\Users\user\.m2\repository\org\apache\commons\commons-compress\1.21\commons-compress-1.21.jar;C:\Users\user\.m2\repository\org\bouncycastle\bcpkix-jdk15on\1.64\bcpkix-jdk15on-1.64.jar;C:\Users\user\.m2\repository\org\bouncycastle\bcprov-jdk15on\1.64\bcprov-jdk15on-1.64.jar;C:\Users\user\.m2\repository\org\slf4j\jcl-over-slf4j\1.7.30\jcl-over-slf4j-1.7.30.jar;C:\Users\user\.m2\repository\com\github\docker-java\docker-java-transport-httpclient5\3.2.13\docker-java-transport-httpclient5-3.2.13.jar;C:\Users\user\.m2\repository\com\github\docker-java\docker-java-transport\3.2.13\docker-java-transport-3.2.13.jar;C:\Users\user\.m2\repository\org\apache\httpcomponents\client5\httpclient5\5.0.3\httpclient5-5.0.3.jar;C:\Users\user\.m2\repository\org\apache\httpcomponents\core5\httpcore5\5.0.2\httpcore5-5.0.2.jar;C:\Users\user\.m2\repository\net\java\dev\jna\jna\5.8.0\jna-5.8.0.jar;C:\Users\user\.m2\repository\org\brotli\dec\0.1.2\dec-0.1.2.jar;C:\Users\user\.m2\repository\com\jhlabs\filters\2.0.235\filters-2.0.235.jar;C:\Users\user\.m2\repository\com\paulhammant\ngwebdriver\1.1.6\ngwebdriver-1.1.6.jar;C:\Users\user\.m2\repository\joda-time\joda-time\2.8.2\joda-time-2.8.2.jar;C:\Users\user\.m2\repository\org\hamcrest\hamcrest\2.2\hamcrest-2.2.jar;C:\Users\user\.m2\repository\com\google\jimfs\jimfs\1.2\jimfs-1.2.jar;C:\Users\user\.m2\repository\org\mockito\mockito-core\3.3.3\mockito-core-3.3.3.jar;C:\Users\user\.m2\repository\javax\xml\bind\jaxb-api\2.3.1\jaxb-api-2.3.1.jar;C:\Users\user\.m2\repository\javax\activation\javax.activation-api\1.2.0\javax.activation-api-1.2.0.jar;C:\Users\user\.m2\repository\com\sun\xml\bind\jaxb-core\2.3.0.1\jaxb-core-2.3.0.1.jar;C:\Users\user\.m2\repository\com\sun\xml\bind\jaxb-impl\2.3.3\jaxb-impl-2.3.3.jar;C:\Users\user\.m2\repository\jakarta\xml\bind\jakarta.xml.bind-api\2.3.3\jakarta.xml.bind-api-2.3.3.jar;C:\Users\user\.m2\repository\com\sun\activation\jakarta.activation\1.2.2\jakarta.activation-1.2.2.jar;C:\Users\user\.m2\repository\javax\activation\activation\1.1.1\activation-1.1.1.jar;C:\Users\user\.m2\repository\net\serenity-bdd\serenity-cucumber\3.2.1\serenity-cucumber-3.2.1.jar;C:\Users\user\.m2\repository\io\cucumber\cucumber-core\7.2.3\cucumber-core-7.2.3.jar;C:\Users\user\.m2\repository\io\cucumber\cucumber-gherkin\7.2.3\cucumber-gherkin-7.2.3.jar;C:\Users\user\.m2\repository\io\cucumber\cucumber-gherkin-messages\7.2.3\cucumber-gherkin-messages-7.2.3.jar;C:\Users\user\.m2\repository\io\cucumber\messages\17.1.1\messages-17.1.1.jar;C:\Users\user\.m2\repository\io\cucumber\tag-expressions\4.1.0\tag-expressions-4.1.0.jar;C:\Users\user\.m2\repository\io\cucumber\cucumber-expressions\15.0.1\cucumber-expressions-15.0.1.jar;C:\Users\user\.m2\repository\io\cucumber\datatable\7.2.3\datatable-7.2.3.jar;C:\Users\user\.m2\repository\io\cucumber\cucumber-plugin\7.2.3\cucumber-plugin-7.2.3.jar;C:\Users\user\.m2\repository\io\cucumber\docstring\7.2.3\docstring-7.2.3.jar;C:\Users\user\.m2\repository\io\cucumber\html-formatter\17.0.0\html-formatter-17.0.0.jar;C:\Users\user\.m2\repository\io\cucumber\ci-environment\8.1.0\ci-environment-8.1.0.jar;C:\Users\user\.m2\repository\io\cucumber\cucumber-junit\7.2.3\cucumber-junit-7.2.3.jar;C:\Users\user\.m2\repository\org\apache\commons\commons-csv\1.5\commons-csv-1.5.jar;C:\Users\user\.m2\repository\net\serenity-bdd\serenity-screenplay\3.2.1\serenity-screenplay-3.2.1.jar;C:\Users\user\.m2\repository\net\serenity-bdd\serenity-screenplay-webdriver\3.2.1\serenity-screenplay-webdriver-3.2.1.jar;C:\Users\user\.m2\repository\net\serenity-bdd\serenity-ensure\3.2.1\serenity-ensure-3.2.1.jar;C:\Users\user\.m2\repository\net\serenity-bdd\serenity-junit\3.2.1\serenity-junit-3.2.1.jar;C:\Users\user\.m2\repository\org\jetbrains\kotlin\kotlin-stdlib\1.6.0\kotlin-stdlib-1.6.0.jar;C:\Users\user\.m2\repository\org\jetbrains\annotations\13.0\annotations-13.0.jar;C:\Users\user\.m2\repository\org\jetbrains\kotlin\kotlin-stdlib-common\1.6.0\kotlin-stdlib-common-1.6.0.jar;C:\Users\user\.m2\repository\org\junit\platform\junit-platform-launcher\1.8.1\junit-platform-launcher-1.8.1.jar;C:\Users\user\.m2\repository\org\junit\platform\junit-platform-engine\1.8.1\junit-platform-engine-1.8.1.jar;C:\Users\user\.m2\repository\org\opentest4j\opentest4j\1.2.0\opentest4j-1.2.0.jar;C:\Users\user\.m2\repository\org\junit\platform\junit-platform-commons\1.8.1\junit-platform-commons-1.8.1.jar;C:\Users\user\.m2\repository\org\apiguardian\apiguardian-api\1.1.2\apiguardian-api-1.1.2.jar;C:\Users\user\.m2\repository\org\junit\jupiter\junit-jupiter-engine\5.8.2\junit-jupiter-engine-5.8.2.jar;C:\Users\user\.m2\repository\org\junit\jupiter\junit-jupiter-api\5.8.2\junit-jupiter-api-5.8.2.jar;C:\Users\user\.m2\repository\org\junit\vintage\junit-vintage-engine\5.8.2\junit-vintage-engine-5.8.2.jar;C:\Users\user\.m2\repository\junit\junit\4.13.2\junit-4.13.2.jar;C:\Users\user\.m2\repository\org\hamcrest\hamcrest-core\1.3\hamcrest-core-1.3.jar;C:\Users\user\.m2\repository\ch\qos\logback\logback-classic\1.2.10\logback-classic-1.2.10.jar;C:\Users\user\.m2\repository\ch\qos\logback\logback-core\1.2.10\logback-core-1.2.10.jar;C:\Users\user\.m2\repository\org\slf4j\slf4j-api\1.7.32\slf4j-api-1.7.32.jar;C:\Users\user\.m2\repository\org\assertj\assertj-core\3.6.2\assertj-core-3.6.2.jar;"/>
    <property name="sun.cpu.endian" value="little"/>
    <property name="user.home" value="C:\Users\user"/>
    <property name="user.language" value="en"/>
    <property name="java.specification.vendor" value="Oracle Corporation"/>
    <property name="jdk.module.path" value="D:\TIC\Kampus Merdeka\MSIB\Studi Independen\Alterra\MiniProject\MiniProjWeb\target\MiniProjWeb-1.0-SNAPSHOT.jar"/>
    <property name="java.version.date" value="2022-07-19"/>
    <property name="java.home" value="C:\Program Files\Java\jdk-11.0.16"/>
    <property name="file.separator" value="\"/>
    <property name="basedir" value="D:\TIC\Kampus Merdeka\MSIB\Studi Independen\Alterra\MiniProject\MiniProjWeb"/>
    <property name="java.vm.compressedOopsMode" value="32-bit"/>
    <property name="line.separator" value="&#10;"/>
    <property name="java.specification.name" value="Java Platform API Specification"/>
    <property name="java.vm.specification.vendor" value="Oracle Corporation"/>
    <property name="java.awt.graphicsenv" value="sun.awt.Win32GraphicsEnvironment"/>
    <property name="surefire.real.class.path" value="C:\Users\user\.m2\repository\org\apache\maven\surefire\surefire-booter\3.0.0-M5\surefire-booter-3.0.0-M5.jar;C:\Users\user\.m2\repository\org\apache\maven\surefire\surefire-api\3.0.0-M5\surefire-api-3.0.0-M5.jar;C:\Users\user\.m2\repository\org\apache\maven\surefire\surefire-logger-api\3.0.0-M5\surefire-logger-api-3.0.0-M5.jar;C:\Users\user\.m2\repository\org\apache\maven\surefire\surefire-shared-utils\3.0.0-M4\surefire-shared-utils-3.0.0-M4.jar;C:\Users\user\.m2\repository\org\apache\maven\surefire\surefire-extensions-spi\3.0.0-M5\surefire-extensions-spi-3.0.0-M5.jar;D:\TIC\Kampus Merdeka\MSIB\Studi Independen\Alterra\MiniProject\MiniProjWeb\target\test-classes;C:\Users\user\.m2\repository\net\serenity-bdd\serenity-core\3.2.1\serenity-core-3.2.1.jar;C:\Users\user\.m2\repository\net\serenity-bdd\serenity-model\3.2.1\serenity-model-3.2.1.jar;C:\Users\user\.m2\repository\org\apache\commons\commons-text\1.9\commons-text-1.9.jar;C:\Users\user\.m2\repository\commons-net\commons-net\3.8.0\commons-net-3.8.0.jar;C:\Users\user\.m2\repository\com\google\guava\guava\31.1-jre\guava-31.1-jre.jar;C:\Users\user\.m2\repository\com\google\guava\failureaccess\1.0.1\failureaccess-1.0.1.jar;C:\Users\user\.m2\repository\com\google\guava\listenablefuture\9999.0-empty-to-avoid-conflict-with-guava\listenablefuture-9999.0-empty-to-avoid-conflict-with-guava.jar;C:\Users\user\.m2\repository\com\google\code\findbugs\jsr305\3.0.2\jsr305-3.0.2.jar;C:\Users\user\.m2\repository\org\checkerframework\checker-qual\3.12.0\checker-qual-3.12.0.jar;C:\Users\user\.m2\repository\com\google\errorprone\error_prone_annotations\2.11.0\error_prone_annotations-2.11.0.jar;C:\Users\user\.m2\repository\com\google\j2objc\j2objc-annotations\1.3\j2objc-annotations-1.3.jar;C:\Users\user\.m2\repository\com\google\inject\guice\5.1.0\guice-5.1.0.jar;C:\Users\user\.m2\repository\javax\inject\javax.inject\1\javax.inject-1.jar;C:\Users\user\.m2\repository\aopalliance\aopalliance\1.0\aopalliance-1.0.jar;C:\Users\user\.m2\repository\org\jsoup\jsoup\1.14.3\jsoup-1.14.3.jar;C:\Users\user\.m2\repository\com\thoughtworks\xstream\xstream\1.4.19\xstream-1.4.19.jar;C:\Users\user\.m2\repository\io\github\x-stream\mxparser\1.2.2\mxparser-1.2.2.jar;C:\Users\user\.m2\repository\xmlpull\xmlpull\1.1.3.1\xmlpull-1.1.3.1.jar;C:\Users\user\.m2\repository\io\cucumber\cucumber-java\7.2.3\cucumber-java-7.2.3.jar;C:\Users\user\.m2\repository\com\typesafe\config\1.4.2\config-1.4.2.jar;C:\Users\user\.m2\repository\org\imgscalr\imgscalr-lib\4.2\imgscalr-lib-4.2.jar;C:\Users\user\.m2\repository\org\awaitility\awaitility\4.2.0\awaitility-4.2.0.jar;C:\Users\user\.m2\repository\org\freemarker\freemarker\2.3.31\freemarker-2.3.31.jar;C:\Users\user\.m2\repository\io\github\classgraph\classgraph\4.8.138\classgraph-4.8.138.jar;C:\Users\user\.m2\repository\net\sourceforge\jexcelapi\jxl\2.6.12\jxl-2.6.12.jar;C:\Users\user\.m2\repository\net\bytebuddy\byte-buddy\1.12.8\byte-buddy-1.12.8.jar;C:\Users\user\.m2\repository\net\bytebuddy\byte-buddy-agent\1.12.8\byte-buddy-agent-1.12.8.jar;C:\Users\user\.m2\repository\org\objenesis\objenesis\3.1\objenesis-3.1.jar;C:\Users\user\.m2\repository\net\serenity-bdd\serenity-reports\3.2.1\serenity-reports-3.2.1.jar;C:\Users\user\.m2\repository\net\serenity-bdd\serenity-stats\3.2.1\serenity-stats-3.2.1.jar;C:\Users\user\.m2\repository\net\serenity-bdd\serenity-reports-configuration\3.2.1\serenity-reports-configuration-3.2.1.jar;C:\Users\user\.m2\repository\com\vladsch\flexmark\flexmark-all\0.34.30\flexmark-all-0.34.30.jar;C:\Users\user\.m2\repository\com\vladsch\flexmark\flexmark\0.34.30\flexmark-0.34.30.jar;C:\Users\user\.m2\repository\com\vladsch\flexmark\flexmark-ext-abbreviation\0.34.30\flexmark-ext-abbreviation-0.34.30.jar;C:\Users\user\.m2\repository\com\vladsch\flexmark\flexmark-ext-admonition\0.34.30\flexmark-ext-admonition-0.34.30.jar;C:\Users\user\.m2\repository\com\vladsch\flexmark\flexmark-ext-anchorlink\0.34.30\flexmark-ext-anchorlink-0.34.30.jar;C:\Users\user\.m2\repository\com\vladsch\flexmark\flexmark-ext-aside\0.34.30\flexmark-ext-aside-0.34.30.jar;C:\Users\user\.m2\repository\com\vladsch\flexmark\flexmark-ext-attributes\0.34.30\flexmark-ext-attributes-0.34.30.jar;C:\Users\user\.m2\repository\com\vladsch\flexmark\flexmark-ext-autolink\0.34.30\flexmark-ext-autolink-0.34.30.jar;C:\Users\user\.m2\repository\org\nibor\autolink\autolink\0.6.0\autolink-0.6.0.jar;C:\Users\user\.m2\repository\com\vladsch\flexmark\flexmark-ext-definition\0.34.30\flexmark-ext-definition-0.34.30.jar;C:\Users\user\.m2\repository\com\vladsch\flexmark\flexmark-ext-emoji\0.34.30\flexmark-ext-emoji-0.34.30.jar;C:\Users\user\.m2\repository\com\vladsch\flexmark\flexmark-ext-enumerated-reference\0.34.30\flexmark-ext-enumerated-reference-0.34.30.jar;C:\Users\user\.m2\repository\com\vladsch\flexmark\flexmark-ext-escaped-character\0.34.30\flexmark-ext-escaped-character-0.34.30.jar;C:\Users\user\.m2\repository\com\vladsch\flexmark\flexmark-ext-footnotes\0.34.30\flexmark-ext-footnotes-0.34.30.jar;C:\Users\user\.m2\repository\com\vladsch\flexmark\flexmark-ext-gfm-issues\0.34.30\flexmark-ext-gfm-issues-0.34.30.jar;C:\Users\user\.m2\repository\com\vladsch\flexmark\flexmark-ext-gfm-strikethrough\0.34.30\flexmark-ext-gfm-strikethrough-0.34.30.jar;C:\Users\user\.m2\repository\com\vladsch\flexmark\flexmark-ext-gfm-tables\0.34.30\flexmark-ext-gfm-tables-0.34.30.jar;C:\Users\user\.m2\repository\com\vladsch\flexmark\flexmark-ext-gfm-tasklist\0.34.30\flexmark-ext-gfm-tasklist-0.34.30.jar;C:\Users\user\.m2\repository\com\vladsch\flexmark\flexmark-ext-gfm-users\0.34.30\flexmark-ext-gfm-users-0.34.30.jar;C:\Users\user\.m2\repository\com\vladsch\flexmark\flexmark-ext-gitlab\0.34.30\flexmark-ext-gitlab-0.34.30.jar;C:\Users\user\.m2\repository\com\vladsch\flexmark\flexmark-ext-jekyll-front-matter\0.34.30\flexmark-ext-jekyll-front-matter-0.34.30.jar;C:\Users\user\.m2\repository\com\vladsch\flexmark\flexmark-ext-jekyll-tag\0.34.30\flexmark-ext-jekyll-tag-0.34.30.jar;C:\Users\user\.m2\repository\com\vladsch\flexmark\flexmark-ext-media-tags\0.34.30\flexmark-ext-media-tags-0.34.30.jar;C:\Users\user\.m2\repository\com\vladsch\flexmark\flexmark-test-util\0.34.30\flexmark-test-util-0.34.30.jar;C:\Users\user\.m2\repository\com\vladsch\flexmark\flexmark-ext-ins\0.34.30\flexmark-ext-ins-0.34.30.jar;C:\Users\user\.m2\repository\com\vladsch\flexmark\flexmark-ext-xwiki-macros\0.34.30\flexmark-ext-xwiki-macros-0.34.30.jar;C:\Users\user\.m2\repository\com\vladsch\flexmark\flexmark-ext-superscript\0.34.30\flexmark-ext-superscript-0.34.30.jar;C:\Users\user\.m2\repository\com\vladsch\flexmark\flexmark-ext-tables\0.34.30\flexmark-ext-tables-0.34.30.jar;C:\Users\user\.m2\repository\com\vladsch\flexmark\flexmark-ext-toc\0.34.30\flexmark-ext-toc-0.34.30.jar;C:\Users\user\.m2\repository\com\vladsch\flexmark\flexmark-ext-typographic\0.34.30\flexmark-ext-typographic-0.34.30.jar;C:\Users\user\.m2\repository\com\vladsch\flexmark\flexmark-ext-wikilink\0.34.30\flexmark-ext-wikilink-0.34.30.jar;C:\Users\user\.m2\repository\com\vladsch\flexmark\flexmark-ext-yaml-front-matter\0.34.30\flexmark-ext-yaml-front-matter-0.34.30.jar;C:\Users\user\.m2\repository\com\vladsch\flexmark\flexmark-ext-youtube-embedded\0.34.30\flexmark-ext-youtube-embedded-0.34.30.jar;C:\Users\user\.m2\repository\com\vladsch\flexmark\flexmark-formatter\0.34.30\flexmark-formatter-0.34.30.jar;C:\Users\user\.m2\repository\com\vladsch\flexmark\flexmark-html-parser\0.34.30\flexmark-html-parser-0.34.30.jar;C:\Users\user\.m2\repository\com\vladsch\flexmark\flexmark-jira-converter\0.34.30\flexmark-jira-converter-0.34.30.jar;C:\Users\user\.m2\repository\com\vladsch\flexmark\flexmark-pdf-converter\0.34.30\flexmark-pdf-converter-0.34.30.jar;C:\Users\user\.m2\repository\com\openhtmltopdf\openhtmltopdf-core\0.0.1-RC13\openhtmltopdf-core-0.0.1-RC13.jar;C:\Users\user\.m2\repository\com\openhtmltopdf\openhtmltopdf-pdfbox\0.0.1-RC13\openhtmltopdf-pdfbox-0.0.1-RC13.jar;C:\Users\user\.m2\repository\org\apache\pdfbox\pdfbox\2.0.8\pdfbox-2.0.8.jar;C:\Users\user\.m2\repository\org\apache\pdfbox\fontbox\2.0.8\fontbox-2.0.8.jar;C:\Users\user\.m2\repository\commons-logging\commons-logging\1.2\commons-logging-1.2.jar;C:\Users\user\.m2\repository\org\apache\pdfbox\xmpbox\2.0.8\xmpbox-2.0.8.jar;C:\Users\user\.m2\repository\de\rototor\pdfbox\graphics2d\0.12\graphics2d-0.12.jar;C:\Users\user\.m2\repository\com\openhtmltopdf\openhtmltopdf-rtl-support\0.0.1-RC13\openhtmltopdf-rtl-support-0.0.1-RC13.jar;C:\Users\user\.m2\repository\com\ibm\icu\icu4j\59.1\icu4j-59.1.jar;C:\Users\user\.m2\repository\com\openhtmltopdf\openhtmltopdf-jsoup-dom-converter\0.0.1-RC13\openhtmltopdf-jsoup-dom-converter-0.0.1-RC13.jar;C:\Users\user\.m2\repository\com\vladsch\flexmark\flexmark-profile-pegdown\0.34.30\flexmark-profile-pegdown-0.34.30.jar;C:\Users\user\.m2\repository\com\vladsch\flexmark\flexmark-util\0.34.30\flexmark-util-0.34.30.jar;C:\Users\user\.m2\repository\com\vladsch\flexmark\flexmark-youtrack-converter\0.34.30\flexmark-youtrack-converter-0.34.30.jar;C:\Users\user\.m2\repository\es\nitaur\markdown\txtmark\0.16\txtmark-0.16.jar;C:\Users\user\.m2\repository\net\serenity-bdd\serenity-report-resources\3.2.1\serenity-report-resources-3.2.1.jar;C:\Users\user\.m2\repository\com\google\code\gson\gson\2.9.0\gson-2.9.0.jar;C:\Users\user\.m2\repository\com\fasterxml\jackson\core\jackson-core\2.13.2\jackson-core-2.13.2.jar;C:\Users\user\.m2\repository\com\fasterxml\jackson\core\jackson-databind\2.13.2\jackson-databind-2.13.2.jar;C:\Users\user\.m2\repository\com\fasterxml\jackson\core\jackson-annotations\2.13.2\jackson-annotations-2.13.2.jar;C:\Users\user\.m2\repository\commons-codec\commons-codec\1.15\commons-codec-1.15.jar;C:\Users\user\.m2\repository\commons-io\commons-io\2.11.0\commons-io-2.11.0.jar;C:\Users\user\.m2\repository\org\seleniumhq\selenium\selenium-java\4.1.2\selenium-java-4.1.2.jar;C:\Users\user\.m2\repository\org\seleniumhq\selenium\selenium-devtools-v85\4.1.2\selenium-devtools-v85-4.1.2.jar;C:\Users\user\.m2\repository\org\seleniumhq\selenium\selenium-devtools-v95\4.1.2\selenium-devtools-v95-4.1.2.jar;C:\Users\user\.m2\repository\org\seleniumhq\selenium\selenium-devtools-v96\4.1.2\selenium-devtools-v96-4.1.2.jar;C:\Users\user\.m2\repository\org\seleniumhq\selenium\selenium-devtools-v97\4.1.2\selenium-devtools-v97-4.1.2.jar;C:\Users\user\.m2\repository\org\seleniumhq\selenium\selenium-firefox-xpi-driver\4.1.2\selenium-firefox-xpi-driver-4.1.2.jar;C:\Users\user\.m2\repository\org\seleniumhq\selenium\selenium-opera-driver\4.1.2\selenium-opera-driver-4.1.2.jar;C:\Users\user\.m2\repository\org\seleniumhq\selenium\selenium-remote-driver\4.1.2\selenium-remote-driver-4.1.2.jar;C:\Users\user\.m2\repository\com\beust\jcommander\1.82\jcommander-1.82.jar;C:\Users\user\.m2\repository\io\netty\netty-buffer\4.1.73.Final\netty-buffer-4.1.73.Final.jar;C:\Users\user\.m2\repository\io\netty\netty-codec-http\4.1.73.Final\netty-codec-http-4.1.73.Final.jar;C:\Users\user\.m2\repository\io\netty\netty-codec\4.1.73.Final\netty-codec-4.1.73.Final.jar;C:\Users\user\.m2\repository\io\netty\netty-handler\4.1.73.Final\netty-handler-4.1.73.Final.jar;C:\Users\user\.m2\repository\io\netty\netty-tcnative-classes\2.0.46.Final\netty-tcnative-classes-2.0.46.Final.jar;C:\Users\user\.m2\repository\io\netty\netty-common\4.1.73.Final\netty-common-4.1.73.Final.jar;C:\Users\user\.m2\repository\io\netty\netty-transport-classes-epoll\4.1.73.Final\netty-transport-classes-epoll-4.1.73.Final.jar;C:\Users\user\.m2\repository\io\netty\netty-transport-classes-kqueue\4.1.73.Final\netty-transport-classes-kqueue-4.1.73.Final.jar;C:\Users\user\.m2\repository\io\netty\netty-transport-native-epoll\4.1.73.Final\netty-transport-native-epoll-4.1.73.Final.jar;C:\Users\user\.m2\repository\io\netty\netty-transport-native-kqueue\4.1.73.Final\netty-transport-native-kqueue-4.1.73.Final.jar;C:\Users\user\.m2\repository\io\netty\netty-transport-native-unix-common\4.1.73.Final\netty-transport-native-unix-common-4.1.73.Final.jar;C:\Users\user\.m2\repository\io\netty\netty-transport\4.1.73.Final\netty-transport-4.1.73.Final.jar;C:\Users\user\.m2\repository\io\netty\netty-resolver\4.1.73.Final\netty-resolver-4.1.73.Final.jar;C:\Users\user\.m2\repository\io\opentelemetry\opentelemetry-api\1.10.1\opentelemetry-api-1.10.1.jar;C:\Users\user\.m2\repository\io\opentelemetry\opentelemetry-context\1.10.1\opentelemetry-context-1.10.1.jar;C:\Users\user\.m2\repository\io\opentelemetry\opentelemetry-exporter-logging\1.10.1\opentelemetry-exporter-logging-1.10.1.jar;C:\Users\user\.m2\repository\io\opentelemetry\opentelemetry-sdk-metrics\1.10.1-alpha\opentelemetry-sdk-metrics-1.10.1-alpha.jar;C:\Users\user\.m2\repository\io\opentelemetry\opentelemetry-sdk-logs\1.10.1-alpha\opentelemetry-sdk-logs-1.10.1-alpha.jar;C:\Users\user\.m2\repository\io\opentelemetry\opentelemetry-sdk-common\1.10.1\opentelemetry-sdk-common-1.10.1.jar;C:\Users\user\.m2\repository\io\opentelemetry\opentelemetry-sdk-extension-autoconfigure-spi\1.10.1\opentelemetry-sdk-extension-autoconfigure-spi-1.10.1.jar;C:\Users\user\.m2\repository\io\opentelemetry\opentelemetry-sdk-extension-autoconfigure\1.10.1-alpha\opentelemetry-sdk-extension-autoconfigure-1.10.1-alpha.jar;C:\Users\user\.m2\repository\io\opentelemetry\opentelemetry-sdk-trace\1.10.1\opentelemetry-sdk-trace-1.10.1.jar;C:\Users\user\.m2\repository\io\opentelemetry\opentelemetry-sdk\1.10.1\opentelemetry-sdk-1.10.1.jar;C:\Users\user\.m2\repository\io\opentelemetry\opentelemetry-semconv\1.10.1-alpha\opentelemetry-semconv-1.10.1-alpha.jar;C:\Users\user\.m2\repository\io\ous\jtoml\2.0.0\jtoml-2.0.0.jar;C:\Users\user\.m2\repository\org\apache\commons\commons-exec\1.3\commons-exec-1.3.jar;C:\Users\user\.m2\repository\org\asynchttpclient\async-http-client\2.12.3\async-http-client-2.12.3.jar;C:\Users\user\.m2\repository\org\asynchttpclient\async-http-client-netty-utils\2.12.3\async-http-client-netty-utils-2.12.3.jar;C:\Users\user\.m2\repository\io\netty\netty-codec-socks\4.1.60.Final\netty-codec-socks-4.1.60.Final.jar;C:\Users\user\.m2\repository\io\netty\netty-handler-proxy\4.1.60.Final\netty-handler-proxy-4.1.60.Final.jar;C:\Users\user\.m2\repository\io\netty\netty-transport-native-epoll\4.1.60.Final\netty-transport-native-epoll-4.1.60.Final-linux-x86_64.jar;C:\Users\user\.m2\repository\io\netty\netty-transport-native-kqueue\4.1.60.Final\netty-transport-native-kqueue-4.1.60.Final-osx-x86_64.jar;C:\Users\user\.m2\repository\org\reactivestreams\reactive-streams\1.0.3\reactive-streams-1.0.3.jar;C:\Users\user\.m2\repository\com\typesafe\netty\netty-reactive-streams\2.0.4\netty-reactive-streams-2.0.4.jar;C:\Users\user\.m2\repository\org\seleniumhq\selenium\selenium-http\4.1.2\selenium-http-4.1.2.jar;C:\Users\user\.m2\repository\net\jodah\failsafe\2.4.4\failsafe-2.4.4.jar;C:\Users\user\.m2\repository\org\seleniumhq\selenium\selenium-safari-driver\4.1.2\selenium-safari-driver-4.1.2.jar;C:\Users\user\.m2\repository\org\seleniumhq\selenium\selenium-api\4.1.2\selenium-api-4.1.2.jar;C:\Users\user\.m2\repository\org\seleniumhq\selenium\selenium-support\4.1.2\selenium-support-4.1.2.jar;C:\Users\user\.m2\repository\com\google\auto\service\auto-service-annotations\1.0.1\auto-service-annotations-1.0.1.jar;C:\Users\user\.m2\repository\com\google\auto\service\auto-service\1.0.1\auto-service-1.0.1.jar;C:\Users\user\.m2\repository\com\google\auto\auto-common\1.2\auto-common-1.2.jar;C:\Users\user\.m2\repository\org\seleniumhq\selenium\selenium-json\4.1.2\selenium-json-4.1.2.jar;C:\Users\user\.m2\repository\org\seleniumhq\selenium\selenium-chrome-driver\4.1.2\selenium-chrome-driver-4.1.2.jar;C:\Users\user\.m2\repository\org\seleniumhq\selenium\selenium-chromium-driver\4.1.2\selenium-chromium-driver-4.1.2.jar;C:\Users\user\.m2\repository\org\seleniumhq\selenium\selenium-firefox-driver\4.1.2\selenium-firefox-driver-4.1.2.jar;C:\Users\user\.m2\repository\org\seleniumhq\selenium\selenium-edge-driver\4.1.2\selenium-edge-driver-4.1.2.jar;C:\Users\user\.m2\repository\org\seleniumhq\selenium\selenium-ie-driver\4.1.2\selenium-ie-driver-4.1.2.jar;C:\Users\user\.m2\repository\org\projectlombok\lombok\1.18.20\lombok-1.18.20.jar;C:\Users\user\.m2\repository\io\appium\java-client\8.0.0\java-client-8.0.0.jar;C:\Users\user\.m2\repository\commons-validator\commons-validator\1.7\commons-validator-1.7.jar;C:\Users\user\.m2\repository\commons-digester\commons-digester\2.1\commons-digester-2.1.jar;C:\Users\user\.m2\repository\org\aspectj\aspectjweaver\1.9.8\aspectjweaver-1.9.8.jar;C:\Users\user\.m2\repository\org\codehaus\groovy\groovy\3.0.10\groovy-3.0.10.jar;C:\Users\user\.m2\repository\net\sf\opencsv\opencsv\2.0\opencsv-2.0.jar;C:\Users\user\.m2\repository\commons-beanutils\commons-beanutils\1.9.4\commons-beanutils-1.9.4.jar;C:\Users\user\.m2\repository\org\apache\commons\commons-lang3\3.12.0\commons-lang3-3.12.0.jar;C:\Users\user\.m2\repository\commons-collections\commons-collections\3.2.2\commons-collections-3.2.2.jar;C:\Users\user\.m2\repository\org\fluentlenium\fluentlenium-core\0.10.2\fluentlenium-core-0.10.2.jar;C:\Users\user\.m2\repository\io\github\bonigarcia\webdrivermanager\5.1.0\webdrivermanager-5.1.0.jar;C:\Users\user\.m2\repository\com\github\docker-java\docker-java\3.2.13\docker-java-3.2.13.jar;C:\Users\user\.m2\repository\com\github\docker-java\docker-java-core\3.2.13\docker-java-core-3.2.13.jar;C:\Users\user\.m2\repository\com\github\docker-java\docker-java-api\3.2.13\docker-java-api-3.2.13.jar;C:\Users\user\.m2\repository\org\apache\commons\commons-compress\1.21\commons-compress-1.21.jar;C:\Users\user\.m2\repository\org\bouncycastle\bcpkix-jdk15on\1.64\bcpkix-jdk15on-1.64.jar;C:\Users\user\.m2\repository\org\bouncycastle\bcprov-jdk15on\1.64\bcprov-jdk15on-1.64.jar;C:\Users\user\.m2\repository\org\slf4j\jcl-over-slf4j\1.7.30\jcl-over-slf4j-1.7.30.jar;C:\Users\user\.m2\repository\com\github\docker-java\docker-java-transport-httpclient5\3.2.13\docker-java-transport-httpclient5-3.2.13.jar;C:\Users\user\.m2\repository\com\github\docker-java\docker-java-transport\3.2.13\docker-java-transport-3.2.13.jar;C:\Users\user\.m2\repository\org\apache\httpcomponents\client5\httpclient5\5.0.3\httpclient5-5.0.3.jar;C:\Users\user\.m2\repository\org\apache\httpcomponents\core5\httpcore5\5.0.2\httpcore5-5.0.2.jar;C:\Users\user\.m2\repository\net\java\dev\jna\jna\5.8.0\jna-5.8.0.jar;C:\Users\user\.m2\repository\org\brotli\dec\0.1.2\dec-0.1.2.jar;C:\Users\user\.m2\repository\com\jhlabs\filters\2.0.235\filters-2.0.235.jar;C:\Users\user\.m2\repository\com\paulhammant\ngwebdriver\1.1.6\ngwebdriver-1.1.6.jar;C:\Users\user\.m2\repository\joda-time\joda-time\2.8.2\joda-time-2.8.2.jar;C:\Users\user\.m2\repository\org\hamcrest\hamcrest\2.2\hamcrest-2.2.jar;C:\Users\user\.m2\repository\com\google\jimfs\jimfs\1.2\jimfs-1.2.jar;C:\Users\user\.m2\repository\org\mockito\mockito-core\3.3.3\mockito-core-3.3.3.jar;C:\Users\user\.m2\repository\javax\xml\bind\jaxb-api\2.3.1\jaxb-api-2.3.1.jar;C:\Users\user\.m2\repository\javax\activation\javax.activation-api\1.2.0\javax.activation-api-1.2.0.jar;C:\Users\user\.m2\repository\com\sun\xml\bind\jaxb-core\2.3.0.1\jaxb-core-2.3.0.1.jar;C:\Users\user\.m2\repository\com\sun\xml\bind\jaxb-impl\2.3.3\jaxb-impl-2.3.3.jar;C:\Users\user\.m2\repository\jakarta\xml\bind\jakarta.xml.bind-api\2.3.3\jakarta.xml.bind-api-2.3.3.jar;C:\Users\user\.m2\repository\com\sun\activation\jakarta.activation\1.2.2\jakarta.activation-1.2.2.jar;C:\Users\user\.m2\repository\javax\activation\activation\1.1.1\activation-1.1.1.jar;C:\Users\user\.m2\repository\net\serenity-bdd\serenity-cucumber\3.2.1\serenity-cucumber-3.2.1.jar;C:\Users\user\.m2\repository\io\cucumber\cucumber-core\7.2.3\cucumber-core-7.2.3.jar;C:\Users\user\.m2\repository\io\cucumber\cucumber-gherkin\7.2.3\cucumber-gherkin-7.2.3.jar;C:\Users\user\.m2\repository\io\cucumber\cucumber-gherkin-messages\7.2.3\cucumber-gherkin-messages-7.2.3.jar;C:\Users\user\.m2\repository\io\cucumber\messages\17.1.1\messages-17.1.1.jar;C:\Users\user\.m2\repository\io\cucumber\tag-expressions\4.1.0\tag-expressions-4.1.0.jar;C:\Users\user\.m2\repository\io\cucumber\cucumber-expressions\15.0.1\cucumber-expressions-15.0.1.jar;C:\Users\user\.m2\repository\io\cucumber\datatable\7.2.3\datatable-7.2.3.jar;C:\Users\user\.m2\repository\io\cucumber\cucumber-plugin\7.2.3\cucumber-plugin-7.2.3.jar;C:\Users\user\.m2\repository\io\cucumber\docstring\7.2.3\docstring-7.2.3.jar;C:\Users\user\.m2\repository\io\cucumber\html-formatter\17.0.0\html-formatter-17.0.0.jar;C:\Users\user\.m2\repository\io\cucumber\ci-environment\8.1.0\ci-environment-8.1.0.jar;C:\Users\user\.m2\repository\io\cucumber\cucumber-junit\7.2.3\cucumber-junit-7.2.3.jar;C:\Users\user\.m2\repository\org\apache\commons\commons-csv\1.5\commons-csv-1.5.jar;C:\Users\user\.m2\repository\net\serenity-bdd\serenity-screenplay\3.2.1\serenity-screenplay-3.2.1.jar;C:\Users\user\.m2\repository\net\serenity-bdd\serenity-screenplay-webdriver\3.2.1\serenity-screenplay-webdriver-3.2.1.jar;C:\Users\user\.m2\repository\net\serenity-bdd\serenity-ensure\3.2.1\serenity-ensure-3.2.1.jar;C:\Users\user\.m2\repository\net\serenity-bdd\serenity-junit\3.2.1\serenity-junit-3.2.1.jar;C:\Users\user\.m2\repository\org\jetbrains\kotlin\kotlin-stdlib\1.6.0\kotlin-stdlib-1.6.0.jar;C:\Users\user\.m2\repository\org\jetbrains\annotations\13.0\annotations-13.0.jar;C:\Users\user\.m2\repository\org\jetbrains\kotlin\kotlin-stdlib-common\1.6.0\kotlin-stdlib-common-1.6.0.jar;C:\Users\user\.m2\repository\org\junit\platform\junit-platform-launcher\1.8.1\junit-platform-launcher-1.8.1.jar;C:\Users\user\.m2\repository\org\junit\platform\junit-platform-engine\1.8.1\junit-platform-engine-1.8.1.jar;C:\Users\user\.m2\repository\org\opentest4j\opentest4j\1.2.0\opentest4j-1.2.0.jar;C:\Users\user\.m2\repository\org\junit\platform\junit-platform-commons\1.8.1\junit-platform-commons-1.8.1.jar;C:\Users\user\.m2\repository\org\apiguardian\apiguardian-api\1.1.2\apiguardian-api-1.1.2.jar;C:\Users\user\.m2\repository\org\junit\jupiter\junit-jupiter-engine\5.8.2\junit-jupiter-engine-5.8.2.jar;C:\Users\user\.m2\repository\org\junit\jupiter\junit-jupiter-api\5.8.2\junit-jupiter-api-5.8.2.jar;C:\Users\user\.m2\repository\org\junit\vintage\junit-vintage-engine\5.8.2\junit-vintage-engine-5.8.2.jar;C:\Users\user\.m2\repository\junit\junit\4.13.2\junit-4.13.2.jar;C:\Users\user\.m2\repository\org\hamcrest\hamcrest-core\1.3\hamcrest-core-1.3.jar;C:\Users\user\.m2\repository\ch\qos\logback\logback-classic\1.2.10\logback-classic-1.2.10.jar;C:\Users\user\.m2\repository\ch\qos\logback\logback-core\1.2.10\logback-core-1.2.10.jar;C:\Users\user\.m2\repository\org\slf4j\slf4j-api\1.7.32\slf4j-api-1.7.32.jar;C:\Users\user\.m2\repository\org\assertj\assertj-core\3.6.2\assertj-core-3.6.2.jar;C:\Users\user\.m2\repository\org\apache\maven\surefire\surefire-junit-platform\3.0.0-M5\surefire-junit-platform-3.0.0-M5.jar;C:\Users\user\.m2\repository\org\apache\maven\surefire\common-java5\3.0.0-M5\common-java5-3.0.0-M5.jar"/>
    <property name="user.script" value=""/>
    <property name="java.protocol.handler.pkgs" value="com.google.common"/>
    <property name="sun.management.compiler" value="HotSpot 64-Bit Tiered Compilers"/>
    <property name="java.runtime.version" value="11.0.16+11-LTS-199"/>
    <property name="user.name" value="user"/>
    <property name="path.separator" value=";"/>
    <property name="os.version" value="10.0"/>
    <property name="java.runtime.name" value="Java(TM) SE Runtime Environment"/>
    <property name="file.encoding" value="Cp1252"/>
    <property name="webdriver.base.url" value=""/>
    <property name="java.vm.name" value="Java HotSpot(TM) 64-Bit Server VM"/>
    <property name="java.vendor.version" value="18.9"/>
    <property name="localRepository" value="C:\Users\user\.m2\repository"/>
    <property name="java.vendor.url.bug" value="https://bugreport.java.com/bugreport/"/>
    <property name="java.io.tmpdir" value="C:\Users\user\AppData\Local\Temp\"/>
    <property name="java.version" value="11.0.16"/>
    <property name="user.dir" value="D:\TIC\Kampus Merdeka\MSIB\Studi Independen\Alterra\MiniProject\MiniProjWeb"/>
    <property name="os.arch" value="amd64"/>
    <property name="java.vm.specification.name" value="Java Virtual Machine Specification"/>
    <property name="java.awt.printerjob" value="sun.awt.windows.WPrinterJob"/>
    <property name="sun.os.patch.level" value=""/>
    <property name="java.library.path" value="C:\Program Files\Java\jdk-11.0.16\bin;C:\WINDOWS\Sun\Java\bin;C:\WINDOWS\system32;C:\WINDOWS;C:\Program Files\Common Files\Oracle\Java\javapath;C:\WINDOWS\system32;C:\WINDOWS;C:\WINDOWS\System32\Wbem;C:\WINDOWS\System32\WindowsPowerShell\v1.0\;C:\WINDOWS\System32\OpenSSH\;C:\Program Files\PuTTY\;C:\Program Files\Java\jdk-11.0.16\bin;C:\Program Files\Git\cmd;D:\Program Files\apache-maven-3.8.6\bin;C:\Program Files\Java\jdk-11.0.16\bin;D:\Program Files\apache-maven-3.8.6;C:\Users\user\AppData\Local\Android\Sdk\platform-tools;C:\Users\user\Mobile\nodejs;D:\user\Mobile\nodejs\;C:\Users\user\AppData\Local\Microsoft\WindowsApps;;D:\Microsoft VS Code\bin;C:\Users\user\AppData\Roaming\npm;."/>
    <property name="java.vendor" value="Oracle Corporation"/>
    <property name="java.vm.info" value="mixed mode"/>
    <property name="java.vm.version" value="11.0.16+11-LTS-199"/>
    <property name="sun.io.unicode.encoding" value="UnicodeLittle"/>
    <property name="java.class.version" value="55.0"/>
  </properties>
  <testcase name="Beli one product" classname="Button Beli" time="944.963">
    <error type="org.openqa.selenium.NoSuchElementException"><![CDATA[org.openqa.selenium.NoSuchElementException: 
no such element: Unable to locate element: {"method":"xpath","selector":"//button[@role='button']"}
  (Session info: chrome=106.0.5249.121)
For documentation on this error, please visit: https://selenium.dev/exceptions/#no_such_element
Build info: version: '4.1.2', revision: '9a5a329c5a'
System info: host: 'MYLNAP', ip: '192.168.110.45', os.name: 'Windows 11', os.arch: 'amd64', os.version: '10.0', java.version: '11.0.16'
Driver info: org.openqa.selenium.chrome.ChromeDriver
Command: [82ef663ad0c1aa0172e400ee8446cb7a, findElement {using=xpath, value=//button[@role='button']}]
Capabilities {acceptInsecureCerts: false, browserName: chrome, browserVersion: 106.0.5249.121, chrome: {chromedriverVersion: 106.0.5249.61 (511755355844..., userDataDir: C:\Users\user\AppData\Local...}, goog:chromeOptions: {debuggerAddress: localhost:64210}, javascriptEnabled: true, networkConnectionEnabled: false, pageLoadStrategy: normal, platform: WINDOWS, platformName: WINDOWS, proxy: Proxy(), se:cdp: ws://localhost:64210/devtoo..., se:cdpVersion: 106.0.5249.121, setWindowRect: true, strictFileInteractability: false, timeouts: {implicit: 0, pageLoad: 300000, script: 30000}, unhandledPromptBehavior: dismiss and notify, webauthn:extension:credBlob: true, webauthn:extension:largeBlob: true, webauthn:virtualAuthenticators: true}
Session ID: 82ef663ad0c1aa0172e400ee8446cb7a
]]></error>
    <system-out><![CDATA[19:15:31.353 [main] INFO io.cucumber.core.plugin.SerenityReporter - Running feature from file:///D:/TIC/Kampus%20Merdeka/MSIB/Studi%20Independen/Alterra/MiniProject/MiniProjWeb/src/test/resources/features/login/Beli.feature
19:15:31.523 [main] INFO  - 

-------------------------------------------------------------------------------------
     _______. _______ .______       _______ .__   __.  __  .___________.____    ____ 
    /       ||   ____||   _  \     |   ____||  \ |  | |  | |           |\   \  /   / 
   |   (----`|  |__   |  |_)  |    |  |__   |   \|  | |  | `---|  |----` \   \/   /  
    \   \    |   __|  |      /     |   __|  |  . `  | |  |     |  |       \_    _/   
.----)   |   |  |____ |  |\  \----.|  |____ |  |\   | |  |     |  |         |  |     
|_______/    |_______|| _| `._____||_______||__| \__| |__|     |__|         |__|    
                                                                                     
 News and tutorials at http://www.serenity-bdd.info                                  
 Documentation at https://wakaleo.gitbooks.io/the-serenity-book/content/             
 Join the Serenity Community on Gitter: https://gitter.im/serenity-bdd/serenity-core 
 Serenity BDD Support and Training at http://serenity-bdd.info/#/trainingandsupport  
-------------------------------------------------------------------------------------

19:15:31.525 [main] DEBUG net.thucydides.core.steps.StepEventBus - Test suite started for story net.thucydides.core.model.Story@5b2861b3
19:15:31.529 [main] INFO  - Test Suite Started: Button Beli
19:15:31.545 [main] INFO io.cucumber.core.plugin.SerenityReporter - Running feature from file:///D:/TIC/Kampus%20Merdeka/MSIB/Studi%20Independen/Alterra/MiniProject/MiniProjWeb/src/test/resources/features/login/Detail.feature
19:15:31.553 [main] DEBUG net.thucydides.core.steps.StepEventBus - Test suite started for story net.thucydides.core.model.Story@b788f822
19:15:31.553 [main] INFO  - Test Suite Started: Page Home
19:15:31.554 [main] INFO io.cucumber.core.plugin.SerenityReporter - Running feature from file:///D:/TIC/Kampus%20Merdeka/MSIB/Studi%20Independen/Alterra/MiniProject/MiniProjWeb/src/test/resources/features/login/Registration.feature
19:15:31.585 [main] DEBUG net.thucydides.core.steps.StepEventBus - Test suite started for story net.thucydides.core.model.Story@303b9384
19:15:31.603 [main] INFO  - Test Suite Started: Register
19:15:31.604 [main] INFO io.cucumber.core.plugin.SerenityReporter - Running feature from file:///D:/TIC/Kampus%20Merdeka/MSIB/Studi%20Independen/Alterra/MiniProject/MiniProjWeb/src/test/resources/features/login/login.feature
19:15:31.609 [main] DEBUG net.thucydides.core.steps.StepEventBus - Test suite started for story net.thucydides.core.model.Story@ffd74702
19:15:31.609 [main] INFO  - Test Suite Started: Login
19:15:31.610 [main] INFO io.cucumber.core.plugin.SerenityReporter - Running feature from file:///D:/TIC/Kampus%20Merdeka/MSIB/Studi%20Independen/Alterra/MiniProject/MiniProjWeb/src/test/resources/features/login/logout.feature
19:15:31.614 [main] DEBUG net.thucydides.core.steps.StepEventBus - Test suite started for story net.thucydides.core.model.Story@3294c5ae
19:15:31.614 [main] INFO  - Test Suite Started: Logout
19:15:31.614 [main] INFO io.cucumber.core.plugin.SerenityReporter - Running feature from file:///D:/TIC/Kampus%20Merdeka/MSIB/Studi%20Independen/Alterra/MiniProject/MiniProjWeb/src/test/resources/features/login/transaction.feature
19:15:31.618 [main] DEBUG net.thucydides.core.steps.StepEventBus - Test suite started for story net.thucydides.core.model.Story@9f31da98
19:15:31.618 [main] INFO  - Test Suite Started: Transaksi
19:15:31.620 [main] INFO io.cucumber.core.plugin.SerenityReporter - Running feature from file:///D:/TIC/Kampus%20Merdeka/MSIB/Studi%20Independen/Alterra/MiniProject/MiniProjWeb/src/test/resources/features/login/Beli.feature
19:15:31.623 [main] DEBUG net.thucydides.core.steps.StepEventBus - Test suite started for story net.thucydides.core.model.Story@5b2861b3
19:15:31.624 [main] INFO  - Test Suite Started: Button Beli

@Beli
Scenario Outline: Beli one product                                          &amp#27;[90m# src/test/resources/features/login/Beli.feature:17&amp#27;[0m
19:15:31.717 [main] INFO io.cucumber.core.plugin.SerenityReporter - Running feature from file:///D:/TIC/Kampus%20Merdeka/MSIB/Studi%20Independen/Alterra/MiniProject/MiniProjWeb/src/test/resources/features/login/Beli.feature
19:15:31.864 [main] INFO  - 
  _____   ___   ___   _____     ___   _____     _     ___   _____   ___   ___  
 |_   _| | __| / __| |_   _|   / __| |_   _|   /_\   | _ \ |_   _| | __| |   \ 
   | |   | _|  \__ \   | |     \__ \   | |    / _ \  |   /   | |   | _|  | |) |
   |_|   |___| |___/   |_|     |___/   |_|   /_/ \_\ |_|_\   |_|   |___| |___/ 

Beli one product(button-beli;beli-one-product)
--------------------------------------------------------------------------------
19:15:32.627 [main] INFO net.serenitybdd.core.webdriver.driverproviders.ChromeDriverProvider - Using automatically driver download
19:15:33.238 [main] DEBUG io.github.bonigarcia.wdm.cache.ResolutionCache - Resolution chrome=106 in cache (valid until 19:46:39 31/10/2022 ICT)
19:15:33.243 [main] DEBUG io.github.bonigarcia.wdm.cache.ResolutionCache - Resolution chrome106=106.0.5249.61 in cache (valid until 17:34:34 01/11/2022 ICT)
19:15:33.244 [main] INFO io.github.bonigarcia.wdm.WebDriverManager - Using chromedriver 106.0.5249.61 (resolved driver for Chrome 106)
19:15:33.260 [main] DEBUG io.github.bonigarcia.wdm.WebDriverManager - Driver chromedriver 106.0.5249.61 found in cache
19:15:33.261 [main] INFO io.github.bonigarcia.wdm.WebDriverManager - Exporting webdriver.chrome.driver as C:\Users\user\.cache\selenium\chromedriver\win32\106.0.5249.61\chromedriver.exe
19:15:33.847 [main] DEBUG net.thucydides.core.reflection.ClassFinder - Could not load class .CucumberTestSuite
19:15:33.847 [main] DEBUG net.thucydides.core.reflection.ClassFinder - Could not load class .starter.pages.BeliPage
19:15:33.847 [main] DEBUG net.thucydides.core.reflection.ClassFinder - Could not load class .starter.pages.DetailPage
19:15:33.847 [main] DEBUG net.thucydides.core.reflection.ClassFinder - Could not load class .starter.pages.LoginPage
19:15:33.847 [main] DEBUG net.thucydides.core.reflection.ClassFinder - Could not load class .starter.pages.LogoutPage
19:15:33.847 [main] DEBUG net.thucydides.core.reflection.ClassFinder - Could not load class .starter.pages.RegistrationPage
19:15:33.847 [main] DEBUG net.thucydides.core.reflection.ClassFinder - Could not load class .starter.pages.TransactionPage
19:15:33.847 [main] DEBUG net.thucydides.core.reflection.ClassFinder - Could not load class .starter.steps.BeliStep
19:15:33.847 [main] DEBUG net.thucydides.core.reflection.ClassFinder - Could not load class .starter.steps.DetailStep
19:15:33.848 [main] DEBUG net.thucydides.core.reflection.ClassFinder - Could not load class .starter.steps.LoginStep
19:15:33.848 [main] DEBUG net.thucydides.core.reflection.ClassFinder - Could not load class .starter.steps.LogoutStep
19:15:33.848 [main] DEBUG net.thucydides.core.reflection.ClassFinder - Could not load class .starter.steps.RegistrationStep
19:15:33.848 [main] DEBUG net.thucydides.core.reflection.ClassFinder - Could not load class .starter.steps.TransactionStep
19:15:33.848 [main] DEBUG net.thucydides.core.reflection.ClassFinder - Could not load class META-INF.versions.9.com.sun.istack.logging.StackHelper
19:15:33.848 [main] DEBUG net.thucydides.core.reflection.ClassFinder - Could not load class META-INF.versions.9.com.sun.xml.bind.v2.runtime.reflect.opt.AccessorInjector
19:15:33.849 [main] DEBUG net.thucydides.core.reflection.ClassFinder - Could not load class META-INF.versions.9.com.sun.xml.bind.v2.runtime.reflect.opt.Injector
19:15:33.849 [main] DEBUG net.thucydides.core.reflection.ClassFinder - Could not load class META-INF.versions.9.com.sun.xml.bind.v2.runtime.reflect.opt.OptimizedAccessorFactory
19:15:33.849 [main] DEBUG net.thucydides.core.reflection.ClassFinder - Could not load class META-INF.versions.9.com.sun.xml.bind.v2.runtime.reflect.opt.OptimizedTransducedAccessorFactory
19:15:33.849 [main] DEBUG net.thucydides.core.reflection.ClassFinder - Could not load class META-INF.versions.9.io.opentelemetry.sdk.internal.CurrentJavaVersionSpecific
19:15:33.850 [main] DEBUG net.thucydides.core.reflection.ClassFinder - Could not load class META-INF.versions.9.io.opentelemetry.sdk.internal.Java9VersionSpecific
19:15:33.850 [main] DEBUG net.thucydides.core.reflection.ClassFinder - Could not load class META-INF.versions.9.javax.xml.bind.ModuleUtil
19:15:33.851 [main] DEBUG net.thucydides.core.reflection.ClassFinder - Could not load class META-INF.versions.9.module-info
19:15:33.851 [main] DEBUG net.thucydides.core.reflection.ClassFinder - Could not load class META-INF.versions.9.org.junit.platform.commons.util.ModuleUtils
19:15:34.164 [main] DEBUG net.thucydides.core.reflection.ClassFinder - Could not load class com.google.gson.internal.
19:15:34.321 [main] DEBUG net.thucydides.core.reflection.ClassFinder - Could not load class com.sun.xml.bind.v2.runtime.output.FastInfosetStreamWriterOutput
19:15:34.686 [main] DEBUG net.thucydides.core.reflection.ClassFinder - Could not load class module-info
19:15:37.242 [main] DEBUG io.netty.util.internal.logging.InternalLoggerFactory - Using SLF4J as the default logging framework
19:15:37.245 [main] DEBUG io.netty.util.ResourceLeakDetector - -Dio.netty.leakDetection.level: simple
19:15:37.246 [main] DEBUG io.netty.util.ResourceLeakDetector - -Dio.netty.leakDetection.targetRecords: 4
19:15:37.251 [main] DEBUG io.netty.util.ResourceLeakDetectorFactory - Loaded default ResourceLeakDetector: io.netty.util.ResourceLeakDetector@467310c6
19:15:37.274 [main] DEBUG io.netty.util.internal.PlatformDependent0 - -Dio.netty.noUnsafe: false
19:15:37.274 [main] DEBUG io.netty.util.internal.PlatformDependent0 - Java version: 11
19:15:37.275 [main] DEBUG io.netty.util.internal.PlatformDependent0 - sun.misc.Unsafe.theUnsafe: available
19:15:37.275 [main] DEBUG io.netty.util.internal.PlatformDependent0 - sun.misc.Unsafe.copyMemory: available
19:15:37.277 [main] DEBUG io.netty.util.internal.PlatformDependent0 - java.nio.Buffer.address: available
19:15:37.277 [main] DEBUG io.netty.util.internal.PlatformDependent0 - direct buffer constructor: unavailable: Reflective setAccessible(true) disabled
19:15:37.278 [main] DEBUG io.netty.util.internal.PlatformDependent0 - java.nio.Bits.unaligned: available, true
19:15:37.279 [main] DEBUG io.netty.util.internal.PlatformDependent0 - jdk.internal.misc.Unsafe.allocateUninitializedArray(int): unavailable: class io.netty.util.internal.PlatformDependent0$6 cannot access class jdk.internal.misc.Unsafe (in module java.base) because module java.base does not export jdk.internal.misc to unnamed module @5bd1ceca
19:15:37.281 [main] DEBUG io.netty.util.internal.PlatformDependent0 - java.nio.DirectByteBuffer.<init>(long, int): unavailable
19:15:37.281 [main] DEBUG io.netty.util.internal.PlatformDependent - sun.misc.Unsafe: available
19:15:37.283 [main] DEBUG io.netty.util.internal.PlatformDependent - maxDirectMemory: 2067791872 bytes (maybe)
19:15:37.283 [main] DEBUG io.netty.util.internal.PlatformDependent - -Dio.netty.tmpdir: C:\Users\user\AppData\Local\Temp (java.io.tmpdir)
19:15:37.283 [main] DEBUG io.netty.util.internal.PlatformDependent - -Dio.netty.bitMode: 64 (sun.arch.data.model)
19:15:37.285 [main] DEBUG io.netty.util.internal.PlatformDependent - Platform: Windows
19:15:37.285 [main] DEBUG io.netty.util.internal.PlatformDependent - -Dio.netty.maxDirectMemory: -1 bytes
19:15:37.286 [main] DEBUG io.netty.util.internal.PlatformDependent - -Dio.netty.uninitializedArrayAllocationThreshold: -1
19:15:37.287 [main] DEBUG io.netty.util.internal.CleanerJava9 - java.nio.ByteBuffer.cleaner(): available
19:15:37.287 [main] DEBUG io.netty.util.internal.PlatformDependent - -Dio.netty.noPreferDirect: false
19:15:37.293 [main] DEBUG io.netty.util.internal.PlatformDependent - org.jctools-core.MpscChunkedArrayQueue: available
19:15:37.314 [main] DEBUG io.netty.util.internal.InternalThreadLocalMap - -Dio.netty.threadLocalMap.stringBuilder.initialSize: 1024
19:15:37.314 [main] DEBUG io.netty.util.internal.InternalThreadLocalMap - -Dio.netty.threadLocalMap.stringBuilder.maxSize: 4096
19:15:37.364 [main] DEBUG io.netty.handler.ssl.JdkSslContext - Default protocols (JDK): [TLSv1.3, TLSv1.2] 
19:15:37.364 [main] DEBUG io.netty.handler.ssl.JdkSslContext - Default cipher suites (JDK): [TLS_ECDHE_ECDSA_WITH_AES_256_GCM_SHA384, TLS_ECDHE_ECDSA_WITH_AES_128_GCM_SHA256, TLS_ECDHE_RSA_WITH_AES_128_GCM_SHA256, TLS_ECDHE_RSA_WITH_AES_256_GCM_SHA384, TLS_ECDHE_RSA_WITH_AES_128_CBC_SHA, TLS_ECDHE_RSA_WITH_AES_256_CBC_SHA, TLS_RSA_WITH_AES_128_GCM_SHA256, TLS_RSA_WITH_AES_128_CBC_SHA, TLS_RSA_WITH_AES_256_CBC_SHA, TLS_AES_128_GCM_SHA256, TLS_AES_256_GCM_SHA384]
19:15:37.391 [main] DEBUG io.netty.channel.MultithreadEventLoopGroup - -Dio.netty.eventLoopThreads: 8
19:15:37.400 [main] DEBUG io.netty.channel.nio.NioEventLoop - -Dio.netty.noKeySetOptimization: false
19:15:37.400 [main] DEBUG io.netty.channel.nio.NioEventLoop - -Dio.netty.selectorAutoRebuildThreshold: 512
19:15:37.448 [main] DEBUG io.netty.buffer.PooledByteBufAllocator - -Dio.netty.allocator.numHeapArenas: 8
19:15:37.448 [main] DEBUG io.netty.buffer.PooledByteBufAllocator - -Dio.netty.allocator.numDirectArenas: 8
19:15:37.448 [main] DEBUG io.netty.buffer.PooledByteBufAllocator - -Dio.netty.allocator.pageSize: 8192
19:15:37.448 [main] DEBUG io.netty.buffer.PooledByteBufAllocator - -Dio.netty.allocator.maxOrder: 11
19:15:37.448 [main] DEBUG io.netty.buffer.PooledByteBufAllocator - -Dio.netty.allocator.chunkSize: 16777216
19:15:37.448 [main] DEBUG io.netty.buffer.PooledByteBufAllocator - -Dio.netty.allocator.smallCacheSize: 256
19:15:37.448 [main] DEBUG io.netty.buffer.PooledByteBufAllocator - -Dio.netty.allocator.normalCacheSize: 64
19:15:37.448 [main] DEBUG io.netty.buffer.PooledByteBufAllocator - -Dio.netty.allocator.maxCachedBufferCapacity: 32768
19:15:37.448 [main] DEBUG io.netty.buffer.PooledByteBufAllocator - -Dio.netty.allocator.cacheTrimInterval: 8192
19:15:37.448 [main] DEBUG io.netty.buffer.PooledByteBufAllocator - -Dio.netty.allocator.cacheTrimIntervalMillis: 0
19:15:37.448 [main] DEBUG io.netty.buffer.PooledByteBufAllocator - -Dio.netty.allocator.useCacheForAllThreads: true
19:15:37.448 [main] DEBUG io.netty.buffer.PooledByteBufAllocator - -Dio.netty.allocator.maxCachedByteBuffersPerChunk: 1023
19:15:37.460 [main] DEBUG io.netty.buffer.ByteBufUtil - -Dio.netty.allocator.type: pooled
19:15:37.460 [main] DEBUG io.netty.buffer.ByteBufUtil - -Dio.netty.threadLocalDirectBufferSize: 0
19:15:37.460 [main] DEBUG io.netty.buffer.ByteBufUtil - -Dio.netty.maxThreadLocalCharBufferSize: 16384
19:15:37.648 [main] DEBUG net.serenitybdd.core.webdriver.driverproviders.ProvideNewDriver - Instantiating driver
19:15:37.650 [main] DEBUG net.serenitybdd.core.webdriver.driverproviders.ProvideNewDriver - Driver capabilities: Capabilities {acceptInsecureCerts: false, base.url: https://alta-shop.vercel.app, browserName: chrome, chrome.driver: src/test/resources/webdrive..., driver: chrome, goog:chromeOptions: {args: [], extensions: []}, wait.for.timeout: 500}
19:15:37.962 [Forwarding newSession on session null to remote] DEBUG io.netty.channel.DefaultChannelId - -Dio.netty.processId: 18012 (auto-detected)
19:15:37.964 [Forwarding newSession on session null to remote] DEBUG io.netty.util.NetUtil - -Djava.net.preferIPv4Stack: false
19:15:37.964 [Forwarding newSession on session null to remote] DEBUG io.netty.util.NetUtil - -Djava.net.preferIPv6Addresses: false
19:15:38.045 [Forwarding newSession on session null to remote] DEBUG io.netty.util.NetUtilInitializations - Loopback interface: lo (Software Loopback Interface 1, 127.0.0.1)
19:15:38.047 [Forwarding newSession on session null to remote] DEBUG io.netty.util.NetUtil - Failed to get SOMAXCONN from sysctl and file \proc\sys\net\core\somaxconn. Default: 200
19:15:38.136 [Forwarding newSession on session null to remote] DEBUG io.netty.channel.DefaultChannelId - -Dio.netty.machineId: 98:8d:46:ff:fe:e0:19:c9 (auto-detected)
19:15:38.195 [AsyncHttpClient-1-2] DEBUG io.netty.buffer.AbstractByteBuf - -Dio.netty.buffer.checkAccessible: true
19:15:38.195 [AsyncHttpClient-1-2] DEBUG io.netty.buffer.AbstractByteBuf - -Dio.netty.buffer.checkBounds: true
19:15:38.196 [AsyncHttpClient-1-2] DEBUG io.netty.util.ResourceLeakDetectorFactory - Loaded default ResourceLeakDetector: io.netty.util.ResourceLeakDetector@191a8ce2
19:15:38.208 [AsyncHttpClient-1-2] DEBUG org.asynchttpclient.netty.channel.NettyConnectListener - Using new Channel '[id: 0xe047abb5, L:/127.0.0.1:64207 - R:localhost/127.0.0.1:64625]' for 'POST' to '/session'
19:15:38.222 [AsyncHttpClient-1-2] DEBUG io.netty.util.Recycler - -Dio.netty.recycler.maxCapacityPerThread: 4096
19:15:38.222 [AsyncHttpClient-1-2] DEBUG io.netty.util.Recycler - -Dio.netty.recycler.ratio: 8
19:15:38.222 [AsyncHttpClient-1-2] DEBUG io.netty.util.Recycler - -Dio.netty.recycler.chunkSize: 32
19:15:38.222 [AsyncHttpClient-1-2] DEBUG io.netty.util.Recycler - -Dio.netty.recycler.blocking: false
19:15:41.516 [AsyncHttpClient-1-2] DEBUG io.netty.handler.codec.compression.Brotli - brotli4j not in the classpath; Brotli support will be unavailable.
19:15:41.516 [AsyncHttpClient-1-2] DEBUG org.asynchttpclient.netty.handler.HttpHandler - 

Request DefaultHttpRequest(decodeResult: success, version: HTTP/1.1)
POST /session HTTP/1.1
User-Agent: selenium/4.1.2 (java windows)
Content-Length: 638
Content-Type: application/json; charset=utf-8
host: localhost:64625
accept: */*

Response DefaultHttpResponse(decodeResult: success, version: HTTP/1.1)
HTTP/1.1 200 OK
Content-Type: application/json; charset=utf-8
cache-control: no-cache
content-length: 789

19:15:41.525 [AsyncHttpClient-1-2] DEBUG org.asynchttpclient.netty.channel.ChannelManager - Adding key: http://localhost:64625 for channel [id: 0xe047abb5, L:/127.0.0.1:64207 - R:localhost/127.0.0.1:64625]
19:15:41.630 [AsyncHttpClient-1-3] DEBUG org.asynchttpclient.netty.channel.NettyConnectListener - Using new Channel '[id: 0xc83c590c, L:/127.0.0.1:64217 - R:localhost/127.0.0.1:64210]' for 'GET' to '/json/version'
19:15:41.641 [AsyncHttpClient-1-3] DEBUG org.asynchttpclient.netty.handler.HttpHandler - 

Request DefaultFullHttpRequest(decodeResult: success, version: HTTP/1.1, content: EmptyByteBufBE)
GET /json/version HTTP/1.1
User-Agent: selenium/4.1.2 (java windows)
host: localhost:64210
accept: */*

Response DefaultHttpResponse(decodeResult: success, version: HTTP/1.1)
HTTP/1.1 200 OK
Content-Type: application/json; charset=UTF-8
content-length: 424

19:15:41.641 [AsyncHttpClient-1-3] DEBUG org.asynchttpclient.netty.channel.ChannelManager - Adding key: http://localhost:64210 for channel [id: 0xc83c590c, L:/127.0.0.1:64217 - R:localhost/127.0.0.1:64210]
19:15:41.666 [main] DEBUG io.netty.util.internal.ThreadLocalRandom - -Dio.netty.initialSeedUniquifier: 0xf100a770f57c3d45
19:15:41.681 [AsyncHttpClient-1-4] DEBUG org.asynchttpclient.netty.channel.NettyConnectListener - Using new Channel '[id: 0x2a702a9d, L:/127.0.0.1:64218 - R:localhost/127.0.0.1:64210]' for 'GET' to '/devtools/browser/1dc1073d-f20d-4803-ba82-a15c385a43f3'
19:15:41.689 [AsyncHttpClient-1-4] DEBUG org.asynchttpclient.netty.handler.WebSocketHandler - 

Request DefaultFullHttpRequest(decodeResult: success, version: HTTP/1.1, content: EmptyByteBufBE)
GET /devtools/browser/1dc1073d-f20d-4803-ba82-a15c385a43f3 HTTP/1.1
upgrade: websocket
connection: upgrade
sec-websocket-key: sN63ZNnDdRk58XkytTN8vA==
sec-websocket-version: 13
origin: http://localhost:64210
host: localhost:64210
accept: */*
user-agent: AHC/2.1

Response DefaultHttpResponse(decodeResult: success, version: HTTP/1.1)
HTTP/1.1 101 WebSocket Protocol Handshake
Upgrade: WebSocket
Connection: Upgrade
Sec-WebSocket-Accept: UcFaTfLcKyn+y5SJaUkjUprMguk=

19:15:41.698 [AsyncHttpClient-1-1] DEBUG org.asynchttpclient.netty.channel.DefaultChannelPool - Entry count for : http://localhost:64625 : 1
19:15:41.698 [AsyncHttpClient-1-1] DEBUG org.asynchttpclient.netty.channel.DefaultChannelPool - Entry count for : http://localhost:64210 : 1
19:15:42.320 [main] DEBUG net.thucydides.core.reflection.ClassFinder - Could not load class .CucumberTestSuite
19:15:42.321 [main] DEBUG net.thucydides.core.reflection.ClassFinder - Could not load class .starter.pages.BeliPage
19:15:42.321 [main] DEBUG net.thucydides.core.reflection.ClassFinder - Could not load class .starter.pages.DetailPage
19:15:42.321 [main] DEBUG net.thucydides.core.reflection.ClassFinder - Could not load class .starter.pages.LoginPage
19:15:42.321 [main] DEBUG net.thucydides.core.reflection.ClassFinder - Could not load class .starter.pages.LogoutPage
19:15:42.321 [main] DEBUG net.thucydides.core.reflection.ClassFinder - Could not load class .starter.pages.RegistrationPage
19:15:42.321 [main] DEBUG net.thucydides.core.reflection.ClassFinder - Could not load class .starter.pages.TransactionPage
19:15:42.321 [main] DEBUG net.thucydides.core.reflection.ClassFinder - Could not load class .starter.steps.BeliStep
19:15:42.321 [main] DEBUG net.thucydides.core.reflection.ClassFinder - Could not load class .starter.steps.DetailStep
19:15:42.321 [main] DEBUG net.thucydides.core.reflection.ClassFinder - Could not load class .starter.steps.LoginStep
19:15:42.321 [main] DEBUG net.thucydides.core.reflection.ClassFinder - Could not load class .starter.steps.LogoutStep
19:15:42.321 [main] DEBUG net.thucydides.core.reflection.ClassFinder - Could not load class .starter.steps.RegistrationStep
19:15:42.321 [main] DEBUG net.thucydides.core.reflection.ClassFinder - Could not load class .starter.steps.TransactionStep
19:15:42.321 [main] DEBUG net.thucydides.core.reflection.ClassFinder - Could not load class META-INF.versions.9.com.sun.istack.logging.StackHelper
19:15:42.322 [main] DEBUG net.thucydides.core.reflection.ClassFinder - Could not load class META-INF.versions.9.com.sun.xml.bind.v2.runtime.reflect.opt.AccessorInjector
19:15:42.322 [main] DEBUG net.thucydides.core.reflection.ClassFinder - Could not load class META-INF.versions.9.com.sun.xml.bind.v2.runtime.reflect.opt.Injector
19:15:42.322 [main] DEBUG net.thucydides.core.reflection.ClassFinder - Could not load class META-INF.versions.9.com.sun.xml.bind.v2.runtime.reflect.opt.OptimizedAccessorFactory
19:15:42.322 [main] DEBUG net.thucydides.core.reflection.ClassFinder - Could not load class META-INF.versions.9.com.sun.xml.bind.v2.runtime.reflect.opt.OptimizedTransducedAccessorFactory
19:15:42.322 [main] DEBUG net.thucydides.core.reflection.ClassFinder - Could not load class META-INF.versions.9.io.opentelemetry.sdk.internal.CurrentJavaVersionSpecific
19:15:42.323 [main] DEBUG net.thucydides.core.reflection.ClassFinder - Could not load class META-INF.versions.9.io.opentelemetry.sdk.internal.Java9VersionSpecific
19:15:42.323 [main] DEBUG net.thucydides.core.reflection.ClassFinder - Could not load class META-INF.versions.9.javax.xml.bind.ModuleUtil
19:15:42.323 [main] DEBUG net.thucydides.core.reflection.ClassFinder - Could not load class META-INF.versions.9.module-info
19:15:42.324 [main] DEBUG net.thucydides.core.reflection.ClassFinder - Could not load class META-INF.versions.9.org.junit.platform.commons.util.ModuleUtils
19:15:42.326 [main] DEBUG net.thucydides.core.reflection.ClassFinder - Could not load class com.google.gson.internal.
19:15:42.328 [main] DEBUG net.thucydides.core.reflection.ClassFinder - Could not load class com.sun.xml.bind.v2.runtime.output.FastInfosetStreamWriterOutput
19:15:42.331 [main] DEBUG net.thucydides.core.reflection.ClassFinder - Could not load class module-info
19:15:42.349 [Forwarding get on session 82ef663ad0c1aa0172e400ee8446cb7a to remote] DEBUG org.asynchttpclient.netty.request.NettyRequestSender - Using pooled Channel '[id: 0xe047abb5, L:/127.0.0.1:64207 - R:localhost/127.0.0.1:64625]' for 'POST' to 'http://localhost:64625/session/82ef663ad0c1aa0172e400ee8446cb7a/url'
19:15:42.349 [Forwarding get on session 82ef663ad0c1aa0172e400ee8446cb7a to remote] DEBUG org.asynchttpclient.netty.request.NettyRequestSender - Using open Channel [id: 0xe047abb5, L:/127.0.0.1:64207 - R:localhost/127.0.0.1:64625] for POST '/session/82ef663ad0c1aa0172e400ee8446cb7a/url'
19:15:42.798 [AsyncHttpClient-1-1] DEBUG org.asynchttpclient.netty.channel.DefaultChannelPool - Entry count for : http://localhost:64210 : 1
19:15:43.905 [AsyncHttpClient-1-1] DEBUG org.asynchttpclient.netty.channel.DefaultChannelPool - Entry count for : http://localhost:64210 : 1
19:15:45.004 [AsyncHttpClient-1-1] DEBUG org.asynchttpclient.netty.channel.DefaultChannelPool - Entry count for : http://localhost:64210 : 1
19:15:46.098 [AsyncHttpClient-1-1] DEBUG org.asynchttpclient.netty.channel.DefaultChannelPool - Entry count for : http://localhost:64210 : 1
19:15:47.197 [AsyncHttpClient-1-1] DEBUG org.asynchttpclient.netty.channel.DefaultChannelPool - Entry count for : http://localhost:64210 : 1
19:15:48.304 [AsyncHttpClient-1-1] DEBUG org.asynchttpclient.netty.channel.DefaultChannelPool - Entry count for : http://localhost:64210 : 1
19:15:49.398 [AsyncHttpClient-1-1] DEBUG org.asynchttpclient.netty.channel.DefaultChannelPool - Entry count for : http://localhost:64210 : 1
19:15:50.502 [AsyncHttpClient-1-1] DEBUG org.asynchttpclient.netty.channel.DefaultChannelPool - Entry count for : http://localhost:64210 : 1
19:15:51.597 [AsyncHttpClient-1-1] DEBUG org.asynchttpclient.netty.channel.DefaultChannelPool - Entry count for : http://localhost:64210 : 1
19:15:52.699 [AsyncHttpClient-1-1] DEBUG org.asynchttpclient.netty.channel.DefaultChannelPool - Entry count for : http://localhost:64210 : 1
19:15:53.798 [AsyncHttpClient-1-1] DEBUG org.asynchttpclient.netty.channel.DefaultChannelPool - Entry count for : http://localhost:64210 : 1
19:15:54.898 [AsyncHttpClient-1-1] DEBUG org.asynchttpclient.netty.channel.DefaultChannelPool - Entry count for : http://localhost:64210 : 1
19:15:56.004 [AsyncHttpClient-1-1] DEBUG org.asynchttpclient.netty.channel.DefaultChannelPool - Entry count for : http://localhost:64210 : 1
19:15:57.098 [AsyncHttpClient-1-1] DEBUG org.asynchttpclient.netty.channel.DefaultChannelPool - Entry count for : http://localhost:64210 : 1
19:15:58.204 [AsyncHttpClient-1-1] DEBUG org.asynchttpclient.netty.channel.DefaultChannelPool - Entry count for : http://localhost:64210 : 1
19:15:59.307 [AsyncHttpClient-1-1] DEBUG org.asynchttpclient.netty.channel.DefaultChannelPool - Entry count for : http://localhost:64210 : 1
19:16:00.399 [AsyncHttpClient-1-1] DEBUG org.asynchttpclient.netty.channel.DefaultChannelPool - Entry count for : http://localhost:64210 : 1
19:16:01.498 [AsyncHttpClient-1-1] DEBUG org.asynchttpclient.netty.channel.DefaultChannelPool - Entry count for : http://localhost:64210 : 1
19:16:02.606 [AsyncHttpClient-1-1] DEBUG org.asynchttpclient.netty.channel.DefaultChannelPool - Entry count for : http://localhost:64210 : 1
19:16:03.708 [AsyncHttpClient-1-1] DEBUG org.asynchttpclient.netty.channel.DefaultChannelPool - Entry count for : http://localhost:64210 : 1
19:16:04.797 [AsyncHttpClient-1-1] DEBUG org.asynchttpclient.netty.channel.DefaultChannelPool - Entry count for : http://localhost:64210 : 1
19:16:05.898 [AsyncHttpClient-1-1] DEBUG org.asynchttpclient.netty.channel.DefaultChannelPool - Entry count for : http://localhost:64210 : 1
19:16:06.999 [AsyncHttpClient-1-1] DEBUG org.asynchttpclient.netty.channel.DefaultChannelPool - Entry count for : http://localhost:64210 : 1
19:16:08.103 [AsyncHttpClient-1-1] DEBUG org.asynchttpclient.netty.channel.DefaultChannelPool - Entry count for : http://localhost:64210 : 1
19:16:09.201 [AsyncHttpClient-1-1] DEBUG org.asynchttpclient.netty.channel.DefaultChannelPool - Entry count for : http://localhost:64210 : 1
19:16:10.303 [AsyncHttpClient-1-1] DEBUG org.asynchttpclient.netty.channel.DefaultChannelPool - Entry count for : http://localhost:64210 : 1
19:16:11.405 [AsyncHttpClient-1-1] DEBUG org.asynchttpclient.netty.channel.DefaultChannelPool - Entry count for : http://localhost:64210 : 1
19:16:12.507 [AsyncHttpClient-1-1] DEBUG org.asynchttpclient.netty.channel.DefaultChannelPool - Entry count for : http://localhost:64210 : 1
19:16:13.608 [AsyncHttpClient-1-1] DEBUG org.asynchttpclient.netty.channel.DefaultChannelPool - Entry count for : http://localhost:64210 : 1
19:16:14.708 [AsyncHttpClient-1-1] DEBUG org.asynchttpclient.netty.channel.DefaultChannelPool - Entry count for : http://localhost:64210 : 1
19:16:15.800 [AsyncHttpClient-1-1] DEBUG org.asynchttpclient.netty.channel.DefaultChannelPool - Entry count for : http://localhost:64210 : 1
19:16:16.905 [AsyncHttpClient-1-1] DEBUG org.asynchttpclient.netty.channel.DefaultChannelPool - Entry count for : http://localhost:64210 : 1
19:16:18.004 [AsyncHttpClient-1-1] DEBUG org.asynchttpclient.netty.channel.DefaultChannelPool - Entry count for : http://localhost:64210 : 1
19:16:19.104 [AsyncHttpClient-1-1] DEBUG org.asynchttpclient.netty.channel.DefaultChannelPool - Entry count for : http://localhost:64210 : 1
19:16:20.203 [AsyncHttpClient-1-1] DEBUG org.asynchttpclient.netty.channel.DefaultChannelPool - Entry count for : http://localhost:64210 : 1
19:16:21.307 [AsyncHttpClient-1-1] DEBUG org.asynchttpclient.netty.channel.DefaultChannelPool - Entry count for : http://localhost:64210 : 1
19:16:22.409 [AsyncHttpClient-1-1] DEBUG org.asynchttpclient.netty.channel.DefaultChannelPool - Entry count for : http://localhost:64210 : 1
19:16:23.512 [AsyncHttpClient-1-1] DEBUG org.asynchttpclient.netty.channel.DefaultChannelPool - Entry count for : http://localhost:64210 : 1
19:16:24.612 [AsyncHttpClient-1-1] DEBUG org.asynchttpclient.netty.channel.DefaultChannelPool - Entry count for : http://localhost:64210 : 1
19:16:25.698 [AsyncHttpClient-1-1] DEBUG org.asynchttpclient.netty.channel.DefaultChannelPool - Entry count for : http://localhost:64210 : 1
19:16:26.810 [AsyncHttpClient-1-1] DEBUG org.asynchttpclient.netty.channel.DefaultChannelPool - Entry count for : http://localhost:64210 : 1
19:16:27.901 [AsyncHttpClient-1-1] DEBUG org.asynchttpclient.netty.channel.DefaultChannelPool - Entry count for : http://localhost:64210 : 1
19:16:29.004 [AsyncHttpClient-1-1] DEBUG org.asynchttpclient.netty.channel.DefaultChannelPool - Entry count for : http://localhost:64210 : 1
19:16:30.105 [AsyncHttpClient-1-1] DEBUG org.asynchttpclient.netty.channel.DefaultChannelPool - Entry count for : http://localhost:64210 : 1
19:16:31.205 [AsyncHttpClient-1-1] DEBUG org.asynchttpclient.netty.channel.DefaultChannelPool - Entry count for : http://localhost:64210 : 1
19:16:32.307 [AsyncHttpClient-1-1] DEBUG org.asynchttpclient.netty.channel.DefaultChannelPool - Entry count for : http://localhost:64210 : 1
19:16:33.399 [AsyncHttpClient-1-1] DEBUG org.asynchttpclient.netty.channel.DefaultChannelPool - Entry count for : http://localhost:64210 : 1
19:16:34.506 [AsyncHttpClient-1-1] DEBUG org.asynchttpclient.netty.channel.DefaultChannelPool - Entry count for : http://localhost:64210 : 1
19:16:35.611 [AsyncHttpClient-1-1] DEBUG org.asynchttpclient.netty.channel.DefaultChannelPool - Entry count for : http://localhost:64210 : 1
19:16:36.700 [AsyncHttpClient-1-1] DEBUG org.asynchttpclient.netty.channel.DefaultChannelPool - Entry count for : http://localhost:64210 : 1
19:16:37.802 [AsyncHttpClient-1-1] DEBUG org.asynchttpclient.netty.channel.DefaultChannelPool - Entry count for : http://localhost:64210 : 1
19:16:38.908 [AsyncHttpClient-1-1] DEBUG org.asynchttpclient.netty.channel.DefaultChannelPool - Entry count for : http://localhost:64210 : 1
19:16:40.012 [AsyncHttpClient-1-1] DEBUG org.asynchttpclient.netty.channel.DefaultChannelPool - Entry count for : http://localhost:64210 : 1
19:16:41.098 [AsyncHttpClient-1-1] DEBUG org.asynchttpclient.netty.channel.DefaultChannelPool - Entry count for : http://localhost:64210 : 1
19:16:42.201 [AsyncHttpClient-1-1] DEBUG org.asynchttpclient.netty.channel.DefaultChannelPool - Entry count for : http://localhost:64210 : 1
19:16:42.201 [AsyncHttpClient-1-1] DEBUG org.asynchttpclient.netty.channel.DefaultChannelPool - Adding Candidate expired Channel [id: 0xc83c590c, L:/127.0.0.1:64217 - R:localhost/127.0.0.1:64210] isIdleTimeoutExpired=true isRemotelyClosed=false isTtlExpired=false
19:16:42.201 [AsyncHttpClient-1-1] DEBUG org.asynchttpclient.netty.channel.DefaultChannelPool - Closing Idle Channel [id: 0xc83c590c, L:/127.0.0.1:64217 - R:localhost/127.0.0.1:64210]
19:16:42.202 [AsyncHttpClient-1-1] DEBUG org.asynchttpclient.netty.channel.DefaultChannelPool - Closed 1 connections out of 1 in 1 ms
19:16:42.203 [AsyncHttpClient-1-3] DEBUG org.asynchttpclient.netty.handler.HttpHandler - Channel Closed: [id: 0xc83c590c, L:/127.0.0.1:64217 ! R:localhost/127.0.0.1:64210] with attribute DISCARD
19:18:42.413 [AsyncHttpClient-1-1] DEBUG org.asynchttpclient.netty.timeout.TimeoutTimerTask - Request timeout to localhost/127.0.0.1:64625 after 180000 ms for NettyResponseFuture{currentRetry=0,
	isDone=0,
	isCancelled=0,
	asyncHandler=org.asynchttpclient.AsyncCompletionHandlerBase@5dd4b585,
	nettyRequest=org.asynchttpclient.netty.request.NettyRequest@1abf21,
	future=java.util.concurrent.CompletableFuture@6be6739c[Not completed],
	uri=http://localhost:64625/session/82ef663ad0c1aa0172e400ee8446cb7a/url,
	keepAlive=true,
	redirectCount=0,
	timeoutsHolder=org.asynchttpclient.netty.timeout.TimeoutsHolder@219aedd3,
	inAuth=0,
	touch=1667218542352} after 180064 ms
19:18:42.413 [AsyncHttpClient-1-1] DEBUG org.asynchttpclient.netty.channel.ChannelManager - Closing Channel [id: 0xe047abb5, L:/127.0.0.1:64207 - R:localhost/127.0.0.1:64625] 
19:18:42.414 [AsyncHttpClient-1-1] DEBUG org.asynchttpclient.netty.request.NettyRequestSender - Aborting Future NettyResponseFuture{currentRetry=0,
	isDone=0,
	isCancelled=0,
	asyncHandler=org.asynchttpclient.AsyncCompletionHandlerBase@5dd4b585,
	nettyRequest=org.asynchttpclient.netty.request.NettyRequest@1abf21,
	future=java.util.concurrent.CompletableFuture@6be6739c[Not completed],
	uri=http://localhost:64625/session/82ef663ad0c1aa0172e400ee8446cb7a/url,
	keepAlive=true,
	redirectCount=0,
	timeoutsHolder=org.asynchttpclient.netty.timeout.TimeoutsHolder@219aedd3,
	inAuth=0,
	touch=1667218542352}

19:18:42.414 [AsyncHttpClient-1-2] DEBUG org.asynchttpclient.netty.handler.HttpHandler - Channel Closed: [id: 0xe047abb5, L:/127.0.0.1:64207 ! R:localhost/127.0.0.1:64625] with attribute DISCARD
19:18:42.417 [AsyncHttpClient-1-1] DEBUG org.asynchttpclient.netty.request.NettyRequestSender - Request timeout to localhost/127.0.0.1:64625 after 180000 ms
java.util.concurrent.TimeoutException: Request timeout to localhost/127.0.0.1:64625 after 180000 ms
	at org.asynchttpclient.netty.timeout.TimeoutTimerTask.expire(TimeoutTimerTask.java:43)
	at org.asynchttpclient.netty.timeout.RequestTimeoutTimerTask.run(RequestTimeoutTimerTask.java:50)
	at io.netty.util.HashedWheelTimer$HashedWheelTimeout.run(HashedWheelTimer.java:715)
	at io.netty.util.concurrent.ImmediateExecutor.execute(ImmediateExecutor.java:34)
	at io.netty.util.HashedWheelTimer$HashedWheelTimeout.expire(HashedWheelTimer.java:703)
	at io.netty.util.HashedWheelTimer$HashedWheelBucket.expireTimeouts(HashedWheelTimer.java:790)
	at io.netty.util.HashedWheelTimer$Worker.run(HashedWheelTimer.java:503)
	at io.netty.util.concurrent.FastThreadLocalRunnable.run(FastThreadLocalRunnable.java:30)
	at java.base/java.lang.Thread.run(Thread.java:834)
19:18:42.417 [AsyncHttpClient-1-1] DEBUG org.asynchttpclient.AsyncCompletionHandler - Request timeout to localhost/127.0.0.1:64625 after 180000 ms
java.util.concurrent.TimeoutException: Request timeout to localhost/127.0.0.1:64625 after 180000 ms
	at org.asynchttpclient.netty.timeout.TimeoutTimerTask.expire(TimeoutTimerTask.java:43)
	at org.asynchttpclient.netty.timeout.RequestTimeoutTimerTask.run(RequestTimeoutTimerTask.java:50)
	at io.netty.util.HashedWheelTimer$HashedWheelTimeout.run(HashedWheelTimer.java:715)
	at io.netty.util.concurrent.ImmediateExecutor.execute(ImmediateExecutor.java:34)
	at io.netty.util.HashedWheelTimer$HashedWheelTimeout.expire(HashedWheelTimer.java:703)
	at io.netty.util.HashedWheelTimer$HashedWheelBucket.expireTimeouts(HashedWheelTimer.java:790)
	at io.netty.util.HashedWheelTimer$Worker.run(HashedWheelTimer.java:503)
	at io.netty.util.concurrent.FastThreadLocalRunnable.run(FastThreadLocalRunnable.java:30)
	at java.base/java.lang.Thread.run(Thread.java:834)
19:18:43.382 [AsyncHttpClient-1-5] DEBUG org.asynchttpclient.netty.channel.NettyConnectListener - Using new Channel '[id: 0x7c821a41, L:/127.0.0.1:64503 - R:localhost/127.0.0.1:64625]' for 'POST' to '/session/82ef663ad0c1aa0172e400ee8446cb7a/url'
19:21:43.411 [AsyncHttpClient-1-1] DEBUG org.asynchttpclient.netty.timeout.TimeoutTimerTask - Request timeout to localhost/127.0.0.1:64625 after 180000 ms for NettyResponseFuture{currentRetry=0,
	isDone=0,
	isCancelled=0,
	asyncHandler=org.asynchttpclient.AsyncCompletionHandlerBase@63a7f167,
	nettyRequest=org.asynchttpclient.netty.request.NettyRequest@f5fb8e4,
	future=java.util.concurrent.CompletableFuture@77e29806[Not completed],
	uri=http://localhost:64625/session/82ef663ad0c1aa0172e400ee8446cb7a/url,
	keepAlive=true,
	redirectCount=0,
	timeoutsHolder=org.asynchttpclient.netty.timeout.TimeoutsHolder@33ddd82,
	inAuth=0,
	touch=1667218723389} after 180032 ms
19:21:43.412 [AsyncHttpClient-1-1] DEBUG org.asynchttpclient.netty.channel.ChannelManager - Closing Channel [id: 0x7c821a41, L:/127.0.0.1:64503 - R:localhost/127.0.0.1:64625] 
19:21:43.412 [AsyncHttpClient-1-1] DEBUG org.asynchttpclient.netty.request.NettyRequestSender - Aborting Future NettyResponseFuture{currentRetry=0,
	isDone=0,
	isCancelled=0,
	asyncHandler=org.asynchttpclient.AsyncCompletionHandlerBase@63a7f167,
	nettyRequest=org.asynchttpclient.netty.request.NettyRequest@f5fb8e4,
	future=java.util.concurrent.CompletableFuture@77e29806[Not completed],
	uri=http://localhost:64625/session/82ef663ad0c1aa0172e400ee8446cb7a/url,
	keepAlive=true,
	redirectCount=0,
	timeoutsHolder=org.asynchttpclient.netty.timeout.TimeoutsHolder@33ddd82,
	inAuth=0,
	touch=1667218723389}

19:21:43.412 [AsyncHttpClient-1-1] DEBUG org.asynchttpclient.netty.request.NettyRequestSender - Request timeout to localhost/127.0.0.1:64625 after 180000 ms
java.util.concurrent.TimeoutException: Request timeout to localhost/127.0.0.1:64625 after 180000 ms
	at org.asynchttpclient.netty.timeout.TimeoutTimerTask.expire(TimeoutTimerTask.java:43)
	at org.asynchttpclient.netty.timeout.RequestTimeoutTimerTask.run(RequestTimeoutTimerTask.java:50)
	at io.netty.util.HashedWheelTimer$HashedWheelTimeout.run(HashedWheelTimer.java:715)
	at io.netty.util.concurrent.ImmediateExecutor.execute(ImmediateExecutor.java:34)
	at io.netty.util.HashedWheelTimer$HashedWheelTimeout.expire(HashedWheelTimer.java:703)
	at io.netty.util.HashedWheelTimer$HashedWheelBucket.expireTimeouts(HashedWheelTimer.java:790)
	at io.netty.util.HashedWheelTimer$Worker.run(HashedWheelTimer.java:503)
	at io.netty.util.concurrent.FastThreadLocalRunnable.run(FastThreadLocalRunnable.java:30)
	at java.base/java.lang.Thread.run(Thread.java:834)
19:21:43.412 [AsyncHttpClient-1-1] DEBUG org.asynchttpclient.AsyncCompletionHandler - Request timeout to localhost/127.0.0.1:64625 after 180000 ms
java.util.concurrent.TimeoutException: Request timeout to localhost/127.0.0.1:64625 after 180000 ms
	at org.asynchttpclient.netty.timeout.TimeoutTimerTask.expire(TimeoutTimerTask.java:43)
	at org.asynchttpclient.netty.timeout.RequestTimeoutTimerTask.run(RequestTimeoutTimerTask.java:50)
	at io.netty.util.HashedWheelTimer$HashedWheelTimeout.run(HashedWheelTimer.java:715)
	at io.netty.util.concurrent.ImmediateExecutor.execute(ImmediateExecutor.java:34)
	at io.netty.util.HashedWheelTimer$HashedWheelTimeout.expire(HashedWheelTimer.java:703)
	at io.netty.util.HashedWheelTimer$HashedWheelBucket.expireTimeouts(HashedWheelTimer.java:790)
	at io.netty.util.HashedWheelTimer$Worker.run(HashedWheelTimer.java:503)
	at io.netty.util.concurrent.FastThreadLocalRunnable.run(FastThreadLocalRunnable.java:30)
	at java.base/java.lang.Thread.run(Thread.java:834)
19:21:43.412 [AsyncHttpClient-1-5] DEBUG org.asynchttpclient.netty.handler.HttpHandler - Channel Closed: [id: 0x7c821a41, L:/127.0.0.1:64503 ! R:localhost/127.0.0.1:64625] with attribute DISCARD
19:21:45.404 [AsyncHttpClient-1-6] DEBUG org.asynchttpclient.netty.channel.NettyConnectListener - Using new Channel '[id: 0xee8f939a, L:/127.0.0.1:52961 - R:localhost/127.0.0.1:64625]' for 'POST' to '/session/82ef663ad0c1aa0172e400ee8446cb7a/url'
19:24:45.499 [AsyncHttpClient-1-1] DEBUG org.asynchttpclient.netty.timeout.TimeoutTimerTask - Request timeout to localhost/127.0.0.1:64625 after 180000 ms for NettyResponseFuture{currentRetry=0,
	isDone=0,
	isCancelled=0,
	asyncHandler=org.asynchttpclient.AsyncCompletionHandlerBase@5f4d384b,
	nettyRequest=org.asynchttpclient.netty.request.NettyRequest@2da733de,
	future=java.util.concurrent.CompletableFuture@4ee6bcc4[Not completed],
	uri=http://localhost:64625/session/82ef663ad0c1aa0172e400ee8446cb7a/url,
	keepAlive=true,
	redirectCount=0,
	timeoutsHolder=org.asynchttpclient.netty.timeout.TimeoutsHolder@23daa957,
	inAuth=0,
	touch=1667218905411} after 180099 ms
19:24:45.499 [AsyncHttpClient-1-1] DEBUG org.asynchttpclient.netty.channel.ChannelManager - Closing Channel [id: 0xee8f939a, L:/127.0.0.1:52961 - R:localhost/127.0.0.1:64625] 
19:24:45.499 [AsyncHttpClient-1-1] DEBUG org.asynchttpclient.netty.request.NettyRequestSender - Aborting Future NettyResponseFuture{currentRetry=0,
	isDone=0,
	isCancelled=0,
	asyncHandler=org.asynchttpclient.AsyncCompletionHandlerBase@5f4d384b,
	nettyRequest=org.asynchttpclient.netty.request.NettyRequest@2da733de,
	future=java.util.concurrent.CompletableFuture@4ee6bcc4[Not completed],
	uri=http://localhost:64625/session/82ef663ad0c1aa0172e400ee8446cb7a/url,
	keepAlive=true,
	redirectCount=0,
	timeoutsHolder=org.asynchttpclient.netty.timeout.TimeoutsHolder@23daa957,
	inAuth=0,
	touch=1667218905411}

19:24:45.499 [AsyncHttpClient-1-1] DEBUG org.asynchttpclient.netty.request.NettyRequestSender - Request timeout to localhost/127.0.0.1:64625 after 180000 ms
java.util.concurrent.TimeoutException: Request timeout to localhost/127.0.0.1:64625 after 180000 ms
	at org.asynchttpclient.netty.timeout.TimeoutTimerTask.expire(TimeoutTimerTask.java:43)
	at org.asynchttpclient.netty.timeout.RequestTimeoutTimerTask.run(RequestTimeoutTimerTask.java:50)
	at io.netty.util.HashedWheelTimer$HashedWheelTimeout.run(HashedWheelTimer.java:715)
	at io.netty.util.concurrent.ImmediateExecutor.execute(ImmediateExecutor.java:34)
	at io.netty.util.HashedWheelTimer$HashedWheelTimeout.expire(HashedWheelTimer.java:703)
	at io.netty.util.HashedWheelTimer$HashedWheelBucket.expireTimeouts(HashedWheelTimer.java:790)
	at io.netty.util.HashedWheelTimer$Worker.run(HashedWheelTimer.java:503)
	at io.netty.util.concurrent.FastThreadLocalRunnable.run(FastThreadLocalRunnable.java:30)
	at java.base/java.lang.Thread.run(Thread.java:834)
19:24:45.499 [AsyncHttpClient-1-1] DEBUG org.asynchttpclient.AsyncCompletionHandler - Request timeout to localhost/127.0.0.1:64625 after 180000 ms
java.util.concurrent.TimeoutException: Request timeout to localhost/127.0.0.1:64625 after 180000 ms
	at org.asynchttpclient.netty.timeout.TimeoutTimerTask.expire(TimeoutTimerTask.java:43)
	at org.asynchttpclient.netty.timeout.RequestTimeoutTimerTask.run(RequestTimeoutTimerTask.java:50)
	at io.netty.util.HashedWheelTimer$HashedWheelTimeout.run(HashedWheelTimer.java:715)
	at io.netty.util.concurrent.ImmediateExecutor.execute(ImmediateExecutor.java:34)
	at io.netty.util.HashedWheelTimer$HashedWheelTimeout.expire(HashedWheelTimer.java:703)
	at io.netty.util.HashedWheelTimer$HashedWheelBucket.expireTimeouts(HashedWheelTimer.java:790)
	at io.netty.util.HashedWheelTimer$Worker.run(HashedWheelTimer.java:503)
	at io.netty.util.concurrent.FastThreadLocalRunnable.run(FastThreadLocalRunnable.java:30)
	at java.base/java.lang.Thread.run(Thread.java:834)
19:24:45.500 [AsyncHttpClient-1-6] DEBUG org.asynchttpclient.netty.handler.HttpHandler - Channel Closed: [id: 0xee8f939a, L:/127.0.0.1:52961 ! R:localhost/127.0.0.1:64625] with attribute DISCARD
19:24:47.420 [AsyncHttpClient-1-7] DEBUG org.asynchttpclient.netty.channel.NettyConnectListener - Using new Channel '[id: 0xf15b9a4a, L:/127.0.0.1:53167 - R:localhost/127.0.0.1:64625]' for 'POST' to '/session/82ef663ad0c1aa0172e400ee8446cb7a/url'
19:25:53.614 [AsyncHttpClient-1-7] DEBUG org.asynchttpclient.netty.handler.HttpHandler - 

Request DefaultHttpRequest(decodeResult: success, version: HTTP/1.1)
POST /session/82ef663ad0c1aa0172e400ee8446cb7a/url HTTP/1.1
User-Agent: selenium/4.1.2 (java windows)
Content-Length: 59
Content-Type: application/json; charset=utf-8
host: localhost:64625
accept: */*

Response DefaultHttpResponse(decodeResult: success, version: HTTP/1.1)
HTTP/1.1 200 OK
Content-Type: application/json; charset=utf-8
cache-control: no-cache
content-length: 14

19:25:53.616 [AsyncHttpClient-1-7] DEBUG org.asynchttpclient.netty.channel.ChannelManager - Adding key: http://localhost:64625 for channel [id: 0xf15b9a4a, L:/127.0.0.1:53167 - R:localhost/127.0.0.1:64625]
19:25:53.642 [Forwarding setTimeout on session 82ef663ad0c1aa0172e400ee8446cb7a to remote] DEBUG org.asynchttpclient.netty.request.NettyRequestSender - Using pooled Channel '[id: 0xf15b9a4a, L:/127.0.0.1:53167 - R:localhost/127.0.0.1:64625]' for 'POST' to 'http://localhost:64625/session/82ef663ad0c1aa0172e400ee8446cb7a/timeouts'
19:25:53.642 [Forwarding setTimeout on session 82ef663ad0c1aa0172e400ee8446cb7a to remote] DEBUG org.asynchttpclient.netty.request.NettyRequestSender - Using open Channel [id: 0xf15b9a4a, L:/127.0.0.1:53167 - R:localhost/127.0.0.1:64625] for POST '/session/82ef663ad0c1aa0172e400ee8446cb7a/timeouts'
19:25:53.646 [AsyncHttpClient-1-7] DEBUG org.asynchttpclient.netty.handler.HttpHandler - 

Request DefaultHttpRequest(decodeResult: success, version: HTTP/1.1)
POST /session/82ef663ad0c1aa0172e400ee8446cb7a/timeouts HTTP/1.1
User-Agent: selenium/4.1.2 (java windows)
Content-Length: 22
Content-Type: application/json; charset=utf-8
host: localhost:64625
accept: */*

Response DefaultHttpResponse(decodeResult: success, version: HTTP/1.1)
HTTP/1.1 200 OK
Content-Type: application/json; charset=utf-8
cache-control: no-cache
content-length: 14

19:25:53.646 [AsyncHttpClient-1-7] DEBUG org.asynchttpclient.netty.channel.ChannelManager - Adding key: http://localhost:64625 for channel [id: 0xf15b9a4a, L:/127.0.0.1:53167 - R:localhost/127.0.0.1:64625]
19:25:53.661 [Forwarding getCurrentUrl on session 82ef663ad0c1aa0172e400ee8446cb7a to remote] DEBUG org.asynchttpclient.netty.request.NettyRequestSender - Using pooled Channel '[id: 0xf15b9a4a, L:/127.0.0.1:53167 - R:localhost/127.0.0.1:64625]' for 'GET' to 'http://localhost:64625/session/82ef663ad0c1aa0172e400ee8446cb7a/url'
19:25:53.661 [Forwarding getCurrentUrl on session 82ef663ad0c1aa0172e400ee8446cb7a to remote] DEBUG org.asynchttpclient.netty.request.NettyRequestSender - Using open Channel [id: 0xf15b9a4a, L:/127.0.0.1:53167 - R:localhost/127.0.0.1:64625] for GET '/session/82ef663ad0c1aa0172e400ee8446cb7a/url'
19:25:53.674 [AsyncHttpClient-1-7] DEBUG org.asynchttpclient.netty.handler.HttpHandler - 

Request DefaultFullHttpRequest(decodeResult: success, version: HTTP/1.1, content: EmptyByteBufBE)
GET /session/82ef663ad0c1aa0172e400ee8446cb7a/url HTTP/1.1
User-Agent: selenium/4.1.2 (java windows)
Cache-Control: no-cache
Content-Type: application/json; charset=utf-8
host: localhost:64625
accept: */*

Response DefaultHttpResponse(decodeResult: success, version: HTTP/1.1)
HTTP/1.1 200 OK
Content-Type: application/json; charset=utf-8
cache-control: no-cache
content-length: 41

19:25:53.674 [AsyncHttpClient-1-7] DEBUG org.asynchttpclient.netty.channel.ChannelManager - Adding key: http://localhost:64625 for channel [id: 0xf15b9a4a, L:/127.0.0.1:53167 - R:localhost/127.0.0.1:64625]
  &amp#27;[32mGiven &amp#27;[0m&amp#27;[32mI open the website&amp#27;[0m                                                  &amp#27;[90m# starter.steps.RegistrationStep.iOpenTheWebsite()&amp#27;[0m
19:25:53.746 [main] DEBUG net.serenitybdd.core.photography.Darkroom - Opening darkroom
19:25:53.748 [Darkroom Processing Line] DEBUG net.serenitybdd.core.photography.DarkroomProcessingLine - Darkroom processing line starting up
19:25:53.750 [Forwarding screenshot on session 82ef663ad0c1aa0172e400ee8446cb7a to remote] DEBUG org.asynchttpclient.netty.request.NettyRequestSender - Using pooled Channel '[id: 0xf15b9a4a, L:/127.0.0.1:53167 - R:localhost/127.0.0.1:64625]' for 'GET' to 'http://localhost:64625/session/82ef663ad0c1aa0172e400ee8446cb7a/screenshot'
19:25:53.751 [Forwarding screenshot on session 82ef663ad0c1aa0172e400ee8446cb7a to remote] DEBUG org.asynchttpclient.netty.request.NettyRequestSender - Using open Channel [id: 0xf15b9a4a, L:/127.0.0.1:53167 - R:localhost/127.0.0.1:64625] for GET '/session/82ef663ad0c1aa0172e400ee8446cb7a/screenshot'
19:25:53.884 [AsyncHttpClient-1-7] DEBUG org.asynchttpclient.netty.handler.HttpHandler - 

Request DefaultFullHttpRequest(decodeResult: success, version: HTTP/1.1, content: EmptyByteBufBE)
GET /session/82ef663ad0c1aa0172e400ee8446cb7a/screenshot HTTP/1.1
User-Agent: selenium/4.1.2 (java windows)
Cache-Control: no-cache
Content-Type: application/json; charset=utf-8
host: localhost:64625
accept: */*

Response DefaultHttpResponse(decodeResult: success, version: HTTP/1.1)
HTTP/1.1 200 OK
Content-Type: application/json; charset=utf-8
cache-control: no-cache
content-length: 8600

19:25:53.886 [AsyncHttpClient-1-7] DEBUG org.asynchttpclient.netty.channel.ChannelManager - Adding key: http://localhost:64625 for channel [id: 0xf15b9a4a, L:/127.0.0.1:53167 - R:localhost/127.0.0.1:64625]
19:25:54.003 [main] DEBUG net.serenitybdd.core.photography.Darkroom - Send negative for processing for target\site\serenity\85c1f30a4c62666a24040a1d2051d824563798830b08054a345902c7784171fd.png
19:25:54.003 [Darkroom Processing Line] DEBUG net.serenitybdd.core.photography.DarkroomProcessingLine - Processing screenshot image in /var/screenshots/screenshot-458029189423027152
19:25:54.004 [Darkroom Processing Line] DEBUG net.serenitybdd.core.photography.DarkroomProcessingLine - Saving screenshot to target\site\serenity\85c1f30a4c62666a24040a1d2051d824563798830b08054a345902c7784171fd.png
19:25:54.045 [Forwarding findElement on session 82ef663ad0c1aa0172e400ee8446cb7a to remote] DEBUG org.asynchttpclient.netty.request.NettyRequestSender - Using pooled Channel '[id: 0xf15b9a4a, L:/127.0.0.1:53167 - R:localhost/127.0.0.1:64625]' for 'POST' to 'http://localhost:64625/session/82ef663ad0c1aa0172e400ee8446cb7a/element'
19:25:54.045 [Forwarding findElement on session 82ef663ad0c1aa0172e400ee8446cb7a to remote] DEBUG org.asynchttpclient.netty.request.NettyRequestSender - Using open Channel [id: 0xf15b9a4a, L:/127.0.0.1:53167 - R:localhost/127.0.0.1:64625] for POST '/session/82ef663ad0c1aa0172e400ee8446cb7a/element'
19:28:54.105 [AsyncHttpClient-1-1] DEBUG org.asynchttpclient.netty.timeout.TimeoutTimerTask - Request timeout to localhost/127.0.0.1:64625 after 180000 ms for NettyResponseFuture{currentRetry=0,
	isDone=0,
	isCancelled=0,
	asyncHandler=org.asynchttpclient.AsyncCompletionHandlerBase@15635207,
	nettyRequest=org.asynchttpclient.netty.request.NettyRequest@14ebab6,
	future=java.util.concurrent.CompletableFuture@7a3536c7[Not completed],
	uri=http://localhost:64625/session/82ef663ad0c1aa0172e400ee8446cb7a/element,
	keepAlive=true,
	redirectCount=0,
	timeoutsHolder=org.asynchttpclient.netty.timeout.TimeoutsHolder@cd3a8c7,
	inAuth=0,
	touch=1667219154047} after 180060 ms
19:28:54.106 [AsyncHttpClient-1-1] DEBUG org.asynchttpclient.netty.channel.ChannelManager - Closing Channel [id: 0xf15b9a4a, L:/127.0.0.1:53167 - R:localhost/127.0.0.1:64625] 
19:28:54.106 [AsyncHttpClient-1-1] DEBUG org.asynchttpclient.netty.request.NettyRequestSender - Aborting Future NettyResponseFuture{currentRetry=0,
	isDone=0,
	isCancelled=0,
	asyncHandler=org.asynchttpclient.AsyncCompletionHandlerBase@15635207,
	nettyRequest=org.asynchttpclient.netty.request.NettyRequest@14ebab6,
	future=java.util.concurrent.CompletableFuture@7a3536c7[Not completed],
	uri=http://localhost:64625/session/82ef663ad0c1aa0172e400ee8446cb7a/element,
	keepAlive=true,
	redirectCount=0,
	timeoutsHolder=org.asynchttpclient.netty.timeout.TimeoutsHolder@cd3a8c7,
	inAuth=0,
	touch=1667219154047}

19:28:54.108 [AsyncHttpClient-1-1] DEBUG org.asynchttpclient.netty.request.NettyRequestSender - Request timeout to localhost/127.0.0.1:64625 after 180000 ms
java.util.concurrent.TimeoutException: Request timeout to localhost/127.0.0.1:64625 after 180000 ms
	at org.asynchttpclient.netty.timeout.TimeoutTimerTask.expire(TimeoutTimerTask.java:43)
	at org.asynchttpclient.netty.timeout.RequestTimeoutTimerTask.run(RequestTimeoutTimerTask.java:50)
	at io.netty.util.HashedWheelTimer$HashedWheelTimeout.run(HashedWheelTimer.java:715)
	at io.netty.util.concurrent.ImmediateExecutor.execute(ImmediateExecutor.java:34)
	at io.netty.util.HashedWheelTimer$HashedWheelTimeout.expire(HashedWheelTimer.java:703)
	at io.netty.util.HashedWheelTimer$HashedWheelBucket.expireTimeouts(HashedWheelTimer.java:790)
	at io.netty.util.HashedWheelTimer$Worker.run(HashedWheelTimer.java:503)
	at io.netty.util.concurrent.FastThreadLocalRunnable.run(FastThreadLocalRunnable.java:30)
	at java.base/java.lang.Thread.run(Thread.java:834)
19:28:54.108 [AsyncHttpClient-1-1] DEBUG org.asynchttpclient.AsyncCompletionHandler - Request timeout to localhost/127.0.0.1:64625 after 180000 ms
java.util.concurrent.TimeoutException: Request timeout to localhost/127.0.0.1:64625 after 180000 ms
	at org.asynchttpclient.netty.timeout.TimeoutTimerTask.expire(TimeoutTimerTask.java:43)
	at org.asynchttpclient.netty.timeout.RequestTimeoutTimerTask.run(RequestTimeoutTimerTask.java:50)
	at io.netty.util.HashedWheelTimer$HashedWheelTimeout.run(HashedWheelTimer.java:715)
	at io.netty.util.concurrent.ImmediateExecutor.execute(ImmediateExecutor.java:34)
	at io.netty.util.HashedWheelTimer$HashedWheelTimeout.expire(HashedWheelTimer.java:703)
	at io.netty.util.HashedWheelTimer$HashedWheelBucket.expireTimeouts(HashedWheelTimer.java:790)
	at io.netty.util.HashedWheelTimer$Worker.run(HashedWheelTimer.java:503)
	at io.netty.util.concurrent.FastThreadLocalRunnable.run(FastThreadLocalRunnable.java:30)
	at java.base/java.lang.Thread.run(Thread.java:834)
19:28:54.107 [AsyncHttpClient-1-7] DEBUG org.asynchttpclient.netty.handler.HttpHandler - Channel Closed: [id: 0xf15b9a4a, L:/127.0.0.1:53167 ! R:localhost/127.0.0.1:64625] with attribute DISCARD
19:28:55.076 [AsyncHttpClient-1-8] DEBUG org.asynchttpclient.netty.channel.NettyConnectListener - Using new Channel '[id: 0x51206f32, L:/127.0.0.1:53479 - R:localhost/127.0.0.1:64625]' for 'POST' to '/session/82ef663ad0c1aa0172e400ee8446cb7a/element'
19:29:10.525 [AsyncHttpClient-1-8] DEBUG org.asynchttpclient.netty.handler.HttpHandler - 

Request DefaultHttpRequest(decodeResult: success, version: HTTP/1.1)
POST /session/82ef663ad0c1aa0172e400ee8446cb7a/element HTTP/1.1
User-Agent: selenium/4.1.2 (java windows)
Content-Length: 97
Content-Type: application/json; charset=utf-8
host: localhost:64625
accept: */*

Response DefaultHttpResponse(decodeResult: success, version: HTTP/1.1)
HTTP/1.1 200 OK
Content-Type: application/json; charset=utf-8
cache-control: no-cache
content-length: 88

19:29:10.526 [AsyncHttpClient-1-8] DEBUG org.asynchttpclient.netty.channel.ChannelManager - Adding key: http://localhost:64625 for channel [id: 0x51206f32, L:/127.0.0.1:53479 - R:localhost/127.0.0.1:64625]
19:29:10.532 [Forwarding getElementTagName on session 82ef663ad0c1aa0172e400ee8446cb7a to remote] DEBUG org.asynchttpclient.netty.request.NettyRequestSender - Using pooled Channel '[id: 0x51206f32, L:/127.0.0.1:53479 - R:localhost/127.0.0.1:64625]' for 'GET' to 'http://localhost:64625/session/82ef663ad0c1aa0172e400ee8446cb7a/element/aeb09594-f41a-4cf8-a4a4-20af0f1d760d/name'
19:29:10.532 [Forwarding getElementTagName on session 82ef663ad0c1aa0172e400ee8446cb7a to remote] DEBUG org.asynchttpclient.netty.request.NettyRequestSender - Using open Channel [id: 0x51206f32, L:/127.0.0.1:53479 - R:localhost/127.0.0.1:64625] for GET '/session/82ef663ad0c1aa0172e400ee8446cb7a/element/aeb09594-f41a-4cf8-a4a4-20af0f1d760d/name'
19:29:10.538 [AsyncHttpClient-1-8] DEBUG org.asynchttpclient.netty.handler.HttpHandler - 

Request DefaultFullHttpRequest(decodeResult: success, version: HTTP/1.1, content: EmptyByteBufBE)
GET /session/82ef663ad0c1aa0172e400ee8446cb7a/element/aeb09594-f41a-4cf8-a4a4-20af0f1d760d/name HTTP/1.1
User-Agent: selenium/4.1.2 (java windows)
Cache-Control: no-cache
Content-Type: application/json; charset=utf-8
host: localhost:64625
accept: */*

Response DefaultHttpResponse(decodeResult: success, version: HTTP/1.1)
HTTP/1.1 200 OK
Content-Type: application/json; charset=utf-8
cache-control: no-cache
content-length: 13

19:29:10.538 [AsyncHttpClient-1-8] DEBUG org.asynchttpclient.netty.channel.ChannelManager - Adding key: http://localhost:64625 for channel [id: 0x51206f32, L:/127.0.0.1:53479 - R:localhost/127.0.0.1:64625]
19:29:10.540 [Forwarding getElementTagName on session 82ef663ad0c1aa0172e400ee8446cb7a to remote] DEBUG org.asynchttpclient.netty.request.NettyRequestSender - Using pooled Channel '[id: 0x51206f32, L:/127.0.0.1:53479 - R:localhost/127.0.0.1:64625]' for 'GET' to 'http://localhost:64625/session/82ef663ad0c1aa0172e400ee8446cb7a/element/aeb09594-f41a-4cf8-a4a4-20af0f1d760d/name'
19:29:10.540 [Forwarding getElementTagName on session 82ef663ad0c1aa0172e400ee8446cb7a to remote] DEBUG org.asynchttpclient.netty.request.NettyRequestSender - Using open Channel [id: 0x51206f32, L:/127.0.0.1:53479 - R:localhost/127.0.0.1:64625] for GET '/session/82ef663ad0c1aa0172e400ee8446cb7a/element/aeb09594-f41a-4cf8-a4a4-20af0f1d760d/name'
19:29:10.543 [AsyncHttpClient-1-8] DEBUG org.asynchttpclient.netty.handler.HttpHandler - 

Request DefaultFullHttpRequest(decodeResult: success, version: HTTP/1.1, content: EmptyByteBufBE)
GET /session/82ef663ad0c1aa0172e400ee8446cb7a/element/aeb09594-f41a-4cf8-a4a4-20af0f1d760d/name HTTP/1.1
User-Agent: selenium/4.1.2 (java windows)
Cache-Control: no-cache
Content-Type: application/json; charset=utf-8
host: localhost:64625
accept: */*

Response DefaultHttpResponse(decodeResult: success, version: HTTP/1.1)
HTTP/1.1 200 OK
Content-Type: application/json; charset=utf-8
cache-control: no-cache
content-length: 13

19:29:10.543 [AsyncHttpClient-1-8] DEBUG org.asynchttpclient.netty.channel.ChannelManager - Adding key: http://localhost:64625 for channel [id: 0x51206f32, L:/127.0.0.1:53479 - R:localhost/127.0.0.1:64625]
19:29:10.546 [Forwarding findElement on session 82ef663ad0c1aa0172e400ee8446cb7a to remote] DEBUG org.asynchttpclient.netty.request.NettyRequestSender - Using pooled Channel '[id: 0x51206f32, L:/127.0.0.1:53479 - R:localhost/127.0.0.1:64625]' for 'POST' to 'http://localhost:64625/session/82ef663ad0c1aa0172e400ee8446cb7a/element'
19:29:10.546 [Forwarding findElement on session 82ef663ad0c1aa0172e400ee8446cb7a to remote] DEBUG org.asynchttpclient.netty.request.NettyRequestSender - Using open Channel [id: 0x51206f32, L:/127.0.0.1:53479 - R:localhost/127.0.0.1:64625] for POST '/session/82ef663ad0c1aa0172e400ee8446cb7a/element'
19:29:10.562 [AsyncHttpClient-1-8] DEBUG org.asynchttpclient.netty.handler.HttpHandler - 

Request DefaultHttpRequest(decodeResult: success, version: HTTP/1.1)
POST /session/82ef663ad0c1aa0172e400ee8446cb7a/element HTTP/1.1
User-Agent: selenium/4.1.2 (java windows)
Content-Length: 97
Content-Type: application/json; charset=utf-8
host: localhost:64625
accept: */*

Response DefaultHttpResponse(decodeResult: success, version: HTTP/1.1)
HTTP/1.1 200 OK
Content-Type: application/json; charset=utf-8
cache-control: no-cache
content-length: 88

19:29:10.564 [AsyncHttpClient-1-8] DEBUG org.asynchttpclient.netty.channel.ChannelManager - Adding key: http://localhost:64625 for channel [id: 0x51206f32, L:/127.0.0.1:53479 - R:localhost/127.0.0.1:64625]
19:29:10.573 [Forwarding clickElement on session 82ef663ad0c1aa0172e400ee8446cb7a to remote] DEBUG org.asynchttpclient.netty.request.NettyRequestSender - Using pooled Channel '[id: 0x51206f32, L:/127.0.0.1:53479 - R:localhost/127.0.0.1:64625]' for 'POST' to 'http://localhost:64625/session/82ef663ad0c1aa0172e400ee8446cb7a/element/aeb09594-f41a-4cf8-a4a4-20af0f1d760d/click'
19:29:10.574 [Forwarding clickElement on session 82ef663ad0c1aa0172e400ee8446cb7a to remote] DEBUG org.asynchttpclient.netty.request.NettyRequestSender - Using open Channel [id: 0x51206f32, L:/127.0.0.1:53479 - R:localhost/127.0.0.1:64625] for POST '/session/82ef663ad0c1aa0172e400ee8446cb7a/element/aeb09594-f41a-4cf8-a4a4-20af0f1d760d/click'
19:29:10.659 [AsyncHttpClient-1-8] DEBUG org.asynchttpclient.netty.handler.HttpHandler - 

Request DefaultHttpRequest(decodeResult: success, version: HTTP/1.1)
POST /session/82ef663ad0c1aa0172e400ee8446cb7a/element/aeb09594-f41a-4cf8-a4a4-20af0f1d760d/click HTTP/1.1
User-Agent: selenium/4.1.2 (java windows)
Content-Length: 50
Content-Type: application/json; charset=utf-8
host: localhost:64625
accept: */*

Response DefaultHttpResponse(decodeResult: success, version: HTTP/1.1)
HTTP/1.1 200 OK
Content-Type: application/json; charset=utf-8
cache-control: no-cache
content-length: 14

19:29:10.659 [AsyncHttpClient-1-8] DEBUG org.asynchttpclient.netty.channel.ChannelManager - Adding key: http://localhost:64625 for channel [id: 0x51206f32, L:/127.0.0.1:53479 - R:localhost/127.0.0.1:64625]
  &amp#27;[32mWhen &amp#27;[0m&amp#27;[32mI click sign in button&amp#27;[0m                                               &amp#27;[90m# starter.steps.RegistrationStep.iClickSignInButton()&amp#27;[0m
19:29:10.678 [Forwarding screenshot on session 82ef663ad0c1aa0172e400ee8446cb7a to remote] DEBUG org.asynchttpclient.netty.request.NettyRequestSender - Using pooled Channel '[id: 0x51206f32, L:/127.0.0.1:53479 - R:localhost/127.0.0.1:64625]' for 'GET' to 'http://localhost:64625/session/82ef663ad0c1aa0172e400ee8446cb7a/screenshot'
19:29:10.678 [Forwarding screenshot on session 82ef663ad0c1aa0172e400ee8446cb7a to remote] DEBUG org.asynchttpclient.netty.request.NettyRequestSender - Using open Channel [id: 0x51206f32, L:/127.0.0.1:53479 - R:localhost/127.0.0.1:64625] for GET '/session/82ef663ad0c1aa0172e400ee8446cb7a/screenshot'
19:29:11.020 [AsyncHttpClient-1-8] DEBUG org.asynchttpclient.netty.handler.HttpHandler - 

Request DefaultFullHttpRequest(decodeResult: success, version: HTTP/1.1, content: EmptyByteBufBE)
GET /session/82ef663ad0c1aa0172e400ee8446cb7a/screenshot HTTP/1.1
User-Agent: selenium/4.1.2 (java windows)
Cache-Control: no-cache
Content-Type: application/json; charset=utf-8
host: localhost:64625
accept: */*

Response DefaultHttpResponse(decodeResult: success, version: HTTP/1.1)
HTTP/1.1 200 OK
Content-Type: application/json; charset=utf-8
cache-control: no-cache
content-length: 37612

19:29:11.022 [AsyncHttpClient-1-8] DEBUG org.asynchttpclient.netty.channel.ChannelManager - Adding key: http://localhost:64625 for channel [id: 0x51206f32, L:/127.0.0.1:53479 - R:localhost/127.0.0.1:64625]
19:29:11.027 [main] DEBUG net.serenitybdd.core.photography.Darkroom - Send negative for processing for target\site\serenity\63b199fcc25c4e836737fc37ecdc40e8ca7434f24a51f7ed9e749dc40979fb56.png
19:29:11.029 [Darkroom Processing Line] DEBUG net.serenitybdd.core.photography.DarkroomProcessingLine - Processing screenshot image in /var/screenshots/screenshot-14502573333857322323
19:29:11.029 [Darkroom Processing Line] DEBUG net.serenitybdd.core.photography.DarkroomProcessingLine - Saving screenshot to target\site\serenity\63b199fcc25c4e836737fc37ecdc40e8ca7434f24a51f7ed9e749dc40979fb56.png
19:29:11.312 [AsyncHttpClient-1-1] DEBUG org.asynchttpclient.netty.channel.DefaultChannelPool - Entry count for : http://localhost:64625 : 1
19:29:11.430 [Forwarding findElement on session 82ef663ad0c1aa0172e400ee8446cb7a to remote] DEBUG org.asynchttpclient.netty.request.NettyRequestSender - Using pooled Channel '[id: 0x51206f32, L:/127.0.0.1:53479 - R:localhost/127.0.0.1:64625]' for 'POST' to 'http://localhost:64625/session/82ef663ad0c1aa0172e400ee8446cb7a/element'
19:29:11.430 [Forwarding findElement on session 82ef663ad0c1aa0172e400ee8446cb7a to remote] DEBUG org.asynchttpclient.netty.request.NettyRequestSender - Using open Channel [id: 0x51206f32, L:/127.0.0.1:53479 - R:localhost/127.0.0.1:64625] for POST '/session/82ef663ad0c1aa0172e400ee8446cb7a/element'
19:29:11.444 [AsyncHttpClient-1-8] DEBUG org.asynchttpclient.netty.handler.HttpHandler - 

Request DefaultHttpRequest(decodeResult: success, version: HTTP/1.1)
POST /session/82ef663ad0c1aa0172e400ee8446cb7a/element HTTP/1.1
User-Agent: selenium/4.1.2 (java windows)
Content-Length: 87
Content-Type: application/json; charset=utf-8
host: localhost:64625
accept: */*

Response DefaultHttpResponse(decodeResult: success, version: HTTP/1.1)
HTTP/1.1 200 OK
Content-Type: application/json; charset=utf-8
cache-control: no-cache
content-length: 88

19:29:11.444 [AsyncHttpClient-1-8] DEBUG org.asynchttpclient.netty.channel.ChannelManager - Adding key: http://localhost:64625 for channel [id: 0x51206f32, L:/127.0.0.1:53479 - R:localhost/127.0.0.1:64625]
19:29:11.446 [Forwarding clearElement on session 82ef663ad0c1aa0172e400ee8446cb7a to remote] DEBUG org.asynchttpclient.netty.request.NettyRequestSender - Using pooled Channel '[id: 0x51206f32, L:/127.0.0.1:53479 - R:localhost/127.0.0.1:64625]' for 'POST' to 'http://localhost:64625/session/82ef663ad0c1aa0172e400ee8446cb7a/element/e31da5f2-4f54-4ede-b284-b7e4798f9dba/clear'
19:29:11.446 [Forwarding clearElement on session 82ef663ad0c1aa0172e400ee8446cb7a to remote] DEBUG org.asynchttpclient.netty.request.NettyRequestSender - Using open Channel [id: 0x51206f32, L:/127.0.0.1:53479 - R:localhost/127.0.0.1:64625] for POST '/session/82ef663ad0c1aa0172e400ee8446cb7a/element/e31da5f2-4f54-4ede-b284-b7e4798f9dba/clear'
19:29:11.474 [AsyncHttpClient-1-8] DEBUG org.asynchttpclient.netty.handler.HttpHandler - 

Request DefaultHttpRequest(decodeResult: success, version: HTTP/1.1)
POST /session/82ef663ad0c1aa0172e400ee8446cb7a/element/e31da5f2-4f54-4ede-b284-b7e4798f9dba/clear HTTP/1.1
User-Agent: selenium/4.1.2 (java windows)
Content-Length: 50
Content-Type: application/json; charset=utf-8
host: localhost:64625
accept: */*

Response DefaultHttpResponse(decodeResult: success, version: HTTP/1.1)
HTTP/1.1 200 OK
Content-Type: application/json; charset=utf-8
cache-control: no-cache
content-length: 14

19:29:11.475 [AsyncHttpClient-1-8] DEBUG org.asynchttpclient.netty.channel.ChannelManager - Adding key: http://localhost:64625 for channel [id: 0x51206f32, L:/127.0.0.1:53479 - R:localhost/127.0.0.1:64625]
19:29:11.481 [Forwarding sendKeysToElement on session 82ef663ad0c1aa0172e400ee8446cb7a to remote] DEBUG org.asynchttpclient.netty.request.NettyRequestSender - Using pooled Channel '[id: 0x51206f32, L:/127.0.0.1:53479 - R:localhost/127.0.0.1:64625]' for 'POST' to 'http://localhost:64625/session/82ef663ad0c1aa0172e400ee8446cb7a/element/e31da5f2-4f54-4ede-b284-b7e4798f9dba/value'
19:29:11.481 [Forwarding sendKeysToElement on session 82ef663ad0c1aa0172e400ee8446cb7a to remote] DEBUG org.asynchttpclient.netty.request.NettyRequestSender - Using open Channel [id: 0x51206f32, L:/127.0.0.1:53479 - R:localhost/127.0.0.1:64625] for POST '/session/82ef663ad0c1aa0172e400ee8446cb7a/element/e31da5f2-4f54-4ede-b284-b7e4798f9dba/value'
19:29:11.811 [AsyncHttpClient-1-8] DEBUG org.asynchttpclient.netty.handler.HttpHandler - 

Request DefaultHttpRequest(decodeResult: success, version: HTTP/1.1)
POST /session/82ef663ad0c1aa0172e400ee8446cb7a/element/e31da5f2-4f54-4ede-b284-b7e4798f9dba/value HTTP/1.1
User-Agent: selenium/4.1.2 (java windows)
Content-Length: 291
Content-Type: application/json; charset=utf-8
host: localhost:64625
accept: */*

Response DefaultHttpResponse(decodeResult: success, version: HTTP/1.1)
HTTP/1.1 200 OK
Content-Type: application/json; charset=utf-8
cache-control: no-cache
content-length: 14

19:29:11.813 [AsyncHttpClient-1-8] DEBUG org.asynchttpclient.netty.channel.ChannelManager - Adding key: http://localhost:64625 for channel [id: 0x51206f32, L:/127.0.0.1:53479 - R:localhost/127.0.0.1:64625]
19:29:11.832 [Forwarding findElement on session 82ef663ad0c1aa0172e400ee8446cb7a to remote] DEBUG org.asynchttpclient.netty.request.NettyRequestSender - Using pooled Channel '[id: 0x51206f32, L:/127.0.0.1:53479 - R:localhost/127.0.0.1:64625]' for 'POST' to 'http://localhost:64625/session/82ef663ad0c1aa0172e400ee8446cb7a/element'
19:29:11.833 [Forwarding findElement on session 82ef663ad0c1aa0172e400ee8446cb7a to remote] DEBUG org.asynchttpclient.netty.request.NettyRequestSender - Using open Channel [id: 0x51206f32, L:/127.0.0.1:53479 - R:localhost/127.0.0.1:64625] for POST '/session/82ef663ad0c1aa0172e400ee8446cb7a/element'
19:31:12.983 [AsyncHttpClient-1-8] DEBUG org.asynchttpclient.netty.handler.HttpHandler - 

Request DefaultHttpRequest(decodeResult: success, version: HTTP/1.1)
POST /session/82ef663ad0c1aa0172e400ee8446cb7a/element HTTP/1.1
User-Agent: selenium/4.1.2 (java windows)
Content-Length: 89
Content-Type: application/json; charset=utf-8
host: localhost:64625
accept: */*

Response DefaultHttpResponse(decodeResult: success, version: HTTP/1.1)
HTTP/1.1 200 OK
Content-Type: application/json; charset=utf-8
cache-control: no-cache
content-length: 88

19:31:12.984 [AsyncHttpClient-1-8] DEBUG org.asynchttpclient.netty.channel.ChannelManager - Adding key: http://localhost:64625 for channel [id: 0x51206f32, L:/127.0.0.1:53479 - R:localhost/127.0.0.1:64625]
19:31:12.986 [Forwarding clearElement on session 82ef663ad0c1aa0172e400ee8446cb7a to remote] DEBUG org.asynchttpclient.netty.request.NettyRequestSender - Using pooled Channel '[id: 0x51206f32, L:/127.0.0.1:53479 - R:localhost/127.0.0.1:64625]' for 'POST' to 'http://localhost:64625/session/82ef663ad0c1aa0172e400ee8446cb7a/element/935c6b2c-cb33-44cd-a701-e35b12999200/clear'
19:31:12.986 [Forwarding clearElement on session 82ef663ad0c1aa0172e400ee8446cb7a to remote] DEBUG org.asynchttpclient.netty.request.NettyRequestSender - Using open Channel [id: 0x51206f32, L:/127.0.0.1:53479 - R:localhost/127.0.0.1:64625] for POST '/session/82ef663ad0c1aa0172e400ee8446cb7a/element/935c6b2c-cb33-44cd-a701-e35b12999200/clear'
19:31:13.011 [AsyncHttpClient-1-8] DEBUG org.asynchttpclient.netty.handler.HttpHandler - 

Request DefaultHttpRequest(decodeResult: success, version: HTTP/1.1)
POST /session/82ef663ad0c1aa0172e400ee8446cb7a/element/935c6b2c-cb33-44cd-a701-e35b12999200/clear HTTP/1.1
User-Agent: selenium/4.1.2 (java windows)
Content-Length: 50
Content-Type: application/json; charset=utf-8
host: localhost:64625
accept: */*

Response DefaultHttpResponse(decodeResult: success, version: HTTP/1.1)
HTTP/1.1 200 OK
Content-Type: application/json; charset=utf-8
cache-control: no-cache
content-length: 14

19:31:13.025 [AsyncHttpClient-1-8] DEBUG org.asynchttpclient.netty.channel.ChannelManager - Adding key: http://localhost:64625 for channel [id: 0x51206f32, L:/127.0.0.1:53479 - R:localhost/127.0.0.1:64625]
19:31:13.028 [Forwarding sendKeysToElement on session 82ef663ad0c1aa0172e400ee8446cb7a to remote] DEBUG org.asynchttpclient.netty.request.NettyRequestSender - Using pooled Channel '[id: 0x51206f32, L:/127.0.0.1:53479 - R:localhost/127.0.0.1:64625]' for 'POST' to 'http://localhost:64625/session/82ef663ad0c1aa0172e400ee8446cb7a/element/935c6b2c-cb33-44cd-a701-e35b12999200/value'
19:31:13.028 [Forwarding sendKeysToElement on session 82ef663ad0c1aa0172e400ee8446cb7a to remote] DEBUG org.asynchttpclient.netty.request.NettyRequestSender - Using open Channel [id: 0x51206f32, L:/127.0.0.1:53479 - R:localhost/127.0.0.1:64625] for POST '/session/82ef663ad0c1aa0172e400ee8446cb7a/element/935c6b2c-cb33-44cd-a701-e35b12999200/value'
19:31:13.105 [AsyncHttpClient-1-8] DEBUG org.asynchttpclient.netty.handler.HttpHandler - 

Request DefaultHttpRequest(decodeResult: success, version: HTTP/1.1)
POST /session/82ef663ad0c1aa0172e400ee8446cb7a/element/935c6b2c-cb33-44cd-a701-e35b12999200/value HTTP/1.1
User-Agent: selenium/4.1.2 (java windows)
Content-Length: 181
Content-Type: application/json; charset=utf-8
host: localhost:64625
accept: */*

Response DefaultHttpResponse(decodeResult: success, version: HTTP/1.1)
HTTP/1.1 200 OK
Content-Type: application/json; charset=utf-8
cache-control: no-cache
content-length: 14

19:31:13.106 [AsyncHttpClient-1-8] DEBUG org.asynchttpclient.netty.channel.ChannelManager - Adding key: http://localhost:64625 for channel [id: 0x51206f32, L:/127.0.0.1:53479 - R:localhost/127.0.0.1:64625]
  &amp#27;[32mAnd &amp#27;[0m&amp#27;[32mI input &amp#27;[0m&amp#27;[32m&amp#27;[1m"maylananggi@gmail.com"&amp#27;[0m&amp#27;[32m email and &amp#27;[0m&amp#27;[32m&amp#27;[1m"maylanqe22"&amp#27;[0m&amp#27;[32m password valid&amp#27;[0m &amp#27;[90m# starter.steps.DetailStep.iInputEmailAndPasswordValid(java.lang.String,java.lang.String)&amp#27;[0m
19:31:13.115 [Forwarding screenshot on session 82ef663ad0c1aa0172e400ee8446cb7a to remote] DEBUG org.asynchttpclient.netty.request.NettyRequestSender - Using pooled Channel '[id: 0x51206f32, L:/127.0.0.1:53479 - R:localhost/127.0.0.1:64625]' for 'GET' to 'http://localhost:64625/session/82ef663ad0c1aa0172e400ee8446cb7a/screenshot'
19:31:13.115 [Forwarding screenshot on session 82ef663ad0c1aa0172e400ee8446cb7a to remote] DEBUG org.asynchttpclient.netty.request.NettyRequestSender - Using open Channel [id: 0x51206f32, L:/127.0.0.1:53479 - R:localhost/127.0.0.1:64625] for GET '/session/82ef663ad0c1aa0172e400ee8446cb7a/screenshot'
19:31:13.249 [AsyncHttpClient-1-8] DEBUG org.asynchttpclient.netty.handler.HttpHandler - 

Request DefaultFullHttpRequest(decodeResult: success, version: HTTP/1.1, content: EmptyByteBufBE)
GET /session/82ef663ad0c1aa0172e400ee8446cb7a/screenshot HTTP/1.1
User-Agent: selenium/4.1.2 (java windows)
Cache-Control: no-cache
Content-Type: application/json; charset=utf-8
host: localhost:64625
accept: */*

Response DefaultHttpResponse(decodeResult: success, version: HTTP/1.1)
HTTP/1.1 200 OK
Content-Type: application/json; charset=utf-8
cache-control: no-cache
content-length: 41700

19:31:13.249 [AsyncHttpClient-1-8] DEBUG org.asynchttpclient.netty.channel.ChannelManager - Adding key: http://localhost:64625 for channel [id: 0x51206f32, L:/127.0.0.1:53479 - R:localhost/127.0.0.1:64625]
19:31:13.256 [main] DEBUG net.serenitybdd.core.photography.Darkroom - Send negative for processing for target\site\serenity\01a611ddd16c5d4518ee6519656e82e4e44f750b21da0e6de4621b6a4cc7d270.png
19:31:13.257 [Darkroom Processing Line] DEBUG net.serenitybdd.core.photography.DarkroomProcessingLine - Processing screenshot image in /var/screenshots/screenshot-13850332037137832323
19:31:13.257 [Darkroom Processing Line] DEBUG net.serenitybdd.core.photography.DarkroomProcessingLine - Saving screenshot to target\site\serenity\01a611ddd16c5d4518ee6519656e82e4e44f750b21da0e6de4621b6a4cc7d270.png
19:31:13.281 [Forwarding findElement on session 82ef663ad0c1aa0172e400ee8446cb7a to remote] DEBUG org.asynchttpclient.netty.request.NettyRequestSender - Using pooled Channel '[id: 0x51206f32, L:/127.0.0.1:53479 - R:localhost/127.0.0.1:64625]' for 'POST' to 'http://localhost:64625/session/82ef663ad0c1aa0172e400ee8446cb7a/element'
19:31:13.281 [Forwarding findElement on session 82ef663ad0c1aa0172e400ee8446cb7a to remote] DEBUG org.asynchttpclient.netty.request.NettyRequestSender - Using open Channel [id: 0x51206f32, L:/127.0.0.1:53479 - R:localhost/127.0.0.1:64625] for POST '/session/82ef663ad0c1aa0172e400ee8446cb7a/element'
19:31:13.295 [AsyncHttpClient-1-8] DEBUG org.asynchttpclient.netty.handler.HttpHandler - 

Request DefaultHttpRequest(decodeResult: success, version: HTTP/1.1)
POST /session/82ef663ad0c1aa0172e400ee8446cb7a/element HTTP/1.1
User-Agent: selenium/4.1.2 (java windows)
Content-Length: 141
Content-Type: application/json; charset=utf-8
host: localhost:64625
accept: */*

Response DefaultHttpResponse(decodeResult: success, version: HTTP/1.1)
HTTP/1.1 200 OK
Content-Type: application/json; charset=utf-8
cache-control: no-cache
content-length: 88

19:31:13.296 [AsyncHttpClient-1-8] DEBUG org.asynchttpclient.netty.channel.ChannelManager - Adding key: http://localhost:64625 for channel [id: 0x51206f32, L:/127.0.0.1:53479 - R:localhost/127.0.0.1:64625]
19:31:13.301 [Forwarding getElementTagName on session 82ef663ad0c1aa0172e400ee8446cb7a to remote] DEBUG org.asynchttpclient.netty.request.NettyRequestSender - Using pooled Channel '[id: 0x51206f32, L:/127.0.0.1:53479 - R:localhost/127.0.0.1:64625]' for 'GET' to 'http://localhost:64625/session/82ef663ad0c1aa0172e400ee8446cb7a/element/c2ea6d9f-f41f-4cfa-ba51-33d9d4baf879/name'
19:31:13.301 [Forwarding getElementTagName on session 82ef663ad0c1aa0172e400ee8446cb7a to remote] DEBUG org.asynchttpclient.netty.request.NettyRequestSender - Using open Channel [id: 0x51206f32, L:/127.0.0.1:53479 - R:localhost/127.0.0.1:64625] for GET '/session/82ef663ad0c1aa0172e400ee8446cb7a/element/c2ea6d9f-f41f-4cfa-ba51-33d9d4baf879/name'
19:31:13.310 [AsyncHttpClient-1-8] DEBUG org.asynchttpclient.netty.handler.HttpHandler - 

Request DefaultFullHttpRequest(decodeResult: success, version: HTTP/1.1, content: EmptyByteBufBE)
GET /session/82ef663ad0c1aa0172e400ee8446cb7a/element/c2ea6d9f-f41f-4cfa-ba51-33d9d4baf879/name HTTP/1.1
User-Agent: selenium/4.1.2 (java windows)
Cache-Control: no-cache
Content-Type: application/json; charset=utf-8
host: localhost:64625
accept: */*

Response DefaultHttpResponse(decodeResult: success, version: HTTP/1.1)
HTTP/1.1 200 OK
Content-Type: application/json; charset=utf-8
cache-control: no-cache
content-length: 18

19:31:13.310 [AsyncHttpClient-1-8] DEBUG org.asynchttpclient.netty.channel.ChannelManager - Adding key: http://localhost:64625 for channel [id: 0x51206f32, L:/127.0.0.1:53479 - R:localhost/127.0.0.1:64625]
19:31:13.311 [Forwarding getElementTagName on session 82ef663ad0c1aa0172e400ee8446cb7a to remote] DEBUG org.asynchttpclient.netty.request.NettyRequestSender - Using pooled Channel '[id: 0x51206f32, L:/127.0.0.1:53479 - R:localhost/127.0.0.1:64625]' for 'GET' to 'http://localhost:64625/session/82ef663ad0c1aa0172e400ee8446cb7a/element/c2ea6d9f-f41f-4cfa-ba51-33d9d4baf879/name'
19:31:13.311 [Forwarding getElementTagName on session 82ef663ad0c1aa0172e400ee8446cb7a to remote] DEBUG org.asynchttpclient.netty.request.NettyRequestSender - Using open Channel [id: 0x51206f32, L:/127.0.0.1:53479 - R:localhost/127.0.0.1:64625] for GET '/session/82ef663ad0c1aa0172e400ee8446cb7a/element/c2ea6d9f-f41f-4cfa-ba51-33d9d4baf879/name'
19:31:13.315 [AsyncHttpClient-1-8] DEBUG org.asynchttpclient.netty.handler.HttpHandler - 

Request DefaultFullHttpRequest(decodeResult: success, version: HTTP/1.1, content: EmptyByteBufBE)
GET /session/82ef663ad0c1aa0172e400ee8446cb7a/element/c2ea6d9f-f41f-4cfa-ba51-33d9d4baf879/name HTTP/1.1
User-Agent: selenium/4.1.2 (java windows)
Cache-Control: no-cache
Content-Type: application/json; charset=utf-8
host: localhost:64625
accept: */*

Response DefaultHttpResponse(decodeResult: success, version: HTTP/1.1)
HTTP/1.1 200 OK
Content-Type: application/json; charset=utf-8
cache-control: no-cache
content-length: 18

19:31:13.315 [AsyncHttpClient-1-8] DEBUG org.asynchttpclient.netty.channel.ChannelManager - Adding key: http://localhost:64625 for channel [id: 0x51206f32, L:/127.0.0.1:53479 - R:localhost/127.0.0.1:64625]
19:31:13.323 [Forwarding isElementEnabled on session 82ef663ad0c1aa0172e400ee8446cb7a to remote] DEBUG org.asynchttpclient.netty.request.NettyRequestSender - Using pooled Channel '[id: 0x51206f32, L:/127.0.0.1:53479 - R:localhost/127.0.0.1:64625]' for 'GET' to 'http://localhost:64625/session/82ef663ad0c1aa0172e400ee8446cb7a/element/c2ea6d9f-f41f-4cfa-ba51-33d9d4baf879/enabled'
19:31:13.323 [Forwarding isElementEnabled on session 82ef663ad0c1aa0172e400ee8446cb7a to remote] DEBUG org.asynchttpclient.netty.request.NettyRequestSender - Using open Channel [id: 0x51206f32, L:/127.0.0.1:53479 - R:localhost/127.0.0.1:64625] for GET '/session/82ef663ad0c1aa0172e400ee8446cb7a/element/c2ea6d9f-f41f-4cfa-ba51-33d9d4baf879/enabled'
19:31:13.329 [AsyncHttpClient-1-8] DEBUG org.asynchttpclient.netty.handler.HttpHandler - 

Request DefaultFullHttpRequest(decodeResult: success, version: HTTP/1.1, content: EmptyByteBufBE)
GET /session/82ef663ad0c1aa0172e400ee8446cb7a/element/c2ea6d9f-f41f-4cfa-ba51-33d9d4baf879/enabled HTTP/1.1
User-Agent: selenium/4.1.2 (java windows)
Cache-Control: no-cache
Content-Type: application/json; charset=utf-8
host: localhost:64625
accept: */*

Response DefaultHttpResponse(decodeResult: success, version: HTTP/1.1)
HTTP/1.1 200 OK
Content-Type: application/json; charset=utf-8
cache-control: no-cache
content-length: 14

19:31:13.329 [AsyncHttpClient-1-8] DEBUG org.asynchttpclient.netty.channel.ChannelManager - Adding key: http://localhost:64625 for channel [id: 0x51206f32, L:/127.0.0.1:53479 - R:localhost/127.0.0.1:64625]
19:31:13.331 [Forwarding isElementEnabled on session 82ef663ad0c1aa0172e400ee8446cb7a to remote] DEBUG org.asynchttpclient.netty.request.NettyRequestSender - Using pooled Channel '[id: 0x51206f32, L:/127.0.0.1:53479 - R:localhost/127.0.0.1:64625]' for 'GET' to 'http://localhost:64625/session/82ef663ad0c1aa0172e400ee8446cb7a/element/c2ea6d9f-f41f-4cfa-ba51-33d9d4baf879/enabled'
19:31:13.331 [Forwarding isElementEnabled on session 82ef663ad0c1aa0172e400ee8446cb7a to remote] DEBUG org.asynchttpclient.netty.request.NettyRequestSender - Using open Channel [id: 0x51206f32, L:/127.0.0.1:53479 - R:localhost/127.0.0.1:64625] for GET '/session/82ef663ad0c1aa0172e400ee8446cb7a/element/c2ea6d9f-f41f-4cfa-ba51-33d9d4baf879/enabled'
19:31:13.338 [AsyncHttpClient-1-8] DEBUG org.asynchttpclient.netty.handler.HttpHandler - 

Request DefaultFullHttpRequest(decodeResult: success, version: HTTP/1.1, content: EmptyByteBufBE)
GET /session/82ef663ad0c1aa0172e400ee8446cb7a/element/c2ea6d9f-f41f-4cfa-ba51-33d9d4baf879/enabled HTTP/1.1
User-Agent: selenium/4.1.2 (java windows)
Cache-Control: no-cache
Content-Type: application/json; charset=utf-8
host: localhost:64625
accept: */*

Response DefaultHttpResponse(decodeResult: success, version: HTTP/1.1)
HTTP/1.1 200 OK
Content-Type: application/json; charset=utf-8
cache-control: no-cache
content-length: 14

19:31:13.338 [AsyncHttpClient-1-8] DEBUG org.asynchttpclient.netty.channel.ChannelManager - Adding key: http://localhost:64625 for channel [id: 0x51206f32, L:/127.0.0.1:53479 - R:localhost/127.0.0.1:64625]
19:31:13.340 [Forwarding findElement on session 82ef663ad0c1aa0172e400ee8446cb7a to remote] DEBUG org.asynchttpclient.netty.request.NettyRequestSender - Using pooled Channel '[id: 0x51206f32, L:/127.0.0.1:53479 - R:localhost/127.0.0.1:64625]' for 'POST' to 'http://localhost:64625/session/82ef663ad0c1aa0172e400ee8446cb7a/element'
19:31:13.340 [Forwarding findElement on session 82ef663ad0c1aa0172e400ee8446cb7a to remote] DEBUG org.asynchttpclient.netty.request.NettyRequestSender - Using open Channel [id: 0x51206f32, L:/127.0.0.1:53479 - R:localhost/127.0.0.1:64625] for POST '/session/82ef663ad0c1aa0172e400ee8446cb7a/element'
19:31:13.344 [AsyncHttpClient-1-8] DEBUG org.asynchttpclient.netty.handler.HttpHandler - 

Request DefaultHttpRequest(decodeResult: success, version: HTTP/1.1)
POST /session/82ef663ad0c1aa0172e400ee8446cb7a/element HTTP/1.1
User-Agent: selenium/4.1.2 (java windows)
Content-Length: 141
Content-Type: application/json; charset=utf-8
host: localhost:64625
accept: */*

Response DefaultHttpResponse(decodeResult: success, version: HTTP/1.1)
HTTP/1.1 200 OK
Content-Type: application/json; charset=utf-8
cache-control: no-cache
content-length: 88

19:31:13.345 [AsyncHttpClient-1-8] DEBUG org.asynchttpclient.netty.channel.ChannelManager - Adding key: http://localhost:64625 for channel [id: 0x51206f32, L:/127.0.0.1:53479 - R:localhost/127.0.0.1:64625]
19:31:13.346 [Forwarding clickElement on session 82ef663ad0c1aa0172e400ee8446cb7a to remote] DEBUG org.asynchttpclient.netty.request.NettyRequestSender - Using pooled Channel '[id: 0x51206f32, L:/127.0.0.1:53479 - R:localhost/127.0.0.1:64625]' for 'POST' to 'http://localhost:64625/session/82ef663ad0c1aa0172e400ee8446cb7a/element/c2ea6d9f-f41f-4cfa-ba51-33d9d4baf879/click'
19:31:13.346 [Forwarding clickElement on session 82ef663ad0c1aa0172e400ee8446cb7a to remote] DEBUG org.asynchttpclient.netty.request.NettyRequestSender - Using open Channel [id: 0x51206f32, L:/127.0.0.1:53479 - R:localhost/127.0.0.1:64625] for POST '/session/82ef663ad0c1aa0172e400ee8446cb7a/element/c2ea6d9f-f41f-4cfa-ba51-33d9d4baf879/click'
19:31:13.395 [AsyncHttpClient-1-8] DEBUG org.asynchttpclient.netty.handler.HttpHandler - 

Request DefaultHttpRequest(decodeResult: success, version: HTTP/1.1)
POST /session/82ef663ad0c1aa0172e400ee8446cb7a/element/c2ea6d9f-f41f-4cfa-ba51-33d9d4baf879/click HTTP/1.1
User-Agent: selenium/4.1.2 (java windows)
Content-Length: 50
Content-Type: application/json; charset=utf-8
host: localhost:64625
accept: */*

Response DefaultHttpResponse(decodeResult: success, version: HTTP/1.1)
HTTP/1.1 200 OK
Content-Type: application/json; charset=utf-8
cache-control: no-cache
content-length: 14

19:31:13.395 [AsyncHttpClient-1-8] DEBUG org.asynchttpclient.netty.channel.ChannelManager - Adding key: http://localhost:64625 for channel [id: 0x51206f32, L:/127.0.0.1:53479 - R:localhost/127.0.0.1:64625]
  &amp#27;[32mAnd &amp#27;[0m&amp#27;[32mclick login button&amp#27;[0m                                                    &amp#27;[90m# starter.steps.DetailStep.clickLoginButton()&amp#27;[0m
19:31:13.399 [AsyncHttpClient-1-1] DEBUG org.asynchttpclient.netty.channel.DefaultChannelPool - Entry count for : http://localhost:64625 : 1
19:31:13.401 [Forwarding screenshot on session 82ef663ad0c1aa0172e400ee8446cb7a to remote] DEBUG org.asynchttpclient.netty.request.NettyRequestSender - Using pooled Channel '[id: 0x51206f32, L:/127.0.0.1:53479 - R:localhost/127.0.0.1:64625]' for 'GET' to 'http://localhost:64625/session/82ef663ad0c1aa0172e400ee8446cb7a/screenshot'
19:31:13.401 [Forwarding screenshot on session 82ef663ad0c1aa0172e400ee8446cb7a to remote] DEBUG org.asynchttpclient.netty.request.NettyRequestSender - Using open Channel [id: 0x51206f32, L:/127.0.0.1:53479 - R:localhost/127.0.0.1:64625] for GET '/session/82ef663ad0c1aa0172e400ee8446cb7a/screenshot'
19:31:13.582 [AsyncHttpClient-1-8] DEBUG org.asynchttpclient.netty.handler.HttpHandler - 

Request DefaultFullHttpRequest(decodeResult: success, version: HTTP/1.1, content: EmptyByteBufBE)
GET /session/82ef663ad0c1aa0172e400ee8446cb7a/screenshot HTTP/1.1
User-Agent: selenium/4.1.2 (java windows)
Cache-Control: no-cache
Content-Type: application/json; charset=utf-8
host: localhost:64625
accept: */*

Response DefaultHttpResponse(decodeResult: success, version: HTTP/1.1)
HTTP/1.1 200 OK
Content-Type: application/json; charset=utf-8
cache-control: no-cache
content-length: 41140

19:31:13.582 [AsyncHttpClient-1-8] DEBUG org.asynchttpclient.netty.channel.ChannelManager - Adding key: http://localhost:64625 for channel [id: 0x51206f32, L:/127.0.0.1:53479 - R:localhost/127.0.0.1:64625]
19:31:13.586 [main] DEBUG net.serenitybdd.core.photography.Darkroom - Send negative for processing for target\site\serenity\82be4afdd39636ac23848deac334fdc1f4b7ce153ac7fa00283a7460b22b128c.png
19:31:13.596 [Darkroom Processing Line] DEBUG net.serenitybdd.core.photography.DarkroomProcessingLine - Processing screenshot image in /var/screenshots/screenshot-9613367570015134812
19:31:13.596 [Darkroom Processing Line] DEBUG net.serenitybdd.core.photography.DarkroomProcessingLine - Saving screenshot to target\site\serenity\82be4afdd39636ac23848deac334fdc1f4b7ce153ac7fa00283a7460b22b128c.png
19:31:13.599 [Forwarding findElement on session 82ef663ad0c1aa0172e400ee8446cb7a to remote] DEBUG org.asynchttpclient.netty.request.NettyRequestSender - Using pooled Channel '[id: 0x51206f32, L:/127.0.0.1:53479 - R:localhost/127.0.0.1:64625]' for 'POST' to 'http://localhost:64625/session/82ef663ad0c1aa0172e400ee8446cb7a/element'
19:31:13.599 [Forwarding findElement on session 82ef663ad0c1aa0172e400ee8446cb7a to remote] DEBUG org.asynchttpclient.netty.request.NettyRequestSender - Using open Channel [id: 0x51206f32, L:/127.0.0.1:53479 - R:localhost/127.0.0.1:64625] for POST '/session/82ef663ad0c1aa0172e400ee8446cb7a/element'
19:31:15.631 [AsyncHttpClient-1-8] DEBUG org.asynchttpclient.netty.handler.HttpHandler - 

Request DefaultHttpRequest(decodeResult: success, version: HTTP/1.1)
POST /session/82ef663ad0c1aa0172e400ee8446cb7a/element HTTP/1.1
User-Agent: selenium/4.1.2 (java windows)
Content-Length: 71
Content-Type: application/json; charset=utf-8
host: localhost:64625
accept: */*

Response DefaultHttpResponse(decodeResult: success, version: HTTP/1.1)
HTTP/1.1 404 Not Found
Content-Type: application/json; charset=utf-8
cache-control: no-cache
content-length: 1004

19:31:15.632 [AsyncHttpClient-1-8] DEBUG org.asynchttpclient.netty.channel.ChannelManager - Adding key: http://localhost:64625 for channel [id: 0x51206f32, L:/127.0.0.1:53479 - R:localhost/127.0.0.1:64625]
19:31:15.675 [Forwarding screenshot on session 82ef663ad0c1aa0172e400ee8446cb7a to remote] DEBUG org.asynchttpclient.netty.request.NettyRequestSender - Using pooled Channel '[id: 0x51206f32, L:/127.0.0.1:53479 - R:localhost/127.0.0.1:64625]' for 'GET' to 'http://localhost:64625/session/82ef663ad0c1aa0172e400ee8446cb7a/screenshot'
19:31:15.675 [Forwarding screenshot on session 82ef663ad0c1aa0172e400ee8446cb7a to remote] DEBUG org.asynchttpclient.netty.request.NettyRequestSender - Using open Channel [id: 0x51206f32, L:/127.0.0.1:53479 - R:localhost/127.0.0.1:64625] for GET '/session/82ef663ad0c1aa0172e400ee8446cb7a/screenshot'
19:31:15.777 [AsyncHttpClient-1-8] DEBUG org.asynchttpclient.netty.handler.HttpHandler - 

Request DefaultFullHttpRequest(decodeResult: success, version: HTTP/1.1, content: EmptyByteBufBE)
GET /session/82ef663ad0c1aa0172e400ee8446cb7a/screenshot HTTP/1.1
User-Agent: selenium/4.1.2 (java windows)
Cache-Control: no-cache
Content-Type: application/json; charset=utf-8
host: localhost:64625
accept: */*

Response DefaultHttpResponse(decodeResult: success, version: HTTP/1.1)
HTTP/1.1 200 OK
Content-Type: application/json; charset=utf-8
cache-control: no-cache
content-length: 47560

19:31:15.778 [AsyncHttpClient-1-8] DEBUG org.asynchttpclient.netty.channel.ChannelManager - Adding key: http://localhost:64625 for channel [id: 0x51206f32, L:/127.0.0.1:53479 - R:localhost/127.0.0.1:64625]
19:31:15.781 [main] DEBUG net.serenitybdd.core.photography.Darkroom - Send negative for processing for target\site\serenity\980c9d686982b16ff6ed0406f4811d73f3eb8bda59830e72c4433b724930ea97.png
19:31:15.783 [Darkroom Processing Line] DEBUG net.serenitybdd.core.photography.DarkroomProcessingLine - Processing screenshot image in /var/screenshots/screenshot-4629302200907579645
19:31:15.783 [Darkroom Processing Line] DEBUG net.serenitybdd.core.photography.DarkroomProcessingLine - Saving screenshot to target\site\serenity\980c9d686982b16ff6ed0406f4811d73f3eb8bda59830e72c4433b724930ea97.png
19:31:15.825 [Forwarding getPageSource on session 82ef663ad0c1aa0172e400ee8446cb7a to remote] DEBUG org.asynchttpclient.netty.request.NettyRequestSender - Using pooled Channel '[id: 0x51206f32, L:/127.0.0.1:53479 - R:localhost/127.0.0.1:64625]' for 'POST' to 'http://localhost:64625/session/82ef663ad0c1aa0172e400ee8446cb7a/execute/sync'
19:31:15.825 [Forwarding getPageSource on session 82ef663ad0c1aa0172e400ee8446cb7a to remote] DEBUG org.asynchttpclient.netty.request.NettyRequestSender - Using open Channel [id: 0x51206f32, L:/127.0.0.1:53479 - R:localhost/127.0.0.1:64625] for POST '/session/82ef663ad0c1aa0172e400ee8446cb7a/execute/sync'
19:31:15.835 [AsyncHttpClient-1-8] DEBUG org.asynchttpclient.netty.handler.HttpHandler - 

Request DefaultHttpRequest(decodeResult: success, version: HTTP/1.1)
POST /session/82ef663ad0c1aa0172e400ee8446cb7a/execute/sync HTTP/1.1
User-Agent: selenium/4.1.2 (java windows)
Content-Length: 176
Content-Type: application/json; charset=utf-8
host: localhost:64625
accept: */*

Response DefaultHttpResponse(decodeResult: success, version: HTTP/1.1)
HTTP/1.1 200 OK
Content-Type: application/json; charset=utf-8
cache-control: no-cache
content-length: 22179

19:31:15.835 [AsyncHttpClient-1-8] DEBUG org.asynchttpclient.netty.channel.ChannelManager - Adding key: http://localhost:64625 for channel [id: 0x51206f32, L:/127.0.0.1:53479 - R:localhost/127.0.0.1:64625]
19:31:15.935 [Forwarding getCurrentUrl on session 82ef663ad0c1aa0172e400ee8446cb7a to remote] DEBUG org.asynchttpclient.netty.request.NettyRequestSender - Using pooled Channel '[id: 0x51206f32, L:/127.0.0.1:53479 - R:localhost/127.0.0.1:64625]' for 'GET' to 'http://localhost:64625/session/82ef663ad0c1aa0172e400ee8446cb7a/url'
19:31:15.935 [Forwarding getCurrentUrl on session 82ef663ad0c1aa0172e400ee8446cb7a to remote] DEBUG org.asynchttpclient.netty.request.NettyRequestSender - Using open Channel [id: 0x51206f32, L:/127.0.0.1:53479 - R:localhost/127.0.0.1:64625] for GET '/session/82ef663ad0c1aa0172e400ee8446cb7a/url'
19:31:15.942 [AsyncHttpClient-1-8] DEBUG org.asynchttpclient.netty.handler.HttpHandler - 

Request DefaultFullHttpRequest(decodeResult: success, version: HTTP/1.1, content: EmptyByteBufBE)
GET /session/82ef663ad0c1aa0172e400ee8446cb7a/url HTTP/1.1
User-Agent: selenium/4.1.2 (java windows)
Cache-Control: no-cache
Content-Type: application/json; charset=utf-8
host: localhost:64625
accept: */*

Response DefaultHttpResponse(decodeResult: success, version: HTTP/1.1)
HTTP/1.1 200 OK
Content-Type: application/json; charset=utf-8
cache-control: no-cache
content-length: 51

19:31:15.943 [AsyncHttpClient-1-8] DEBUG org.asynchttpclient.netty.channel.ChannelManager - Adding key: http://localhost:64625 for channel [id: 0x51206f32, L:/127.0.0.1:53479 - R:localhost/127.0.0.1:64625]
  &amp#27;[31mAnd &amp#27;[0m&amp#27;[31mI can login &amp#27;[0m&amp#27;[31m&amp#27;[1m"can login"&amp#27;[0m                                               &amp#27;[90m# starter.steps.DetailStep.iCanLogin(java.lang.String)&amp#27;[0m
      &amp#27;[31morg.openqa.selenium.NoSuchElementException: no such element: Unable to locate element: {"method":"xpath","selector":"//button[@role='button']"}
  (Session info: chrome=106.0.5249.121)
For documentation on this error, please visit: https://selenium.dev/exceptions/#no_such_element
Build info: version: '4.1.2', revision: '9a5a329c5a'
System info: host: 'MYLNAP', ip: '192.168.110.45', os.name: 'Windows 11', os.arch: 'amd64', os.version: '10.0', java.version: '11.0.16'
Driver info: org.openqa.selenium.chrome.ChromeDriver
Command: [82ef663ad0c1aa0172e400ee8446cb7a, findElement {using=xpath, value=//button[@role='button']}]
Capabilities {acceptInsecureCerts: false, browserName: chrome, browserVersion: 106.0.5249.121, chrome: {chromedriverVersion: 106.0.5249.61 (511755355844..., userDataDir: C:\Users\user\AppData\Local...}, goog:chromeOptions: {debuggerAddress: localhost:64210}, javascriptEnabled: true, networkConnectionEnabled: false, pageLoadStrategy: normal, platform: WINDOWS, platformName: WINDOWS, proxy: Proxy(), se:cdp: ws://localhost:64210/devtoo..., se:cdpVersion: 106.0.5249.121, setWindowRect: true, strictFileInteractability: false, timeouts: {implicit: 0, pageLoad: 300000, script: 30000}, unhandledPromptBehavior: dismiss and notify, webauthn:extension:credBlob: true, webauthn:extension:largeBlob: true, webauthn:virtualAuthenticators: true}
Session ID: 82ef663ad0c1aa0172e400ee8446cb7a
	at java.base/jdk.internal.reflect.NativeConstructorAccessorImpl.newInstance0(Native Method)
	at java.base/jdk.internal.reflect.NativeConstructorAccessorImpl.newInstance(NativeConstructorAccessorImpl.java:62)
	at java.base/jdk.internal.reflect.DelegatingConstructorAccessorImpl.newInstance(DelegatingConstructorAccessorImpl.java:45)
	at java.base/java.lang.reflect.Constructor.newInstance(Constructor.java:490)
	at org.openqa.selenium.remote.codec.w3c.W3CHttpResponseCodec.createException(W3CHttpResponseCodec.java:200)
	at org.openqa.selenium.remote.codec.w3c.W3CHttpResponseCodec.decode(W3CHttpResponseCodec.java:133)
	at org.openqa.selenium.remote.codec.w3c.W3CHttpResponseCodec.decode(W3CHttpResponseCodec.java:53)
	at org.openqa.selenium.remote.HttpCommandExecutor.execute(HttpCommandExecutor.java:184)
	at org.openqa.selenium.remote.service.DriverCommandExecutor.invokeExecute(DriverCommandExecutor.java:167)
	at org.openqa.selenium.remote.service.DriverCommandExecutor.execute(DriverCommandExecutor.java:142)
	at org.openqa.selenium.remote.RemoteWebDriver.execute(RemoteWebDriver.java:558)
	at org.openqa.selenium.remote.ElementLocation$ElementFinder$2.findElement(ElementLocation.java:162)
	at org.openqa.selenium.remote.ElementLocation.findElement(ElementLocation.java:60)
	at org.openqa.selenium.remote.RemoteWebDriver.findElement(RemoteWebDriver.java:382)
	at org.openqa.selenium.remote.RemoteWebDriver.findElement(RemoteWebDriver.java:374)
	at net.thucydides.core.webdriver.WebDriverFacade.findElement(WebDriverFacade.java:224)
	at net.serenitybdd.core.pages.WebElementResolverByLocator.resolveForDriver(WebElementResolverByLocator.java:25)
	at net.serenitybdd.core.pages.WebElementFacadeImpl.getResolvedElement(WebElementFacadeImpl.java:191)
	at net.serenitybdd.core.pages.WebElementFacadeImpl.getElement(WebElementFacadeImpl.java:186)
	at net.serenitybdd.core.pages.WebElementFacadeImpl.isDisplayed(WebElementFacadeImpl.java:1289)
	at MiniProjWeb@1.0-SNAPSHOT/starter.pages.DetailPage.canLogin(DetailPage.java:47)
	at MiniProjWeb@1.0-SNAPSHOT/starter.pages.DetailPage$ByteBuddy$HpvIT730.canLogin$accessor$1uAWwXeY(Unknown Source)
	at java.base/jdk.internal.reflect.NativeMethodAccessorImpl.invoke0(Native Method)
	at java.base/jdk.internal.reflect.NativeMethodAccessorImpl.invoke(NativeMethodAccessorImpl.java:62)
	at java.base/jdk.internal.reflect.DelegatingMethodAccessorImpl.invoke(DelegatingMethodAccessorImpl.java:43)
	at java.base/java.lang.reflect.Method.invoke(Method.java:566)
	at net.thucydides.core.steps.BaseMethodRunner.invokeMethod(BaseMethodRunner.java:18)
	at net.thucydides.core.steps.NormalMethodRunner.invokeMethodAndNotifyFailures(NormalMethodRunner.java:18)
	at net.thucydides.core.steps.StepInterceptor.runNormalMethod(StepInterceptor.java:406)
	at net.thucydides.core.steps.StepInterceptor.testStepResult(StepInterceptor.java:191)
	at net.thucydides.core.steps.StepInterceptor.intercept(StepInterceptor.java:84)
	at net.thucydides.core.steps.ProxyConfiguration$InterceptorDispatcher.intercept(ProxyConfiguration.java:51)
	at MiniProjWeb@1.0-SNAPSHOT/starter.pages.DetailPage$ByteBuddy$HpvIT730.canLogin(Unknown Source)
	at MiniProjWeb@1.0-SNAPSHOT/starter.steps.DetailStep.iCanLogin(DetailStep.java:31)
	at âœ½.I can login "can login"(file:///D:/TIC/Kampus%20Merdeka/MSIB/Studi%20Independen/Alterra/MiniProject/MiniProjWeb/src/test/resources/features/login/Beli.feature:12)
&amp#27;[0m
  &amp#27;[36mAnd &amp#27;[0m&amp#27;[36mI click beli button product 1&amp#27;[0m                                         &amp#27;[90m# starter.steps.BeliStep.iClickBeliButtonProduct1()&amp#27;[0m
  &amp#27;[36mThen &amp#27;[0m&amp#27;[36mproduct increases&amp#27;[0m                                                    &amp#27;[90m# starter.steps.BeliStep.productIncreases()&amp#27;[0m
19:31:16.164 [Driver Command Executor] DEBUG org.asynchttpclient.netty.request.NettyRequestSender - Using pooled Channel '[id: 0x51206f32, L:/127.0.0.1:53479 - R:localhost/127.0.0.1:64625]' for 'DELETE' to 'http://localhost:64625/session/82ef663ad0c1aa0172e400ee8446cb7a'
19:31:16.164 [Driver Command Executor] DEBUG org.asynchttpclient.netty.request.NettyRequestSender - Using open Channel [id: 0x51206f32, L:/127.0.0.1:53479 - R:localhost/127.0.0.1:64625] for DELETE '/session/82ef663ad0c1aa0172e400ee8446cb7a'
19:31:16.366 [AsyncHttpClient-1-4] DEBUG org.asynchttpclient.netty.handler.WebSocketHandler - Unexpected I/O exception on channel [id: 0x2a702a9d, L:/127.0.0.1:64218 - R:localhost/127.0.0.1:64210]
java.io.IOException: An existing connection was forcibly closed by the remote host
	at java.base/sun.nio.ch.SocketDispatcher.read0(Native Method)
	at java.base/sun.nio.ch.SocketDispatcher.read(SocketDispatcher.java:43)
	at java.base/sun.nio.ch.IOUtil.readIntoNativeBuffer(IOUtil.java:276)
	at java.base/sun.nio.ch.IOUtil.read(IOUtil.java:233)
	at java.base/sun.nio.ch.IOUtil.read(IOUtil.java:223)
	at java.base/sun.nio.ch.SocketChannelImpl.read(SocketChannelImpl.java:358)
	at io.netty.buffer.PooledByteBuf.setBytes(PooledByteBuf.java:258)
	at io.netty.buffer.AbstractByteBuf.writeBytes(AbstractByteBuf.java:1132)
	at io.netty.channel.socket.nio.NioSocketChannel.doReadBytes(NioSocketChannel.java:350)
	at io.netty.channel.nio.AbstractNioByteChannel$NioByteUnsafe.read(AbstractNioByteChannel.java:151)
	at io.netty.channel.nio.NioEventLoop.processSelectedKey(NioEventLoop.java:722)
	at io.netty.channel.nio.NioEventLoop.processSelectedKeysOptimized(NioEventLoop.java:658)
	at io.netty.channel.nio.NioEventLoop.processSelectedKeys(NioEventLoop.java:584)
	at io.netty.channel.nio.NioEventLoop.run(NioEventLoop.java:496)
	at io.netty.util.concurrent.SingleThreadEventExecutor$4.run(SingleThreadEventExecutor.java:986)
	at io.netty.util.internal.ThreadExecutorMap$2.run(ThreadExecutorMap.java:74)
	at io.netty.util.concurrent.FastThreadLocalRunnable.run(FastThreadLocalRunnable.java:30)
	at java.base/java.lang.Thread.run(Thread.java:834)
19:31:16.368 [AsyncHttpClient-1-4] DEBUG org.asynchttpclient.netty.handler.WebSocketHandler - Trying to recover from dead Channel: [id: 0x2a702a9d, L:/127.0.0.1:64218 - R:localhost/127.0.0.1:64210]
19:31:16.368 [AsyncHttpClient-1-4] DEBUG org.asynchttpclient.netty.handler.WebSocketHandler - Channel Closed: [id: 0x2a702a9d, L:/127.0.0.1:64218 ! R:localhost/127.0.0.1:64210] with attribute NettyResponseFuture{currentRetry=5,
	isDone=1,
	isCancelled=0,
	asyncHandler=org.asynchttpclient.ws.WebSocketUpgradeHandler@dda4949,
	nettyRequest=org.asynchttpclient.netty.request.NettyRequest@3dcadbde,
	future=java.util.concurrent.CompletableFuture@6351bd53[Completed normally],
	uri=ws://localhost:64210/devtools/browser/1dc1073d-f20d-4803-ba82-a15c385a43f3,
	keepAlive=true,
	redirectCount=0,
	timeoutsHolder=null,
	inAuth=0,
	touch=1667219476367}
19:31:16.368 [AsyncHttpClient-1-4] DEBUG org.asynchttpclient.netty.channel.ChannelManager - Closing Channel [id: 0x2a702a9d, L:/127.0.0.1:64218 ! R:localhost/127.0.0.1:64210] 
19:31:16.427 [AsyncHttpClient-1-8] DEBUG org.asynchttpclient.netty.handler.HttpHandler - 

Request DefaultFullHttpRequest(decodeResult: success, version: HTTP/1.1, content: EmptyByteBufBE)
DELETE /session/82ef663ad0c1aa0172e400ee8446cb7a HTTP/1.1
User-Agent: selenium/4.1.2 (java windows)
Content-Type: application/json; charset=utf-8
host: localhost:64625
accept: */*

Response DefaultHttpResponse(decodeResult: success, version: HTTP/1.1)
HTTP/1.1 200 OK
Content-Type: application/json; charset=utf-8
cache-control: no-cache
content-length: 14

19:31:16.428 [AsyncHttpClient-1-8] DEBUG org.asynchttpclient.netty.channel.ChannelManager - Adding key: http://localhost:64625 for channel [id: 0x51206f32, L:/127.0.0.1:53479 - R:localhost/127.0.0.1:64625]
19:31:16.499 [AsyncHttpClient-1-8] DEBUG org.asynchttpclient.netty.handler.HttpHandler - Channel Closed: [id: 0x51206f32, L:/127.0.0.1:53479 ! R:localhost/127.0.0.1:64625] with attribute DISCARD
19:31:16.583 [main] ERROR  - 
  _____   ___   ___   _____     ___   ___   ___    ___    ___ 
 |_   _| | __| / __| |_   _|   | __| | _ \ | _ \  / _ \  | _ \
   | |   | _|  \__ \   | |     | _|  |   / |   / | (_) | |   /
   |_|   |___| |___/   |_|     |___| |_|_\ |_|_\  \___/  |_|_\

Beli one product
---------------------------------------------------------------
19:31:16.584 [main] DEBUG  - RELATED ISSUES: 
19:31:16.585 [main] ERROR  -     Test failed at step: Can login
19:31:16.585 [main] ERROR  -     no such element: Unable to locate element: {"method":"xpath","selector":"//button[@role='button']"}
]]></system-out>
    <system-err><![CDATA[Starting ChromeDriver 106.0.5249.61 (511755355844955cd3e264779baf0dd38212a4d0-refs/branch-heads/5249@{#569}) on port 64625
Only local connections are allowed.
Please see https://chromedriver.chromium.org/security-considerations for suggestions on keeping ChromeDriver safe.
ChromeDriver was started successfully.
Oct 31, 2022 7:15:41 PM org.openqa.selenium.remote.ProtocolHandshake createSession
INFO: Detected dialect: W3C
Oct 31, 2022 7:15:41 PM org.openqa.selenium.devtools.CdpVersionFinder findNearestMatch
WARNING: Unable to find an exact match for CDP version 106, so returning the closest version found: a no-op implementation
Oct 31, 2022 7:15:41 PM org.openqa.selenium.devtools.CdpVersionFinder findNearestMatch
INFO: Unable to find CDP implementation matching 106.
Oct 31, 2022 7:15:41 PM org.openqa.selenium.chromium.ChromiumDriver lambda$new$3
WARNING: Unable to find version of CDP to use for . You may need to include a dependency on a specific version of the CDP using something similar to `org.seleniumhq.selenium:selenium-devtools-v86:4.1.2` where the version ("v86") matches the version of the chromium-based browser you're using and the version number of the artifact is the same as Selenium's.
[1667218842.365][SEVERE]: Timed out receiving message from renderer: 299.301
[1667218842.366][SEVERE]: Timed out receiving message from renderer: 299.301
[1667219142.371][SEVERE]: Timed out receiving message from renderer: 281.271
[1667219142.374][SEVERE]: Timed out receiving message from renderer: 281.271
]]></system-err>
  </testcase>
  <testcase name="see order" classname="Button Beli" time="70.925">
    <system-out><![CDATA[
@Beli
Scenario Outline: see order                                                 &amp#27;[90m# src/test/resources/features/login/Beli.feature:31&amp#27;[0m
19:31:16.616 [main] INFO io.cucumber.core.plugin.SerenityReporter - Running feature from file:///D:/TIC/Kampus%20Merdeka/MSIB/Studi%20Independen/Alterra/MiniProject/MiniProjWeb/src/test/resources/features/login/Beli.feature
19:31:16.619 [main] INFO  - 
  _____   ___   ___   _____     ___   _____     _     ___   _____   ___   ___  
 |_   _| | __| / __| |_   _|   / __| |_   _|   /_\   | _ \ |_   _| | __| |   \ 
   | |   | _|  \__ \   | |     \__ \   | |    / _ \  |   /   | |   | _|  | |) |
   |_|   |___| |___/   |_|     |___/   |_|   /_/ \_\ |_|_\   |_|   |___| |___/ 

see order(button-beli;see-order)
--------------------------------------------------------------------------------
19:31:16.659 [main] INFO net.serenitybdd.core.webdriver.driverproviders.ChromeDriverProvider - Using automatically driver download
19:31:16.705 [AsyncHttpClient-1-1] DEBUG org.asynchttpclient.netty.channel.DefaultChannelPool - Entry count for : http://localhost:64625 : 1
19:31:16.708 [AsyncHttpClient-1-1] DEBUG org.asynchttpclient.netty.channel.DefaultChannelPool - Adding Candidate expired Channel [id: 0x51206f32, L:/127.0.0.1:53479 ! R:localhost/127.0.0.1:64625] isIdleTimeoutExpired=false isRemotelyClosed=true isTtlExpired=false
19:31:16.709 [AsyncHttpClient-1-1] DEBUG org.asynchttpclient.netty.channel.DefaultChannelPool - Closing Idle Channel [id: 0x51206f32, L:/127.0.0.1:53479 ! R:localhost/127.0.0.1:64625]
19:31:16.709 [AsyncHttpClient-1-1] DEBUG org.asynchttpclient.netty.channel.DefaultChannelPool - Closed 1 connections out of 1 in 1 ms
19:31:16.819 [main] DEBUG io.github.bonigarcia.wdm.cache.ResolutionCache - Resolution chrome=106 in cache (valid until 19:46:39 31/10/2022 ICT)
19:31:16.827 [main] DEBUG io.github.bonigarcia.wdm.cache.ResolutionCache - Resolution chrome106=106.0.5249.61 in cache (valid until 17:34:34 01/11/2022 ICT)
19:31:16.829 [main] INFO io.github.bonigarcia.wdm.WebDriverManager - Using chromedriver 106.0.5249.61 (resolved driver for Chrome 106)
19:31:16.844 [main] DEBUG io.github.bonigarcia.wdm.WebDriverManager - Driver chromedriver 106.0.5249.61 found in cache
19:31:16.846 [main] INFO io.github.bonigarcia.wdm.WebDriverManager - Exporting webdriver.chrome.driver as C:\Users\user\.cache\selenium\chromedriver\win32\106.0.5249.61\chromedriver.exe
19:31:16.971 [main] DEBUG net.serenitybdd.core.webdriver.driverproviders.ProvideNewDriver - Instantiating driver
19:31:16.973 [main] DEBUG net.serenitybdd.core.webdriver.driverproviders.ProvideNewDriver - Driver capabilities: Capabilities {acceptInsecureCerts: false, base.url: https://alta-shop.vercel.app, browserName: chrome, chrome.driver: src/test/resources/webdrive..., driver: chrome, goog:chromeOptions: {args: [], extensions: []}, wait.for.timeout: 500}
19:31:17.086 [AsyncHttpClient-1-9] DEBUG org.asynchttpclient.netty.channel.NettyConnectListener - Using new Channel '[id: 0x2e88fa58, L:/127.0.0.1:53647 - R:localhost/127.0.0.1:62171]' for 'POST' to '/session'
19:31:18.183 [AsyncHttpClient-1-9] DEBUG org.asynchttpclient.netty.handler.HttpHandler - 

Request DefaultHttpRequest(decodeResult: success, version: HTTP/1.1)
POST /session HTTP/1.1
User-Agent: selenium/4.1.2 (java windows)
Content-Length: 638
Content-Type: application/json; charset=utf-8
host: localhost:62171
accept: */*

Response DefaultHttpResponse(decodeResult: success, version: HTTP/1.1)
HTTP/1.1 200 OK
Content-Type: application/json; charset=utf-8
cache-control: no-cache
content-length: 789

19:31:18.183 [AsyncHttpClient-1-9] DEBUG org.asynchttpclient.netty.channel.ChannelManager - Adding key: http://localhost:62171 for channel [id: 0x2e88fa58, L:/127.0.0.1:53647 - R:localhost/127.0.0.1:62171]
19:31:18.213 [AsyncHttpClient-1-2] DEBUG org.asynchttpclient.netty.channel.NettyConnectListener - Using new Channel '[id: 0xe376c56a, L:/127.0.0.1:53653 - R:localhost/127.0.0.1:53648]' for 'GET' to '/json/version'
19:31:18.215 [AsyncHttpClient-1-2] DEBUG org.asynchttpclient.netty.handler.HttpHandler - 

Request DefaultFullHttpRequest(decodeResult: success, version: HTTP/1.1, content: EmptyByteBufBE)
GET /json/version HTTP/1.1
User-Agent: selenium/4.1.2 (java windows)
host: localhost:53648
accept: */*

Response DefaultHttpResponse(decodeResult: success, version: HTTP/1.1)
HTTP/1.1 200 OK
Content-Type: application/json; charset=UTF-8
content-length: 424

19:31:18.215 [AsyncHttpClient-1-2] DEBUG org.asynchttpclient.netty.channel.ChannelManager - Adding key: http://localhost:53648 for channel [id: 0xe376c56a, L:/127.0.0.1:53653 - R:localhost/127.0.0.1:53648]
19:31:18.220 [AsyncHttpClient-1-3] DEBUG org.asynchttpclient.netty.channel.NettyConnectListener - Using new Channel '[id: 0x27c52a83, L:/127.0.0.1:53654 - R:localhost/127.0.0.1:53648]' for 'GET' to '/devtools/browser/780a3431-4601-478a-b795-2ac4d0caf7d2'
19:31:18.221 [AsyncHttpClient-1-3] DEBUG org.asynchttpclient.netty.handler.WebSocketHandler - 

Request DefaultFullHttpRequest(decodeResult: success, version: HTTP/1.1, content: EmptyByteBufBE)
GET /devtools/browser/780a3431-4601-478a-b795-2ac4d0caf7d2 HTTP/1.1
upgrade: websocket
connection: upgrade
sec-websocket-key: wTKHjg6PaUtG3QqbBHLUJA==
sec-websocket-version: 13
origin: http://localhost:53648
host: localhost:53648
accept: */*
user-agent: AHC/2.1

Response DefaultHttpResponse(decodeResult: success, version: HTTP/1.1)
HTTP/1.1 101 WebSocket Protocol Handshake
Upgrade: WebSocket
Connection: Upgrade
Sec-WebSocket-Accept: VG72jSosvUll8EgCH1n1mb4lKuM=

19:31:18.231 [Forwarding get on session a77a2748ff48c3e416d82361038474b7 to remote] DEBUG org.asynchttpclient.netty.request.NettyRequestSender - Using pooled Channel '[id: 0x2e88fa58, L:/127.0.0.1:53647 - R:localhost/127.0.0.1:62171]' for 'POST' to 'http://localhost:62171/session/a77a2748ff48c3e416d82361038474b7/url'
19:31:18.231 [Forwarding get on session a77a2748ff48c3e416d82361038474b7 to remote] DEBUG org.asynchttpclient.netty.request.NettyRequestSender - Using open Channel [id: 0x2e88fa58, L:/127.0.0.1:53647 - R:localhost/127.0.0.1:62171] for POST '/session/a77a2748ff48c3e416d82361038474b7/url'
19:31:18.908 [AsyncHttpClient-1-1] DEBUG org.asynchttpclient.netty.channel.DefaultChannelPool - Entry count for : http://localhost:53648 : 1
19:31:20.007 [AsyncHttpClient-1-1] DEBUG org.asynchttpclient.netty.channel.DefaultChannelPool - Entry count for : http://localhost:53648 : 1
19:31:21.110 [AsyncHttpClient-1-1] DEBUG org.asynchttpclient.netty.channel.DefaultChannelPool - Entry count for : http://localhost:53648 : 1
19:31:22.212 [AsyncHttpClient-1-1] DEBUG org.asynchttpclient.netty.channel.DefaultChannelPool - Entry count for : http://localhost:53648 : 1
19:31:23.298 [AsyncHttpClient-1-1] DEBUG org.asynchttpclient.netty.channel.DefaultChannelPool - Entry count for : http://localhost:53648 : 1
19:31:24.399 [AsyncHttpClient-1-1] DEBUG org.asynchttpclient.netty.channel.DefaultChannelPool - Entry count for : http://localhost:53648 : 1
19:31:25.504 [AsyncHttpClient-1-1] DEBUG org.asynchttpclient.netty.channel.DefaultChannelPool - Entry count for : http://localhost:53648 : 1
19:31:26.609 [AsyncHttpClient-1-1] DEBUG org.asynchttpclient.netty.channel.DefaultChannelPool - Entry count for : http://localhost:53648 : 1
19:31:27.709 [AsyncHttpClient-1-1] DEBUG org.asynchttpclient.netty.channel.DefaultChannelPool - Entry count for : http://localhost:53648 : 1
19:31:28.807 [AsyncHttpClient-1-1] DEBUG org.asynchttpclient.netty.channel.DefaultChannelPool - Entry count for : http://localhost:53648 : 1
19:31:29.907 [AsyncHttpClient-1-1] DEBUG org.asynchttpclient.netty.channel.DefaultChannelPool - Entry count for : http://localhost:53648 : 1
19:31:31.011 [AsyncHttpClient-1-1] DEBUG org.asynchttpclient.netty.channel.DefaultChannelPool - Entry count for : http://localhost:53648 : 1
19:31:32.111 [AsyncHttpClient-1-1] DEBUG org.asynchttpclient.netty.channel.DefaultChannelPool - Entry count for : http://localhost:53648 : 1
19:31:33.204 [AsyncHttpClient-1-1] DEBUG org.asynchttpclient.netty.channel.DefaultChannelPool - Entry count for : http://localhost:53648 : 1
19:31:34.306 [AsyncHttpClient-1-1] DEBUG org.asynchttpclient.netty.channel.DefaultChannelPool - Entry count for : http://localhost:53648 : 1
19:31:35.409 [AsyncHttpClient-1-1] DEBUG org.asynchttpclient.netty.channel.DefaultChannelPool - Entry count for : http://localhost:53648 : 1
19:31:36.499 [AsyncHttpClient-1-1] DEBUG org.asynchttpclient.netty.channel.DefaultChannelPool - Entry count for : http://localhost:53648 : 1
19:31:37.603 [AsyncHttpClient-1-1] DEBUG org.asynchttpclient.netty.channel.DefaultChannelPool - Entry count for : http://localhost:53648 : 1
19:31:38.706 [AsyncHttpClient-1-1] DEBUG org.asynchttpclient.netty.channel.DefaultChannelPool - Entry count for : http://localhost:53648 : 1
19:31:39.814 [AsyncHttpClient-1-1] DEBUG org.asynchttpclient.netty.channel.DefaultChannelPool - Entry count for : http://localhost:53648 : 1
19:31:40.901 [AsyncHttpClient-1-1] DEBUG org.asynchttpclient.netty.channel.DefaultChannelPool - Entry count for : http://localhost:53648 : 1
19:31:42.006 [AsyncHttpClient-1-1] DEBUG org.asynchttpclient.netty.channel.DefaultChannelPool - Entry count for : http://localhost:53648 : 1
19:31:43.110 [AsyncHttpClient-1-1] DEBUG org.asynchttpclient.netty.channel.DefaultChannelPool - Entry count for : http://localhost:53648 : 1
19:31:44.201 [AsyncHttpClient-1-1] DEBUG org.asynchttpclient.netty.channel.DefaultChannelPool - Entry count for : http://localhost:53648 : 1
19:31:45.306 [AsyncHttpClient-1-1] DEBUG org.asynchttpclient.netty.channel.DefaultChannelPool - Entry count for : http://localhost:53648 : 1
19:31:46.412 [AsyncHttpClient-1-1] DEBUG org.asynchttpclient.netty.channel.DefaultChannelPool - Entry count for : http://localhost:53648 : 1
19:31:47.513 [AsyncHttpClient-1-1] DEBUG org.asynchttpclient.netty.channel.DefaultChannelPool - Entry count for : http://localhost:53648 : 1
19:31:48.603 [AsyncHttpClient-1-1] DEBUG org.asynchttpclient.netty.channel.DefaultChannelPool - Entry count for : http://localhost:53648 : 1
19:31:49.702 [AsyncHttpClient-1-1] DEBUG org.asynchttpclient.netty.channel.DefaultChannelPool - Entry count for : http://localhost:53648 : 1
19:31:50.803 [AsyncHttpClient-1-1] DEBUG org.asynchttpclient.netty.channel.DefaultChannelPool - Entry count for : http://localhost:53648 : 1
19:31:51.906 [AsyncHttpClient-1-1] DEBUG org.asynchttpclient.netty.channel.DefaultChannelPool - Entry count for : http://localhost:53648 : 1
19:31:53.005 [AsyncHttpClient-1-1] DEBUG org.asynchttpclient.netty.channel.DefaultChannelPool - Entry count for : http://localhost:53648 : 1
19:31:54.105 [AsyncHttpClient-1-1] DEBUG org.asynchttpclient.netty.channel.DefaultChannelPool - Entry count for : http://localhost:53648 : 1
19:31:55.206 [AsyncHttpClient-1-1] DEBUG org.asynchttpclient.netty.channel.DefaultChannelPool - Entry count for : http://localhost:53648 : 1
19:31:56.305 [AsyncHttpClient-1-1] DEBUG org.asynchttpclient.netty.channel.DefaultChannelPool - Entry count for : http://localhost:53648 : 1
19:31:57.407 [AsyncHttpClient-1-1] DEBUG org.asynchttpclient.netty.channel.DefaultChannelPool - Entry count for : http://localhost:53648 : 1
19:31:58.508 [AsyncHttpClient-1-1] DEBUG org.asynchttpclient.netty.channel.DefaultChannelPool - Entry count for : http://localhost:53648 : 1
19:31:59.606 [AsyncHttpClient-1-1] DEBUG org.asynchttpclient.netty.channel.DefaultChannelPool - Entry count for : http://localhost:53648 : 1
19:32:00.710 [AsyncHttpClient-1-1] DEBUG org.asynchttpclient.netty.channel.DefaultChannelPool - Entry count for : http://localhost:53648 : 1
19:32:01.812 [AsyncHttpClient-1-1] DEBUG org.asynchttpclient.netty.channel.DefaultChannelPool - Entry count for : http://localhost:53648 : 1
19:32:02.898 [AsyncHttpClient-1-1] DEBUG org.asynchttpclient.netty.channel.DefaultChannelPool - Entry count for : http://localhost:53648 : 1
19:32:04.001 [AsyncHttpClient-1-1] DEBUG org.asynchttpclient.netty.channel.DefaultChannelPool - Entry count for : http://localhost:53648 : 1
19:32:05.113 [AsyncHttpClient-1-1] DEBUG org.asynchttpclient.netty.channel.DefaultChannelPool - Entry count for : http://localhost:53648 : 1
19:32:06.201 [AsyncHttpClient-1-1] DEBUG org.asynchttpclient.netty.channel.DefaultChannelPool - Entry count for : http://localhost:53648 : 1
19:32:07.304 [AsyncHttpClient-1-1] DEBUG org.asynchttpclient.netty.channel.DefaultChannelPool - Entry count for : http://localhost:53648 : 1
19:32:08.411 [AsyncHttpClient-1-1] DEBUG org.asynchttpclient.netty.channel.DefaultChannelPool - Entry count for : http://localhost:53648 : 1
19:32:09.498 [AsyncHttpClient-1-1] DEBUG org.asynchttpclient.netty.channel.DefaultChannelPool - Entry count for : http://localhost:53648 : 1
19:32:10.605 [AsyncHttpClient-1-1] DEBUG org.asynchttpclient.netty.channel.DefaultChannelPool - Entry count for : http://localhost:53648 : 1
19:32:11.705 [AsyncHttpClient-1-1] DEBUG org.asynchttpclient.netty.channel.DefaultChannelPool - Entry count for : http://localhost:53648 : 1
19:32:12.808 [AsyncHttpClient-1-1] DEBUG org.asynchttpclient.netty.channel.DefaultChannelPool - Entry count for : http://localhost:53648 : 1
19:32:13.899 [AsyncHttpClient-1-1] DEBUG org.asynchttpclient.netty.channel.DefaultChannelPool - Entry count for : http://localhost:53648 : 1
19:32:14.998 [AsyncHttpClient-1-1] DEBUG org.asynchttpclient.netty.channel.DefaultChannelPool - Entry count for : http://localhost:53648 : 1
19:32:16.098 [AsyncHttpClient-1-1] DEBUG org.asynchttpclient.netty.channel.DefaultChannelPool - Entry count for : http://localhost:53648 : 1
19:32:17.200 [AsyncHttpClient-1-1] DEBUG org.asynchttpclient.netty.channel.DefaultChannelPool - Entry count for : http://localhost:53648 : 1
19:32:18.301 [AsyncHttpClient-1-1] DEBUG org.asynchttpclient.netty.channel.DefaultChannelPool - Entry count for : http://localhost:53648 : 1
19:32:18.301 [AsyncHttpClient-1-1] DEBUG org.asynchttpclient.netty.channel.DefaultChannelPool - Adding Candidate expired Channel [id: 0xe376c56a, L:/127.0.0.1:53653 - R:localhost/127.0.0.1:53648] isIdleTimeoutExpired=true isRemotelyClosed=false isTtlExpired=false
19:32:18.301 [AsyncHttpClient-1-1] DEBUG org.asynchttpclient.netty.channel.DefaultChannelPool - Closing Idle Channel [id: 0xe376c56a, L:/127.0.0.1:53653 - R:localhost/127.0.0.1:53648]
19:32:18.301 [AsyncHttpClient-1-1] DEBUG org.asynchttpclient.netty.channel.DefaultChannelPool - Closed 1 connections out of 1 in 0 ms
19:32:18.302 [AsyncHttpClient-1-2] DEBUG org.asynchttpclient.netty.handler.HttpHandler - Channel Closed: [id: 0xe376c56a, L:/127.0.0.1:53653 ! R:localhost/127.0.0.1:53648] with attribute DISCARD
19:32:21.674 [AsyncHttpClient-1-9] DEBUG org.asynchttpclient.netty.handler.HttpHandler - 

Request DefaultHttpRequest(decodeResult: success, version: HTTP/1.1)
POST /session/a77a2748ff48c3e416d82361038474b7/url HTTP/1.1
User-Agent: selenium/4.1.2 (java windows)
Content-Length: 59
Content-Type: application/json; charset=utf-8
host: localhost:62171
accept: */*

Response DefaultHttpResponse(decodeResult: success, version: HTTP/1.1)
HTTP/1.1 200 OK
Content-Type: application/json; charset=utf-8
cache-control: no-cache
content-length: 14

19:32:21.674 [AsyncHttpClient-1-9] DEBUG org.asynchttpclient.netty.channel.ChannelManager - Adding key: http://localhost:62171 for channel [id: 0x2e88fa58, L:/127.0.0.1:53647 - R:localhost/127.0.0.1:62171]
19:32:21.676 [Forwarding setTimeout on session a77a2748ff48c3e416d82361038474b7 to remote] DEBUG org.asynchttpclient.netty.request.NettyRequestSender - Using pooled Channel '[id: 0x2e88fa58, L:/127.0.0.1:53647 - R:localhost/127.0.0.1:62171]' for 'POST' to 'http://localhost:62171/session/a77a2748ff48c3e416d82361038474b7/timeouts'
19:32:21.676 [Forwarding setTimeout on session a77a2748ff48c3e416d82361038474b7 to remote] DEBUG org.asynchttpclient.netty.request.NettyRequestSender - Using open Channel [id: 0x2e88fa58, L:/127.0.0.1:53647 - R:localhost/127.0.0.1:62171] for POST '/session/a77a2748ff48c3e416d82361038474b7/timeouts'
19:32:21.677 [AsyncHttpClient-1-9] DEBUG org.asynchttpclient.netty.handler.HttpHandler - 

Request DefaultHttpRequest(decodeResult: success, version: HTTP/1.1)
POST /session/a77a2748ff48c3e416d82361038474b7/timeouts HTTP/1.1
User-Agent: selenium/4.1.2 (java windows)
Content-Length: 22
Content-Type: application/json; charset=utf-8
host: localhost:62171
accept: */*

Response DefaultHttpResponse(decodeResult: success, version: HTTP/1.1)
HTTP/1.1 200 OK
Content-Type: application/json; charset=utf-8
cache-control: no-cache
content-length: 14

19:32:21.677 [AsyncHttpClient-1-9] DEBUG org.asynchttpclient.netty.channel.ChannelManager - Adding key: http://localhost:62171 for channel [id: 0x2e88fa58, L:/127.0.0.1:53647 - R:localhost/127.0.0.1:62171]
19:32:21.680 [Forwarding getCurrentUrl on session a77a2748ff48c3e416d82361038474b7 to remote] DEBUG org.asynchttpclient.netty.request.NettyRequestSender - Using pooled Channel '[id: 0x2e88fa58, L:/127.0.0.1:53647 - R:localhost/127.0.0.1:62171]' for 'GET' to 'http://localhost:62171/session/a77a2748ff48c3e416d82361038474b7/url'
19:32:21.680 [Forwarding getCurrentUrl on session a77a2748ff48c3e416d82361038474b7 to remote] DEBUG org.asynchttpclient.netty.request.NettyRequestSender - Using open Channel [id: 0x2e88fa58, L:/127.0.0.1:53647 - R:localhost/127.0.0.1:62171] for GET '/session/a77a2748ff48c3e416d82361038474b7/url'
19:32:21.685 [AsyncHttpClient-1-9] DEBUG org.asynchttpclient.netty.handler.HttpHandler - 

Request DefaultFullHttpRequest(decodeResult: success, version: HTTP/1.1, content: EmptyByteBufBE)
GET /session/a77a2748ff48c3e416d82361038474b7/url HTTP/1.1
User-Agent: selenium/4.1.2 (java windows)
Cache-Control: no-cache
Content-Type: application/json; charset=utf-8
host: localhost:62171
accept: */*

Response DefaultHttpResponse(decodeResult: success, version: HTTP/1.1)
HTTP/1.1 200 OK
Content-Type: application/json; charset=utf-8
cache-control: no-cache
content-length: 41

19:32:21.685 [AsyncHttpClient-1-9] DEBUG org.asynchttpclient.netty.channel.ChannelManager - Adding key: http://localhost:62171 for channel [id: 0x2e88fa58, L:/127.0.0.1:53647 - R:localhost/127.0.0.1:62171]
  &amp#27;[32mGiven &amp#27;[0m&amp#27;[32mI open the website&amp#27;[0m                                                  &amp#27;[90m# starter.steps.RegistrationStep.iOpenTheWebsite()&amp#27;[0m
19:32:21.690 [Forwarding screenshot on session a77a2748ff48c3e416d82361038474b7 to remote] DEBUG org.asynchttpclient.netty.request.NettyRequestSender - Using pooled Channel '[id: 0x2e88fa58, L:/127.0.0.1:53647 - R:localhost/127.0.0.1:62171]' for 'GET' to 'http://localhost:62171/session/a77a2748ff48c3e416d82361038474b7/screenshot'
19:32:21.690 [Forwarding screenshot on session a77a2748ff48c3e416d82361038474b7 to remote] DEBUG org.asynchttpclient.netty.request.NettyRequestSender - Using open Channel [id: 0x2e88fa58, L:/127.0.0.1:53647 - R:localhost/127.0.0.1:62171] for GET '/session/a77a2748ff48c3e416d82361038474b7/screenshot'
19:32:21.866 [AsyncHttpClient-1-9] DEBUG org.asynchttpclient.netty.handler.HttpHandler - 

Request DefaultFullHttpRequest(decodeResult: success, version: HTTP/1.1, content: EmptyByteBufBE)
GET /session/a77a2748ff48c3e416d82361038474b7/screenshot HTTP/1.1
User-Agent: selenium/4.1.2 (java windows)
Cache-Control: no-cache
Content-Type: application/json; charset=utf-8
host: localhost:62171
accept: */*

Response DefaultHttpResponse(decodeResult: success, version: HTTP/1.1)
HTTP/1.1 200 OK
Content-Type: application/json; charset=utf-8
cache-control: no-cache
content-length: 69584

19:32:21.866 [AsyncHttpClient-1-9] DEBUG org.asynchttpclient.netty.channel.ChannelManager - Adding key: http://localhost:62171 for channel [id: 0x2e88fa58, L:/127.0.0.1:53647 - R:localhost/127.0.0.1:62171]
19:32:21.870 [main] DEBUG net.serenitybdd.core.photography.Darkroom - Send negative for processing for target\site\serenity\5297bd387dc3249e00c2d6656fb13e2699af90824ba878fd382afd24108abb14.png
19:32:21.871 [Darkroom Processing Line] DEBUG net.serenitybdd.core.photography.DarkroomProcessingLine - Processing screenshot image in /var/screenshots/screenshot-8193048361921483125
19:32:21.871 [Darkroom Processing Line] DEBUG net.serenitybdd.core.photography.DarkroomProcessingLine - Saving screenshot to target\site\serenity\5297bd387dc3249e00c2d6656fb13e2699af90824ba878fd382afd24108abb14.png
19:32:21.883 [Forwarding findElement on session a77a2748ff48c3e416d82361038474b7 to remote] DEBUG org.asynchttpclient.netty.request.NettyRequestSender - Using pooled Channel '[id: 0x2e88fa58, L:/127.0.0.1:53647 - R:localhost/127.0.0.1:62171]' for 'POST' to 'http://localhost:62171/session/a77a2748ff48c3e416d82361038474b7/element'
19:32:21.883 [Forwarding findElement on session a77a2748ff48c3e416d82361038474b7 to remote] DEBUG org.asynchttpclient.netty.request.NettyRequestSender - Using open Channel [id: 0x2e88fa58, L:/127.0.0.1:53647 - R:localhost/127.0.0.1:62171] for POST '/session/a77a2748ff48c3e416d82361038474b7/element'
19:32:21.905 [AsyncHttpClient-1-9] DEBUG org.asynchttpclient.netty.handler.HttpHandler - 

Request DefaultHttpRequest(decodeResult: success, version: HTTP/1.1)
POST /session/a77a2748ff48c3e416d82361038474b7/element HTTP/1.1
User-Agent: selenium/4.1.2 (java windows)
Content-Length: 97
Content-Type: application/json; charset=utf-8
host: localhost:62171
accept: */*

Response DefaultHttpResponse(decodeResult: success, version: HTTP/1.1)
HTTP/1.1 200 OK
Content-Type: application/json; charset=utf-8
cache-control: no-cache
content-length: 88

19:32:21.906 [AsyncHttpClient-1-9] DEBUG org.asynchttpclient.netty.channel.ChannelManager - Adding key: http://localhost:62171 for channel [id: 0x2e88fa58, L:/127.0.0.1:53647 - R:localhost/127.0.0.1:62171]
19:32:21.908 [Forwarding getElementTagName on session a77a2748ff48c3e416d82361038474b7 to remote] DEBUG org.asynchttpclient.netty.request.NettyRequestSender - Using pooled Channel '[id: 0x2e88fa58, L:/127.0.0.1:53647 - R:localhost/127.0.0.1:62171]' for 'GET' to 'http://localhost:62171/session/a77a2748ff48c3e416d82361038474b7/element/8a8e41a7-cd31-4e9b-a72e-fb0319c4d447/name'
19:32:21.908 [Forwarding getElementTagName on session a77a2748ff48c3e416d82361038474b7 to remote] DEBUG org.asynchttpclient.netty.request.NettyRequestSender - Using open Channel [id: 0x2e88fa58, L:/127.0.0.1:53647 - R:localhost/127.0.0.1:62171] for GET '/session/a77a2748ff48c3e416d82361038474b7/element/8a8e41a7-cd31-4e9b-a72e-fb0319c4d447/name'
19:32:21.912 [AsyncHttpClient-1-9] DEBUG org.asynchttpclient.netty.handler.HttpHandler - 

Request DefaultFullHttpRequest(decodeResult: success, version: HTTP/1.1, content: EmptyByteBufBE)
GET /session/a77a2748ff48c3e416d82361038474b7/element/8a8e41a7-cd31-4e9b-a72e-fb0319c4d447/name HTTP/1.1
User-Agent: selenium/4.1.2 (java windows)
Cache-Control: no-cache
Content-Type: application/json; charset=utf-8
host: localhost:62171
accept: */*

Response DefaultHttpResponse(decodeResult: success, version: HTTP/1.1)
HTTP/1.1 200 OK
Content-Type: application/json; charset=utf-8
cache-control: no-cache
content-length: 13

19:32:21.912 [AsyncHttpClient-1-9] DEBUG org.asynchttpclient.netty.channel.ChannelManager - Adding key: http://localhost:62171 for channel [id: 0x2e88fa58, L:/127.0.0.1:53647 - R:localhost/127.0.0.1:62171]
19:32:21.915 [Forwarding getElementTagName on session a77a2748ff48c3e416d82361038474b7 to remote] DEBUG org.asynchttpclient.netty.request.NettyRequestSender - Using pooled Channel '[id: 0x2e88fa58, L:/127.0.0.1:53647 - R:localhost/127.0.0.1:62171]' for 'GET' to 'http://localhost:62171/session/a77a2748ff48c3e416d82361038474b7/element/8a8e41a7-cd31-4e9b-a72e-fb0319c4d447/name'
19:32:21.915 [Forwarding getElementTagName on session a77a2748ff48c3e416d82361038474b7 to remote] DEBUG org.asynchttpclient.netty.request.NettyRequestSender - Using open Channel [id: 0x2e88fa58, L:/127.0.0.1:53647 - R:localhost/127.0.0.1:62171] for GET '/session/a77a2748ff48c3e416d82361038474b7/element/8a8e41a7-cd31-4e9b-a72e-fb0319c4d447/name'
19:32:21.923 [AsyncHttpClient-1-9] DEBUG org.asynchttpclient.netty.handler.HttpHandler - 

Request DefaultFullHttpRequest(decodeResult: success, version: HTTP/1.1, content: EmptyByteBufBE)
GET /session/a77a2748ff48c3e416d82361038474b7/element/8a8e41a7-cd31-4e9b-a72e-fb0319c4d447/name HTTP/1.1
User-Agent: selenium/4.1.2 (java windows)
Cache-Control: no-cache
Content-Type: application/json; charset=utf-8
host: localhost:62171
accept: */*

Response DefaultHttpResponse(decodeResult: success, version: HTTP/1.1)
HTTP/1.1 200 OK
Content-Type: application/json; charset=utf-8
cache-control: no-cache
content-length: 13

19:32:21.923 [AsyncHttpClient-1-9] DEBUG org.asynchttpclient.netty.channel.ChannelManager - Adding key: http://localhost:62171 for channel [id: 0x2e88fa58, L:/127.0.0.1:53647 - R:localhost/127.0.0.1:62171]
19:32:21.927 [Forwarding findElement on session a77a2748ff48c3e416d82361038474b7 to remote] DEBUG org.asynchttpclient.netty.request.NettyRequestSender - Using pooled Channel '[id: 0x2e88fa58, L:/127.0.0.1:53647 - R:localhost/127.0.0.1:62171]' for 'POST' to 'http://localhost:62171/session/a77a2748ff48c3e416d82361038474b7/element'
19:32:21.927 [Forwarding findElement on session a77a2748ff48c3e416d82361038474b7 to remote] DEBUG org.asynchttpclient.netty.request.NettyRequestSender - Using open Channel [id: 0x2e88fa58, L:/127.0.0.1:53647 - R:localhost/127.0.0.1:62171] for POST '/session/a77a2748ff48c3e416d82361038474b7/element'
19:32:21.936 [AsyncHttpClient-1-9] DEBUG org.asynchttpclient.netty.handler.HttpHandler - 

Request DefaultHttpRequest(decodeResult: success, version: HTTP/1.1)
POST /session/a77a2748ff48c3e416d82361038474b7/element HTTP/1.1
User-Agent: selenium/4.1.2 (java windows)
Content-Length: 97
Content-Type: application/json; charset=utf-8
host: localhost:62171
accept: */*

Response DefaultHttpResponse(decodeResult: success, version: HTTP/1.1)
HTTP/1.1 200 OK
Content-Type: application/json; charset=utf-8
cache-control: no-cache
content-length: 88

19:32:21.936 [AsyncHttpClient-1-9] DEBUG org.asynchttpclient.netty.channel.ChannelManager - Adding key: http://localhost:62171 for channel [id: 0x2e88fa58, L:/127.0.0.1:53647 - R:localhost/127.0.0.1:62171]
19:32:21.938 [Forwarding clickElement on session a77a2748ff48c3e416d82361038474b7 to remote] DEBUG org.asynchttpclient.netty.request.NettyRequestSender - Using pooled Channel '[id: 0x2e88fa58, L:/127.0.0.1:53647 - R:localhost/127.0.0.1:62171]' for 'POST' to 'http://localhost:62171/session/a77a2748ff48c3e416d82361038474b7/element/8a8e41a7-cd31-4e9b-a72e-fb0319c4d447/click'
19:32:21.938 [Forwarding clickElement on session a77a2748ff48c3e416d82361038474b7 to remote] DEBUG org.asynchttpclient.netty.request.NettyRequestSender - Using open Channel [id: 0x2e88fa58, L:/127.0.0.1:53647 - R:localhost/127.0.0.1:62171] for POST '/session/a77a2748ff48c3e416d82361038474b7/element/8a8e41a7-cd31-4e9b-a72e-fb0319c4d447/click'
19:32:21.985 [AsyncHttpClient-1-9] DEBUG org.asynchttpclient.netty.handler.HttpHandler - 

Request DefaultHttpRequest(decodeResult: success, version: HTTP/1.1)
POST /session/a77a2748ff48c3e416d82361038474b7/element/8a8e41a7-cd31-4e9b-a72e-fb0319c4d447/click HTTP/1.1
User-Agent: selenium/4.1.2 (java windows)
Content-Length: 50
Content-Type: application/json; charset=utf-8
host: localhost:62171
accept: */*

Response DefaultHttpResponse(decodeResult: success, version: HTTP/1.1)
HTTP/1.1 200 OK
Content-Type: application/json; charset=utf-8
cache-control: no-cache
content-length: 14

19:32:21.985 [AsyncHttpClient-1-9] DEBUG org.asynchttpclient.netty.channel.ChannelManager - Adding key: http://localhost:62171 for channel [id: 0x2e88fa58, L:/127.0.0.1:53647 - R:localhost/127.0.0.1:62171]
  &amp#27;[32mAnd &amp#27;[0m&amp#27;[32mI click sign in button&amp#27;[0m                                                &amp#27;[90m# starter.steps.RegistrationStep.iClickSignInButton()&amp#27;[0m
19:32:21.995 [Forwarding screenshot on session a77a2748ff48c3e416d82361038474b7 to remote] DEBUG org.asynchttpclient.netty.request.NettyRequestSender - Using pooled Channel '[id: 0x2e88fa58, L:/127.0.0.1:53647 - R:localhost/127.0.0.1:62171]' for 'GET' to 'http://localhost:62171/session/a77a2748ff48c3e416d82361038474b7/screenshot'
19:32:21.995 [Forwarding screenshot on session a77a2748ff48c3e416d82361038474b7 to remote] DEBUG org.asynchttpclient.netty.request.NettyRequestSender - Using open Channel [id: 0x2e88fa58, L:/127.0.0.1:53647 - R:localhost/127.0.0.1:62171] for GET '/session/a77a2748ff48c3e416d82361038474b7/screenshot'
19:32:22.248 [AsyncHttpClient-1-9] DEBUG org.asynchttpclient.netty.handler.HttpHandler - 

Request DefaultFullHttpRequest(decodeResult: success, version: HTTP/1.1, content: EmptyByteBufBE)
GET /session/a77a2748ff48c3e416d82361038474b7/screenshot HTTP/1.1
User-Agent: selenium/4.1.2 (java windows)
Cache-Control: no-cache
Content-Type: application/json; charset=utf-8
host: localhost:62171
accept: */*

Response DefaultHttpResponse(decodeResult: success, version: HTTP/1.1)
HTTP/1.1 200 OK
Content-Type: application/json; charset=utf-8
cache-control: no-cache
content-length: 40220

19:32:22.249 [AsyncHttpClient-1-9] DEBUG org.asynchttpclient.netty.channel.ChannelManager - Adding key: http://localhost:62171 for channel [id: 0x2e88fa58, L:/127.0.0.1:53647 - R:localhost/127.0.0.1:62171]
19:32:22.253 [main] DEBUG net.serenitybdd.core.photography.Darkroom - Send negative for processing for target\site\serenity\e187b8d767406cc26c9dfbf1162f3c829ae30d3cf0774c05fdfb5c53720dead7.png
19:32:22.253 [Darkroom Processing Line] DEBUG net.serenitybdd.core.photography.DarkroomProcessingLine - Processing screenshot image in /var/screenshots/screenshot-8458598289063576811
19:32:22.253 [Darkroom Processing Line] DEBUG net.serenitybdd.core.photography.DarkroomProcessingLine - Saving screenshot to target\site\serenity\e187b8d767406cc26c9dfbf1162f3c829ae30d3cf0774c05fdfb5c53720dead7.png
19:32:22.271 [Forwarding findElement on session a77a2748ff48c3e416d82361038474b7 to remote] DEBUG org.asynchttpclient.netty.request.NettyRequestSender - Using pooled Channel '[id: 0x2e88fa58, L:/127.0.0.1:53647 - R:localhost/127.0.0.1:62171]' for 'POST' to 'http://localhost:62171/session/a77a2748ff48c3e416d82361038474b7/element'
19:32:22.271 [Forwarding findElement on session a77a2748ff48c3e416d82361038474b7 to remote] DEBUG org.asynchttpclient.netty.request.NettyRequestSender - Using open Channel [id: 0x2e88fa58, L:/127.0.0.1:53647 - R:localhost/127.0.0.1:62171] for POST '/session/a77a2748ff48c3e416d82361038474b7/element'
19:32:22.286 [AsyncHttpClient-1-9] DEBUG org.asynchttpclient.netty.handler.HttpHandler - 

Request DefaultHttpRequest(decodeResult: success, version: HTTP/1.1)
POST /session/a77a2748ff48c3e416d82361038474b7/element HTTP/1.1
User-Agent: selenium/4.1.2 (java windows)
Content-Length: 87
Content-Type: application/json; charset=utf-8
host: localhost:62171
accept: */*

Response DefaultHttpResponse(decodeResult: success, version: HTTP/1.1)
HTTP/1.1 200 OK
Content-Type: application/json; charset=utf-8
cache-control: no-cache
content-length: 88

19:32:22.286 [AsyncHttpClient-1-9] DEBUG org.asynchttpclient.netty.channel.ChannelManager - Adding key: http://localhost:62171 for channel [id: 0x2e88fa58, L:/127.0.0.1:53647 - R:localhost/127.0.0.1:62171]
19:32:22.290 [Forwarding clearElement on session a77a2748ff48c3e416d82361038474b7 to remote] DEBUG org.asynchttpclient.netty.request.NettyRequestSender - Using pooled Channel '[id: 0x2e88fa58, L:/127.0.0.1:53647 - R:localhost/127.0.0.1:62171]' for 'POST' to 'http://localhost:62171/session/a77a2748ff48c3e416d82361038474b7/element/048646a2-9687-495a-8f09-fd1b6dd486b7/clear'
19:32:22.290 [Forwarding clearElement on session a77a2748ff48c3e416d82361038474b7 to remote] DEBUG org.asynchttpclient.netty.request.NettyRequestSender - Using open Channel [id: 0x2e88fa58, L:/127.0.0.1:53647 - R:localhost/127.0.0.1:62171] for POST '/session/a77a2748ff48c3e416d82361038474b7/element/048646a2-9687-495a-8f09-fd1b6dd486b7/clear'
19:32:22.334 [AsyncHttpClient-1-9] DEBUG org.asynchttpclient.netty.handler.HttpHandler - 

Request DefaultHttpRequest(decodeResult: success, version: HTTP/1.1)
POST /session/a77a2748ff48c3e416d82361038474b7/element/048646a2-9687-495a-8f09-fd1b6dd486b7/clear HTTP/1.1
User-Agent: selenium/4.1.2 (java windows)
Content-Length: 50
Content-Type: application/json; charset=utf-8
host: localhost:62171
accept: */*

Response DefaultHttpResponse(decodeResult: success, version: HTTP/1.1)
HTTP/1.1 200 OK
Content-Type: application/json; charset=utf-8
cache-control: no-cache
content-length: 14

19:32:22.335 [AsyncHttpClient-1-9] DEBUG org.asynchttpclient.netty.channel.ChannelManager - Adding key: http://localhost:62171 for channel [id: 0x2e88fa58, L:/127.0.0.1:53647 - R:localhost/127.0.0.1:62171]
19:32:22.336 [Forwarding sendKeysToElement on session a77a2748ff48c3e416d82361038474b7 to remote] DEBUG org.asynchttpclient.netty.request.NettyRequestSender - Using pooled Channel '[id: 0x2e88fa58, L:/127.0.0.1:53647 - R:localhost/127.0.0.1:62171]' for 'POST' to 'http://localhost:62171/session/a77a2748ff48c3e416d82361038474b7/element/048646a2-9687-495a-8f09-fd1b6dd486b7/value'
19:32:22.336 [Forwarding sendKeysToElement on session a77a2748ff48c3e416d82361038474b7 to remote] DEBUG org.asynchttpclient.netty.request.NettyRequestSender - Using open Channel [id: 0x2e88fa58, L:/127.0.0.1:53647 - R:localhost/127.0.0.1:62171] for POST '/session/a77a2748ff48c3e416d82361038474b7/element/048646a2-9687-495a-8f09-fd1b6dd486b7/value'
19:32:22.448 [AsyncHttpClient-1-9] DEBUG org.asynchttpclient.netty.handler.HttpHandler - 

Request DefaultHttpRequest(decodeResult: success, version: HTTP/1.1)
POST /session/a77a2748ff48c3e416d82361038474b7/element/048646a2-9687-495a-8f09-fd1b6dd486b7/value HTTP/1.1
User-Agent: selenium/4.1.2 (java windows)
Content-Length: 291
Content-Type: application/json; charset=utf-8
host: localhost:62171
accept: */*

Response DefaultHttpResponse(decodeResult: success, version: HTTP/1.1)
HTTP/1.1 200 OK
Content-Type: application/json; charset=utf-8
cache-control: no-cache
content-length: 14

19:32:22.449 [AsyncHttpClient-1-9] DEBUG org.asynchttpclient.netty.channel.ChannelManager - Adding key: http://localhost:62171 for channel [id: 0x2e88fa58, L:/127.0.0.1:53647 - R:localhost/127.0.0.1:62171]
19:32:22.453 [Forwarding findElement on session a77a2748ff48c3e416d82361038474b7 to remote] DEBUG org.asynchttpclient.netty.request.NettyRequestSender - Using pooled Channel '[id: 0x2e88fa58, L:/127.0.0.1:53647 - R:localhost/127.0.0.1:62171]' for 'POST' to 'http://localhost:62171/session/a77a2748ff48c3e416d82361038474b7/element'
19:32:22.453 [Forwarding findElement on session a77a2748ff48c3e416d82361038474b7 to remote] DEBUG org.asynchttpclient.netty.request.NettyRequestSender - Using open Channel [id: 0x2e88fa58, L:/127.0.0.1:53647 - R:localhost/127.0.0.1:62171] for POST '/session/a77a2748ff48c3e416d82361038474b7/element'
19:32:22.461 [AsyncHttpClient-1-9] DEBUG org.asynchttpclient.netty.handler.HttpHandler - 

Request DefaultHttpRequest(decodeResult: success, version: HTTP/1.1)
POST /session/a77a2748ff48c3e416d82361038474b7/element HTTP/1.1
User-Agent: selenium/4.1.2 (java windows)
Content-Length: 89
Content-Type: application/json; charset=utf-8
host: localhost:62171
accept: */*

Response DefaultHttpResponse(decodeResult: success, version: HTTP/1.1)
HTTP/1.1 200 OK
Content-Type: application/json; charset=utf-8
cache-control: no-cache
content-length: 88

19:32:22.463 [AsyncHttpClient-1-9] DEBUG org.asynchttpclient.netty.channel.ChannelManager - Adding key: http://localhost:62171 for channel [id: 0x2e88fa58, L:/127.0.0.1:53647 - R:localhost/127.0.0.1:62171]
19:32:22.465 [Forwarding clearElement on session a77a2748ff48c3e416d82361038474b7 to remote] DEBUG org.asynchttpclient.netty.request.NettyRequestSender - Using pooled Channel '[id: 0x2e88fa58, L:/127.0.0.1:53647 - R:localhost/127.0.0.1:62171]' for 'POST' to 'http://localhost:62171/session/a77a2748ff48c3e416d82361038474b7/element/16f108dc-a306-457f-8421-bc6ec3ce44aa/clear'
19:32:22.465 [Forwarding clearElement on session a77a2748ff48c3e416d82361038474b7 to remote] DEBUG org.asynchttpclient.netty.request.NettyRequestSender - Using open Channel [id: 0x2e88fa58, L:/127.0.0.1:53647 - R:localhost/127.0.0.1:62171] for POST '/session/a77a2748ff48c3e416d82361038474b7/element/16f108dc-a306-457f-8421-bc6ec3ce44aa/clear'
19:32:22.488 [AsyncHttpClient-1-9] DEBUG org.asynchttpclient.netty.handler.HttpHandler - 

Request DefaultHttpRequest(decodeResult: success, version: HTTP/1.1)
POST /session/a77a2748ff48c3e416d82361038474b7/element/16f108dc-a306-457f-8421-bc6ec3ce44aa/clear HTTP/1.1
User-Agent: selenium/4.1.2 (java windows)
Content-Length: 50
Content-Type: application/json; charset=utf-8
host: localhost:62171
accept: */*

Response DefaultHttpResponse(decodeResult: success, version: HTTP/1.1)
HTTP/1.1 200 OK
Content-Type: application/json; charset=utf-8
cache-control: no-cache
content-length: 14

19:32:22.488 [AsyncHttpClient-1-9] DEBUG org.asynchttpclient.netty.channel.ChannelManager - Adding key: http://localhost:62171 for channel [id: 0x2e88fa58, L:/127.0.0.1:53647 - R:localhost/127.0.0.1:62171]
19:32:22.490 [Forwarding sendKeysToElement on session a77a2748ff48c3e416d82361038474b7 to remote] DEBUG org.asynchttpclient.netty.request.NettyRequestSender - Using pooled Channel '[id: 0x2e88fa58, L:/127.0.0.1:53647 - R:localhost/127.0.0.1:62171]' for 'POST' to 'http://localhost:62171/session/a77a2748ff48c3e416d82361038474b7/element/16f108dc-a306-457f-8421-bc6ec3ce44aa/value'
19:32:22.490 [Forwarding sendKeysToElement on session a77a2748ff48c3e416d82361038474b7 to remote] DEBUG org.asynchttpclient.netty.request.NettyRequestSender - Using open Channel [id: 0x2e88fa58, L:/127.0.0.1:53647 - R:localhost/127.0.0.1:62171] for POST '/session/a77a2748ff48c3e416d82361038474b7/element/16f108dc-a306-457f-8421-bc6ec3ce44aa/value'
19:32:22.553 [AsyncHttpClient-1-9] DEBUG org.asynchttpclient.netty.handler.HttpHandler - 

Request DefaultHttpRequest(decodeResult: success, version: HTTP/1.1)
POST /session/a77a2748ff48c3e416d82361038474b7/element/16f108dc-a306-457f-8421-bc6ec3ce44aa/value HTTP/1.1
User-Agent: selenium/4.1.2 (java windows)
Content-Length: 181
Content-Type: application/json; charset=utf-8
host: localhost:62171
accept: */*

Response DefaultHttpResponse(decodeResult: success, version: HTTP/1.1)
HTTP/1.1 200 OK
Content-Type: application/json; charset=utf-8
cache-control: no-cache
content-length: 14

19:32:22.553 [AsyncHttpClient-1-9] DEBUG org.asynchttpclient.netty.channel.ChannelManager - Adding key: http://localhost:62171 for channel [id: 0x2e88fa58, L:/127.0.0.1:53647 - R:localhost/127.0.0.1:62171]
  &amp#27;[32mAnd &amp#27;[0m&amp#27;[32mI input &amp#27;[0m&amp#27;[32m&amp#27;[1m"maylananggi@gmail.com"&amp#27;[0m&amp#27;[32m email and &amp#27;[0m&amp#27;[32m&amp#27;[1m"maylanqe22"&amp#27;[0m&amp#27;[32m password valid&amp#27;[0m &amp#27;[90m# starter.steps.DetailStep.iInputEmailAndPasswordValid(java.lang.String,java.lang.String)&amp#27;[0m
19:32:22.557 [Forwarding screenshot on session a77a2748ff48c3e416d82361038474b7 to remote] DEBUG org.asynchttpclient.netty.request.NettyRequestSender - Using pooled Channel '[id: 0x2e88fa58, L:/127.0.0.1:53647 - R:localhost/127.0.0.1:62171]' for 'GET' to 'http://localhost:62171/session/a77a2748ff48c3e416d82361038474b7/screenshot'
19:32:22.557 [Forwarding screenshot on session a77a2748ff48c3e416d82361038474b7 to remote] DEBUG org.asynchttpclient.netty.request.NettyRequestSender - Using open Channel [id: 0x2e88fa58, L:/127.0.0.1:53647 - R:localhost/127.0.0.1:62171] for GET '/session/a77a2748ff48c3e416d82361038474b7/screenshot'
19:32:22.706 [AsyncHttpClient-1-9] DEBUG org.asynchttpclient.netty.handler.HttpHandler - 

Request DefaultFullHttpRequest(decodeResult: success, version: HTTP/1.1, content: EmptyByteBufBE)
GET /session/a77a2748ff48c3e416d82361038474b7/screenshot HTTP/1.1
User-Agent: selenium/4.1.2 (java windows)
Cache-Control: no-cache
Content-Type: application/json; charset=utf-8
host: localhost:62171
accept: */*

Response DefaultHttpResponse(decodeResult: success, version: HTTP/1.1)
HTTP/1.1 200 OK
Content-Type: application/json; charset=utf-8
cache-control: no-cache
content-length: 52532

19:32:22.707 [AsyncHttpClient-1-9] DEBUG org.asynchttpclient.netty.channel.ChannelManager - Adding key: http://localhost:62171 for channel [id: 0x2e88fa58, L:/127.0.0.1:53647 - R:localhost/127.0.0.1:62171]
19:32:22.715 [main] DEBUG net.serenitybdd.core.photography.Darkroom - Send negative for processing for target\site\serenity\b629b87b5052666d14b248efb7ee22df6855978b80bb46b178e37c36744422a6.png
19:32:22.716 [Darkroom Processing Line] DEBUG net.serenitybdd.core.photography.DarkroomProcessingLine - Processing screenshot image in /var/screenshots/screenshot-8475658415316786298
19:32:22.716 [Darkroom Processing Line] DEBUG net.serenitybdd.core.photography.DarkroomProcessingLine - Saving screenshot to target\site\serenity\b629b87b5052666d14b248efb7ee22df6855978b80bb46b178e37c36744422a6.png
19:32:22.739 [Forwarding findElement on session a77a2748ff48c3e416d82361038474b7 to remote] DEBUG org.asynchttpclient.netty.request.NettyRequestSender - Using pooled Channel '[id: 0x2e88fa58, L:/127.0.0.1:53647 - R:localhost/127.0.0.1:62171]' for 'POST' to 'http://localhost:62171/session/a77a2748ff48c3e416d82361038474b7/element'
19:32:22.739 [Forwarding findElement on session a77a2748ff48c3e416d82361038474b7 to remote] DEBUG org.asynchttpclient.netty.request.NettyRequestSender - Using open Channel [id: 0x2e88fa58, L:/127.0.0.1:53647 - R:localhost/127.0.0.1:62171] for POST '/session/a77a2748ff48c3e416d82361038474b7/element'
19:32:22.798 [AsyncHttpClient-1-9] DEBUG org.asynchttpclient.netty.handler.HttpHandler - 

Request DefaultHttpRequest(decodeResult: success, version: HTTP/1.1)
POST /session/a77a2748ff48c3e416d82361038474b7/element HTTP/1.1
User-Agent: selenium/4.1.2 (java windows)
Content-Length: 141
Content-Type: application/json; charset=utf-8
host: localhost:62171
accept: */*

Response DefaultHttpResponse(decodeResult: success, version: HTTP/1.1)
HTTP/1.1 200 OK
Content-Type: application/json; charset=utf-8
cache-control: no-cache
content-length: 88

19:32:22.799 [AsyncHttpClient-1-9] DEBUG org.asynchttpclient.netty.channel.ChannelManager - Adding key: http://localhost:62171 for channel [id: 0x2e88fa58, L:/127.0.0.1:53647 - R:localhost/127.0.0.1:62171]
19:32:22.800 [Forwarding getElementTagName on session a77a2748ff48c3e416d82361038474b7 to remote] DEBUG org.asynchttpclient.netty.request.NettyRequestSender - Using pooled Channel '[id: 0x2e88fa58, L:/127.0.0.1:53647 - R:localhost/127.0.0.1:62171]' for 'GET' to 'http://localhost:62171/session/a77a2748ff48c3e416d82361038474b7/element/f0912ea4-23a8-47eb-9249-6562c3d2f85f/name'
19:32:22.801 [Forwarding getElementTagName on session a77a2748ff48c3e416d82361038474b7 to remote] DEBUG org.asynchttpclient.netty.request.NettyRequestSender - Using open Channel [id: 0x2e88fa58, L:/127.0.0.1:53647 - R:localhost/127.0.0.1:62171] for GET '/session/a77a2748ff48c3e416d82361038474b7/element/f0912ea4-23a8-47eb-9249-6562c3d2f85f/name'
19:32:22.805 [AsyncHttpClient-1-9] DEBUG org.asynchttpclient.netty.handler.HttpHandler - 

Request DefaultFullHttpRequest(decodeResult: success, version: HTTP/1.1, content: EmptyByteBufBE)
GET /session/a77a2748ff48c3e416d82361038474b7/element/f0912ea4-23a8-47eb-9249-6562c3d2f85f/name HTTP/1.1
User-Agent: selenium/4.1.2 (java windows)
Cache-Control: no-cache
Content-Type: application/json; charset=utf-8
host: localhost:62171
accept: */*

Response DefaultHttpResponse(decodeResult: success, version: HTTP/1.1)
HTTP/1.1 200 OK
Content-Type: application/json; charset=utf-8
cache-control: no-cache
content-length: 18

19:32:22.805 [AsyncHttpClient-1-9] DEBUG org.asynchttpclient.netty.channel.ChannelManager - Adding key: http://localhost:62171 for channel [id: 0x2e88fa58, L:/127.0.0.1:53647 - R:localhost/127.0.0.1:62171]
19:32:22.809 [Forwarding getElementTagName on session a77a2748ff48c3e416d82361038474b7 to remote] DEBUG org.asynchttpclient.netty.request.NettyRequestSender - Using pooled Channel '[id: 0x2e88fa58, L:/127.0.0.1:53647 - R:localhost/127.0.0.1:62171]' for 'GET' to 'http://localhost:62171/session/a77a2748ff48c3e416d82361038474b7/element/f0912ea4-23a8-47eb-9249-6562c3d2f85f/name'
19:32:22.809 [Forwarding getElementTagName on session a77a2748ff48c3e416d82361038474b7 to remote] DEBUG org.asynchttpclient.netty.request.NettyRequestSender - Using open Channel [id: 0x2e88fa58, L:/127.0.0.1:53647 - R:localhost/127.0.0.1:62171] for GET '/session/a77a2748ff48c3e416d82361038474b7/element/f0912ea4-23a8-47eb-9249-6562c3d2f85f/name'
19:32:22.817 [AsyncHttpClient-1-9] DEBUG org.asynchttpclient.netty.handler.HttpHandler - 

Request DefaultFullHttpRequest(decodeResult: success, version: HTTP/1.1, content: EmptyByteBufBE)
GET /session/a77a2748ff48c3e416d82361038474b7/element/f0912ea4-23a8-47eb-9249-6562c3d2f85f/name HTTP/1.1
User-Agent: selenium/4.1.2 (java windows)
Cache-Control: no-cache
Content-Type: application/json; charset=utf-8
host: localhost:62171
accept: */*

Response DefaultHttpResponse(decodeResult: success, version: HTTP/1.1)
HTTP/1.1 200 OK
Content-Type: application/json; charset=utf-8
cache-control: no-cache
content-length: 18

19:32:22.817 [AsyncHttpClient-1-9] DEBUG org.asynchttpclient.netty.channel.ChannelManager - Adding key: http://localhost:62171 for channel [id: 0x2e88fa58, L:/127.0.0.1:53647 - R:localhost/127.0.0.1:62171]
19:32:22.819 [Forwarding isElementEnabled on session a77a2748ff48c3e416d82361038474b7 to remote] DEBUG org.asynchttpclient.netty.request.NettyRequestSender - Using pooled Channel '[id: 0x2e88fa58, L:/127.0.0.1:53647 - R:localhost/127.0.0.1:62171]' for 'GET' to 'http://localhost:62171/session/a77a2748ff48c3e416d82361038474b7/element/f0912ea4-23a8-47eb-9249-6562c3d2f85f/enabled'
19:32:22.819 [Forwarding isElementEnabled on session a77a2748ff48c3e416d82361038474b7 to remote] DEBUG org.asynchttpclient.netty.request.NettyRequestSender - Using open Channel [id: 0x2e88fa58, L:/127.0.0.1:53647 - R:localhost/127.0.0.1:62171] for GET '/session/a77a2748ff48c3e416d82361038474b7/element/f0912ea4-23a8-47eb-9249-6562c3d2f85f/enabled'
19:32:22.826 [AsyncHttpClient-1-9] DEBUG org.asynchttpclient.netty.handler.HttpHandler - 

Request DefaultFullHttpRequest(decodeResult: success, version: HTTP/1.1, content: EmptyByteBufBE)
GET /session/a77a2748ff48c3e416d82361038474b7/element/f0912ea4-23a8-47eb-9249-6562c3d2f85f/enabled HTTP/1.1
User-Agent: selenium/4.1.2 (java windows)
Cache-Control: no-cache
Content-Type: application/json; charset=utf-8
host: localhost:62171
accept: */*

Response DefaultHttpResponse(decodeResult: success, version: HTTP/1.1)
HTTP/1.1 200 OK
Content-Type: application/json; charset=utf-8
cache-control: no-cache
content-length: 14

19:32:22.826 [AsyncHttpClient-1-9] DEBUG org.asynchttpclient.netty.channel.ChannelManager - Adding key: http://localhost:62171 for channel [id: 0x2e88fa58, L:/127.0.0.1:53647 - R:localhost/127.0.0.1:62171]
19:32:22.831 [Forwarding isElementEnabled on session a77a2748ff48c3e416d82361038474b7 to remote] DEBUG org.asynchttpclient.netty.request.NettyRequestSender - Using pooled Channel '[id: 0x2e88fa58, L:/127.0.0.1:53647 - R:localhost/127.0.0.1:62171]' for 'GET' to 'http://localhost:62171/session/a77a2748ff48c3e416d82361038474b7/element/f0912ea4-23a8-47eb-9249-6562c3d2f85f/enabled'
19:32:22.831 [Forwarding isElementEnabled on session a77a2748ff48c3e416d82361038474b7 to remote] DEBUG org.asynchttpclient.netty.request.NettyRequestSender - Using open Channel [id: 0x2e88fa58, L:/127.0.0.1:53647 - R:localhost/127.0.0.1:62171] for GET '/session/a77a2748ff48c3e416d82361038474b7/element/f0912ea4-23a8-47eb-9249-6562c3d2f85f/enabled'
19:32:22.839 [AsyncHttpClient-1-9] DEBUG org.asynchttpclient.netty.handler.HttpHandler - 

Request DefaultFullHttpRequest(decodeResult: success, version: HTTP/1.1, content: EmptyByteBufBE)
GET /session/a77a2748ff48c3e416d82361038474b7/element/f0912ea4-23a8-47eb-9249-6562c3d2f85f/enabled HTTP/1.1
User-Agent: selenium/4.1.2 (java windows)
Cache-Control: no-cache
Content-Type: application/json; charset=utf-8
host: localhost:62171
accept: */*

Response DefaultHttpResponse(decodeResult: success, version: HTTP/1.1)
HTTP/1.1 200 OK
Content-Type: application/json; charset=utf-8
cache-control: no-cache
content-length: 14

19:32:22.839 [AsyncHttpClient-1-9] DEBUG org.asynchttpclient.netty.channel.ChannelManager - Adding key: http://localhost:62171 for channel [id: 0x2e88fa58, L:/127.0.0.1:53647 - R:localhost/127.0.0.1:62171]
19:32:22.840 [Forwarding findElement on session a77a2748ff48c3e416d82361038474b7 to remote] DEBUG org.asynchttpclient.netty.request.NettyRequestSender - Using pooled Channel '[id: 0x2e88fa58, L:/127.0.0.1:53647 - R:localhost/127.0.0.1:62171]' for 'POST' to 'http://localhost:62171/session/a77a2748ff48c3e416d82361038474b7/element'
19:32:22.841 [Forwarding findElement on session a77a2748ff48c3e416d82361038474b7 to remote] DEBUG org.asynchttpclient.netty.request.NettyRequestSender - Using open Channel [id: 0x2e88fa58, L:/127.0.0.1:53647 - R:localhost/127.0.0.1:62171] for POST '/session/a77a2748ff48c3e416d82361038474b7/element'
19:32:22.851 [AsyncHttpClient-1-9] DEBUG org.asynchttpclient.netty.handler.HttpHandler - 

Request DefaultHttpRequest(decodeResult: success, version: HTTP/1.1)
POST /session/a77a2748ff48c3e416d82361038474b7/element HTTP/1.1
User-Agent: selenium/4.1.2 (java windows)
Content-Length: 141
Content-Type: application/json; charset=utf-8
host: localhost:62171
accept: */*

Response DefaultHttpResponse(decodeResult: success, version: HTTP/1.1)
HTTP/1.1 200 OK
Content-Type: application/json; charset=utf-8
cache-control: no-cache
content-length: 88

19:32:22.851 [AsyncHttpClient-1-9] DEBUG org.asynchttpclient.netty.channel.ChannelManager - Adding key: http://localhost:62171 for channel [id: 0x2e88fa58, L:/127.0.0.1:53647 - R:localhost/127.0.0.1:62171]
19:32:22.853 [Forwarding clickElement on session a77a2748ff48c3e416d82361038474b7 to remote] DEBUG org.asynchttpclient.netty.request.NettyRequestSender - Using pooled Channel '[id: 0x2e88fa58, L:/127.0.0.1:53647 - R:localhost/127.0.0.1:62171]' for 'POST' to 'http://localhost:62171/session/a77a2748ff48c3e416d82361038474b7/element/f0912ea4-23a8-47eb-9249-6562c3d2f85f/click'
19:32:22.853 [Forwarding clickElement on session a77a2748ff48c3e416d82361038474b7 to remote] DEBUG org.asynchttpclient.netty.request.NettyRequestSender - Using open Channel [id: 0x2e88fa58, L:/127.0.0.1:53647 - R:localhost/127.0.0.1:62171] for POST '/session/a77a2748ff48c3e416d82361038474b7/element/f0912ea4-23a8-47eb-9249-6562c3d2f85f/click'
19:32:23.051 [AsyncHttpClient-1-9] DEBUG org.asynchttpclient.netty.handler.HttpHandler - 

Request DefaultHttpRequest(decodeResult: success, version: HTTP/1.1)
POST /session/a77a2748ff48c3e416d82361038474b7/element/f0912ea4-23a8-47eb-9249-6562c3d2f85f/click HTTP/1.1
User-Agent: selenium/4.1.2 (java windows)
Content-Length: 50
Content-Type: application/json; charset=utf-8
host: localhost:62171
accept: */*

Response DefaultHttpResponse(decodeResult: success, version: HTTP/1.1)
HTTP/1.1 200 OK
Content-Type: application/json; charset=utf-8
cache-control: no-cache
content-length: 14

19:32:23.051 [AsyncHttpClient-1-9] DEBUG org.asynchttpclient.netty.channel.ChannelManager - Adding key: http://localhost:62171 for channel [id: 0x2e88fa58, L:/127.0.0.1:53647 - R:localhost/127.0.0.1:62171]
  &amp#27;[32mAnd &amp#27;[0m&amp#27;[32mclick login button&amp#27;[0m                                                    &amp#27;[90m# starter.steps.DetailStep.clickLoginButton()&amp#27;[0m
19:32:23.073 [Forwarding screenshot on session a77a2748ff48c3e416d82361038474b7 to remote] DEBUG org.asynchttpclient.netty.request.NettyRequestSender - Using pooled Channel '[id: 0x2e88fa58, L:/127.0.0.1:53647 - R:localhost/127.0.0.1:62171]' for 'GET' to 'http://localhost:62171/session/a77a2748ff48c3e416d82361038474b7/screenshot'
19:32:23.073 [Forwarding screenshot on session a77a2748ff48c3e416d82361038474b7 to remote] DEBUG org.asynchttpclient.netty.request.NettyRequestSender - Using open Channel [id: 0x2e88fa58, L:/127.0.0.1:53647 - R:localhost/127.0.0.1:62171] for GET '/session/a77a2748ff48c3e416d82361038474b7/screenshot'
19:32:23.287 [AsyncHttpClient-1-9] DEBUG org.asynchttpclient.netty.handler.HttpHandler - 

Request DefaultFullHttpRequest(decodeResult: success, version: HTTP/1.1, content: EmptyByteBufBE)
GET /session/a77a2748ff48c3e416d82361038474b7/screenshot HTTP/1.1
User-Agent: selenium/4.1.2 (java windows)
Cache-Control: no-cache
Content-Type: application/json; charset=utf-8
host: localhost:62171
accept: */*

Response DefaultHttpResponse(decodeResult: success, version: HTTP/1.1)
HTTP/1.1 200 OK
Content-Type: application/json; charset=utf-8
cache-control: no-cache
content-length: 48188

19:32:23.288 [AsyncHttpClient-1-9] DEBUG org.asynchttpclient.netty.channel.ChannelManager - Adding key: http://localhost:62171 for channel [id: 0x2e88fa58, L:/127.0.0.1:53647 - R:localhost/127.0.0.1:62171]
19:32:23.289 [main] DEBUG net.serenitybdd.core.photography.Darkroom - Send negative for processing for target\site\serenity\2e9f7c03051fcaafa36c4b1a057ba32ec3aee8e2992485dd25a01f6b2ac9b59d.png
19:32:23.289 [Darkroom Processing Line] DEBUG net.serenitybdd.core.photography.DarkroomProcessingLine - Processing screenshot image in /var/screenshots/screenshot-15072544568569833978
19:32:23.289 [Darkroom Processing Line] DEBUG net.serenitybdd.core.photography.DarkroomProcessingLine - Saving screenshot to target\site\serenity\2e9f7c03051fcaafa36c4b1a057ba32ec3aee8e2992485dd25a01f6b2ac9b59d.png
19:32:23.300 [Forwarding findElement on session a77a2748ff48c3e416d82361038474b7 to remote] DEBUG org.asynchttpclient.netty.request.NettyRequestSender - Using pooled Channel '[id: 0x2e88fa58, L:/127.0.0.1:53647 - R:localhost/127.0.0.1:62171]' for 'POST' to 'http://localhost:62171/session/a77a2748ff48c3e416d82361038474b7/element'
19:32:23.300 [Forwarding findElement on session a77a2748ff48c3e416d82361038474b7 to remote] DEBUG org.asynchttpclient.netty.request.NettyRequestSender - Using open Channel [id: 0x2e88fa58, L:/127.0.0.1:53647 - R:localhost/127.0.0.1:62171] for POST '/session/a77a2748ff48c3e416d82361038474b7/element'
19:32:24.563 [AsyncHttpClient-1-9] DEBUG org.asynchttpclient.netty.handler.HttpHandler - 

Request DefaultHttpRequest(decodeResult: success, version: HTTP/1.1)
POST /session/a77a2748ff48c3e416d82361038474b7/element HTTP/1.1
User-Agent: selenium/4.1.2 (java windows)
Content-Length: 71
Content-Type: application/json; charset=utf-8
host: localhost:62171
accept: */*

Response DefaultHttpResponse(decodeResult: success, version: HTTP/1.1)
HTTP/1.1 200 OK
Content-Type: application/json; charset=utf-8
cache-control: no-cache
content-length: 88

19:32:24.564 [AsyncHttpClient-1-9] DEBUG org.asynchttpclient.netty.channel.ChannelManager - Adding key: http://localhost:62171 for channel [id: 0x2e88fa58, L:/127.0.0.1:53647 - R:localhost/127.0.0.1:62171]
19:32:24.575 [Forwarding isElementDisplayed on session a77a2748ff48c3e416d82361038474b7 to remote] DEBUG org.asynchttpclient.netty.request.NettyRequestSender - Using pooled Channel '[id: 0x2e88fa58, L:/127.0.0.1:53647 - R:localhost/127.0.0.1:62171]' for 'POST' to 'http://localhost:62171/session/a77a2748ff48c3e416d82361038474b7/execute/sync'
19:32:24.575 [Forwarding isElementDisplayed on session a77a2748ff48c3e416d82361038474b7 to remote] DEBUG org.asynchttpclient.netty.request.NettyRequestSender - Using open Channel [id: 0x2e88fa58, L:/127.0.0.1:53647 - R:localhost/127.0.0.1:62171] for POST '/session/a77a2748ff48c3e416d82361038474b7/execute/sync'
19:32:24.598 [AsyncHttpClient-1-9] DEBUG org.asynchttpclient.netty.handler.HttpHandler - 

Request DefaultHttpRequest(decodeResult: success, version: HTTP/1.1)
POST /session/a77a2748ff48c3e416d82361038474b7/execute/sync HTTP/1.1
User-Agent: selenium/4.1.2 (java windows)
Content-Length: 48780
Content-Type: application/json; charset=utf-8
host: localhost:62171
accept: */*

Response DefaultHttpResponse(decodeResult: success, version: HTTP/1.1)
HTTP/1.1 200 OK
Content-Type: application/json; charset=utf-8
cache-control: no-cache
content-length: 14

19:32:24.598 [AsyncHttpClient-1-9] DEBUG org.asynchttpclient.netty.channel.ChannelManager - Adding key: http://localhost:62171 for channel [id: 0x2e88fa58, L:/127.0.0.1:53647 - R:localhost/127.0.0.1:62171]
  &amp#27;[32mAnd &amp#27;[0m&amp#27;[32mI can login &amp#27;[0m&amp#27;[32m&amp#27;[1m"can login"&amp#27;[0m                                               &amp#27;[90m# starter.steps.DetailStep.iCanLogin(java.lang.String)&amp#27;[0m
19:32:24.611 [Forwarding screenshot on session a77a2748ff48c3e416d82361038474b7 to remote] DEBUG org.asynchttpclient.netty.request.NettyRequestSender - Using pooled Channel '[id: 0x2e88fa58, L:/127.0.0.1:53647 - R:localhost/127.0.0.1:62171]' for 'GET' to 'http://localhost:62171/session/a77a2748ff48c3e416d82361038474b7/screenshot'
19:32:24.611 [Forwarding screenshot on session a77a2748ff48c3e416d82361038474b7 to remote] DEBUG org.asynchttpclient.netty.request.NettyRequestSender - Using open Channel [id: 0x2e88fa58, L:/127.0.0.1:53647 - R:localhost/127.0.0.1:62171] for GET '/session/a77a2748ff48c3e416d82361038474b7/screenshot'
19:32:24.759 [AsyncHttpClient-1-9] DEBUG org.asynchttpclient.netty.handler.HttpHandler - 

Request DefaultFullHttpRequest(decodeResult: success, version: HTTP/1.1, content: EmptyByteBufBE)
GET /session/a77a2748ff48c3e416d82361038474b7/screenshot HTTP/1.1
User-Agent: selenium/4.1.2 (java windows)
Cache-Control: no-cache
Content-Type: application/json; charset=utf-8
host: localhost:62171
accept: */*

Response DefaultHttpResponse(decodeResult: success, version: HTTP/1.1)
HTTP/1.1 200 OK
Content-Type: application/json; charset=utf-8
cache-control: no-cache
content-length: 30420

19:32:24.759 [AsyncHttpClient-1-9] DEBUG org.asynchttpclient.netty.channel.ChannelManager - Adding key: http://localhost:62171 for channel [id: 0x2e88fa58, L:/127.0.0.1:53647 - R:localhost/127.0.0.1:62171]
19:32:24.760 [main] DEBUG net.serenitybdd.core.photography.Darkroom - Send negative for processing for target\site\serenity\0db38d361adee731d4dc250cbaefb94a25303a9238ccbffe66d38abc9215dbe8.png
19:32:24.762 [Darkroom Processing Line] DEBUG net.serenitybdd.core.photography.DarkroomProcessingLine - Processing screenshot image in /var/screenshots/screenshot-9558193040767313315
19:32:24.762 [Darkroom Processing Line] DEBUG net.serenitybdd.core.photography.DarkroomProcessingLine - Saving screenshot to target\site\serenity\0db38d361adee731d4dc250cbaefb94a25303a9238ccbffe66d38abc9215dbe8.png
19:32:24.907 [AsyncHttpClient-1-1] DEBUG org.asynchttpclient.netty.channel.DefaultChannelPool - Entry count for : http://localhost:62171 : 1
19:32:24.941 [Forwarding findElement on session a77a2748ff48c3e416d82361038474b7 to remote] DEBUG org.asynchttpclient.netty.request.NettyRequestSender - Using pooled Channel '[id: 0x2e88fa58, L:/127.0.0.1:53647 - R:localhost/127.0.0.1:62171]' for 'POST' to 'http://localhost:62171/session/a77a2748ff48c3e416d82361038474b7/element'
19:32:24.941 [Forwarding findElement on session a77a2748ff48c3e416d82361038474b7 to remote] DEBUG org.asynchttpclient.netty.request.NettyRequestSender - Using open Channel [id: 0x2e88fa58, L:/127.0.0.1:53647 - R:localhost/127.0.0.1:62171] for POST '/session/a77a2748ff48c3e416d82361038474b7/element'
19:32:26.130 [AsyncHttpClient-1-9] DEBUG org.asynchttpclient.netty.handler.HttpHandler - 

Request DefaultHttpRequest(decodeResult: success, version: HTTP/1.1)
POST /session/a77a2748ff48c3e416d82361038474b7/element HTTP/1.1
User-Agent: selenium/4.1.2 (java windows)
Content-Length: 120
Content-Type: application/json; charset=utf-8
host: localhost:62171
accept: */*

Response DefaultHttpResponse(decodeResult: success, version: HTTP/1.1)
HTTP/1.1 200 OK
Content-Type: application/json; charset=utf-8
cache-control: no-cache
content-length: 88

19:32:26.131 [AsyncHttpClient-1-9] DEBUG org.asynchttpclient.netty.channel.ChannelManager - Adding key: http://localhost:62171 for channel [id: 0x2e88fa58, L:/127.0.0.1:53647 - R:localhost/127.0.0.1:62171]
19:32:26.134 [Forwarding getElementTagName on session a77a2748ff48c3e416d82361038474b7 to remote] DEBUG org.asynchttpclient.netty.request.NettyRequestSender - Using pooled Channel '[id: 0x2e88fa58, L:/127.0.0.1:53647 - R:localhost/127.0.0.1:62171]' for 'GET' to 'http://localhost:62171/session/a77a2748ff48c3e416d82361038474b7/element/02d2ce41-fabd-43fa-89c4-438735bd7c08/name'
19:32:26.134 [Forwarding getElementTagName on session a77a2748ff48c3e416d82361038474b7 to remote] DEBUG org.asynchttpclient.netty.request.NettyRequestSender - Using open Channel [id: 0x2e88fa58, L:/127.0.0.1:53647 - R:localhost/127.0.0.1:62171] for GET '/session/a77a2748ff48c3e416d82361038474b7/element/02d2ce41-fabd-43fa-89c4-438735bd7c08/name'
19:32:26.141 [AsyncHttpClient-1-9] DEBUG org.asynchttpclient.netty.handler.HttpHandler - 

Request DefaultFullHttpRequest(decodeResult: success, version: HTTP/1.1, content: EmptyByteBufBE)
GET /session/a77a2748ff48c3e416d82361038474b7/element/02d2ce41-fabd-43fa-89c4-438735bd7c08/name HTTP/1.1
User-Agent: selenium/4.1.2 (java windows)
Cache-Control: no-cache
Content-Type: application/json; charset=utf-8
host: localhost:62171
accept: */*

Response DefaultHttpResponse(decodeResult: success, version: HTTP/1.1)
HTTP/1.1 200 OK
Content-Type: application/json; charset=utf-8
cache-control: no-cache
content-length: 16

19:32:26.141 [AsyncHttpClient-1-9] DEBUG org.asynchttpclient.netty.channel.ChannelManager - Adding key: http://localhost:62171 for channel [id: 0x2e88fa58, L:/127.0.0.1:53647 - R:localhost/127.0.0.1:62171]
19:32:26.142 [Forwarding getElementTagName on session a77a2748ff48c3e416d82361038474b7 to remote] DEBUG org.asynchttpclient.netty.request.NettyRequestSender - Using pooled Channel '[id: 0x2e88fa58, L:/127.0.0.1:53647 - R:localhost/127.0.0.1:62171]' for 'GET' to 'http://localhost:62171/session/a77a2748ff48c3e416d82361038474b7/element/02d2ce41-fabd-43fa-89c4-438735bd7c08/name'
19:32:26.142 [Forwarding getElementTagName on session a77a2748ff48c3e416d82361038474b7 to remote] DEBUG org.asynchttpclient.netty.request.NettyRequestSender - Using open Channel [id: 0x2e88fa58, L:/127.0.0.1:53647 - R:localhost/127.0.0.1:62171] for GET '/session/a77a2748ff48c3e416d82361038474b7/element/02d2ce41-fabd-43fa-89c4-438735bd7c08/name'
19:32:26.146 [AsyncHttpClient-1-9] DEBUG org.asynchttpclient.netty.handler.HttpHandler - 

Request DefaultFullHttpRequest(decodeResult: success, version: HTTP/1.1, content: EmptyByteBufBE)
GET /session/a77a2748ff48c3e416d82361038474b7/element/02d2ce41-fabd-43fa-89c4-438735bd7c08/name HTTP/1.1
User-Agent: selenium/4.1.2 (java windows)
Cache-Control: no-cache
Content-Type: application/json; charset=utf-8
host: localhost:62171
accept: */*

Response DefaultHttpResponse(decodeResult: success, version: HTTP/1.1)
HTTP/1.1 200 OK
Content-Type: application/json; charset=utf-8
cache-control: no-cache
content-length: 16

19:32:26.146 [AsyncHttpClient-1-9] DEBUG org.asynchttpclient.netty.channel.ChannelManager - Adding key: http://localhost:62171 for channel [id: 0x2e88fa58, L:/127.0.0.1:53647 - R:localhost/127.0.0.1:62171]
19:32:26.152 [Forwarding findElement on session a77a2748ff48c3e416d82361038474b7 to remote] DEBUG org.asynchttpclient.netty.request.NettyRequestSender - Using pooled Channel '[id: 0x2e88fa58, L:/127.0.0.1:53647 - R:localhost/127.0.0.1:62171]' for 'POST' to 'http://localhost:62171/session/a77a2748ff48c3e416d82361038474b7/element'
19:32:26.152 [Forwarding findElement on session a77a2748ff48c3e416d82361038474b7 to remote] DEBUG org.asynchttpclient.netty.request.NettyRequestSender - Using open Channel [id: 0x2e88fa58, L:/127.0.0.1:53647 - R:localhost/127.0.0.1:62171] for POST '/session/a77a2748ff48c3e416d82361038474b7/element'
19:32:26.158 [AsyncHttpClient-1-9] DEBUG org.asynchttpclient.netty.handler.HttpHandler - 

Request DefaultHttpRequest(decodeResult: success, version: HTTP/1.1)
POST /session/a77a2748ff48c3e416d82361038474b7/element HTTP/1.1
User-Agent: selenium/4.1.2 (java windows)
Content-Length: 120
Content-Type: application/json; charset=utf-8
host: localhost:62171
accept: */*

Response DefaultHttpResponse(decodeResult: success, version: HTTP/1.1)
HTTP/1.1 200 OK
Content-Type: application/json; charset=utf-8
cache-control: no-cache
content-length: 88

19:32:26.159 [AsyncHttpClient-1-9] DEBUG org.asynchttpclient.netty.channel.ChannelManager - Adding key: http://localhost:62171 for channel [id: 0x2e88fa58, L:/127.0.0.1:53647 - R:localhost/127.0.0.1:62171]
19:32:26.159 [Forwarding clickElement on session a77a2748ff48c3e416d82361038474b7 to remote] DEBUG org.asynchttpclient.netty.request.NettyRequestSender - Using pooled Channel '[id: 0x2e88fa58, L:/127.0.0.1:53647 - R:localhost/127.0.0.1:62171]' for 'POST' to 'http://localhost:62171/session/a77a2748ff48c3e416d82361038474b7/element/02d2ce41-fabd-43fa-89c4-438735bd7c08/click'
19:32:26.159 [Forwarding clickElement on session a77a2748ff48c3e416d82361038474b7 to remote] DEBUG org.asynchttpclient.netty.request.NettyRequestSender - Using open Channel [id: 0x2e88fa58, L:/127.0.0.1:53647 - R:localhost/127.0.0.1:62171] for POST '/session/a77a2748ff48c3e416d82361038474b7/element/02d2ce41-fabd-43fa-89c4-438735bd7c08/click'
19:32:26.197 [AsyncHttpClient-1-9] DEBUG org.asynchttpclient.netty.handler.HttpHandler - 

Request DefaultHttpRequest(decodeResult: success, version: HTTP/1.1)
POST /session/a77a2748ff48c3e416d82361038474b7/element/02d2ce41-fabd-43fa-89c4-438735bd7c08/click HTTP/1.1
User-Agent: selenium/4.1.2 (java windows)
Content-Length: 50
Content-Type: application/json; charset=utf-8
host: localhost:62171
accept: */*

Response DefaultHttpResponse(decodeResult: success, version: HTTP/1.1)
HTTP/1.1 200 OK
Content-Type: application/json; charset=utf-8
cache-control: no-cache
content-length: 14

19:32:26.198 [AsyncHttpClient-1-9] DEBUG org.asynchttpclient.netty.channel.ChannelManager - Adding key: http://localhost:62171 for channel [id: 0x2e88fa58, L:/127.0.0.1:53647 - R:localhost/127.0.0.1:62171]
  &amp#27;[32mWhen &amp#27;[0m&amp#27;[32mI click beli button product 1&amp#27;[0m                                        &amp#27;[90m# starter.steps.BeliStep.iClickBeliButtonProduct1()&amp#27;[0m
19:32:26.205 [Forwarding screenshot on session a77a2748ff48c3e416d82361038474b7 to remote] DEBUG org.asynchttpclient.netty.request.NettyRequestSender - Using pooled Channel '[id: 0x2e88fa58, L:/127.0.0.1:53647 - R:localhost/127.0.0.1:62171]' for 'GET' to 'http://localhost:62171/session/a77a2748ff48c3e416d82361038474b7/screenshot'
19:32:26.205 [Forwarding screenshot on session a77a2748ff48c3e416d82361038474b7 to remote] DEBUG org.asynchttpclient.netty.request.NettyRequestSender - Using open Channel [id: 0x2e88fa58, L:/127.0.0.1:53647 - R:localhost/127.0.0.1:62171] for GET '/session/a77a2748ff48c3e416d82361038474b7/screenshot'
19:32:26.355 [AsyncHttpClient-1-9] DEBUG org.asynchttpclient.netty.handler.HttpHandler - 

Request DefaultFullHttpRequest(decodeResult: success, version: HTTP/1.1, content: EmptyByteBufBE)
GET /session/a77a2748ff48c3e416d82361038474b7/screenshot HTTP/1.1
User-Agent: selenium/4.1.2 (java windows)
Cache-Control: no-cache
Content-Type: application/json; charset=utf-8
host: localhost:62171
accept: */*

Response DefaultHttpResponse(decodeResult: success, version: HTTP/1.1)
HTTP/1.1 200 OK
Content-Type: application/json; charset=utf-8
cache-control: no-cache
content-length: 71652

19:32:26.356 [AsyncHttpClient-1-9] DEBUG org.asynchttpclient.netty.channel.ChannelManager - Adding key: http://localhost:62171 for channel [id: 0x2e88fa58, L:/127.0.0.1:53647 - R:localhost/127.0.0.1:62171]
19:32:26.358 [main] DEBUG net.serenitybdd.core.photography.Darkroom - Send negative for processing for target\site\serenity\cd962daea4ab538f445d32758b9773597e1ccf33d10d3f28accfa758c78b1ffe.png
19:32:26.358 [Darkroom Processing Line] DEBUG net.serenitybdd.core.photography.DarkroomProcessingLine - Processing screenshot image in /var/screenshots/screenshot-1042360781224584528
19:32:26.358 [Darkroom Processing Line] DEBUG net.serenitybdd.core.photography.DarkroomProcessingLine - Saving screenshot to target\site\serenity\cd962daea4ab538f445d32758b9773597e1ccf33d10d3f28accfa758c78b1ffe.png
19:32:26.370 [Forwarding findElement on session a77a2748ff48c3e416d82361038474b7 to remote] DEBUG org.asynchttpclient.netty.request.NettyRequestSender - Using pooled Channel '[id: 0x2e88fa58, L:/127.0.0.1:53647 - R:localhost/127.0.0.1:62171]' for 'POST' to 'http://localhost:62171/session/a77a2748ff48c3e416d82361038474b7/element'
19:32:26.370 [Forwarding findElement on session a77a2748ff48c3e416d82361038474b7 to remote] DEBUG org.asynchttpclient.netty.request.NettyRequestSender - Using open Channel [id: 0x2e88fa58, L:/127.0.0.1:53647 - R:localhost/127.0.0.1:62171] for POST '/session/a77a2748ff48c3e416d82361038474b7/element'
19:32:26.384 [AsyncHttpClient-1-9] DEBUG org.asynchttpclient.netty.handler.HttpHandler - 

Request DefaultHttpRequest(decodeResult: success, version: HTTP/1.1)
POST /session/a77a2748ff48c3e416d82361038474b7/element HTTP/1.1
User-Agent: selenium/4.1.2 (java windows)
Content-Length: 120
Content-Type: application/json; charset=utf-8
host: localhost:62171
accept: */*

Response DefaultHttpResponse(decodeResult: success, version: HTTP/1.1)
HTTP/1.1 200 OK
Content-Type: application/json; charset=utf-8
cache-control: no-cache
content-length: 88

19:32:26.384 [AsyncHttpClient-1-9] DEBUG org.asynchttpclient.netty.channel.ChannelManager - Adding key: http://localhost:62171 for channel [id: 0x2e88fa58, L:/127.0.0.1:53647 - R:localhost/127.0.0.1:62171]
19:32:26.386 [Forwarding getElementTagName on session a77a2748ff48c3e416d82361038474b7 to remote] DEBUG org.asynchttpclient.netty.request.NettyRequestSender - Using pooled Channel '[id: 0x2e88fa58, L:/127.0.0.1:53647 - R:localhost/127.0.0.1:62171]' for 'GET' to 'http://localhost:62171/session/a77a2748ff48c3e416d82361038474b7/element/22fc72ae-ac97-4d92-9efa-e3d4b27773a5/name'
19:32:26.386 [Forwarding getElementTagName on session a77a2748ff48c3e416d82361038474b7 to remote] DEBUG org.asynchttpclient.netty.request.NettyRequestSender - Using open Channel [id: 0x2e88fa58, L:/127.0.0.1:53647 - R:localhost/127.0.0.1:62171] for GET '/session/a77a2748ff48c3e416d82361038474b7/element/22fc72ae-ac97-4d92-9efa-e3d4b27773a5/name'
19:32:26.390 [AsyncHttpClient-1-9] DEBUG org.asynchttpclient.netty.handler.HttpHandler - 

Request DefaultFullHttpRequest(decodeResult: success, version: HTTP/1.1, content: EmptyByteBufBE)
GET /session/a77a2748ff48c3e416d82361038474b7/element/22fc72ae-ac97-4d92-9efa-e3d4b27773a5/name HTTP/1.1
User-Agent: selenium/4.1.2 (java windows)
Cache-Control: no-cache
Content-Type: application/json; charset=utf-8
host: localhost:62171
accept: */*

Response DefaultHttpResponse(decodeResult: success, version: HTTP/1.1)
HTTP/1.1 200 OK
Content-Type: application/json; charset=utf-8
cache-control: no-cache
content-length: 16

19:32:26.390 [AsyncHttpClient-1-9] DEBUG org.asynchttpclient.netty.channel.ChannelManager - Adding key: http://localhost:62171 for channel [id: 0x2e88fa58, L:/127.0.0.1:53647 - R:localhost/127.0.0.1:62171]
19:32:26.392 [Forwarding getElementTagName on session a77a2748ff48c3e416d82361038474b7 to remote] DEBUG org.asynchttpclient.netty.request.NettyRequestSender - Using pooled Channel '[id: 0x2e88fa58, L:/127.0.0.1:53647 - R:localhost/127.0.0.1:62171]' for 'GET' to 'http://localhost:62171/session/a77a2748ff48c3e416d82361038474b7/element/22fc72ae-ac97-4d92-9efa-e3d4b27773a5/name'
19:32:26.392 [Forwarding getElementTagName on session a77a2748ff48c3e416d82361038474b7 to remote] DEBUG org.asynchttpclient.netty.request.NettyRequestSender - Using open Channel [id: 0x2e88fa58, L:/127.0.0.1:53647 - R:localhost/127.0.0.1:62171] for GET '/session/a77a2748ff48c3e416d82361038474b7/element/22fc72ae-ac97-4d92-9efa-e3d4b27773a5/name'
19:32:26.398 [AsyncHttpClient-1-9] DEBUG org.asynchttpclient.netty.handler.HttpHandler - 

Request DefaultFullHttpRequest(decodeResult: success, version: HTTP/1.1, content: EmptyByteBufBE)
GET /session/a77a2748ff48c3e416d82361038474b7/element/22fc72ae-ac97-4d92-9efa-e3d4b27773a5/name HTTP/1.1
User-Agent: selenium/4.1.2 (java windows)
Cache-Control: no-cache
Content-Type: application/json; charset=utf-8
host: localhost:62171
accept: */*

Response DefaultHttpResponse(decodeResult: success, version: HTTP/1.1)
HTTP/1.1 200 OK
Content-Type: application/json; charset=utf-8
cache-control: no-cache
content-length: 16

19:32:26.399 [AsyncHttpClient-1-9] DEBUG org.asynchttpclient.netty.channel.ChannelManager - Adding key: http://localhost:62171 for channel [id: 0x2e88fa58, L:/127.0.0.1:53647 - R:localhost/127.0.0.1:62171]
19:32:26.407 [Forwarding findElement on session a77a2748ff48c3e416d82361038474b7 to remote] DEBUG org.asynchttpclient.netty.request.NettyRequestSender - Using pooled Channel '[id: 0x2e88fa58, L:/127.0.0.1:53647 - R:localhost/127.0.0.1:62171]' for 'POST' to 'http://localhost:62171/session/a77a2748ff48c3e416d82361038474b7/element'
19:32:26.407 [Forwarding findElement on session a77a2748ff48c3e416d82361038474b7 to remote] DEBUG org.asynchttpclient.netty.request.NettyRequestSender - Using open Channel [id: 0x2e88fa58, L:/127.0.0.1:53647 - R:localhost/127.0.0.1:62171] for POST '/session/a77a2748ff48c3e416d82361038474b7/element'
19:32:26.422 [AsyncHttpClient-1-9] DEBUG org.asynchttpclient.netty.handler.HttpHandler - 

Request DefaultHttpRequest(decodeResult: success, version: HTTP/1.1)
POST /session/a77a2748ff48c3e416d82361038474b7/element HTTP/1.1
User-Agent: selenium/4.1.2 (java windows)
Content-Length: 120
Content-Type: application/json; charset=utf-8
host: localhost:62171
accept: */*

Response DefaultHttpResponse(decodeResult: success, version: HTTP/1.1)
HTTP/1.1 200 OK
Content-Type: application/json; charset=utf-8
cache-control: no-cache
content-length: 88

19:32:26.422 [AsyncHttpClient-1-9] DEBUG org.asynchttpclient.netty.channel.ChannelManager - Adding key: http://localhost:62171 for channel [id: 0x2e88fa58, L:/127.0.0.1:53647 - R:localhost/127.0.0.1:62171]
19:32:26.424 [Forwarding clickElement on session a77a2748ff48c3e416d82361038474b7 to remote] DEBUG org.asynchttpclient.netty.request.NettyRequestSender - Using pooled Channel '[id: 0x2e88fa58, L:/127.0.0.1:53647 - R:localhost/127.0.0.1:62171]' for 'POST' to 'http://localhost:62171/session/a77a2748ff48c3e416d82361038474b7/element/22fc72ae-ac97-4d92-9efa-e3d4b27773a5/click'
19:32:26.424 [Forwarding clickElement on session a77a2748ff48c3e416d82361038474b7 to remote] DEBUG org.asynchttpclient.netty.request.NettyRequestSender - Using open Channel [id: 0x2e88fa58, L:/127.0.0.1:53647 - R:localhost/127.0.0.1:62171] for POST '/session/a77a2748ff48c3e416d82361038474b7/element/22fc72ae-ac97-4d92-9efa-e3d4b27773a5/click'
19:32:26.493 [AsyncHttpClient-1-9] DEBUG org.asynchttpclient.netty.handler.HttpHandler - 

Request DefaultHttpRequest(decodeResult: success, version: HTTP/1.1)
POST /session/a77a2748ff48c3e416d82361038474b7/element/22fc72ae-ac97-4d92-9efa-e3d4b27773a5/click HTTP/1.1
User-Agent: selenium/4.1.2 (java windows)
Content-Length: 50
Content-Type: application/json; charset=utf-8
host: localhost:62171
accept: */*

Response DefaultHttpResponse(decodeResult: success, version: HTTP/1.1)
HTTP/1.1 200 OK
Content-Type: application/json; charset=utf-8
cache-control: no-cache
content-length: 14

19:32:26.493 [AsyncHttpClient-1-9] DEBUG org.asynchttpclient.netty.channel.ChannelManager - Adding key: http://localhost:62171 for channel [id: 0x2e88fa58, L:/127.0.0.1:53647 - R:localhost/127.0.0.1:62171]
19:32:26.539 [Forwarding findElement on session a77a2748ff48c3e416d82361038474b7 to remote] DEBUG org.asynchttpclient.netty.request.NettyRequestSender - Using pooled Channel '[id: 0x2e88fa58, L:/127.0.0.1:53647 - R:localhost/127.0.0.1:62171]' for 'POST' to 'http://localhost:62171/session/a77a2748ff48c3e416d82361038474b7/element'
19:32:26.539 [Forwarding findElement on session a77a2748ff48c3e416d82361038474b7 to remote] DEBUG org.asynchttpclient.netty.request.NettyRequestSender - Using open Channel [id: 0x2e88fa58, L:/127.0.0.1:53647 - R:localhost/127.0.0.1:62171] for POST '/session/a77a2748ff48c3e416d82361038474b7/element'
19:32:26.553 [AsyncHttpClient-1-9] DEBUG org.asynchttpclient.netty.handler.HttpHandler - 

Request DefaultHttpRequest(decodeResult: success, version: HTTP/1.1)
POST /session/a77a2748ff48c3e416d82361038474b7/element HTTP/1.1
User-Agent: selenium/4.1.2 (java windows)
Content-Length: 53
Content-Type: application/json; charset=utf-8
host: localhost:62171
accept: */*

Response DefaultHttpResponse(decodeResult: success, version: HTTP/1.1)
HTTP/1.1 200 OK
Content-Type: application/json; charset=utf-8
cache-control: no-cache
content-length: 88

19:32:26.554 [AsyncHttpClient-1-9] DEBUG org.asynchttpclient.netty.channel.ChannelManager - Adding key: http://localhost:62171 for channel [id: 0x2e88fa58, L:/127.0.0.1:53647 - R:localhost/127.0.0.1:62171]
19:32:26.561 [Forwarding sendKeysToElement on session a77a2748ff48c3e416d82361038474b7 to remote] DEBUG org.asynchttpclient.netty.request.NettyRequestSender - Using pooled Channel '[id: 0x2e88fa58, L:/127.0.0.1:53647 - R:localhost/127.0.0.1:62171]' for 'POST' to 'http://localhost:62171/session/a77a2748ff48c3e416d82361038474b7/element/944508db-0fa3-401a-8915-2fcf051bd512/value'
19:32:26.561 [Forwarding sendKeysToElement on session a77a2748ff48c3e416d82361038474b7 to remote] DEBUG org.asynchttpclient.netty.request.NettyRequestSender - Using open Channel [id: 0x2e88fa58, L:/127.0.0.1:53647 - R:localhost/127.0.0.1:62171] for POST '/session/a77a2748ff48c3e416d82361038474b7/element/944508db-0fa3-401a-8915-2fcf051bd512/value'
19:32:26.595 [AsyncHttpClient-1-9] DEBUG org.asynchttpclient.netty.handler.HttpHandler - 

Request DefaultHttpRequest(decodeResult: success, version: HTTP/1.1)
POST /session/a77a2748ff48c3e416d82361038474b7/element/944508db-0fa3-401a-8915-2fcf051bd512/value HTTP/1.1
User-Agent: selenium/4.1.2 (java windows)
Content-Length: 95
Content-Type: application/json; charset=utf-8
host: localhost:62171
accept: */*

Response DefaultHttpResponse(decodeResult: success, version: HTTP/1.1)
HTTP/1.1 200 OK
Content-Type: application/json; charset=utf-8
cache-control: no-cache
content-length: 14

19:32:26.595 [AsyncHttpClient-1-9] DEBUG org.asynchttpclient.netty.channel.ChannelManager - Adding key: http://localhost:62171 for channel [id: 0x2e88fa58, L:/127.0.0.1:53647 - R:localhost/127.0.0.1:62171]
  &amp#27;[32mAnd &amp#27;[0m&amp#27;[32mI click beli button product 2&amp#27;[0m                                         &amp#27;[90m# starter.steps.BeliStep.iClickBeliButtonProduct()&amp#27;[0m
19:32:26.601 [Forwarding screenshot on session a77a2748ff48c3e416d82361038474b7 to remote] DEBUG org.asynchttpclient.netty.request.NettyRequestSender - Using pooled Channel '[id: 0x2e88fa58, L:/127.0.0.1:53647 - R:localhost/127.0.0.1:62171]' for 'GET' to 'http://localhost:62171/session/a77a2748ff48c3e416d82361038474b7/screenshot'
19:32:26.602 [Forwarding screenshot on session a77a2748ff48c3e416d82361038474b7 to remote] DEBUG org.asynchttpclient.netty.request.NettyRequestSender - Using open Channel [id: 0x2e88fa58, L:/127.0.0.1:53647 - R:localhost/127.0.0.1:62171] for GET '/session/a77a2748ff48c3e416d82361038474b7/screenshot'
19:32:26.761 [AsyncHttpClient-1-9] DEBUG org.asynchttpclient.netty.handler.HttpHandler - 

Request DefaultFullHttpRequest(decodeResult: success, version: HTTP/1.1, content: EmptyByteBufBE)
GET /session/a77a2748ff48c3e416d82361038474b7/screenshot HTTP/1.1
User-Agent: selenium/4.1.2 (java windows)
Cache-Control: no-cache
Content-Type: application/json; charset=utf-8
host: localhost:62171
accept: */*

Response DefaultHttpResponse(decodeResult: success, version: HTTP/1.1)
HTTP/1.1 200 OK
Content-Type: application/json; charset=utf-8
cache-control: no-cache
content-length: 73904

19:32:26.762 [AsyncHttpClient-1-9] DEBUG org.asynchttpclient.netty.channel.ChannelManager - Adding key: http://localhost:62171 for channel [id: 0x2e88fa58, L:/127.0.0.1:53647 - R:localhost/127.0.0.1:62171]
19:32:26.766 [main] DEBUG net.serenitybdd.core.photography.Darkroom - Send negative for processing for target\site\serenity\121b395b0490ad0e55d319667a98481e75a8188a273e3433c2a0162391eb75f2.png
19:32:26.767 [Darkroom Processing Line] DEBUG net.serenitybdd.core.photography.DarkroomProcessingLine - Processing screenshot image in /var/screenshots/screenshot-11415931956621660591
19:32:26.767 [Darkroom Processing Line] DEBUG net.serenitybdd.core.photography.DarkroomProcessingLine - Saving screenshot to target\site\serenity\121b395b0490ad0e55d319667a98481e75a8188a273e3433c2a0162391eb75f2.png
19:32:26.785 [Forwarding findElement on session a77a2748ff48c3e416d82361038474b7 to remote] DEBUG org.asynchttpclient.netty.request.NettyRequestSender - Using pooled Channel '[id: 0x2e88fa58, L:/127.0.0.1:53647 - R:localhost/127.0.0.1:62171]' for 'POST' to 'http://localhost:62171/session/a77a2748ff48c3e416d82361038474b7/element'
19:32:26.785 [Forwarding findElement on session a77a2748ff48c3e416d82361038474b7 to remote] DEBUG org.asynchttpclient.netty.request.NettyRequestSender - Using open Channel [id: 0x2e88fa58, L:/127.0.0.1:53647 - R:localhost/127.0.0.1:62171] for POST '/session/a77a2748ff48c3e416d82361038474b7/element'
19:32:26.795 [AsyncHttpClient-1-9] DEBUG org.asynchttpclient.netty.handler.HttpHandler - 

Request DefaultHttpRequest(decodeResult: success, version: HTTP/1.1)
POST /session/a77a2748ff48c3e416d82361038474b7/element HTTP/1.1
User-Agent: selenium/4.1.2 (java windows)
Content-Length: 103
Content-Type: application/json; charset=utf-8
host: localhost:62171
accept: */*

Response DefaultHttpResponse(decodeResult: success, version: HTTP/1.1)
HTTP/1.1 200 OK
Content-Type: application/json; charset=utf-8
cache-control: no-cache
content-length: 88

19:32:26.795 [AsyncHttpClient-1-9] DEBUG org.asynchttpclient.netty.channel.ChannelManager - Adding key: http://localhost:62171 for channel [id: 0x2e88fa58, L:/127.0.0.1:53647 - R:localhost/127.0.0.1:62171]
19:32:26.797 [Forwarding getElementTagName on session a77a2748ff48c3e416d82361038474b7 to remote] DEBUG org.asynchttpclient.netty.request.NettyRequestSender - Using pooled Channel '[id: 0x2e88fa58, L:/127.0.0.1:53647 - R:localhost/127.0.0.1:62171]' for 'GET' to 'http://localhost:62171/session/a77a2748ff48c3e416d82361038474b7/element/5900a176-3347-4040-94a3-19c614c15bc2/name'
19:32:26.797 [Forwarding getElementTagName on session a77a2748ff48c3e416d82361038474b7 to remote] DEBUG org.asynchttpclient.netty.request.NettyRequestSender - Using open Channel [id: 0x2e88fa58, L:/127.0.0.1:53647 - R:localhost/127.0.0.1:62171] for GET '/session/a77a2748ff48c3e416d82361038474b7/element/5900a176-3347-4040-94a3-19c614c15bc2/name'
19:32:26.801 [AsyncHttpClient-1-9] DEBUG org.asynchttpclient.netty.handler.HttpHandler - 

Request DefaultFullHttpRequest(decodeResult: success, version: HTTP/1.1, content: EmptyByteBufBE)
GET /session/a77a2748ff48c3e416d82361038474b7/element/5900a176-3347-4040-94a3-19c614c15bc2/name HTTP/1.1
User-Agent: selenium/4.1.2 (java windows)
Cache-Control: no-cache
Content-Type: application/json; charset=utf-8
host: localhost:62171
accept: */*

Response DefaultHttpResponse(decodeResult: success, version: HTTP/1.1)
HTTP/1.1 200 OK
Content-Type: application/json; charset=utf-8
cache-control: no-cache
content-length: 13

19:32:26.801 [AsyncHttpClient-1-9] DEBUG org.asynchttpclient.netty.channel.ChannelManager - Adding key: http://localhost:62171 for channel [id: 0x2e88fa58, L:/127.0.0.1:53647 - R:localhost/127.0.0.1:62171]
19:32:26.803 [Forwarding getElementTagName on session a77a2748ff48c3e416d82361038474b7 to remote] DEBUG org.asynchttpclient.netty.request.NettyRequestSender - Using pooled Channel '[id: 0x2e88fa58, L:/127.0.0.1:53647 - R:localhost/127.0.0.1:62171]' for 'GET' to 'http://localhost:62171/session/a77a2748ff48c3e416d82361038474b7/element/5900a176-3347-4040-94a3-19c614c15bc2/name'
19:32:26.803 [Forwarding getElementTagName on session a77a2748ff48c3e416d82361038474b7 to remote] DEBUG org.asynchttpclient.netty.request.NettyRequestSender - Using open Channel [id: 0x2e88fa58, L:/127.0.0.1:53647 - R:localhost/127.0.0.1:62171] for GET '/session/a77a2748ff48c3e416d82361038474b7/element/5900a176-3347-4040-94a3-19c614c15bc2/name'
19:32:26.807 [AsyncHttpClient-1-9] DEBUG org.asynchttpclient.netty.handler.HttpHandler - 

Request DefaultFullHttpRequest(decodeResult: success, version: HTTP/1.1, content: EmptyByteBufBE)
GET /session/a77a2748ff48c3e416d82361038474b7/element/5900a176-3347-4040-94a3-19c614c15bc2/name HTTP/1.1
User-Agent: selenium/4.1.2 (java windows)
Cache-Control: no-cache
Content-Type: application/json; charset=utf-8
host: localhost:62171
accept: */*

Response DefaultHttpResponse(decodeResult: success, version: HTTP/1.1)
HTTP/1.1 200 OK
Content-Type: application/json; charset=utf-8
cache-control: no-cache
content-length: 13

19:32:26.807 [AsyncHttpClient-1-9] DEBUG org.asynchttpclient.netty.channel.ChannelManager - Adding key: http://localhost:62171 for channel [id: 0x2e88fa58, L:/127.0.0.1:53647 - R:localhost/127.0.0.1:62171]
19:32:26.809 [Forwarding findElement on session a77a2748ff48c3e416d82361038474b7 to remote] DEBUG org.asynchttpclient.netty.request.NettyRequestSender - Using pooled Channel '[id: 0x2e88fa58, L:/127.0.0.1:53647 - R:localhost/127.0.0.1:62171]' for 'POST' to 'http://localhost:62171/session/a77a2748ff48c3e416d82361038474b7/element'
19:32:26.810 [Forwarding findElement on session a77a2748ff48c3e416d82361038474b7 to remote] DEBUG org.asynchttpclient.netty.request.NettyRequestSender - Using open Channel [id: 0x2e88fa58, L:/127.0.0.1:53647 - R:localhost/127.0.0.1:62171] for POST '/session/a77a2748ff48c3e416d82361038474b7/element'
19:32:26.815 [AsyncHttpClient-1-9] DEBUG org.asynchttpclient.netty.handler.HttpHandler - 

Request DefaultHttpRequest(decodeResult: success, version: HTTP/1.1)
POST /session/a77a2748ff48c3e416d82361038474b7/element HTTP/1.1
User-Agent: selenium/4.1.2 (java windows)
Content-Length: 103
Content-Type: application/json; charset=utf-8
host: localhost:62171
accept: */*

Response DefaultHttpResponse(decodeResult: success, version: HTTP/1.1)
HTTP/1.1 200 OK
Content-Type: application/json; charset=utf-8
cache-control: no-cache
content-length: 88

19:32:26.816 [AsyncHttpClient-1-9] DEBUG org.asynchttpclient.netty.channel.ChannelManager - Adding key: http://localhost:62171 for channel [id: 0x2e88fa58, L:/127.0.0.1:53647 - R:localhost/127.0.0.1:62171]
19:32:26.817 [Forwarding clickElement on session a77a2748ff48c3e416d82361038474b7 to remote] DEBUG org.asynchttpclient.netty.request.NettyRequestSender - Using pooled Channel '[id: 0x2e88fa58, L:/127.0.0.1:53647 - R:localhost/127.0.0.1:62171]' for 'POST' to 'http://localhost:62171/session/a77a2748ff48c3e416d82361038474b7/element/5900a176-3347-4040-94a3-19c614c15bc2/click'
19:32:26.817 [Forwarding clickElement on session a77a2748ff48c3e416d82361038474b7 to remote] DEBUG org.asynchttpclient.netty.request.NettyRequestSender - Using open Channel [id: 0x2e88fa58, L:/127.0.0.1:53647 - R:localhost/127.0.0.1:62171] for POST '/session/a77a2748ff48c3e416d82361038474b7/element/5900a176-3347-4040-94a3-19c614c15bc2/click'
19:32:26.858 [AsyncHttpClient-1-9] DEBUG org.asynchttpclient.netty.handler.HttpHandler - 

Request DefaultHttpRequest(decodeResult: success, version: HTTP/1.1)
POST /session/a77a2748ff48c3e416d82361038474b7/element/5900a176-3347-4040-94a3-19c614c15bc2/click HTTP/1.1
User-Agent: selenium/4.1.2 (java windows)
Content-Length: 50
Content-Type: application/json; charset=utf-8
host: localhost:62171
accept: */*

Response DefaultHttpResponse(decodeResult: success, version: HTTP/1.1)
HTTP/1.1 200 OK
Content-Type: application/json; charset=utf-8
cache-control: no-cache
content-length: 14

19:32:26.858 [AsyncHttpClient-1-9] DEBUG org.asynchttpclient.netty.channel.ChannelManager - Adding key: http://localhost:62171 for channel [id: 0x2e88fa58, L:/127.0.0.1:53647 - R:localhost/127.0.0.1:62171]
  &amp#27;[32mAnd &amp#27;[0m&amp#27;[32mI click cart icon&amp#27;[0m                                                     &amp#27;[90m# starter.steps.BeliStep.iClickCartIcon()&amp#27;[0m
19:32:26.868 [Forwarding screenshot on session a77a2748ff48c3e416d82361038474b7 to remote] DEBUG org.asynchttpclient.netty.request.NettyRequestSender - Using pooled Channel '[id: 0x2e88fa58, L:/127.0.0.1:53647 - R:localhost/127.0.0.1:62171]' for 'GET' to 'http://localhost:62171/session/a77a2748ff48c3e416d82361038474b7/screenshot'
19:32:26.868 [Forwarding screenshot on session a77a2748ff48c3e416d82361038474b7 to remote] DEBUG org.asynchttpclient.netty.request.NettyRequestSender - Using open Channel [id: 0x2e88fa58, L:/127.0.0.1:53647 - R:localhost/127.0.0.1:62171] for GET '/session/a77a2748ff48c3e416d82361038474b7/screenshot'
19:32:27.071 [AsyncHttpClient-1-9] DEBUG org.asynchttpclient.netty.handler.HttpHandler - 

Request DefaultFullHttpRequest(decodeResult: success, version: HTTP/1.1, content: EmptyByteBufBE)
GET /session/a77a2748ff48c3e416d82361038474b7/screenshot HTTP/1.1
User-Agent: selenium/4.1.2 (java windows)
Cache-Control: no-cache
Content-Type: application/json; charset=utf-8
host: localhost:62171
accept: */*

Response DefaultHttpResponse(decodeResult: success, version: HTTP/1.1)
HTTP/1.1 200 OK
Content-Type: application/json; charset=utf-8
cache-control: no-cache
content-length: 60252

19:32:27.071 [AsyncHttpClient-1-9] DEBUG org.asynchttpclient.netty.channel.ChannelManager - Adding key: http://localhost:62171 for channel [id: 0x2e88fa58, L:/127.0.0.1:53647 - R:localhost/127.0.0.1:62171]
19:32:27.074 [main] DEBUG net.serenitybdd.core.photography.Darkroom - Send negative for processing for target\site\serenity\726087b2b7ae9688594a6353950467763ac6630d317b8d0601fd8d228cc95966.png
19:32:27.074 [Darkroom Processing Line] DEBUG net.serenitybdd.core.photography.DarkroomProcessingLine - Processing screenshot image in /var/screenshots/screenshot-16766038008213047838
19:32:27.074 [Darkroom Processing Line] DEBUG net.serenitybdd.core.photography.DarkroomProcessingLine - Saving screenshot to target\site\serenity\726087b2b7ae9688594a6353950467763ac6630d317b8d0601fd8d228cc95966.png
19:32:27.089 [Forwarding findElement on session a77a2748ff48c3e416d82361038474b7 to remote] DEBUG org.asynchttpclient.netty.request.NettyRequestSender - Using pooled Channel '[id: 0x2e88fa58, L:/127.0.0.1:53647 - R:localhost/127.0.0.1:62171]' for 'POST' to 'http://localhost:62171/session/a77a2748ff48c3e416d82361038474b7/element'
19:32:27.089 [Forwarding findElement on session a77a2748ff48c3e416d82361038474b7 to remote] DEBUG org.asynchttpclient.netty.request.NettyRequestSender - Using open Channel [id: 0x2e88fa58, L:/127.0.0.1:53647 - R:localhost/127.0.0.1:62171] for POST '/session/a77a2748ff48c3e416d82361038474b7/element'
19:32:27.107 [AsyncHttpClient-1-9] DEBUG org.asynchttpclient.netty.handler.HttpHandler - 

Request DefaultHttpRequest(decodeResult: success, version: HTTP/1.1)
POST /session/a77a2748ff48c3e416d82361038474b7/element HTTP/1.1
User-Agent: selenium/4.1.2 (java windows)
Content-Length: 75
Content-Type: application/json; charset=utf-8
host: localhost:62171
accept: */*

Response DefaultHttpResponse(decodeResult: success, version: HTTP/1.1)
HTTP/1.1 200 OK
Content-Type: application/json; charset=utf-8
cache-control: no-cache
content-length: 88

19:32:27.107 [AsyncHttpClient-1-9] DEBUG org.asynchttpclient.netty.channel.ChannelManager - Adding key: http://localhost:62171 for channel [id: 0x2e88fa58, L:/127.0.0.1:53647 - R:localhost/127.0.0.1:62171]
19:32:27.110 [Forwarding isElementDisplayed on session a77a2748ff48c3e416d82361038474b7 to remote] DEBUG org.asynchttpclient.netty.request.NettyRequestSender - Using pooled Channel '[id: 0x2e88fa58, L:/127.0.0.1:53647 - R:localhost/127.0.0.1:62171]' for 'POST' to 'http://localhost:62171/session/a77a2748ff48c3e416d82361038474b7/execute/sync'
19:32:27.110 [Forwarding isElementDisplayed on session a77a2748ff48c3e416d82361038474b7 to remote] DEBUG org.asynchttpclient.netty.request.NettyRequestSender - Using open Channel [id: 0x2e88fa58, L:/127.0.0.1:53647 - R:localhost/127.0.0.1:62171] for POST '/session/a77a2748ff48c3e416d82361038474b7/execute/sync'
19:32:27.124 [AsyncHttpClient-1-9] DEBUG org.asynchttpclient.netty.handler.HttpHandler - 

Request DefaultHttpRequest(decodeResult: success, version: HTTP/1.1)
POST /session/a77a2748ff48c3e416d82361038474b7/execute/sync HTTP/1.1
User-Agent: selenium/4.1.2 (java windows)
Content-Length: 48780
Content-Type: application/json; charset=utf-8
host: localhost:62171
accept: */*

Response DefaultHttpResponse(decodeResult: success, version: HTTP/1.1)
HTTP/1.1 200 OK
Content-Type: application/json; charset=utf-8
cache-control: no-cache
content-length: 14

19:32:27.124 [AsyncHttpClient-1-9] DEBUG org.asynchttpclient.netty.channel.ChannelManager - Adding key: http://localhost:62171 for channel [id: 0x2e88fa58, L:/127.0.0.1:53647 - R:localhost/127.0.0.1:62171]
  &amp#27;[32mThen &amp#27;[0m&amp#27;[32msee all order&amp#27;[0m                                                        &amp#27;[90m# starter.steps.BeliStep.seeAllOrder()&amp#27;[0m
19:32:27.128 [Forwarding screenshot on session a77a2748ff48c3e416d82361038474b7 to remote] DEBUG org.asynchttpclient.netty.request.NettyRequestSender - Using pooled Channel '[id: 0x2e88fa58, L:/127.0.0.1:53647 - R:localhost/127.0.0.1:62171]' for 'GET' to 'http://localhost:62171/session/a77a2748ff48c3e416d82361038474b7/screenshot'
19:32:27.128 [Forwarding screenshot on session a77a2748ff48c3e416d82361038474b7 to remote] DEBUG org.asynchttpclient.netty.request.NettyRequestSender - Using open Channel [id: 0x2e88fa58, L:/127.0.0.1:53647 - R:localhost/127.0.0.1:62171] for GET '/session/a77a2748ff48c3e416d82361038474b7/screenshot'
19:32:27.262 [AsyncHttpClient-1-9] DEBUG org.asynchttpclient.netty.handler.HttpHandler - 

Request DefaultFullHttpRequest(decodeResult: success, version: HTTP/1.1, content: EmptyByteBufBE)
GET /session/a77a2748ff48c3e416d82361038474b7/screenshot HTTP/1.1
User-Agent: selenium/4.1.2 (java windows)
Cache-Control: no-cache
Content-Type: application/json; charset=utf-8
host: localhost:62171
accept: */*

Response DefaultHttpResponse(decodeResult: success, version: HTTP/1.1)
HTTP/1.1 200 OK
Content-Type: application/json; charset=utf-8
cache-control: no-cache
content-length: 60608

19:32:27.263 [AsyncHttpClient-1-9] DEBUG org.asynchttpclient.netty.channel.ChannelManager - Adding key: http://localhost:62171 for channel [id: 0x2e88fa58, L:/127.0.0.1:53647 - R:localhost/127.0.0.1:62171]
19:32:27.267 [main] DEBUG net.serenitybdd.core.photography.Darkroom - Send negative for processing for target\site\serenity\4a5679eb99c855e3d30bb7ce00538bf6164e33f7980bd6fa54b1b7685a98c240.png
19:32:27.271 [Darkroom Processing Line] DEBUG net.serenitybdd.core.photography.DarkroomProcessingLine - Processing screenshot image in /var/screenshots/screenshot-12170383890544719490
19:32:27.271 [Darkroom Processing Line] DEBUG net.serenitybdd.core.photography.DarkroomProcessingLine - Saving screenshot to target\site\serenity\4a5679eb99c855e3d30bb7ce00538bf6164e33f7980bd6fa54b1b7685a98c240.png
19:32:27.273 [AsyncHttpClient-1-3] DEBUG org.asynchttpclient.netty.handler.WebSocketHandler - Channel Closed: [id: 0x27c52a83, L:/127.0.0.1:53654 ! R:localhost/127.0.0.1:53648] with attribute NettyResponseFuture{currentRetry=5,
	isDone=1,
	isCancelled=0,
	asyncHandler=org.asynchttpclient.ws.WebSocketUpgradeHandler@130c893a,
	nettyRequest=org.asynchttpclient.netty.request.NettyRequest@72e8ec52,
	future=java.util.concurrent.CompletableFuture@1c136417[Completed normally],
	uri=ws://localhost:53648/devtools/browser/780a3431-4601-478a-b795-2ac4d0caf7d2,
	keepAlive=true,
	redirectCount=0,
	timeoutsHolder=null,
	inAuth=0,
	touch=1667219478221}
19:32:27.273 [AsyncHttpClient-1-3] DEBUG org.asynchttpclient.netty.channel.ChannelManager - Closing Channel [id: 0x27c52a83, L:/127.0.0.1:53654 ! R:localhost/127.0.0.1:53648] 
19:32:27.274 [Driver Command Executor] DEBUG org.asynchttpclient.netty.request.NettyRequestSender - Using pooled Channel '[id: 0x2e88fa58, L:/127.0.0.1:53647 - R:localhost/127.0.0.1:62171]' for 'DELETE' to 'http://localhost:62171/session/a77a2748ff48c3e416d82361038474b7'
19:32:27.274 [Driver Command Executor] DEBUG org.asynchttpclient.netty.request.NettyRequestSender - Using open Channel [id: 0x2e88fa58, L:/127.0.0.1:53647 - R:localhost/127.0.0.1:62171] for DELETE '/session/a77a2748ff48c3e416d82361038474b7'
19:32:27.368 [AsyncHttpClient-1-9] DEBUG org.asynchttpclient.netty.handler.HttpHandler - 

Request DefaultFullHttpRequest(decodeResult: success, version: HTTP/1.1, content: EmptyByteBufBE)
DELETE /session/a77a2748ff48c3e416d82361038474b7 HTTP/1.1
User-Agent: selenium/4.1.2 (java windows)
Content-Type: application/json; charset=utf-8
host: localhost:62171
accept: */*

Response DefaultHttpResponse(decodeResult: success, version: HTTP/1.1)
HTTP/1.1 200 OK
Content-Type: application/json; charset=utf-8
cache-control: no-cache
content-length: 14

19:32:27.369 [AsyncHttpClient-1-9] DEBUG org.asynchttpclient.netty.channel.ChannelManager - Adding key: http://localhost:62171 for channel [id: 0x2e88fa58, L:/127.0.0.1:53647 - R:localhost/127.0.0.1:62171]
19:32:27.451 [AsyncHttpClient-1-9] DEBUG org.asynchttpclient.netty.handler.HttpHandler - Channel Closed: [id: 0x2e88fa58, L:/127.0.0.1:53647 ! R:localhost/127.0.0.1:62171] with attribute DISCARD
19:32:27.527 [main] INFO  - 
  _____   ___   ___   _____     ___     _     ___   ___   ___   ___  
 |_   _| | __| / __| |_   _|   | _ \   /_\   / __| / __| | __| |   \ 
   | |   | _|  \__ \   | |     |  _/  / _ \  \__ \ \__ \ | _|  | |) |
   |_|   |___| |___/   |_|     |_|   /_/ \_\ |___/ |___/ |___| |___/ 

see order
----------------------------------------------------------------------
]]></system-out>
    <system-err><![CDATA[Starting ChromeDriver 106.0.5249.61 (511755355844955cd3e264779baf0dd38212a4d0-refs/branch-heads/5249@{#569}) on port 62171
Only local connections are allowed.
Please see https://chromedriver.chromium.org/security-considerations for suggestions on keeping ChromeDriver safe.
ChromeDriver was started successfully.
Oct 31, 2022 7:31:18 PM org.openqa.selenium.remote.ProtocolHandshake createSession
INFO: Detected dialect: W3C
Oct 31, 2022 7:31:18 PM org.openqa.selenium.devtools.CdpVersionFinder findNearestMatch
WARNING: Unable to find an exact match for CDP version 106, so returning the closest version found: a no-op implementation
Oct 31, 2022 7:31:18 PM org.openqa.selenium.devtools.CdpVersionFinder findNearestMatch
INFO: Unable to find CDP implementation matching 106.
Oct 31, 2022 7:31:18 PM org.openqa.selenium.chromium.ChromiumDriver lambda$new$3
WARNING: Unable to find version of CDP to use for . You may need to include a dependency on a specific version of the CDP using something similar to `org.seleniumhq.selenium:selenium-devtools-v86:4.1.2` where the version ("v86") matches the version of the chromium-based browser you're using and the version number of the artifact is the same as Selenium's.
]]></system-err>
  </testcase>
  <testcase name="Bayar product" classname="Button Beli" time="76.196">
    <system-out><![CDATA[
@Beli
Scenario Outline: Bayar product                                             &amp#27;[90m# src/test/resources/features/login/Beli.feature:47&amp#27;[0m
19:32:27.540 [main] INFO io.cucumber.core.plugin.SerenityReporter - Running feature from file:///D:/TIC/Kampus%20Merdeka/MSIB/Studi%20Independen/Alterra/MiniProject/MiniProjWeb/src/test/resources/features/login/Beli.feature
19:32:27.543 [main] INFO  - 
  _____   ___   ___   _____     ___   _____     _     ___   _____   ___   ___  
 |_   _| | __| / __| |_   _|   / __| |_   _|   /_\   | _ \ |_   _| | __| |   \ 
   | |   | _|  \__ \   | |     \__ \   | |    / _ \  |   /   | |   | _|  | |) |
   |_|   |___| |___/   |_|     |___/   |_|   /_/ \_\ |_|_\   |_|   |___| |___/ 

Bayar product(button-beli;bayar-product)
--------------------------------------------------------------------------------
19:32:27.559 [main] INFO net.serenitybdd.core.webdriver.driverproviders.ChromeDriverProvider - Using automatically driver download
19:32:27.684 [main] DEBUG io.github.bonigarcia.wdm.cache.ResolutionCache - Resolution chrome=106 in cache (valid until 19:46:39 31/10/2022 ICT)
19:32:27.688 [main] DEBUG io.github.bonigarcia.wdm.cache.ResolutionCache - Resolution chrome106=106.0.5249.61 in cache (valid until 17:34:34 01/11/2022 ICT)
19:32:27.689 [main] INFO io.github.bonigarcia.wdm.WebDriverManager - Using chromedriver 106.0.5249.61 (resolved driver for Chrome 106)
19:32:27.699 [main] DEBUG io.github.bonigarcia.wdm.WebDriverManager - Driver chromedriver 106.0.5249.61 found in cache
19:32:27.700 [main] INFO io.github.bonigarcia.wdm.WebDriverManager - Exporting webdriver.chrome.driver as C:\Users\user\.cache\selenium\chromedriver\win32\106.0.5249.61\chromedriver.exe
19:32:27.807 [main] DEBUG net.serenitybdd.core.webdriver.driverproviders.ProvideNewDriver - Instantiating driver
19:32:27.807 [main] DEBUG net.serenitybdd.core.webdriver.driverproviders.ProvideNewDriver - Driver capabilities: Capabilities {acceptInsecureCerts: false, base.url: https://alta-shop.vercel.app, browserName: chrome, chrome.driver: src/test/resources/webdrive..., driver: chrome, goog:chromeOptions: {args: [], extensions: []}, wait.for.timeout: 500}
19:32:27.890 [AsyncHttpClient-1-4] DEBUG org.asynchttpclient.netty.channel.NettyConnectListener - Using new Channel '[id: 0x92a65af5, L:/127.0.0.1:53754 - R:localhost/127.0.0.1:50528]' for 'POST' to '/session'
19:32:28.211 [AsyncHttpClient-1-1] DEBUG org.asynchttpclient.netty.channel.DefaultChannelPool - Entry count for : http://localhost:62171 : 1
19:32:28.211 [AsyncHttpClient-1-1] DEBUG org.asynchttpclient.netty.channel.DefaultChannelPool - Adding Candidate expired Channel [id: 0x2e88fa58, L:/127.0.0.1:53647 ! R:localhost/127.0.0.1:62171] isIdleTimeoutExpired=false isRemotelyClosed=true isTtlExpired=false
19:32:28.211 [AsyncHttpClient-1-1] DEBUG org.asynchttpclient.netty.channel.DefaultChannelPool - Closing Idle Channel [id: 0x2e88fa58, L:/127.0.0.1:53647 ! R:localhost/127.0.0.1:62171]
19:32:28.213 [AsyncHttpClient-1-1] DEBUG org.asynchttpclient.netty.channel.DefaultChannelPool - Closed 1 connections out of 1 in 2 ms
19:32:28.980 [AsyncHttpClient-1-4] DEBUG org.asynchttpclient.netty.handler.HttpHandler - 

Request DefaultHttpRequest(decodeResult: success, version: HTTP/1.1)
POST /session HTTP/1.1
User-Agent: selenium/4.1.2 (java windows)
Content-Length: 638
Content-Type: application/json; charset=utf-8
host: localhost:50528
accept: */*

Response DefaultHttpResponse(decodeResult: success, version: HTTP/1.1)
HTTP/1.1 200 OK
Content-Type: application/json; charset=utf-8
cache-control: no-cache
content-length: 790

19:32:28.985 [AsyncHttpClient-1-4] DEBUG org.asynchttpclient.netty.channel.ChannelManager - Adding key: http://localhost:50528 for channel [id: 0x92a65af5, L:/127.0.0.1:53754 - R:localhost/127.0.0.1:50528]
19:32:29.073 [AsyncHttpClient-1-5] DEBUG org.asynchttpclient.netty.channel.NettyConnectListener - Using new Channel '[id: 0xd44a9a24, L:/127.0.0.1:53762 - R:localhost/127.0.0.1:53755]' for 'GET' to '/json/version'
19:32:29.074 [AsyncHttpClient-1-5] DEBUG org.asynchttpclient.netty.handler.HttpHandler - 

Request DefaultFullHttpRequest(decodeResult: success, version: HTTP/1.1, content: EmptyByteBufBE)
GET /json/version HTTP/1.1
User-Agent: selenium/4.1.2 (java windows)
host: localhost:53755
accept: */*

Response DefaultHttpResponse(decodeResult: success, version: HTTP/1.1)
HTTP/1.1 200 OK
Content-Type: application/json; charset=UTF-8
content-length: 424

19:32:29.074 [AsyncHttpClient-1-5] DEBUG org.asynchttpclient.netty.channel.ChannelManager - Adding key: http://localhost:53755 for channel [id: 0xd44a9a24, L:/127.0.0.1:53762 - R:localhost/127.0.0.1:53755]
19:32:29.138 [AsyncHttpClient-1-6] DEBUG org.asynchttpclient.netty.channel.NettyConnectListener - Using new Channel '[id: 0x07519fda, L:/127.0.0.1:53763 - R:localhost/127.0.0.1:53755]' for 'GET' to '/devtools/browser/44c8af71-c7ac-440c-be83-690bc8b5ffcb'
19:32:29.147 [AsyncHttpClient-1-6] DEBUG org.asynchttpclient.netty.handler.WebSocketHandler - 

Request DefaultFullHttpRequest(decodeResult: success, version: HTTP/1.1, content: EmptyByteBufBE)
GET /devtools/browser/44c8af71-c7ac-440c-be83-690bc8b5ffcb HTTP/1.1
upgrade: websocket
connection: upgrade
sec-websocket-key: KYiJZguOAZujEmW89GOsAQ==
sec-websocket-version: 13
origin: http://localhost:53755
host: localhost:53755
accept: */*
user-agent: AHC/2.1

Response DefaultHttpResponse(decodeResult: success, version: HTTP/1.1)
HTTP/1.1 101 WebSocket Protocol Handshake
Upgrade: WebSocket
Connection: Upgrade
Sec-WebSocket-Accept: 4nJEe82u26Nw2OrrEBjra/ObNEk=

19:32:29.214 [Forwarding get on session 74324f77588648d305bc69c7473e9b86 to remote] DEBUG org.asynchttpclient.netty.request.NettyRequestSender - Using pooled Channel '[id: 0x92a65af5, L:/127.0.0.1:53754 - R:localhost/127.0.0.1:50528]' for 'POST' to 'http://localhost:50528/session/74324f77588648d305bc69c7473e9b86/url'
19:32:29.214 [Forwarding get on session 74324f77588648d305bc69c7473e9b86 to remote] DEBUG org.asynchttpclient.netty.request.NettyRequestSender - Using open Channel [id: 0x92a65af5, L:/127.0.0.1:53754 - R:localhost/127.0.0.1:50528] for POST '/session/74324f77588648d305bc69c7473e9b86/url'
19:32:29.310 [AsyncHttpClient-1-1] DEBUG org.asynchttpclient.netty.channel.DefaultChannelPool - Entry count for : http://localhost:53755 : 1
19:32:30.399 [AsyncHttpClient-1-1] DEBUG org.asynchttpclient.netty.channel.DefaultChannelPool - Entry count for : http://localhost:53755 : 1
19:32:31.512 [AsyncHttpClient-1-1] DEBUG org.asynchttpclient.netty.channel.DefaultChannelPool - Entry count for : http://localhost:53755 : 1
19:32:32.611 [AsyncHttpClient-1-1] DEBUG org.asynchttpclient.netty.channel.DefaultChannelPool - Entry count for : http://localhost:53755 : 1
19:32:33.708 [AsyncHttpClient-1-1] DEBUG org.asynchttpclient.netty.channel.DefaultChannelPool - Entry count for : http://localhost:53755 : 1
19:32:34.808 [AsyncHttpClient-1-1] DEBUG org.asynchttpclient.netty.channel.DefaultChannelPool - Entry count for : http://localhost:53755 : 1
19:32:35.906 [AsyncHttpClient-1-1] DEBUG org.asynchttpclient.netty.channel.DefaultChannelPool - Entry count for : http://localhost:53755 : 1
19:32:37.003 [AsyncHttpClient-1-1] DEBUG org.asynchttpclient.netty.channel.DefaultChannelPool - Entry count for : http://localhost:53755 : 1
19:32:38.104 [AsyncHttpClient-1-1] DEBUG org.asynchttpclient.netty.channel.DefaultChannelPool - Entry count for : http://localhost:53755 : 1
19:32:39.197 [AsyncHttpClient-1-1] DEBUG org.asynchttpclient.netty.channel.DefaultChannelPool - Entry count for : http://localhost:53755 : 1
19:32:40.300 [AsyncHttpClient-1-1] DEBUG org.asynchttpclient.netty.channel.DefaultChannelPool - Entry count for : http://localhost:53755 : 1
19:32:41.406 [AsyncHttpClient-1-1] DEBUG org.asynchttpclient.netty.channel.DefaultChannelPool - Entry count for : http://localhost:53755 : 1
19:32:42.499 [AsyncHttpClient-1-1] DEBUG org.asynchttpclient.netty.channel.DefaultChannelPool - Entry count for : http://localhost:53755 : 1
19:32:43.602 [AsyncHttpClient-1-1] DEBUG org.asynchttpclient.netty.channel.DefaultChannelPool - Entry count for : http://localhost:53755 : 1
19:32:44.705 [AsyncHttpClient-1-1] DEBUG org.asynchttpclient.netty.channel.DefaultChannelPool - Entry count for : http://localhost:53755 : 1
19:32:45.811 [AsyncHttpClient-1-1] DEBUG org.asynchttpclient.netty.channel.DefaultChannelPool - Entry count for : http://localhost:53755 : 1
19:32:46.901 [AsyncHttpClient-1-1] DEBUG org.asynchttpclient.netty.channel.DefaultChannelPool - Entry count for : http://localhost:53755 : 1
19:32:48.007 [AsyncHttpClient-1-1] DEBUG org.asynchttpclient.netty.channel.DefaultChannelPool - Entry count for : http://localhost:53755 : 1
19:32:49.098 [AsyncHttpClient-1-1] DEBUG org.asynchttpclient.netty.channel.DefaultChannelPool - Entry count for : http://localhost:53755 : 1
19:32:50.203 [AsyncHttpClient-1-1] DEBUG org.asynchttpclient.netty.channel.DefaultChannelPool - Entry count for : http://localhost:53755 : 1
19:32:51.301 [AsyncHttpClient-1-1] DEBUG org.asynchttpclient.netty.channel.DefaultChannelPool - Entry count for : http://localhost:53755 : 1
19:32:52.402 [AsyncHttpClient-1-1] DEBUG org.asynchttpclient.netty.channel.DefaultChannelPool - Entry count for : http://localhost:53755 : 1
19:32:53.500 [AsyncHttpClient-1-1] DEBUG org.asynchttpclient.netty.channel.DefaultChannelPool - Entry count for : http://localhost:53755 : 1
19:32:54.600 [AsyncHttpClient-1-1] DEBUG org.asynchttpclient.netty.channel.DefaultChannelPool - Entry count for : http://localhost:53755 : 1
19:32:55.709 [AsyncHttpClient-1-1] DEBUG org.asynchttpclient.netty.channel.DefaultChannelPool - Entry count for : http://localhost:53755 : 1
19:32:56.799 [AsyncHttpClient-1-1] DEBUG org.asynchttpclient.netty.channel.DefaultChannelPool - Entry count for : http://localhost:53755 : 1
19:32:57.902 [AsyncHttpClient-1-1] DEBUG org.asynchttpclient.netty.channel.DefaultChannelPool - Entry count for : http://localhost:53755 : 1
19:32:59.002 [AsyncHttpClient-1-1] DEBUG org.asynchttpclient.netty.channel.DefaultChannelPool - Entry count for : http://localhost:53755 : 1
19:33:00.106 [AsyncHttpClient-1-1] DEBUG org.asynchttpclient.netty.channel.DefaultChannelPool - Entry count for : http://localhost:53755 : 1
19:33:01.204 [AsyncHttpClient-1-1] DEBUG org.asynchttpclient.netty.channel.DefaultChannelPool - Entry count for : http://localhost:53755 : 1
19:33:02.305 [AsyncHttpClient-1-1] DEBUG org.asynchttpclient.netty.channel.DefaultChannelPool - Entry count for : http://localhost:53755 : 1
19:33:03.408 [AsyncHttpClient-1-1] DEBUG org.asynchttpclient.netty.channel.DefaultChannelPool - Entry count for : http://localhost:53755 : 1
19:33:04.505 [AsyncHttpClient-1-1] DEBUG org.asynchttpclient.netty.channel.DefaultChannelPool - Entry count for : http://localhost:53755 : 1
19:33:05.606 [AsyncHttpClient-1-1] DEBUG org.asynchttpclient.netty.channel.DefaultChannelPool - Entry count for : http://localhost:53755 : 1
19:33:06.712 [AsyncHttpClient-1-1] DEBUG org.asynchttpclient.netty.channel.DefaultChannelPool - Entry count for : http://localhost:53755 : 1
19:33:07.812 [AsyncHttpClient-1-1] DEBUG org.asynchttpclient.netty.channel.DefaultChannelPool - Entry count for : http://localhost:53755 : 1
19:33:08.904 [AsyncHttpClient-1-1] DEBUG org.asynchttpclient.netty.channel.DefaultChannelPool - Entry count for : http://localhost:53755 : 1
19:33:10.009 [AsyncHttpClient-1-1] DEBUG org.asynchttpclient.netty.channel.DefaultChannelPool - Entry count for : http://localhost:53755 : 1
19:33:11.100 [AsyncHttpClient-1-1] DEBUG org.asynchttpclient.netty.channel.DefaultChannelPool - Entry count for : http://localhost:53755 : 1
19:33:12.201 [AsyncHttpClient-1-1] DEBUG org.asynchttpclient.netty.channel.DefaultChannelPool - Entry count for : http://localhost:53755 : 1
19:33:13.302 [AsyncHttpClient-1-1] DEBUG org.asynchttpclient.netty.channel.DefaultChannelPool - Entry count for : http://localhost:53755 : 1
19:33:14.401 [AsyncHttpClient-1-1] DEBUG org.asynchttpclient.netty.channel.DefaultChannelPool - Entry count for : http://localhost:53755 : 1
19:33:15.502 [AsyncHttpClient-1-1] DEBUG org.asynchttpclient.netty.channel.DefaultChannelPool - Entry count for : http://localhost:53755 : 1
19:33:16.606 [AsyncHttpClient-1-1] DEBUG org.asynchttpclient.netty.channel.DefaultChannelPool - Entry count for : http://localhost:53755 : 1
19:33:17.714 [AsyncHttpClient-1-1] DEBUG org.asynchttpclient.netty.channel.DefaultChannelPool - Entry count for : http://localhost:53755 : 1
19:33:18.806 [AsyncHttpClient-1-1] DEBUG org.asynchttpclient.netty.channel.DefaultChannelPool - Entry count for : http://localhost:53755 : 1
19:33:19.908 [AsyncHttpClient-1-1] DEBUG org.asynchttpclient.netty.channel.DefaultChannelPool - Entry count for : http://localhost:53755 : 1
19:33:20.997 [AsyncHttpClient-1-1] DEBUG org.asynchttpclient.netty.channel.DefaultChannelPool - Entry count for : http://localhost:53755 : 1
19:33:22.114 [AsyncHttpClient-1-1] DEBUG org.asynchttpclient.netty.channel.DefaultChannelPool - Entry count for : http://localhost:53755 : 1
19:33:23.201 [AsyncHttpClient-1-1] DEBUG org.asynchttpclient.netty.channel.DefaultChannelPool - Entry count for : http://localhost:53755 : 1
19:33:24.303 [AsyncHttpClient-1-1] DEBUG org.asynchttpclient.netty.channel.DefaultChannelPool - Entry count for : http://localhost:53755 : 1
19:33:25.403 [AsyncHttpClient-1-1] DEBUG org.asynchttpclient.netty.channel.DefaultChannelPool - Entry count for : http://localhost:53755 : 1
19:33:26.506 [AsyncHttpClient-1-1] DEBUG org.asynchttpclient.netty.channel.DefaultChannelPool - Entry count for : http://localhost:53755 : 1
19:33:27.610 [AsyncHttpClient-1-1] DEBUG org.asynchttpclient.netty.channel.DefaultChannelPool - Entry count for : http://localhost:53755 : 1
19:33:28.699 [AsyncHttpClient-1-1] DEBUG org.asynchttpclient.netty.channel.DefaultChannelPool - Entry count for : http://localhost:53755 : 1
19:33:29.801 [AsyncHttpClient-1-1] DEBUG org.asynchttpclient.netty.channel.DefaultChannelPool - Entry count for : http://localhost:53755 : 1
19:33:29.801 [AsyncHttpClient-1-1] DEBUG org.asynchttpclient.netty.channel.DefaultChannelPool - Adding Candidate expired Channel [id: 0xd44a9a24, L:/127.0.0.1:53762 - R:localhost/127.0.0.1:53755] isIdleTimeoutExpired=true isRemotelyClosed=false isTtlExpired=false
19:33:29.801 [AsyncHttpClient-1-1] DEBUG org.asynchttpclient.netty.channel.DefaultChannelPool - Closing Idle Channel [id: 0xd44a9a24, L:/127.0.0.1:53762 - R:localhost/127.0.0.1:53755]
19:33:29.803 [AsyncHttpClient-1-1] DEBUG org.asynchttpclient.netty.channel.DefaultChannelPool - Closed 1 connections out of 1 in 2 ms
19:33:29.803 [AsyncHttpClient-1-5] DEBUG org.asynchttpclient.netty.handler.HttpHandler - Channel Closed: [id: 0xd44a9a24, L:/127.0.0.1:53762 ! R:localhost/127.0.0.1:53755] with attribute DISCARD
19:33:37.611 [AsyncHttpClient-1-4] DEBUG org.asynchttpclient.netty.handler.HttpHandler - 

Request DefaultHttpRequest(decodeResult: success, version: HTTP/1.1)
POST /session/74324f77588648d305bc69c7473e9b86/url HTTP/1.1
User-Agent: selenium/4.1.2 (java windows)
Content-Length: 59
Content-Type: application/json; charset=utf-8
host: localhost:50528
accept: */*

Response DefaultHttpResponse(decodeResult: success, version: HTTP/1.1)
HTTP/1.1 200 OK
Content-Type: application/json; charset=utf-8
cache-control: no-cache
content-length: 14

19:33:37.611 [AsyncHttpClient-1-4] DEBUG org.asynchttpclient.netty.channel.ChannelManager - Adding key: http://localhost:50528 for channel [id: 0x92a65af5, L:/127.0.0.1:53754 - R:localhost/127.0.0.1:50528]
19:33:37.613 [Forwarding setTimeout on session 74324f77588648d305bc69c7473e9b86 to remote] DEBUG org.asynchttpclient.netty.request.NettyRequestSender - Using pooled Channel '[id: 0x92a65af5, L:/127.0.0.1:53754 - R:localhost/127.0.0.1:50528]' for 'POST' to 'http://localhost:50528/session/74324f77588648d305bc69c7473e9b86/timeouts'
19:33:37.613 [Forwarding setTimeout on session 74324f77588648d305bc69c7473e9b86 to remote] DEBUG org.asynchttpclient.netty.request.NettyRequestSender - Using open Channel [id: 0x92a65af5, L:/127.0.0.1:53754 - R:localhost/127.0.0.1:50528] for POST '/session/74324f77588648d305bc69c7473e9b86/timeouts'
19:33:37.614 [AsyncHttpClient-1-4] DEBUG org.asynchttpclient.netty.handler.HttpHandler - 

Request DefaultHttpRequest(decodeResult: success, version: HTTP/1.1)
POST /session/74324f77588648d305bc69c7473e9b86/timeouts HTTP/1.1
User-Agent: selenium/4.1.2 (java windows)
Content-Length: 22
Content-Type: application/json; charset=utf-8
host: localhost:50528
accept: */*

Response DefaultHttpResponse(decodeResult: success, version: HTTP/1.1)
HTTP/1.1 200 OK
Content-Type: application/json; charset=utf-8
cache-control: no-cache
content-length: 14

19:33:37.614 [AsyncHttpClient-1-4] DEBUG org.asynchttpclient.netty.channel.ChannelManager - Adding key: http://localhost:50528 for channel [id: 0x92a65af5, L:/127.0.0.1:53754 - R:localhost/127.0.0.1:50528]
19:33:37.617 [Forwarding getCurrentUrl on session 74324f77588648d305bc69c7473e9b86 to remote] DEBUG org.asynchttpclient.netty.request.NettyRequestSender - Using pooled Channel '[id: 0x92a65af5, L:/127.0.0.1:53754 - R:localhost/127.0.0.1:50528]' for 'GET' to 'http://localhost:50528/session/74324f77588648d305bc69c7473e9b86/url'
19:33:37.617 [Forwarding getCurrentUrl on session 74324f77588648d305bc69c7473e9b86 to remote] DEBUG org.asynchttpclient.netty.request.NettyRequestSender - Using open Channel [id: 0x92a65af5, L:/127.0.0.1:53754 - R:localhost/127.0.0.1:50528] for GET '/session/74324f77588648d305bc69c7473e9b86/url'
19:33:37.620 [AsyncHttpClient-1-4] DEBUG org.asynchttpclient.netty.handler.HttpHandler - 

Request DefaultFullHttpRequest(decodeResult: success, version: HTTP/1.1, content: EmptyByteBufBE)
GET /session/74324f77588648d305bc69c7473e9b86/url HTTP/1.1
User-Agent: selenium/4.1.2 (java windows)
Cache-Control: no-cache
Content-Type: application/json; charset=utf-8
host: localhost:50528
accept: */*

Response DefaultHttpResponse(decodeResult: success, version: HTTP/1.1)
HTTP/1.1 200 OK
Content-Type: application/json; charset=utf-8
cache-control: no-cache
content-length: 41

19:33:37.621 [AsyncHttpClient-1-4] DEBUG org.asynchttpclient.netty.channel.ChannelManager - Adding key: http://localhost:50528 for channel [id: 0x92a65af5, L:/127.0.0.1:53754 - R:localhost/127.0.0.1:50528]
  &amp#27;[32mGiven &amp#27;[0m&amp#27;[32mI open the website&amp#27;[0m                                                  &amp#27;[90m# starter.steps.RegistrationStep.iOpenTheWebsite()&amp#27;[0m
19:33:37.632 [Forwarding screenshot on session 74324f77588648d305bc69c7473e9b86 to remote] DEBUG org.asynchttpclient.netty.request.NettyRequestSender - Using pooled Channel '[id: 0x92a65af5, L:/127.0.0.1:53754 - R:localhost/127.0.0.1:50528]' for 'GET' to 'http://localhost:50528/session/74324f77588648d305bc69c7473e9b86/screenshot'
19:33:37.633 [Forwarding screenshot on session 74324f77588648d305bc69c7473e9b86 to remote] DEBUG org.asynchttpclient.netty.request.NettyRequestSender - Using open Channel [id: 0x92a65af5, L:/127.0.0.1:53754 - R:localhost/127.0.0.1:50528] for GET '/session/74324f77588648d305bc69c7473e9b86/screenshot'
19:33:37.935 [AsyncHttpClient-1-4] DEBUG org.asynchttpclient.netty.handler.HttpHandler - 

Request DefaultFullHttpRequest(decodeResult: success, version: HTTP/1.1, content: EmptyByteBufBE)
GET /session/74324f77588648d305bc69c7473e9b86/screenshot HTTP/1.1
User-Agent: selenium/4.1.2 (java windows)
Cache-Control: no-cache
Content-Type: application/json; charset=utf-8
host: localhost:50528
accept: */*

Response DefaultHttpResponse(decodeResult: success, version: HTTP/1.1)
HTTP/1.1 200 OK
Content-Type: application/json; charset=utf-8
cache-control: no-cache
content-length: 69584

19:33:37.935 [AsyncHttpClient-1-4] DEBUG org.asynchttpclient.netty.channel.ChannelManager - Adding key: http://localhost:50528 for channel [id: 0x92a65af5, L:/127.0.0.1:53754 - R:localhost/127.0.0.1:50528]
19:33:37.938 [main] DEBUG net.serenitybdd.core.photography.Darkroom - Send negative for processing for target\site\serenity\5297bd387dc3249e00c2d6656fb13e2699af90824ba878fd382afd24108abb14.png
19:33:37.946 [Forwarding findElement on session 74324f77588648d305bc69c7473e9b86 to remote] DEBUG org.asynchttpclient.netty.request.NettyRequestSender - Using pooled Channel '[id: 0x92a65af5, L:/127.0.0.1:53754 - R:localhost/127.0.0.1:50528]' for 'POST' to 'http://localhost:50528/session/74324f77588648d305bc69c7473e9b86/element'
19:33:37.946 [Forwarding findElement on session 74324f77588648d305bc69c7473e9b86 to remote] DEBUG org.asynchttpclient.netty.request.NettyRequestSender - Using open Channel [id: 0x92a65af5, L:/127.0.0.1:53754 - R:localhost/127.0.0.1:50528] for POST '/session/74324f77588648d305bc69c7473e9b86/element'
19:33:37.955 [AsyncHttpClient-1-4] DEBUG org.asynchttpclient.netty.handler.HttpHandler - 

Request DefaultHttpRequest(decodeResult: success, version: HTTP/1.1)
POST /session/74324f77588648d305bc69c7473e9b86/element HTTP/1.1
User-Agent: selenium/4.1.2 (java windows)
Content-Length: 97
Content-Type: application/json; charset=utf-8
host: localhost:50528
accept: */*

Response DefaultHttpResponse(decodeResult: success, version: HTTP/1.1)
HTTP/1.1 200 OK
Content-Type: application/json; charset=utf-8
cache-control: no-cache
content-length: 88

19:33:37.956 [AsyncHttpClient-1-4] DEBUG org.asynchttpclient.netty.channel.ChannelManager - Adding key: http://localhost:50528 for channel [id: 0x92a65af5, L:/127.0.0.1:53754 - R:localhost/127.0.0.1:50528]
19:33:37.957 [Forwarding getElementTagName on session 74324f77588648d305bc69c7473e9b86 to remote] DEBUG org.asynchttpclient.netty.request.NettyRequestSender - Using pooled Channel '[id: 0x92a65af5, L:/127.0.0.1:53754 - R:localhost/127.0.0.1:50528]' for 'GET' to 'http://localhost:50528/session/74324f77588648d305bc69c7473e9b86/element/4df6df82-acf5-44dc-a45d-8a14704480ed/name'
19:33:37.957 [Forwarding getElementTagName on session 74324f77588648d305bc69c7473e9b86 to remote] DEBUG org.asynchttpclient.netty.request.NettyRequestSender - Using open Channel [id: 0x92a65af5, L:/127.0.0.1:53754 - R:localhost/127.0.0.1:50528] for GET '/session/74324f77588648d305bc69c7473e9b86/element/4df6df82-acf5-44dc-a45d-8a14704480ed/name'
19:33:37.960 [AsyncHttpClient-1-4] DEBUG org.asynchttpclient.netty.handler.HttpHandler - 

Request DefaultFullHttpRequest(decodeResult: success, version: HTTP/1.1, content: EmptyByteBufBE)
GET /session/74324f77588648d305bc69c7473e9b86/element/4df6df82-acf5-44dc-a45d-8a14704480ed/name HTTP/1.1
User-Agent: selenium/4.1.2 (java windows)
Cache-Control: no-cache
Content-Type: application/json; charset=utf-8
host: localhost:50528
accept: */*

Response DefaultHttpResponse(decodeResult: success, version: HTTP/1.1)
HTTP/1.1 200 OK
Content-Type: application/json; charset=utf-8
cache-control: no-cache
content-length: 13

19:33:37.960 [AsyncHttpClient-1-4] DEBUG org.asynchttpclient.netty.channel.ChannelManager - Adding key: http://localhost:50528 for channel [id: 0x92a65af5, L:/127.0.0.1:53754 - R:localhost/127.0.0.1:50528]
19:33:37.961 [Forwarding getElementTagName on session 74324f77588648d305bc69c7473e9b86 to remote] DEBUG org.asynchttpclient.netty.request.NettyRequestSender - Using pooled Channel '[id: 0x92a65af5, L:/127.0.0.1:53754 - R:localhost/127.0.0.1:50528]' for 'GET' to 'http://localhost:50528/session/74324f77588648d305bc69c7473e9b86/element/4df6df82-acf5-44dc-a45d-8a14704480ed/name'
19:33:37.962 [Forwarding getElementTagName on session 74324f77588648d305bc69c7473e9b86 to remote] DEBUG org.asynchttpclient.netty.request.NettyRequestSender - Using open Channel [id: 0x92a65af5, L:/127.0.0.1:53754 - R:localhost/127.0.0.1:50528] for GET '/session/74324f77588648d305bc69c7473e9b86/element/4df6df82-acf5-44dc-a45d-8a14704480ed/name'
19:33:37.964 [AsyncHttpClient-1-4] DEBUG org.asynchttpclient.netty.handler.HttpHandler - 

Request DefaultFullHttpRequest(decodeResult: success, version: HTTP/1.1, content: EmptyByteBufBE)
GET /session/74324f77588648d305bc69c7473e9b86/element/4df6df82-acf5-44dc-a45d-8a14704480ed/name HTTP/1.1
User-Agent: selenium/4.1.2 (java windows)
Cache-Control: no-cache
Content-Type: application/json; charset=utf-8
host: localhost:50528
accept: */*

Response DefaultHttpResponse(decodeResult: success, version: HTTP/1.1)
HTTP/1.1 200 OK
Content-Type: application/json; charset=utf-8
cache-control: no-cache
content-length: 13

19:33:37.965 [AsyncHttpClient-1-4] DEBUG org.asynchttpclient.netty.channel.ChannelManager - Adding key: http://localhost:50528 for channel [id: 0x92a65af5, L:/127.0.0.1:53754 - R:localhost/127.0.0.1:50528]
19:33:37.966 [Forwarding findElement on session 74324f77588648d305bc69c7473e9b86 to remote] DEBUG org.asynchttpclient.netty.request.NettyRequestSender - Using pooled Channel '[id: 0x92a65af5, L:/127.0.0.1:53754 - R:localhost/127.0.0.1:50528]' for 'POST' to 'http://localhost:50528/session/74324f77588648d305bc69c7473e9b86/element'
19:33:37.966 [Forwarding findElement on session 74324f77588648d305bc69c7473e9b86 to remote] DEBUG org.asynchttpclient.netty.request.NettyRequestSender - Using open Channel [id: 0x92a65af5, L:/127.0.0.1:53754 - R:localhost/127.0.0.1:50528] for POST '/session/74324f77588648d305bc69c7473e9b86/element'
19:33:37.970 [AsyncHttpClient-1-4] DEBUG org.asynchttpclient.netty.handler.HttpHandler - 

Request DefaultHttpRequest(decodeResult: success, version: HTTP/1.1)
POST /session/74324f77588648d305bc69c7473e9b86/element HTTP/1.1
User-Agent: selenium/4.1.2 (java windows)
Content-Length: 97
Content-Type: application/json; charset=utf-8
host: localhost:50528
accept: */*

Response DefaultHttpResponse(decodeResult: success, version: HTTP/1.1)
HTTP/1.1 200 OK
Content-Type: application/json; charset=utf-8
cache-control: no-cache
content-length: 88

19:33:37.970 [AsyncHttpClient-1-4] DEBUG org.asynchttpclient.netty.channel.ChannelManager - Adding key: http://localhost:50528 for channel [id: 0x92a65af5, L:/127.0.0.1:53754 - R:localhost/127.0.0.1:50528]
19:33:37.971 [Forwarding clickElement on session 74324f77588648d305bc69c7473e9b86 to remote] DEBUG org.asynchttpclient.netty.request.NettyRequestSender - Using pooled Channel '[id: 0x92a65af5, L:/127.0.0.1:53754 - R:localhost/127.0.0.1:50528]' for 'POST' to 'http://localhost:50528/session/74324f77588648d305bc69c7473e9b86/element/4df6df82-acf5-44dc-a45d-8a14704480ed/click'
19:33:37.971 [Forwarding clickElement on session 74324f77588648d305bc69c7473e9b86 to remote] DEBUG org.asynchttpclient.netty.request.NettyRequestSender - Using open Channel [id: 0x92a65af5, L:/127.0.0.1:53754 - R:localhost/127.0.0.1:50528] for POST '/session/74324f77588648d305bc69c7473e9b86/element/4df6df82-acf5-44dc-a45d-8a14704480ed/click'
19:33:38.001 [AsyncHttpClient-1-4] DEBUG org.asynchttpclient.netty.handler.HttpHandler - 

Request DefaultHttpRequest(decodeResult: success, version: HTTP/1.1)
POST /session/74324f77588648d305bc69c7473e9b86/element/4df6df82-acf5-44dc-a45d-8a14704480ed/click HTTP/1.1
User-Agent: selenium/4.1.2 (java windows)
Content-Length: 50
Content-Type: application/json; charset=utf-8
host: localhost:50528
accept: */*

Response DefaultHttpResponse(decodeResult: success, version: HTTP/1.1)
HTTP/1.1 200 OK
Content-Type: application/json; charset=utf-8
cache-control: no-cache
content-length: 14

19:33:38.001 [AsyncHttpClient-1-4] DEBUG org.asynchttpclient.netty.channel.ChannelManager - Adding key: http://localhost:50528 for channel [id: 0x92a65af5, L:/127.0.0.1:53754 - R:localhost/127.0.0.1:50528]
  &amp#27;[32mAnd &amp#27;[0m&amp#27;[32mI click sign in button&amp#27;[0m                                                &amp#27;[90m# starter.steps.RegistrationStep.iClickSignInButton()&amp#27;[0m
19:33:38.008 [Forwarding screenshot on session 74324f77588648d305bc69c7473e9b86 to remote] DEBUG org.asynchttpclient.netty.request.NettyRequestSender - Using pooled Channel '[id: 0x92a65af5, L:/127.0.0.1:53754 - R:localhost/127.0.0.1:50528]' for 'GET' to 'http://localhost:50528/session/74324f77588648d305bc69c7473e9b86/screenshot'
19:33:38.010 [Forwarding screenshot on session 74324f77588648d305bc69c7473e9b86 to remote] DEBUG org.asynchttpclient.netty.request.NettyRequestSender - Using open Channel [id: 0x92a65af5, L:/127.0.0.1:53754 - R:localhost/127.0.0.1:50528] for GET '/session/74324f77588648d305bc69c7473e9b86/screenshot'
19:33:38.299 [AsyncHttpClient-1-4] DEBUG org.asynchttpclient.netty.handler.HttpHandler - 

Request DefaultFullHttpRequest(decodeResult: success, version: HTTP/1.1, content: EmptyByteBufBE)
GET /session/74324f77588648d305bc69c7473e9b86/screenshot HTTP/1.1
User-Agent: selenium/4.1.2 (java windows)
Cache-Control: no-cache
Content-Type: application/json; charset=utf-8
host: localhost:50528
accept: */*

Response DefaultHttpResponse(decodeResult: success, version: HTTP/1.1)
HTTP/1.1 200 OK
Content-Type: application/json; charset=utf-8
cache-control: no-cache
content-length: 41488

19:33:38.299 [AsyncHttpClient-1-4] DEBUG org.asynchttpclient.netty.channel.ChannelManager - Adding key: http://localhost:50528 for channel [id: 0x92a65af5, L:/127.0.0.1:53754 - R:localhost/127.0.0.1:50528]
19:33:38.300 [main] DEBUG net.serenitybdd.core.photography.Darkroom - Send negative for processing for target\site\serenity\dc1b8ab991a3f01a30095d3d3ab58f3c045934f3ddb5c812015641bbf1d4c7fd.png
19:33:38.300 [Darkroom Processing Line] DEBUG net.serenitybdd.core.photography.DarkroomProcessingLine - Processing screenshot image in /var/screenshots/screenshot-2685318479633166484
19:33:38.301 [Darkroom Processing Line] DEBUG net.serenitybdd.core.photography.DarkroomProcessingLine - Saving screenshot to target\site\serenity\dc1b8ab991a3f01a30095d3d3ab58f3c045934f3ddb5c812015641bbf1d4c7fd.png
19:33:38.313 [Forwarding findElement on session 74324f77588648d305bc69c7473e9b86 to remote] DEBUG org.asynchttpclient.netty.request.NettyRequestSender - Using pooled Channel '[id: 0x92a65af5, L:/127.0.0.1:53754 - R:localhost/127.0.0.1:50528]' for 'POST' to 'http://localhost:50528/session/74324f77588648d305bc69c7473e9b86/element'
19:33:38.313 [Forwarding findElement on session 74324f77588648d305bc69c7473e9b86 to remote] DEBUG org.asynchttpclient.netty.request.NettyRequestSender - Using open Channel [id: 0x92a65af5, L:/127.0.0.1:53754 - R:localhost/127.0.0.1:50528] for POST '/session/74324f77588648d305bc69c7473e9b86/element'
19:33:38.321 [AsyncHttpClient-1-4] DEBUG org.asynchttpclient.netty.handler.HttpHandler - 

Request DefaultHttpRequest(decodeResult: success, version: HTTP/1.1)
POST /session/74324f77588648d305bc69c7473e9b86/element HTTP/1.1
User-Agent: selenium/4.1.2 (java windows)
Content-Length: 87
Content-Type: application/json; charset=utf-8
host: localhost:50528
accept: */*

Response DefaultHttpResponse(decodeResult: success, version: HTTP/1.1)
HTTP/1.1 200 OK
Content-Type: application/json; charset=utf-8
cache-control: no-cache
content-length: 88

19:33:38.321 [AsyncHttpClient-1-4] DEBUG org.asynchttpclient.netty.channel.ChannelManager - Adding key: http://localhost:50528 for channel [id: 0x92a65af5, L:/127.0.0.1:53754 - R:localhost/127.0.0.1:50528]
19:33:38.322 [Forwarding clearElement on session 74324f77588648d305bc69c7473e9b86 to remote] DEBUG org.asynchttpclient.netty.request.NettyRequestSender - Using pooled Channel '[id: 0x92a65af5, L:/127.0.0.1:53754 - R:localhost/127.0.0.1:50528]' for 'POST' to 'http://localhost:50528/session/74324f77588648d305bc69c7473e9b86/element/2836e9d8-e06f-4f90-9b07-4a5f624ec5b3/clear'
19:33:38.322 [Forwarding clearElement on session 74324f77588648d305bc69c7473e9b86 to remote] DEBUG org.asynchttpclient.netty.request.NettyRequestSender - Using open Channel [id: 0x92a65af5, L:/127.0.0.1:53754 - R:localhost/127.0.0.1:50528] for POST '/session/74324f77588648d305bc69c7473e9b86/element/2836e9d8-e06f-4f90-9b07-4a5f624ec5b3/clear'
19:33:38.349 [AsyncHttpClient-1-4] DEBUG org.asynchttpclient.netty.handler.HttpHandler - 

Request DefaultHttpRequest(decodeResult: success, version: HTTP/1.1)
POST /session/74324f77588648d305bc69c7473e9b86/element/2836e9d8-e06f-4f90-9b07-4a5f624ec5b3/clear HTTP/1.1
User-Agent: selenium/4.1.2 (java windows)
Content-Length: 50
Content-Type: application/json; charset=utf-8
host: localhost:50528
accept: */*

Response DefaultHttpResponse(decodeResult: success, version: HTTP/1.1)
HTTP/1.1 200 OK
Content-Type: application/json; charset=utf-8
cache-control: no-cache
content-length: 14

19:33:38.349 [AsyncHttpClient-1-4] DEBUG org.asynchttpclient.netty.channel.ChannelManager - Adding key: http://localhost:50528 for channel [id: 0x92a65af5, L:/127.0.0.1:53754 - R:localhost/127.0.0.1:50528]
19:33:38.350 [Forwarding sendKeysToElement on session 74324f77588648d305bc69c7473e9b86 to remote] DEBUG org.asynchttpclient.netty.request.NettyRequestSender - Using pooled Channel '[id: 0x92a65af5, L:/127.0.0.1:53754 - R:localhost/127.0.0.1:50528]' for 'POST' to 'http://localhost:50528/session/74324f77588648d305bc69c7473e9b86/element/2836e9d8-e06f-4f90-9b07-4a5f624ec5b3/value'
19:33:38.350 [Forwarding sendKeysToElement on session 74324f77588648d305bc69c7473e9b86 to remote] DEBUG org.asynchttpclient.netty.request.NettyRequestSender - Using open Channel [id: 0x92a65af5, L:/127.0.0.1:53754 - R:localhost/127.0.0.1:50528] for POST '/session/74324f77588648d305bc69c7473e9b86/element/2836e9d8-e06f-4f90-9b07-4a5f624ec5b3/value'
19:33:38.472 [AsyncHttpClient-1-4] DEBUG org.asynchttpclient.netty.handler.HttpHandler - 

Request DefaultHttpRequest(decodeResult: success, version: HTTP/1.1)
POST /session/74324f77588648d305bc69c7473e9b86/element/2836e9d8-e06f-4f90-9b07-4a5f624ec5b3/value HTTP/1.1
User-Agent: selenium/4.1.2 (java windows)
Content-Length: 291
Content-Type: application/json; charset=utf-8
host: localhost:50528
accept: */*

Response DefaultHttpResponse(decodeResult: success, version: HTTP/1.1)
HTTP/1.1 200 OK
Content-Type: application/json; charset=utf-8
cache-control: no-cache
content-length: 14

19:33:38.473 [AsyncHttpClient-1-4] DEBUG org.asynchttpclient.netty.channel.ChannelManager - Adding key: http://localhost:50528 for channel [id: 0x92a65af5, L:/127.0.0.1:53754 - R:localhost/127.0.0.1:50528]
19:33:38.481 [Forwarding findElement on session 74324f77588648d305bc69c7473e9b86 to remote] DEBUG org.asynchttpclient.netty.request.NettyRequestSender - Using pooled Channel '[id: 0x92a65af5, L:/127.0.0.1:53754 - R:localhost/127.0.0.1:50528]' for 'POST' to 'http://localhost:50528/session/74324f77588648d305bc69c7473e9b86/element'
19:33:38.481 [Forwarding findElement on session 74324f77588648d305bc69c7473e9b86 to remote] DEBUG org.asynchttpclient.netty.request.NettyRequestSender - Using open Channel [id: 0x92a65af5, L:/127.0.0.1:53754 - R:localhost/127.0.0.1:50528] for POST '/session/74324f77588648d305bc69c7473e9b86/element'
19:33:38.502 [AsyncHttpClient-1-4] DEBUG org.asynchttpclient.netty.handler.HttpHandler - 

Request DefaultHttpRequest(decodeResult: success, version: HTTP/1.1)
POST /session/74324f77588648d305bc69c7473e9b86/element HTTP/1.1
User-Agent: selenium/4.1.2 (java windows)
Content-Length: 89
Content-Type: application/json; charset=utf-8
host: localhost:50528
accept: */*

Response DefaultHttpResponse(decodeResult: success, version: HTTP/1.1)
HTTP/1.1 200 OK
Content-Type: application/json; charset=utf-8
cache-control: no-cache
content-length: 88

19:33:38.502 [AsyncHttpClient-1-4] DEBUG org.asynchttpclient.netty.channel.ChannelManager - Adding key: http://localhost:50528 for channel [id: 0x92a65af5, L:/127.0.0.1:53754 - R:localhost/127.0.0.1:50528]
19:33:38.504 [Forwarding clearElement on session 74324f77588648d305bc69c7473e9b86 to remote] DEBUG org.asynchttpclient.netty.request.NettyRequestSender - Using pooled Channel '[id: 0x92a65af5, L:/127.0.0.1:53754 - R:localhost/127.0.0.1:50528]' for 'POST' to 'http://localhost:50528/session/74324f77588648d305bc69c7473e9b86/element/5cb1c91f-931e-47ad-88fa-b27d7e9771b1/clear'
19:33:38.504 [Forwarding clearElement on session 74324f77588648d305bc69c7473e9b86 to remote] DEBUG org.asynchttpclient.netty.request.NettyRequestSender - Using open Channel [id: 0x92a65af5, L:/127.0.0.1:53754 - R:localhost/127.0.0.1:50528] for POST '/session/74324f77588648d305bc69c7473e9b86/element/5cb1c91f-931e-47ad-88fa-b27d7e9771b1/clear'
19:33:38.535 [AsyncHttpClient-1-4] DEBUG org.asynchttpclient.netty.handler.HttpHandler - 

Request DefaultHttpRequest(decodeResult: success, version: HTTP/1.1)
POST /session/74324f77588648d305bc69c7473e9b86/element/5cb1c91f-931e-47ad-88fa-b27d7e9771b1/clear HTTP/1.1
User-Agent: selenium/4.1.2 (java windows)
Content-Length: 50
Content-Type: application/json; charset=utf-8
host: localhost:50528
accept: */*

Response DefaultHttpResponse(decodeResult: success, version: HTTP/1.1)
HTTP/1.1 200 OK
Content-Type: application/json; charset=utf-8
cache-control: no-cache
content-length: 14

19:33:38.535 [AsyncHttpClient-1-4] DEBUG org.asynchttpclient.netty.channel.ChannelManager - Adding key: http://localhost:50528 for channel [id: 0x92a65af5, L:/127.0.0.1:53754 - R:localhost/127.0.0.1:50528]
19:33:38.537 [Forwarding sendKeysToElement on session 74324f77588648d305bc69c7473e9b86 to remote] DEBUG org.asynchttpclient.netty.request.NettyRequestSender - Using pooled Channel '[id: 0x92a65af5, L:/127.0.0.1:53754 - R:localhost/127.0.0.1:50528]' for 'POST' to 'http://localhost:50528/session/74324f77588648d305bc69c7473e9b86/element/5cb1c91f-931e-47ad-88fa-b27d7e9771b1/value'
19:33:38.538 [Forwarding sendKeysToElement on session 74324f77588648d305bc69c7473e9b86 to remote] DEBUG org.asynchttpclient.netty.request.NettyRequestSender - Using open Channel [id: 0x92a65af5, L:/127.0.0.1:53754 - R:localhost/127.0.0.1:50528] for POST '/session/74324f77588648d305bc69c7473e9b86/element/5cb1c91f-931e-47ad-88fa-b27d7e9771b1/value'
19:33:38.635 [AsyncHttpClient-1-4] DEBUG org.asynchttpclient.netty.handler.HttpHandler - 

Request DefaultHttpRequest(decodeResult: success, version: HTTP/1.1)
POST /session/74324f77588648d305bc69c7473e9b86/element/5cb1c91f-931e-47ad-88fa-b27d7e9771b1/value HTTP/1.1
User-Agent: selenium/4.1.2 (java windows)
Content-Length: 181
Content-Type: application/json; charset=utf-8
host: localhost:50528
accept: */*

Response DefaultHttpResponse(decodeResult: success, version: HTTP/1.1)
HTTP/1.1 200 OK
Content-Type: application/json; charset=utf-8
cache-control: no-cache
content-length: 14

19:33:38.635 [AsyncHttpClient-1-4] DEBUG org.asynchttpclient.netty.channel.ChannelManager - Adding key: http://localhost:50528 for channel [id: 0x92a65af5, L:/127.0.0.1:53754 - R:localhost/127.0.0.1:50528]
  &amp#27;[32mAnd &amp#27;[0m&amp#27;[32mI input &amp#27;[0m&amp#27;[32m&amp#27;[1m"maylananggi@gmail.com"&amp#27;[0m&amp#27;[32m email and &amp#27;[0m&amp#27;[32m&amp#27;[1m"maylanqe22"&amp#27;[0m&amp#27;[32m password valid&amp#27;[0m &amp#27;[90m# starter.steps.DetailStep.iInputEmailAndPasswordValid(java.lang.String,java.lang.String)&amp#27;[0m
19:33:38.639 [Forwarding screenshot on session 74324f77588648d305bc69c7473e9b86 to remote] DEBUG org.asynchttpclient.netty.request.NettyRequestSender - Using pooled Channel '[id: 0x92a65af5, L:/127.0.0.1:53754 - R:localhost/127.0.0.1:50528]' for 'GET' to 'http://localhost:50528/session/74324f77588648d305bc69c7473e9b86/screenshot'
19:33:38.639 [Forwarding screenshot on session 74324f77588648d305bc69c7473e9b86 to remote] DEBUG org.asynchttpclient.netty.request.NettyRequestSender - Using open Channel [id: 0x92a65af5, L:/127.0.0.1:53754 - R:localhost/127.0.0.1:50528] for GET '/session/74324f77588648d305bc69c7473e9b86/screenshot'
19:33:38.807 [AsyncHttpClient-1-4] DEBUG org.asynchttpclient.netty.handler.HttpHandler - 

Request DefaultFullHttpRequest(decodeResult: success, version: HTTP/1.1, content: EmptyByteBufBE)
GET /session/74324f77588648d305bc69c7473e9b86/screenshot HTTP/1.1
User-Agent: selenium/4.1.2 (java windows)
Cache-Control: no-cache
Content-Type: application/json; charset=utf-8
host: localhost:50528
accept: */*

Response DefaultHttpResponse(decodeResult: success, version: HTTP/1.1)
HTTP/1.1 200 OK
Content-Type: application/json; charset=utf-8
cache-control: no-cache
content-length: 51668

19:33:38.808 [AsyncHttpClient-1-4] DEBUG org.asynchttpclient.netty.channel.ChannelManager - Adding key: http://localhost:50528 for channel [id: 0x92a65af5, L:/127.0.0.1:53754 - R:localhost/127.0.0.1:50528]
19:33:38.809 [main] DEBUG net.serenitybdd.core.photography.Darkroom - Send negative for processing for target\site\serenity\8f3e7a4f8b8ccc8fcfe6f662dade222156d1947cb3ac71e82c74278cacd37c10.png
19:33:38.810 [Darkroom Processing Line] DEBUG net.serenitybdd.core.photography.DarkroomProcessingLine - Processing screenshot image in /var/screenshots/screenshot-3040176954373365104
19:33:38.810 [Darkroom Processing Line] DEBUG net.serenitybdd.core.photography.DarkroomProcessingLine - Saving screenshot to target\site\serenity\8f3e7a4f8b8ccc8fcfe6f662dade222156d1947cb3ac71e82c74278cacd37c10.png
19:33:38.817 [Forwarding findElement on session 74324f77588648d305bc69c7473e9b86 to remote] DEBUG org.asynchttpclient.netty.request.NettyRequestSender - Using pooled Channel '[id: 0x92a65af5, L:/127.0.0.1:53754 - R:localhost/127.0.0.1:50528]' for 'POST' to 'http://localhost:50528/session/74324f77588648d305bc69c7473e9b86/element'
19:33:38.817 [Forwarding findElement on session 74324f77588648d305bc69c7473e9b86 to remote] DEBUG org.asynchttpclient.netty.request.NettyRequestSender - Using open Channel [id: 0x92a65af5, L:/127.0.0.1:53754 - R:localhost/127.0.0.1:50528] for POST '/session/74324f77588648d305bc69c7473e9b86/element'
19:33:38.824 [AsyncHttpClient-1-4] DEBUG org.asynchttpclient.netty.handler.HttpHandler - 

Request DefaultHttpRequest(decodeResult: success, version: HTTP/1.1)
POST /session/74324f77588648d305bc69c7473e9b86/element HTTP/1.1
User-Agent: selenium/4.1.2 (java windows)
Content-Length: 141
Content-Type: application/json; charset=utf-8
host: localhost:50528
accept: */*

Response DefaultHttpResponse(decodeResult: success, version: HTTP/1.1)
HTTP/1.1 200 OK
Content-Type: application/json; charset=utf-8
cache-control: no-cache
content-length: 88

19:33:38.825 [AsyncHttpClient-1-4] DEBUG org.asynchttpclient.netty.channel.ChannelManager - Adding key: http://localhost:50528 for channel [id: 0x92a65af5, L:/127.0.0.1:53754 - R:localhost/127.0.0.1:50528]
19:33:38.825 [Forwarding getElementTagName on session 74324f77588648d305bc69c7473e9b86 to remote] DEBUG org.asynchttpclient.netty.request.NettyRequestSender - Using pooled Channel '[id: 0x92a65af5, L:/127.0.0.1:53754 - R:localhost/127.0.0.1:50528]' for 'GET' to 'http://localhost:50528/session/74324f77588648d305bc69c7473e9b86/element/e0cd901a-4629-4180-a2c3-60a318c04ad2/name'
19:33:38.825 [Forwarding getElementTagName on session 74324f77588648d305bc69c7473e9b86 to remote] DEBUG org.asynchttpclient.netty.request.NettyRequestSender - Using open Channel [id: 0x92a65af5, L:/127.0.0.1:53754 - R:localhost/127.0.0.1:50528] for GET '/session/74324f77588648d305bc69c7473e9b86/element/e0cd901a-4629-4180-a2c3-60a318c04ad2/name'
19:33:38.831 [AsyncHttpClient-1-4] DEBUG org.asynchttpclient.netty.handler.HttpHandler - 

Request DefaultFullHttpRequest(decodeResult: success, version: HTTP/1.1, content: EmptyByteBufBE)
GET /session/74324f77588648d305bc69c7473e9b86/element/e0cd901a-4629-4180-a2c3-60a318c04ad2/name HTTP/1.1
User-Agent: selenium/4.1.2 (java windows)
Cache-Control: no-cache
Content-Type: application/json; charset=utf-8
host: localhost:50528
accept: */*

Response DefaultHttpResponse(decodeResult: success, version: HTTP/1.1)
HTTP/1.1 200 OK
Content-Type: application/json; charset=utf-8
cache-control: no-cache
content-length: 18

19:33:38.833 [AsyncHttpClient-1-4] DEBUG org.asynchttpclient.netty.channel.ChannelManager - Adding key: http://localhost:50528 for channel [id: 0x92a65af5, L:/127.0.0.1:53754 - R:localhost/127.0.0.1:50528]
19:33:38.834 [Forwarding getElementTagName on session 74324f77588648d305bc69c7473e9b86 to remote] DEBUG org.asynchttpclient.netty.request.NettyRequestSender - Using pooled Channel '[id: 0x92a65af5, L:/127.0.0.1:53754 - R:localhost/127.0.0.1:50528]' for 'GET' to 'http://localhost:50528/session/74324f77588648d305bc69c7473e9b86/element/e0cd901a-4629-4180-a2c3-60a318c04ad2/name'
19:33:38.834 [Forwarding getElementTagName on session 74324f77588648d305bc69c7473e9b86 to remote] DEBUG org.asynchttpclient.netty.request.NettyRequestSender - Using open Channel [id: 0x92a65af5, L:/127.0.0.1:53754 - R:localhost/127.0.0.1:50528] for GET '/session/74324f77588648d305bc69c7473e9b86/element/e0cd901a-4629-4180-a2c3-60a318c04ad2/name'
19:33:38.837 [AsyncHttpClient-1-4] DEBUG org.asynchttpclient.netty.handler.HttpHandler - 

Request DefaultFullHttpRequest(decodeResult: success, version: HTTP/1.1, content: EmptyByteBufBE)
GET /session/74324f77588648d305bc69c7473e9b86/element/e0cd901a-4629-4180-a2c3-60a318c04ad2/name HTTP/1.1
User-Agent: selenium/4.1.2 (java windows)
Cache-Control: no-cache
Content-Type: application/json; charset=utf-8
host: localhost:50528
accept: */*

Response DefaultHttpResponse(decodeResult: success, version: HTTP/1.1)
HTTP/1.1 200 OK
Content-Type: application/json; charset=utf-8
cache-control: no-cache
content-length: 18

19:33:38.837 [AsyncHttpClient-1-4] DEBUG org.asynchttpclient.netty.channel.ChannelManager - Adding key: http://localhost:50528 for channel [id: 0x92a65af5, L:/127.0.0.1:53754 - R:localhost/127.0.0.1:50528]
19:33:38.840 [Forwarding isElementEnabled on session 74324f77588648d305bc69c7473e9b86 to remote] DEBUG org.asynchttpclient.netty.request.NettyRequestSender - Using pooled Channel '[id: 0x92a65af5, L:/127.0.0.1:53754 - R:localhost/127.0.0.1:50528]' for 'GET' to 'http://localhost:50528/session/74324f77588648d305bc69c7473e9b86/element/e0cd901a-4629-4180-a2c3-60a318c04ad2/enabled'
19:33:38.840 [Forwarding isElementEnabled on session 74324f77588648d305bc69c7473e9b86 to remote] DEBUG org.asynchttpclient.netty.request.NettyRequestSender - Using open Channel [id: 0x92a65af5, L:/127.0.0.1:53754 - R:localhost/127.0.0.1:50528] for GET '/session/74324f77588648d305bc69c7473e9b86/element/e0cd901a-4629-4180-a2c3-60a318c04ad2/enabled'
19:33:38.848 [AsyncHttpClient-1-4] DEBUG org.asynchttpclient.netty.handler.HttpHandler - 

Request DefaultFullHttpRequest(decodeResult: success, version: HTTP/1.1, content: EmptyByteBufBE)
GET /session/74324f77588648d305bc69c7473e9b86/element/e0cd901a-4629-4180-a2c3-60a318c04ad2/enabled HTTP/1.1
User-Agent: selenium/4.1.2 (java windows)
Cache-Control: no-cache
Content-Type: application/json; charset=utf-8
host: localhost:50528
accept: */*

Response DefaultHttpResponse(decodeResult: success, version: HTTP/1.1)
HTTP/1.1 200 OK
Content-Type: application/json; charset=utf-8
cache-control: no-cache
content-length: 14

19:33:38.848 [AsyncHttpClient-1-4] DEBUG org.asynchttpclient.netty.channel.ChannelManager - Adding key: http://localhost:50528 for channel [id: 0x92a65af5, L:/127.0.0.1:53754 - R:localhost/127.0.0.1:50528]
19:33:38.849 [Forwarding isElementEnabled on session 74324f77588648d305bc69c7473e9b86 to remote] DEBUG org.asynchttpclient.netty.request.NettyRequestSender - Using pooled Channel '[id: 0x92a65af5, L:/127.0.0.1:53754 - R:localhost/127.0.0.1:50528]' for 'GET' to 'http://localhost:50528/session/74324f77588648d305bc69c7473e9b86/element/e0cd901a-4629-4180-a2c3-60a318c04ad2/enabled'
19:33:38.849 [Forwarding isElementEnabled on session 74324f77588648d305bc69c7473e9b86 to remote] DEBUG org.asynchttpclient.netty.request.NettyRequestSender - Using open Channel [id: 0x92a65af5, L:/127.0.0.1:53754 - R:localhost/127.0.0.1:50528] for GET '/session/74324f77588648d305bc69c7473e9b86/element/e0cd901a-4629-4180-a2c3-60a318c04ad2/enabled'
19:33:38.853 [AsyncHttpClient-1-4] DEBUG org.asynchttpclient.netty.handler.HttpHandler - 

Request DefaultFullHttpRequest(decodeResult: success, version: HTTP/1.1, content: EmptyByteBufBE)
GET /session/74324f77588648d305bc69c7473e9b86/element/e0cd901a-4629-4180-a2c3-60a318c04ad2/enabled HTTP/1.1
User-Agent: selenium/4.1.2 (java windows)
Cache-Control: no-cache
Content-Type: application/json; charset=utf-8
host: localhost:50528
accept: */*

Response DefaultHttpResponse(decodeResult: success, version: HTTP/1.1)
HTTP/1.1 200 OK
Content-Type: application/json; charset=utf-8
cache-control: no-cache
content-length: 14

19:33:38.853 [AsyncHttpClient-1-4] DEBUG org.asynchttpclient.netty.channel.ChannelManager - Adding key: http://localhost:50528 for channel [id: 0x92a65af5, L:/127.0.0.1:53754 - R:localhost/127.0.0.1:50528]
19:33:38.854 [Forwarding findElement on session 74324f77588648d305bc69c7473e9b86 to remote] DEBUG org.asynchttpclient.netty.request.NettyRequestSender - Using pooled Channel '[id: 0x92a65af5, L:/127.0.0.1:53754 - R:localhost/127.0.0.1:50528]' for 'POST' to 'http://localhost:50528/session/74324f77588648d305bc69c7473e9b86/element'
19:33:38.854 [Forwarding findElement on session 74324f77588648d305bc69c7473e9b86 to remote] DEBUG org.asynchttpclient.netty.request.NettyRequestSender - Using open Channel [id: 0x92a65af5, L:/127.0.0.1:53754 - R:localhost/127.0.0.1:50528] for POST '/session/74324f77588648d305bc69c7473e9b86/element'
19:33:38.859 [AsyncHttpClient-1-4] DEBUG org.asynchttpclient.netty.handler.HttpHandler - 

Request DefaultHttpRequest(decodeResult: success, version: HTTP/1.1)
POST /session/74324f77588648d305bc69c7473e9b86/element HTTP/1.1
User-Agent: selenium/4.1.2 (java windows)
Content-Length: 141
Content-Type: application/json; charset=utf-8
host: localhost:50528
accept: */*

Response DefaultHttpResponse(decodeResult: success, version: HTTP/1.1)
HTTP/1.1 200 OK
Content-Type: application/json; charset=utf-8
cache-control: no-cache
content-length: 88

19:33:38.859 [AsyncHttpClient-1-4] DEBUG org.asynchttpclient.netty.channel.ChannelManager - Adding key: http://localhost:50528 for channel [id: 0x92a65af5, L:/127.0.0.1:53754 - R:localhost/127.0.0.1:50528]
19:33:38.860 [Forwarding clickElement on session 74324f77588648d305bc69c7473e9b86 to remote] DEBUG org.asynchttpclient.netty.request.NettyRequestSender - Using pooled Channel '[id: 0x92a65af5, L:/127.0.0.1:53754 - R:localhost/127.0.0.1:50528]' for 'POST' to 'http://localhost:50528/session/74324f77588648d305bc69c7473e9b86/element/e0cd901a-4629-4180-a2c3-60a318c04ad2/click'
19:33:38.860 [Forwarding clickElement on session 74324f77588648d305bc69c7473e9b86 to remote] DEBUG org.asynchttpclient.netty.request.NettyRequestSender - Using open Channel [id: 0x92a65af5, L:/127.0.0.1:53754 - R:localhost/127.0.0.1:50528] for POST '/session/74324f77588648d305bc69c7473e9b86/element/e0cd901a-4629-4180-a2c3-60a318c04ad2/click'
19:33:38.917 [AsyncHttpClient-1-4] DEBUG org.asynchttpclient.netty.handler.HttpHandler - 

Request DefaultHttpRequest(decodeResult: success, version: HTTP/1.1)
POST /session/74324f77588648d305bc69c7473e9b86/element/e0cd901a-4629-4180-a2c3-60a318c04ad2/click HTTP/1.1
User-Agent: selenium/4.1.2 (java windows)
Content-Length: 50
Content-Type: application/json; charset=utf-8
host: localhost:50528
accept: */*

Response DefaultHttpResponse(decodeResult: success, version: HTTP/1.1)
HTTP/1.1 200 OK
Content-Type: application/json; charset=utf-8
cache-control: no-cache
content-length: 14

19:33:38.918 [AsyncHttpClient-1-4] DEBUG org.asynchttpclient.netty.channel.ChannelManager - Adding key: http://localhost:50528 for channel [id: 0x92a65af5, L:/127.0.0.1:53754 - R:localhost/127.0.0.1:50528]
  &amp#27;[32mAnd &amp#27;[0m&amp#27;[32mclick login button&amp#27;[0m                                                    &amp#27;[90m# starter.steps.DetailStep.clickLoginButton()&amp#27;[0m
19:33:38.922 [Forwarding screenshot on session 74324f77588648d305bc69c7473e9b86 to remote] DEBUG org.asynchttpclient.netty.request.NettyRequestSender - Using pooled Channel '[id: 0x92a65af5, L:/127.0.0.1:53754 - R:localhost/127.0.0.1:50528]' for 'GET' to 'http://localhost:50528/session/74324f77588648d305bc69c7473e9b86/screenshot'
19:33:38.922 [Forwarding screenshot on session 74324f77588648d305bc69c7473e9b86 to remote] DEBUG org.asynchttpclient.netty.request.NettyRequestSender - Using open Channel [id: 0x92a65af5, L:/127.0.0.1:53754 - R:localhost/127.0.0.1:50528] for GET '/session/74324f77588648d305bc69c7473e9b86/screenshot'
19:33:39.119 [AsyncHttpClient-1-4] DEBUG org.asynchttpclient.netty.handler.HttpHandler - 

Request DefaultFullHttpRequest(decodeResult: success, version: HTTP/1.1, content: EmptyByteBufBE)
GET /session/74324f77588648d305bc69c7473e9b86/screenshot HTTP/1.1
User-Agent: selenium/4.1.2 (java windows)
Cache-Control: no-cache
Content-Type: application/json; charset=utf-8
host: localhost:50528
accept: */*

Response DefaultHttpResponse(decodeResult: success, version: HTTP/1.1)
HTTP/1.1 200 OK
Content-Type: application/json; charset=utf-8
cache-control: no-cache
content-length: 50820

19:33:39.121 [AsyncHttpClient-1-4] DEBUG org.asynchttpclient.netty.channel.ChannelManager - Adding key: http://localhost:50528 for channel [id: 0x92a65af5, L:/127.0.0.1:53754 - R:localhost/127.0.0.1:50528]
19:33:39.121 [main] DEBUG net.serenitybdd.core.photography.Darkroom - Send negative for processing for target\site\serenity\d7f3fd5453bc6026f21e1e3c3bab91b314b557c5b93b3449ad7b9594b8e0b4fa.png
19:33:39.122 [Darkroom Processing Line] DEBUG net.serenitybdd.core.photography.DarkroomProcessingLine - Processing screenshot image in /var/screenshots/screenshot-2398168677743495801
19:33:39.122 [Darkroom Processing Line] DEBUG net.serenitybdd.core.photography.DarkroomProcessingLine - Saving screenshot to target\site\serenity\d7f3fd5453bc6026f21e1e3c3bab91b314b557c5b93b3449ad7b9594b8e0b4fa.png
19:33:39.127 [Forwarding findElement on session 74324f77588648d305bc69c7473e9b86 to remote] DEBUG org.asynchttpclient.netty.request.NettyRequestSender - Using pooled Channel '[id: 0x92a65af5, L:/127.0.0.1:53754 - R:localhost/127.0.0.1:50528]' for 'POST' to 'http://localhost:50528/session/74324f77588648d305bc69c7473e9b86/element'
19:33:39.127 [Forwarding findElement on session 74324f77588648d305bc69c7473e9b86 to remote] DEBUG org.asynchttpclient.netty.request.NettyRequestSender - Using open Channel [id: 0x92a65af5, L:/127.0.0.1:53754 - R:localhost/127.0.0.1:50528] for POST '/session/74324f77588648d305bc69c7473e9b86/element'
19:33:40.429 [AsyncHttpClient-1-4] DEBUG org.asynchttpclient.netty.handler.HttpHandler - 

Request DefaultHttpRequest(decodeResult: success, version: HTTP/1.1)
POST /session/74324f77588648d305bc69c7473e9b86/element HTTP/1.1
User-Agent: selenium/4.1.2 (java windows)
Content-Length: 71
Content-Type: application/json; charset=utf-8
host: localhost:50528
accept: */*

Response DefaultHttpResponse(decodeResult: success, version: HTTP/1.1)
HTTP/1.1 200 OK
Content-Type: application/json; charset=utf-8
cache-control: no-cache
content-length: 88

19:33:40.429 [AsyncHttpClient-1-4] DEBUG org.asynchttpclient.netty.channel.ChannelManager - Adding key: http://localhost:50528 for channel [id: 0x92a65af5, L:/127.0.0.1:53754 - R:localhost/127.0.0.1:50528]
19:33:40.443 [Forwarding isElementDisplayed on session 74324f77588648d305bc69c7473e9b86 to remote] DEBUG org.asynchttpclient.netty.request.NettyRequestSender - Using pooled Channel '[id: 0x92a65af5, L:/127.0.0.1:53754 - R:localhost/127.0.0.1:50528]' for 'POST' to 'http://localhost:50528/session/74324f77588648d305bc69c7473e9b86/execute/sync'
19:33:40.443 [Forwarding isElementDisplayed on session 74324f77588648d305bc69c7473e9b86 to remote] DEBUG org.asynchttpclient.netty.request.NettyRequestSender - Using open Channel [id: 0x92a65af5, L:/127.0.0.1:53754 - R:localhost/127.0.0.1:50528] for POST '/session/74324f77588648d305bc69c7473e9b86/execute/sync'
19:33:40.556 [AsyncHttpClient-1-4] DEBUG org.asynchttpclient.netty.handler.HttpHandler - 

Request DefaultHttpRequest(decodeResult: success, version: HTTP/1.1)
POST /session/74324f77588648d305bc69c7473e9b86/execute/sync HTTP/1.1
User-Agent: selenium/4.1.2 (java windows)
Content-Length: 48780
Content-Type: application/json; charset=utf-8
host: localhost:50528
accept: */*

Response DefaultHttpResponse(decodeResult: success, version: HTTP/1.1)
HTTP/1.1 200 OK
Content-Type: application/json; charset=utf-8
cache-control: no-cache
content-length: 14

19:33:40.556 [AsyncHttpClient-1-4] DEBUG org.asynchttpclient.netty.channel.ChannelManager - Adding key: http://localhost:50528 for channel [id: 0x92a65af5, L:/127.0.0.1:53754 - R:localhost/127.0.0.1:50528]
  &amp#27;[32mAnd &amp#27;[0m&amp#27;[32mI can login &amp#27;[0m&amp#27;[32m&amp#27;[1m"can login"&amp#27;[0m                                               &amp#27;[90m# starter.steps.DetailStep.iCanLogin(java.lang.String)&amp#27;[0m
19:33:40.560 [Forwarding screenshot on session 74324f77588648d305bc69c7473e9b86 to remote] DEBUG org.asynchttpclient.netty.request.NettyRequestSender - Using pooled Channel '[id: 0x92a65af5, L:/127.0.0.1:53754 - R:localhost/127.0.0.1:50528]' for 'GET' to 'http://localhost:50528/session/74324f77588648d305bc69c7473e9b86/screenshot'
19:33:40.560 [Forwarding screenshot on session 74324f77588648d305bc69c7473e9b86 to remote] DEBUG org.asynchttpclient.netty.request.NettyRequestSender - Using open Channel [id: 0x92a65af5, L:/127.0.0.1:53754 - R:localhost/127.0.0.1:50528] for GET '/session/74324f77588648d305bc69c7473e9b86/screenshot'
19:33:40.719 [AsyncHttpClient-1-4] DEBUG org.asynchttpclient.netty.handler.HttpHandler - 

Request DefaultFullHttpRequest(decodeResult: success, version: HTTP/1.1, content: EmptyByteBufBE)
GET /session/74324f77588648d305bc69c7473e9b86/screenshot HTTP/1.1
User-Agent: selenium/4.1.2 (java windows)
Cache-Control: no-cache
Content-Type: application/json; charset=utf-8
host: localhost:50528
accept: */*

Response DefaultHttpResponse(decodeResult: success, version: HTTP/1.1)
HTTP/1.1 200 OK
Content-Type: application/json; charset=utf-8
cache-control: no-cache
content-length: 33068

19:33:40.719 [AsyncHttpClient-1-4] DEBUG org.asynchttpclient.netty.channel.ChannelManager - Adding key: http://localhost:50528 for channel [id: 0x92a65af5, L:/127.0.0.1:53754 - R:localhost/127.0.0.1:50528]
19:33:40.721 [main] DEBUG net.serenitybdd.core.photography.Darkroom - Send negative for processing for target\site\serenity\3200c6e19651557288801c9746903f5b7398b75ba38bcc1eb946cf84ba526212.png
19:33:40.723 [Darkroom Processing Line] DEBUG net.serenitybdd.core.photography.DarkroomProcessingLine - Processing screenshot image in /var/screenshots/screenshot-17005053150702254743
19:33:40.723 [Darkroom Processing Line] DEBUG net.serenitybdd.core.photography.DarkroomProcessingLine - Saving screenshot to target\site\serenity\3200c6e19651557288801c9746903f5b7398b75ba38bcc1eb946cf84ba526212.png
19:33:40.738 [Forwarding findElement on session 74324f77588648d305bc69c7473e9b86 to remote] DEBUG org.asynchttpclient.netty.request.NettyRequestSender - Using pooled Channel '[id: 0x92a65af5, L:/127.0.0.1:53754 - R:localhost/127.0.0.1:50528]' for 'POST' to 'http://localhost:50528/session/74324f77588648d305bc69c7473e9b86/element'
19:33:40.738 [Forwarding findElement on session 74324f77588648d305bc69c7473e9b86 to remote] DEBUG org.asynchttpclient.netty.request.NettyRequestSender - Using open Channel [id: 0x92a65af5, L:/127.0.0.1:53754 - R:localhost/127.0.0.1:50528] for POST '/session/74324f77588648d305bc69c7473e9b86/element'
19:33:42.291 [AsyncHttpClient-1-4] DEBUG org.asynchttpclient.netty.handler.HttpHandler - 

Request DefaultHttpRequest(decodeResult: success, version: HTTP/1.1)
POST /session/74324f77588648d305bc69c7473e9b86/element HTTP/1.1
User-Agent: selenium/4.1.2 (java windows)
Content-Length: 120
Content-Type: application/json; charset=utf-8
host: localhost:50528
accept: */*

Response DefaultHttpResponse(decodeResult: success, version: HTTP/1.1)
HTTP/1.1 200 OK
Content-Type: application/json; charset=utf-8
cache-control: no-cache
content-length: 88

19:33:42.291 [AsyncHttpClient-1-4] DEBUG org.asynchttpclient.netty.channel.ChannelManager - Adding key: http://localhost:50528 for channel [id: 0x92a65af5, L:/127.0.0.1:53754 - R:localhost/127.0.0.1:50528]
19:33:42.294 [Forwarding getElementTagName on session 74324f77588648d305bc69c7473e9b86 to remote] DEBUG org.asynchttpclient.netty.request.NettyRequestSender - Using pooled Channel '[id: 0x92a65af5, L:/127.0.0.1:53754 - R:localhost/127.0.0.1:50528]' for 'GET' to 'http://localhost:50528/session/74324f77588648d305bc69c7473e9b86/element/c5e2258a-c9bd-4159-bade-99e074e1d37d/name'
19:33:42.294 [Forwarding getElementTagName on session 74324f77588648d305bc69c7473e9b86 to remote] DEBUG org.asynchttpclient.netty.request.NettyRequestSender - Using open Channel [id: 0x92a65af5, L:/127.0.0.1:53754 - R:localhost/127.0.0.1:50528] for GET '/session/74324f77588648d305bc69c7473e9b86/element/c5e2258a-c9bd-4159-bade-99e074e1d37d/name'
19:33:42.296 [AsyncHttpClient-1-4] DEBUG org.asynchttpclient.netty.handler.HttpHandler - 

Request DefaultFullHttpRequest(decodeResult: success, version: HTTP/1.1, content: EmptyByteBufBE)
GET /session/74324f77588648d305bc69c7473e9b86/element/c5e2258a-c9bd-4159-bade-99e074e1d37d/name HTTP/1.1
User-Agent: selenium/4.1.2 (java windows)
Cache-Control: no-cache
Content-Type: application/json; charset=utf-8
host: localhost:50528
accept: */*

Response DefaultHttpResponse(decodeResult: success, version: HTTP/1.1)
HTTP/1.1 200 OK
Content-Type: application/json; charset=utf-8
cache-control: no-cache
content-length: 16

19:33:42.296 [AsyncHttpClient-1-4] DEBUG org.asynchttpclient.netty.channel.ChannelManager - Adding key: http://localhost:50528 for channel [id: 0x92a65af5, L:/127.0.0.1:53754 - R:localhost/127.0.0.1:50528]
19:33:42.298 [Forwarding getElementTagName on session 74324f77588648d305bc69c7473e9b86 to remote] DEBUG org.asynchttpclient.netty.request.NettyRequestSender - Using pooled Channel '[id: 0x92a65af5, L:/127.0.0.1:53754 - R:localhost/127.0.0.1:50528]' for 'GET' to 'http://localhost:50528/session/74324f77588648d305bc69c7473e9b86/element/c5e2258a-c9bd-4159-bade-99e074e1d37d/name'
19:33:42.298 [Forwarding getElementTagName on session 74324f77588648d305bc69c7473e9b86 to remote] DEBUG org.asynchttpclient.netty.request.NettyRequestSender - Using open Channel [id: 0x92a65af5, L:/127.0.0.1:53754 - R:localhost/127.0.0.1:50528] for GET '/session/74324f77588648d305bc69c7473e9b86/element/c5e2258a-c9bd-4159-bade-99e074e1d37d/name'
19:33:42.303 [AsyncHttpClient-1-4] DEBUG org.asynchttpclient.netty.handler.HttpHandler - 

Request DefaultFullHttpRequest(decodeResult: success, version: HTTP/1.1, content: EmptyByteBufBE)
GET /session/74324f77588648d305bc69c7473e9b86/element/c5e2258a-c9bd-4159-bade-99e074e1d37d/name HTTP/1.1
User-Agent: selenium/4.1.2 (java windows)
Cache-Control: no-cache
Content-Type: application/json; charset=utf-8
host: localhost:50528
accept: */*

Response DefaultHttpResponse(decodeResult: success, version: HTTP/1.1)
HTTP/1.1 200 OK
Content-Type: application/json; charset=utf-8
cache-control: no-cache
content-length: 16

19:33:42.303 [AsyncHttpClient-1-4] DEBUG org.asynchttpclient.netty.channel.ChannelManager - Adding key: http://localhost:50528 for channel [id: 0x92a65af5, L:/127.0.0.1:53754 - R:localhost/127.0.0.1:50528]
19:33:42.306 [Forwarding findElement on session 74324f77588648d305bc69c7473e9b86 to remote] DEBUG org.asynchttpclient.netty.request.NettyRequestSender - Using pooled Channel '[id: 0x92a65af5, L:/127.0.0.1:53754 - R:localhost/127.0.0.1:50528]' for 'POST' to 'http://localhost:50528/session/74324f77588648d305bc69c7473e9b86/element'
19:33:42.306 [Forwarding findElement on session 74324f77588648d305bc69c7473e9b86 to remote] DEBUG org.asynchttpclient.netty.request.NettyRequestSender - Using open Channel [id: 0x92a65af5, L:/127.0.0.1:53754 - R:localhost/127.0.0.1:50528] for POST '/session/74324f77588648d305bc69c7473e9b86/element'
19:33:42.310 [AsyncHttpClient-1-4] DEBUG org.asynchttpclient.netty.handler.HttpHandler - 

Request DefaultHttpRequest(decodeResult: success, version: HTTP/1.1)
POST /session/74324f77588648d305bc69c7473e9b86/element HTTP/1.1
User-Agent: selenium/4.1.2 (java windows)
Content-Length: 120
Content-Type: application/json; charset=utf-8
host: localhost:50528
accept: */*

Response DefaultHttpResponse(decodeResult: success, version: HTTP/1.1)
HTTP/1.1 200 OK
Content-Type: application/json; charset=utf-8
cache-control: no-cache
content-length: 88

19:33:42.310 [AsyncHttpClient-1-4] DEBUG org.asynchttpclient.netty.channel.ChannelManager - Adding key: http://localhost:50528 for channel [id: 0x92a65af5, L:/127.0.0.1:53754 - R:localhost/127.0.0.1:50528]
19:33:42.311 [Forwarding clickElement on session 74324f77588648d305bc69c7473e9b86 to remote] DEBUG org.asynchttpclient.netty.request.NettyRequestSender - Using pooled Channel '[id: 0x92a65af5, L:/127.0.0.1:53754 - R:localhost/127.0.0.1:50528]' for 'POST' to 'http://localhost:50528/session/74324f77588648d305bc69c7473e9b86/element/c5e2258a-c9bd-4159-bade-99e074e1d37d/click'
19:33:42.311 [Forwarding clickElement on session 74324f77588648d305bc69c7473e9b86 to remote] DEBUG org.asynchttpclient.netty.request.NettyRequestSender - Using open Channel [id: 0x92a65af5, L:/127.0.0.1:53754 - R:localhost/127.0.0.1:50528] for POST '/session/74324f77588648d305bc69c7473e9b86/element/c5e2258a-c9bd-4159-bade-99e074e1d37d/click'
19:33:42.345 [AsyncHttpClient-1-4] DEBUG org.asynchttpclient.netty.handler.HttpHandler - 

Request DefaultHttpRequest(decodeResult: success, version: HTTP/1.1)
POST /session/74324f77588648d305bc69c7473e9b86/element/c5e2258a-c9bd-4159-bade-99e074e1d37d/click HTTP/1.1
User-Agent: selenium/4.1.2 (java windows)
Content-Length: 50
Content-Type: application/json; charset=utf-8
host: localhost:50528
accept: */*

Response DefaultHttpResponse(decodeResult: success, version: HTTP/1.1)
HTTP/1.1 200 OK
Content-Type: application/json; charset=utf-8
cache-control: no-cache
content-length: 14

19:33:42.345 [AsyncHttpClient-1-4] DEBUG org.asynchttpclient.netty.channel.ChannelManager - Adding key: http://localhost:50528 for channel [id: 0x92a65af5, L:/127.0.0.1:53754 - R:localhost/127.0.0.1:50528]
  &amp#27;[32mWhen &amp#27;[0m&amp#27;[32mI click beli button product 1&amp#27;[0m                                        &amp#27;[90m# starter.steps.BeliStep.iClickBeliButtonProduct1()&amp#27;[0m
19:33:42.353 [Forwarding screenshot on session 74324f77588648d305bc69c7473e9b86 to remote] DEBUG org.asynchttpclient.netty.request.NettyRequestSender - Using pooled Channel '[id: 0x92a65af5, L:/127.0.0.1:53754 - R:localhost/127.0.0.1:50528]' for 'GET' to 'http://localhost:50528/session/74324f77588648d305bc69c7473e9b86/screenshot'
19:33:42.353 [Forwarding screenshot on session 74324f77588648d305bc69c7473e9b86 to remote] DEBUG org.asynchttpclient.netty.request.NettyRequestSender - Using open Channel [id: 0x92a65af5, L:/127.0.0.1:53754 - R:localhost/127.0.0.1:50528] for GET '/session/74324f77588648d305bc69c7473e9b86/screenshot'
19:33:42.527 [AsyncHttpClient-1-4] DEBUG org.asynchttpclient.netty.handler.HttpHandler - 

Request DefaultFullHttpRequest(decodeResult: success, version: HTTP/1.1, content: EmptyByteBufBE)
GET /session/74324f77588648d305bc69c7473e9b86/screenshot HTTP/1.1
User-Agent: selenium/4.1.2 (java windows)
Cache-Control: no-cache
Content-Type: application/json; charset=utf-8
host: localhost:50528
accept: */*

Response DefaultHttpResponse(decodeResult: success, version: HTTP/1.1)
HTTP/1.1 200 OK
Content-Type: application/json; charset=utf-8
cache-control: no-cache
content-length: 71856

19:33:42.528 [AsyncHttpClient-1-4] DEBUG org.asynchttpclient.netty.channel.ChannelManager - Adding key: http://localhost:50528 for channel [id: 0x92a65af5, L:/127.0.0.1:53754 - R:localhost/127.0.0.1:50528]
19:33:42.529 [main] DEBUG net.serenitybdd.core.photography.Darkroom - Send negative for processing for target\site\serenity\c7828660cc76708bb04b80e8be3930c790f1ac9592c57134a549cf7bc1e67bf3.png
19:33:42.530 [Darkroom Processing Line] DEBUG net.serenitybdd.core.photography.DarkroomProcessingLine - Processing screenshot image in /var/screenshots/screenshot-2214463056478937463
19:33:42.530 [Darkroom Processing Line] DEBUG net.serenitybdd.core.photography.DarkroomProcessingLine - Saving screenshot to target\site\serenity\c7828660cc76708bb04b80e8be3930c790f1ac9592c57134a549cf7bc1e67bf3.png
19:33:42.539 [Forwarding findElement on session 74324f77588648d305bc69c7473e9b86 to remote] DEBUG org.asynchttpclient.netty.request.NettyRequestSender - Using pooled Channel '[id: 0x92a65af5, L:/127.0.0.1:53754 - R:localhost/127.0.0.1:50528]' for 'POST' to 'http://localhost:50528/session/74324f77588648d305bc69c7473e9b86/element'
19:33:42.539 [Forwarding findElement on session 74324f77588648d305bc69c7473e9b86 to remote] DEBUG org.asynchttpclient.netty.request.NettyRequestSender - Using open Channel [id: 0x92a65af5, L:/127.0.0.1:53754 - R:localhost/127.0.0.1:50528] for POST '/session/74324f77588648d305bc69c7473e9b86/element'
19:33:42.557 [AsyncHttpClient-1-4] DEBUG org.asynchttpclient.netty.handler.HttpHandler - 

Request DefaultHttpRequest(decodeResult: success, version: HTTP/1.1)
POST /session/74324f77588648d305bc69c7473e9b86/element HTTP/1.1
User-Agent: selenium/4.1.2 (java windows)
Content-Length: 120
Content-Type: application/json; charset=utf-8
host: localhost:50528
accept: */*

Response DefaultHttpResponse(decodeResult: success, version: HTTP/1.1)
HTTP/1.1 200 OK
Content-Type: application/json; charset=utf-8
cache-control: no-cache
content-length: 88

19:33:42.557 [AsyncHttpClient-1-4] DEBUG org.asynchttpclient.netty.channel.ChannelManager - Adding key: http://localhost:50528 for channel [id: 0x92a65af5, L:/127.0.0.1:53754 - R:localhost/127.0.0.1:50528]
19:33:42.558 [Forwarding getElementTagName on session 74324f77588648d305bc69c7473e9b86 to remote] DEBUG org.asynchttpclient.netty.request.NettyRequestSender - Using pooled Channel '[id: 0x92a65af5, L:/127.0.0.1:53754 - R:localhost/127.0.0.1:50528]' for 'GET' to 'http://localhost:50528/session/74324f77588648d305bc69c7473e9b86/element/704d70d1-df08-4e68-b81a-52ecece9c229/name'
19:33:42.558 [Forwarding getElementTagName on session 74324f77588648d305bc69c7473e9b86 to remote] DEBUG org.asynchttpclient.netty.request.NettyRequestSender - Using open Channel [id: 0x92a65af5, L:/127.0.0.1:53754 - R:localhost/127.0.0.1:50528] for GET '/session/74324f77588648d305bc69c7473e9b86/element/704d70d1-df08-4e68-b81a-52ecece9c229/name'
19:33:42.562 [AsyncHttpClient-1-4] DEBUG org.asynchttpclient.netty.handler.HttpHandler - 

Request DefaultFullHttpRequest(decodeResult: success, version: HTTP/1.1, content: EmptyByteBufBE)
GET /session/74324f77588648d305bc69c7473e9b86/element/704d70d1-df08-4e68-b81a-52ecece9c229/name HTTP/1.1
User-Agent: selenium/4.1.2 (java windows)
Cache-Control: no-cache
Content-Type: application/json; charset=utf-8
host: localhost:50528
accept: */*

Response DefaultHttpResponse(decodeResult: success, version: HTTP/1.1)
HTTP/1.1 200 OK
Content-Type: application/json; charset=utf-8
cache-control: no-cache
content-length: 16

19:33:42.562 [AsyncHttpClient-1-4] DEBUG org.asynchttpclient.netty.channel.ChannelManager - Adding key: http://localhost:50528 for channel [id: 0x92a65af5, L:/127.0.0.1:53754 - R:localhost/127.0.0.1:50528]
19:33:42.563 [Forwarding getElementTagName on session 74324f77588648d305bc69c7473e9b86 to remote] DEBUG org.asynchttpclient.netty.request.NettyRequestSender - Using pooled Channel '[id: 0x92a65af5, L:/127.0.0.1:53754 - R:localhost/127.0.0.1:50528]' for 'GET' to 'http://localhost:50528/session/74324f77588648d305bc69c7473e9b86/element/704d70d1-df08-4e68-b81a-52ecece9c229/name'
19:33:42.563 [Forwarding getElementTagName on session 74324f77588648d305bc69c7473e9b86 to remote] DEBUG org.asynchttpclient.netty.request.NettyRequestSender - Using open Channel [id: 0x92a65af5, L:/127.0.0.1:53754 - R:localhost/127.0.0.1:50528] for GET '/session/74324f77588648d305bc69c7473e9b86/element/704d70d1-df08-4e68-b81a-52ecece9c229/name'
19:33:42.571 [AsyncHttpClient-1-4] DEBUG org.asynchttpclient.netty.handler.HttpHandler - 

Request DefaultFullHttpRequest(decodeResult: success, version: HTTP/1.1, content: EmptyByteBufBE)
GET /session/74324f77588648d305bc69c7473e9b86/element/704d70d1-df08-4e68-b81a-52ecece9c229/name HTTP/1.1
User-Agent: selenium/4.1.2 (java windows)
Cache-Control: no-cache
Content-Type: application/json; charset=utf-8
host: localhost:50528
accept: */*

Response DefaultHttpResponse(decodeResult: success, version: HTTP/1.1)
HTTP/1.1 200 OK
Content-Type: application/json; charset=utf-8
cache-control: no-cache
content-length: 16

19:33:42.571 [AsyncHttpClient-1-4] DEBUG org.asynchttpclient.netty.channel.ChannelManager - Adding key: http://localhost:50528 for channel [id: 0x92a65af5, L:/127.0.0.1:53754 - R:localhost/127.0.0.1:50528]
19:33:42.574 [Forwarding findElement on session 74324f77588648d305bc69c7473e9b86 to remote] DEBUG org.asynchttpclient.netty.request.NettyRequestSender - Using pooled Channel '[id: 0x92a65af5, L:/127.0.0.1:53754 - R:localhost/127.0.0.1:50528]' for 'POST' to 'http://localhost:50528/session/74324f77588648d305bc69c7473e9b86/element'
19:33:42.574 [Forwarding findElement on session 74324f77588648d305bc69c7473e9b86 to remote] DEBUG org.asynchttpclient.netty.request.NettyRequestSender - Using open Channel [id: 0x92a65af5, L:/127.0.0.1:53754 - R:localhost/127.0.0.1:50528] for POST '/session/74324f77588648d305bc69c7473e9b86/element'
19:33:42.584 [AsyncHttpClient-1-4] DEBUG org.asynchttpclient.netty.handler.HttpHandler - 

Request DefaultHttpRequest(decodeResult: success, version: HTTP/1.1)
POST /session/74324f77588648d305bc69c7473e9b86/element HTTP/1.1
User-Agent: selenium/4.1.2 (java windows)
Content-Length: 120
Content-Type: application/json; charset=utf-8
host: localhost:50528
accept: */*

Response DefaultHttpResponse(decodeResult: success, version: HTTP/1.1)
HTTP/1.1 200 OK
Content-Type: application/json; charset=utf-8
cache-control: no-cache
content-length: 88

19:33:42.584 [AsyncHttpClient-1-4] DEBUG org.asynchttpclient.netty.channel.ChannelManager - Adding key: http://localhost:50528 for channel [id: 0x92a65af5, L:/127.0.0.1:53754 - R:localhost/127.0.0.1:50528]
19:33:42.586 [Forwarding clickElement on session 74324f77588648d305bc69c7473e9b86 to remote] DEBUG org.asynchttpclient.netty.request.NettyRequestSender - Using pooled Channel '[id: 0x92a65af5, L:/127.0.0.1:53754 - R:localhost/127.0.0.1:50528]' for 'POST' to 'http://localhost:50528/session/74324f77588648d305bc69c7473e9b86/element/704d70d1-df08-4e68-b81a-52ecece9c229/click'
19:33:42.586 [Forwarding clickElement on session 74324f77588648d305bc69c7473e9b86 to remote] DEBUG org.asynchttpclient.netty.request.NettyRequestSender - Using open Channel [id: 0x92a65af5, L:/127.0.0.1:53754 - R:localhost/127.0.0.1:50528] for POST '/session/74324f77588648d305bc69c7473e9b86/element/704d70d1-df08-4e68-b81a-52ecece9c229/click'
19:33:42.637 [AsyncHttpClient-1-4] DEBUG org.asynchttpclient.netty.handler.HttpHandler - 

Request DefaultHttpRequest(decodeResult: success, version: HTTP/1.1)
POST /session/74324f77588648d305bc69c7473e9b86/element/704d70d1-df08-4e68-b81a-52ecece9c229/click HTTP/1.1
User-Agent: selenium/4.1.2 (java windows)
Content-Length: 50
Content-Type: application/json; charset=utf-8
host: localhost:50528
accept: */*

Response DefaultHttpResponse(decodeResult: success, version: HTTP/1.1)
HTTP/1.1 200 OK
Content-Type: application/json; charset=utf-8
cache-control: no-cache
content-length: 14

19:33:42.637 [AsyncHttpClient-1-4] DEBUG org.asynchttpclient.netty.channel.ChannelManager - Adding key: http://localhost:50528 for channel [id: 0x92a65af5, L:/127.0.0.1:53754 - R:localhost/127.0.0.1:50528]
19:33:42.644 [Forwarding findElement on session 74324f77588648d305bc69c7473e9b86 to remote] DEBUG org.asynchttpclient.netty.request.NettyRequestSender - Using pooled Channel '[id: 0x92a65af5, L:/127.0.0.1:53754 - R:localhost/127.0.0.1:50528]' for 'POST' to 'http://localhost:50528/session/74324f77588648d305bc69c7473e9b86/element'
19:33:42.644 [Forwarding findElement on session 74324f77588648d305bc69c7473e9b86 to remote] DEBUG org.asynchttpclient.netty.request.NettyRequestSender - Using open Channel [id: 0x92a65af5, L:/127.0.0.1:53754 - R:localhost/127.0.0.1:50528] for POST '/session/74324f77588648d305bc69c7473e9b86/element'
19:33:42.655 [AsyncHttpClient-1-4] DEBUG org.asynchttpclient.netty.handler.HttpHandler - 

Request DefaultHttpRequest(decodeResult: success, version: HTTP/1.1)
POST /session/74324f77588648d305bc69c7473e9b86/element HTTP/1.1
User-Agent: selenium/4.1.2 (java windows)
Content-Length: 53
Content-Type: application/json; charset=utf-8
host: localhost:50528
accept: */*

Response DefaultHttpResponse(decodeResult: success, version: HTTP/1.1)
HTTP/1.1 200 OK
Content-Type: application/json; charset=utf-8
cache-control: no-cache
content-length: 88

19:33:42.657 [AsyncHttpClient-1-4] DEBUG org.asynchttpclient.netty.channel.ChannelManager - Adding key: http://localhost:50528 for channel [id: 0x92a65af5, L:/127.0.0.1:53754 - R:localhost/127.0.0.1:50528]
19:33:42.658 [Forwarding sendKeysToElement on session 74324f77588648d305bc69c7473e9b86 to remote] DEBUG org.asynchttpclient.netty.request.NettyRequestSender - Using pooled Channel '[id: 0x92a65af5, L:/127.0.0.1:53754 - R:localhost/127.0.0.1:50528]' for 'POST' to 'http://localhost:50528/session/74324f77588648d305bc69c7473e9b86/element/e56efc9e-03db-4e1e-bf45-041745338a3d/value'
19:33:42.658 [Forwarding sendKeysToElement on session 74324f77588648d305bc69c7473e9b86 to remote] DEBUG org.asynchttpclient.netty.request.NettyRequestSender - Using open Channel [id: 0x92a65af5, L:/127.0.0.1:53754 - R:localhost/127.0.0.1:50528] for POST '/session/74324f77588648d305bc69c7473e9b86/element/e56efc9e-03db-4e1e-bf45-041745338a3d/value'
19:33:42.690 [AsyncHttpClient-1-4] DEBUG org.asynchttpclient.netty.handler.HttpHandler - 

Request DefaultHttpRequest(decodeResult: success, version: HTTP/1.1)
POST /session/74324f77588648d305bc69c7473e9b86/element/e56efc9e-03db-4e1e-bf45-041745338a3d/value HTTP/1.1
User-Agent: selenium/4.1.2 (java windows)
Content-Length: 95
Content-Type: application/json; charset=utf-8
host: localhost:50528
accept: */*

Response DefaultHttpResponse(decodeResult: success, version: HTTP/1.1)
HTTP/1.1 200 OK
Content-Type: application/json; charset=utf-8
cache-control: no-cache
content-length: 14

19:33:42.690 [AsyncHttpClient-1-4] DEBUG org.asynchttpclient.netty.channel.ChannelManager - Adding key: http://localhost:50528 for channel [id: 0x92a65af5, L:/127.0.0.1:53754 - R:localhost/127.0.0.1:50528]
  &amp#27;[32mAnd &amp#27;[0m&amp#27;[32mI click beli button product 2&amp#27;[0m                                         &amp#27;[90m# starter.steps.BeliStep.iClickBeliButtonProduct()&amp#27;[0m
19:33:42.696 [Forwarding screenshot on session 74324f77588648d305bc69c7473e9b86 to remote] DEBUG org.asynchttpclient.netty.request.NettyRequestSender - Using pooled Channel '[id: 0x92a65af5, L:/127.0.0.1:53754 - R:localhost/127.0.0.1:50528]' for 'GET' to 'http://localhost:50528/session/74324f77588648d305bc69c7473e9b86/screenshot'
19:33:42.696 [Forwarding screenshot on session 74324f77588648d305bc69c7473e9b86 to remote] DEBUG org.asynchttpclient.netty.request.NettyRequestSender - Using open Channel [id: 0x92a65af5, L:/127.0.0.1:53754 - R:localhost/127.0.0.1:50528] for GET '/session/74324f77588648d305bc69c7473e9b86/screenshot'
19:33:42.841 [AsyncHttpClient-1-4] DEBUG org.asynchttpclient.netty.handler.HttpHandler - 

Request DefaultFullHttpRequest(decodeResult: success, version: HTTP/1.1, content: EmptyByteBufBE)
GET /session/74324f77588648d305bc69c7473e9b86/screenshot HTTP/1.1
User-Agent: selenium/4.1.2 (java windows)
Cache-Control: no-cache
Content-Type: application/json; charset=utf-8
host: localhost:50528
accept: */*

Response DefaultHttpResponse(decodeResult: success, version: HTTP/1.1)
HTTP/1.1 200 OK
Content-Type: application/json; charset=utf-8
cache-control: no-cache
content-length: 61008

19:33:42.841 [AsyncHttpClient-1-4] DEBUG org.asynchttpclient.netty.channel.ChannelManager - Adding key: http://localhost:50528 for channel [id: 0x92a65af5, L:/127.0.0.1:53754 - R:localhost/127.0.0.1:50528]
19:33:42.842 [main] DEBUG net.serenitybdd.core.photography.Darkroom - Send negative for processing for target\site\serenity\6c1147fb917d8644dab9e30f67fa4692869c5ae0c528c984ea4339de762b8171.png
19:33:42.842 [Darkroom Processing Line] DEBUG net.serenitybdd.core.photography.DarkroomProcessingLine - Processing screenshot image in /var/screenshots/screenshot-4420890470806483707
19:33:42.842 [Darkroom Processing Line] DEBUG net.serenitybdd.core.photography.DarkroomProcessingLine - Saving screenshot to target\site\serenity\6c1147fb917d8644dab9e30f67fa4692869c5ae0c528c984ea4339de762b8171.png
19:33:42.851 [Forwarding findElement on session 74324f77588648d305bc69c7473e9b86 to remote] DEBUG org.asynchttpclient.netty.request.NettyRequestSender - Using pooled Channel '[id: 0x92a65af5, L:/127.0.0.1:53754 - R:localhost/127.0.0.1:50528]' for 'POST' to 'http://localhost:50528/session/74324f77588648d305bc69c7473e9b86/element'
19:33:42.851 [Forwarding findElement on session 74324f77588648d305bc69c7473e9b86 to remote] DEBUG org.asynchttpclient.netty.request.NettyRequestSender - Using open Channel [id: 0x92a65af5, L:/127.0.0.1:53754 - R:localhost/127.0.0.1:50528] for POST '/session/74324f77588648d305bc69c7473e9b86/element'
19:33:42.860 [AsyncHttpClient-1-4] DEBUG org.asynchttpclient.netty.handler.HttpHandler - 

Request DefaultHttpRequest(decodeResult: success, version: HTTP/1.1)
POST /session/74324f77588648d305bc69c7473e9b86/element HTTP/1.1
User-Agent: selenium/4.1.2 (java windows)
Content-Length: 103
Content-Type: application/json; charset=utf-8
host: localhost:50528
accept: */*

Response DefaultHttpResponse(decodeResult: success, version: HTTP/1.1)
HTTP/1.1 200 OK
Content-Type: application/json; charset=utf-8
cache-control: no-cache
content-length: 88

19:33:42.860 [AsyncHttpClient-1-4] DEBUG org.asynchttpclient.netty.channel.ChannelManager - Adding key: http://localhost:50528 for channel [id: 0x92a65af5, L:/127.0.0.1:53754 - R:localhost/127.0.0.1:50528]
19:33:42.861 [Forwarding getElementTagName on session 74324f77588648d305bc69c7473e9b86 to remote] DEBUG org.asynchttpclient.netty.request.NettyRequestSender - Using pooled Channel '[id: 0x92a65af5, L:/127.0.0.1:53754 - R:localhost/127.0.0.1:50528]' for 'GET' to 'http://localhost:50528/session/74324f77588648d305bc69c7473e9b86/element/e40c9e82-6f45-4794-9b27-aec72def46e7/name'
19:33:42.861 [Forwarding getElementTagName on session 74324f77588648d305bc69c7473e9b86 to remote] DEBUG org.asynchttpclient.netty.request.NettyRequestSender - Using open Channel [id: 0x92a65af5, L:/127.0.0.1:53754 - R:localhost/127.0.0.1:50528] for GET '/session/74324f77588648d305bc69c7473e9b86/element/e40c9e82-6f45-4794-9b27-aec72def46e7/name'
19:33:42.864 [AsyncHttpClient-1-4] DEBUG org.asynchttpclient.netty.handler.HttpHandler - 

Request DefaultFullHttpRequest(decodeResult: success, version: HTTP/1.1, content: EmptyByteBufBE)
GET /session/74324f77588648d305bc69c7473e9b86/element/e40c9e82-6f45-4794-9b27-aec72def46e7/name HTTP/1.1
User-Agent: selenium/4.1.2 (java windows)
Cache-Control: no-cache
Content-Type: application/json; charset=utf-8
host: localhost:50528
accept: */*

Response DefaultHttpResponse(decodeResult: success, version: HTTP/1.1)
HTTP/1.1 200 OK
Content-Type: application/json; charset=utf-8
cache-control: no-cache
content-length: 13

19:33:42.864 [AsyncHttpClient-1-4] DEBUG org.asynchttpclient.netty.channel.ChannelManager - Adding key: http://localhost:50528 for channel [id: 0x92a65af5, L:/127.0.0.1:53754 - R:localhost/127.0.0.1:50528]
19:33:42.866 [Forwarding getElementTagName on session 74324f77588648d305bc69c7473e9b86 to remote] DEBUG org.asynchttpclient.netty.request.NettyRequestSender - Using pooled Channel '[id: 0x92a65af5, L:/127.0.0.1:53754 - R:localhost/127.0.0.1:50528]' for 'GET' to 'http://localhost:50528/session/74324f77588648d305bc69c7473e9b86/element/e40c9e82-6f45-4794-9b27-aec72def46e7/name'
19:33:42.867 [Forwarding getElementTagName on session 74324f77588648d305bc69c7473e9b86 to remote] DEBUG org.asynchttpclient.netty.request.NettyRequestSender - Using open Channel [id: 0x92a65af5, L:/127.0.0.1:53754 - R:localhost/127.0.0.1:50528] for GET '/session/74324f77588648d305bc69c7473e9b86/element/e40c9e82-6f45-4794-9b27-aec72def46e7/name'
19:33:42.873 [AsyncHttpClient-1-4] DEBUG org.asynchttpclient.netty.handler.HttpHandler - 

Request DefaultFullHttpRequest(decodeResult: success, version: HTTP/1.1, content: EmptyByteBufBE)
GET /session/74324f77588648d305bc69c7473e9b86/element/e40c9e82-6f45-4794-9b27-aec72def46e7/name HTTP/1.1
User-Agent: selenium/4.1.2 (java windows)
Cache-Control: no-cache
Content-Type: application/json; charset=utf-8
host: localhost:50528
accept: */*

Response DefaultHttpResponse(decodeResult: success, version: HTTP/1.1)
HTTP/1.1 200 OK
Content-Type: application/json; charset=utf-8
cache-control: no-cache
content-length: 13

19:33:42.873 [AsyncHttpClient-1-4] DEBUG org.asynchttpclient.netty.channel.ChannelManager - Adding key: http://localhost:50528 for channel [id: 0x92a65af5, L:/127.0.0.1:53754 - R:localhost/127.0.0.1:50528]
19:33:42.875 [Forwarding findElement on session 74324f77588648d305bc69c7473e9b86 to remote] DEBUG org.asynchttpclient.netty.request.NettyRequestSender - Using pooled Channel '[id: 0x92a65af5, L:/127.0.0.1:53754 - R:localhost/127.0.0.1:50528]' for 'POST' to 'http://localhost:50528/session/74324f77588648d305bc69c7473e9b86/element'
19:33:42.875 [Forwarding findElement on session 74324f77588648d305bc69c7473e9b86 to remote] DEBUG org.asynchttpclient.netty.request.NettyRequestSender - Using open Channel [id: 0x92a65af5, L:/127.0.0.1:53754 - R:localhost/127.0.0.1:50528] for POST '/session/74324f77588648d305bc69c7473e9b86/element'
19:33:42.879 [AsyncHttpClient-1-4] DEBUG org.asynchttpclient.netty.handler.HttpHandler - 

Request DefaultHttpRequest(decodeResult: success, version: HTTP/1.1)
POST /session/74324f77588648d305bc69c7473e9b86/element HTTP/1.1
User-Agent: selenium/4.1.2 (java windows)
Content-Length: 103
Content-Type: application/json; charset=utf-8
host: localhost:50528
accept: */*

Response DefaultHttpResponse(decodeResult: success, version: HTTP/1.1)
HTTP/1.1 200 OK
Content-Type: application/json; charset=utf-8
cache-control: no-cache
content-length: 88

19:33:42.879 [AsyncHttpClient-1-4] DEBUG org.asynchttpclient.netty.channel.ChannelManager - Adding key: http://localhost:50528 for channel [id: 0x92a65af5, L:/127.0.0.1:53754 - R:localhost/127.0.0.1:50528]
19:33:42.880 [Forwarding clickElement on session 74324f77588648d305bc69c7473e9b86 to remote] DEBUG org.asynchttpclient.netty.request.NettyRequestSender - Using pooled Channel '[id: 0x92a65af5, L:/127.0.0.1:53754 - R:localhost/127.0.0.1:50528]' for 'POST' to 'http://localhost:50528/session/74324f77588648d305bc69c7473e9b86/element/e40c9e82-6f45-4794-9b27-aec72def46e7/click'
19:33:42.880 [Forwarding clickElement on session 74324f77588648d305bc69c7473e9b86 to remote] DEBUG org.asynchttpclient.netty.request.NettyRequestSender - Using open Channel [id: 0x92a65af5, L:/127.0.0.1:53754 - R:localhost/127.0.0.1:50528] for POST '/session/74324f77588648d305bc69c7473e9b86/element/e40c9e82-6f45-4794-9b27-aec72def46e7/click'
19:33:42.922 [AsyncHttpClient-1-4] DEBUG org.asynchttpclient.netty.handler.HttpHandler - 

Request DefaultHttpRequest(decodeResult: success, version: HTTP/1.1)
POST /session/74324f77588648d305bc69c7473e9b86/element/e40c9e82-6f45-4794-9b27-aec72def46e7/click HTTP/1.1
User-Agent: selenium/4.1.2 (java windows)
Content-Length: 50
Content-Type: application/json; charset=utf-8
host: localhost:50528
accept: */*

Response DefaultHttpResponse(decodeResult: success, version: HTTP/1.1)
HTTP/1.1 200 OK
Content-Type: application/json; charset=utf-8
cache-control: no-cache
content-length: 14

19:33:42.922 [AsyncHttpClient-1-4] DEBUG org.asynchttpclient.netty.channel.ChannelManager - Adding key: http://localhost:50528 for channel [id: 0x92a65af5, L:/127.0.0.1:53754 - R:localhost/127.0.0.1:50528]
  &amp#27;[32mAnd &amp#27;[0m&amp#27;[32mI click cart icon&amp#27;[0m                                                     &amp#27;[90m# starter.steps.BeliStep.iClickCartIcon()&amp#27;[0m
19:33:42.929 [Forwarding screenshot on session 74324f77588648d305bc69c7473e9b86 to remote] DEBUG org.asynchttpclient.netty.request.NettyRequestSender - Using pooled Channel '[id: 0x92a65af5, L:/127.0.0.1:53754 - R:localhost/127.0.0.1:50528]' for 'GET' to 'http://localhost:50528/session/74324f77588648d305bc69c7473e9b86/screenshot'
19:33:42.929 [Forwarding screenshot on session 74324f77588648d305bc69c7473e9b86 to remote] DEBUG org.asynchttpclient.netty.request.NettyRequestSender - Using open Channel [id: 0x92a65af5, L:/127.0.0.1:53754 - R:localhost/127.0.0.1:50528] for GET '/session/74324f77588648d305bc69c7473e9b86/screenshot'
19:33:43.105 [AsyncHttpClient-1-4] DEBUG org.asynchttpclient.netty.handler.HttpHandler - 

Request DefaultFullHttpRequest(decodeResult: success, version: HTTP/1.1, content: EmptyByteBufBE)
GET /session/74324f77588648d305bc69c7473e9b86/screenshot HTTP/1.1
User-Agent: selenium/4.1.2 (java windows)
Cache-Control: no-cache
Content-Type: application/json; charset=utf-8
host: localhost:50528
accept: */*

Response DefaultHttpResponse(decodeResult: success, version: HTTP/1.1)
HTTP/1.1 200 OK
Content-Type: application/json; charset=utf-8
cache-control: no-cache
content-length: 59544

19:33:43.105 [AsyncHttpClient-1-4] DEBUG org.asynchttpclient.netty.channel.ChannelManager - Adding key: http://localhost:50528 for channel [id: 0x92a65af5, L:/127.0.0.1:53754 - R:localhost/127.0.0.1:50528]
19:33:43.107 [main] DEBUG net.serenitybdd.core.photography.Darkroom - Send negative for processing for target\site\serenity\b056be8082efd6e7467cdb02f5a5b3c0a5f3d581ae2c4435b84dfa15e53d7fbe.png
19:33:43.107 [Darkroom Processing Line] DEBUG net.serenitybdd.core.photography.DarkroomProcessingLine - Processing screenshot image in /var/screenshots/screenshot-6757661611047866254
19:33:43.107 [Darkroom Processing Line] DEBUG net.serenitybdd.core.photography.DarkroomProcessingLine - Saving screenshot to target\site\serenity\b056be8082efd6e7467cdb02f5a5b3c0a5f3d581ae2c4435b84dfa15e53d7fbe.png
19:33:43.112 [Forwarding findElement on session 74324f77588648d305bc69c7473e9b86 to remote] DEBUG org.asynchttpclient.netty.request.NettyRequestSender - Using pooled Channel '[id: 0x92a65af5, L:/127.0.0.1:53754 - R:localhost/127.0.0.1:50528]' for 'POST' to 'http://localhost:50528/session/74324f77588648d305bc69c7473e9b86/element'
19:33:43.112 [Forwarding findElement on session 74324f77588648d305bc69c7473e9b86 to remote] DEBUG org.asynchttpclient.netty.request.NettyRequestSender - Using open Channel [id: 0x92a65af5, L:/127.0.0.1:53754 - R:localhost/127.0.0.1:50528] for POST '/session/74324f77588648d305bc69c7473e9b86/element'
19:33:43.121 [AsyncHttpClient-1-4] DEBUG org.asynchttpclient.netty.handler.HttpHandler - 

Request DefaultHttpRequest(decodeResult: success, version: HTTP/1.1)
POST /session/74324f77588648d305bc69c7473e9b86/element HTTP/1.1
User-Agent: selenium/4.1.2 (java windows)
Content-Length: 75
Content-Type: application/json; charset=utf-8
host: localhost:50528
accept: */*

Response DefaultHttpResponse(decodeResult: success, version: HTTP/1.1)
HTTP/1.1 200 OK
Content-Type: application/json; charset=utf-8
cache-control: no-cache
content-length: 88

19:33:43.121 [AsyncHttpClient-1-4] DEBUG org.asynchttpclient.netty.channel.ChannelManager - Adding key: http://localhost:50528 for channel [id: 0x92a65af5, L:/127.0.0.1:53754 - R:localhost/127.0.0.1:50528]
19:33:43.123 [Forwarding isElementDisplayed on session 74324f77588648d305bc69c7473e9b86 to remote] DEBUG org.asynchttpclient.netty.request.NettyRequestSender - Using pooled Channel '[id: 0x92a65af5, L:/127.0.0.1:53754 - R:localhost/127.0.0.1:50528]' for 'POST' to 'http://localhost:50528/session/74324f77588648d305bc69c7473e9b86/execute/sync'
19:33:43.123 [Forwarding isElementDisplayed on session 74324f77588648d305bc69c7473e9b86 to remote] DEBUG org.asynchttpclient.netty.request.NettyRequestSender - Using open Channel [id: 0x92a65af5, L:/127.0.0.1:53754 - R:localhost/127.0.0.1:50528] for POST '/session/74324f77588648d305bc69c7473e9b86/execute/sync'
19:33:43.132 [AsyncHttpClient-1-4] DEBUG org.asynchttpclient.netty.handler.HttpHandler - 

Request DefaultHttpRequest(decodeResult: success, version: HTTP/1.1)
POST /session/74324f77588648d305bc69c7473e9b86/execute/sync HTTP/1.1
User-Agent: selenium/4.1.2 (java windows)
Content-Length: 48780
Content-Type: application/json; charset=utf-8
host: localhost:50528
accept: */*

Response DefaultHttpResponse(decodeResult: success, version: HTTP/1.1)
HTTP/1.1 200 OK
Content-Type: application/json; charset=utf-8
cache-control: no-cache
content-length: 14

19:33:43.132 [AsyncHttpClient-1-4] DEBUG org.asynchttpclient.netty.channel.ChannelManager - Adding key: http://localhost:50528 for channel [id: 0x92a65af5, L:/127.0.0.1:53754 - R:localhost/127.0.0.1:50528]
  &amp#27;[32mAnd &amp#27;[0m&amp#27;[32msee all order&amp#27;[0m                                                         &amp#27;[90m# starter.steps.BeliStep.seeAllOrder()&amp#27;[0m
19:33:43.142 [Forwarding findElement on session 74324f77588648d305bc69c7473e9b86 to remote] DEBUG org.asynchttpclient.netty.request.NettyRequestSender - Using pooled Channel '[id: 0x92a65af5, L:/127.0.0.1:53754 - R:localhost/127.0.0.1:50528]' for 'POST' to 'http://localhost:50528/session/74324f77588648d305bc69c7473e9b86/element'
19:33:43.142 [Forwarding findElement on session 74324f77588648d305bc69c7473e9b86 to remote] DEBUG org.asynchttpclient.netty.request.NettyRequestSender - Using open Channel [id: 0x92a65af5, L:/127.0.0.1:53754 - R:localhost/127.0.0.1:50528] for POST '/session/74324f77588648d305bc69c7473e9b86/element'
19:33:43.149 [AsyncHttpClient-1-4] DEBUG org.asynchttpclient.netty.handler.HttpHandler - 

Request DefaultHttpRequest(decodeResult: success, version: HTTP/1.1)
POST /session/74324f77588648d305bc69c7473e9b86/element HTTP/1.1
User-Agent: selenium/4.1.2 (java windows)
Content-Length: 59
Content-Type: application/json; charset=utf-8
host: localhost:50528
accept: */*

Response DefaultHttpResponse(decodeResult: success, version: HTTP/1.1)
HTTP/1.1 200 OK
Content-Type: application/json; charset=utf-8
cache-control: no-cache
content-length: 88

19:33:43.149 [AsyncHttpClient-1-4] DEBUG org.asynchttpclient.netty.channel.ChannelManager - Adding key: http://localhost:50528 for channel [id: 0x92a65af5, L:/127.0.0.1:53754 - R:localhost/127.0.0.1:50528]
19:33:43.152 [Forwarding getElementTagName on session 74324f77588648d305bc69c7473e9b86 to remote] DEBUG org.asynchttpclient.netty.request.NettyRequestSender - Using pooled Channel '[id: 0x92a65af5, L:/127.0.0.1:53754 - R:localhost/127.0.0.1:50528]' for 'GET' to 'http://localhost:50528/session/74324f77588648d305bc69c7473e9b86/element/c8eb524e-ed31-41f1-8377-5fb48597480b/name'
19:33:43.152 [Forwarding getElementTagName on session 74324f77588648d305bc69c7473e9b86 to remote] DEBUG org.asynchttpclient.netty.request.NettyRequestSender - Using open Channel [id: 0x92a65af5, L:/127.0.0.1:53754 - R:localhost/127.0.0.1:50528] for GET '/session/74324f77588648d305bc69c7473e9b86/element/c8eb524e-ed31-41f1-8377-5fb48597480b/name'
19:33:43.156 [AsyncHttpClient-1-4] DEBUG org.asynchttpclient.netty.handler.HttpHandler - 

Request DefaultFullHttpRequest(decodeResult: success, version: HTTP/1.1, content: EmptyByteBufBE)
GET /session/74324f77588648d305bc69c7473e9b86/element/c8eb524e-ed31-41f1-8377-5fb48597480b/name HTTP/1.1
User-Agent: selenium/4.1.2 (java windows)
Cache-Control: no-cache
Content-Type: application/json; charset=utf-8
host: localhost:50528
accept: */*

Response DefaultHttpResponse(decodeResult: success, version: HTTP/1.1)
HTTP/1.1 200 OK
Content-Type: application/json; charset=utf-8
cache-control: no-cache
content-length: 18

19:33:43.156 [AsyncHttpClient-1-4] DEBUG org.asynchttpclient.netty.channel.ChannelManager - Adding key: http://localhost:50528 for channel [id: 0x92a65af5, L:/127.0.0.1:53754 - R:localhost/127.0.0.1:50528]
19:33:43.158 [Forwarding getElementTagName on session 74324f77588648d305bc69c7473e9b86 to remote] DEBUG org.asynchttpclient.netty.request.NettyRequestSender - Using pooled Channel '[id: 0x92a65af5, L:/127.0.0.1:53754 - R:localhost/127.0.0.1:50528]' for 'GET' to 'http://localhost:50528/session/74324f77588648d305bc69c7473e9b86/element/c8eb524e-ed31-41f1-8377-5fb48597480b/name'
19:33:43.158 [Forwarding getElementTagName on session 74324f77588648d305bc69c7473e9b86 to remote] DEBUG org.asynchttpclient.netty.request.NettyRequestSender - Using open Channel [id: 0x92a65af5, L:/127.0.0.1:53754 - R:localhost/127.0.0.1:50528] for GET '/session/74324f77588648d305bc69c7473e9b86/element/c8eb524e-ed31-41f1-8377-5fb48597480b/name'
19:33:43.160 [AsyncHttpClient-1-4] DEBUG org.asynchttpclient.netty.handler.HttpHandler - 

Request DefaultFullHttpRequest(decodeResult: success, version: HTTP/1.1, content: EmptyByteBufBE)
GET /session/74324f77588648d305bc69c7473e9b86/element/c8eb524e-ed31-41f1-8377-5fb48597480b/name HTTP/1.1
User-Agent: selenium/4.1.2 (java windows)
Cache-Control: no-cache
Content-Type: application/json; charset=utf-8
host: localhost:50528
accept: */*

Response DefaultHttpResponse(decodeResult: success, version: HTTP/1.1)
HTTP/1.1 200 OK
Content-Type: application/json; charset=utf-8
cache-control: no-cache
content-length: 18

19:33:43.160 [AsyncHttpClient-1-4] DEBUG org.asynchttpclient.netty.channel.ChannelManager - Adding key: http://localhost:50528 for channel [id: 0x92a65af5, L:/127.0.0.1:53754 - R:localhost/127.0.0.1:50528]
19:33:43.161 [Forwarding isElementEnabled on session 74324f77588648d305bc69c7473e9b86 to remote] DEBUG org.asynchttpclient.netty.request.NettyRequestSender - Using pooled Channel '[id: 0x92a65af5, L:/127.0.0.1:53754 - R:localhost/127.0.0.1:50528]' for 'GET' to 'http://localhost:50528/session/74324f77588648d305bc69c7473e9b86/element/c8eb524e-ed31-41f1-8377-5fb48597480b/enabled'
19:33:43.161 [Forwarding isElementEnabled on session 74324f77588648d305bc69c7473e9b86 to remote] DEBUG org.asynchttpclient.netty.request.NettyRequestSender - Using open Channel [id: 0x92a65af5, L:/127.0.0.1:53754 - R:localhost/127.0.0.1:50528] for GET '/session/74324f77588648d305bc69c7473e9b86/element/c8eb524e-ed31-41f1-8377-5fb48597480b/enabled'
19:33:43.167 [AsyncHttpClient-1-4] DEBUG org.asynchttpclient.netty.handler.HttpHandler - 

Request DefaultFullHttpRequest(decodeResult: success, version: HTTP/1.1, content: EmptyByteBufBE)
GET /session/74324f77588648d305bc69c7473e9b86/element/c8eb524e-ed31-41f1-8377-5fb48597480b/enabled HTTP/1.1
User-Agent: selenium/4.1.2 (java windows)
Cache-Control: no-cache
Content-Type: application/json; charset=utf-8
host: localhost:50528
accept: */*

Response DefaultHttpResponse(decodeResult: success, version: HTTP/1.1)
HTTP/1.1 200 OK
Content-Type: application/json; charset=utf-8
cache-control: no-cache
content-length: 14

19:33:43.167 [AsyncHttpClient-1-4] DEBUG org.asynchttpclient.netty.channel.ChannelManager - Adding key: http://localhost:50528 for channel [id: 0x92a65af5, L:/127.0.0.1:53754 - R:localhost/127.0.0.1:50528]
19:33:43.169 [Forwarding isElementEnabled on session 74324f77588648d305bc69c7473e9b86 to remote] DEBUG org.asynchttpclient.netty.request.NettyRequestSender - Using pooled Channel '[id: 0x92a65af5, L:/127.0.0.1:53754 - R:localhost/127.0.0.1:50528]' for 'GET' to 'http://localhost:50528/session/74324f77588648d305bc69c7473e9b86/element/c8eb524e-ed31-41f1-8377-5fb48597480b/enabled'
19:33:43.169 [Forwarding isElementEnabled on session 74324f77588648d305bc69c7473e9b86 to remote] DEBUG org.asynchttpclient.netty.request.NettyRequestSender - Using open Channel [id: 0x92a65af5, L:/127.0.0.1:53754 - R:localhost/127.0.0.1:50528] for GET '/session/74324f77588648d305bc69c7473e9b86/element/c8eb524e-ed31-41f1-8377-5fb48597480b/enabled'
19:33:43.172 [AsyncHttpClient-1-4] DEBUG org.asynchttpclient.netty.handler.HttpHandler - 

Request DefaultFullHttpRequest(decodeResult: success, version: HTTP/1.1, content: EmptyByteBufBE)
GET /session/74324f77588648d305bc69c7473e9b86/element/c8eb524e-ed31-41f1-8377-5fb48597480b/enabled HTTP/1.1
User-Agent: selenium/4.1.2 (java windows)
Cache-Control: no-cache
Content-Type: application/json; charset=utf-8
host: localhost:50528
accept: */*

Response DefaultHttpResponse(decodeResult: success, version: HTTP/1.1)
HTTP/1.1 200 OK
Content-Type: application/json; charset=utf-8
cache-control: no-cache
content-length: 14

19:33:43.172 [AsyncHttpClient-1-4] DEBUG org.asynchttpclient.netty.channel.ChannelManager - Adding key: http://localhost:50528 for channel [id: 0x92a65af5, L:/127.0.0.1:53754 - R:localhost/127.0.0.1:50528]
19:33:43.173 [Forwarding findElement on session 74324f77588648d305bc69c7473e9b86 to remote] DEBUG org.asynchttpclient.netty.request.NettyRequestSender - Using pooled Channel '[id: 0x92a65af5, L:/127.0.0.1:53754 - R:localhost/127.0.0.1:50528]' for 'POST' to 'http://localhost:50528/session/74324f77588648d305bc69c7473e9b86/element'
19:33:43.173 [Forwarding findElement on session 74324f77588648d305bc69c7473e9b86 to remote] DEBUG org.asynchttpclient.netty.request.NettyRequestSender - Using open Channel [id: 0x92a65af5, L:/127.0.0.1:53754 - R:localhost/127.0.0.1:50528] for POST '/session/74324f77588648d305bc69c7473e9b86/element'
19:33:43.177 [AsyncHttpClient-1-4] DEBUG org.asynchttpclient.netty.handler.HttpHandler - 

Request DefaultHttpRequest(decodeResult: success, version: HTTP/1.1)
POST /session/74324f77588648d305bc69c7473e9b86/element HTTP/1.1
User-Agent: selenium/4.1.2 (java windows)
Content-Length: 59
Content-Type: application/json; charset=utf-8
host: localhost:50528
accept: */*

Response DefaultHttpResponse(decodeResult: success, version: HTTP/1.1)
HTTP/1.1 200 OK
Content-Type: application/json; charset=utf-8
cache-control: no-cache
content-length: 88

19:33:43.181 [AsyncHttpClient-1-4] DEBUG org.asynchttpclient.netty.channel.ChannelManager - Adding key: http://localhost:50528 for channel [id: 0x92a65af5, L:/127.0.0.1:53754 - R:localhost/127.0.0.1:50528]
19:33:43.183 [Forwarding clickElement on session 74324f77588648d305bc69c7473e9b86 to remote] DEBUG org.asynchttpclient.netty.request.NettyRequestSender - Using pooled Channel '[id: 0x92a65af5, L:/127.0.0.1:53754 - R:localhost/127.0.0.1:50528]' for 'POST' to 'http://localhost:50528/session/74324f77588648d305bc69c7473e9b86/element/c8eb524e-ed31-41f1-8377-5fb48597480b/click'
19:33:43.183 [Forwarding clickElement on session 74324f77588648d305bc69c7473e9b86 to remote] DEBUG org.asynchttpclient.netty.request.NettyRequestSender - Using open Channel [id: 0x92a65af5, L:/127.0.0.1:53754 - R:localhost/127.0.0.1:50528] for POST '/session/74324f77588648d305bc69c7473e9b86/element/c8eb524e-ed31-41f1-8377-5fb48597480b/click'
19:33:43.211 [AsyncHttpClient-1-4] DEBUG org.asynchttpclient.netty.handler.HttpHandler - 

Request DefaultHttpRequest(decodeResult: success, version: HTTP/1.1)
POST /session/74324f77588648d305bc69c7473e9b86/element/c8eb524e-ed31-41f1-8377-5fb48597480b/click HTTP/1.1
User-Agent: selenium/4.1.2 (java windows)
Content-Length: 50
Content-Type: application/json; charset=utf-8
host: localhost:50528
accept: */*

Response DefaultHttpResponse(decodeResult: success, version: HTTP/1.1)
HTTP/1.1 200 OK
Content-Type: application/json; charset=utf-8
cache-control: no-cache
content-length: 14

19:33:43.211 [AsyncHttpClient-1-4] DEBUG org.asynchttpclient.netty.channel.ChannelManager - Adding key: http://localhost:50528 for channel [id: 0x92a65af5, L:/127.0.0.1:53754 - R:localhost/127.0.0.1:50528]
  &amp#27;[32mThen &amp#27;[0m&amp#27;[32mclick bayar button&amp#27;[0m                                                   &amp#27;[90m# starter.steps.BeliStep.clickBayarButton()&amp#27;[0m
19:33:43.217 [Forwarding screenshot on session 74324f77588648d305bc69c7473e9b86 to remote] DEBUG org.asynchttpclient.netty.request.NettyRequestSender - Using pooled Channel '[id: 0x92a65af5, L:/127.0.0.1:53754 - R:localhost/127.0.0.1:50528]' for 'GET' to 'http://localhost:50528/session/74324f77588648d305bc69c7473e9b86/screenshot'
19:33:43.218 [Forwarding screenshot on session 74324f77588648d305bc69c7473e9b86 to remote] DEBUG org.asynchttpclient.netty.request.NettyRequestSender - Using open Channel [id: 0x92a65af5, L:/127.0.0.1:53754 - R:localhost/127.0.0.1:50528] for GET '/session/74324f77588648d305bc69c7473e9b86/screenshot'
19:33:43.415 [AsyncHttpClient-1-4] DEBUG org.asynchttpclient.netty.handler.HttpHandler - 

Request DefaultFullHttpRequest(decodeResult: success, version: HTTP/1.1, content: EmptyByteBufBE)
GET /session/74324f77588648d305bc69c7473e9b86/screenshot HTTP/1.1
User-Agent: selenium/4.1.2 (java windows)
Cache-Control: no-cache
Content-Type: application/json; charset=utf-8
host: localhost:50528
accept: */*

Response DefaultHttpResponse(decodeResult: success, version: HTTP/1.1)
HTTP/1.1 200 OK
Content-Type: application/json; charset=utf-8
cache-control: no-cache
content-length: 46920

19:33:43.419 [AsyncHttpClient-1-4] DEBUG org.asynchttpclient.netty.channel.ChannelManager - Adding key: http://localhost:50528 for channel [id: 0x92a65af5, L:/127.0.0.1:53754 - R:localhost/127.0.0.1:50528]
19:33:43.424 [main] DEBUG net.serenitybdd.core.photography.Darkroom - Send negative for processing for target\site\serenity\4976499be063c927a794e87ea575ec9353fdea18dea0f01563f4a5f396c183f6.png
19:33:43.425 [Darkroom Processing Line] DEBUG net.serenitybdd.core.photography.DarkroomProcessingLine - Processing screenshot image in /var/screenshots/screenshot-544240531291102847
19:33:43.425 [Darkroom Processing Line] DEBUG net.serenitybdd.core.photography.DarkroomProcessingLine - Saving screenshot to target\site\serenity\4976499be063c927a794e87ea575ec9353fdea18dea0f01563f4a5f396c183f6.png
19:33:43.437 [Forwarding findElement on session 74324f77588648d305bc69c7473e9b86 to remote] DEBUG org.asynchttpclient.netty.request.NettyRequestSender - Using pooled Channel '[id: 0x92a65af5, L:/127.0.0.1:53754 - R:localhost/127.0.0.1:50528]' for 'POST' to 'http://localhost:50528/session/74324f77588648d305bc69c7473e9b86/element'
19:33:43.437 [Forwarding findElement on session 74324f77588648d305bc69c7473e9b86 to remote] DEBUG org.asynchttpclient.netty.request.NettyRequestSender - Using open Channel [id: 0x92a65af5, L:/127.0.0.1:53754 - R:localhost/127.0.0.1:50528] for POST '/session/74324f77588648d305bc69c7473e9b86/element'
19:33:43.452 [AsyncHttpClient-1-4] DEBUG org.asynchttpclient.netty.handler.HttpHandler - 

Request DefaultHttpRequest(decodeResult: success, version: HTTP/1.1)
POST /session/74324f77588648d305bc69c7473e9b86/element HTTP/1.1
User-Agent: selenium/4.1.2 (java windows)
Content-Length: 84
Content-Type: application/json; charset=utf-8
host: localhost:50528
accept: */*

Response DefaultHttpResponse(decodeResult: success, version: HTTP/1.1)
HTTP/1.1 200 OK
Content-Type: application/json; charset=utf-8
cache-control: no-cache
content-length: 88

19:33:43.453 [AsyncHttpClient-1-4] DEBUG org.asynchttpclient.netty.channel.ChannelManager - Adding key: http://localhost:50528 for channel [id: 0x92a65af5, L:/127.0.0.1:53754 - R:localhost/127.0.0.1:50528]
19:33:43.456 [Forwarding isElementDisplayed on session 74324f77588648d305bc69c7473e9b86 to remote] DEBUG org.asynchttpclient.netty.request.NettyRequestSender - Using pooled Channel '[id: 0x92a65af5, L:/127.0.0.1:53754 - R:localhost/127.0.0.1:50528]' for 'POST' to 'http://localhost:50528/session/74324f77588648d305bc69c7473e9b86/execute/sync'
19:33:43.457 [Forwarding isElementDisplayed on session 74324f77588648d305bc69c7473e9b86 to remote] DEBUG org.asynchttpclient.netty.request.NettyRequestSender - Using open Channel [id: 0x92a65af5, L:/127.0.0.1:53754 - R:localhost/127.0.0.1:50528] for POST '/session/74324f77588648d305bc69c7473e9b86/execute/sync'
19:33:43.464 [AsyncHttpClient-1-4] DEBUG org.asynchttpclient.netty.handler.HttpHandler - 

Request DefaultHttpRequest(decodeResult: success, version: HTTP/1.1)
POST /session/74324f77588648d305bc69c7473e9b86/execute/sync HTTP/1.1
User-Agent: selenium/4.1.2 (java windows)
Content-Length: 48780
Content-Type: application/json; charset=utf-8
host: localhost:50528
accept: */*

Response DefaultHttpResponse(decodeResult: success, version: HTTP/1.1)
HTTP/1.1 200 OK
Content-Type: application/json; charset=utf-8
cache-control: no-cache
content-length: 14

19:33:43.464 [AsyncHttpClient-1-4] DEBUG org.asynchttpclient.netty.channel.ChannelManager - Adding key: http://localhost:50528 for channel [id: 0x92a65af5, L:/127.0.0.1:53754 - R:localhost/127.0.0.1:50528]
  &amp#27;[32mAnd &amp#27;[0m&amp#27;[32msee transaction&amp#27;[0m                                                       &amp#27;[90m# starter.steps.BeliStep.seeTransaction()&amp#27;[0m
19:33:43.472 [AsyncHttpClient-1-6] DEBUG org.asynchttpclient.netty.handler.WebSocketHandler - Channel Closed: [id: 0x07519fda, L:/127.0.0.1:53763 ! R:localhost/127.0.0.1:53755] with attribute NettyResponseFuture{currentRetry=5,
	isDone=1,
	isCancelled=0,
	asyncHandler=org.asynchttpclient.ws.WebSocketUpgradeHandler@381557bd,
	nettyRequest=org.asynchttpclient.netty.request.NettyRequest@6a350ff4,
	future=java.util.concurrent.CompletableFuture@406e11bd[Completed normally],
	uri=ws://localhost:53755/devtools/browser/44c8af71-c7ac-440c-be83-690bc8b5ffcb,
	keepAlive=true,
	redirectCount=0,
	timeoutsHolder=null,
	inAuth=0,
	touch=1667219549149}
19:33:43.472 [AsyncHttpClient-1-6] DEBUG org.asynchttpclient.netty.channel.ChannelManager - Closing Channel [id: 0x07519fda, L:/127.0.0.1:53763 ! R:localhost/127.0.0.1:53755] 
19:33:43.476 [Driver Command Executor] DEBUG org.asynchttpclient.netty.request.NettyRequestSender - Using pooled Channel '[id: 0x92a65af5, L:/127.0.0.1:53754 - R:localhost/127.0.0.1:50528]' for 'DELETE' to 'http://localhost:50528/session/74324f77588648d305bc69c7473e9b86'
19:33:43.476 [Driver Command Executor] DEBUG org.asynchttpclient.netty.request.NettyRequestSender - Using open Channel [id: 0x92a65af5, L:/127.0.0.1:53754 - R:localhost/127.0.0.1:50528] for DELETE '/session/74324f77588648d305bc69c7473e9b86'
19:33:43.614 [AsyncHttpClient-1-4] DEBUG org.asynchttpclient.netty.handler.HttpHandler - 

Request DefaultFullHttpRequest(decodeResult: success, version: HTTP/1.1, content: EmptyByteBufBE)
DELETE /session/74324f77588648d305bc69c7473e9b86 HTTP/1.1
User-Agent: selenium/4.1.2 (java windows)
Content-Type: application/json; charset=utf-8
host: localhost:50528
accept: */*

Response DefaultHttpResponse(decodeResult: success, version: HTTP/1.1)
HTTP/1.1 200 OK
Content-Type: application/json; charset=utf-8
cache-control: no-cache
content-length: 14

19:33:43.615 [AsyncHttpClient-1-4] DEBUG org.asynchttpclient.netty.channel.ChannelManager - Adding key: http://localhost:50528 for channel [id: 0x92a65af5, L:/127.0.0.1:53754 - R:localhost/127.0.0.1:50528]
19:33:43.688 [AsyncHttpClient-1-4] DEBUG org.asynchttpclient.netty.handler.HttpHandler - Channel Closed: [id: 0x92a65af5, L:/127.0.0.1:53754 ! R:localhost/127.0.0.1:50528] with attribute DISCARD
19:33:43.724 [main] INFO  - 
  _____   ___   ___   _____     ___     _     ___   ___   ___   ___  
 |_   _| | __| / __| |_   _|   | _ \   /_\   / __| / __| | __| |   \ 
   | |   | _|  \__ \   | |     |  _/  / _ \  \__ \ \__ \ | _|  | |) |
   |_|   |___| |___/   |_|     |_|   /_/ \_\ |___/ |___/ |___| |___/ 

Bayar product
----------------------------------------------------------------------
]]></system-out>
    <system-err><![CDATA[Starting ChromeDriver 106.0.5249.61 (511755355844955cd3e264779baf0dd38212a4d0-refs/branch-heads/5249@{#569}) on port 50528
Only local connections are allowed.
Please see https://chromedriver.chromium.org/security-considerations for suggestions on keeping ChromeDriver safe.
ChromeDriver was started successfully.
Oct 31, 2022 7:32:28 PM org.openqa.selenium.remote.ProtocolHandshake createSession
INFO: Detected dialect: W3C
Oct 31, 2022 7:32:29 PM org.openqa.selenium.devtools.CdpVersionFinder findNearestMatch
WARNING: Unable to find an exact match for CDP version 106, so returning the closest version found: a no-op implementation
Oct 31, 2022 7:32:29 PM org.openqa.selenium.devtools.CdpVersionFinder findNearestMatch
INFO: Unable to find CDP implementation matching 106.
Oct 31, 2022 7:32:29 PM org.openqa.selenium.chromium.ChromiumDriver lambda$new$3
WARNING: Unable to find version of CDP to use for . You may need to include a dependency on a specific version of the CDP using something similar to `org.seleniumhq.selenium:selenium-devtools-v86:4.1.2` where the version ("v86") matches the version of the chromium-based browser you're using and the version number of the artifact is the same as Selenium's.
]]></system-err>
  </testcase>
  <testcase name="I click button detail after login" classname="Page Home" time="78.663">
    <error type="org.openqa.selenium.ElementNotInteractableException"><![CDATA[org.openqa.selenium.ElementNotInteractableException: 
element not interactable
  (Session info: chrome=106.0.5249.121)
Build info: version: '4.1.2', revision: '9a5a329c5a'
System info: host: 'MYLNAP', ip: '192.168.110.45', os.name: 'Windows 11', os.arch: 'amd64', os.version: '10.0', java.version: '11.0.16'
Driver info: org.openqa.selenium.chrome.ChromeDriver
Command: [04dba83287dde6da08fa7059302878b9, clickElement {id=23335068-83cf-404e-ada3-3660e4266ac4}]
Capabilities {acceptInsecureCerts: false, browserName: chrome, browserVersion: 106.0.5249.121, chrome: {chromedriverVersion: 106.0.5249.61 (511755355844..., userDataDir: C:\Users\user\AppData\Local...}, goog:chromeOptions: {debuggerAddress: localhost:53860}, javascriptEnabled: true, networkConnectionEnabled: false, pageLoadStrategy: normal, platform: WINDOWS, platformName: WINDOWS, proxy: Proxy(), se:cdp: ws://localhost:53860/devtoo..., se:cdpVersion: 106.0.5249.121, setWindowRect: true, strictFileInteractability: false, timeouts: {implicit: 0, pageLoad: 300000, script: 30000}, unhandledPromptBehavior: dismiss and notify, webauthn:extension:credBlob: true, webauthn:extension:largeBlob: true, webauthn:virtualAuthenticators: true}
Element: [[ChromeDriver: chrome on WINDOWS (04dba83287dde6da08fa7059302878b9)] -> xpath: //button//i[contains(@class, 'sign-in')]]
Session ID: 04dba83287dde6da08fa7059302878b9
]]></error>
    <system-out><![CDATA[19:33:43.727 [main] INFO io.cucumber.core.plugin.SerenityReporter - Running feature from file:///D:/TIC/Kampus%20Merdeka/MSIB/Studi%20Independen/Alterra/MiniProject/MiniProjWeb/src/test/resources/features/login/Detail.feature
19:33:43.734 [main] DEBUG net.thucydides.core.steps.StepEventBus - Test suite started for story net.thucydides.core.model.Story@b788f822
19:33:43.734 [main] INFO  - Test Suite Started: Page Home

@Detail
Scenario Outline: I click button detail after login                         &amp#27;[90m# src/test/resources/features/login/Detail.feature:17&amp#27;[0m
19:33:43.745 [main] INFO io.cucumber.core.plugin.SerenityReporter - Running feature from file:///D:/TIC/Kampus%20Merdeka/MSIB/Studi%20Independen/Alterra/MiniProject/MiniProjWeb/src/test/resources/features/login/Detail.feature
19:33:43.747 [main] INFO  - 
  _____   ___   ___   _____     ___   _____     _     ___   _____   ___   ___  
 |_   _| | __| / __| |_   _|   / __| |_   _|   /_\   | _ \ |_   _| | __| |   \ 
   | |   | _|  \__ \   | |     \__ \   | |    / _ \  |   /   | |   | _|  | |) |
   |_|   |___| |___/   |_|     |___/   |_|   /_/ \_\ |_|_\   |_|   |___| |___/ 

I click button detail after login(page-home;i-click-button-detail-after-login)
--------------------------------------------------------------------------------
19:33:43.795 [main] INFO net.serenitybdd.core.webdriver.driverproviders.ChromeDriverProvider - Using automatically driver download
19:33:43.912 [main] DEBUG io.github.bonigarcia.wdm.cache.ResolutionCache - Resolution chrome=106 in cache (valid until 19:46:39 31/10/2022 ICT)
19:33:43.918 [main] DEBUG io.github.bonigarcia.wdm.cache.ResolutionCache - Resolution chrome106=106.0.5249.61 in cache (valid until 17:34:34 01/11/2022 ICT)
19:33:43.919 [main] INFO io.github.bonigarcia.wdm.WebDriverManager - Using chromedriver 106.0.5249.61 (resolved driver for Chrome 106)
19:33:43.928 [main] DEBUG io.github.bonigarcia.wdm.WebDriverManager - Driver chromedriver 106.0.5249.61 found in cache
19:33:43.929 [main] INFO io.github.bonigarcia.wdm.WebDriverManager - Exporting webdriver.chrome.driver as C:\Users\user\.cache\selenium\chromedriver\win32\106.0.5249.61\chromedriver.exe
19:33:44.084 [main] DEBUG net.serenitybdd.core.webdriver.driverproviders.ProvideNewDriver - Instantiating driver
19:33:44.084 [main] DEBUG net.serenitybdd.core.webdriver.driverproviders.ProvideNewDriver - Driver capabilities: Capabilities {acceptInsecureCerts: false, base.url: https://alta-shop.vercel.app, browserName: chrome, chrome.driver: src/test/resources/webdrive..., driver: chrome, goog:chromeOptions: {args: [], extensions: []}, wait.for.timeout: 500}
19:33:44.109 [AsyncHttpClient-1-1] DEBUG org.asynchttpclient.netty.channel.DefaultChannelPool - Entry count for : http://localhost:50528 : 1
19:33:44.109 [AsyncHttpClient-1-1] DEBUG org.asynchttpclient.netty.channel.DefaultChannelPool - Adding Candidate expired Channel [id: 0x92a65af5, L:/127.0.0.1:53754 ! R:localhost/127.0.0.1:50528] isIdleTimeoutExpired=false isRemotelyClosed=true isTtlExpired=false
19:33:44.109 [AsyncHttpClient-1-1] DEBUG org.asynchttpclient.netty.channel.DefaultChannelPool - Closing Idle Channel [id: 0x92a65af5, L:/127.0.0.1:53754 ! R:localhost/127.0.0.1:50528]
19:33:44.109 [AsyncHttpClient-1-1] DEBUG org.asynchttpclient.netty.channel.DefaultChannelPool - Closed 1 connections out of 1 in 0 ms
19:33:44.148 [AsyncHttpClient-1-7] DEBUG org.asynchttpclient.netty.channel.NettyConnectListener - Using new Channel '[id: 0xdec1b8c2, L:/127.0.0.1:53859 - R:localhost/127.0.0.1:51192]' for 'POST' to '/session'
19:33:44.961 [AsyncHttpClient-1-7] DEBUG org.asynchttpclient.netty.handler.HttpHandler - 

Request DefaultHttpRequest(decodeResult: success, version: HTTP/1.1)
POST /session HTTP/1.1
User-Agent: selenium/4.1.2 (java windows)
Content-Length: 638
Content-Type: application/json; charset=utf-8
host: localhost:51192
accept: */*

Response DefaultHttpResponse(decodeResult: success, version: HTTP/1.1)
HTTP/1.1 200 OK
Content-Type: application/json; charset=utf-8
cache-control: no-cache
content-length: 790

19:33:44.961 [AsyncHttpClient-1-7] DEBUG org.asynchttpclient.netty.channel.ChannelManager - Adding key: http://localhost:51192 for channel [id: 0xdec1b8c2, L:/127.0.0.1:53859 - R:localhost/127.0.0.1:51192]
19:33:44.985 [AsyncHttpClient-1-8] DEBUG org.asynchttpclient.netty.channel.NettyConnectListener - Using new Channel '[id: 0xb4e94054, L:/127.0.0.1:53867 - R:localhost/127.0.0.1:53860]' for 'GET' to '/json/version'
19:33:44.987 [AsyncHttpClient-1-8] DEBUG org.asynchttpclient.netty.handler.HttpHandler - 

Request DefaultFullHttpRequest(decodeResult: success, version: HTTP/1.1, content: EmptyByteBufBE)
GET /json/version HTTP/1.1
User-Agent: selenium/4.1.2 (java windows)
host: localhost:53860
accept: */*

Response DefaultHttpResponse(decodeResult: success, version: HTTP/1.1)
HTTP/1.1 200 OK
Content-Type: application/json; charset=UTF-8
content-length: 424

19:33:44.987 [AsyncHttpClient-1-8] DEBUG org.asynchttpclient.netty.channel.ChannelManager - Adding key: http://localhost:53860 for channel [id: 0xb4e94054, L:/127.0.0.1:53867 - R:localhost/127.0.0.1:53860]
19:33:44.992 [AsyncHttpClient-1-9] DEBUG org.asynchttpclient.netty.channel.NettyConnectListener - Using new Channel '[id: 0x7c157a65, L:/127.0.0.1:53868 - R:localhost/127.0.0.1:53860]' for 'GET' to '/devtools/browser/cf952cba-f3c8-4a00-b0fd-5d5f34b624f8'
19:33:44.993 [AsyncHttpClient-1-9] DEBUG org.asynchttpclient.netty.handler.WebSocketHandler - 

Request DefaultFullHttpRequest(decodeResult: success, version: HTTP/1.1, content: EmptyByteBufBE)
GET /devtools/browser/cf952cba-f3c8-4a00-b0fd-5d5f34b624f8 HTTP/1.1
upgrade: websocket
connection: upgrade
sec-websocket-key: IYEzyrjz7iU+G39pTIqA5w==
sec-websocket-version: 13
origin: http://localhost:53860
host: localhost:53860
accept: */*
user-agent: AHC/2.1

Response DefaultHttpResponse(decodeResult: success, version: HTTP/1.1)
HTTP/1.1 101 WebSocket Protocol Handshake
Upgrade: WebSocket
Connection: Upgrade
Sec-WebSocket-Accept: 3kG5Wq0KaOSjnZ+RstwwG6GO4BA=

19:33:44.997 [Forwarding get on session 04dba83287dde6da08fa7059302878b9 to remote] DEBUG org.asynchttpclient.netty.request.NettyRequestSender - Using pooled Channel '[id: 0xdec1b8c2, L:/127.0.0.1:53859 - R:localhost/127.0.0.1:51192]' for 'POST' to 'http://localhost:51192/session/04dba83287dde6da08fa7059302878b9/url'
19:33:44.997 [Forwarding get on session 04dba83287dde6da08fa7059302878b9 to remote] DEBUG org.asynchttpclient.netty.request.NettyRequestSender - Using open Channel [id: 0xdec1b8c2, L:/127.0.0.1:53859 - R:localhost/127.0.0.1:51192] for POST '/session/04dba83287dde6da08fa7059302878b9/url'
19:33:45.212 [AsyncHttpClient-1-1] DEBUG org.asynchttpclient.netty.channel.DefaultChannelPool - Entry count for : http://localhost:53860 : 1
19:33:46.301 [AsyncHttpClient-1-1] DEBUG org.asynchttpclient.netty.channel.DefaultChannelPool - Entry count for : http://localhost:53860 : 1
19:33:47.405 [AsyncHttpClient-1-1] DEBUG org.asynchttpclient.netty.channel.DefaultChannelPool - Entry count for : http://localhost:53860 : 1
19:33:48.509 [AsyncHttpClient-1-1] DEBUG org.asynchttpclient.netty.channel.DefaultChannelPool - Entry count for : http://localhost:53860 : 1
19:33:49.611 [AsyncHttpClient-1-1] DEBUG org.asynchttpclient.netty.channel.DefaultChannelPool - Entry count for : http://localhost:53860 : 1
19:33:50.697 [AsyncHttpClient-1-1] DEBUG org.asynchttpclient.netty.channel.DefaultChannelPool - Entry count for : http://localhost:53860 : 1
19:33:51.801 [AsyncHttpClient-1-1] DEBUG org.asynchttpclient.netty.channel.DefaultChannelPool - Entry count for : http://localhost:53860 : 1
19:33:52.907 [AsyncHttpClient-1-1] DEBUG org.asynchttpclient.netty.channel.DefaultChannelPool - Entry count for : http://localhost:53860 : 1
19:33:54.012 [AsyncHttpClient-1-1] DEBUG org.asynchttpclient.netty.channel.DefaultChannelPool - Entry count for : http://localhost:53860 : 1
19:33:55.101 [AsyncHttpClient-1-1] DEBUG org.asynchttpclient.netty.channel.DefaultChannelPool - Entry count for : http://localhost:53860 : 1
19:33:56.203 [AsyncHttpClient-1-1] DEBUG org.asynchttpclient.netty.channel.DefaultChannelPool - Entry count for : http://localhost:53860 : 1
19:33:57.309 [AsyncHttpClient-1-1] DEBUG org.asynchttpclient.netty.channel.DefaultChannelPool - Entry count for : http://localhost:53860 : 1
19:33:58.398 [AsyncHttpClient-1-1] DEBUG org.asynchttpclient.netty.channel.DefaultChannelPool - Entry count for : http://localhost:53860 : 1
19:33:59.500 [AsyncHttpClient-1-1] DEBUG org.asynchttpclient.netty.channel.DefaultChannelPool - Entry count for : http://localhost:53860 : 1
19:34:00.602 [AsyncHttpClient-1-1] DEBUG org.asynchttpclient.netty.channel.DefaultChannelPool - Entry count for : http://localhost:53860 : 1
19:34:01.712 [AsyncHttpClient-1-1] DEBUG org.asynchttpclient.netty.channel.DefaultChannelPool - Entry count for : http://localhost:53860 : 1
19:34:02.810 [AsyncHttpClient-1-1] DEBUG org.asynchttpclient.netty.channel.DefaultChannelPool - Entry count for : http://localhost:53860 : 1
19:34:03.903 [AsyncHttpClient-1-1] DEBUG org.asynchttpclient.netty.channel.DefaultChannelPool - Entry count for : http://localhost:53860 : 1
19:34:05.005 [AsyncHttpClient-1-1] DEBUG org.asynchttpclient.netty.channel.DefaultChannelPool - Entry count for : http://localhost:53860 : 1
19:34:06.102 [AsyncHttpClient-1-1] DEBUG org.asynchttpclient.netty.channel.DefaultChannelPool - Entry count for : http://localhost:53860 : 1
19:34:07.203 [AsyncHttpClient-1-1] DEBUG org.asynchttpclient.netty.channel.DefaultChannelPool - Entry count for : http://localhost:53860 : 1
19:34:08.311 [AsyncHttpClient-1-1] DEBUG org.asynchttpclient.netty.channel.DefaultChannelPool - Entry count for : http://localhost:53860 : 1
19:34:09.412 [AsyncHttpClient-1-1] DEBUG org.asynchttpclient.netty.channel.DefaultChannelPool - Entry count for : http://localhost:53860 : 1
19:34:10.502 [AsyncHttpClient-1-1] DEBUG org.asynchttpclient.netty.channel.DefaultChannelPool - Entry count for : http://localhost:53860 : 1
19:34:11.609 [AsyncHttpClient-1-1] DEBUG org.asynchttpclient.netty.channel.DefaultChannelPool - Entry count for : http://localhost:53860 : 1
19:34:12.702 [AsyncHttpClient-1-1] DEBUG org.asynchttpclient.netty.channel.DefaultChannelPool - Entry count for : http://localhost:53860 : 1
19:34:13.806 [AsyncHttpClient-1-1] DEBUG org.asynchttpclient.netty.channel.DefaultChannelPool - Entry count for : http://localhost:53860 : 1
19:34:14.911 [AsyncHttpClient-1-1] DEBUG org.asynchttpclient.netty.channel.DefaultChannelPool - Entry count for : http://localhost:53860 : 1
19:34:16.009 [AsyncHttpClient-1-1] DEBUG org.asynchttpclient.netty.channel.DefaultChannelPool - Entry count for : http://localhost:53860 : 1
19:34:17.110 [AsyncHttpClient-1-1] DEBUG org.asynchttpclient.netty.channel.DefaultChannelPool - Entry count for : http://localhost:53860 : 1
19:34:18.212 [AsyncHttpClient-1-1] DEBUG org.asynchttpclient.netty.channel.DefaultChannelPool - Entry count for : http://localhost:53860 : 1
19:34:19.301 [AsyncHttpClient-1-1] DEBUG org.asynchttpclient.netty.channel.DefaultChannelPool - Entry count for : http://localhost:53860 : 1
19:34:20.407 [AsyncHttpClient-1-1] DEBUG org.asynchttpclient.netty.channel.DefaultChannelPool - Entry count for : http://localhost:53860 : 1
19:34:21.508 [AsyncHttpClient-1-1] DEBUG org.asynchttpclient.netty.channel.DefaultChannelPool - Entry count for : http://localhost:53860 : 1
19:34:22.598 [AsyncHttpClient-1-1] DEBUG org.asynchttpclient.netty.channel.DefaultChannelPool - Entry count for : http://localhost:53860 : 1
19:34:23.701 [AsyncHttpClient-1-1] DEBUG org.asynchttpclient.netty.channel.DefaultChannelPool - Entry count for : http://localhost:53860 : 1
19:34:24.806 [AsyncHttpClient-1-1] DEBUG org.asynchttpclient.netty.channel.DefaultChannelPool - Entry count for : http://localhost:53860 : 1
19:34:25.911 [AsyncHttpClient-1-1] DEBUG org.asynchttpclient.netty.channel.DefaultChannelPool - Entry count for : http://localhost:53860 : 1
19:34:27.001 [AsyncHttpClient-1-1] DEBUG org.asynchttpclient.netty.channel.DefaultChannelPool - Entry count for : http://localhost:53860 : 1
19:34:28.105 [AsyncHttpClient-1-1] DEBUG org.asynchttpclient.netty.channel.DefaultChannelPool - Entry count for : http://localhost:53860 : 1
19:34:29.203 [AsyncHttpClient-1-1] DEBUG org.asynchttpclient.netty.channel.DefaultChannelPool - Entry count for : http://localhost:53860 : 1
19:34:30.311 [AsyncHttpClient-1-1] DEBUG org.asynchttpclient.netty.channel.DefaultChannelPool - Entry count for : http://localhost:53860 : 1
19:34:31.398 [AsyncHttpClient-1-1] DEBUG org.asynchttpclient.netty.channel.DefaultChannelPool - Entry count for : http://localhost:53860 : 1
19:34:32.505 [AsyncHttpClient-1-1] DEBUG org.asynchttpclient.netty.channel.DefaultChannelPool - Entry count for : http://localhost:53860 : 1
19:34:33.608 [AsyncHttpClient-1-1] DEBUG org.asynchttpclient.netty.channel.DefaultChannelPool - Entry count for : http://localhost:53860 : 1
19:34:34.708 [AsyncHttpClient-1-1] DEBUG org.asynchttpclient.netty.channel.DefaultChannelPool - Entry count for : http://localhost:53860 : 1
19:34:35.801 [AsyncHttpClient-1-1] DEBUG org.asynchttpclient.netty.channel.DefaultChannelPool - Entry count for : http://localhost:53860 : 1
19:34:36.901 [AsyncHttpClient-1-1] DEBUG org.asynchttpclient.netty.channel.DefaultChannelPool - Entry count for : http://localhost:53860 : 1
19:34:38.009 [AsyncHttpClient-1-1] DEBUG org.asynchttpclient.netty.channel.DefaultChannelPool - Entry count for : http://localhost:53860 : 1
19:34:39.114 [AsyncHttpClient-1-1] DEBUG org.asynchttpclient.netty.channel.DefaultChannelPool - Entry count for : http://localhost:53860 : 1
19:34:40.199 [AsyncHttpClient-1-1] DEBUG org.asynchttpclient.netty.channel.DefaultChannelPool - Entry count for : http://localhost:53860 : 1
19:34:41.308 [AsyncHttpClient-1-1] DEBUG org.asynchttpclient.netty.channel.DefaultChannelPool - Entry count for : http://localhost:53860 : 1
19:34:42.408 [AsyncHttpClient-1-1] DEBUG org.asynchttpclient.netty.channel.DefaultChannelPool - Entry count for : http://localhost:53860 : 1
19:34:43.498 [AsyncHttpClient-1-1] DEBUG org.asynchttpclient.netty.channel.DefaultChannelPool - Entry count for : http://localhost:53860 : 1
19:34:44.604 [AsyncHttpClient-1-1] DEBUG org.asynchttpclient.netty.channel.DefaultChannelPool - Entry count for : http://localhost:53860 : 1
19:34:45.703 [AsyncHttpClient-1-1] DEBUG org.asynchttpclient.netty.channel.DefaultChannelPool - Entry count for : http://localhost:53860 : 1
19:34:45.703 [AsyncHttpClient-1-1] DEBUG org.asynchttpclient.netty.channel.DefaultChannelPool - Adding Candidate expired Channel [id: 0xb4e94054, L:/127.0.0.1:53867 - R:localhost/127.0.0.1:53860] isIdleTimeoutExpired=true isRemotelyClosed=false isTtlExpired=false
19:34:45.703 [AsyncHttpClient-1-1] DEBUG org.asynchttpclient.netty.channel.DefaultChannelPool - Closing Idle Channel [id: 0xb4e94054, L:/127.0.0.1:53867 - R:localhost/127.0.0.1:53860]
19:34:45.703 [AsyncHttpClient-1-1] DEBUG org.asynchttpclient.netty.channel.DefaultChannelPool - Closed 1 connections out of 1 in 0 ms
19:34:45.703 [AsyncHttpClient-1-8] DEBUG org.asynchttpclient.netty.handler.HttpHandler - Channel Closed: [id: 0xb4e94054, L:/127.0.0.1:53867 ! R:localhost/127.0.0.1:53860] with attribute DISCARD
19:34:59.384 [AsyncHttpClient-1-7] DEBUG org.asynchttpclient.netty.handler.HttpHandler - 

Request DefaultHttpRequest(decodeResult: success, version: HTTP/1.1)
POST /session/04dba83287dde6da08fa7059302878b9/url HTTP/1.1
User-Agent: selenium/4.1.2 (java windows)
Content-Length: 59
Content-Type: application/json; charset=utf-8
host: localhost:51192
accept: */*

Response DefaultHttpResponse(decodeResult: success, version: HTTP/1.1)
HTTP/1.1 200 OK
Content-Type: application/json; charset=utf-8
cache-control: no-cache
content-length: 14

19:34:59.384 [AsyncHttpClient-1-7] DEBUG org.asynchttpclient.netty.channel.ChannelManager - Adding key: http://localhost:51192 for channel [id: 0xdec1b8c2, L:/127.0.0.1:53859 - R:localhost/127.0.0.1:51192]
19:34:59.386 [Forwarding setTimeout on session 04dba83287dde6da08fa7059302878b9 to remote] DEBUG org.asynchttpclient.netty.request.NettyRequestSender - Using pooled Channel '[id: 0xdec1b8c2, L:/127.0.0.1:53859 - R:localhost/127.0.0.1:51192]' for 'POST' to 'http://localhost:51192/session/04dba83287dde6da08fa7059302878b9/timeouts'
19:34:59.386 [Forwarding setTimeout on session 04dba83287dde6da08fa7059302878b9 to remote] DEBUG org.asynchttpclient.netty.request.NettyRequestSender - Using open Channel [id: 0xdec1b8c2, L:/127.0.0.1:53859 - R:localhost/127.0.0.1:51192] for POST '/session/04dba83287dde6da08fa7059302878b9/timeouts'
19:34:59.386 [AsyncHttpClient-1-7] DEBUG org.asynchttpclient.netty.handler.HttpHandler - 

Request DefaultHttpRequest(decodeResult: success, version: HTTP/1.1)
POST /session/04dba83287dde6da08fa7059302878b9/timeouts HTTP/1.1
User-Agent: selenium/4.1.2 (java windows)
Content-Length: 22
Content-Type: application/json; charset=utf-8
host: localhost:51192
accept: */*

Response DefaultHttpResponse(decodeResult: success, version: HTTP/1.1)
HTTP/1.1 200 OK
Content-Type: application/json; charset=utf-8
cache-control: no-cache
content-length: 14

19:34:59.387 [AsyncHttpClient-1-7] DEBUG org.asynchttpclient.netty.channel.ChannelManager - Adding key: http://localhost:51192 for channel [id: 0xdec1b8c2, L:/127.0.0.1:53859 - R:localhost/127.0.0.1:51192]
19:34:59.389 [Forwarding getCurrentUrl on session 04dba83287dde6da08fa7059302878b9 to remote] DEBUG org.asynchttpclient.netty.request.NettyRequestSender - Using pooled Channel '[id: 0xdec1b8c2, L:/127.0.0.1:53859 - R:localhost/127.0.0.1:51192]' for 'GET' to 'http://localhost:51192/session/04dba83287dde6da08fa7059302878b9/url'
19:34:59.389 [Forwarding getCurrentUrl on session 04dba83287dde6da08fa7059302878b9 to remote] DEBUG org.asynchttpclient.netty.request.NettyRequestSender - Using open Channel [id: 0xdec1b8c2, L:/127.0.0.1:53859 - R:localhost/127.0.0.1:51192] for GET '/session/04dba83287dde6da08fa7059302878b9/url'
19:34:59.393 [AsyncHttpClient-1-7] DEBUG org.asynchttpclient.netty.handler.HttpHandler - 

Request DefaultFullHttpRequest(decodeResult: success, version: HTTP/1.1, content: EmptyByteBufBE)
GET /session/04dba83287dde6da08fa7059302878b9/url HTTP/1.1
User-Agent: selenium/4.1.2 (java windows)
Cache-Control: no-cache
Content-Type: application/json; charset=utf-8
host: localhost:51192
accept: */*

Response DefaultHttpResponse(decodeResult: success, version: HTTP/1.1)
HTTP/1.1 200 OK
Content-Type: application/json; charset=utf-8
cache-control: no-cache
content-length: 41

19:34:59.393 [AsyncHttpClient-1-7] DEBUG org.asynchttpclient.netty.channel.ChannelManager - Adding key: http://localhost:51192 for channel [id: 0xdec1b8c2, L:/127.0.0.1:53859 - R:localhost/127.0.0.1:51192]
  &amp#27;[32mGiven &amp#27;[0m&amp#27;[32mI open the website&amp#27;[0m                                                  &amp#27;[90m# starter.steps.RegistrationStep.iOpenTheWebsite()&amp#27;[0m
19:34:59.397 [main] DEBUG net.serenitybdd.core.photography.Darkroom - Opening darkroom
19:34:59.398 [Darkroom Processing Line] DEBUG net.serenitybdd.core.photography.DarkroomProcessingLine - Darkroom processing line starting up
19:34:59.398 [Forwarding screenshot on session 04dba83287dde6da08fa7059302878b9 to remote] DEBUG org.asynchttpclient.netty.request.NettyRequestSender - Using pooled Channel '[id: 0xdec1b8c2, L:/127.0.0.1:53859 - R:localhost/127.0.0.1:51192]' for 'GET' to 'http://localhost:51192/session/04dba83287dde6da08fa7059302878b9/screenshot'
19:34:59.398 [Forwarding screenshot on session 04dba83287dde6da08fa7059302878b9 to remote] DEBUG org.asynchttpclient.netty.request.NettyRequestSender - Using open Channel [id: 0xdec1b8c2, L:/127.0.0.1:53859 - R:localhost/127.0.0.1:51192] for GET '/session/04dba83287dde6da08fa7059302878b9/screenshot'
19:34:59.591 [AsyncHttpClient-1-7] DEBUG org.asynchttpclient.netty.handler.HttpHandler - 

Request DefaultFullHttpRequest(decodeResult: success, version: HTTP/1.1, content: EmptyByteBufBE)
GET /session/04dba83287dde6da08fa7059302878b9/screenshot HTTP/1.1
User-Agent: selenium/4.1.2 (java windows)
Cache-Control: no-cache
Content-Type: application/json; charset=utf-8
host: localhost:51192
accept: */*

Response DefaultHttpResponse(decodeResult: success, version: HTTP/1.1)
HTTP/1.1 200 OK
Content-Type: application/json; charset=utf-8
cache-control: no-cache
content-length: 17156

19:34:59.591 [AsyncHttpClient-1-7] DEBUG org.asynchttpclient.netty.channel.ChannelManager - Adding key: http://localhost:51192 for channel [id: 0xdec1b8c2, L:/127.0.0.1:53859 - R:localhost/127.0.0.1:51192]
19:34:59.593 [main] DEBUG net.serenitybdd.core.photography.Darkroom - Send negative for processing for target\site\serenity\741583b400c154d452a86a511225eb3c6ee9b9d380715f5ccd465ca65c2c414b.png
19:34:59.593 [Darkroom Processing Line] DEBUG net.serenitybdd.core.photography.DarkroomProcessingLine - Processing screenshot image in /var/screenshots/screenshot-11981347733195990553
19:34:59.593 [Darkroom Processing Line] DEBUG net.serenitybdd.core.photography.DarkroomProcessingLine - Saving screenshot to target\site\serenity\741583b400c154d452a86a511225eb3c6ee9b9d380715f5ccd465ca65c2c414b.png
19:34:59.602 [Forwarding findElement on session 04dba83287dde6da08fa7059302878b9 to remote] DEBUG org.asynchttpclient.netty.request.NettyRequestSender - Using pooled Channel '[id: 0xdec1b8c2, L:/127.0.0.1:53859 - R:localhost/127.0.0.1:51192]' for 'POST' to 'http://localhost:51192/session/04dba83287dde6da08fa7059302878b9/element'
19:34:59.602 [Forwarding findElement on session 04dba83287dde6da08fa7059302878b9 to remote] DEBUG org.asynchttpclient.netty.request.NettyRequestSender - Using open Channel [id: 0xdec1b8c2, L:/127.0.0.1:53859 - R:localhost/127.0.0.1:51192] for POST '/session/04dba83287dde6da08fa7059302878b9/element'
19:34:59.612 [AsyncHttpClient-1-7] DEBUG org.asynchttpclient.netty.handler.HttpHandler - 

Request DefaultHttpRequest(decodeResult: success, version: HTTP/1.1)
POST /session/04dba83287dde6da08fa7059302878b9/element HTTP/1.1
User-Agent: selenium/4.1.2 (java windows)
Content-Length: 97
Content-Type: application/json; charset=utf-8
host: localhost:51192
accept: */*

Response DefaultHttpResponse(decodeResult: success, version: HTTP/1.1)
HTTP/1.1 200 OK
Content-Type: application/json; charset=utf-8
cache-control: no-cache
content-length: 88

19:34:59.612 [AsyncHttpClient-1-7] DEBUG org.asynchttpclient.netty.channel.ChannelManager - Adding key: http://localhost:51192 for channel [id: 0xdec1b8c2, L:/127.0.0.1:53859 - R:localhost/127.0.0.1:51192]
19:34:59.614 [Forwarding getElementTagName on session 04dba83287dde6da08fa7059302878b9 to remote] DEBUG org.asynchttpclient.netty.request.NettyRequestSender - Using pooled Channel '[id: 0xdec1b8c2, L:/127.0.0.1:53859 - R:localhost/127.0.0.1:51192]' for 'GET' to 'http://localhost:51192/session/04dba83287dde6da08fa7059302878b9/element/23335068-83cf-404e-ada3-3660e4266ac4/name'
19:34:59.614 [Forwarding getElementTagName on session 04dba83287dde6da08fa7059302878b9 to remote] DEBUG org.asynchttpclient.netty.request.NettyRequestSender - Using open Channel [id: 0xdec1b8c2, L:/127.0.0.1:53859 - R:localhost/127.0.0.1:51192] for GET '/session/04dba83287dde6da08fa7059302878b9/element/23335068-83cf-404e-ada3-3660e4266ac4/name'
19:34:59.618 [AsyncHttpClient-1-7] DEBUG org.asynchttpclient.netty.handler.HttpHandler - 

Request DefaultFullHttpRequest(decodeResult: success, version: HTTP/1.1, content: EmptyByteBufBE)
GET /session/04dba83287dde6da08fa7059302878b9/element/23335068-83cf-404e-ada3-3660e4266ac4/name HTTP/1.1
User-Agent: selenium/4.1.2 (java windows)
Cache-Control: no-cache
Content-Type: application/json; charset=utf-8
host: localhost:51192
accept: */*

Response DefaultHttpResponse(decodeResult: success, version: HTTP/1.1)
HTTP/1.1 200 OK
Content-Type: application/json; charset=utf-8
cache-control: no-cache
content-length: 13

19:34:59.618 [AsyncHttpClient-1-7] DEBUG org.asynchttpclient.netty.channel.ChannelManager - Adding key: http://localhost:51192 for channel [id: 0xdec1b8c2, L:/127.0.0.1:53859 - R:localhost/127.0.0.1:51192]
19:34:59.619 [Forwarding getElementTagName on session 04dba83287dde6da08fa7059302878b9 to remote] DEBUG org.asynchttpclient.netty.request.NettyRequestSender - Using pooled Channel '[id: 0xdec1b8c2, L:/127.0.0.1:53859 - R:localhost/127.0.0.1:51192]' for 'GET' to 'http://localhost:51192/session/04dba83287dde6da08fa7059302878b9/element/23335068-83cf-404e-ada3-3660e4266ac4/name'
19:34:59.619 [Forwarding getElementTagName on session 04dba83287dde6da08fa7059302878b9 to remote] DEBUG org.asynchttpclient.netty.request.NettyRequestSender - Using open Channel [id: 0xdec1b8c2, L:/127.0.0.1:53859 - R:localhost/127.0.0.1:51192] for GET '/session/04dba83287dde6da08fa7059302878b9/element/23335068-83cf-404e-ada3-3660e4266ac4/name'
19:34:59.622 [AsyncHttpClient-1-7] DEBUG org.asynchttpclient.netty.handler.HttpHandler - 

Request DefaultFullHttpRequest(decodeResult: success, version: HTTP/1.1, content: EmptyByteBufBE)
GET /session/04dba83287dde6da08fa7059302878b9/element/23335068-83cf-404e-ada3-3660e4266ac4/name HTTP/1.1
User-Agent: selenium/4.1.2 (java windows)
Cache-Control: no-cache
Content-Type: application/json; charset=utf-8
host: localhost:51192
accept: */*

Response DefaultHttpResponse(decodeResult: success, version: HTTP/1.1)
HTTP/1.1 200 OK
Content-Type: application/json; charset=utf-8
cache-control: no-cache
content-length: 13

19:34:59.623 [AsyncHttpClient-1-7] DEBUG org.asynchttpclient.netty.channel.ChannelManager - Adding key: http://localhost:51192 for channel [id: 0xdec1b8c2, L:/127.0.0.1:53859 - R:localhost/127.0.0.1:51192]
19:34:59.625 [Forwarding findElement on session 04dba83287dde6da08fa7059302878b9 to remote] DEBUG org.asynchttpclient.netty.request.NettyRequestSender - Using pooled Channel '[id: 0xdec1b8c2, L:/127.0.0.1:53859 - R:localhost/127.0.0.1:51192]' for 'POST' to 'http://localhost:51192/session/04dba83287dde6da08fa7059302878b9/element'
19:34:59.625 [Forwarding findElement on session 04dba83287dde6da08fa7059302878b9 to remote] DEBUG org.asynchttpclient.netty.request.NettyRequestSender - Using open Channel [id: 0xdec1b8c2, L:/127.0.0.1:53859 - R:localhost/127.0.0.1:51192] for POST '/session/04dba83287dde6da08fa7059302878b9/element'
19:34:59.632 [AsyncHttpClient-1-7] DEBUG org.asynchttpclient.netty.handler.HttpHandler - 

Request DefaultHttpRequest(decodeResult: success, version: HTTP/1.1)
POST /session/04dba83287dde6da08fa7059302878b9/element HTTP/1.1
User-Agent: selenium/4.1.2 (java windows)
Content-Length: 97
Content-Type: application/json; charset=utf-8
host: localhost:51192
accept: */*

Response DefaultHttpResponse(decodeResult: success, version: HTTP/1.1)
HTTP/1.1 200 OK
Content-Type: application/json; charset=utf-8
cache-control: no-cache
content-length: 88

19:34:59.632 [AsyncHttpClient-1-7] DEBUG org.asynchttpclient.netty.channel.ChannelManager - Adding key: http://localhost:51192 for channel [id: 0xdec1b8c2, L:/127.0.0.1:53859 - R:localhost/127.0.0.1:51192]
19:34:59.634 [Forwarding clickElement on session 04dba83287dde6da08fa7059302878b9 to remote] DEBUG org.asynchttpclient.netty.request.NettyRequestSender - Using pooled Channel '[id: 0xdec1b8c2, L:/127.0.0.1:53859 - R:localhost/127.0.0.1:51192]' for 'POST' to 'http://localhost:51192/session/04dba83287dde6da08fa7059302878b9/element/23335068-83cf-404e-ada3-3660e4266ac4/click'
19:34:59.634 [Forwarding clickElement on session 04dba83287dde6da08fa7059302878b9 to remote] DEBUG org.asynchttpclient.netty.request.NettyRequestSender - Using open Channel [id: 0xdec1b8c2, L:/127.0.0.1:53859 - R:localhost/127.0.0.1:51192] for POST '/session/04dba83287dde6da08fa7059302878b9/element/23335068-83cf-404e-ada3-3660e4266ac4/click'
19:35:01.753 [AsyncHttpClient-1-7] DEBUG org.asynchttpclient.netty.handler.HttpHandler - 

Request DefaultHttpRequest(decodeResult: success, version: HTTP/1.1)
POST /session/04dba83287dde6da08fa7059302878b9/element/23335068-83cf-404e-ada3-3660e4266ac4/click HTTP/1.1
User-Agent: selenium/4.1.2 (java windows)
Content-Length: 50
Content-Type: application/json; charset=utf-8
host: localhost:51192
accept: */*

Response DefaultHttpResponse(decodeResult: success, version: HTTP/1.1)
HTTP/1.1 400 Bad Request
Content-Type: application/json; charset=utf-8
cache-control: no-cache
content-length: 961

19:35:01.754 [AsyncHttpClient-1-7] DEBUG org.asynchttpclient.netty.channel.ChannelManager - Adding key: http://localhost:51192 for channel [id: 0xdec1b8c2, L:/127.0.0.1:53859 - R:localhost/127.0.0.1:51192]
19:35:01.766 [Forwarding screenshot on session 04dba83287dde6da08fa7059302878b9 to remote] DEBUG org.asynchttpclient.netty.request.NettyRequestSender - Using pooled Channel '[id: 0xdec1b8c2, L:/127.0.0.1:53859 - R:localhost/127.0.0.1:51192]' for 'GET' to 'http://localhost:51192/session/04dba83287dde6da08fa7059302878b9/screenshot'
19:35:01.766 [Forwarding screenshot on session 04dba83287dde6da08fa7059302878b9 to remote] DEBUG org.asynchttpclient.netty.request.NettyRequestSender - Using open Channel [id: 0xdec1b8c2, L:/127.0.0.1:53859 - R:localhost/127.0.0.1:51192] for GET '/session/04dba83287dde6da08fa7059302878b9/screenshot'
19:35:01.894 [AsyncHttpClient-1-7] DEBUG org.asynchttpclient.netty.handler.HttpHandler - 

Request DefaultFullHttpRequest(decodeResult: success, version: HTTP/1.1, content: EmptyByteBufBE)
GET /session/04dba83287dde6da08fa7059302878b9/screenshot HTTP/1.1
User-Agent: selenium/4.1.2 (java windows)
Cache-Control: no-cache
Content-Type: application/json; charset=utf-8
host: localhost:51192
accept: */*

Response DefaultHttpResponse(decodeResult: success, version: HTTP/1.1)
HTTP/1.1 200 OK
Content-Type: application/json; charset=utf-8
cache-control: no-cache
content-length: 62640

19:35:01.895 [AsyncHttpClient-1-7] DEBUG org.asynchttpclient.netty.channel.ChannelManager - Adding key: http://localhost:51192 for channel [id: 0xdec1b8c2, L:/127.0.0.1:53859 - R:localhost/127.0.0.1:51192]
19:35:01.897 [main] DEBUG net.serenitybdd.core.photography.Darkroom - Send negative for processing for target\site\serenity\8f0792003b527ad7d87520fe4bc21e86c1e4ecd8e7eb470279ec3f7f7a69a2f0.png
19:35:01.898 [Darkroom Processing Line] DEBUG net.serenitybdd.core.photography.DarkroomProcessingLine - Processing screenshot image in /var/screenshots/screenshot-17599044701479553281
19:35:01.898 [Darkroom Processing Line] DEBUG net.serenitybdd.core.photography.DarkroomProcessingLine - Saving screenshot to target\site\serenity\8f0792003b527ad7d87520fe4bc21e86c1e4ecd8e7eb470279ec3f7f7a69a2f0.png
19:35:01.903 [Forwarding getPageSource on session 04dba83287dde6da08fa7059302878b9 to remote] DEBUG org.asynchttpclient.netty.request.NettyRequestSender - Using pooled Channel '[id: 0xdec1b8c2, L:/127.0.0.1:53859 - R:localhost/127.0.0.1:51192]' for 'POST' to 'http://localhost:51192/session/04dba83287dde6da08fa7059302878b9/execute/sync'
19:35:01.903 [Forwarding getPageSource on session 04dba83287dde6da08fa7059302878b9 to remote] DEBUG org.asynchttpclient.netty.request.NettyRequestSender - Using open Channel [id: 0xdec1b8c2, L:/127.0.0.1:53859 - R:localhost/127.0.0.1:51192] for POST '/session/04dba83287dde6da08fa7059302878b9/execute/sync'
19:35:01.995 [AsyncHttpClient-1-7] DEBUG org.asynchttpclient.netty.handler.HttpHandler - 

Request DefaultHttpRequest(decodeResult: success, version: HTTP/1.1)
POST /session/04dba83287dde6da08fa7059302878b9/execute/sync HTTP/1.1
User-Agent: selenium/4.1.2 (java windows)
Content-Length: 176
Content-Type: application/json; charset=utf-8
host: localhost:51192
accept: */*

Response DefaultHttpResponse(decodeResult: success, version: HTTP/1.1)
HTTP/1.1 200 OK
Content-Type: application/json; charset=utf-8
cache-control: no-cache
content-length: 194200

19:35:01.995 [AsyncHttpClient-1-7] DEBUG org.asynchttpclient.netty.channel.ChannelManager - Adding key: http://localhost:51192 for channel [id: 0xdec1b8c2, L:/127.0.0.1:53859 - R:localhost/127.0.0.1:51192]
19:35:02.094 [Forwarding getCurrentUrl on session 04dba83287dde6da08fa7059302878b9 to remote] DEBUG org.asynchttpclient.netty.request.NettyRequestSender - Using pooled Channel '[id: 0xdec1b8c2, L:/127.0.0.1:53859 - R:localhost/127.0.0.1:51192]' for 'GET' to 'http://localhost:51192/session/04dba83287dde6da08fa7059302878b9/url'
19:35:02.095 [Forwarding getCurrentUrl on session 04dba83287dde6da08fa7059302878b9 to remote] DEBUG org.asynchttpclient.netty.request.NettyRequestSender - Using open Channel [id: 0xdec1b8c2, L:/127.0.0.1:53859 - R:localhost/127.0.0.1:51192] for GET '/session/04dba83287dde6da08fa7059302878b9/url'
19:35:02.110 [AsyncHttpClient-1-7] DEBUG org.asynchttpclient.netty.handler.HttpHandler - 

Request DefaultFullHttpRequest(decodeResult: success, version: HTTP/1.1, content: EmptyByteBufBE)
GET /session/04dba83287dde6da08fa7059302878b9/url HTTP/1.1
User-Agent: selenium/4.1.2 (java windows)
Cache-Control: no-cache
Content-Type: application/json; charset=utf-8
host: localhost:51192
accept: */*

Response DefaultHttpResponse(decodeResult: success, version: HTTP/1.1)
HTTP/1.1 200 OK
Content-Type: application/json; charset=utf-8
cache-control: no-cache
content-length: 41

19:35:02.111 [AsyncHttpClient-1-7] DEBUG org.asynchttpclient.netty.channel.ChannelManager - Adding key: http://localhost:51192 for channel [id: 0xdec1b8c2, L:/127.0.0.1:53859 - R:localhost/127.0.0.1:51192]
  &amp#27;[31mAnd &amp#27;[0m&amp#27;[31mI click sign in button&amp#27;[0m                                                &amp#27;[90m# starter.steps.RegistrationStep.iClickSignInButton()&amp#27;[0m
      &amp#27;[31morg.openqa.selenium.ElementNotInteractableException: element not interactable
  (Session info: chrome=106.0.5249.121)
Build info: version: '4.1.2', revision: '9a5a329c5a'
System info: host: 'MYLNAP', ip: '192.168.110.45', os.name: 'Windows 11', os.arch: 'amd64', os.version: '10.0', java.version: '11.0.16'
Driver info: org.openqa.selenium.chrome.ChromeDriver
Command: [04dba83287dde6da08fa7059302878b9, clickElement {id=23335068-83cf-404e-ada3-3660e4266ac4}]
Capabilities {acceptInsecureCerts: false, browserName: chrome, browserVersion: 106.0.5249.121, chrome: {chromedriverVersion: 106.0.5249.61 (511755355844..., userDataDir: C:\Users\user\AppData\Local...}, goog:chromeOptions: {debuggerAddress: localhost:53860}, javascriptEnabled: true, networkConnectionEnabled: false, pageLoadStrategy: normal, platform: WINDOWS, platformName: WINDOWS, proxy: Proxy(), se:cdp: ws://localhost:53860/devtoo..., se:cdpVersion: 106.0.5249.121, setWindowRect: true, strictFileInteractability: false, timeouts: {implicit: 0, pageLoad: 300000, script: 30000}, unhandledPromptBehavior: dismiss and notify, webauthn:extension:credBlob: true, webauthn:extension:largeBlob: true, webauthn:virtualAuthenticators: true}
Element: [[ChromeDriver: chrome on WINDOWS (04dba83287dde6da08fa7059302878b9)] -> xpath: //button//i[contains(@class, 'sign-in')]]
Session ID: 04dba83287dde6da08fa7059302878b9
	at java.base/jdk.internal.reflect.NativeConstructorAccessorImpl.newInstance0(Native Method)
	at java.base/jdk.internal.reflect.NativeConstructorAccessorImpl.newInstance(NativeConstructorAccessorImpl.java:62)
	at java.base/jdk.internal.reflect.DelegatingConstructorAccessorImpl.newInstance(DelegatingConstructorAccessorImpl.java:45)
	at java.base/java.lang.reflect.Constructor.newInstance(Constructor.java:490)
	at org.openqa.selenium.remote.codec.w3c.W3CHttpResponseCodec.createException(W3CHttpResponseCodec.java:200)
	at org.openqa.selenium.remote.codec.w3c.W3CHttpResponseCodec.decode(W3CHttpResponseCodec.java:133)
	at org.openqa.selenium.remote.codec.w3c.W3CHttpResponseCodec.decode(W3CHttpResponseCodec.java:53)
	at org.openqa.selenium.remote.HttpCommandExecutor.execute(HttpCommandExecutor.java:184)
	at org.openqa.selenium.remote.service.DriverCommandExecutor.invokeExecute(DriverCommandExecutor.java:167)
	at org.openqa.selenium.remote.service.DriverCommandExecutor.execute(DriverCommandExecutor.java:142)
	at org.openqa.selenium.remote.RemoteWebDriver.execute(RemoteWebDriver.java:558)
	at org.openqa.selenium.remote.RemoteWebElement.execute(RemoteWebElement.java:251)
	at org.openqa.selenium.remote.RemoteWebElement.click(RemoteWebElement.java:77)
	at net.serenitybdd.core.pages.WebElementFacadeImpl.click(WebElementFacadeImpl.java:1192)
	at net.serenitybdd.core.pages.WebElementFacadeImpl.click(WebElementFacadeImpl.java:1201)
	at MiniProjWeb@1.0-SNAPSHOT/starter.pages.RegistrationPage.clckSignIn(RegistrationPage.java:35)
	at MiniProjWeb@1.0-SNAPSHOT/starter.pages.RegistrationPage$ByteBuddy$JtC6E7HL.clckSignIn$accessor$H7f5d05r(Unknown Source)
	at java.base/jdk.internal.reflect.NativeMethodAccessorImpl.invoke0(Native Method)
	at java.base/jdk.internal.reflect.NativeMethodAccessorImpl.invoke(NativeMethodAccessorImpl.java:62)
	at java.base/jdk.internal.reflect.DelegatingMethodAccessorImpl.invoke(DelegatingMethodAccessorImpl.java:43)
	at java.base/java.lang.reflect.Method.invoke(Method.java:566)
	at net.thucydides.core.steps.BaseMethodRunner.invokeMethod(BaseMethodRunner.java:18)
	at net.thucydides.core.steps.NormalMethodRunner.invokeMethodAndNotifyFailures(NormalMethodRunner.java:18)
	at net.thucydides.core.steps.StepInterceptor.runNormalMethod(StepInterceptor.java:406)
	at net.thucydides.core.steps.StepInterceptor.testStepResult(StepInterceptor.java:191)
	at net.thucydides.core.steps.StepInterceptor.intercept(StepInterceptor.java:84)
	at net.thucydides.core.steps.ProxyConfiguration$InterceptorDispatcher.intercept(ProxyConfiguration.java:51)
	at MiniProjWeb@1.0-SNAPSHOT/starter.pages.RegistrationPage$ByteBuddy$JtC6E7HL.clckSignIn(Unknown Source)
	at MiniProjWeb@1.0-SNAPSHOT/starter.steps.RegistrationStep.iClickSignInButton(RegistrationStep.java:21)
	at âœ½.I click sign in button(file:///D:/TIC/Kampus%20Merdeka/MSIB/Studi%20Independen/Alterra/MiniProject/MiniProjWeb/src/test/resources/features/login/Detail.feature:9)
&amp#27;[0m
  &amp#27;[36mAnd &amp#27;[0m&amp#27;[36mI input &amp#27;[0m&amp#27;[36m&amp#27;[1m"maylananggi@gmail.com"&amp#27;[0m&amp#27;[36m email and &amp#27;[0m&amp#27;[36m&amp#27;[1m"maylanqe22"&amp#27;[0m&amp#27;[36m password valid&amp#27;[0m &amp#27;[90m# starter.steps.DetailStep.iInputEmailAndPasswordValid(java.lang.String,java.lang.String)&amp#27;[0m
  &amp#27;[36mAnd &amp#27;[0m&amp#27;[36mclick login button&amp#27;[0m                                                    &amp#27;[90m# starter.steps.DetailStep.clickLoginButton()&amp#27;[0m
  &amp#27;[36mAnd &amp#27;[0m&amp#27;[36mI can login &amp#27;[0m&amp#27;[36m&amp#27;[1m"can login"&amp#27;[0m                                               &amp#27;[90m# starter.steps.DetailStep.iCanLogin(java.lang.String)&amp#27;[0m
  &amp#27;[36mWhen &amp#27;[0m&amp#27;[36mI click detail button&amp#27;[0m                                                &amp#27;[90m# starter.steps.DetailStep.iClickDetailButton()&amp#27;[0m
  &amp#27;[36mThen &amp#27;[0m&amp#27;[36mI go to detail product&amp#27;[0m                                               &amp#27;[90m# starter.steps.DetailStep.iGoToDetailProduct()&amp#27;[0m
19:35:02.204 [AsyncHttpClient-1-1] DEBUG org.asynchttpclient.netty.channel.DefaultChannelPool - Entry count for : http://localhost:51192 : 1
19:35:02.215 [AsyncHttpClient-1-9] DEBUG org.asynchttpclient.netty.handler.WebSocketHandler - Channel Closed: [id: 0x7c157a65, L:/127.0.0.1:53868 ! R:localhost/127.0.0.1:53860] with attribute NettyResponseFuture{currentRetry=5,
	isDone=1,
	isCancelled=0,
	asyncHandler=org.asynchttpclient.ws.WebSocketUpgradeHandler@6fb58254,
	nettyRequest=org.asynchttpclient.netty.request.NettyRequest@353daa8,
	future=java.util.concurrent.CompletableFuture@41711d91[Completed normally],
	uri=ws://localhost:53860/devtools/browser/cf952cba-f3c8-4a00-b0fd-5d5f34b624f8,
	keepAlive=true,
	redirectCount=0,
	timeoutsHolder=null,
	inAuth=0,
	touch=1667219624994}
19:35:02.216 [AsyncHttpClient-1-9] DEBUG org.asynchttpclient.netty.channel.ChannelManager - Closing Channel [id: 0x7c157a65, L:/127.0.0.1:53868 ! R:localhost/127.0.0.1:53860] 
19:35:02.216 [Driver Command Executor] DEBUG org.asynchttpclient.netty.request.NettyRequestSender - Using pooled Channel '[id: 0xdec1b8c2, L:/127.0.0.1:53859 - R:localhost/127.0.0.1:51192]' for 'DELETE' to 'http://localhost:51192/session/04dba83287dde6da08fa7059302878b9'
19:35:02.216 [Driver Command Executor] DEBUG org.asynchttpclient.netty.request.NettyRequestSender - Using open Channel [id: 0xdec1b8c2, L:/127.0.0.1:53859 - R:localhost/127.0.0.1:51192] for DELETE '/session/04dba83287dde6da08fa7059302878b9'
19:35:02.297 [AsyncHttpClient-1-7] DEBUG org.asynchttpclient.netty.handler.HttpHandler - 

Request DefaultFullHttpRequest(decodeResult: success, version: HTTP/1.1, content: EmptyByteBufBE)
DELETE /session/04dba83287dde6da08fa7059302878b9 HTTP/1.1
User-Agent: selenium/4.1.2 (java windows)
Content-Type: application/json; charset=utf-8
host: localhost:51192
accept: */*

Response DefaultHttpResponse(decodeResult: success, version: HTTP/1.1)
HTTP/1.1 200 OK
Content-Type: application/json; charset=utf-8
cache-control: no-cache
content-length: 14

19:35:02.297 [AsyncHttpClient-1-7] DEBUG org.asynchttpclient.netty.channel.ChannelManager - Adding key: http://localhost:51192 for channel [id: 0xdec1b8c2, L:/127.0.0.1:53859 - R:localhost/127.0.0.1:51192]
19:35:02.368 [AsyncHttpClient-1-7] DEBUG org.asynchttpclient.netty.handler.HttpHandler - Channel Closed: [id: 0xdec1b8c2, L:/127.0.0.1:53859 ! R:localhost/127.0.0.1:51192] with attribute DISCARD
19:35:02.397 [main] ERROR  - 
  _____   ___   ___   _____     ___   ___   ___    ___    ___ 
 |_   _| | __| / __| |_   _|   | __| | _ \ | _ \  / _ \  | _ \
   | |   | _|  \__ \   | |     | _|  |   / |   / | (_) | |   /
   |_|   |___| |___/   |_|     |___| |_|_\ |_|_\  \___/  |_|_\

I click button detail after login
---------------------------------------------------------------
19:35:02.397 [main] DEBUG  - RELATED ISSUES: 
19:35:02.399 [main] ERROR  -     Test failed at step: Clck sign in
19:35:02.399 [main] ERROR  -     element not interactable
]]></system-out>
    <system-err><![CDATA[Starting ChromeDriver 106.0.5249.61 (511755355844955cd3e264779baf0dd38212a4d0-refs/branch-heads/5249@{#569}) on port 51192
Only local connections are allowed.
Please see https://chromedriver.chromium.org/security-considerations for suggestions on keeping ChromeDriver safe.
ChromeDriver was started successfully.
Oct 31, 2022 7:33:44 PM org.openqa.selenium.remote.ProtocolHandshake createSession
INFO: Detected dialect: W3C
Oct 31, 2022 7:33:44 PM org.openqa.selenium.devtools.CdpVersionFinder findNearestMatch
WARNING: Unable to find an exact match for CDP version 106, so returning the closest version found: a no-op implementation
Oct 31, 2022 7:33:44 PM org.openqa.selenium.devtools.CdpVersionFinder findNearestMatch
INFO: Unable to find CDP implementation matching 106.
Oct 31, 2022 7:33:44 PM org.openqa.selenium.chromium.ChromiumDriver lambda$new$3
WARNING: Unable to find version of CDP to use for . You may need to include a dependency on a specific version of the CDP using something similar to `org.seleniumhq.selenium:selenium-devtools-v86:4.1.2` where the version ("v86") matches the version of the chromium-based browser you're using and the version number of the artifact is the same as Selenium's.
]]></system-err>
  </testcase>
  <testcase name="give 4 star" classname="Page Home" time="47.958">
    <system-out><![CDATA[
@Detail
Scenario: give 4 star          &amp#27;[90m# src/test/resources/features/login/Detail.feature:19&amp#27;[0m
19:35:02.417 [main] INFO io.cucumber.core.plugin.SerenityReporter - Running feature from file:///D:/TIC/Kampus%20Merdeka/MSIB/Studi%20Independen/Alterra/MiniProject/MiniProjWeb/src/test/resources/features/login/Detail.feature
19:35:02.418 [main] INFO  - 
  _____   ___   ___   _____     ___   _____     _     ___   _____   ___   ___  
 |_   _| | __| / __| |_   _|   / __| |_   _|   /_\   | _ \ |_   _| | __| |   \ 
   | |   | _|  \__ \   | |     \__ \   | |    / _ \  |   /   | |   | _|  | |) |
   |_|   |___| |___/   |_|     |___/   |_|   /_/ \_\ |_|_\   |_|   |___| |___/ 

give 4 star(page-home;give-4-star)
--------------------------------------------------------------------------------
19:35:02.432 [main] INFO net.serenitybdd.core.webdriver.driverproviders.ChromeDriverProvider - Using automatically driver download
19:35:02.569 [main] DEBUG io.github.bonigarcia.wdm.cache.ResolutionCache - Resolution chrome=106 in cache (valid until 19:46:39 31/10/2022 ICT)
19:35:02.573 [main] DEBUG io.github.bonigarcia.wdm.cache.ResolutionCache - Resolution chrome106=106.0.5249.61 in cache (valid until 17:34:34 01/11/2022 ICT)
19:35:02.574 [main] INFO io.github.bonigarcia.wdm.WebDriverManager - Using chromedriver 106.0.5249.61 (resolved driver for Chrome 106)
19:35:02.580 [main] DEBUG io.github.bonigarcia.wdm.WebDriverManager - Driver chromedriver 106.0.5249.61 found in cache
19:35:02.581 [main] INFO io.github.bonigarcia.wdm.WebDriverManager - Exporting webdriver.chrome.driver as C:\Users\user\.cache\selenium\chromedriver\win32\106.0.5249.61\chromedriver.exe
19:35:02.698 [main] DEBUG net.serenitybdd.core.webdriver.driverproviders.ProvideNewDriver - Instantiating driver
19:35:02.698 [main] DEBUG net.serenitybdd.core.webdriver.driverproviders.ProvideNewDriver - Driver capabilities: Capabilities {acceptInsecureCerts: false, base.url: https://alta-shop.vercel.app, browserName: chrome, chrome.driver: src/test/resources/webdrive..., driver: chrome, goog:chromeOptions: {args: [], extensions: []}, wait.for.timeout: 500}
19:35:02.758 [AsyncHttpClient-1-2] DEBUG org.asynchttpclient.netty.channel.NettyConnectListener - Using new Channel '[id: 0x1735db0e, L:/127.0.0.1:53967 - R:localhost/127.0.0.1:58136]' for 'POST' to '/session'
19:35:03.310 [AsyncHttpClient-1-1] DEBUG org.asynchttpclient.netty.channel.DefaultChannelPool - Entry count for : http://localhost:51192 : 1
19:35:03.310 [AsyncHttpClient-1-1] DEBUG org.asynchttpclient.netty.channel.DefaultChannelPool - Adding Candidate expired Channel [id: 0xdec1b8c2, L:/127.0.0.1:53859 ! R:localhost/127.0.0.1:51192] isIdleTimeoutExpired=false isRemotelyClosed=true isTtlExpired=false
19:35:03.310 [AsyncHttpClient-1-1] DEBUG org.asynchttpclient.netty.channel.DefaultChannelPool - Closing Idle Channel [id: 0xdec1b8c2, L:/127.0.0.1:53859 ! R:localhost/127.0.0.1:51192]
19:35:03.310 [AsyncHttpClient-1-1] DEBUG org.asynchttpclient.netty.channel.DefaultChannelPool - Closed 1 connections out of 1 in 0 ms
19:35:03.497 [AsyncHttpClient-1-2] DEBUG org.asynchttpclient.netty.handler.HttpHandler - 

Request DefaultHttpRequest(decodeResult: success, version: HTTP/1.1)
POST /session HTTP/1.1
User-Agent: selenium/4.1.2 (java windows)
Content-Length: 638
Content-Type: application/json; charset=utf-8
host: localhost:58136
accept: */*

Response DefaultHttpResponse(decodeResult: success, version: HTTP/1.1)
HTTP/1.1 200 OK
Content-Type: application/json; charset=utf-8
cache-control: no-cache
content-length: 790

19:35:03.498 [AsyncHttpClient-1-2] DEBUG org.asynchttpclient.netty.channel.ChannelManager - Adding key: http://localhost:58136 for channel [id: 0x1735db0e, L:/127.0.0.1:53967 - R:localhost/127.0.0.1:58136]
19:35:03.510 [AsyncHttpClient-1-3] DEBUG org.asynchttpclient.netty.channel.NettyConnectListener - Using new Channel '[id: 0x14a96a11, L:/127.0.0.1:53981 - R:localhost/127.0.0.1:53971]' for 'GET' to '/json/version'
19:35:03.512 [AsyncHttpClient-1-3] DEBUG org.asynchttpclient.netty.handler.HttpHandler - 

Request DefaultFullHttpRequest(decodeResult: success, version: HTTP/1.1, content: EmptyByteBufBE)
GET /json/version HTTP/1.1
User-Agent: selenium/4.1.2 (java windows)
host: localhost:53971
accept: */*

Response DefaultHttpResponse(decodeResult: success, version: HTTP/1.1)
HTTP/1.1 200 OK
Content-Type: application/json; charset=UTF-8
content-length: 424

19:35:03.512 [AsyncHttpClient-1-3] DEBUG org.asynchttpclient.netty.channel.ChannelManager - Adding key: http://localhost:53971 for channel [id: 0x14a96a11, L:/127.0.0.1:53981 - R:localhost/127.0.0.1:53971]
19:35:03.516 [AsyncHttpClient-1-4] DEBUG org.asynchttpclient.netty.channel.NettyConnectListener - Using new Channel '[id: 0xbef92591, L:/127.0.0.1:53982 - R:localhost/127.0.0.1:53971]' for 'GET' to '/devtools/browser/c3a71f71-8f20-4596-b280-554d237d6d25'
19:35:03.519 [AsyncHttpClient-1-4] DEBUG org.asynchttpclient.netty.handler.WebSocketHandler - 

Request DefaultFullHttpRequest(decodeResult: success, version: HTTP/1.1, content: EmptyByteBufBE)
GET /devtools/browser/c3a71f71-8f20-4596-b280-554d237d6d25 HTTP/1.1
upgrade: websocket
connection: upgrade
sec-websocket-key: RC1EwRAPcQj9oaN6z7HgIQ==
sec-websocket-version: 13
origin: http://localhost:53971
host: localhost:53971
accept: */*
user-agent: AHC/2.1

Response DefaultHttpResponse(decodeResult: success, version: HTTP/1.1)
HTTP/1.1 101 WebSocket Protocol Handshake
Upgrade: WebSocket
Connection: Upgrade
Sec-WebSocket-Accept: HNgp+NuXjYaE2/Uc+hmFC7O9NcU=

19:35:03.532 [Forwarding get on session cffdeb5c97b732120e0feb61919ef1fc to remote] DEBUG org.asynchttpclient.netty.request.NettyRequestSender - Using pooled Channel '[id: 0x1735db0e, L:/127.0.0.1:53967 - R:localhost/127.0.0.1:58136]' for 'POST' to 'http://localhost:58136/session/cffdeb5c97b732120e0feb61919ef1fc/url'
19:35:03.532 [Forwarding get on session cffdeb5c97b732120e0feb61919ef1fc to remote] DEBUG org.asynchttpclient.netty.request.NettyRequestSender - Using open Channel [id: 0x1735db0e, L:/127.0.0.1:53967 - R:localhost/127.0.0.1:58136] for POST '/session/cffdeb5c97b732120e0feb61919ef1fc/url'
19:35:04.398 [AsyncHttpClient-1-1] DEBUG org.asynchttpclient.netty.channel.DefaultChannelPool - Entry count for : http://localhost:53971 : 1
19:35:05.500 [AsyncHttpClient-1-1] DEBUG org.asynchttpclient.netty.channel.DefaultChannelPool - Entry count for : http://localhost:53971 : 1
19:35:06.606 [AsyncHttpClient-1-1] DEBUG org.asynchttpclient.netty.channel.DefaultChannelPool - Entry count for : http://localhost:53971 : 1
19:35:07.697 [AsyncHttpClient-1-1] DEBUG org.asynchttpclient.netty.channel.DefaultChannelPool - Entry count for : http://localhost:53971 : 1
19:35:08.805 [AsyncHttpClient-1-1] DEBUG org.asynchttpclient.netty.channel.DefaultChannelPool - Entry count for : http://localhost:53971 : 1
19:35:09.906 [AsyncHttpClient-1-1] DEBUG org.asynchttpclient.netty.channel.DefaultChannelPool - Entry count for : http://localhost:53971 : 1
19:35:10.998 [AsyncHttpClient-1-1] DEBUG org.asynchttpclient.netty.channel.DefaultChannelPool - Entry count for : http://localhost:53971 : 1
19:35:12.101 [AsyncHttpClient-1-1] DEBUG org.asynchttpclient.netty.channel.DefaultChannelPool - Entry count for : http://localhost:53971 : 1
19:35:13.205 [AsyncHttpClient-1-1] DEBUG org.asynchttpclient.netty.channel.DefaultChannelPool - Entry count for : http://localhost:53971 : 1
19:35:14.297 [AsyncHttpClient-1-1] DEBUG org.asynchttpclient.netty.channel.DefaultChannelPool - Entry count for : http://localhost:53971 : 1
19:35:15.398 [AsyncHttpClient-1-1] DEBUG org.asynchttpclient.netty.channel.DefaultChannelPool - Entry count for : http://localhost:53971 : 1
19:35:16.500 [AsyncHttpClient-1-1] DEBUG org.asynchttpclient.netty.channel.DefaultChannelPool - Entry count for : http://localhost:53971 : 1
19:35:17.605 [AsyncHttpClient-1-1] DEBUG org.asynchttpclient.netty.channel.DefaultChannelPool - Entry count for : http://localhost:53971 : 1
19:35:18.698 [AsyncHttpClient-1-1] DEBUG org.asynchttpclient.netty.channel.DefaultChannelPool - Entry count for : http://localhost:53971 : 1
19:35:19.800 [AsyncHttpClient-1-1] DEBUG org.asynchttpclient.netty.channel.DefaultChannelPool - Entry count for : http://localhost:53971 : 1
19:35:20.904 [AsyncHttpClient-1-1] DEBUG org.asynchttpclient.netty.channel.DefaultChannelPool - Entry count for : http://localhost:53971 : 1
19:35:22.007 [AsyncHttpClient-1-1] DEBUG org.asynchttpclient.netty.channel.DefaultChannelPool - Entry count for : http://localhost:53971 : 1
19:35:23.098 [AsyncHttpClient-1-1] DEBUG org.asynchttpclient.netty.channel.DefaultChannelPool - Entry count for : http://localhost:53971 : 1
19:35:24.198 [AsyncHttpClient-1-1] DEBUG org.asynchttpclient.netty.channel.DefaultChannelPool - Entry count for : http://localhost:53971 : 1
19:35:25.301 [AsyncHttpClient-1-1] DEBUG org.asynchttpclient.netty.channel.DefaultChannelPool - Entry count for : http://localhost:53971 : 1
19:35:26.408 [AsyncHttpClient-1-1] DEBUG org.asynchttpclient.netty.channel.DefaultChannelPool - Entry count for : http://localhost:53971 : 1
19:35:27.498 [AsyncHttpClient-1-1] DEBUG org.asynchttpclient.netty.channel.DefaultChannelPool - Entry count for : http://localhost:53971 : 1
19:35:28.601 [AsyncHttpClient-1-1] DEBUG org.asynchttpclient.netty.channel.DefaultChannelPool - Entry count for : http://localhost:53971 : 1
19:35:29.705 [AsyncHttpClient-1-1] DEBUG org.asynchttpclient.netty.channel.DefaultChannelPool - Entry count for : http://localhost:53971 : 1
19:35:30.810 [AsyncHttpClient-1-1] DEBUG org.asynchttpclient.netty.channel.DefaultChannelPool - Entry count for : http://localhost:53971 : 1
19:35:31.900 [AsyncHttpClient-1-1] DEBUG org.asynchttpclient.netty.channel.DefaultChannelPool - Entry count for : http://localhost:53971 : 1
19:35:33.005 [AsyncHttpClient-1-1] DEBUG org.asynchttpclient.netty.channel.DefaultChannelPool - Entry count for : http://localhost:53971 : 1
19:35:34.112 [AsyncHttpClient-1-1] DEBUG org.asynchttpclient.netty.channel.DefaultChannelPool - Entry count for : http://localhost:53971 : 1
19:35:35.200 [AsyncHttpClient-1-1] DEBUG org.asynchttpclient.netty.channel.DefaultChannelPool - Entry count for : http://localhost:53971 : 1
19:35:36.307 [AsyncHttpClient-1-1] DEBUG org.asynchttpclient.netty.channel.DefaultChannelPool - Entry count for : http://localhost:53971 : 1
19:35:37.401 [AsyncHttpClient-1-1] DEBUG org.asynchttpclient.netty.channel.DefaultChannelPool - Entry count for : http://localhost:53971 : 1
19:35:38.504 [AsyncHttpClient-1-1] DEBUG org.asynchttpclient.netty.channel.DefaultChannelPool - Entry count for : http://localhost:53971 : 1
19:35:39.606 [AsyncHttpClient-1-1] DEBUG org.asynchttpclient.netty.channel.DefaultChannelPool - Entry count for : http://localhost:53971 : 1
19:35:40.698 [AsyncHttpClient-1-1] DEBUG org.asynchttpclient.netty.channel.DefaultChannelPool - Entry count for : http://localhost:53971 : 1
19:35:41.801 [AsyncHttpClient-1-1] DEBUG org.asynchttpclient.netty.channel.DefaultChannelPool - Entry count for : http://localhost:53971 : 1
19:35:42.906 [AsyncHttpClient-1-1] DEBUG org.asynchttpclient.netty.channel.DefaultChannelPool - Entry count for : http://localhost:53971 : 1
19:35:44.004 [AsyncHttpClient-1-1] DEBUG org.asynchttpclient.netty.channel.DefaultChannelPool - Entry count for : http://localhost:53971 : 1
19:35:45.101 [AsyncHttpClient-1-1] DEBUG org.asynchttpclient.netty.channel.DefaultChannelPool - Entry count for : http://localhost:53971 : 1
19:35:46.207 [AsyncHttpClient-1-1] DEBUG org.asynchttpclient.netty.channel.DefaultChannelPool - Entry count for : http://localhost:53971 : 1
19:35:47.312 [AsyncHttpClient-1-1] DEBUG org.asynchttpclient.netty.channel.DefaultChannelPool - Entry count for : http://localhost:53971 : 1
19:35:48.402 [AsyncHttpClient-1-1] DEBUG org.asynchttpclient.netty.channel.DefaultChannelPool - Entry count for : http://localhost:53971 : 1
19:35:49.508 [AsyncHttpClient-1-1] DEBUG org.asynchttpclient.netty.channel.DefaultChannelPool - Entry count for : http://localhost:53971 : 1
19:35:49.792 [AsyncHttpClient-1-2] DEBUG org.asynchttpclient.netty.handler.HttpHandler - 

Request DefaultHttpRequest(decodeResult: success, version: HTTP/1.1)
POST /session/cffdeb5c97b732120e0feb61919ef1fc/url HTTP/1.1
User-Agent: selenium/4.1.2 (java windows)
Content-Length: 75
Content-Type: application/json; charset=utf-8
host: localhost:58136
accept: */*

Response DefaultHttpResponse(decodeResult: success, version: HTTP/1.1)
HTTP/1.1 200 OK
Content-Type: application/json; charset=utf-8
cache-control: no-cache
content-length: 14

19:35:49.792 [AsyncHttpClient-1-2] DEBUG org.asynchttpclient.netty.channel.ChannelManager - Adding key: http://localhost:58136 for channel [id: 0x1735db0e, L:/127.0.0.1:53967 - R:localhost/127.0.0.1:58136]
19:35:49.794 [Forwarding setTimeout on session cffdeb5c97b732120e0feb61919ef1fc to remote] DEBUG org.asynchttpclient.netty.request.NettyRequestSender - Using pooled Channel '[id: 0x1735db0e, L:/127.0.0.1:53967 - R:localhost/127.0.0.1:58136]' for 'POST' to 'http://localhost:58136/session/cffdeb5c97b732120e0feb61919ef1fc/timeouts'
19:35:49.794 [Forwarding setTimeout on session cffdeb5c97b732120e0feb61919ef1fc to remote] DEBUG org.asynchttpclient.netty.request.NettyRequestSender - Using open Channel [id: 0x1735db0e, L:/127.0.0.1:53967 - R:localhost/127.0.0.1:58136] for POST '/session/cffdeb5c97b732120e0feb61919ef1fc/timeouts'
19:35:49.795 [AsyncHttpClient-1-2] DEBUG org.asynchttpclient.netty.handler.HttpHandler - 

Request DefaultHttpRequest(decodeResult: success, version: HTTP/1.1)
POST /session/cffdeb5c97b732120e0feb61919ef1fc/timeouts HTTP/1.1
User-Agent: selenium/4.1.2 (java windows)
Content-Length: 22
Content-Type: application/json; charset=utf-8
host: localhost:58136
accept: */*

Response DefaultHttpResponse(decodeResult: success, version: HTTP/1.1)
HTTP/1.1 200 OK
Content-Type: application/json; charset=utf-8
cache-control: no-cache
content-length: 14

19:35:49.795 [AsyncHttpClient-1-2] DEBUG org.asynchttpclient.netty.channel.ChannelManager - Adding key: http://localhost:58136 for channel [id: 0x1735db0e, L:/127.0.0.1:53967 - R:localhost/127.0.0.1:58136]
19:35:49.797 [Forwarding getCurrentUrl on session cffdeb5c97b732120e0feb61919ef1fc to remote] DEBUG org.asynchttpclient.netty.request.NettyRequestSender - Using pooled Channel '[id: 0x1735db0e, L:/127.0.0.1:53967 - R:localhost/127.0.0.1:58136]' for 'GET' to 'http://localhost:58136/session/cffdeb5c97b732120e0feb61919ef1fc/url'
19:35:49.797 [Forwarding getCurrentUrl on session cffdeb5c97b732120e0feb61919ef1fc to remote] DEBUG org.asynchttpclient.netty.request.NettyRequestSender - Using open Channel [id: 0x1735db0e, L:/127.0.0.1:53967 - R:localhost/127.0.0.1:58136] for GET '/session/cffdeb5c97b732120e0feb61919ef1fc/url'
19:35:49.801 [AsyncHttpClient-1-2] DEBUG org.asynchttpclient.netty.handler.HttpHandler - 

Request DefaultFullHttpRequest(decodeResult: success, version: HTTP/1.1, content: EmptyByteBufBE)
GET /session/cffdeb5c97b732120e0feb61919ef1fc/url HTTP/1.1
User-Agent: selenium/4.1.2 (java windows)
Cache-Control: no-cache
Content-Type: application/json; charset=utf-8
host: localhost:58136
accept: */*

Response DefaultHttpResponse(decodeResult: success, version: HTTP/1.1)
HTTP/1.1 200 OK
Content-Type: application/json; charset=utf-8
cache-control: no-cache
content-length: 52

19:35:49.801 [AsyncHttpClient-1-2] DEBUG org.asynchttpclient.netty.channel.ChannelManager - Adding key: http://localhost:58136 for channel [id: 0x1735db0e, L:/127.0.0.1:53967 - R:localhost/127.0.0.1:58136]
  &amp#27;[32mGiven &amp#27;[0m&amp#27;[32mI go to detail product&amp#27;[0m &amp#27;[90m# starter.steps.DetailStep.iGoToDetailProduct()&amp#27;[0m
19:35:49.807 [Forwarding screenshot on session cffdeb5c97b732120e0feb61919ef1fc to remote] DEBUG org.asynchttpclient.netty.request.NettyRequestSender - Using pooled Channel '[id: 0x1735db0e, L:/127.0.0.1:53967 - R:localhost/127.0.0.1:58136]' for 'GET' to 'http://localhost:58136/session/cffdeb5c97b732120e0feb61919ef1fc/screenshot'
19:35:49.807 [Forwarding screenshot on session cffdeb5c97b732120e0feb61919ef1fc to remote] DEBUG org.asynchttpclient.netty.request.NettyRequestSender - Using open Channel [id: 0x1735db0e, L:/127.0.0.1:53967 - R:localhost/127.0.0.1:58136] for GET '/session/cffdeb5c97b732120e0feb61919ef1fc/screenshot'
19:35:49.909 [AsyncHttpClient-1-2] DEBUG org.asynchttpclient.netty.handler.HttpHandler - 

Request DefaultFullHttpRequest(decodeResult: success, version: HTTP/1.1, content: EmptyByteBufBE)
GET /session/cffdeb5c97b732120e0feb61919ef1fc/screenshot HTTP/1.1
User-Agent: selenium/4.1.2 (java windows)
Cache-Control: no-cache
Content-Type: application/json; charset=utf-8
host: localhost:58136
accept: */*

Response DefaultHttpResponse(decodeResult: success, version: HTTP/1.1)
HTTP/1.1 200 OK
Content-Type: application/json; charset=utf-8
cache-control: no-cache
content-length: 39328

19:35:49.909 [AsyncHttpClient-1-2] DEBUG org.asynchttpclient.netty.channel.ChannelManager - Adding key: http://localhost:58136 for channel [id: 0x1735db0e, L:/127.0.0.1:53967 - R:localhost/127.0.0.1:58136]
19:35:49.911 [main] DEBUG net.serenitybdd.core.photography.Darkroom - Send negative for processing for target\site\serenity\778217a55fbe6d024c470937c1987c6e7ccfd9b65e7138165ba9d4c2badee7b6.png
19:35:49.911 [Darkroom Processing Line] DEBUG net.serenitybdd.core.photography.DarkroomProcessingLine - Processing screenshot image in /var/screenshots/screenshot-9674481121313068287
19:35:49.911 [Darkroom Processing Line] DEBUG net.serenitybdd.core.photography.DarkroomProcessingLine - Saving screenshot to target\site\serenity\778217a55fbe6d024c470937c1987c6e7ccfd9b65e7138165ba9d4c2badee7b6.png
19:35:49.919 [Forwarding findElement on session cffdeb5c97b732120e0feb61919ef1fc to remote] DEBUG org.asynchttpclient.netty.request.NettyRequestSender - Using pooled Channel '[id: 0x1735db0e, L:/127.0.0.1:53967 - R:localhost/127.0.0.1:58136]' for 'POST' to 'http://localhost:58136/session/cffdeb5c97b732120e0feb61919ef1fc/element'
19:35:49.919 [Forwarding findElement on session cffdeb5c97b732120e0feb61919ef1fc to remote] DEBUG org.asynchttpclient.netty.request.NettyRequestSender - Using open Channel [id: 0x1735db0e, L:/127.0.0.1:53967 - R:localhost/127.0.0.1:58136] for POST '/session/cffdeb5c97b732120e0feb61919ef1fc/element'
19:35:49.927 [AsyncHttpClient-1-2] DEBUG org.asynchttpclient.netty.handler.HttpHandler - 

Request DefaultHttpRequest(decodeResult: success, version: HTTP/1.1)
POST /session/cffdeb5c97b732120e0feb61919ef1fc/element HTTP/1.1
User-Agent: selenium/4.1.2 (java windows)
Content-Length: 84
Content-Type: application/json; charset=utf-8
host: localhost:58136
accept: */*

Response DefaultHttpResponse(decodeResult: success, version: HTTP/1.1)
HTTP/1.1 200 OK
Content-Type: application/json; charset=utf-8
cache-control: no-cache
content-length: 88

19:35:49.927 [AsyncHttpClient-1-2] DEBUG org.asynchttpclient.netty.channel.ChannelManager - Adding key: http://localhost:58136 for channel [id: 0x1735db0e, L:/127.0.0.1:53967 - R:localhost/127.0.0.1:58136]
19:35:49.929 [Forwarding getElementTagName on session cffdeb5c97b732120e0feb61919ef1fc to remote] DEBUG org.asynchttpclient.netty.request.NettyRequestSender - Using pooled Channel '[id: 0x1735db0e, L:/127.0.0.1:53967 - R:localhost/127.0.0.1:58136]' for 'GET' to 'http://localhost:58136/session/cffdeb5c97b732120e0feb61919ef1fc/element/09634dc8-0ce9-4c86-af45-d97501b7c710/name'
19:35:49.929 [Forwarding getElementTagName on session cffdeb5c97b732120e0feb61919ef1fc to remote] DEBUG org.asynchttpclient.netty.request.NettyRequestSender - Using open Channel [id: 0x1735db0e, L:/127.0.0.1:53967 - R:localhost/127.0.0.1:58136] for GET '/session/cffdeb5c97b732120e0feb61919ef1fc/element/09634dc8-0ce9-4c86-af45-d97501b7c710/name'
19:35:49.932 [AsyncHttpClient-1-2] DEBUG org.asynchttpclient.netty.handler.HttpHandler - 

Request DefaultFullHttpRequest(decodeResult: success, version: HTTP/1.1, content: EmptyByteBufBE)
GET /session/cffdeb5c97b732120e0feb61919ef1fc/element/09634dc8-0ce9-4c86-af45-d97501b7c710/name HTTP/1.1
User-Agent: selenium/4.1.2 (java windows)
Cache-Control: no-cache
Content-Type: application/json; charset=utf-8
host: localhost:58136
accept: */*

Response DefaultHttpResponse(decodeResult: success, version: HTTP/1.1)
HTTP/1.1 200 OK
Content-Type: application/json; charset=utf-8
cache-control: no-cache
content-length: 18

19:35:49.932 [AsyncHttpClient-1-2] DEBUG org.asynchttpclient.netty.channel.ChannelManager - Adding key: http://localhost:58136 for channel [id: 0x1735db0e, L:/127.0.0.1:53967 - R:localhost/127.0.0.1:58136]
19:35:49.934 [Forwarding getElementTagName on session cffdeb5c97b732120e0feb61919ef1fc to remote] DEBUG org.asynchttpclient.netty.request.NettyRequestSender - Using pooled Channel '[id: 0x1735db0e, L:/127.0.0.1:53967 - R:localhost/127.0.0.1:58136]' for 'GET' to 'http://localhost:58136/session/cffdeb5c97b732120e0feb61919ef1fc/element/09634dc8-0ce9-4c86-af45-d97501b7c710/name'
19:35:49.934 [Forwarding getElementTagName on session cffdeb5c97b732120e0feb61919ef1fc to remote] DEBUG org.asynchttpclient.netty.request.NettyRequestSender - Using open Channel [id: 0x1735db0e, L:/127.0.0.1:53967 - R:localhost/127.0.0.1:58136] for GET '/session/cffdeb5c97b732120e0feb61919ef1fc/element/09634dc8-0ce9-4c86-af45-d97501b7c710/name'
19:35:49.936 [AsyncHttpClient-1-2] DEBUG org.asynchttpclient.netty.handler.HttpHandler - 

Request DefaultFullHttpRequest(decodeResult: success, version: HTTP/1.1, content: EmptyByteBufBE)
GET /session/cffdeb5c97b732120e0feb61919ef1fc/element/09634dc8-0ce9-4c86-af45-d97501b7c710/name HTTP/1.1
User-Agent: selenium/4.1.2 (java windows)
Cache-Control: no-cache
Content-Type: application/json; charset=utf-8
host: localhost:58136
accept: */*

Response DefaultHttpResponse(decodeResult: success, version: HTTP/1.1)
HTTP/1.1 200 OK
Content-Type: application/json; charset=utf-8
cache-control: no-cache
content-length: 18

19:35:49.937 [AsyncHttpClient-1-2] DEBUG org.asynchttpclient.netty.channel.ChannelManager - Adding key: http://localhost:58136 for channel [id: 0x1735db0e, L:/127.0.0.1:53967 - R:localhost/127.0.0.1:58136]
19:35:49.938 [Forwarding isElementEnabled on session cffdeb5c97b732120e0feb61919ef1fc to remote] DEBUG org.asynchttpclient.netty.request.NettyRequestSender - Using pooled Channel '[id: 0x1735db0e, L:/127.0.0.1:53967 - R:localhost/127.0.0.1:58136]' for 'GET' to 'http://localhost:58136/session/cffdeb5c97b732120e0feb61919ef1fc/element/09634dc8-0ce9-4c86-af45-d97501b7c710/enabled'
19:35:49.938 [Forwarding isElementEnabled on session cffdeb5c97b732120e0feb61919ef1fc to remote] DEBUG org.asynchttpclient.netty.request.NettyRequestSender - Using open Channel [id: 0x1735db0e, L:/127.0.0.1:53967 - R:localhost/127.0.0.1:58136] for GET '/session/cffdeb5c97b732120e0feb61919ef1fc/element/09634dc8-0ce9-4c86-af45-d97501b7c710/enabled'
19:35:49.946 [AsyncHttpClient-1-2] DEBUG org.asynchttpclient.netty.handler.HttpHandler - 

Request DefaultFullHttpRequest(decodeResult: success, version: HTTP/1.1, content: EmptyByteBufBE)
GET /session/cffdeb5c97b732120e0feb61919ef1fc/element/09634dc8-0ce9-4c86-af45-d97501b7c710/enabled HTTP/1.1
User-Agent: selenium/4.1.2 (java windows)
Cache-Control: no-cache
Content-Type: application/json; charset=utf-8
host: localhost:58136
accept: */*

Response DefaultHttpResponse(decodeResult: success, version: HTTP/1.1)
HTTP/1.1 200 OK
Content-Type: application/json; charset=utf-8
cache-control: no-cache
content-length: 14

19:35:49.946 [AsyncHttpClient-1-2] DEBUG org.asynchttpclient.netty.channel.ChannelManager - Adding key: http://localhost:58136 for channel [id: 0x1735db0e, L:/127.0.0.1:53967 - R:localhost/127.0.0.1:58136]
19:35:49.948 [Forwarding isElementEnabled on session cffdeb5c97b732120e0feb61919ef1fc to remote] DEBUG org.asynchttpclient.netty.request.NettyRequestSender - Using pooled Channel '[id: 0x1735db0e, L:/127.0.0.1:53967 - R:localhost/127.0.0.1:58136]' for 'GET' to 'http://localhost:58136/session/cffdeb5c97b732120e0feb61919ef1fc/element/09634dc8-0ce9-4c86-af45-d97501b7c710/enabled'
19:35:49.948 [Forwarding isElementEnabled on session cffdeb5c97b732120e0feb61919ef1fc to remote] DEBUG org.asynchttpclient.netty.request.NettyRequestSender - Using open Channel [id: 0x1735db0e, L:/127.0.0.1:53967 - R:localhost/127.0.0.1:58136] for GET '/session/cffdeb5c97b732120e0feb61919ef1fc/element/09634dc8-0ce9-4c86-af45-d97501b7c710/enabled'
19:35:49.952 [AsyncHttpClient-1-2] DEBUG org.asynchttpclient.netty.handler.HttpHandler - 

Request DefaultFullHttpRequest(decodeResult: success, version: HTTP/1.1, content: EmptyByteBufBE)
GET /session/cffdeb5c97b732120e0feb61919ef1fc/element/09634dc8-0ce9-4c86-af45-d97501b7c710/enabled HTTP/1.1
User-Agent: selenium/4.1.2 (java windows)
Cache-Control: no-cache
Content-Type: application/json; charset=utf-8
host: localhost:58136
accept: */*

Response DefaultHttpResponse(decodeResult: success, version: HTTP/1.1)
HTTP/1.1 200 OK
Content-Type: application/json; charset=utf-8
cache-control: no-cache
content-length: 14

19:35:49.952 [AsyncHttpClient-1-2] DEBUG org.asynchttpclient.netty.channel.ChannelManager - Adding key: http://localhost:58136 for channel [id: 0x1735db0e, L:/127.0.0.1:53967 - R:localhost/127.0.0.1:58136]
19:35:49.954 [Forwarding findElement on session cffdeb5c97b732120e0feb61919ef1fc to remote] DEBUG org.asynchttpclient.netty.request.NettyRequestSender - Using pooled Channel '[id: 0x1735db0e, L:/127.0.0.1:53967 - R:localhost/127.0.0.1:58136]' for 'POST' to 'http://localhost:58136/session/cffdeb5c97b732120e0feb61919ef1fc/element'
19:35:49.954 [Forwarding findElement on session cffdeb5c97b732120e0feb61919ef1fc to remote] DEBUG org.asynchttpclient.netty.request.NettyRequestSender - Using open Channel [id: 0x1735db0e, L:/127.0.0.1:53967 - R:localhost/127.0.0.1:58136] for POST '/session/cffdeb5c97b732120e0feb61919ef1fc/element'
19:35:49.968 [AsyncHttpClient-1-2] DEBUG org.asynchttpclient.netty.handler.HttpHandler - 

Request DefaultHttpRequest(decodeResult: success, version: HTTP/1.1)
POST /session/cffdeb5c97b732120e0feb61919ef1fc/element HTTP/1.1
User-Agent: selenium/4.1.2 (java windows)
Content-Length: 84
Content-Type: application/json; charset=utf-8
host: localhost:58136
accept: */*

Response DefaultHttpResponse(decodeResult: success, version: HTTP/1.1)
HTTP/1.1 200 OK
Content-Type: application/json; charset=utf-8
cache-control: no-cache
content-length: 88

19:35:49.968 [AsyncHttpClient-1-2] DEBUG org.asynchttpclient.netty.channel.ChannelManager - Adding key: http://localhost:58136 for channel [id: 0x1735db0e, L:/127.0.0.1:53967 - R:localhost/127.0.0.1:58136]
19:35:49.969 [Forwarding clickElement on session cffdeb5c97b732120e0feb61919ef1fc to remote] DEBUG org.asynchttpclient.netty.request.NettyRequestSender - Using pooled Channel '[id: 0x1735db0e, L:/127.0.0.1:53967 - R:localhost/127.0.0.1:58136]' for 'POST' to 'http://localhost:58136/session/cffdeb5c97b732120e0feb61919ef1fc/element/09634dc8-0ce9-4c86-af45-d97501b7c710/click'
19:35:49.969 [Forwarding clickElement on session cffdeb5c97b732120e0feb61919ef1fc to remote] DEBUG org.asynchttpclient.netty.request.NettyRequestSender - Using open Channel [id: 0x1735db0e, L:/127.0.0.1:53967 - R:localhost/127.0.0.1:58136] for POST '/session/cffdeb5c97b732120e0feb61919ef1fc/element/09634dc8-0ce9-4c86-af45-d97501b7c710/click'
19:35:49.996 [AsyncHttpClient-1-2] DEBUG org.asynchttpclient.netty.handler.HttpHandler - 

Request DefaultHttpRequest(decodeResult: success, version: HTTP/1.1)
POST /session/cffdeb5c97b732120e0feb61919ef1fc/element/09634dc8-0ce9-4c86-af45-d97501b7c710/click HTTP/1.1
User-Agent: selenium/4.1.2 (java windows)
Content-Length: 50
Content-Type: application/json; charset=utf-8
host: localhost:58136
accept: */*

Response DefaultHttpResponse(decodeResult: success, version: HTTP/1.1)
HTTP/1.1 200 OK
Content-Type: application/json; charset=utf-8
cache-control: no-cache
content-length: 14

19:35:49.996 [AsyncHttpClient-1-2] DEBUG org.asynchttpclient.netty.channel.ChannelManager - Adding key: http://localhost:58136 for channel [id: 0x1735db0e, L:/127.0.0.1:53967 - R:localhost/127.0.0.1:58136]
  &amp#27;[32mWhen &amp#27;[0m&amp#27;[32mI click &amp#27;[0m&amp#27;[32m&amp#27;[1m4&amp#27;[0m&amp#27;[32m star&amp#27;[0m          &amp#27;[90m# starter.steps.DetailStep.iClickStar(int)&amp#27;[0m
19:35:50.002 [Forwarding screenshot on session cffdeb5c97b732120e0feb61919ef1fc to remote] DEBUG org.asynchttpclient.netty.request.NettyRequestSender - Using pooled Channel '[id: 0x1735db0e, L:/127.0.0.1:53967 - R:localhost/127.0.0.1:58136]' for 'GET' to 'http://localhost:58136/session/cffdeb5c97b732120e0feb61919ef1fc/screenshot'
19:35:50.002 [Forwarding screenshot on session cffdeb5c97b732120e0feb61919ef1fc to remote] DEBUG org.asynchttpclient.netty.request.NettyRequestSender - Using open Channel [id: 0x1735db0e, L:/127.0.0.1:53967 - R:localhost/127.0.0.1:58136] for GET '/session/cffdeb5c97b732120e0feb61919ef1fc/screenshot'
19:35:50.144 [AsyncHttpClient-1-2] DEBUG org.asynchttpclient.netty.handler.HttpHandler - 

Request DefaultFullHttpRequest(decodeResult: success, version: HTTP/1.1, content: EmptyByteBufBE)
GET /session/cffdeb5c97b732120e0feb61919ef1fc/screenshot HTTP/1.1
User-Agent: selenium/4.1.2 (java windows)
Cache-Control: no-cache
Content-Type: application/json; charset=utf-8
host: localhost:58136
accept: */*

Response DefaultHttpResponse(decodeResult: success, version: HTTP/1.1)
HTTP/1.1 200 OK
Content-Type: application/json; charset=utf-8
cache-control: no-cache
content-length: 39508

19:35:50.144 [AsyncHttpClient-1-2] DEBUG org.asynchttpclient.netty.channel.ChannelManager - Adding key: http://localhost:58136 for channel [id: 0x1735db0e, L:/127.0.0.1:53967 - R:localhost/127.0.0.1:58136]
19:35:50.146 [main] DEBUG net.serenitybdd.core.photography.Darkroom - Send negative for processing for target\site\serenity\3869ea6f2f772d5bdd46d89a25b3e2f1e5dbc9c7493a0b3959c38a2b16b74759.png
19:35:50.146 [Darkroom Processing Line] DEBUG net.serenitybdd.core.photography.DarkroomProcessingLine - Processing screenshot image in /var/screenshots/screenshot-12513000785505712024
19:35:50.146 [Darkroom Processing Line] DEBUG net.serenitybdd.core.photography.DarkroomProcessingLine - Saving screenshot to target\site\serenity\3869ea6f2f772d5bdd46d89a25b3e2f1e5dbc9c7493a0b3959c38a2b16b74759.png
19:35:50.150 [Forwarding findElement on session cffdeb5c97b732120e0feb61919ef1fc to remote] DEBUG org.asynchttpclient.netty.request.NettyRequestSender - Using pooled Channel '[id: 0x1735db0e, L:/127.0.0.1:53967 - R:localhost/127.0.0.1:58136]' for 'POST' to 'http://localhost:58136/session/cffdeb5c97b732120e0feb61919ef1fc/element'
19:35:50.150 [Forwarding findElement on session cffdeb5c97b732120e0feb61919ef1fc to remote] DEBUG org.asynchttpclient.netty.request.NettyRequestSender - Using open Channel [id: 0x1735db0e, L:/127.0.0.1:53967 - R:localhost/127.0.0.1:58136] for POST '/session/cffdeb5c97b732120e0feb61919ef1fc/element'
19:35:50.161 [AsyncHttpClient-1-2] DEBUG org.asynchttpclient.netty.handler.HttpHandler - 

Request DefaultHttpRequest(decodeResult: success, version: HTTP/1.1)
POST /session/cffdeb5c97b732120e0feb61919ef1fc/element HTTP/1.1
User-Agent: selenium/4.1.2 (java windows)
Content-Length: 109
Content-Type: application/json; charset=utf-8
host: localhost:58136
accept: */*

Response DefaultHttpResponse(decodeResult: success, version: HTTP/1.1)
HTTP/1.1 200 OK
Content-Type: application/json; charset=utf-8
cache-control: no-cache
content-length: 88

19:35:50.161 [AsyncHttpClient-1-2] DEBUG org.asynchttpclient.netty.channel.ChannelManager - Adding key: http://localhost:58136 for channel [id: 0x1735db0e, L:/127.0.0.1:53967 - R:localhost/127.0.0.1:58136]
19:35:50.165 [Forwarding isElementDisplayed on session cffdeb5c97b732120e0feb61919ef1fc to remote] DEBUG org.asynchttpclient.netty.request.NettyRequestSender - Using pooled Channel '[id: 0x1735db0e, L:/127.0.0.1:53967 - R:localhost/127.0.0.1:58136]' for 'POST' to 'http://localhost:58136/session/cffdeb5c97b732120e0feb61919ef1fc/execute/sync'
19:35:50.165 [Forwarding isElementDisplayed on session cffdeb5c97b732120e0feb61919ef1fc to remote] DEBUG org.asynchttpclient.netty.request.NettyRequestSender - Using open Channel [id: 0x1735db0e, L:/127.0.0.1:53967 - R:localhost/127.0.0.1:58136] for POST '/session/cffdeb5c97b732120e0feb61919ef1fc/execute/sync'
19:35:50.178 [AsyncHttpClient-1-2] DEBUG org.asynchttpclient.netty.handler.HttpHandler - 

Request DefaultHttpRequest(decodeResult: success, version: HTTP/1.1)
POST /session/cffdeb5c97b732120e0feb61919ef1fc/execute/sync HTTP/1.1
User-Agent: selenium/4.1.2 (java windows)
Content-Length: 48780
Content-Type: application/json; charset=utf-8
host: localhost:58136
accept: */*

Response DefaultHttpResponse(decodeResult: success, version: HTTP/1.1)
HTTP/1.1 200 OK
Content-Type: application/json; charset=utf-8
cache-control: no-cache
content-length: 14

19:35:50.178 [AsyncHttpClient-1-2] DEBUG org.asynchttpclient.netty.channel.ChannelManager - Adding key: http://localhost:58136 for channel [id: 0x1735db0e, L:/127.0.0.1:53967 - R:localhost/127.0.0.1:58136]
  &amp#27;[32mThen &amp#27;[0m&amp#27;[32mI can see &amp#27;[0m&amp#27;[32m&amp#27;[1m4&amp#27;[0m&amp#27;[32m star&amp#27;[0m        &amp#27;[90m# starter.steps.DetailStep.iCanSeeStar(int)&amp#27;[0m
19:35:50.181 [main] INFO  - 
  _____   ___   ___   _____     ___     _     ___   ___   ___   ___  
 |_   _| | __| / __| |_   _|   | _ \   /_\   / __| / __| | __| |   \ 
   | |   | _|  \__ \   | |     |  _/  / _ \  \__ \ \__ \ | _|  | |) |
   |_|   |___| |___/   |_|     |_|   /_/ \_\ |___/ |___/ |___| |___/ 

give 4 star
----------------------------------------------------------------------
19:35:50.182 [AsyncHttpClient-1-4] DEBUG org.asynchttpclient.netty.handler.WebSocketHandler - Channel Closed: [id: 0xbef92591, L:/127.0.0.1:53982 ! R:localhost/127.0.0.1:53971] with attribute NettyResponseFuture{currentRetry=5,
	isDone=1,
	isCancelled=0,
	asyncHandler=org.asynchttpclient.ws.WebSocketUpgradeHandler@3fdeff55,
	nettyRequest=org.asynchttpclient.netty.request.NettyRequest@2cc50fe9,
	future=java.util.concurrent.CompletableFuture@45427cf1[Completed normally],
	uri=ws://localhost:53971/devtools/browser/c3a71f71-8f20-4596-b280-554d237d6d25,
	keepAlive=true,
	redirectCount=0,
	timeoutsHolder=null,
	inAuth=0,
	touch=1667219703520}
19:35:50.182 [AsyncHttpClient-1-4] DEBUG org.asynchttpclient.netty.channel.ChannelManager - Closing Channel [id: 0xbef92591, L:/127.0.0.1:53982 ! R:localhost/127.0.0.1:53971] 
19:35:50.183 [Driver Command Executor] DEBUG org.asynchttpclient.netty.request.NettyRequestSender - Using pooled Channel '[id: 0x1735db0e, L:/127.0.0.1:53967 - R:localhost/127.0.0.1:58136]' for 'DELETE' to 'http://localhost:58136/session/cffdeb5c97b732120e0feb61919ef1fc'
19:35:50.183 [Driver Command Executor] DEBUG org.asynchttpclient.netty.request.NettyRequestSender - Using open Channel [id: 0x1735db0e, L:/127.0.0.1:53967 - R:localhost/127.0.0.1:58136] for DELETE '/session/cffdeb5c97b732120e0feb61919ef1fc'
19:35:50.254 [AsyncHttpClient-1-3] DEBUG org.asynchttpclient.netty.handler.HttpHandler - Unexpected I/O exception on channel [id: 0x14a96a11, L:/127.0.0.1:53981 - R:localhost/127.0.0.1:53971]
java.io.IOException: An existing connection was forcibly closed by the remote host
	at java.base/sun.nio.ch.SocketDispatcher.read0(Native Method)
	at java.base/sun.nio.ch.SocketDispatcher.read(SocketDispatcher.java:43)
	at java.base/sun.nio.ch.IOUtil.readIntoNativeBuffer(IOUtil.java:276)
	at java.base/sun.nio.ch.IOUtil.read(IOUtil.java:233)
	at java.base/sun.nio.ch.IOUtil.read(IOUtil.java:223)
	at java.base/sun.nio.ch.SocketChannelImpl.read(SocketChannelImpl.java:358)
	at io.netty.buffer.PooledByteBuf.setBytes(PooledByteBuf.java:258)
	at io.netty.buffer.AbstractByteBuf.writeBytes(AbstractByteBuf.java:1132)
	at io.netty.channel.socket.nio.NioSocketChannel.doReadBytes(NioSocketChannel.java:350)
	at io.netty.channel.nio.AbstractNioByteChannel$NioByteUnsafe.read(AbstractNioByteChannel.java:151)
	at io.netty.channel.nio.NioEventLoop.processSelectedKey(NioEventLoop.java:722)
	at io.netty.channel.nio.NioEventLoop.processSelectedKeysOptimized(NioEventLoop.java:658)
	at io.netty.channel.nio.NioEventLoop.processSelectedKeys(NioEventLoop.java:584)
	at io.netty.channel.nio.NioEventLoop.run(NioEventLoop.java:496)
	at io.netty.util.concurrent.SingleThreadEventExecutor$4.run(SingleThreadEventExecutor.java:986)
	at io.netty.util.internal.ThreadExecutorMap$2.run(ThreadExecutorMap.java:74)
	at io.netty.util.concurrent.FastThreadLocalRunnable.run(FastThreadLocalRunnable.java:30)
	at java.base/java.lang.Thread.run(Thread.java:834)
19:35:50.254 [AsyncHttpClient-1-3] DEBUG org.asynchttpclient.netty.channel.ChannelManager - Closing Channel [id: 0x14a96a11, L:/127.0.0.1:53981 - R:localhost/127.0.0.1:53971] 
19:35:50.258 [AsyncHttpClient-1-3] DEBUG org.asynchttpclient.netty.handler.HttpHandler - Channel Closed: [id: 0x14a96a11, L:/127.0.0.1:53981 ! R:localhost/127.0.0.1:53971] with attribute DISCARD
19:35:50.276 [AsyncHttpClient-1-2] DEBUG org.asynchttpclient.netty.handler.HttpHandler - 

Request DefaultFullHttpRequest(decodeResult: success, version: HTTP/1.1, content: EmptyByteBufBE)
DELETE /session/cffdeb5c97b732120e0feb61919ef1fc HTTP/1.1
User-Agent: selenium/4.1.2 (java windows)
Content-Type: application/json; charset=utf-8
host: localhost:58136
accept: */*

Response DefaultHttpResponse(decodeResult: success, version: HTTP/1.1)
HTTP/1.1 200 OK
Content-Type: application/json; charset=utf-8
cache-control: no-cache
content-length: 14

19:35:50.276 [AsyncHttpClient-1-2] DEBUG org.asynchttpclient.netty.channel.ChannelManager - Adding key: http://localhost:58136 for channel [id: 0x1735db0e, L:/127.0.0.1:53967 - R:localhost/127.0.0.1:58136]
19:35:50.309 [AsyncHttpClient-1-2] DEBUG org.asynchttpclient.netty.handler.HttpHandler - Channel Closed: [id: 0x1735db0e, L:/127.0.0.1:53967 ! R:localhost/127.0.0.1:58136] with attribute DISCARD
]]></system-out>
    <system-err><![CDATA[Starting ChromeDriver 106.0.5249.61 (511755355844955cd3e264779baf0dd38212a4d0-refs/branch-heads/5249@{#569}) on port 58136
Only local connections are allowed.
Please see https://chromedriver.chromium.org/security-considerations for suggestions on keeping ChromeDriver safe.
ChromeDriver was started successfully.
Oct 31, 2022 7:35:03 PM org.openqa.selenium.remote.ProtocolHandshake createSession
INFO: Detected dialect: W3C
Oct 31, 2022 7:35:03 PM org.openqa.selenium.devtools.CdpVersionFinder findNearestMatch
WARNING: Unable to find an exact match for CDP version 106, so returning the closest version found: a no-op implementation
Oct 31, 2022 7:35:03 PM org.openqa.selenium.devtools.CdpVersionFinder findNearestMatch
INFO: Unable to find CDP implementation matching 106.
Oct 31, 2022 7:35:03 PM org.openqa.selenium.chromium.ChromiumDriver lambda$new$3
WARNING: Unable to find version of CDP to use for . You may need to include a dependency on a specific version of the CDP using something similar to `org.seleniumhq.selenium:selenium-devtools-v86:4.1.2` where the version ("v86") matches the version of the chromium-based browser you're using and the version number of the artifact is the same as Selenium's.
]]></system-err>
  </testcase>
  <testcase name="New Register #1" classname="Register" time="44.002">
    <system-out><![CDATA[19:35:50.364 [main] INFO io.cucumber.core.plugin.SerenityReporter - Running feature from file:///D:/TIC/Kampus%20Merdeka/MSIB/Studi%20Independen/Alterra/MiniProject/MiniProjWeb/src/test/resources/features/login/Registration.feature
19:35:50.365 [main] DEBUG net.thucydides.core.steps.StepEventBus - Test suite started for story net.thucydides.core.model.Story@303b9384
19:35:50.366 [main] INFO  - Test Suite Started: Register

@Register
Scenario Outline: New Register           &amp#27;[90m# src/test/resources/features/login/Registration.feature:18&amp#27;[0m
19:35:50.375 [main] INFO io.cucumber.core.plugin.SerenityReporter - Running feature from file:///D:/TIC/Kampus%20Merdeka/MSIB/Studi%20Independen/Alterra/MiniProject/MiniProjWeb/src/test/resources/features/login/Registration.feature
19:35:50.376 [main] INFO  - 
  _____   ___   ___   _____     ___   _____     _     ___   _____   ___   ___  
 |_   _| | __| / __| |_   _|   / __| |_   _|   /_\   | _ \ |_   _| | __| |   \ 
   | |   | _|  \__ \   | |     \__ \   | |    / _ \  |   /   | |   | _|  | |) |
   |_|   |___| |___/   |_|     |___/   |_|   /_/ \_\ |_|_\   |_|   |___| |___/ 

New Register(register;new-register)
--------------------------------------------------------------------------------
19:35:50.386 [main] INFO net.serenitybdd.core.webdriver.driverproviders.ChromeDriverProvider - Using automatically driver download
19:35:50.481 [main] DEBUG io.github.bonigarcia.wdm.cache.ResolutionCache - Resolution chrome=106 in cache (valid until 19:46:39 31/10/2022 ICT)
19:35:50.483 [main] DEBUG io.github.bonigarcia.wdm.cache.ResolutionCache - Resolution chrome106=106.0.5249.61 in cache (valid until 17:34:34 01/11/2022 ICT)
19:35:50.483 [main] INFO io.github.bonigarcia.wdm.WebDriverManager - Using chromedriver 106.0.5249.61 (resolved driver for Chrome 106)
19:35:50.494 [main] DEBUG io.github.bonigarcia.wdm.WebDriverManager - Driver chromedriver 106.0.5249.61 found in cache
19:35:50.494 [main] INFO io.github.bonigarcia.wdm.WebDriverManager - Exporting webdriver.chrome.driver as C:\Users\user\.cache\selenium\chromedriver\win32\106.0.5249.61\chromedriver.exe
19:35:50.586 [main] DEBUG net.serenitybdd.core.webdriver.driverproviders.ProvideNewDriver - Instantiating driver
19:35:50.586 [main] DEBUG net.serenitybdd.core.webdriver.driverproviders.ProvideNewDriver - Driver capabilities: Capabilities {acceptInsecureCerts: false, base.url: https://alta-shop.vercel.app, browserName: chrome, chrome.driver: src/test/resources/webdrive..., driver: chrome, goog:chromeOptions: {args: [], extensions: []}, wait.for.timeout: 500}
19:35:50.610 [AsyncHttpClient-1-1] DEBUG org.asynchttpclient.netty.channel.DefaultChannelPool - Entry count for : http://localhost:58136 : 1
19:35:50.610 [AsyncHttpClient-1-1] DEBUG org.asynchttpclient.netty.channel.DefaultChannelPool - Entry count for : http://localhost:53971 : 1
19:35:50.610 [AsyncHttpClient-1-1] DEBUG org.asynchttpclient.netty.channel.DefaultChannelPool - Adding Candidate expired Channel [id: 0x1735db0e, L:/127.0.0.1:53967 ! R:localhost/127.0.0.1:58136] isIdleTimeoutExpired=false isRemotelyClosed=true isTtlExpired=false
19:35:50.610 [AsyncHttpClient-1-1] DEBUG org.asynchttpclient.netty.channel.DefaultChannelPool - Closing Idle Channel [id: 0x1735db0e, L:/127.0.0.1:53967 ! R:localhost/127.0.0.1:58136]
19:35:50.610 [AsyncHttpClient-1-1] DEBUG org.asynchttpclient.netty.channel.DefaultChannelPool - Adding Candidate expired Channel [id: 0x14a96a11, L:/127.0.0.1:53981 ! R:localhost/127.0.0.1:53971] isIdleTimeoutExpired=false isRemotelyClosed=true isTtlExpired=false
19:35:50.610 [AsyncHttpClient-1-1] DEBUG org.asynchttpclient.netty.channel.DefaultChannelPool - Closing Idle Channel [id: 0x14a96a11, L:/127.0.0.1:53981 ! R:localhost/127.0.0.1:53971]
19:35:50.610 [AsyncHttpClient-1-1] DEBUG org.asynchttpclient.netty.channel.DefaultChannelPool - Closed 2 connections out of 2 in 0 ms
19:35:50.647 [AsyncHttpClient-1-5] DEBUG org.asynchttpclient.netty.channel.NettyConnectListener - Using new Channel '[id: 0xea92e4aa, L:/127.0.0.1:54044 - R:localhost/127.0.0.1:52770]' for 'POST' to '/session'
19:35:51.354 [AsyncHttpClient-1-5] DEBUG org.asynchttpclient.netty.handler.HttpHandler - 

Request DefaultHttpRequest(decodeResult: success, version: HTTP/1.1)
POST /session HTTP/1.1
User-Agent: selenium/4.1.2 (java windows)
Content-Length: 638
Content-Type: application/json; charset=utf-8
host: localhost:52770
accept: */*

Response DefaultHttpResponse(decodeResult: success, version: HTTP/1.1)
HTTP/1.1 200 OK
Content-Type: application/json; charset=utf-8
cache-control: no-cache
content-length: 788

19:35:51.354 [AsyncHttpClient-1-5] DEBUG org.asynchttpclient.netty.channel.ChannelManager - Adding key: http://localhost:52770 for channel [id: 0xea92e4aa, L:/127.0.0.1:54044 - R:localhost/127.0.0.1:52770]
19:35:51.364 [AsyncHttpClient-1-6] DEBUG org.asynchttpclient.netty.channel.NettyConnectListener - Using new Channel '[id: 0x75cec14e, L:/127.0.0.1:54052 - R:localhost/127.0.0.1:54046]' for 'GET' to '/json/version'
19:35:51.365 [AsyncHttpClient-1-6] DEBUG org.asynchttpclient.netty.handler.HttpHandler - 

Request DefaultFullHttpRequest(decodeResult: success, version: HTTP/1.1, content: EmptyByteBufBE)
GET /json/version HTTP/1.1
User-Agent: selenium/4.1.2 (java windows)
host: localhost:54046
accept: */*

Response DefaultHttpResponse(decodeResult: success, version: HTTP/1.1)
HTTP/1.1 200 OK
Content-Type: application/json; charset=UTF-8
content-length: 424

19:35:51.365 [AsyncHttpClient-1-6] DEBUG org.asynchttpclient.netty.channel.ChannelManager - Adding key: http://localhost:54046 for channel [id: 0x75cec14e, L:/127.0.0.1:54052 - R:localhost/127.0.0.1:54046]
19:35:51.367 [AsyncHttpClient-1-7] DEBUG org.asynchttpclient.netty.channel.NettyConnectListener - Using new Channel '[id: 0x5b4e9053, L:/127.0.0.1:54053 - R:localhost/127.0.0.1:54046]' for 'GET' to '/devtools/browser/d11e4de9-36f6-45dd-b3cb-02df81277f09'
19:35:51.368 [AsyncHttpClient-1-7] DEBUG org.asynchttpclient.netty.handler.WebSocketHandler - 

Request DefaultFullHttpRequest(decodeResult: success, version: HTTP/1.1, content: EmptyByteBufBE)
GET /devtools/browser/d11e4de9-36f6-45dd-b3cb-02df81277f09 HTTP/1.1
upgrade: websocket
connection: upgrade
sec-websocket-key: 5/og8C060sFG368P+Z6bKA==
sec-websocket-version: 13
origin: http://localhost:54046
host: localhost:54046
accept: */*
user-agent: AHC/2.1

Response DefaultHttpResponse(decodeResult: success, version: HTTP/1.1)
HTTP/1.1 101 WebSocket Protocol Handshake
Upgrade: WebSocket
Connection: Upgrade
Sec-WebSocket-Accept: uFCG54zHiibsVPUAYwBYHrFGYfc=

19:35:51.372 [Forwarding get on session cb9292821955b01dc1c0a48588e1d6ed to remote] DEBUG org.asynchttpclient.netty.request.NettyRequestSender - Using pooled Channel '[id: 0xea92e4aa, L:/127.0.0.1:54044 - R:localhost/127.0.0.1:52770]' for 'POST' to 'http://localhost:52770/session/cb9292821955b01dc1c0a48588e1d6ed/url'
19:35:51.372 [Forwarding get on session cb9292821955b01dc1c0a48588e1d6ed to remote] DEBUG org.asynchttpclient.netty.request.NettyRequestSender - Using open Channel [id: 0xea92e4aa, L:/127.0.0.1:54044 - R:localhost/127.0.0.1:52770] for POST '/session/cb9292821955b01dc1c0a48588e1d6ed/url'
19:35:51.713 [AsyncHttpClient-1-1] DEBUG org.asynchttpclient.netty.channel.DefaultChannelPool - Entry count for : http://localhost:54046 : 1
19:35:52.802 [AsyncHttpClient-1-1] DEBUG org.asynchttpclient.netty.channel.DefaultChannelPool - Entry count for : http://localhost:54046 : 1
19:35:53.907 [AsyncHttpClient-1-1] DEBUG org.asynchttpclient.netty.channel.DefaultChannelPool - Entry count for : http://localhost:54046 : 1
19:35:55.000 [AsyncHttpClient-1-1] DEBUG org.asynchttpclient.netty.channel.DefaultChannelPool - Entry count for : http://localhost:54046 : 1
19:35:56.102 [AsyncHttpClient-1-1] DEBUG org.asynchttpclient.netty.channel.DefaultChannelPool - Entry count for : http://localhost:54046 : 1
19:35:57.209 [AsyncHttpClient-1-1] DEBUG org.asynchttpclient.netty.channel.DefaultChannelPool - Entry count for : http://localhost:54046 : 1
19:35:58.311 [AsyncHttpClient-1-1] DEBUG org.asynchttpclient.netty.channel.DefaultChannelPool - Entry count for : http://localhost:54046 : 1
19:35:59.399 [AsyncHttpClient-1-1] DEBUG org.asynchttpclient.netty.channel.DefaultChannelPool - Entry count for : http://localhost:54046 : 1
19:36:00.503 [AsyncHttpClient-1-1] DEBUG org.asynchttpclient.netty.channel.DefaultChannelPool - Entry count for : http://localhost:54046 : 1
19:36:01.604 [AsyncHttpClient-1-1] DEBUG org.asynchttpclient.netty.channel.DefaultChannelPool - Entry count for : http://localhost:54046 : 1
19:36:02.706 [AsyncHttpClient-1-1] DEBUG org.asynchttpclient.netty.channel.DefaultChannelPool - Entry count for : http://localhost:54046 : 1
19:36:03.799 [AsyncHttpClient-1-1] DEBUG org.asynchttpclient.netty.channel.DefaultChannelPool - Entry count for : http://localhost:54046 : 1
19:36:04.904 [AsyncHttpClient-1-1] DEBUG org.asynchttpclient.netty.channel.DefaultChannelPool - Entry count for : http://localhost:54046 : 1
19:36:06.006 [AsyncHttpClient-1-1] DEBUG org.asynchttpclient.netty.channel.DefaultChannelPool - Entry count for : http://localhost:54046 : 1
19:36:07.112 [AsyncHttpClient-1-1] DEBUG org.asynchttpclient.netty.channel.DefaultChannelPool - Entry count for : http://localhost:54046 : 1
19:36:08.201 [AsyncHttpClient-1-1] DEBUG org.asynchttpclient.netty.channel.DefaultChannelPool - Entry count for : http://localhost:54046 : 1
19:36:09.309 [AsyncHttpClient-1-1] DEBUG org.asynchttpclient.netty.channel.DefaultChannelPool - Entry count for : http://localhost:54046 : 1
19:36:10.412 [AsyncHttpClient-1-1] DEBUG org.asynchttpclient.netty.channel.DefaultChannelPool - Entry count for : http://localhost:54046 : 1
19:36:11.500 [AsyncHttpClient-1-1] DEBUG org.asynchttpclient.netty.channel.DefaultChannelPool - Entry count for : http://localhost:54046 : 1
19:36:12.604 [AsyncHttpClient-1-1] DEBUG org.asynchttpclient.netty.channel.DefaultChannelPool - Entry count for : http://localhost:54046 : 1
19:36:13.709 [AsyncHttpClient-1-1] DEBUG org.asynchttpclient.netty.channel.DefaultChannelPool - Entry count for : http://localhost:54046 : 1
19:36:14.801 [AsyncHttpClient-1-1] DEBUG org.asynchttpclient.netty.channel.DefaultChannelPool - Entry count for : http://localhost:54046 : 1
19:36:15.904 [AsyncHttpClient-1-1] DEBUG org.asynchttpclient.netty.channel.DefaultChannelPool - Entry count for : http://localhost:54046 : 1
19:36:17.010 [AsyncHttpClient-1-1] DEBUG org.asynchttpclient.netty.channel.DefaultChannelPool - Entry count for : http://localhost:54046 : 1
19:36:18.100 [AsyncHttpClient-1-1] DEBUG org.asynchttpclient.netty.channel.DefaultChannelPool - Entry count for : http://localhost:54046 : 1
19:36:19.204 [AsyncHttpClient-1-1] DEBUG org.asynchttpclient.netty.channel.DefaultChannelPool - Entry count for : http://localhost:54046 : 1
19:36:20.300 [AsyncHttpClient-1-1] DEBUG org.asynchttpclient.netty.channel.DefaultChannelPool - Entry count for : http://localhost:54046 : 1
19:36:21.403 [AsyncHttpClient-1-1] DEBUG org.asynchttpclient.netty.channel.DefaultChannelPool - Entry count for : http://localhost:54046 : 1
19:36:22.501 [AsyncHttpClient-1-1] DEBUG org.asynchttpclient.netty.channel.DefaultChannelPool - Entry count for : http://localhost:54046 : 1
19:36:23.606 [AsyncHttpClient-1-1] DEBUG org.asynchttpclient.netty.channel.DefaultChannelPool - Entry count for : http://localhost:54046 : 1
19:36:24.706 [AsyncHttpClient-1-1] DEBUG org.asynchttpclient.netty.channel.DefaultChannelPool - Entry count for : http://localhost:54046 : 1
19:36:26.043 [AsyncHttpClient-1-1] DEBUG org.asynchttpclient.netty.channel.DefaultChannelPool - Entry count for : http://localhost:54046 : 1
19:36:26.408 [AsyncHttpClient-1-5] DEBUG org.asynchttpclient.netty.handler.HttpHandler - 

Request DefaultHttpRequest(decodeResult: success, version: HTTP/1.1)
POST /session/cb9292821955b01dc1c0a48588e1d6ed/url HTTP/1.1
User-Agent: selenium/4.1.2 (java windows)
Content-Length: 59
Content-Type: application/json; charset=utf-8
host: localhost:52770
accept: */*

Response DefaultHttpResponse(decodeResult: success, version: HTTP/1.1)
HTTP/1.1 200 OK
Content-Type: application/json; charset=utf-8
cache-control: no-cache
content-length: 14

19:36:26.408 [AsyncHttpClient-1-5] DEBUG org.asynchttpclient.netty.channel.ChannelManager - Adding key: http://localhost:52770 for channel [id: 0xea92e4aa, L:/127.0.0.1:54044 - R:localhost/127.0.0.1:52770]
19:36:26.411 [Forwarding setTimeout on session cb9292821955b01dc1c0a48588e1d6ed to remote] DEBUG org.asynchttpclient.netty.request.NettyRequestSender - Using pooled Channel '[id: 0xea92e4aa, L:/127.0.0.1:54044 - R:localhost/127.0.0.1:52770]' for 'POST' to 'http://localhost:52770/session/cb9292821955b01dc1c0a48588e1d6ed/timeouts'
19:36:26.411 [Forwarding setTimeout on session cb9292821955b01dc1c0a48588e1d6ed to remote] DEBUG org.asynchttpclient.netty.request.NettyRequestSender - Using open Channel [id: 0xea92e4aa, L:/127.0.0.1:54044 - R:localhost/127.0.0.1:52770] for POST '/session/cb9292821955b01dc1c0a48588e1d6ed/timeouts'
19:36:26.412 [AsyncHttpClient-1-5] DEBUG org.asynchttpclient.netty.handler.HttpHandler - 

Request DefaultHttpRequest(decodeResult: success, version: HTTP/1.1)
POST /session/cb9292821955b01dc1c0a48588e1d6ed/timeouts HTTP/1.1
User-Agent: selenium/4.1.2 (java windows)
Content-Length: 22
Content-Type: application/json; charset=utf-8
host: localhost:52770
accept: */*

Response DefaultHttpResponse(decodeResult: success, version: HTTP/1.1)
HTTP/1.1 200 OK
Content-Type: application/json; charset=utf-8
cache-control: no-cache
content-length: 14

19:36:26.412 [AsyncHttpClient-1-5] DEBUG org.asynchttpclient.netty.channel.ChannelManager - Adding key: http://localhost:52770 for channel [id: 0xea92e4aa, L:/127.0.0.1:54044 - R:localhost/127.0.0.1:52770]
19:36:26.415 [Forwarding getCurrentUrl on session cb9292821955b01dc1c0a48588e1d6ed to remote] DEBUG org.asynchttpclient.netty.request.NettyRequestSender - Using pooled Channel '[id: 0xea92e4aa, L:/127.0.0.1:54044 - R:localhost/127.0.0.1:52770]' for 'GET' to 'http://localhost:52770/session/cb9292821955b01dc1c0a48588e1d6ed/url'
19:36:26.415 [Forwarding getCurrentUrl on session cb9292821955b01dc1c0a48588e1d6ed to remote] DEBUG org.asynchttpclient.netty.request.NettyRequestSender - Using open Channel [id: 0xea92e4aa, L:/127.0.0.1:54044 - R:localhost/127.0.0.1:52770] for GET '/session/cb9292821955b01dc1c0a48588e1d6ed/url'
19:36:26.419 [AsyncHttpClient-1-5] DEBUG org.asynchttpclient.netty.handler.HttpHandler - 

Request DefaultFullHttpRequest(decodeResult: success, version: HTTP/1.1, content: EmptyByteBufBE)
GET /session/cb9292821955b01dc1c0a48588e1d6ed/url HTTP/1.1
User-Agent: selenium/4.1.2 (java windows)
Cache-Control: no-cache
Content-Type: application/json; charset=utf-8
host: localhost:52770
accept: */*

Response DefaultHttpResponse(decodeResult: success, version: HTTP/1.1)
HTTP/1.1 200 OK
Content-Type: application/json; charset=utf-8
cache-control: no-cache
content-length: 41

19:36:26.419 [AsyncHttpClient-1-5] DEBUG org.asynchttpclient.netty.channel.ChannelManager - Adding key: http://localhost:52770 for channel [id: 0xea92e4aa, L:/127.0.0.1:54044 - R:localhost/127.0.0.1:52770]
  &amp#27;[32mGiven &amp#27;[0m&amp#27;[32mI open the website&amp#27;[0m               &amp#27;[90m# starter.steps.RegistrationStep.iOpenTheWebsite()&amp#27;[0m
19:36:26.424 [main] DEBUG net.serenitybdd.core.photography.Darkroom - Opening darkroom
19:36:26.426 [Darkroom Processing Line] DEBUG net.serenitybdd.core.photography.DarkroomProcessingLine - Darkroom processing line starting up
19:36:26.426 [Forwarding screenshot on session cb9292821955b01dc1c0a48588e1d6ed to remote] DEBUG org.asynchttpclient.netty.request.NettyRequestSender - Using pooled Channel '[id: 0xea92e4aa, L:/127.0.0.1:54044 - R:localhost/127.0.0.1:52770]' for 'GET' to 'http://localhost:52770/session/cb9292821955b01dc1c0a48588e1d6ed/screenshot'
19:36:26.426 [Forwarding screenshot on session cb9292821955b01dc1c0a48588e1d6ed to remote] DEBUG org.asynchttpclient.netty.request.NettyRequestSender - Using open Channel [id: 0xea92e4aa, L:/127.0.0.1:54044 - R:localhost/127.0.0.1:52770] for GET '/session/cb9292821955b01dc1c0a48588e1d6ed/screenshot'
19:36:26.549 [AsyncHttpClient-1-5] DEBUG org.asynchttpclient.netty.handler.HttpHandler - 

Request DefaultFullHttpRequest(decodeResult: success, version: HTTP/1.1, content: EmptyByteBufBE)
GET /session/cb9292821955b01dc1c0a48588e1d6ed/screenshot HTTP/1.1
User-Agent: selenium/4.1.2 (java windows)
Cache-Control: no-cache
Content-Type: application/json; charset=utf-8
host: localhost:52770
accept: */*

Response DefaultHttpResponse(decodeResult: success, version: HTTP/1.1)
HTTP/1.1 200 OK
Content-Type: application/json; charset=utf-8
cache-control: no-cache
content-length: 69584

19:36:26.549 [AsyncHttpClient-1-5] DEBUG org.asynchttpclient.netty.channel.ChannelManager - Adding key: http://localhost:52770 for channel [id: 0xea92e4aa, L:/127.0.0.1:54044 - R:localhost/127.0.0.1:52770]
19:36:26.551 [main] DEBUG net.serenitybdd.core.photography.Darkroom - Send negative for processing for target\site\serenity\5297bd387dc3249e00c2d6656fb13e2699af90824ba878fd382afd24108abb14.png
19:36:26.560 [Forwarding findElement on session cb9292821955b01dc1c0a48588e1d6ed to remote] DEBUG org.asynchttpclient.netty.request.NettyRequestSender - Using pooled Channel '[id: 0xea92e4aa, L:/127.0.0.1:54044 - R:localhost/127.0.0.1:52770]' for 'POST' to 'http://localhost:52770/session/cb9292821955b01dc1c0a48588e1d6ed/element'
19:36:26.560 [Forwarding findElement on session cb9292821955b01dc1c0a48588e1d6ed to remote] DEBUG org.asynchttpclient.netty.request.NettyRequestSender - Using open Channel [id: 0xea92e4aa, L:/127.0.0.1:54044 - R:localhost/127.0.0.1:52770] for POST '/session/cb9292821955b01dc1c0a48588e1d6ed/element'
19:36:26.571 [AsyncHttpClient-1-5] DEBUG org.asynchttpclient.netty.handler.HttpHandler - 

Request DefaultHttpRequest(decodeResult: success, version: HTTP/1.1)
POST /session/cb9292821955b01dc1c0a48588e1d6ed/element HTTP/1.1
User-Agent: selenium/4.1.2 (java windows)
Content-Length: 97
Content-Type: application/json; charset=utf-8
host: localhost:52770
accept: */*

Response DefaultHttpResponse(decodeResult: success, version: HTTP/1.1)
HTTP/1.1 200 OK
Content-Type: application/json; charset=utf-8
cache-control: no-cache
content-length: 88

19:36:26.571 [AsyncHttpClient-1-5] DEBUG org.asynchttpclient.netty.channel.ChannelManager - Adding key: http://localhost:52770 for channel [id: 0xea92e4aa, L:/127.0.0.1:54044 - R:localhost/127.0.0.1:52770]
19:36:26.573 [Forwarding getElementTagName on session cb9292821955b01dc1c0a48588e1d6ed to remote] DEBUG org.asynchttpclient.netty.request.NettyRequestSender - Using pooled Channel '[id: 0xea92e4aa, L:/127.0.0.1:54044 - R:localhost/127.0.0.1:52770]' for 'GET' to 'http://localhost:52770/session/cb9292821955b01dc1c0a48588e1d6ed/element/31c20c06-0dcf-4b80-8922-d68bb2607edc/name'
19:36:26.573 [Forwarding getElementTagName on session cb9292821955b01dc1c0a48588e1d6ed to remote] DEBUG org.asynchttpclient.netty.request.NettyRequestSender - Using open Channel [id: 0xea92e4aa, L:/127.0.0.1:54044 - R:localhost/127.0.0.1:52770] for GET '/session/cb9292821955b01dc1c0a48588e1d6ed/element/31c20c06-0dcf-4b80-8922-d68bb2607edc/name'
19:36:26.579 [AsyncHttpClient-1-5] DEBUG org.asynchttpclient.netty.handler.HttpHandler - 

Request DefaultFullHttpRequest(decodeResult: success, version: HTTP/1.1, content: EmptyByteBufBE)
GET /session/cb9292821955b01dc1c0a48588e1d6ed/element/31c20c06-0dcf-4b80-8922-d68bb2607edc/name HTTP/1.1
User-Agent: selenium/4.1.2 (java windows)
Cache-Control: no-cache
Content-Type: application/json; charset=utf-8
host: localhost:52770
accept: */*

Response DefaultHttpResponse(decodeResult: success, version: HTTP/1.1)
HTTP/1.1 200 OK
Content-Type: application/json; charset=utf-8
cache-control: no-cache
content-length: 13

19:36:26.579 [AsyncHttpClient-1-5] DEBUG org.asynchttpclient.netty.channel.ChannelManager - Adding key: http://localhost:52770 for channel [id: 0xea92e4aa, L:/127.0.0.1:54044 - R:localhost/127.0.0.1:52770]
19:36:26.580 [Forwarding getElementTagName on session cb9292821955b01dc1c0a48588e1d6ed to remote] DEBUG org.asynchttpclient.netty.request.NettyRequestSender - Using pooled Channel '[id: 0xea92e4aa, L:/127.0.0.1:54044 - R:localhost/127.0.0.1:52770]' for 'GET' to 'http://localhost:52770/session/cb9292821955b01dc1c0a48588e1d6ed/element/31c20c06-0dcf-4b80-8922-d68bb2607edc/name'
19:36:26.582 [Forwarding getElementTagName on session cb9292821955b01dc1c0a48588e1d6ed to remote] DEBUG org.asynchttpclient.netty.request.NettyRequestSender - Using open Channel [id: 0xea92e4aa, L:/127.0.0.1:54044 - R:localhost/127.0.0.1:52770] for GET '/session/cb9292821955b01dc1c0a48588e1d6ed/element/31c20c06-0dcf-4b80-8922-d68bb2607edc/name'
19:36:26.584 [AsyncHttpClient-1-5] DEBUG org.asynchttpclient.netty.handler.HttpHandler - 

Request DefaultFullHttpRequest(decodeResult: success, version: HTTP/1.1, content: EmptyByteBufBE)
GET /session/cb9292821955b01dc1c0a48588e1d6ed/element/31c20c06-0dcf-4b80-8922-d68bb2607edc/name HTTP/1.1
User-Agent: selenium/4.1.2 (java windows)
Cache-Control: no-cache
Content-Type: application/json; charset=utf-8
host: localhost:52770
accept: */*

Response DefaultHttpResponse(decodeResult: success, version: HTTP/1.1)
HTTP/1.1 200 OK
Content-Type: application/json; charset=utf-8
cache-control: no-cache
content-length: 13

19:36:26.584 [AsyncHttpClient-1-5] DEBUG org.asynchttpclient.netty.channel.ChannelManager - Adding key: http://localhost:52770 for channel [id: 0xea92e4aa, L:/127.0.0.1:54044 - R:localhost/127.0.0.1:52770]
19:36:26.585 [Forwarding findElement on session cb9292821955b01dc1c0a48588e1d6ed to remote] DEBUG org.asynchttpclient.netty.request.NettyRequestSender - Using pooled Channel '[id: 0xea92e4aa, L:/127.0.0.1:54044 - R:localhost/127.0.0.1:52770]' for 'POST' to 'http://localhost:52770/session/cb9292821955b01dc1c0a48588e1d6ed/element'
19:36:26.585 [Forwarding findElement on session cb9292821955b01dc1c0a48588e1d6ed to remote] DEBUG org.asynchttpclient.netty.request.NettyRequestSender - Using open Channel [id: 0xea92e4aa, L:/127.0.0.1:54044 - R:localhost/127.0.0.1:52770] for POST '/session/cb9292821955b01dc1c0a48588e1d6ed/element'
19:36:26.595 [AsyncHttpClient-1-5] DEBUG org.asynchttpclient.netty.handler.HttpHandler - 

Request DefaultHttpRequest(decodeResult: success, version: HTTP/1.1)
POST /session/cb9292821955b01dc1c0a48588e1d6ed/element HTTP/1.1
User-Agent: selenium/4.1.2 (java windows)
Content-Length: 97
Content-Type: application/json; charset=utf-8
host: localhost:52770
accept: */*

Response DefaultHttpResponse(decodeResult: success, version: HTTP/1.1)
HTTP/1.1 200 OK
Content-Type: application/json; charset=utf-8
cache-control: no-cache
content-length: 88

19:36:26.596 [AsyncHttpClient-1-5] DEBUG org.asynchttpclient.netty.channel.ChannelManager - Adding key: http://localhost:52770 for channel [id: 0xea92e4aa, L:/127.0.0.1:54044 - R:localhost/127.0.0.1:52770]
19:36:26.600 [Forwarding clickElement on session cb9292821955b01dc1c0a48588e1d6ed to remote] DEBUG org.asynchttpclient.netty.request.NettyRequestSender - Using pooled Channel '[id: 0xea92e4aa, L:/127.0.0.1:54044 - R:localhost/127.0.0.1:52770]' for 'POST' to 'http://localhost:52770/session/cb9292821955b01dc1c0a48588e1d6ed/element/31c20c06-0dcf-4b80-8922-d68bb2607edc/click'
19:36:26.600 [Forwarding clickElement on session cb9292821955b01dc1c0a48588e1d6ed to remote] DEBUG org.asynchttpclient.netty.request.NettyRequestSender - Using open Channel [id: 0xea92e4aa, L:/127.0.0.1:54044 - R:localhost/127.0.0.1:52770] for POST '/session/cb9292821955b01dc1c0a48588e1d6ed/element/31c20c06-0dcf-4b80-8922-d68bb2607edc/click'
19:36:26.642 [AsyncHttpClient-1-5] DEBUG org.asynchttpclient.netty.handler.HttpHandler - 

Request DefaultHttpRequest(decodeResult: success, version: HTTP/1.1)
POST /session/cb9292821955b01dc1c0a48588e1d6ed/element/31c20c06-0dcf-4b80-8922-d68bb2607edc/click HTTP/1.1
User-Agent: selenium/4.1.2 (java windows)
Content-Length: 50
Content-Type: application/json; charset=utf-8
host: localhost:52770
accept: */*

Response DefaultHttpResponse(decodeResult: success, version: HTTP/1.1)
HTTP/1.1 200 OK
Content-Type: application/json; charset=utf-8
cache-control: no-cache
content-length: 14

19:36:26.643 [AsyncHttpClient-1-5] DEBUG org.asynchttpclient.netty.channel.ChannelManager - Adding key: http://localhost:52770 for channel [id: 0xea92e4aa, L:/127.0.0.1:54044 - R:localhost/127.0.0.1:52770]
  &amp#27;[32mWhen &amp#27;[0m&amp#27;[32mI click sign in button&amp#27;[0m            &amp#27;[90m# starter.steps.RegistrationStep.iClickSignInButton()&amp#27;[0m
19:36:26.657 [Forwarding screenshot on session cb9292821955b01dc1c0a48588e1d6ed to remote] DEBUG org.asynchttpclient.netty.request.NettyRequestSender - Using pooled Channel '[id: 0xea92e4aa, L:/127.0.0.1:54044 - R:localhost/127.0.0.1:52770]' for 'GET' to 'http://localhost:52770/session/cb9292821955b01dc1c0a48588e1d6ed/screenshot'
19:36:26.657 [Forwarding screenshot on session cb9292821955b01dc1c0a48588e1d6ed to remote] DEBUG org.asynchttpclient.netty.request.NettyRequestSender - Using open Channel [id: 0xea92e4aa, L:/127.0.0.1:54044 - R:localhost/127.0.0.1:52770] for GET '/session/cb9292821955b01dc1c0a48588e1d6ed/screenshot'
19:36:26.887 [AsyncHttpClient-1-5] DEBUG org.asynchttpclient.netty.handler.HttpHandler - 

Request DefaultFullHttpRequest(decodeResult: success, version: HTTP/1.1, content: EmptyByteBufBE)
GET /session/cb9292821955b01dc1c0a48588e1d6ed/screenshot HTTP/1.1
User-Agent: selenium/4.1.2 (java windows)
Cache-Control: no-cache
Content-Type: application/json; charset=utf-8
host: localhost:52770
accept: */*

Response DefaultHttpResponse(decodeResult: success, version: HTTP/1.1)
HTTP/1.1 200 OK
Content-Type: application/json; charset=utf-8
cache-control: no-cache
content-length: 40164

19:36:26.888 [AsyncHttpClient-1-5] DEBUG org.asynchttpclient.netty.channel.ChannelManager - Adding key: http://localhost:52770 for channel [id: 0xea92e4aa, L:/127.0.0.1:54044 - R:localhost/127.0.0.1:52770]
19:36:26.889 [main] DEBUG net.serenitybdd.core.photography.Darkroom - Send negative for processing for target\site\serenity\1dfb4f411fda3f9f135ff6efcc3898819770fe57260f5018b1a82d8855174a19.png
19:36:26.890 [Darkroom Processing Line] DEBUG net.serenitybdd.core.photography.DarkroomProcessingLine - Processing screenshot image in /var/screenshots/screenshot-9581922942756897940
19:36:26.890 [Darkroom Processing Line] DEBUG net.serenitybdd.core.photography.DarkroomProcessingLine - Saving screenshot to target\site\serenity\1dfb4f411fda3f9f135ff6efcc3898819770fe57260f5018b1a82d8855174a19.png
19:36:26.900 [Forwarding findElement on session cb9292821955b01dc1c0a48588e1d6ed to remote] DEBUG org.asynchttpclient.netty.request.NettyRequestSender - Using pooled Channel '[id: 0xea92e4aa, L:/127.0.0.1:54044 - R:localhost/127.0.0.1:52770]' for 'POST' to 'http://localhost:52770/session/cb9292821955b01dc1c0a48588e1d6ed/element'
19:36:26.900 [Forwarding findElement on session cb9292821955b01dc1c0a48588e1d6ed to remote] DEBUG org.asynchttpclient.netty.request.NettyRequestSender - Using open Channel [id: 0xea92e4aa, L:/127.0.0.1:54044 - R:localhost/127.0.0.1:52770] for POST '/session/cb9292821955b01dc1c0a48588e1d6ed/element'
19:36:26.908 [AsyncHttpClient-1-5] DEBUG org.asynchttpclient.netty.handler.HttpHandler - 

Request DefaultHttpRequest(decodeResult: success, version: HTTP/1.1)
POST /session/cb9292821955b01dc1c0a48588e1d6ed/element HTTP/1.1
User-Agent: selenium/4.1.2 (java windows)
Content-Length: 84
Content-Type: application/json; charset=utf-8
host: localhost:52770
accept: */*

Response DefaultHttpResponse(decodeResult: success, version: HTTP/1.1)
HTTP/1.1 200 OK
Content-Type: application/json; charset=utf-8
cache-control: no-cache
content-length: 88

19:36:26.908 [AsyncHttpClient-1-5] DEBUG org.asynchttpclient.netty.channel.ChannelManager - Adding key: http://localhost:52770 for channel [id: 0xea92e4aa, L:/127.0.0.1:54044 - R:localhost/127.0.0.1:52770]
19:36:26.909 [Forwarding getElementTagName on session cb9292821955b01dc1c0a48588e1d6ed to remote] DEBUG org.asynchttpclient.netty.request.NettyRequestSender - Using pooled Channel '[id: 0xea92e4aa, L:/127.0.0.1:54044 - R:localhost/127.0.0.1:52770]' for 'GET' to 'http://localhost:52770/session/cb9292821955b01dc1c0a48588e1d6ed/element/1c7f41f7-e2a1-4f9d-ae3a-0dff3e37d897/name'
19:36:26.909 [Forwarding getElementTagName on session cb9292821955b01dc1c0a48588e1d6ed to remote] DEBUG org.asynchttpclient.netty.request.NettyRequestSender - Using open Channel [id: 0xea92e4aa, L:/127.0.0.1:54044 - R:localhost/127.0.0.1:52770] for GET '/session/cb9292821955b01dc1c0a48588e1d6ed/element/1c7f41f7-e2a1-4f9d-ae3a-0dff3e37d897/name'
19:36:26.914 [AsyncHttpClient-1-5] DEBUG org.asynchttpclient.netty.handler.HttpHandler - 

Request DefaultFullHttpRequest(decodeResult: success, version: HTTP/1.1, content: EmptyByteBufBE)
GET /session/cb9292821955b01dc1c0a48588e1d6ed/element/1c7f41f7-e2a1-4f9d-ae3a-0dff3e37d897/name HTTP/1.1
User-Agent: selenium/4.1.2 (java windows)
Cache-Control: no-cache
Content-Type: application/json; charset=utf-8
host: localhost:52770
accept: */*

Response DefaultHttpResponse(decodeResult: success, version: HTTP/1.1)
HTTP/1.1 200 OK
Content-Type: application/json; charset=utf-8
cache-control: no-cache
content-length: 13

19:36:26.915 [AsyncHttpClient-1-5] DEBUG org.asynchttpclient.netty.channel.ChannelManager - Adding key: http://localhost:52770 for channel [id: 0xea92e4aa, L:/127.0.0.1:54044 - R:localhost/127.0.0.1:52770]
19:36:26.917 [Forwarding getElementTagName on session cb9292821955b01dc1c0a48588e1d6ed to remote] DEBUG org.asynchttpclient.netty.request.NettyRequestSender - Using pooled Channel '[id: 0xea92e4aa, L:/127.0.0.1:54044 - R:localhost/127.0.0.1:52770]' for 'GET' to 'http://localhost:52770/session/cb9292821955b01dc1c0a48588e1d6ed/element/1c7f41f7-e2a1-4f9d-ae3a-0dff3e37d897/name'
19:36:26.917 [Forwarding getElementTagName on session cb9292821955b01dc1c0a48588e1d6ed to remote] DEBUG org.asynchttpclient.netty.request.NettyRequestSender - Using open Channel [id: 0xea92e4aa, L:/127.0.0.1:54044 - R:localhost/127.0.0.1:52770] for GET '/session/cb9292821955b01dc1c0a48588e1d6ed/element/1c7f41f7-e2a1-4f9d-ae3a-0dff3e37d897/name'
19:36:26.923 [AsyncHttpClient-1-5] DEBUG org.asynchttpclient.netty.handler.HttpHandler - 

Request DefaultFullHttpRequest(decodeResult: success, version: HTTP/1.1, content: EmptyByteBufBE)
GET /session/cb9292821955b01dc1c0a48588e1d6ed/element/1c7f41f7-e2a1-4f9d-ae3a-0dff3e37d897/name HTTP/1.1
User-Agent: selenium/4.1.2 (java windows)
Cache-Control: no-cache
Content-Type: application/json; charset=utf-8
host: localhost:52770
accept: */*

Response DefaultHttpResponse(decodeResult: success, version: HTTP/1.1)
HTTP/1.1 200 OK
Content-Type: application/json; charset=utf-8
cache-control: no-cache
content-length: 13

19:36:26.923 [AsyncHttpClient-1-5] DEBUG org.asynchttpclient.netty.channel.ChannelManager - Adding key: http://localhost:52770 for channel [id: 0xea92e4aa, L:/127.0.0.1:54044 - R:localhost/127.0.0.1:52770]
19:36:26.925 [Forwarding findElement on session cb9292821955b01dc1c0a48588e1d6ed to remote] DEBUG org.asynchttpclient.netty.request.NettyRequestSender - Using pooled Channel '[id: 0xea92e4aa, L:/127.0.0.1:54044 - R:localhost/127.0.0.1:52770]' for 'POST' to 'http://localhost:52770/session/cb9292821955b01dc1c0a48588e1d6ed/element'
19:36:26.925 [Forwarding findElement on session cb9292821955b01dc1c0a48588e1d6ed to remote] DEBUG org.asynchttpclient.netty.request.NettyRequestSender - Using open Channel [id: 0xea92e4aa, L:/127.0.0.1:54044 - R:localhost/127.0.0.1:52770] for POST '/session/cb9292821955b01dc1c0a48588e1d6ed/element'
19:36:26.933 [AsyncHttpClient-1-5] DEBUG org.asynchttpclient.netty.handler.HttpHandler - 

Request DefaultHttpRequest(decodeResult: success, version: HTTP/1.1)
POST /session/cb9292821955b01dc1c0a48588e1d6ed/element HTTP/1.1
User-Agent: selenium/4.1.2 (java windows)
Content-Length: 84
Content-Type: application/json; charset=utf-8
host: localhost:52770
accept: */*

Response DefaultHttpResponse(decodeResult: success, version: HTTP/1.1)
HTTP/1.1 200 OK
Content-Type: application/json; charset=utf-8
cache-control: no-cache
content-length: 88

19:36:26.935 [AsyncHttpClient-1-5] DEBUG org.asynchttpclient.netty.channel.ChannelManager - Adding key: http://localhost:52770 for channel [id: 0xea92e4aa, L:/127.0.0.1:54044 - R:localhost/127.0.0.1:52770]
19:36:26.936 [Forwarding clickElement on session cb9292821955b01dc1c0a48588e1d6ed to remote] DEBUG org.asynchttpclient.netty.request.NettyRequestSender - Using pooled Channel '[id: 0xea92e4aa, L:/127.0.0.1:54044 - R:localhost/127.0.0.1:52770]' for 'POST' to 'http://localhost:52770/session/cb9292821955b01dc1c0a48588e1d6ed/element/1c7f41f7-e2a1-4f9d-ae3a-0dff3e37d897/click'
19:36:26.936 [Forwarding clickElement on session cb9292821955b01dc1c0a48588e1d6ed to remote] DEBUG org.asynchttpclient.netty.request.NettyRequestSender - Using open Channel [id: 0xea92e4aa, L:/127.0.0.1:54044 - R:localhost/127.0.0.1:52770] for POST '/session/cb9292821955b01dc1c0a48588e1d6ed/element/1c7f41f7-e2a1-4f9d-ae3a-0dff3e37d897/click'
19:36:26.968 [AsyncHttpClient-1-5] DEBUG org.asynchttpclient.netty.handler.HttpHandler - 

Request DefaultHttpRequest(decodeResult: success, version: HTTP/1.1)
POST /session/cb9292821955b01dc1c0a48588e1d6ed/element/1c7f41f7-e2a1-4f9d-ae3a-0dff3e37d897/click HTTP/1.1
User-Agent: selenium/4.1.2 (java windows)
Content-Length: 50
Content-Type: application/json; charset=utf-8
host: localhost:52770
accept: */*

Response DefaultHttpResponse(decodeResult: success, version: HTTP/1.1)
HTTP/1.1 200 OK
Content-Type: application/json; charset=utf-8
cache-control: no-cache
content-length: 14

19:36:26.968 [AsyncHttpClient-1-5] DEBUG org.asynchttpclient.netty.channel.ChannelManager - Adding key: http://localhost:52770 for channel [id: 0xea92e4aa, L:/127.0.0.1:54044 - R:localhost/127.0.0.1:52770]
  &amp#27;[32mAnd &amp#27;[0m&amp#27;[32mI click register link&amp#27;[0m              &amp#27;[90m# starter.steps.RegistrationStep.iClickRegisterLink()&amp#27;[0m
19:36:26.974 [Forwarding screenshot on session cb9292821955b01dc1c0a48588e1d6ed to remote] DEBUG org.asynchttpclient.netty.request.NettyRequestSender - Using pooled Channel '[id: 0xea92e4aa, L:/127.0.0.1:54044 - R:localhost/127.0.0.1:52770]' for 'GET' to 'http://localhost:52770/session/cb9292821955b01dc1c0a48588e1d6ed/screenshot'
19:36:26.974 [Forwarding screenshot on session cb9292821955b01dc1c0a48588e1d6ed to remote] DEBUG org.asynchttpclient.netty.request.NettyRequestSender - Using open Channel [id: 0xea92e4aa, L:/127.0.0.1:54044 - R:localhost/127.0.0.1:52770] for GET '/session/cb9292821955b01dc1c0a48588e1d6ed/screenshot'
19:36:27.102 [AsyncHttpClient-1-1] DEBUG org.asynchttpclient.netty.channel.DefaultChannelPool - Entry count for : http://localhost:54046 : 1
19:36:27.146 [AsyncHttpClient-1-5] DEBUG org.asynchttpclient.netty.handler.HttpHandler - 

Request DefaultFullHttpRequest(decodeResult: success, version: HTTP/1.1, content: EmptyByteBufBE)
GET /session/cb9292821955b01dc1c0a48588e1d6ed/screenshot HTTP/1.1
User-Agent: selenium/4.1.2 (java windows)
Cache-Control: no-cache
Content-Type: application/json; charset=utf-8
host: localhost:52770
accept: */*

Response DefaultHttpResponse(decodeResult: success, version: HTTP/1.1)
HTTP/1.1 200 OK
Content-Type: application/json; charset=utf-8
cache-control: no-cache
content-length: 46316

19:36:27.148 [AsyncHttpClient-1-5] DEBUG org.asynchttpclient.netty.channel.ChannelManager - Adding key: http://localhost:52770 for channel [id: 0xea92e4aa, L:/127.0.0.1:54044 - R:localhost/127.0.0.1:52770]
19:36:27.151 [main] DEBUG net.serenitybdd.core.photography.Darkroom - Send negative for processing for target\site\serenity\afb6952c4c9e20025783fa50374a62b78142f316f52d5046793d225e09552dc3.png
19:36:27.153 [Darkroom Processing Line] DEBUG net.serenitybdd.core.photography.DarkroomProcessingLine - Processing screenshot image in /var/screenshots/screenshot-16968681750488202684
19:36:27.153 [Darkroom Processing Line] DEBUG net.serenitybdd.core.photography.DarkroomProcessingLine - Saving screenshot to target\site\serenity\afb6952c4c9e20025783fa50374a62b78142f316f52d5046793d225e09552dc3.png
19:36:27.158 [Forwarding findElement on session cb9292821955b01dc1c0a48588e1d6ed to remote] DEBUG org.asynchttpclient.netty.request.NettyRequestSender - Using pooled Channel '[id: 0xea92e4aa, L:/127.0.0.1:54044 - R:localhost/127.0.0.1:52770]' for 'POST' to 'http://localhost:52770/session/cb9292821955b01dc1c0a48588e1d6ed/element'
19:36:27.158 [Forwarding findElement on session cb9292821955b01dc1c0a48588e1d6ed to remote] DEBUG org.asynchttpclient.netty.request.NettyRequestSender - Using open Channel [id: 0xea92e4aa, L:/127.0.0.1:54044 - R:localhost/127.0.0.1:52770] for POST '/session/cb9292821955b01dc1c0a48588e1d6ed/element'
19:36:27.171 [AsyncHttpClient-1-5] DEBUG org.asynchttpclient.netty.handler.HttpHandler - 

Request DefaultHttpRequest(decodeResult: success, version: HTTP/1.1)
POST /session/cb9292821955b01dc1c0a48588e1d6ed/element HTTP/1.1
User-Agent: selenium/4.1.2 (java windows)
Content-Length: 93
Content-Type: application/json; charset=utf-8
host: localhost:52770
accept: */*

Response DefaultHttpResponse(decodeResult: success, version: HTTP/1.1)
HTTP/1.1 200 OK
Content-Type: application/json; charset=utf-8
cache-control: no-cache
content-length: 88

19:36:27.171 [AsyncHttpClient-1-5] DEBUG org.asynchttpclient.netty.channel.ChannelManager - Adding key: http://localhost:52770 for channel [id: 0xea92e4aa, L:/127.0.0.1:54044 - R:localhost/127.0.0.1:52770]
19:36:27.172 [Forwarding clearElement on session cb9292821955b01dc1c0a48588e1d6ed to remote] DEBUG org.asynchttpclient.netty.request.NettyRequestSender - Using pooled Channel '[id: 0xea92e4aa, L:/127.0.0.1:54044 - R:localhost/127.0.0.1:52770]' for 'POST' to 'http://localhost:52770/session/cb9292821955b01dc1c0a48588e1d6ed/element/4bcc03b2-9576-4fb1-b81a-77151ba3d221/clear'
19:36:27.172 [Forwarding clearElement on session cb9292821955b01dc1c0a48588e1d6ed to remote] DEBUG org.asynchttpclient.netty.request.NettyRequestSender - Using open Channel [id: 0xea92e4aa, L:/127.0.0.1:54044 - R:localhost/127.0.0.1:52770] for POST '/session/cb9292821955b01dc1c0a48588e1d6ed/element/4bcc03b2-9576-4fb1-b81a-77151ba3d221/clear'
19:36:27.216 [AsyncHttpClient-1-5] DEBUG org.asynchttpclient.netty.handler.HttpHandler - 

Request DefaultHttpRequest(decodeResult: success, version: HTTP/1.1)
POST /session/cb9292821955b01dc1c0a48588e1d6ed/element/4bcc03b2-9576-4fb1-b81a-77151ba3d221/clear HTTP/1.1
User-Agent: selenium/4.1.2 (java windows)
Content-Length: 50
Content-Type: application/json; charset=utf-8
host: localhost:52770
accept: */*

Response DefaultHttpResponse(decodeResult: success, version: HTTP/1.1)
HTTP/1.1 200 OK
Content-Type: application/json; charset=utf-8
cache-control: no-cache
content-length: 14

19:36:27.216 [AsyncHttpClient-1-5] DEBUG org.asynchttpclient.netty.channel.ChannelManager - Adding key: http://localhost:52770 for channel [id: 0xea92e4aa, L:/127.0.0.1:54044 - R:localhost/127.0.0.1:52770]
19:36:27.218 [Forwarding sendKeysToElement on session cb9292821955b01dc1c0a48588e1d6ed to remote] DEBUG org.asynchttpclient.netty.request.NettyRequestSender - Using pooled Channel '[id: 0xea92e4aa, L:/127.0.0.1:54044 - R:localhost/127.0.0.1:52770]' for 'POST' to 'http://localhost:52770/session/cb9292821955b01dc1c0a48588e1d6ed/element/4bcc03b2-9576-4fb1-b81a-77151ba3d221/value'
19:36:27.218 [Forwarding sendKeysToElement on session cb9292821955b01dc1c0a48588e1d6ed to remote] DEBUG org.asynchttpclient.netty.request.NettyRequestSender - Using open Channel [id: 0xea92e4aa, L:/127.0.0.1:54044 - R:localhost/127.0.0.1:52770] for POST '/session/cb9292821955b01dc1c0a48588e1d6ed/element/4bcc03b2-9576-4fb1-b81a-77151ba3d221/value'
19:36:27.276 [AsyncHttpClient-1-5] DEBUG org.asynchttpclient.netty.handler.HttpHandler - 

Request DefaultHttpRequest(decodeResult: success, version: HTTP/1.1)
POST /session/cb9292821955b01dc1c0a48588e1d6ed/element/4bcc03b2-9576-4fb1-b81a-77151ba3d221/value HTTP/1.1
User-Agent: selenium/4.1.2 (java windows)
Content-Length: 141
Content-Type: application/json; charset=utf-8
host: localhost:52770
accept: */*

Response DefaultHttpResponse(decodeResult: success, version: HTTP/1.1)
HTTP/1.1 200 OK
Content-Type: application/json; charset=utf-8
cache-control: no-cache
content-length: 14

19:36:27.276 [AsyncHttpClient-1-5] DEBUG org.asynchttpclient.netty.channel.ChannelManager - Adding key: http://localhost:52770 for channel [id: 0xea92e4aa, L:/127.0.0.1:54044 - R:localhost/127.0.0.1:52770]
  &amp#27;[32mAnd &amp#27;[0m&amp#27;[32mI input &amp#27;[0m&amp#27;[32m&amp#27;[1m"maylan"&amp#27;[0m&amp#27;[32m fullname&amp#27;[0m          &amp#27;[90m# starter.steps.RegistrationStep.iInputFullname(java.lang.String)&amp#27;[0m
19:36:27.287 [Forwarding screenshot on session cb9292821955b01dc1c0a48588e1d6ed to remote] DEBUG org.asynchttpclient.netty.request.NettyRequestSender - Using pooled Channel '[id: 0xea92e4aa, L:/127.0.0.1:54044 - R:localhost/127.0.0.1:52770]' for 'GET' to 'http://localhost:52770/session/cb9292821955b01dc1c0a48588e1d6ed/screenshot'
19:36:27.287 [Forwarding screenshot on session cb9292821955b01dc1c0a48588e1d6ed to remote] DEBUG org.asynchttpclient.netty.request.NettyRequestSender - Using open Channel [id: 0xea92e4aa, L:/127.0.0.1:54044 - R:localhost/127.0.0.1:52770] for GET '/session/cb9292821955b01dc1c0a48588e1d6ed/screenshot'
19:36:27.441 [AsyncHttpClient-1-5] DEBUG org.asynchttpclient.netty.handler.HttpHandler - 

Request DefaultFullHttpRequest(decodeResult: success, version: HTTP/1.1, content: EmptyByteBufBE)
GET /session/cb9292821955b01dc1c0a48588e1d6ed/screenshot HTTP/1.1
User-Agent: selenium/4.1.2 (java windows)
Cache-Control: no-cache
Content-Type: application/json; charset=utf-8
host: localhost:52770
accept: */*

Response DefaultHttpResponse(decodeResult: success, version: HTTP/1.1)
HTTP/1.1 200 OK
Content-Type: application/json; charset=utf-8
cache-control: no-cache
content-length: 47028

19:36:27.441 [AsyncHttpClient-1-5] DEBUG org.asynchttpclient.netty.channel.ChannelManager - Adding key: http://localhost:52770 for channel [id: 0xea92e4aa, L:/127.0.0.1:54044 - R:localhost/127.0.0.1:52770]
19:36:27.442 [main] DEBUG net.serenitybdd.core.photography.Darkroom - Send negative for processing for target\site\serenity\5de293c42e592517cdcc3397199885cbf9fe44f9ecceb996242a24e8273b3446.png
19:36:27.444 [Darkroom Processing Line] DEBUG net.serenitybdd.core.photography.DarkroomProcessingLine - Processing screenshot image in /var/screenshots/screenshot-7392912658580736547
19:36:27.444 [Darkroom Processing Line] DEBUG net.serenitybdd.core.photography.DarkroomProcessingLine - Saving screenshot to target\site\serenity\5de293c42e592517cdcc3397199885cbf9fe44f9ecceb996242a24e8273b3446.png
19:36:27.453 [Forwarding findElement on session cb9292821955b01dc1c0a48588e1d6ed to remote] DEBUG org.asynchttpclient.netty.request.NettyRequestSender - Using pooled Channel '[id: 0xea92e4aa, L:/127.0.0.1:54044 - R:localhost/127.0.0.1:52770]' for 'POST' to 'http://localhost:52770/session/cb9292821955b01dc1c0a48588e1d6ed/element'
19:36:27.454 [Forwarding findElement on session cb9292821955b01dc1c0a48588e1d6ed to remote] DEBUG org.asynchttpclient.netty.request.NettyRequestSender - Using open Channel [id: 0xea92e4aa, L:/127.0.0.1:54044 - R:localhost/127.0.0.1:52770] for POST '/session/cb9292821955b01dc1c0a48588e1d6ed/element'
19:36:27.473 [AsyncHttpClient-1-5] DEBUG org.asynchttpclient.netty.handler.HttpHandler - 

Request DefaultHttpRequest(decodeResult: success, version: HTTP/1.1)
POST /session/cb9292821955b01dc1c0a48588e1d6ed/element HTTP/1.1
User-Agent: selenium/4.1.2 (java windows)
Content-Length: 86
Content-Type: application/json; charset=utf-8
host: localhost:52770
accept: */*

Response DefaultHttpResponse(decodeResult: success, version: HTTP/1.1)
HTTP/1.1 200 OK
Content-Type: application/json; charset=utf-8
cache-control: no-cache
content-length: 88

19:36:27.473 [AsyncHttpClient-1-5] DEBUG org.asynchttpclient.netty.channel.ChannelManager - Adding key: http://localhost:52770 for channel [id: 0xea92e4aa, L:/127.0.0.1:54044 - R:localhost/127.0.0.1:52770]
19:36:27.475 [Forwarding clearElement on session cb9292821955b01dc1c0a48588e1d6ed to remote] DEBUG org.asynchttpclient.netty.request.NettyRequestSender - Using pooled Channel '[id: 0xea92e4aa, L:/127.0.0.1:54044 - R:localhost/127.0.0.1:52770]' for 'POST' to 'http://localhost:52770/session/cb9292821955b01dc1c0a48588e1d6ed/element/3a04b0ff-85cc-4e27-b416-af6544508b9a/clear'
19:36:27.475 [Forwarding clearElement on session cb9292821955b01dc1c0a48588e1d6ed to remote] DEBUG org.asynchttpclient.netty.request.NettyRequestSender - Using open Channel [id: 0xea92e4aa, L:/127.0.0.1:54044 - R:localhost/127.0.0.1:52770] for POST '/session/cb9292821955b01dc1c0a48588e1d6ed/element/3a04b0ff-85cc-4e27-b416-af6544508b9a/clear'
19:36:27.508 [AsyncHttpClient-1-5] DEBUG org.asynchttpclient.netty.handler.HttpHandler - 

Request DefaultHttpRequest(decodeResult: success, version: HTTP/1.1)
POST /session/cb9292821955b01dc1c0a48588e1d6ed/element/3a04b0ff-85cc-4e27-b416-af6544508b9a/clear HTTP/1.1
User-Agent: selenium/4.1.2 (java windows)
Content-Length: 50
Content-Type: application/json; charset=utf-8
host: localhost:52770
accept: */*

Response DefaultHttpResponse(decodeResult: success, version: HTTP/1.1)
HTTP/1.1 200 OK
Content-Type: application/json; charset=utf-8
cache-control: no-cache
content-length: 14

19:36:27.509 [AsyncHttpClient-1-5] DEBUG org.asynchttpclient.netty.channel.ChannelManager - Adding key: http://localhost:52770 for channel [id: 0xea92e4aa, L:/127.0.0.1:54044 - R:localhost/127.0.0.1:52770]
19:36:27.510 [Forwarding sendKeysToElement on session cb9292821955b01dc1c0a48588e1d6ed to remote] DEBUG org.asynchttpclient.netty.request.NettyRequestSender - Using pooled Channel '[id: 0xea92e4aa, L:/127.0.0.1:54044 - R:localhost/127.0.0.1:52770]' for 'POST' to 'http://localhost:52770/session/cb9292821955b01dc1c0a48588e1d6ed/element/3a04b0ff-85cc-4e27-b416-af6544508b9a/value'
19:36:27.510 [Forwarding sendKeysToElement on session cb9292821955b01dc1c0a48588e1d6ed to remote] DEBUG org.asynchttpclient.netty.request.NettyRequestSender - Using open Channel [id: 0xea92e4aa, L:/127.0.0.1:54044 - R:localhost/127.0.0.1:52770] for POST '/session/cb9292821955b01dc1c0a48588e1d6ed/element/3a04b0ff-85cc-4e27-b416-af6544508b9a/value'
19:36:27.610 [AsyncHttpClient-1-5] DEBUG org.asynchttpclient.netty.handler.HttpHandler - 

Request DefaultHttpRequest(decodeResult: success, version: HTTP/1.1)
POST /session/cb9292821955b01dc1c0a48588e1d6ed/element/3a04b0ff-85cc-4e27-b416-af6544508b9a/value HTTP/1.1
User-Agent: selenium/4.1.2 (java windows)
Content-Length: 221
Content-Type: application/json; charset=utf-8
host: localhost:52770
accept: */*

Response DefaultHttpResponse(decodeResult: success, version: HTTP/1.1)
HTTP/1.1 200 OK
Content-Type: application/json; charset=utf-8
cache-control: no-cache
content-length: 14

19:36:27.610 [AsyncHttpClient-1-5] DEBUG org.asynchttpclient.netty.channel.ChannelManager - Adding key: http://localhost:52770 for channel [id: 0xea92e4aa, L:/127.0.0.1:54044 - R:localhost/127.0.0.1:52770]
  &amp#27;[32mAnd &amp#27;[0m&amp#27;[32mI input &amp#27;[0m&amp#27;[32m&amp#27;[1m"may1@gmail.com"&amp#27;[0m&amp#27;[32m new email&amp#27;[0m &amp#27;[90m# starter.steps.RegistrationStep.iInputNewEmail(java.lang.String)&amp#27;[0m
19:36:27.621 [Forwarding screenshot on session cb9292821955b01dc1c0a48588e1d6ed to remote] DEBUG org.asynchttpclient.netty.request.NettyRequestSender - Using pooled Channel '[id: 0xea92e4aa, L:/127.0.0.1:54044 - R:localhost/127.0.0.1:52770]' for 'GET' to 'http://localhost:52770/session/cb9292821955b01dc1c0a48588e1d6ed/screenshot'
19:36:27.621 [Forwarding screenshot on session cb9292821955b01dc1c0a48588e1d6ed to remote] DEBUG org.asynchttpclient.netty.request.NettyRequestSender - Using open Channel [id: 0xea92e4aa, L:/127.0.0.1:54044 - R:localhost/127.0.0.1:52770] for GET '/session/cb9292821955b01dc1c0a48588e1d6ed/screenshot'
19:36:27.774 [AsyncHttpClient-1-5] DEBUG org.asynchttpclient.netty.handler.HttpHandler - 

Request DefaultFullHttpRequest(decodeResult: success, version: HTTP/1.1, content: EmptyByteBufBE)
GET /session/cb9292821955b01dc1c0a48588e1d6ed/screenshot HTTP/1.1
User-Agent: selenium/4.1.2 (java windows)
Cache-Control: no-cache
Content-Type: application/json; charset=utf-8
host: localhost:52770
accept: */*

Response DefaultHttpResponse(decodeResult: success, version: HTTP/1.1)
HTTP/1.1 200 OK
Content-Type: application/json; charset=utf-8
cache-control: no-cache
content-length: 52276

19:36:27.775 [AsyncHttpClient-1-5] DEBUG org.asynchttpclient.netty.channel.ChannelManager - Adding key: http://localhost:52770 for channel [id: 0xea92e4aa, L:/127.0.0.1:54044 - R:localhost/127.0.0.1:52770]
19:36:27.777 [main] DEBUG net.serenitybdd.core.photography.Darkroom - Send negative for processing for target\site\serenity\82afa02f0b9329251d521b5d804e9e87614d9be9ea88896d80d26a112848318c.png
19:36:27.777 [Darkroom Processing Line] DEBUG net.serenitybdd.core.photography.DarkroomProcessingLine - Processing screenshot image in /var/screenshots/screenshot-11593725881778745902
19:36:27.777 [Darkroom Processing Line] DEBUG net.serenitybdd.core.photography.DarkroomProcessingLine - Saving screenshot to target\site\serenity\82afa02f0b9329251d521b5d804e9e87614d9be9ea88896d80d26a112848318c.png
19:36:27.785 [Forwarding findElement on session cb9292821955b01dc1c0a48588e1d6ed to remote] DEBUG org.asynchttpclient.netty.request.NettyRequestSender - Using pooled Channel '[id: 0xea92e4aa, L:/127.0.0.1:54044 - R:localhost/127.0.0.1:52770]' for 'POST' to 'http://localhost:52770/session/cb9292821955b01dc1c0a48588e1d6ed/element'
19:36:27.786 [Forwarding findElement on session cb9292821955b01dc1c0a48588e1d6ed to remote] DEBUG org.asynchttpclient.netty.request.NettyRequestSender - Using open Channel [id: 0xea92e4aa, L:/127.0.0.1:54044 - R:localhost/127.0.0.1:52770] for POST '/session/cb9292821955b01dc1c0a48588e1d6ed/element'
19:36:27.796 [AsyncHttpClient-1-5] DEBUG org.asynchttpclient.netty.handler.HttpHandler - 

Request DefaultHttpRequest(decodeResult: success, version: HTTP/1.1)
POST /session/cb9292821955b01dc1c0a48588e1d6ed/element HTTP/1.1
User-Agent: selenium/4.1.2 (java windows)
Content-Length: 89
Content-Type: application/json; charset=utf-8
host: localhost:52770
accept: */*

Response DefaultHttpResponse(decodeResult: success, version: HTTP/1.1)
HTTP/1.1 200 OK
Content-Type: application/json; charset=utf-8
cache-control: no-cache
content-length: 88

19:36:27.796 [AsyncHttpClient-1-5] DEBUG org.asynchttpclient.netty.channel.ChannelManager - Adding key: http://localhost:52770 for channel [id: 0xea92e4aa, L:/127.0.0.1:54044 - R:localhost/127.0.0.1:52770]
19:36:27.799 [Forwarding clearElement on session cb9292821955b01dc1c0a48588e1d6ed to remote] DEBUG org.asynchttpclient.netty.request.NettyRequestSender - Using pooled Channel '[id: 0xea92e4aa, L:/127.0.0.1:54044 - R:localhost/127.0.0.1:52770]' for 'POST' to 'http://localhost:52770/session/cb9292821955b01dc1c0a48588e1d6ed/element/8e8efa16-5f0b-4e43-8fda-13fa517530d1/clear'
19:36:27.799 [Forwarding clearElement on session cb9292821955b01dc1c0a48588e1d6ed to remote] DEBUG org.asynchttpclient.netty.request.NettyRequestSender - Using open Channel [id: 0xea92e4aa, L:/127.0.0.1:54044 - R:localhost/127.0.0.1:52770] for POST '/session/cb9292821955b01dc1c0a48588e1d6ed/element/8e8efa16-5f0b-4e43-8fda-13fa517530d1/clear'
19:36:27.824 [AsyncHttpClient-1-5] DEBUG org.asynchttpclient.netty.handler.HttpHandler - 

Request DefaultHttpRequest(decodeResult: success, version: HTTP/1.1)
POST /session/cb9292821955b01dc1c0a48588e1d6ed/element/8e8efa16-5f0b-4e43-8fda-13fa517530d1/clear HTTP/1.1
User-Agent: selenium/4.1.2 (java windows)
Content-Length: 50
Content-Type: application/json; charset=utf-8
host: localhost:52770
accept: */*

Response DefaultHttpResponse(decodeResult: success, version: HTTP/1.1)
HTTP/1.1 200 OK
Content-Type: application/json; charset=utf-8
cache-control: no-cache
content-length: 14

19:36:27.824 [AsyncHttpClient-1-5] DEBUG org.asynchttpclient.netty.channel.ChannelManager - Adding key: http://localhost:52770 for channel [id: 0xea92e4aa, L:/127.0.0.1:54044 - R:localhost/127.0.0.1:52770]
19:36:27.834 [Forwarding sendKeysToElement on session cb9292821955b01dc1c0a48588e1d6ed to remote] DEBUG org.asynchttpclient.netty.request.NettyRequestSender - Using pooled Channel '[id: 0xea92e4aa, L:/127.0.0.1:54044 - R:localhost/127.0.0.1:52770]' for 'POST' to 'http://localhost:52770/session/cb9292821955b01dc1c0a48588e1d6ed/element/8e8efa16-5f0b-4e43-8fda-13fa517530d1/value'
19:36:27.834 [Forwarding sendKeysToElement on session cb9292821955b01dc1c0a48588e1d6ed to remote] DEBUG org.asynchttpclient.netty.request.NettyRequestSender - Using open Channel [id: 0xea92e4aa, L:/127.0.0.1:54044 - R:localhost/127.0.0.1:52770] for POST '/session/cb9292821955b01dc1c0a48588e1d6ed/element/8e8efa16-5f0b-4e43-8fda-13fa517530d1/value'
19:36:27.894 [AsyncHttpClient-1-5] DEBUG org.asynchttpclient.netty.handler.HttpHandler - 

Request DefaultHttpRequest(decodeResult: success, version: HTTP/1.1)
POST /session/cb9292821955b01dc1c0a48588e1d6ed/element/8e8efa16-5f0b-4e43-8fda-13fa517530d1/value HTTP/1.1
User-Agent: selenium/4.1.2 (java windows)
Content-Length: 161
Content-Type: application/json; charset=utf-8
host: localhost:52770
accept: */*

Response DefaultHttpResponse(decodeResult: success, version: HTTP/1.1)
HTTP/1.1 200 OK
Content-Type: application/json; charset=utf-8
cache-control: no-cache
content-length: 14

19:36:27.894 [AsyncHttpClient-1-5] DEBUG org.asynchttpclient.netty.channel.ChannelManager - Adding key: http://localhost:52770 for channel [id: 0xea92e4aa, L:/127.0.0.1:54044 - R:localhost/127.0.0.1:52770]
  &amp#27;[32mAnd &amp#27;[0m&amp#27;[32mI input &amp#27;[0m&amp#27;[32m&amp#27;[1m"akunmay1"&amp#27;[0m&amp#27;[32m new password&amp#27;[0m    &amp#27;[90m# starter.steps.RegistrationStep.iInputNewPassword(java.lang.String)&amp#27;[0m
19:36:27.899 [Forwarding screenshot on session cb9292821955b01dc1c0a48588e1d6ed to remote] DEBUG org.asynchttpclient.netty.request.NettyRequestSender - Using pooled Channel '[id: 0xea92e4aa, L:/127.0.0.1:54044 - R:localhost/127.0.0.1:52770]' for 'GET' to 'http://localhost:52770/session/cb9292821955b01dc1c0a48588e1d6ed/screenshot'
19:36:27.899 [Forwarding screenshot on session cb9292821955b01dc1c0a48588e1d6ed to remote] DEBUG org.asynchttpclient.netty.request.NettyRequestSender - Using open Channel [id: 0xea92e4aa, L:/127.0.0.1:54044 - R:localhost/127.0.0.1:52770] for GET '/session/cb9292821955b01dc1c0a48588e1d6ed/screenshot'
19:36:28.043 [AsyncHttpClient-1-5] DEBUG org.asynchttpclient.netty.handler.HttpHandler - 

Request DefaultFullHttpRequest(decodeResult: success, version: HTTP/1.1, content: EmptyByteBufBE)
GET /session/cb9292821955b01dc1c0a48588e1d6ed/screenshot HTTP/1.1
User-Agent: selenium/4.1.2 (java windows)
Cache-Control: no-cache
Content-Type: application/json; charset=utf-8
host: localhost:52770
accept: */*

Response DefaultHttpResponse(decodeResult: success, version: HTTP/1.1)
HTTP/1.1 200 OK
Content-Type: application/json; charset=utf-8
cache-control: no-cache
content-length: 54852

19:36:28.044 [AsyncHttpClient-1-5] DEBUG org.asynchttpclient.netty.channel.ChannelManager - Adding key: http://localhost:52770 for channel [id: 0xea92e4aa, L:/127.0.0.1:54044 - R:localhost/127.0.0.1:52770]
19:36:28.046 [main] DEBUG net.serenitybdd.core.photography.Darkroom - Send negative for processing for target\site\serenity\92578196ae71969530885786511e868e70c68799c7df8c72b736a5e9c69f0daf.png
19:36:28.046 [Darkroom Processing Line] DEBUG net.serenitybdd.core.photography.DarkroomProcessingLine - Processing screenshot image in /var/screenshots/screenshot-13808368860135647388
19:36:28.046 [Darkroom Processing Line] DEBUG net.serenitybdd.core.photography.DarkroomProcessingLine - Saving screenshot to target\site\serenity\92578196ae71969530885786511e868e70c68799c7df8c72b736a5e9c69f0daf.png
19:36:28.054 [Forwarding findElement on session cb9292821955b01dc1c0a48588e1d6ed to remote] DEBUG org.asynchttpclient.netty.request.NettyRequestSender - Using pooled Channel '[id: 0xea92e4aa, L:/127.0.0.1:54044 - R:localhost/127.0.0.1:52770]' for 'POST' to 'http://localhost:52770/session/cb9292821955b01dc1c0a48588e1d6ed/element'
19:36:28.054 [Forwarding findElement on session cb9292821955b01dc1c0a48588e1d6ed to remote] DEBUG org.asynchttpclient.netty.request.NettyRequestSender - Using open Channel [id: 0xea92e4aa, L:/127.0.0.1:54044 - R:localhost/127.0.0.1:52770] for POST '/session/cb9292821955b01dc1c0a48588e1d6ed/element'
19:36:28.067 [AsyncHttpClient-1-5] DEBUG org.asynchttpclient.netty.handler.HttpHandler - 

Request DefaultHttpRequest(decodeResult: success, version: HTTP/1.1)
POST /session/cb9292821955b01dc1c0a48588e1d6ed/element HTTP/1.1
User-Agent: selenium/4.1.2 (java windows)
Content-Length: 141
Content-Type: application/json; charset=utf-8
host: localhost:52770
accept: */*

Response DefaultHttpResponse(decodeResult: success, version: HTTP/1.1)
HTTP/1.1 200 OK
Content-Type: application/json; charset=utf-8
cache-control: no-cache
content-length: 88

19:36:28.067 [AsyncHttpClient-1-5] DEBUG org.asynchttpclient.netty.channel.ChannelManager - Adding key: http://localhost:52770 for channel [id: 0xea92e4aa, L:/127.0.0.1:54044 - R:localhost/127.0.0.1:52770]
19:36:28.069 [Forwarding getElementTagName on session cb9292821955b01dc1c0a48588e1d6ed to remote] DEBUG org.asynchttpclient.netty.request.NettyRequestSender - Using pooled Channel '[id: 0xea92e4aa, L:/127.0.0.1:54044 - R:localhost/127.0.0.1:52770]' for 'GET' to 'http://localhost:52770/session/cb9292821955b01dc1c0a48588e1d6ed/element/1849d1b3-913a-4633-9c8c-3651fff882c2/name'
19:36:28.069 [Forwarding getElementTagName on session cb9292821955b01dc1c0a48588e1d6ed to remote] DEBUG org.asynchttpclient.netty.request.NettyRequestSender - Using open Channel [id: 0xea92e4aa, L:/127.0.0.1:54044 - R:localhost/127.0.0.1:52770] for GET '/session/cb9292821955b01dc1c0a48588e1d6ed/element/1849d1b3-913a-4633-9c8c-3651fff882c2/name'
19:36:28.075 [AsyncHttpClient-1-5] DEBUG org.asynchttpclient.netty.handler.HttpHandler - 

Request DefaultFullHttpRequest(decodeResult: success, version: HTTP/1.1, content: EmptyByteBufBE)
GET /session/cb9292821955b01dc1c0a48588e1d6ed/element/1849d1b3-913a-4633-9c8c-3651fff882c2/name HTTP/1.1
User-Agent: selenium/4.1.2 (java windows)
Cache-Control: no-cache
Content-Type: application/json; charset=utf-8
host: localhost:52770
accept: */*

Response DefaultHttpResponse(decodeResult: success, version: HTTP/1.1)
HTTP/1.1 200 OK
Content-Type: application/json; charset=utf-8
cache-control: no-cache
content-length: 18

19:36:28.075 [AsyncHttpClient-1-5] DEBUG org.asynchttpclient.netty.channel.ChannelManager - Adding key: http://localhost:52770 for channel [id: 0xea92e4aa, L:/127.0.0.1:54044 - R:localhost/127.0.0.1:52770]
19:36:28.077 [Forwarding getElementTagName on session cb9292821955b01dc1c0a48588e1d6ed to remote] DEBUG org.asynchttpclient.netty.request.NettyRequestSender - Using pooled Channel '[id: 0xea92e4aa, L:/127.0.0.1:54044 - R:localhost/127.0.0.1:52770]' for 'GET' to 'http://localhost:52770/session/cb9292821955b01dc1c0a48588e1d6ed/element/1849d1b3-913a-4633-9c8c-3651fff882c2/name'
19:36:28.077 [Forwarding getElementTagName on session cb9292821955b01dc1c0a48588e1d6ed to remote] DEBUG org.asynchttpclient.netty.request.NettyRequestSender - Using open Channel [id: 0xea92e4aa, L:/127.0.0.1:54044 - R:localhost/127.0.0.1:52770] for GET '/session/cb9292821955b01dc1c0a48588e1d6ed/element/1849d1b3-913a-4633-9c8c-3651fff882c2/name'
19:36:28.080 [AsyncHttpClient-1-5] DEBUG org.asynchttpclient.netty.handler.HttpHandler - 

Request DefaultFullHttpRequest(decodeResult: success, version: HTTP/1.1, content: EmptyByteBufBE)
GET /session/cb9292821955b01dc1c0a48588e1d6ed/element/1849d1b3-913a-4633-9c8c-3651fff882c2/name HTTP/1.1
User-Agent: selenium/4.1.2 (java windows)
Cache-Control: no-cache
Content-Type: application/json; charset=utf-8
host: localhost:52770
accept: */*

Response DefaultHttpResponse(decodeResult: success, version: HTTP/1.1)
HTTP/1.1 200 OK
Content-Type: application/json; charset=utf-8
cache-control: no-cache
content-length: 18

19:36:28.082 [AsyncHttpClient-1-5] DEBUG org.asynchttpclient.netty.channel.ChannelManager - Adding key: http://localhost:52770 for channel [id: 0xea92e4aa, L:/127.0.0.1:54044 - R:localhost/127.0.0.1:52770]
19:36:28.085 [Forwarding isElementEnabled on session cb9292821955b01dc1c0a48588e1d6ed to remote] DEBUG org.asynchttpclient.netty.request.NettyRequestSender - Using pooled Channel '[id: 0xea92e4aa, L:/127.0.0.1:54044 - R:localhost/127.0.0.1:52770]' for 'GET' to 'http://localhost:52770/session/cb9292821955b01dc1c0a48588e1d6ed/element/1849d1b3-913a-4633-9c8c-3651fff882c2/enabled'
19:36:28.085 [Forwarding isElementEnabled on session cb9292821955b01dc1c0a48588e1d6ed to remote] DEBUG org.asynchttpclient.netty.request.NettyRequestSender - Using open Channel [id: 0xea92e4aa, L:/127.0.0.1:54044 - R:localhost/127.0.0.1:52770] for GET '/session/cb9292821955b01dc1c0a48588e1d6ed/element/1849d1b3-913a-4633-9c8c-3651fff882c2/enabled'
19:36:28.094 [AsyncHttpClient-1-5] DEBUG org.asynchttpclient.netty.handler.HttpHandler - 

Request DefaultFullHttpRequest(decodeResult: success, version: HTTP/1.1, content: EmptyByteBufBE)
GET /session/cb9292821955b01dc1c0a48588e1d6ed/element/1849d1b3-913a-4633-9c8c-3651fff882c2/enabled HTTP/1.1
User-Agent: selenium/4.1.2 (java windows)
Cache-Control: no-cache
Content-Type: application/json; charset=utf-8
host: localhost:52770
accept: */*

Response DefaultHttpResponse(decodeResult: success, version: HTTP/1.1)
HTTP/1.1 200 OK
Content-Type: application/json; charset=utf-8
cache-control: no-cache
content-length: 14

19:36:28.095 [AsyncHttpClient-1-5] DEBUG org.asynchttpclient.netty.channel.ChannelManager - Adding key: http://localhost:52770 for channel [id: 0xea92e4aa, L:/127.0.0.1:54044 - R:localhost/127.0.0.1:52770]
19:36:28.096 [Forwarding isElementEnabled on session cb9292821955b01dc1c0a48588e1d6ed to remote] DEBUG org.asynchttpclient.netty.request.NettyRequestSender - Using pooled Channel '[id: 0xea92e4aa, L:/127.0.0.1:54044 - R:localhost/127.0.0.1:52770]' for 'GET' to 'http://localhost:52770/session/cb9292821955b01dc1c0a48588e1d6ed/element/1849d1b3-913a-4633-9c8c-3651fff882c2/enabled'
19:36:28.096 [Forwarding isElementEnabled on session cb9292821955b01dc1c0a48588e1d6ed to remote] DEBUG org.asynchttpclient.netty.request.NettyRequestSender - Using open Channel [id: 0xea92e4aa, L:/127.0.0.1:54044 - R:localhost/127.0.0.1:52770] for GET '/session/cb9292821955b01dc1c0a48588e1d6ed/element/1849d1b3-913a-4633-9c8c-3651fff882c2/enabled'
19:36:28.110 [AsyncHttpClient-1-5] DEBUG org.asynchttpclient.netty.handler.HttpHandler - 

Request DefaultFullHttpRequest(decodeResult: success, version: HTTP/1.1, content: EmptyByteBufBE)
GET /session/cb9292821955b01dc1c0a48588e1d6ed/element/1849d1b3-913a-4633-9c8c-3651fff882c2/enabled HTTP/1.1
User-Agent: selenium/4.1.2 (java windows)
Cache-Control: no-cache
Content-Type: application/json; charset=utf-8
host: localhost:52770
accept: */*

Response DefaultHttpResponse(decodeResult: success, version: HTTP/1.1)
HTTP/1.1 200 OK
Content-Type: application/json; charset=utf-8
cache-control: no-cache
content-length: 14

19:36:28.110 [AsyncHttpClient-1-5] DEBUG org.asynchttpclient.netty.channel.ChannelManager - Adding key: http://localhost:52770 for channel [id: 0xea92e4aa, L:/127.0.0.1:54044 - R:localhost/127.0.0.1:52770]
19:36:28.118 [Forwarding findElement on session cb9292821955b01dc1c0a48588e1d6ed to remote] DEBUG org.asynchttpclient.netty.request.NettyRequestSender - Using pooled Channel '[id: 0xea92e4aa, L:/127.0.0.1:54044 - R:localhost/127.0.0.1:52770]' for 'POST' to 'http://localhost:52770/session/cb9292821955b01dc1c0a48588e1d6ed/element'
19:36:28.118 [Forwarding findElement on session cb9292821955b01dc1c0a48588e1d6ed to remote] DEBUG org.asynchttpclient.netty.request.NettyRequestSender - Using open Channel [id: 0xea92e4aa, L:/127.0.0.1:54044 - R:localhost/127.0.0.1:52770] for POST '/session/cb9292821955b01dc1c0a48588e1d6ed/element'
19:36:28.127 [AsyncHttpClient-1-5] DEBUG org.asynchttpclient.netty.handler.HttpHandler - 

Request DefaultHttpRequest(decodeResult: success, version: HTTP/1.1)
POST /session/cb9292821955b01dc1c0a48588e1d6ed/element HTTP/1.1
User-Agent: selenium/4.1.2 (java windows)
Content-Length: 141
Content-Type: application/json; charset=utf-8
host: localhost:52770
accept: */*

Response DefaultHttpResponse(decodeResult: success, version: HTTP/1.1)
HTTP/1.1 200 OK
Content-Type: application/json; charset=utf-8
cache-control: no-cache
content-length: 88

19:36:28.128 [AsyncHttpClient-1-5] DEBUG org.asynchttpclient.netty.channel.ChannelManager - Adding key: http://localhost:52770 for channel [id: 0xea92e4aa, L:/127.0.0.1:54044 - R:localhost/127.0.0.1:52770]
19:36:28.129 [Forwarding clickElement on session cb9292821955b01dc1c0a48588e1d6ed to remote] DEBUG org.asynchttpclient.netty.request.NettyRequestSender - Using pooled Channel '[id: 0xea92e4aa, L:/127.0.0.1:54044 - R:localhost/127.0.0.1:52770]' for 'POST' to 'http://localhost:52770/session/cb9292821955b01dc1c0a48588e1d6ed/element/1849d1b3-913a-4633-9c8c-3651fff882c2/click'
19:36:28.129 [Forwarding clickElement on session cb9292821955b01dc1c0a48588e1d6ed to remote] DEBUG org.asynchttpclient.netty.request.NettyRequestSender - Using open Channel [id: 0xea92e4aa, L:/127.0.0.1:54044 - R:localhost/127.0.0.1:52770] for POST '/session/cb9292821955b01dc1c0a48588e1d6ed/element/1849d1b3-913a-4633-9c8c-3651fff882c2/click'
19:36:28.197 [AsyncHttpClient-1-1] DEBUG org.asynchttpclient.netty.channel.DefaultChannelPool - Entry count for : http://localhost:54046 : 1
19:36:28.209 [AsyncHttpClient-1-5] DEBUG org.asynchttpclient.netty.handler.HttpHandler - 

Request DefaultHttpRequest(decodeResult: success, version: HTTP/1.1)
POST /session/cb9292821955b01dc1c0a48588e1d6ed/element/1849d1b3-913a-4633-9c8c-3651fff882c2/click HTTP/1.1
User-Agent: selenium/4.1.2 (java windows)
Content-Length: 50
Content-Type: application/json; charset=utf-8
host: localhost:52770
accept: */*

Response DefaultHttpResponse(decodeResult: success, version: HTTP/1.1)
HTTP/1.1 200 OK
Content-Type: application/json; charset=utf-8
cache-control: no-cache
content-length: 14

19:36:28.209 [AsyncHttpClient-1-5] DEBUG org.asynchttpclient.netty.channel.ChannelManager - Adding key: http://localhost:52770 for channel [id: 0xea92e4aa, L:/127.0.0.1:54044 - R:localhost/127.0.0.1:52770]
  &amp#27;[32mAnd &amp#27;[0m&amp#27;[32mI click register button&amp#27;[0m            &amp#27;[90m# starter.steps.RegistrationStep.iClickRegisterButton()&amp#27;[0m
19:36:28.216 [Forwarding screenshot on session cb9292821955b01dc1c0a48588e1d6ed to remote] DEBUG org.asynchttpclient.netty.request.NettyRequestSender - Using pooled Channel '[id: 0xea92e4aa, L:/127.0.0.1:54044 - R:localhost/127.0.0.1:52770]' for 'GET' to 'http://localhost:52770/session/cb9292821955b01dc1c0a48588e1d6ed/screenshot'
19:36:28.216 [Forwarding screenshot on session cb9292821955b01dc1c0a48588e1d6ed to remote] DEBUG org.asynchttpclient.netty.request.NettyRequestSender - Using open Channel [id: 0xea92e4aa, L:/127.0.0.1:54044 - R:localhost/127.0.0.1:52770] for GET '/session/cb9292821955b01dc1c0a48588e1d6ed/screenshot'
19:36:28.422 [AsyncHttpClient-1-5] DEBUG org.asynchttpclient.netty.handler.HttpHandler - 

Request DefaultFullHttpRequest(decodeResult: success, version: HTTP/1.1, content: EmptyByteBufBE)
GET /session/cb9292821955b01dc1c0a48588e1d6ed/screenshot HTTP/1.1
User-Agent: selenium/4.1.2 (java windows)
Cache-Control: no-cache
Content-Type: application/json; charset=utf-8
host: localhost:52770
accept: */*

Response DefaultHttpResponse(decodeResult: success, version: HTTP/1.1)
HTTP/1.1 200 OK
Content-Type: application/json; charset=utf-8
cache-control: no-cache
content-length: 53320

19:36:28.423 [AsyncHttpClient-1-5] DEBUG org.asynchttpclient.netty.channel.ChannelManager - Adding key: http://localhost:52770 for channel [id: 0xea92e4aa, L:/127.0.0.1:54044 - R:localhost/127.0.0.1:52770]
19:36:28.425 [main] DEBUG net.serenitybdd.core.photography.Darkroom - Send negative for processing for target\site\serenity\cd96a7bd4c51dbd801f173322e1b610ede71ff5ab0d9b27677bef284af347b1f.png
19:36:28.425 [Darkroom Processing Line] DEBUG net.serenitybdd.core.photography.DarkroomProcessingLine - Processing screenshot image in /var/screenshots/screenshot-4399295294923427363
19:36:28.426 [Darkroom Processing Line] DEBUG net.serenitybdd.core.photography.DarkroomProcessingLine - Saving screenshot to target\site\serenity\cd96a7bd4c51dbd801f173322e1b610ede71ff5ab0d9b27677bef284af347b1f.png
19:36:28.430 [Forwarding get on session cb9292821955b01dc1c0a48588e1d6ed to remote] DEBUG org.asynchttpclient.netty.request.NettyRequestSender - Using pooled Channel '[id: 0xea92e4aa, L:/127.0.0.1:54044 - R:localhost/127.0.0.1:52770]' for 'POST' to 'http://localhost:52770/session/cb9292821955b01dc1c0a48588e1d6ed/url'
19:36:28.430 [Forwarding get on session cb9292821955b01dc1c0a48588e1d6ed to remote] DEBUG org.asynchttpclient.netty.request.NettyRequestSender - Using open Channel [id: 0xea92e4aa, L:/127.0.0.1:54044 - R:localhost/127.0.0.1:52770] for POST '/session/cb9292821955b01dc1c0a48588e1d6ed/url'
19:36:29.299 [AsyncHttpClient-1-1] DEBUG org.asynchttpclient.netty.channel.DefaultChannelPool - Entry count for : http://localhost:54046 : 1
19:36:30.408 [AsyncHttpClient-1-1] DEBUG org.asynchttpclient.netty.channel.DefaultChannelPool - Entry count for : http://localhost:54046 : 1
19:36:31.498 [AsyncHttpClient-1-1] DEBUG org.asynchttpclient.netty.channel.DefaultChannelPool - Entry count for : http://localhost:54046 : 1
19:36:32.604 [AsyncHttpClient-1-1] DEBUG org.asynchttpclient.netty.channel.DefaultChannelPool - Entry count for : http://localhost:54046 : 1
19:36:33.697 [AsyncHttpClient-1-1] DEBUG org.asynchttpclient.netty.channel.DefaultChannelPool - Entry count for : http://localhost:54046 : 1
19:36:33.917 [AsyncHttpClient-1-5] DEBUG org.asynchttpclient.netty.handler.HttpHandler - 

Request DefaultHttpRequest(decodeResult: success, version: HTTP/1.1)
POST /session/cb9292821955b01dc1c0a48588e1d6ed/url HTTP/1.1
User-Agent: selenium/4.1.2 (java windows)
Content-Length: 74
Content-Type: application/json; charset=utf-8
host: localhost:52770
accept: */*

Response DefaultHttpResponse(decodeResult: success, version: HTTP/1.1)
HTTP/1.1 200 OK
Content-Type: application/json; charset=utf-8
cache-control: no-cache
content-length: 14

19:36:33.917 [AsyncHttpClient-1-5] DEBUG org.asynchttpclient.netty.channel.ChannelManager - Adding key: http://localhost:52770 for channel [id: 0xea92e4aa, L:/127.0.0.1:54044 - R:localhost/127.0.0.1:52770]
19:36:33.919 [Forwarding getCurrentUrl on session cb9292821955b01dc1c0a48588e1d6ed to remote] DEBUG org.asynchttpclient.netty.request.NettyRequestSender - Using pooled Channel '[id: 0xea92e4aa, L:/127.0.0.1:54044 - R:localhost/127.0.0.1:52770]' for 'GET' to 'http://localhost:52770/session/cb9292821955b01dc1c0a48588e1d6ed/url'
19:36:33.919 [Forwarding getCurrentUrl on session cb9292821955b01dc1c0a48588e1d6ed to remote] DEBUG org.asynchttpclient.netty.request.NettyRequestSender - Using open Channel [id: 0xea92e4aa, L:/127.0.0.1:54044 - R:localhost/127.0.0.1:52770] for GET '/session/cb9292821955b01dc1c0a48588e1d6ed/url'
19:36:33.923 [AsyncHttpClient-1-5] DEBUG org.asynchttpclient.netty.handler.HttpHandler - 

Request DefaultFullHttpRequest(decodeResult: success, version: HTTP/1.1, content: EmptyByteBufBE)
GET /session/cb9292821955b01dc1c0a48588e1d6ed/url HTTP/1.1
User-Agent: selenium/4.1.2 (java windows)
Cache-Control: no-cache
Content-Type: application/json; charset=utf-8
host: localhost:52770
accept: */*

Response DefaultHttpResponse(decodeResult: success, version: HTTP/1.1)
HTTP/1.1 200 OK
Content-Type: application/json; charset=utf-8
cache-control: no-cache
content-length: 51

19:36:33.924 [AsyncHttpClient-1-5] DEBUG org.asynchttpclient.netty.channel.ChannelManager - Adding key: http://localhost:52770 for channel [id: 0xea92e4aa, L:/127.0.0.1:54044 - R:localhost/127.0.0.1:52770]
  &amp#27;[32mThen &amp#27;[0m&amp#27;[32mI can &amp#27;[0m&amp#27;[32m&amp#27;[1m"can regis"&amp#27;[0m&amp#27;[32m register&amp#27;[0m        &amp#27;[90m# starter.steps.RegistrationStep.iCanRegister(java.lang.String)&amp#27;[0m
19:36:33.934 [Forwarding screenshot on session cb9292821955b01dc1c0a48588e1d6ed to remote] DEBUG org.asynchttpclient.netty.request.NettyRequestSender - Using pooled Channel '[id: 0xea92e4aa, L:/127.0.0.1:54044 - R:localhost/127.0.0.1:52770]' for 'GET' to 'http://localhost:52770/session/cb9292821955b01dc1c0a48588e1d6ed/screenshot'
19:36:33.934 [Forwarding screenshot on session cb9292821955b01dc1c0a48588e1d6ed to remote] DEBUG org.asynchttpclient.netty.request.NettyRequestSender - Using open Channel [id: 0xea92e4aa, L:/127.0.0.1:54044 - R:localhost/127.0.0.1:52770] for GET '/session/cb9292821955b01dc1c0a48588e1d6ed/screenshot'
19:36:34.100 [AsyncHttpClient-1-5] DEBUG org.asynchttpclient.netty.handler.HttpHandler - 

Request DefaultFullHttpRequest(decodeResult: success, version: HTTP/1.1, content: EmptyByteBufBE)
GET /session/cb9292821955b01dc1c0a48588e1d6ed/screenshot HTTP/1.1
User-Agent: selenium/4.1.2 (java windows)
Cache-Control: no-cache
Content-Type: application/json; charset=utf-8
host: localhost:52770
accept: */*

Response DefaultHttpResponse(decodeResult: success, version: HTTP/1.1)
HTTP/1.1 200 OK
Content-Type: application/json; charset=utf-8
cache-control: no-cache
content-length: 37776

19:36:34.100 [AsyncHttpClient-1-5] DEBUG org.asynchttpclient.netty.channel.ChannelManager - Adding key: http://localhost:52770 for channel [id: 0xea92e4aa, L:/127.0.0.1:54044 - R:localhost/127.0.0.1:52770]
19:36:34.102 [main] DEBUG net.serenitybdd.core.photography.Darkroom - Send negative for processing for target\site\serenity\90a96807d5abd9f2f22a031d25620dfa1cea1d5efe69ad8266ee02cc5d53e9f6.png
19:36:34.102 [Darkroom Processing Line] DEBUG net.serenitybdd.core.photography.DarkroomProcessingLine - Processing screenshot image in /var/screenshots/screenshot-1298652263661788624
19:36:34.102 [Darkroom Processing Line] DEBUG net.serenitybdd.core.photography.DarkroomProcessingLine - Saving screenshot to target\site\serenity\90a96807d5abd9f2f22a031d25620dfa1cea1d5efe69ad8266ee02cc5d53e9f6.png
19:36:34.110 [AsyncHttpClient-1-7] DEBUG org.asynchttpclient.netty.handler.WebSocketHandler - Channel Closed: [id: 0x5b4e9053, L:/127.0.0.1:54053 ! R:localhost/127.0.0.1:54046] with attribute NettyResponseFuture{currentRetry=5,
	isDone=1,
	isCancelled=0,
	asyncHandler=org.asynchttpclient.ws.WebSocketUpgradeHandler@45dc71c4,
	nettyRequest=org.asynchttpclient.netty.request.NettyRequest@342b5f1d,
	future=java.util.concurrent.CompletableFuture@4d3c374b[Completed normally],
	uri=ws://localhost:54046/devtools/browser/d11e4de9-36f6-45dd-b3cb-02df81277f09,
	keepAlive=true,
	redirectCount=0,
	timeoutsHolder=null,
	inAuth=0,
	touch=1667219751368}
19:36:34.110 [AsyncHttpClient-1-7] DEBUG org.asynchttpclient.netty.channel.ChannelManager - Closing Channel [id: 0x5b4e9053, L:/127.0.0.1:54053 ! R:localhost/127.0.0.1:54046] 
19:36:34.110 [Driver Command Executor] DEBUG org.asynchttpclient.netty.request.NettyRequestSender - Using pooled Channel '[id: 0xea92e4aa, L:/127.0.0.1:54044 - R:localhost/127.0.0.1:52770]' for 'DELETE' to 'http://localhost:52770/session/cb9292821955b01dc1c0a48588e1d6ed'
19:36:34.110 [Driver Command Executor] DEBUG org.asynchttpclient.netty.request.NettyRequestSender - Using open Channel [id: 0xea92e4aa, L:/127.0.0.1:54044 - R:localhost/127.0.0.1:52770] for DELETE '/session/cb9292821955b01dc1c0a48588e1d6ed'
19:36:34.200 [AsyncHttpClient-1-6] DEBUG org.asynchttpclient.netty.handler.HttpHandler - Unexpected I/O exception on channel [id: 0x75cec14e, L:/127.0.0.1:54052 - R:localhost/127.0.0.1:54046]
java.io.IOException: An existing connection was forcibly closed by the remote host
	at java.base/sun.nio.ch.SocketDispatcher.read0(Native Method)
	at java.base/sun.nio.ch.SocketDispatcher.read(SocketDispatcher.java:43)
	at java.base/sun.nio.ch.IOUtil.readIntoNativeBuffer(IOUtil.java:276)
	at java.base/sun.nio.ch.IOUtil.read(IOUtil.java:233)
	at java.base/sun.nio.ch.IOUtil.read(IOUtil.java:223)
	at java.base/sun.nio.ch.SocketChannelImpl.read(SocketChannelImpl.java:358)
	at io.netty.buffer.PooledByteBuf.setBytes(PooledByteBuf.java:258)
	at io.netty.buffer.AbstractByteBuf.writeBytes(AbstractByteBuf.java:1132)
	at io.netty.channel.socket.nio.NioSocketChannel.doReadBytes(NioSocketChannel.java:350)
	at io.netty.channel.nio.AbstractNioByteChannel$NioByteUnsafe.read(AbstractNioByteChannel.java:151)
	at io.netty.channel.nio.NioEventLoop.processSelectedKey(NioEventLoop.java:722)
	at io.netty.channel.nio.NioEventLoop.processSelectedKeysOptimized(NioEventLoop.java:658)
	at io.netty.channel.nio.NioEventLoop.processSelectedKeys(NioEventLoop.java:584)
	at io.netty.channel.nio.NioEventLoop.run(NioEventLoop.java:496)
	at io.netty.util.concurrent.SingleThreadEventExecutor$4.run(SingleThreadEventExecutor.java:986)
	at io.netty.util.internal.ThreadExecutorMap$2.run(ThreadExecutorMap.java:74)
	at io.netty.util.concurrent.FastThreadLocalRunnable.run(FastThreadLocalRunnable.java:30)
	at java.base/java.lang.Thread.run(Thread.java:834)
19:36:34.200 [AsyncHttpClient-1-6] DEBUG org.asynchttpclient.netty.channel.ChannelManager - Closing Channel [id: 0x75cec14e, L:/127.0.0.1:54052 - R:localhost/127.0.0.1:54046] 
19:36:34.200 [AsyncHttpClient-1-6] DEBUG org.asynchttpclient.netty.handler.HttpHandler - Channel Closed: [id: 0x75cec14e, L:/127.0.0.1:54052 ! R:localhost/127.0.0.1:54046] with attribute DISCARD
19:36:34.242 [AsyncHttpClient-1-5] DEBUG org.asynchttpclient.netty.handler.HttpHandler - 

Request DefaultFullHttpRequest(decodeResult: success, version: HTTP/1.1, content: EmptyByteBufBE)
DELETE /session/cb9292821955b01dc1c0a48588e1d6ed HTTP/1.1
User-Agent: selenium/4.1.2 (java windows)
Content-Type: application/json; charset=utf-8
host: localhost:52770
accept: */*

Response DefaultHttpResponse(decodeResult: success, version: HTTP/1.1)
HTTP/1.1 200 OK
Content-Type: application/json; charset=utf-8
cache-control: no-cache
content-length: 14

19:36:34.242 [AsyncHttpClient-1-5] DEBUG org.asynchttpclient.netty.channel.ChannelManager - Adding key: http://localhost:52770 for channel [id: 0xea92e4aa, L:/127.0.0.1:54044 - R:localhost/127.0.0.1:52770]
19:36:34.285 [AsyncHttpClient-1-5] DEBUG org.asynchttpclient.netty.handler.HttpHandler - Channel Closed: [id: 0xea92e4aa, L:/127.0.0.1:54044 ! R:localhost/127.0.0.1:52770] with attribute DISCARD
19:36:34.368 [main] INFO  - 
  _____   ___   ___   _____     ___     _     ___   ___   ___   ___  
 |_   _| | __| / __| |_   _|   | _ \   /_\   / __| / __| | __| |   \ 
   | |   | _|  \__ \   | |     |  _/  / _ \  \__ \ \__ \ | _|  | |) |
   |_|   |___| |___/   |_|     |_|   /_/ \_\ |___/ |___/ |___| |___/ 

New Register
----------------------------------------------------------------------
]]></system-out>
    <system-err><![CDATA[Starting ChromeDriver 106.0.5249.61 (511755355844955cd3e264779baf0dd38212a4d0-refs/branch-heads/5249@{#569}) on port 52770
Only local connections are allowed.
Please see https://chromedriver.chromium.org/security-considerations for suggestions on keeping ChromeDriver safe.
ChromeDriver was started successfully.
Oct 31, 2022 7:35:51 PM org.openqa.selenium.remote.ProtocolHandshake createSession
INFO: Detected dialect: W3C
Oct 31, 2022 7:35:51 PM org.openqa.selenium.devtools.CdpVersionFinder findNearestMatch
WARNING: Unable to find an exact match for CDP version 106, so returning the closest version found: a no-op implementation
Oct 31, 2022 7:35:51 PM org.openqa.selenium.devtools.CdpVersionFinder findNearestMatch
INFO: Unable to find CDP implementation matching 106.
Oct 31, 2022 7:35:51 PM org.openqa.selenium.chromium.ChromiumDriver lambda$new$3
WARNING: Unable to find version of CDP to use for . You may need to include a dependency on a specific version of the CDP using something similar to `org.seleniumhq.selenium:selenium-devtools-v86:4.1.2` where the version ("v86") matches the version of the chromium-based browser you're using and the version number of the artifact is the same as Selenium's.
]]></system-err>
  </testcase>
  <testcase name="New Register #2" classname="Register" time="345.362">
    <system-out><![CDATA[
@Register
Scenario Outline: New Register           &amp#27;[90m# src/test/resources/features/login/Registration.feature:19&amp#27;[0m
19:36:34.377 [main] INFO io.cucumber.core.plugin.SerenityReporter - Running feature from file:///D:/TIC/Kampus%20Merdeka/MSIB/Studi%20Independen/Alterra/MiniProject/MiniProjWeb/src/test/resources/features/login/Registration.feature
19:36:34.386 [main] INFO net.serenitybdd.core.webdriver.driverproviders.ChromeDriverProvider - Using automatically driver download
19:36:34.600 [main] DEBUG io.github.bonigarcia.wdm.cache.ResolutionCache - Resolution chrome=106 in cache (valid until 19:46:39 31/10/2022 ICT)
19:36:34.603 [main] DEBUG io.github.bonigarcia.wdm.cache.ResolutionCache - Resolution chrome106=106.0.5249.61 in cache (valid until 17:34:34 01/11/2022 ICT)
19:36:34.603 [main] INFO io.github.bonigarcia.wdm.WebDriverManager - Using chromedriver 106.0.5249.61 (resolved driver for Chrome 106)
19:36:34.613 [main] DEBUG io.github.bonigarcia.wdm.WebDriverManager - Driver chromedriver 106.0.5249.61 found in cache
19:36:34.615 [main] INFO io.github.bonigarcia.wdm.WebDriverManager - Exporting webdriver.chrome.driver as C:\Users\user\.cache\selenium\chromedriver\win32\106.0.5249.61\chromedriver.exe
19:36:34.726 [main] DEBUG net.serenitybdd.core.webdriver.driverproviders.ProvideNewDriver - Instantiating driver
19:36:34.726 [main] DEBUG net.serenitybdd.core.webdriver.driverproviders.ProvideNewDriver - Driver capabilities: Capabilities {acceptInsecureCerts: false, base.url: https://alta-shop.vercel.app, browserName: chrome, chrome.driver: src/test/resources/webdrive..., driver: chrome, goog:chromeOptions: {args: [], extensions: []}, wait.for.timeout: 500}
19:36:34.800 [AsyncHttpClient-1-1] DEBUG org.asynchttpclient.netty.channel.DefaultChannelPool - Entry count for : http://localhost:52770 : 1
19:36:34.800 [AsyncHttpClient-1-1] DEBUG org.asynchttpclient.netty.channel.DefaultChannelPool - Entry count for : http://localhost:54046 : 1
19:36:34.800 [AsyncHttpClient-1-1] DEBUG org.asynchttpclient.netty.channel.DefaultChannelPool - Adding Candidate expired Channel [id: 0xea92e4aa, L:/127.0.0.1:54044 ! R:localhost/127.0.0.1:52770] isIdleTimeoutExpired=false isRemotelyClosed=true isTtlExpired=false
19:36:34.800 [AsyncHttpClient-1-1] DEBUG org.asynchttpclient.netty.channel.DefaultChannelPool - Closing Idle Channel [id: 0xea92e4aa, L:/127.0.0.1:54044 ! R:localhost/127.0.0.1:52770]
19:36:34.800 [AsyncHttpClient-1-1] DEBUG org.asynchttpclient.netty.channel.DefaultChannelPool - Adding Candidate expired Channel [id: 0x75cec14e, L:/127.0.0.1:54052 ! R:localhost/127.0.0.1:54046] isIdleTimeoutExpired=false isRemotelyClosed=true isTtlExpired=false
19:36:34.800 [AsyncHttpClient-1-1] DEBUG org.asynchttpclient.netty.channel.DefaultChannelPool - Closing Idle Channel [id: 0x75cec14e, L:/127.0.0.1:54052 ! R:localhost/127.0.0.1:54046]
19:36:34.800 [AsyncHttpClient-1-1] DEBUG org.asynchttpclient.netty.channel.DefaultChannelPool - Closed 2 connections out of 2 in 0 ms
19:36:34.846 [AsyncHttpClient-1-8] DEBUG org.asynchttpclient.netty.channel.NettyConnectListener - Using new Channel '[id: 0x186fbcd0, L:/127.0.0.1:54118 - R:localhost/127.0.0.1:61039]' for 'POST' to '/session'
19:36:35.806 [AsyncHttpClient-1-8] DEBUG org.asynchttpclient.netty.handler.HttpHandler - 

Request DefaultHttpRequest(decodeResult: success, version: HTTP/1.1)
POST /session HTTP/1.1
User-Agent: selenium/4.1.2 (java windows)
Content-Length: 638
Content-Type: application/json; charset=utf-8
host: localhost:61039
accept: */*

Response DefaultHttpResponse(decodeResult: success, version: HTTP/1.1)
HTTP/1.1 200 OK
Content-Type: application/json; charset=utf-8
cache-control: no-cache
content-length: 789

19:36:35.807 [AsyncHttpClient-1-8] DEBUG org.asynchttpclient.netty.channel.ChannelManager - Adding key: http://localhost:61039 for channel [id: 0x186fbcd0, L:/127.0.0.1:54118 - R:localhost/127.0.0.1:61039]
19:36:35.816 [AsyncHttpClient-1-9] DEBUG org.asynchttpclient.netty.channel.NettyConnectListener - Using new Channel '[id: 0x44115a97, L:/127.0.0.1:54125 - R:localhost/127.0.0.1:54119]' for 'GET' to '/json/version'
19:36:35.817 [AsyncHttpClient-1-9] DEBUG org.asynchttpclient.netty.handler.HttpHandler - 

Request DefaultFullHttpRequest(decodeResult: success, version: HTTP/1.1, content: EmptyByteBufBE)
GET /json/version HTTP/1.1
User-Agent: selenium/4.1.2 (java windows)
host: localhost:54119
accept: */*

Response DefaultHttpResponse(decodeResult: success, version: HTTP/1.1)
HTTP/1.1 200 OK
Content-Type: application/json; charset=UTF-8
content-length: 424

19:36:35.817 [AsyncHttpClient-1-9] DEBUG org.asynchttpclient.netty.channel.ChannelManager - Adding key: http://localhost:54119 for channel [id: 0x44115a97, L:/127.0.0.1:54125 - R:localhost/127.0.0.1:54119]
19:36:35.821 [AsyncHttpClient-1-2] DEBUG org.asynchttpclient.netty.channel.NettyConnectListener - Using new Channel '[id: 0xee885dd5, L:/127.0.0.1:54126 - R:localhost/127.0.0.1:54119]' for 'GET' to '/devtools/browser/1ba669a2-99b8-485d-b49b-1cf70d824da9'
19:36:35.821 [AsyncHttpClient-1-2] DEBUG org.asynchttpclient.netty.handler.WebSocketHandler - 

Request DefaultFullHttpRequest(decodeResult: success, version: HTTP/1.1, content: EmptyByteBufBE)
GET /devtools/browser/1ba669a2-99b8-485d-b49b-1cf70d824da9 HTTP/1.1
upgrade: websocket
connection: upgrade
sec-websocket-key: A+FHT/oPtoP098Tl4DHwuw==
sec-websocket-version: 13
origin: http://localhost:54119
host: localhost:54119
accept: */*
user-agent: AHC/2.1

Response DefaultHttpResponse(decodeResult: success, version: HTTP/1.1)
HTTP/1.1 101 WebSocket Protocol Handshake
Upgrade: WebSocket
Connection: Upgrade
Sec-WebSocket-Accept: HuGjaNRxy+0Kvy+w5wS7BJFiy+I=

19:36:35.828 [Forwarding get on session 031d6150a09c9a86db1e03c14e8bd753 to remote] DEBUG org.asynchttpclient.netty.request.NettyRequestSender - Using pooled Channel '[id: 0x186fbcd0, L:/127.0.0.1:54118 - R:localhost/127.0.0.1:61039]' for 'POST' to 'http://localhost:61039/session/031d6150a09c9a86db1e03c14e8bd753/url'
19:36:35.828 [Forwarding get on session 031d6150a09c9a86db1e03c14e8bd753 to remote] DEBUG org.asynchttpclient.netty.request.NettyRequestSender - Using open Channel [id: 0x186fbcd0, L:/127.0.0.1:54118 - R:localhost/127.0.0.1:61039] for POST '/session/031d6150a09c9a86db1e03c14e8bd753/url'
19:36:35.904 [AsyncHttpClient-1-1] DEBUG org.asynchttpclient.netty.channel.DefaultChannelPool - Entry count for : http://localhost:54119 : 1
19:36:37.013 [AsyncHttpClient-1-1] DEBUG org.asynchttpclient.netty.channel.DefaultChannelPool - Entry count for : http://localhost:54119 : 1
19:36:38.122 [AsyncHttpClient-1-1] DEBUG org.asynchttpclient.netty.channel.DefaultChannelPool - Entry count for : http://localhost:54119 : 1
19:36:39.203 [AsyncHttpClient-1-1] DEBUG org.asynchttpclient.netty.channel.DefaultChannelPool - Entry count for : http://localhost:54119 : 1
19:36:40.298 [AsyncHttpClient-1-1] DEBUG org.asynchttpclient.netty.channel.DefaultChannelPool - Entry count for : http://localhost:54119 : 1
19:36:41.405 [AsyncHttpClient-1-1] DEBUG org.asynchttpclient.netty.channel.DefaultChannelPool - Entry count for : http://localhost:54119 : 1
19:36:42.498 [AsyncHttpClient-1-1] DEBUG org.asynchttpclient.netty.channel.DefaultChannelPool - Entry count for : http://localhost:54119 : 1
19:36:43.599 [AsyncHttpClient-1-1] DEBUG org.asynchttpclient.netty.channel.DefaultChannelPool - Entry count for : http://localhost:54119 : 1
19:36:44.709 [AsyncHttpClient-1-1] DEBUG org.asynchttpclient.netty.channel.DefaultChannelPool - Entry count for : http://localhost:54119 : 1
19:36:45.798 [AsyncHttpClient-1-1] DEBUG org.asynchttpclient.netty.channel.DefaultChannelPool - Entry count for : http://localhost:54119 : 1
19:36:46.903 [AsyncHttpClient-1-1] DEBUG org.asynchttpclient.netty.channel.DefaultChannelPool - Entry count for : http://localhost:54119 : 1
19:36:47.998 [AsyncHttpClient-1-1] DEBUG org.asynchttpclient.netty.channel.DefaultChannelPool - Entry count for : http://localhost:54119 : 1
19:36:49.107 [AsyncHttpClient-1-1] DEBUG org.asynchttpclient.netty.channel.DefaultChannelPool - Entry count for : http://localhost:54119 : 1
19:36:50.197 [AsyncHttpClient-1-1] DEBUG org.asynchttpclient.netty.channel.DefaultChannelPool - Entry count for : http://localhost:54119 : 1
19:36:51.313 [AsyncHttpClient-1-1] DEBUG org.asynchttpclient.netty.channel.DefaultChannelPool - Entry count for : http://localhost:54119 : 1
19:36:52.398 [AsyncHttpClient-1-1] DEBUG org.asynchttpclient.netty.channel.DefaultChannelPool - Entry count for : http://localhost:54119 : 1
19:36:53.500 [AsyncHttpClient-1-1] DEBUG org.asynchttpclient.netty.channel.DefaultChannelPool - Entry count for : http://localhost:54119 : 1
19:36:54.598 [AsyncHttpClient-1-1] DEBUG org.asynchttpclient.netty.channel.DefaultChannelPool - Entry count for : http://localhost:54119 : 1
19:36:55.699 [AsyncHttpClient-1-1] DEBUG org.asynchttpclient.netty.channel.DefaultChannelPool - Entry count for : http://localhost:54119 : 1
19:36:56.799 [AsyncHttpClient-1-1] DEBUG org.asynchttpclient.netty.channel.DefaultChannelPool - Entry count for : http://localhost:54119 : 1
19:36:57.899 [AsyncHttpClient-1-1] DEBUG org.asynchttpclient.netty.channel.DefaultChannelPool - Entry count for : http://localhost:54119 : 1
19:36:59.004 [AsyncHttpClient-1-1] DEBUG org.asynchttpclient.netty.channel.DefaultChannelPool - Entry count for : http://localhost:54119 : 1
19:37:00.099 [AsyncHttpClient-1-1] DEBUG org.asynchttpclient.netty.channel.DefaultChannelPool - Entry count for : http://localhost:54119 : 1
19:37:01.204 [AsyncHttpClient-1-1] DEBUG org.asynchttpclient.netty.channel.DefaultChannelPool - Entry count for : http://localhost:54119 : 1
19:37:02.305 [AsyncHttpClient-1-1] DEBUG org.asynchttpclient.netty.channel.DefaultChannelPool - Entry count for : http://localhost:54119 : 1
19:37:03.408 [AsyncHttpClient-1-1] DEBUG org.asynchttpclient.netty.channel.DefaultChannelPool - Entry count for : http://localhost:54119 : 1
19:37:04.508 [AsyncHttpClient-1-1] DEBUG org.asynchttpclient.netty.channel.DefaultChannelPool - Entry count for : http://localhost:54119 : 1
19:37:05.608 [AsyncHttpClient-1-1] DEBUG org.asynchttpclient.netty.channel.DefaultChannelPool - Entry count for : http://localhost:54119 : 1
19:37:06.710 [AsyncHttpClient-1-1] DEBUG org.asynchttpclient.netty.channel.DefaultChannelPool - Entry count for : http://localhost:54119 : 1
19:37:07.809 [AsyncHttpClient-1-1] DEBUG org.asynchttpclient.netty.channel.DefaultChannelPool - Entry count for : http://localhost:54119 : 1
19:37:08.901 [AsyncHttpClient-1-1] DEBUG org.asynchttpclient.netty.channel.DefaultChannelPool - Entry count for : http://localhost:54119 : 1
19:37:10.000 [AsyncHttpClient-1-1] DEBUG org.asynchttpclient.netty.channel.DefaultChannelPool - Entry count for : http://localhost:54119 : 1
19:37:11.102 [AsyncHttpClient-1-1] DEBUG org.asynchttpclient.netty.channel.DefaultChannelPool - Entry count for : http://localhost:54119 : 1
19:37:12.202 [AsyncHttpClient-1-1] DEBUG org.asynchttpclient.netty.channel.DefaultChannelPool - Entry count for : http://localhost:54119 : 1
19:37:13.297 [AsyncHttpClient-1-1] DEBUG org.asynchttpclient.netty.channel.DefaultChannelPool - Entry count for : http://localhost:54119 : 1
19:37:14.406 [AsyncHttpClient-1-1] DEBUG org.asynchttpclient.netty.channel.DefaultChannelPool - Entry count for : http://localhost:54119 : 1
19:37:15.508 [AsyncHttpClient-1-1] DEBUG org.asynchttpclient.netty.channel.DefaultChannelPool - Entry count for : http://localhost:54119 : 1
19:37:16.602 [AsyncHttpClient-1-1] DEBUG org.asynchttpclient.netty.channel.DefaultChannelPool - Entry count for : http://localhost:54119 : 1
19:37:17.708 [AsyncHttpClient-1-1] DEBUG org.asynchttpclient.netty.channel.DefaultChannelPool - Entry count for : http://localhost:54119 : 1
19:37:18.804 [AsyncHttpClient-1-1] DEBUG org.asynchttpclient.netty.channel.DefaultChannelPool - Entry count for : http://localhost:54119 : 1
19:37:19.905 [AsyncHttpClient-1-1] DEBUG org.asynchttpclient.netty.channel.DefaultChannelPool - Entry count for : http://localhost:54119 : 1
19:37:21.007 [AsyncHttpClient-1-1] DEBUG org.asynchttpclient.netty.channel.DefaultChannelPool - Entry count for : http://localhost:54119 : 1
19:37:22.112 [AsyncHttpClient-1-1] DEBUG org.asynchttpclient.netty.channel.DefaultChannelPool - Entry count for : http://localhost:54119 : 1
19:37:23.201 [AsyncHttpClient-1-1] DEBUG org.asynchttpclient.netty.channel.DefaultChannelPool - Entry count for : http://localhost:54119 : 1
19:37:24.312 [AsyncHttpClient-1-1] DEBUG org.asynchttpclient.netty.channel.DefaultChannelPool - Entry count for : http://localhost:54119 : 1
19:37:25.400 [AsyncHttpClient-1-1] DEBUG org.asynchttpclient.netty.channel.DefaultChannelPool - Entry count for : http://localhost:54119 : 1
19:37:26.505 [AsyncHttpClient-1-1] DEBUG org.asynchttpclient.netty.channel.DefaultChannelPool - Entry count for : http://localhost:54119 : 1
19:37:27.609 [AsyncHttpClient-1-1] DEBUG org.asynchttpclient.netty.channel.DefaultChannelPool - Entry count for : http://localhost:54119 : 1
19:37:28.698 [AsyncHttpClient-1-1] DEBUG org.asynchttpclient.netty.channel.DefaultChannelPool - Entry count for : http://localhost:54119 : 1
19:37:29.804 [AsyncHttpClient-1-1] DEBUG org.asynchttpclient.netty.channel.DefaultChannelPool - Entry count for : http://localhost:54119 : 1
19:37:30.909 [AsyncHttpClient-1-1] DEBUG org.asynchttpclient.netty.channel.DefaultChannelPool - Entry count for : http://localhost:54119 : 1
19:37:31.998 [AsyncHttpClient-1-1] DEBUG org.asynchttpclient.netty.channel.DefaultChannelPool - Entry count for : http://localhost:54119 : 1
19:37:33.098 [AsyncHttpClient-1-1] DEBUG org.asynchttpclient.netty.channel.DefaultChannelPool - Entry count for : http://localhost:54119 : 1
19:37:34.204 [AsyncHttpClient-1-1] DEBUG org.asynchttpclient.netty.channel.DefaultChannelPool - Entry count for : http://localhost:54119 : 1
19:37:35.307 [AsyncHttpClient-1-1] DEBUG org.asynchttpclient.netty.channel.DefaultChannelPool - Entry count for : http://localhost:54119 : 1
19:37:36.411 [AsyncHttpClient-1-1] DEBUG org.asynchttpclient.netty.channel.DefaultChannelPool - Entry count for : http://localhost:54119 : 1
19:37:36.411 [AsyncHttpClient-1-1] DEBUG org.asynchttpclient.netty.channel.DefaultChannelPool - Adding Candidate expired Channel [id: 0x44115a97, L:/127.0.0.1:54125 - R:localhost/127.0.0.1:54119] isIdleTimeoutExpired=true isRemotelyClosed=false isTtlExpired=false
19:37:36.411 [AsyncHttpClient-1-1] DEBUG org.asynchttpclient.netty.channel.DefaultChannelPool - Closing Idle Channel [id: 0x44115a97, L:/127.0.0.1:54125 - R:localhost/127.0.0.1:54119]
19:37:36.411 [AsyncHttpClient-1-1] DEBUG org.asynchttpclient.netty.channel.DefaultChannelPool - Closed 1 connections out of 1 in 0 ms
19:37:36.411 [AsyncHttpClient-1-9] DEBUG org.asynchttpclient.netty.handler.HttpHandler - Channel Closed: [id: 0x44115a97, L:/127.0.0.1:54125 ! R:localhost/127.0.0.1:54119] with attribute DISCARD
19:39:35.930 [AsyncHttpClient-1-1] DEBUG org.asynchttpclient.netty.timeout.TimeoutTimerTask - Request timeout to localhost/127.0.0.1:61039 after 180000 ms for NettyResponseFuture{currentRetry=0,
	isDone=0,
	isCancelled=0,
	asyncHandler=org.asynchttpclient.AsyncCompletionHandlerBase@241022c8,
	nettyRequest=org.asynchttpclient.netty.request.NettyRequest@3594331d,
	future=java.util.concurrent.CompletableFuture@4f402b3f[Not completed],
	uri=http://localhost:61039/session/031d6150a09c9a86db1e03c14e8bd753/url,
	keepAlive=true,
	redirectCount=0,
	timeoutsHolder=org.asynchttpclient.netty.timeout.TimeoutsHolder@3dfd0457,
	inAuth=0,
	touch=1667219795829} after 180101 ms
19:39:35.930 [AsyncHttpClient-1-1] DEBUG org.asynchttpclient.netty.channel.ChannelManager - Closing Channel [id: 0x186fbcd0, L:/127.0.0.1:54118 - R:localhost/127.0.0.1:61039] 
19:39:35.930 [AsyncHttpClient-1-8] DEBUG org.asynchttpclient.netty.handler.HttpHandler - Channel Closed: [id: 0x186fbcd0, L:/127.0.0.1:54118 ! R:localhost/127.0.0.1:61039] with attribute DISCARD
19:39:35.930 [AsyncHttpClient-1-1] DEBUG org.asynchttpclient.netty.request.NettyRequestSender - Aborting Future NettyResponseFuture{currentRetry=0,
	isDone=0,
	isCancelled=0,
	asyncHandler=org.asynchttpclient.AsyncCompletionHandlerBase@241022c8,
	nettyRequest=org.asynchttpclient.netty.request.NettyRequest@3594331d,
	future=java.util.concurrent.CompletableFuture@4f402b3f[Not completed],
	uri=http://localhost:61039/session/031d6150a09c9a86db1e03c14e8bd753/url,
	keepAlive=true,
	redirectCount=0,
	timeoutsHolder=org.asynchttpclient.netty.timeout.TimeoutsHolder@3dfd0457,
	inAuth=0,
	touch=1667219795829}

19:39:35.932 [AsyncHttpClient-1-1] DEBUG org.asynchttpclient.netty.request.NettyRequestSender - Request timeout to localhost/127.0.0.1:61039 after 180000 ms
java.util.concurrent.TimeoutException: Request timeout to localhost/127.0.0.1:61039 after 180000 ms
	at org.asynchttpclient.netty.timeout.TimeoutTimerTask.expire(TimeoutTimerTask.java:43)
	at org.asynchttpclient.netty.timeout.RequestTimeoutTimerTask.run(RequestTimeoutTimerTask.java:50)
	at io.netty.util.HashedWheelTimer$HashedWheelTimeout.run(HashedWheelTimer.java:715)
	at io.netty.util.concurrent.ImmediateExecutor.execute(ImmediateExecutor.java:34)
	at io.netty.util.HashedWheelTimer$HashedWheelTimeout.expire(HashedWheelTimer.java:703)
	at io.netty.util.HashedWheelTimer$HashedWheelBucket.expireTimeouts(HashedWheelTimer.java:790)
	at io.netty.util.HashedWheelTimer$Worker.run(HashedWheelTimer.java:503)
	at io.netty.util.concurrent.FastThreadLocalRunnable.run(FastThreadLocalRunnable.java:30)
	at java.base/java.lang.Thread.run(Thread.java:834)
19:39:35.934 [AsyncHttpClient-1-1] DEBUG org.asynchttpclient.AsyncCompletionHandler - Request timeout to localhost/127.0.0.1:61039 after 180000 ms
java.util.concurrent.TimeoutException: Request timeout to localhost/127.0.0.1:61039 after 180000 ms
	at org.asynchttpclient.netty.timeout.TimeoutTimerTask.expire(TimeoutTimerTask.java:43)
	at org.asynchttpclient.netty.timeout.RequestTimeoutTimerTask.run(RequestTimeoutTimerTask.java:50)
	at io.netty.util.HashedWheelTimer$HashedWheelTimeout.run(HashedWheelTimer.java:715)
	at io.netty.util.concurrent.ImmediateExecutor.execute(ImmediateExecutor.java:34)
	at io.netty.util.HashedWheelTimer$HashedWheelTimeout.expire(HashedWheelTimer.java:703)
	at io.netty.util.HashedWheelTimer$HashedWheelBucket.expireTimeouts(HashedWheelTimer.java:790)
	at io.netty.util.HashedWheelTimer$Worker.run(HashedWheelTimer.java:503)
	at io.netty.util.concurrent.FastThreadLocalRunnable.run(FastThreadLocalRunnable.java:30)
	at java.base/java.lang.Thread.run(Thread.java:834)
19:39:36.886 [AsyncHttpClient-1-3] DEBUG org.asynchttpclient.netty.channel.NettyConnectListener - Using new Channel '[id: 0x79bf41bd, L:/127.0.0.1:54350 - R:localhost/127.0.0.1:61039]' for 'POST' to '/session/031d6150a09c9a86db1e03c14e8bd753/url'
19:42:16.320 [AsyncHttpClient-1-3] DEBUG org.asynchttpclient.netty.handler.HttpHandler - 

Request DefaultHttpRequest(decodeResult: success, version: HTTP/1.1)
POST /session/031d6150a09c9a86db1e03c14e8bd753/url HTTP/1.1
User-Agent: selenium/4.1.2 (java windows)
Content-Length: 59
Content-Type: application/json; charset=utf-8
host: localhost:61039
accept: */*

Response DefaultHttpResponse(decodeResult: success, version: HTTP/1.1)
HTTP/1.1 200 OK
Content-Type: application/json; charset=utf-8
cache-control: no-cache
content-length: 14

19:42:16.320 [AsyncHttpClient-1-3] DEBUG org.asynchttpclient.netty.channel.ChannelManager - Adding key: http://localhost:61039 for channel [id: 0x79bf41bd, L:/127.0.0.1:54350 - R:localhost/127.0.0.1:61039]
19:42:16.323 [Forwarding setTimeout on session 031d6150a09c9a86db1e03c14e8bd753 to remote] DEBUG org.asynchttpclient.netty.request.NettyRequestSender - Using pooled Channel '[id: 0x79bf41bd, L:/127.0.0.1:54350 - R:localhost/127.0.0.1:61039]' for 'POST' to 'http://localhost:61039/session/031d6150a09c9a86db1e03c14e8bd753/timeouts'
19:42:16.323 [Forwarding setTimeout on session 031d6150a09c9a86db1e03c14e8bd753 to remote] DEBUG org.asynchttpclient.netty.request.NettyRequestSender - Using open Channel [id: 0x79bf41bd, L:/127.0.0.1:54350 - R:localhost/127.0.0.1:61039] for POST '/session/031d6150a09c9a86db1e03c14e8bd753/timeouts'
19:42:16.325 [AsyncHttpClient-1-3] DEBUG org.asynchttpclient.netty.handler.HttpHandler - 

Request DefaultHttpRequest(decodeResult: success, version: HTTP/1.1)
POST /session/031d6150a09c9a86db1e03c14e8bd753/timeouts HTTP/1.1
User-Agent: selenium/4.1.2 (java windows)
Content-Length: 22
Content-Type: application/json; charset=utf-8
host: localhost:61039
accept: */*

Response DefaultHttpResponse(decodeResult: success, version: HTTP/1.1)
HTTP/1.1 200 OK
Content-Type: application/json; charset=utf-8
cache-control: no-cache
content-length: 14

19:42:16.325 [AsyncHttpClient-1-3] DEBUG org.asynchttpclient.netty.channel.ChannelManager - Adding key: http://localhost:61039 for channel [id: 0x79bf41bd, L:/127.0.0.1:54350 - R:localhost/127.0.0.1:61039]
19:42:16.327 [Forwarding getCurrentUrl on session 031d6150a09c9a86db1e03c14e8bd753 to remote] DEBUG org.asynchttpclient.netty.request.NettyRequestSender - Using pooled Channel '[id: 0x79bf41bd, L:/127.0.0.1:54350 - R:localhost/127.0.0.1:61039]' for 'GET' to 'http://localhost:61039/session/031d6150a09c9a86db1e03c14e8bd753/url'
19:42:16.327 [Forwarding getCurrentUrl on session 031d6150a09c9a86db1e03c14e8bd753 to remote] DEBUG org.asynchttpclient.netty.request.NettyRequestSender - Using open Channel [id: 0x79bf41bd, L:/127.0.0.1:54350 - R:localhost/127.0.0.1:61039] for GET '/session/031d6150a09c9a86db1e03c14e8bd753/url'
19:42:16.335 [AsyncHttpClient-1-3] DEBUG org.asynchttpclient.netty.handler.HttpHandler - 

Request DefaultFullHttpRequest(decodeResult: success, version: HTTP/1.1, content: EmptyByteBufBE)
GET /session/031d6150a09c9a86db1e03c14e8bd753/url HTTP/1.1
User-Agent: selenium/4.1.2 (java windows)
Cache-Control: no-cache
Content-Type: application/json; charset=utf-8
host: localhost:61039
accept: */*

Response DefaultHttpResponse(decodeResult: success, version: HTTP/1.1)
HTTP/1.1 200 OK
Content-Type: application/json; charset=utf-8
cache-control: no-cache
content-length: 41

19:42:16.335 [AsyncHttpClient-1-3] DEBUG org.asynchttpclient.netty.channel.ChannelManager - Adding key: http://localhost:61039 for channel [id: 0x79bf41bd, L:/127.0.0.1:54350 - R:localhost/127.0.0.1:61039]
  &amp#27;[32mGiven &amp#27;[0m&amp#27;[32mI open the website&amp#27;[0m               &amp#27;[90m# starter.steps.RegistrationStep.iOpenTheWebsite()&amp#27;[0m
19:42:16.341 [Forwarding screenshot on session 031d6150a09c9a86db1e03c14e8bd753 to remote] DEBUG org.asynchttpclient.netty.request.NettyRequestSender - Using pooled Channel '[id: 0x79bf41bd, L:/127.0.0.1:54350 - R:localhost/127.0.0.1:61039]' for 'GET' to 'http://localhost:61039/session/031d6150a09c9a86db1e03c14e8bd753/screenshot'
19:42:16.342 [Forwarding screenshot on session 031d6150a09c9a86db1e03c14e8bd753 to remote] DEBUG org.asynchttpclient.netty.request.NettyRequestSender - Using open Channel [id: 0x79bf41bd, L:/127.0.0.1:54350 - R:localhost/127.0.0.1:61039] for GET '/session/031d6150a09c9a86db1e03c14e8bd753/screenshot'
19:42:16.528 [AsyncHttpClient-1-3] DEBUG org.asynchttpclient.netty.handler.HttpHandler - 

Request DefaultFullHttpRequest(decodeResult: success, version: HTTP/1.1, content: EmptyByteBufBE)
GET /session/031d6150a09c9a86db1e03c14e8bd753/screenshot HTTP/1.1
User-Agent: selenium/4.1.2 (java windows)
Cache-Control: no-cache
Content-Type: application/json; charset=utf-8
host: localhost:61039
accept: */*

Response DefaultHttpResponse(decodeResult: success, version: HTTP/1.1)
HTTP/1.1 200 OK
Content-Type: application/json; charset=utf-8
cache-control: no-cache
content-length: 69584

19:42:16.530 [AsyncHttpClient-1-3] DEBUG org.asynchttpclient.netty.channel.ChannelManager - Adding key: http://localhost:61039 for channel [id: 0x79bf41bd, L:/127.0.0.1:54350 - R:localhost/127.0.0.1:61039]
19:42:16.536 [main] DEBUG net.serenitybdd.core.photography.Darkroom - Send negative for processing for target\site\serenity\5297bd387dc3249e00c2d6656fb13e2699af90824ba878fd382afd24108abb14.png
19:42:16.547 [Forwarding findElement on session 031d6150a09c9a86db1e03c14e8bd753 to remote] DEBUG org.asynchttpclient.netty.request.NettyRequestSender - Using pooled Channel '[id: 0x79bf41bd, L:/127.0.0.1:54350 - R:localhost/127.0.0.1:61039]' for 'POST' to 'http://localhost:61039/session/031d6150a09c9a86db1e03c14e8bd753/element'
19:42:16.547 [Forwarding findElement on session 031d6150a09c9a86db1e03c14e8bd753 to remote] DEBUG org.asynchttpclient.netty.request.NettyRequestSender - Using open Channel [id: 0x79bf41bd, L:/127.0.0.1:54350 - R:localhost/127.0.0.1:61039] for POST '/session/031d6150a09c9a86db1e03c14e8bd753/element'
19:42:16.559 [AsyncHttpClient-1-3] DEBUG org.asynchttpclient.netty.handler.HttpHandler - 

Request DefaultHttpRequest(decodeResult: success, version: HTTP/1.1)
POST /session/031d6150a09c9a86db1e03c14e8bd753/element HTTP/1.1
User-Agent: selenium/4.1.2 (java windows)
Content-Length: 97
Content-Type: application/json; charset=utf-8
host: localhost:61039
accept: */*

Response DefaultHttpResponse(decodeResult: success, version: HTTP/1.1)
HTTP/1.1 200 OK
Content-Type: application/json; charset=utf-8
cache-control: no-cache
content-length: 88

19:42:16.559 [AsyncHttpClient-1-3] DEBUG org.asynchttpclient.netty.channel.ChannelManager - Adding key: http://localhost:61039 for channel [id: 0x79bf41bd, L:/127.0.0.1:54350 - R:localhost/127.0.0.1:61039]
19:42:16.561 [Forwarding getElementTagName on session 031d6150a09c9a86db1e03c14e8bd753 to remote] DEBUG org.asynchttpclient.netty.request.NettyRequestSender - Using pooled Channel '[id: 0x79bf41bd, L:/127.0.0.1:54350 - R:localhost/127.0.0.1:61039]' for 'GET' to 'http://localhost:61039/session/031d6150a09c9a86db1e03c14e8bd753/element/e5058f4e-f087-4c17-b599-8905cfd970e5/name'
19:42:16.561 [Forwarding getElementTagName on session 031d6150a09c9a86db1e03c14e8bd753 to remote] DEBUG org.asynchttpclient.netty.request.NettyRequestSender - Using open Channel [id: 0x79bf41bd, L:/127.0.0.1:54350 - R:localhost/127.0.0.1:61039] for GET '/session/031d6150a09c9a86db1e03c14e8bd753/element/e5058f4e-f087-4c17-b599-8905cfd970e5/name'
19:42:16.563 [AsyncHttpClient-1-3] DEBUG org.asynchttpclient.netty.handler.HttpHandler - 

Request DefaultFullHttpRequest(decodeResult: success, version: HTTP/1.1, content: EmptyByteBufBE)
GET /session/031d6150a09c9a86db1e03c14e8bd753/element/e5058f4e-f087-4c17-b599-8905cfd970e5/name HTTP/1.1
User-Agent: selenium/4.1.2 (java windows)
Cache-Control: no-cache
Content-Type: application/json; charset=utf-8
host: localhost:61039
accept: */*

Response DefaultHttpResponse(decodeResult: success, version: HTTP/1.1)
HTTP/1.1 200 OK
Content-Type: application/json; charset=utf-8
cache-control: no-cache
content-length: 13

19:42:16.565 [AsyncHttpClient-1-3] DEBUG org.asynchttpclient.netty.channel.ChannelManager - Adding key: http://localhost:61039 for channel [id: 0x79bf41bd, L:/127.0.0.1:54350 - R:localhost/127.0.0.1:61039]
19:42:16.568 [Forwarding getElementTagName on session 031d6150a09c9a86db1e03c14e8bd753 to remote] DEBUG org.asynchttpclient.netty.request.NettyRequestSender - Using pooled Channel '[id: 0x79bf41bd, L:/127.0.0.1:54350 - R:localhost/127.0.0.1:61039]' for 'GET' to 'http://localhost:61039/session/031d6150a09c9a86db1e03c14e8bd753/element/e5058f4e-f087-4c17-b599-8905cfd970e5/name'
19:42:16.568 [Forwarding getElementTagName on session 031d6150a09c9a86db1e03c14e8bd753 to remote] DEBUG org.asynchttpclient.netty.request.NettyRequestSender - Using open Channel [id: 0x79bf41bd, L:/127.0.0.1:54350 - R:localhost/127.0.0.1:61039] for GET '/session/031d6150a09c9a86db1e03c14e8bd753/element/e5058f4e-f087-4c17-b599-8905cfd970e5/name'
19:42:16.569 [AsyncHttpClient-1-3] DEBUG org.asynchttpclient.netty.handler.HttpHandler - 

Request DefaultFullHttpRequest(decodeResult: success, version: HTTP/1.1, content: EmptyByteBufBE)
GET /session/031d6150a09c9a86db1e03c14e8bd753/element/e5058f4e-f087-4c17-b599-8905cfd970e5/name HTTP/1.1
User-Agent: selenium/4.1.2 (java windows)
Cache-Control: no-cache
Content-Type: application/json; charset=utf-8
host: localhost:61039
accept: */*

Response DefaultHttpResponse(decodeResult: success, version: HTTP/1.1)
HTTP/1.1 200 OK
Content-Type: application/json; charset=utf-8
cache-control: no-cache
content-length: 13

19:42:16.570 [AsyncHttpClient-1-3] DEBUG org.asynchttpclient.netty.channel.ChannelManager - Adding key: http://localhost:61039 for channel [id: 0x79bf41bd, L:/127.0.0.1:54350 - R:localhost/127.0.0.1:61039]
19:42:16.572 [Forwarding findElement on session 031d6150a09c9a86db1e03c14e8bd753 to remote] DEBUG org.asynchttpclient.netty.request.NettyRequestSender - Using pooled Channel '[id: 0x79bf41bd, L:/127.0.0.1:54350 - R:localhost/127.0.0.1:61039]' for 'POST' to 'http://localhost:61039/session/031d6150a09c9a86db1e03c14e8bd753/element'
19:42:16.572 [Forwarding findElement on session 031d6150a09c9a86db1e03c14e8bd753 to remote] DEBUG org.asynchttpclient.netty.request.NettyRequestSender - Using open Channel [id: 0x79bf41bd, L:/127.0.0.1:54350 - R:localhost/127.0.0.1:61039] for POST '/session/031d6150a09c9a86db1e03c14e8bd753/element'
19:42:16.577 [AsyncHttpClient-1-3] DEBUG org.asynchttpclient.netty.handler.HttpHandler - 

Request DefaultHttpRequest(decodeResult: success, version: HTTP/1.1)
POST /session/031d6150a09c9a86db1e03c14e8bd753/element HTTP/1.1
User-Agent: selenium/4.1.2 (java windows)
Content-Length: 97
Content-Type: application/json; charset=utf-8
host: localhost:61039
accept: */*

Response DefaultHttpResponse(decodeResult: success, version: HTTP/1.1)
HTTP/1.1 200 OK
Content-Type: application/json; charset=utf-8
cache-control: no-cache
content-length: 88

19:42:16.577 [AsyncHttpClient-1-3] DEBUG org.asynchttpclient.netty.channel.ChannelManager - Adding key: http://localhost:61039 for channel [id: 0x79bf41bd, L:/127.0.0.1:54350 - R:localhost/127.0.0.1:61039]
19:42:16.578 [Forwarding clickElement on session 031d6150a09c9a86db1e03c14e8bd753 to remote] DEBUG org.asynchttpclient.netty.request.NettyRequestSender - Using pooled Channel '[id: 0x79bf41bd, L:/127.0.0.1:54350 - R:localhost/127.0.0.1:61039]' for 'POST' to 'http://localhost:61039/session/031d6150a09c9a86db1e03c14e8bd753/element/e5058f4e-f087-4c17-b599-8905cfd970e5/click'
19:42:16.578 [Forwarding clickElement on session 031d6150a09c9a86db1e03c14e8bd753 to remote] DEBUG org.asynchttpclient.netty.request.NettyRequestSender - Using open Channel [id: 0x79bf41bd, L:/127.0.0.1:54350 - R:localhost/127.0.0.1:61039] for POST '/session/031d6150a09c9a86db1e03c14e8bd753/element/e5058f4e-f087-4c17-b599-8905cfd970e5/click'
19:42:16.614 [AsyncHttpClient-1-3] DEBUG org.asynchttpclient.netty.handler.HttpHandler - 

Request DefaultHttpRequest(decodeResult: success, version: HTTP/1.1)
POST /session/031d6150a09c9a86db1e03c14e8bd753/element/e5058f4e-f087-4c17-b599-8905cfd970e5/click HTTP/1.1
User-Agent: selenium/4.1.2 (java windows)
Content-Length: 50
Content-Type: application/json; charset=utf-8
host: localhost:61039
accept: */*

Response DefaultHttpResponse(decodeResult: success, version: HTTP/1.1)
HTTP/1.1 200 OK
Content-Type: application/json; charset=utf-8
cache-control: no-cache
content-length: 14

19:42:16.614 [AsyncHttpClient-1-3] DEBUG org.asynchttpclient.netty.channel.ChannelManager - Adding key: http://localhost:61039 for channel [id: 0x79bf41bd, L:/127.0.0.1:54350 - R:localhost/127.0.0.1:61039]
  &amp#27;[32mWhen &amp#27;[0m&amp#27;[32mI click sign in button&amp#27;[0m            &amp#27;[90m# starter.steps.RegistrationStep.iClickSignInButton()&amp#27;[0m
19:42:16.625 [Forwarding screenshot on session 031d6150a09c9a86db1e03c14e8bd753 to remote] DEBUG org.asynchttpclient.netty.request.NettyRequestSender - Using pooled Channel '[id: 0x79bf41bd, L:/127.0.0.1:54350 - R:localhost/127.0.0.1:61039]' for 'GET' to 'http://localhost:61039/session/031d6150a09c9a86db1e03c14e8bd753/screenshot'
19:42:16.625 [Forwarding screenshot on session 031d6150a09c9a86db1e03c14e8bd753 to remote] DEBUG org.asynchttpclient.netty.request.NettyRequestSender - Using open Channel [id: 0x79bf41bd, L:/127.0.0.1:54350 - R:localhost/127.0.0.1:61039] for GET '/session/031d6150a09c9a86db1e03c14e8bd753/screenshot'
19:42:16.844 [AsyncHttpClient-1-3] DEBUG org.asynchttpclient.netty.handler.HttpHandler - 

Request DefaultFullHttpRequest(decodeResult: success, version: HTTP/1.1, content: EmptyByteBufBE)
GET /session/031d6150a09c9a86db1e03c14e8bd753/screenshot HTTP/1.1
User-Agent: selenium/4.1.2 (java windows)
Cache-Control: no-cache
Content-Type: application/json; charset=utf-8
host: localhost:61039
accept: */*

Response DefaultHttpResponse(decodeResult: success, version: HTTP/1.1)
HTTP/1.1 200 OK
Content-Type: application/json; charset=utf-8
cache-control: no-cache
content-length: 40936

19:42:16.846 [AsyncHttpClient-1-3] DEBUG org.asynchttpclient.netty.channel.ChannelManager - Adding key: http://localhost:61039 for channel [id: 0x79bf41bd, L:/127.0.0.1:54350 - R:localhost/127.0.0.1:61039]
19:42:16.847 [main] DEBUG net.serenitybdd.core.photography.Darkroom - Send negative for processing for target\site\serenity\c361cce37a4a3a89fb1632112197bb73511fdfc378b58dd05de5266072f51a55.png
19:42:16.850 [Darkroom Processing Line] DEBUG net.serenitybdd.core.photography.DarkroomProcessingLine - Processing screenshot image in /var/screenshots/screenshot-1931423707571996746
19:42:16.850 [Darkroom Processing Line] DEBUG net.serenitybdd.core.photography.DarkroomProcessingLine - Saving screenshot to target\site\serenity\c361cce37a4a3a89fb1632112197bb73511fdfc378b58dd05de5266072f51a55.png
19:42:16.856 [Forwarding findElement on session 031d6150a09c9a86db1e03c14e8bd753 to remote] DEBUG org.asynchttpclient.netty.request.NettyRequestSender - Using pooled Channel '[id: 0x79bf41bd, L:/127.0.0.1:54350 - R:localhost/127.0.0.1:61039]' for 'POST' to 'http://localhost:61039/session/031d6150a09c9a86db1e03c14e8bd753/element'
19:42:16.856 [Forwarding findElement on session 031d6150a09c9a86db1e03c14e8bd753 to remote] DEBUG org.asynchttpclient.netty.request.NettyRequestSender - Using open Channel [id: 0x79bf41bd, L:/127.0.0.1:54350 - R:localhost/127.0.0.1:61039] for POST '/session/031d6150a09c9a86db1e03c14e8bd753/element'
19:42:16.867 [AsyncHttpClient-1-3] DEBUG org.asynchttpclient.netty.handler.HttpHandler - 

Request DefaultHttpRequest(decodeResult: success, version: HTTP/1.1)
POST /session/031d6150a09c9a86db1e03c14e8bd753/element HTTP/1.1
User-Agent: selenium/4.1.2 (java windows)
Content-Length: 84
Content-Type: application/json; charset=utf-8
host: localhost:61039
accept: */*

Response DefaultHttpResponse(decodeResult: success, version: HTTP/1.1)
HTTP/1.1 200 OK
Content-Type: application/json; charset=utf-8
cache-control: no-cache
content-length: 88

19:42:16.867 [AsyncHttpClient-1-3] DEBUG org.asynchttpclient.netty.channel.ChannelManager - Adding key: http://localhost:61039 for channel [id: 0x79bf41bd, L:/127.0.0.1:54350 - R:localhost/127.0.0.1:61039]
19:42:16.868 [Forwarding getElementTagName on session 031d6150a09c9a86db1e03c14e8bd753 to remote] DEBUG org.asynchttpclient.netty.request.NettyRequestSender - Using pooled Channel '[id: 0x79bf41bd, L:/127.0.0.1:54350 - R:localhost/127.0.0.1:61039]' for 'GET' to 'http://localhost:61039/session/031d6150a09c9a86db1e03c14e8bd753/element/79ad5d0a-fb3b-4ccb-9fab-88279810d4fe/name'
19:42:16.868 [Forwarding getElementTagName on session 031d6150a09c9a86db1e03c14e8bd753 to remote] DEBUG org.asynchttpclient.netty.request.NettyRequestSender - Using open Channel [id: 0x79bf41bd, L:/127.0.0.1:54350 - R:localhost/127.0.0.1:61039] for GET '/session/031d6150a09c9a86db1e03c14e8bd753/element/79ad5d0a-fb3b-4ccb-9fab-88279810d4fe/name'
19:42:16.872 [AsyncHttpClient-1-3] DEBUG org.asynchttpclient.netty.handler.HttpHandler - 

Request DefaultFullHttpRequest(decodeResult: success, version: HTTP/1.1, content: EmptyByteBufBE)
GET /session/031d6150a09c9a86db1e03c14e8bd753/element/79ad5d0a-fb3b-4ccb-9fab-88279810d4fe/name HTTP/1.1
User-Agent: selenium/4.1.2 (java windows)
Cache-Control: no-cache
Content-Type: application/json; charset=utf-8
host: localhost:61039
accept: */*

Response DefaultHttpResponse(decodeResult: success, version: HTTP/1.1)
HTTP/1.1 200 OK
Content-Type: application/json; charset=utf-8
cache-control: no-cache
content-length: 13

19:42:16.872 [AsyncHttpClient-1-3] DEBUG org.asynchttpclient.netty.channel.ChannelManager - Adding key: http://localhost:61039 for channel [id: 0x79bf41bd, L:/127.0.0.1:54350 - R:localhost/127.0.0.1:61039]
19:42:16.873 [Forwarding getElementTagName on session 031d6150a09c9a86db1e03c14e8bd753 to remote] DEBUG org.asynchttpclient.netty.request.NettyRequestSender - Using pooled Channel '[id: 0x79bf41bd, L:/127.0.0.1:54350 - R:localhost/127.0.0.1:61039]' for 'GET' to 'http://localhost:61039/session/031d6150a09c9a86db1e03c14e8bd753/element/79ad5d0a-fb3b-4ccb-9fab-88279810d4fe/name'
19:42:16.873 [Forwarding getElementTagName on session 031d6150a09c9a86db1e03c14e8bd753 to remote] DEBUG org.asynchttpclient.netty.request.NettyRequestSender - Using open Channel [id: 0x79bf41bd, L:/127.0.0.1:54350 - R:localhost/127.0.0.1:61039] for GET '/session/031d6150a09c9a86db1e03c14e8bd753/element/79ad5d0a-fb3b-4ccb-9fab-88279810d4fe/name'
19:42:16.877 [AsyncHttpClient-1-3] DEBUG org.asynchttpclient.netty.handler.HttpHandler - 

Request DefaultFullHttpRequest(decodeResult: success, version: HTTP/1.1, content: EmptyByteBufBE)
GET /session/031d6150a09c9a86db1e03c14e8bd753/element/79ad5d0a-fb3b-4ccb-9fab-88279810d4fe/name HTTP/1.1
User-Agent: selenium/4.1.2 (java windows)
Cache-Control: no-cache
Content-Type: application/json; charset=utf-8
host: localhost:61039
accept: */*

Response DefaultHttpResponse(decodeResult: success, version: HTTP/1.1)
HTTP/1.1 200 OK
Content-Type: application/json; charset=utf-8
cache-control: no-cache
content-length: 13

19:42:16.877 [AsyncHttpClient-1-3] DEBUG org.asynchttpclient.netty.channel.ChannelManager - Adding key: http://localhost:61039 for channel [id: 0x79bf41bd, L:/127.0.0.1:54350 - R:localhost/127.0.0.1:61039]
19:42:16.878 [Forwarding findElement on session 031d6150a09c9a86db1e03c14e8bd753 to remote] DEBUG org.asynchttpclient.netty.request.NettyRequestSender - Using pooled Channel '[id: 0x79bf41bd, L:/127.0.0.1:54350 - R:localhost/127.0.0.1:61039]' for 'POST' to 'http://localhost:61039/session/031d6150a09c9a86db1e03c14e8bd753/element'
19:42:16.878 [Forwarding findElement on session 031d6150a09c9a86db1e03c14e8bd753 to remote] DEBUG org.asynchttpclient.netty.request.NettyRequestSender - Using open Channel [id: 0x79bf41bd, L:/127.0.0.1:54350 - R:localhost/127.0.0.1:61039] for POST '/session/031d6150a09c9a86db1e03c14e8bd753/element'
19:42:16.885 [AsyncHttpClient-1-3] DEBUG org.asynchttpclient.netty.handler.HttpHandler - 

Request DefaultHttpRequest(decodeResult: success, version: HTTP/1.1)
POST /session/031d6150a09c9a86db1e03c14e8bd753/element HTTP/1.1
User-Agent: selenium/4.1.2 (java windows)
Content-Length: 84
Content-Type: application/json; charset=utf-8
host: localhost:61039
accept: */*

Response DefaultHttpResponse(decodeResult: success, version: HTTP/1.1)
HTTP/1.1 200 OK
Content-Type: application/json; charset=utf-8
cache-control: no-cache
content-length: 88

19:42:16.885 [AsyncHttpClient-1-3] DEBUG org.asynchttpclient.netty.channel.ChannelManager - Adding key: http://localhost:61039 for channel [id: 0x79bf41bd, L:/127.0.0.1:54350 - R:localhost/127.0.0.1:61039]
19:42:16.886 [Forwarding clickElement on session 031d6150a09c9a86db1e03c14e8bd753 to remote] DEBUG org.asynchttpclient.netty.request.NettyRequestSender - Using pooled Channel '[id: 0x79bf41bd, L:/127.0.0.1:54350 - R:localhost/127.0.0.1:61039]' for 'POST' to 'http://localhost:61039/session/031d6150a09c9a86db1e03c14e8bd753/element/79ad5d0a-fb3b-4ccb-9fab-88279810d4fe/click'
19:42:16.887 [Forwarding clickElement on session 031d6150a09c9a86db1e03c14e8bd753 to remote] DEBUG org.asynchttpclient.netty.request.NettyRequestSender - Using open Channel [id: 0x79bf41bd, L:/127.0.0.1:54350 - R:localhost/127.0.0.1:61039] for POST '/session/031d6150a09c9a86db1e03c14e8bd753/element/79ad5d0a-fb3b-4ccb-9fab-88279810d4fe/click'
19:42:16.912 [AsyncHttpClient-1-3] DEBUG org.asynchttpclient.netty.handler.HttpHandler - 

Request DefaultHttpRequest(decodeResult: success, version: HTTP/1.1)
POST /session/031d6150a09c9a86db1e03c14e8bd753/element/79ad5d0a-fb3b-4ccb-9fab-88279810d4fe/click HTTP/1.1
User-Agent: selenium/4.1.2 (java windows)
Content-Length: 50
Content-Type: application/json; charset=utf-8
host: localhost:61039
accept: */*

Response DefaultHttpResponse(decodeResult: success, version: HTTP/1.1)
HTTP/1.1 200 OK
Content-Type: application/json; charset=utf-8
cache-control: no-cache
content-length: 14

19:42:16.912 [AsyncHttpClient-1-3] DEBUG org.asynchttpclient.netty.channel.ChannelManager - Adding key: http://localhost:61039 for channel [id: 0x79bf41bd, L:/127.0.0.1:54350 - R:localhost/127.0.0.1:61039]
  &amp#27;[32mAnd &amp#27;[0m&amp#27;[32mI click register link&amp#27;[0m              &amp#27;[90m# starter.steps.RegistrationStep.iClickRegisterLink()&amp#27;[0m
19:42:16.923 [Forwarding screenshot on session 031d6150a09c9a86db1e03c14e8bd753 to remote] DEBUG org.asynchttpclient.netty.request.NettyRequestSender - Using pooled Channel '[id: 0x79bf41bd, L:/127.0.0.1:54350 - R:localhost/127.0.0.1:61039]' for 'GET' to 'http://localhost:61039/session/031d6150a09c9a86db1e03c14e8bd753/screenshot'
19:42:16.923 [Forwarding screenshot on session 031d6150a09c9a86db1e03c14e8bd753 to remote] DEBUG org.asynchttpclient.netty.request.NettyRequestSender - Using open Channel [id: 0x79bf41bd, L:/127.0.0.1:54350 - R:localhost/127.0.0.1:61039] for GET '/session/031d6150a09c9a86db1e03c14e8bd753/screenshot'
19:42:17.125 [AsyncHttpClient-1-3] DEBUG org.asynchttpclient.netty.handler.HttpHandler - 

Request DefaultFullHttpRequest(decodeResult: success, version: HTTP/1.1, content: EmptyByteBufBE)
GET /session/031d6150a09c9a86db1e03c14e8bd753/screenshot HTTP/1.1
User-Agent: selenium/4.1.2 (java windows)
Cache-Control: no-cache
Content-Type: application/json; charset=utf-8
host: localhost:61039
accept: */*

Response DefaultHttpResponse(decodeResult: success, version: HTTP/1.1)
HTTP/1.1 200 OK
Content-Type: application/json; charset=utf-8
cache-control: no-cache
content-length: 46404

19:42:17.126 [AsyncHttpClient-1-3] DEBUG org.asynchttpclient.netty.channel.ChannelManager - Adding key: http://localhost:61039 for channel [id: 0x79bf41bd, L:/127.0.0.1:54350 - R:localhost/127.0.0.1:61039]
19:42:17.127 [main] DEBUG net.serenitybdd.core.photography.Darkroom - Send negative for processing for target\site\serenity\8dd0fb1859623cc85f2ae40989c0829fd41c2a1ff464c795607ddbd7d29a6925.png
19:42:17.128 [Darkroom Processing Line] DEBUG net.serenitybdd.core.photography.DarkroomProcessingLine - Processing screenshot image in /var/screenshots/screenshot-12377150317807762172
19:42:17.128 [Darkroom Processing Line] DEBUG net.serenitybdd.core.photography.DarkroomProcessingLine - Saving screenshot to target\site\serenity\8dd0fb1859623cc85f2ae40989c0829fd41c2a1ff464c795607ddbd7d29a6925.png
19:42:17.145 [Forwarding findElement on session 031d6150a09c9a86db1e03c14e8bd753 to remote] DEBUG org.asynchttpclient.netty.request.NettyRequestSender - Using pooled Channel '[id: 0x79bf41bd, L:/127.0.0.1:54350 - R:localhost/127.0.0.1:61039]' for 'POST' to 'http://localhost:61039/session/031d6150a09c9a86db1e03c14e8bd753/element'
19:42:17.145 [Forwarding findElement on session 031d6150a09c9a86db1e03c14e8bd753 to remote] DEBUG org.asynchttpclient.netty.request.NettyRequestSender - Using open Channel [id: 0x79bf41bd, L:/127.0.0.1:54350 - R:localhost/127.0.0.1:61039] for POST '/session/031d6150a09c9a86db1e03c14e8bd753/element'
19:42:17.159 [AsyncHttpClient-1-3] DEBUG org.asynchttpclient.netty.handler.HttpHandler - 

Request DefaultHttpRequest(decodeResult: success, version: HTTP/1.1)
POST /session/031d6150a09c9a86db1e03c14e8bd753/element HTTP/1.1
User-Agent: selenium/4.1.2 (java windows)
Content-Length: 93
Content-Type: application/json; charset=utf-8
host: localhost:61039
accept: */*

Response DefaultHttpResponse(decodeResult: success, version: HTTP/1.1)
HTTP/1.1 200 OK
Content-Type: application/json; charset=utf-8
cache-control: no-cache
content-length: 88

19:42:17.159 [AsyncHttpClient-1-3] DEBUG org.asynchttpclient.netty.channel.ChannelManager - Adding key: http://localhost:61039 for channel [id: 0x79bf41bd, L:/127.0.0.1:54350 - R:localhost/127.0.0.1:61039]
19:42:17.160 [Forwarding clearElement on session 031d6150a09c9a86db1e03c14e8bd753 to remote] DEBUG org.asynchttpclient.netty.request.NettyRequestSender - Using pooled Channel '[id: 0x79bf41bd, L:/127.0.0.1:54350 - R:localhost/127.0.0.1:61039]' for 'POST' to 'http://localhost:61039/session/031d6150a09c9a86db1e03c14e8bd753/element/ea675434-2dbd-4251-a76b-67fc54cb0828/clear'
19:42:17.160 [Forwarding clearElement on session 031d6150a09c9a86db1e03c14e8bd753 to remote] DEBUG org.asynchttpclient.netty.request.NettyRequestSender - Using open Channel [id: 0x79bf41bd, L:/127.0.0.1:54350 - R:localhost/127.0.0.1:61039] for POST '/session/031d6150a09c9a86db1e03c14e8bd753/element/ea675434-2dbd-4251-a76b-67fc54cb0828/clear'
19:42:17.201 [AsyncHttpClient-1-3] DEBUG org.asynchttpclient.netty.handler.HttpHandler - 

Request DefaultHttpRequest(decodeResult: success, version: HTTP/1.1)
POST /session/031d6150a09c9a86db1e03c14e8bd753/element/ea675434-2dbd-4251-a76b-67fc54cb0828/clear HTTP/1.1
User-Agent: selenium/4.1.2 (java windows)
Content-Length: 50
Content-Type: application/json; charset=utf-8
host: localhost:61039
accept: */*

Response DefaultHttpResponse(decodeResult: success, version: HTTP/1.1)
HTTP/1.1 200 OK
Content-Type: application/json; charset=utf-8
cache-control: no-cache
content-length: 14

19:42:17.201 [AsyncHttpClient-1-3] DEBUG org.asynchttpclient.netty.channel.ChannelManager - Adding key: http://localhost:61039 for channel [id: 0x79bf41bd, L:/127.0.0.1:54350 - R:localhost/127.0.0.1:61039]
19:42:17.203 [Forwarding sendKeysToElement on session 031d6150a09c9a86db1e03c14e8bd753 to remote] DEBUG org.asynchttpclient.netty.request.NettyRequestSender - Using pooled Channel '[id: 0x79bf41bd, L:/127.0.0.1:54350 - R:localhost/127.0.0.1:61039]' for 'POST' to 'http://localhost:61039/session/031d6150a09c9a86db1e03c14e8bd753/element/ea675434-2dbd-4251-a76b-67fc54cb0828/value'
19:42:17.203 [Forwarding sendKeysToElement on session 031d6150a09c9a86db1e03c14e8bd753 to remote] DEBUG org.asynchttpclient.netty.request.NettyRequestSender - Using open Channel [id: 0x79bf41bd, L:/127.0.0.1:54350 - R:localhost/127.0.0.1:61039] for POST '/session/031d6150a09c9a86db1e03c14e8bd753/element/ea675434-2dbd-4251-a76b-67fc54cb0828/value'
19:42:17.279 [AsyncHttpClient-1-3] DEBUG org.asynchttpclient.netty.handler.HttpHandler - 

Request DefaultHttpRequest(decodeResult: success, version: HTTP/1.1)
POST /session/031d6150a09c9a86db1e03c14e8bd753/element/ea675434-2dbd-4251-a76b-67fc54cb0828/value HTTP/1.1
User-Agent: selenium/4.1.2 (java windows)
Content-Length: 141
Content-Type: application/json; charset=utf-8
host: localhost:61039
accept: */*

Response DefaultHttpResponse(decodeResult: success, version: HTTP/1.1)
HTTP/1.1 200 OK
Content-Type: application/json; charset=utf-8
cache-control: no-cache
content-length: 14

19:42:17.279 [AsyncHttpClient-1-3] DEBUG org.asynchttpclient.netty.channel.ChannelManager - Adding key: http://localhost:61039 for channel [id: 0x79bf41bd, L:/127.0.0.1:54350 - R:localhost/127.0.0.1:61039]
  &amp#27;[32mAnd &amp#27;[0m&amp#27;[32mI input &amp#27;[0m&amp#27;[32m&amp#27;[1m"maylan"&amp#27;[0m&amp#27;[32m fullname&amp#27;[0m          &amp#27;[90m# starter.steps.RegistrationStep.iInputFullname(java.lang.String)&amp#27;[0m
19:42:17.288 [Forwarding screenshot on session 031d6150a09c9a86db1e03c14e8bd753 to remote] DEBUG org.asynchttpclient.netty.request.NettyRequestSender - Using pooled Channel '[id: 0x79bf41bd, L:/127.0.0.1:54350 - R:localhost/127.0.0.1:61039]' for 'GET' to 'http://localhost:61039/session/031d6150a09c9a86db1e03c14e8bd753/screenshot'
19:42:17.288 [Forwarding screenshot on session 031d6150a09c9a86db1e03c14e8bd753 to remote] DEBUG org.asynchttpclient.netty.request.NettyRequestSender - Using open Channel [id: 0x79bf41bd, L:/127.0.0.1:54350 - R:localhost/127.0.0.1:61039] for GET '/session/031d6150a09c9a86db1e03c14e8bd753/screenshot'
19:42:17.439 [AsyncHttpClient-1-3] DEBUG org.asynchttpclient.netty.handler.HttpHandler - 

Request DefaultFullHttpRequest(decodeResult: success, version: HTTP/1.1, content: EmptyByteBufBE)
GET /session/031d6150a09c9a86db1e03c14e8bd753/screenshot HTTP/1.1
User-Agent: selenium/4.1.2 (java windows)
Cache-Control: no-cache
Content-Type: application/json; charset=utf-8
host: localhost:61039
accept: */*

Response DefaultHttpResponse(decodeResult: success, version: HTTP/1.1)
HTTP/1.1 200 OK
Content-Type: application/json; charset=utf-8
cache-control: no-cache
content-length: 46592

19:42:17.440 [AsyncHttpClient-1-3] DEBUG org.asynchttpclient.netty.channel.ChannelManager - Adding key: http://localhost:61039 for channel [id: 0x79bf41bd, L:/127.0.0.1:54350 - R:localhost/127.0.0.1:61039]
19:42:17.441 [main] DEBUG net.serenitybdd.core.photography.Darkroom - Send negative for processing for target\site\serenity\6e6d01ec117464e1fe8c409dd96b762622510663591b8810e44dc54a57f03085.png
19:42:17.442 [Darkroom Processing Line] DEBUG net.serenitybdd.core.photography.DarkroomProcessingLine - Processing screenshot image in /var/screenshots/screenshot-7266783170238273061
19:42:17.442 [Darkroom Processing Line] DEBUG net.serenitybdd.core.photography.DarkroomProcessingLine - Saving screenshot to target\site\serenity\6e6d01ec117464e1fe8c409dd96b762622510663591b8810e44dc54a57f03085.png
19:42:17.451 [Forwarding findElement on session 031d6150a09c9a86db1e03c14e8bd753 to remote] DEBUG org.asynchttpclient.netty.request.NettyRequestSender - Using pooled Channel '[id: 0x79bf41bd, L:/127.0.0.1:54350 - R:localhost/127.0.0.1:61039]' for 'POST' to 'http://localhost:61039/session/031d6150a09c9a86db1e03c14e8bd753/element'
19:42:17.451 [Forwarding findElement on session 031d6150a09c9a86db1e03c14e8bd753 to remote] DEBUG org.asynchttpclient.netty.request.NettyRequestSender - Using open Channel [id: 0x79bf41bd, L:/127.0.0.1:54350 - R:localhost/127.0.0.1:61039] for POST '/session/031d6150a09c9a86db1e03c14e8bd753/element'
19:42:17.458 [AsyncHttpClient-1-3] DEBUG org.asynchttpclient.netty.handler.HttpHandler - 

Request DefaultHttpRequest(decodeResult: success, version: HTTP/1.1)
POST /session/031d6150a09c9a86db1e03c14e8bd753/element HTTP/1.1
User-Agent: selenium/4.1.2 (java windows)
Content-Length: 86
Content-Type: application/json; charset=utf-8
host: localhost:61039
accept: */*

Response DefaultHttpResponse(decodeResult: success, version: HTTP/1.1)
HTTP/1.1 200 OK
Content-Type: application/json; charset=utf-8
cache-control: no-cache
content-length: 88

19:42:17.458 [AsyncHttpClient-1-3] DEBUG org.asynchttpclient.netty.channel.ChannelManager - Adding key: http://localhost:61039 for channel [id: 0x79bf41bd, L:/127.0.0.1:54350 - R:localhost/127.0.0.1:61039]
19:42:17.459 [Forwarding clearElement on session 031d6150a09c9a86db1e03c14e8bd753 to remote] DEBUG org.asynchttpclient.netty.request.NettyRequestSender - Using pooled Channel '[id: 0x79bf41bd, L:/127.0.0.1:54350 - R:localhost/127.0.0.1:61039]' for 'POST' to 'http://localhost:61039/session/031d6150a09c9a86db1e03c14e8bd753/element/9b2df321-2abf-4376-95b3-e406b135cd44/clear'
19:42:17.459 [Forwarding clearElement on session 031d6150a09c9a86db1e03c14e8bd753 to remote] DEBUG org.asynchttpclient.netty.request.NettyRequestSender - Using open Channel [id: 0x79bf41bd, L:/127.0.0.1:54350 - R:localhost/127.0.0.1:61039] for POST '/session/031d6150a09c9a86db1e03c14e8bd753/element/9b2df321-2abf-4376-95b3-e406b135cd44/clear'
19:42:17.483 [AsyncHttpClient-1-3] DEBUG org.asynchttpclient.netty.handler.HttpHandler - 

Request DefaultHttpRequest(decodeResult: success, version: HTTP/1.1)
POST /session/031d6150a09c9a86db1e03c14e8bd753/element/9b2df321-2abf-4376-95b3-e406b135cd44/clear HTTP/1.1
User-Agent: selenium/4.1.2 (java windows)
Content-Length: 50
Content-Type: application/json; charset=utf-8
host: localhost:61039
accept: */*

Response DefaultHttpResponse(decodeResult: success, version: HTTP/1.1)
HTTP/1.1 200 OK
Content-Type: application/json; charset=utf-8
cache-control: no-cache
content-length: 14

19:42:17.483 [AsyncHttpClient-1-3] DEBUG org.asynchttpclient.netty.channel.ChannelManager - Adding key: http://localhost:61039 for channel [id: 0x79bf41bd, L:/127.0.0.1:54350 - R:localhost/127.0.0.1:61039]
19:42:17.485 [Forwarding sendKeysToElement on session 031d6150a09c9a86db1e03c14e8bd753 to remote] DEBUG org.asynchttpclient.netty.request.NettyRequestSender - Using pooled Channel '[id: 0x79bf41bd, L:/127.0.0.1:54350 - R:localhost/127.0.0.1:61039]' for 'POST' to 'http://localhost:61039/session/031d6150a09c9a86db1e03c14e8bd753/element/9b2df321-2abf-4376-95b3-e406b135cd44/value'
19:42:17.485 [Forwarding sendKeysToElement on session 031d6150a09c9a86db1e03c14e8bd753 to remote] DEBUG org.asynchttpclient.netty.request.NettyRequestSender - Using open Channel [id: 0x79bf41bd, L:/127.0.0.1:54350 - R:localhost/127.0.0.1:61039] for POST '/session/031d6150a09c9a86db1e03c14e8bd753/element/9b2df321-2abf-4376-95b3-e406b135cd44/value'
19:42:17.569 [AsyncHttpClient-1-3] DEBUG org.asynchttpclient.netty.handler.HttpHandler - 

Request DefaultHttpRequest(decodeResult: success, version: HTTP/1.1)
POST /session/031d6150a09c9a86db1e03c14e8bd753/element/9b2df321-2abf-4376-95b3-e406b135cd44/value HTTP/1.1
User-Agent: selenium/4.1.2 (java windows)
Content-Length: 221
Content-Type: application/json; charset=utf-8
host: localhost:61039
accept: */*

Response DefaultHttpResponse(decodeResult: success, version: HTTP/1.1)
HTTP/1.1 200 OK
Content-Type: application/json; charset=utf-8
cache-control: no-cache
content-length: 14

19:42:17.569 [AsyncHttpClient-1-3] DEBUG org.asynchttpclient.netty.channel.ChannelManager - Adding key: http://localhost:61039 for channel [id: 0x79bf41bd, L:/127.0.0.1:54350 - R:localhost/127.0.0.1:61039]
  &amp#27;[32mAnd &amp#27;[0m&amp#27;[32mI input &amp#27;[0m&amp#27;[32m&amp#27;[1m"may1@gmail.com"&amp#27;[0m&amp#27;[32m new email&amp#27;[0m &amp#27;[90m# starter.steps.RegistrationStep.iInputNewEmail(java.lang.String)&amp#27;[0m
19:42:17.576 [Forwarding screenshot on session 031d6150a09c9a86db1e03c14e8bd753 to remote] DEBUG org.asynchttpclient.netty.request.NettyRequestSender - Using pooled Channel '[id: 0x79bf41bd, L:/127.0.0.1:54350 - R:localhost/127.0.0.1:61039]' for 'GET' to 'http://localhost:61039/session/031d6150a09c9a86db1e03c14e8bd753/screenshot'
19:42:17.576 [Forwarding screenshot on session 031d6150a09c9a86db1e03c14e8bd753 to remote] DEBUG org.asynchttpclient.netty.request.NettyRequestSender - Using open Channel [id: 0x79bf41bd, L:/127.0.0.1:54350 - R:localhost/127.0.0.1:61039] for GET '/session/031d6150a09c9a86db1e03c14e8bd753/screenshot'
19:42:17.709 [AsyncHttpClient-1-3] DEBUG org.asynchttpclient.netty.handler.HttpHandler - 

Request DefaultFullHttpRequest(decodeResult: success, version: HTTP/1.1, content: EmptyByteBufBE)
GET /session/031d6150a09c9a86db1e03c14e8bd753/screenshot HTTP/1.1
User-Agent: selenium/4.1.2 (java windows)
Cache-Control: no-cache
Content-Type: application/json; charset=utf-8
host: localhost:61039
accept: */*

Response DefaultHttpResponse(decodeResult: success, version: HTTP/1.1)
HTTP/1.1 200 OK
Content-Type: application/json; charset=utf-8
cache-control: no-cache
content-length: 52304

19:42:17.709 [AsyncHttpClient-1-3] DEBUG org.asynchttpclient.netty.channel.ChannelManager - Adding key: http://localhost:61039 for channel [id: 0x79bf41bd, L:/127.0.0.1:54350 - R:localhost/127.0.0.1:61039]
19:42:17.710 [main] DEBUG net.serenitybdd.core.photography.Darkroom - Send negative for processing for target\site\serenity\5ed30fa2af4a0dfb3682d2c47d1e2aab3d618ce27b4706a7ae154c43ecf2be6e.png
19:42:17.711 [Darkroom Processing Line] DEBUG net.serenitybdd.core.photography.DarkroomProcessingLine - Processing screenshot image in /var/screenshots/screenshot-13451166573793698289
19:42:17.711 [Darkroom Processing Line] DEBUG net.serenitybdd.core.photography.DarkroomProcessingLine - Saving screenshot to target\site\serenity\5ed30fa2af4a0dfb3682d2c47d1e2aab3d618ce27b4706a7ae154c43ecf2be6e.png
19:42:17.722 [Forwarding findElement on session 031d6150a09c9a86db1e03c14e8bd753 to remote] DEBUG org.asynchttpclient.netty.request.NettyRequestSender - Using pooled Channel '[id: 0x79bf41bd, L:/127.0.0.1:54350 - R:localhost/127.0.0.1:61039]' for 'POST' to 'http://localhost:61039/session/031d6150a09c9a86db1e03c14e8bd753/element'
19:42:17.722 [Forwarding findElement on session 031d6150a09c9a86db1e03c14e8bd753 to remote] DEBUG org.asynchttpclient.netty.request.NettyRequestSender - Using open Channel [id: 0x79bf41bd, L:/127.0.0.1:54350 - R:localhost/127.0.0.1:61039] for POST '/session/031d6150a09c9a86db1e03c14e8bd753/element'
19:42:17.730 [AsyncHttpClient-1-3] DEBUG org.asynchttpclient.netty.handler.HttpHandler - 

Request DefaultHttpRequest(decodeResult: success, version: HTTP/1.1)
POST /session/031d6150a09c9a86db1e03c14e8bd753/element HTTP/1.1
User-Agent: selenium/4.1.2 (java windows)
Content-Length: 89
Content-Type: application/json; charset=utf-8
host: localhost:61039
accept: */*

Response DefaultHttpResponse(decodeResult: success, version: HTTP/1.1)
HTTP/1.1 200 OK
Content-Type: application/json; charset=utf-8
cache-control: no-cache
content-length: 88

19:42:17.730 [AsyncHttpClient-1-3] DEBUG org.asynchttpclient.netty.channel.ChannelManager - Adding key: http://localhost:61039 for channel [id: 0x79bf41bd, L:/127.0.0.1:54350 - R:localhost/127.0.0.1:61039]
19:42:17.731 [Forwarding clearElement on session 031d6150a09c9a86db1e03c14e8bd753 to remote] DEBUG org.asynchttpclient.netty.request.NettyRequestSender - Using pooled Channel '[id: 0x79bf41bd, L:/127.0.0.1:54350 - R:localhost/127.0.0.1:61039]' for 'POST' to 'http://localhost:61039/session/031d6150a09c9a86db1e03c14e8bd753/element/a30001ab-eb47-4a21-9813-5f9cf84ca4ab/clear'
19:42:17.731 [Forwarding clearElement on session 031d6150a09c9a86db1e03c14e8bd753 to remote] DEBUG org.asynchttpclient.netty.request.NettyRequestSender - Using open Channel [id: 0x79bf41bd, L:/127.0.0.1:54350 - R:localhost/127.0.0.1:61039] for POST '/session/031d6150a09c9a86db1e03c14e8bd753/element/a30001ab-eb47-4a21-9813-5f9cf84ca4ab/clear'
19:42:17.758 [AsyncHttpClient-1-3] DEBUG org.asynchttpclient.netty.handler.HttpHandler - 

Request DefaultHttpRequest(decodeResult: success, version: HTTP/1.1)
POST /session/031d6150a09c9a86db1e03c14e8bd753/element/a30001ab-eb47-4a21-9813-5f9cf84ca4ab/clear HTTP/1.1
User-Agent: selenium/4.1.2 (java windows)
Content-Length: 50
Content-Type: application/json; charset=utf-8
host: localhost:61039
accept: */*

Response DefaultHttpResponse(decodeResult: success, version: HTTP/1.1)
HTTP/1.1 200 OK
Content-Type: application/json; charset=utf-8
cache-control: no-cache
content-length: 14

19:42:17.759 [AsyncHttpClient-1-3] DEBUG org.asynchttpclient.netty.channel.ChannelManager - Adding key: http://localhost:61039 for channel [id: 0x79bf41bd, L:/127.0.0.1:54350 - R:localhost/127.0.0.1:61039]
19:42:17.760 [Forwarding sendKeysToElement on session 031d6150a09c9a86db1e03c14e8bd753 to remote] DEBUG org.asynchttpclient.netty.request.NettyRequestSender - Using pooled Channel '[id: 0x79bf41bd, L:/127.0.0.1:54350 - R:localhost/127.0.0.1:61039]' for 'POST' to 'http://localhost:61039/session/031d6150a09c9a86db1e03c14e8bd753/element/a30001ab-eb47-4a21-9813-5f9cf84ca4ab/value'
19:42:17.760 [Forwarding sendKeysToElement on session 031d6150a09c9a86db1e03c14e8bd753 to remote] DEBUG org.asynchttpclient.netty.request.NettyRequestSender - Using open Channel [id: 0x79bf41bd, L:/127.0.0.1:54350 - R:localhost/127.0.0.1:61039] for POST '/session/031d6150a09c9a86db1e03c14e8bd753/element/a30001ab-eb47-4a21-9813-5f9cf84ca4ab/value'
19:42:17.822 [AsyncHttpClient-1-3] DEBUG org.asynchttpclient.netty.handler.HttpHandler - 

Request DefaultHttpRequest(decodeResult: success, version: HTTP/1.1)
POST /session/031d6150a09c9a86db1e03c14e8bd753/element/a30001ab-eb47-4a21-9813-5f9cf84ca4ab/value HTTP/1.1
User-Agent: selenium/4.1.2 (java windows)
Content-Length: 161
Content-Type: application/json; charset=utf-8
host: localhost:61039
accept: */*

Response DefaultHttpResponse(decodeResult: success, version: HTTP/1.1)
HTTP/1.1 200 OK
Content-Type: application/json; charset=utf-8
cache-control: no-cache
content-length: 14

19:42:17.822 [AsyncHttpClient-1-3] DEBUG org.asynchttpclient.netty.channel.ChannelManager - Adding key: http://localhost:61039 for channel [id: 0x79bf41bd, L:/127.0.0.1:54350 - R:localhost/127.0.0.1:61039]
  &amp#27;[32mAnd &amp#27;[0m&amp#27;[32mI input &amp#27;[0m&amp#27;[32m&amp#27;[1m"akunmay1"&amp#27;[0m&amp#27;[32m new password&amp#27;[0m    &amp#27;[90m# starter.steps.RegistrationStep.iInputNewPassword(java.lang.String)&amp#27;[0m
19:42:17.829 [Forwarding screenshot on session 031d6150a09c9a86db1e03c14e8bd753 to remote] DEBUG org.asynchttpclient.netty.request.NettyRequestSender - Using pooled Channel '[id: 0x79bf41bd, L:/127.0.0.1:54350 - R:localhost/127.0.0.1:61039]' for 'GET' to 'http://localhost:61039/session/031d6150a09c9a86db1e03c14e8bd753/screenshot'
19:42:17.829 [Forwarding screenshot on session 031d6150a09c9a86db1e03c14e8bd753 to remote] DEBUG org.asynchttpclient.netty.request.NettyRequestSender - Using open Channel [id: 0x79bf41bd, L:/127.0.0.1:54350 - R:localhost/127.0.0.1:61039] for GET '/session/031d6150a09c9a86db1e03c14e8bd753/screenshot'
19:42:17.959 [AsyncHttpClient-1-3] DEBUG org.asynchttpclient.netty.handler.HttpHandler - 

Request DefaultFullHttpRequest(decodeResult: success, version: HTTP/1.1, content: EmptyByteBufBE)
GET /session/031d6150a09c9a86db1e03c14e8bd753/screenshot HTTP/1.1
User-Agent: selenium/4.1.2 (java windows)
Cache-Control: no-cache
Content-Type: application/json; charset=utf-8
host: localhost:61039
accept: */*

Response DefaultHttpResponse(decodeResult: success, version: HTTP/1.1)
HTTP/1.1 200 OK
Content-Type: application/json; charset=utf-8
cache-control: no-cache
content-length: 54724

19:42:17.960 [AsyncHttpClient-1-3] DEBUG org.asynchttpclient.netty.channel.ChannelManager - Adding key: http://localhost:61039 for channel [id: 0x79bf41bd, L:/127.0.0.1:54350 - R:localhost/127.0.0.1:61039]
19:42:17.962 [main] DEBUG net.serenitybdd.core.photography.Darkroom - Send negative for processing for target\site\serenity\39e5e8c7d3d09a1952ccd3186c77de334f4952b41fc04a5d172b6921d19f96a6.png
19:42:17.962 [Darkroom Processing Line] DEBUG net.serenitybdd.core.photography.DarkroomProcessingLine - Processing screenshot image in /var/screenshots/screenshot-18399454489764967114
19:42:17.962 [Darkroom Processing Line] DEBUG net.serenitybdd.core.photography.DarkroomProcessingLine - Saving screenshot to target\site\serenity\39e5e8c7d3d09a1952ccd3186c77de334f4952b41fc04a5d172b6921d19f96a6.png
19:42:17.971 [Forwarding findElement on session 031d6150a09c9a86db1e03c14e8bd753 to remote] DEBUG org.asynchttpclient.netty.request.NettyRequestSender - Using pooled Channel '[id: 0x79bf41bd, L:/127.0.0.1:54350 - R:localhost/127.0.0.1:61039]' for 'POST' to 'http://localhost:61039/session/031d6150a09c9a86db1e03c14e8bd753/element'
19:42:17.971 [Forwarding findElement on session 031d6150a09c9a86db1e03c14e8bd753 to remote] DEBUG org.asynchttpclient.netty.request.NettyRequestSender - Using open Channel [id: 0x79bf41bd, L:/127.0.0.1:54350 - R:localhost/127.0.0.1:61039] for POST '/session/031d6150a09c9a86db1e03c14e8bd753/element'
19:42:17.979 [AsyncHttpClient-1-3] DEBUG org.asynchttpclient.netty.handler.HttpHandler - 

Request DefaultHttpRequest(decodeResult: success, version: HTTP/1.1)
POST /session/031d6150a09c9a86db1e03c14e8bd753/element HTTP/1.1
User-Agent: selenium/4.1.2 (java windows)
Content-Length: 141
Content-Type: application/json; charset=utf-8
host: localhost:61039
accept: */*

Response DefaultHttpResponse(decodeResult: success, version: HTTP/1.1)
HTTP/1.1 200 OK
Content-Type: application/json; charset=utf-8
cache-control: no-cache
content-length: 88

19:42:17.980 [AsyncHttpClient-1-3] DEBUG org.asynchttpclient.netty.channel.ChannelManager - Adding key: http://localhost:61039 for channel [id: 0x79bf41bd, L:/127.0.0.1:54350 - R:localhost/127.0.0.1:61039]
19:42:17.981 [Forwarding getElementTagName on session 031d6150a09c9a86db1e03c14e8bd753 to remote] DEBUG org.asynchttpclient.netty.request.NettyRequestSender - Using pooled Channel '[id: 0x79bf41bd, L:/127.0.0.1:54350 - R:localhost/127.0.0.1:61039]' for 'GET' to 'http://localhost:61039/session/031d6150a09c9a86db1e03c14e8bd753/element/57eb0613-f0c1-4486-a6a7-5f1affd36a8e/name'
19:42:17.981 [Forwarding getElementTagName on session 031d6150a09c9a86db1e03c14e8bd753 to remote] DEBUG org.asynchttpclient.netty.request.NettyRequestSender - Using open Channel [id: 0x79bf41bd, L:/127.0.0.1:54350 - R:localhost/127.0.0.1:61039] for GET '/session/031d6150a09c9a86db1e03c14e8bd753/element/57eb0613-f0c1-4486-a6a7-5f1affd36a8e/name'
19:42:17.989 [AsyncHttpClient-1-3] DEBUG org.asynchttpclient.netty.handler.HttpHandler - 

Request DefaultFullHttpRequest(decodeResult: success, version: HTTP/1.1, content: EmptyByteBufBE)
GET /session/031d6150a09c9a86db1e03c14e8bd753/element/57eb0613-f0c1-4486-a6a7-5f1affd36a8e/name HTTP/1.1
User-Agent: selenium/4.1.2 (java windows)
Cache-Control: no-cache
Content-Type: application/json; charset=utf-8
host: localhost:61039
accept: */*

Response DefaultHttpResponse(decodeResult: success, version: HTTP/1.1)
HTTP/1.1 200 OK
Content-Type: application/json; charset=utf-8
cache-control: no-cache
content-length: 18

19:42:17.989 [AsyncHttpClient-1-3] DEBUG org.asynchttpclient.netty.channel.ChannelManager - Adding key: http://localhost:61039 for channel [id: 0x79bf41bd, L:/127.0.0.1:54350 - R:localhost/127.0.0.1:61039]
19:42:17.992 [Forwarding getElementTagName on session 031d6150a09c9a86db1e03c14e8bd753 to remote] DEBUG org.asynchttpclient.netty.request.NettyRequestSender - Using pooled Channel '[id: 0x79bf41bd, L:/127.0.0.1:54350 - R:localhost/127.0.0.1:61039]' for 'GET' to 'http://localhost:61039/session/031d6150a09c9a86db1e03c14e8bd753/element/57eb0613-f0c1-4486-a6a7-5f1affd36a8e/name'
19:42:17.992 [Forwarding getElementTagName on session 031d6150a09c9a86db1e03c14e8bd753 to remote] DEBUG org.asynchttpclient.netty.request.NettyRequestSender - Using open Channel [id: 0x79bf41bd, L:/127.0.0.1:54350 - R:localhost/127.0.0.1:61039] for GET '/session/031d6150a09c9a86db1e03c14e8bd753/element/57eb0613-f0c1-4486-a6a7-5f1affd36a8e/name'
19:42:17.994 [AsyncHttpClient-1-3] DEBUG org.asynchttpclient.netty.handler.HttpHandler - 

Request DefaultFullHttpRequest(decodeResult: success, version: HTTP/1.1, content: EmptyByteBufBE)
GET /session/031d6150a09c9a86db1e03c14e8bd753/element/57eb0613-f0c1-4486-a6a7-5f1affd36a8e/name HTTP/1.1
User-Agent: selenium/4.1.2 (java windows)
Cache-Control: no-cache
Content-Type: application/json; charset=utf-8
host: localhost:61039
accept: */*

Response DefaultHttpResponse(decodeResult: success, version: HTTP/1.1)
HTTP/1.1 200 OK
Content-Type: application/json; charset=utf-8
cache-control: no-cache
content-length: 18

19:42:17.994 [AsyncHttpClient-1-3] DEBUG org.asynchttpclient.netty.channel.ChannelManager - Adding key: http://localhost:61039 for channel [id: 0x79bf41bd, L:/127.0.0.1:54350 - R:localhost/127.0.0.1:61039]
19:42:17.997 [Forwarding isElementEnabled on session 031d6150a09c9a86db1e03c14e8bd753 to remote] DEBUG org.asynchttpclient.netty.request.NettyRequestSender - Using pooled Channel '[id: 0x79bf41bd, L:/127.0.0.1:54350 - R:localhost/127.0.0.1:61039]' for 'GET' to 'http://localhost:61039/session/031d6150a09c9a86db1e03c14e8bd753/element/57eb0613-f0c1-4486-a6a7-5f1affd36a8e/enabled'
19:42:17.997 [Forwarding isElementEnabled on session 031d6150a09c9a86db1e03c14e8bd753 to remote] DEBUG org.asynchttpclient.netty.request.NettyRequestSender - Using open Channel [id: 0x79bf41bd, L:/127.0.0.1:54350 - R:localhost/127.0.0.1:61039] for GET '/session/031d6150a09c9a86db1e03c14e8bd753/element/57eb0613-f0c1-4486-a6a7-5f1affd36a8e/enabled'
19:42:18.010 [AsyncHttpClient-1-3] DEBUG org.asynchttpclient.netty.handler.HttpHandler - 

Request DefaultFullHttpRequest(decodeResult: success, version: HTTP/1.1, content: EmptyByteBufBE)
GET /session/031d6150a09c9a86db1e03c14e8bd753/element/57eb0613-f0c1-4486-a6a7-5f1affd36a8e/enabled HTTP/1.1
User-Agent: selenium/4.1.2 (java windows)
Cache-Control: no-cache
Content-Type: application/json; charset=utf-8
host: localhost:61039
accept: */*

Response DefaultHttpResponse(decodeResult: success, version: HTTP/1.1)
HTTP/1.1 200 OK
Content-Type: application/json; charset=utf-8
cache-control: no-cache
content-length: 14

19:42:18.011 [AsyncHttpClient-1-3] DEBUG org.asynchttpclient.netty.channel.ChannelManager - Adding key: http://localhost:61039 for channel [id: 0x79bf41bd, L:/127.0.0.1:54350 - R:localhost/127.0.0.1:61039]
19:42:18.012 [Forwarding isElementEnabled on session 031d6150a09c9a86db1e03c14e8bd753 to remote] DEBUG org.asynchttpclient.netty.request.NettyRequestSender - Using pooled Channel '[id: 0x79bf41bd, L:/127.0.0.1:54350 - R:localhost/127.0.0.1:61039]' for 'GET' to 'http://localhost:61039/session/031d6150a09c9a86db1e03c14e8bd753/element/57eb0613-f0c1-4486-a6a7-5f1affd36a8e/enabled'
19:42:18.012 [Forwarding isElementEnabled on session 031d6150a09c9a86db1e03c14e8bd753 to remote] DEBUG org.asynchttpclient.netty.request.NettyRequestSender - Using open Channel [id: 0x79bf41bd, L:/127.0.0.1:54350 - R:localhost/127.0.0.1:61039] for GET '/session/031d6150a09c9a86db1e03c14e8bd753/element/57eb0613-f0c1-4486-a6a7-5f1affd36a8e/enabled'
19:42:18.023 [AsyncHttpClient-1-3] DEBUG org.asynchttpclient.netty.handler.HttpHandler - 

Request DefaultFullHttpRequest(decodeResult: success, version: HTTP/1.1, content: EmptyByteBufBE)
GET /session/031d6150a09c9a86db1e03c14e8bd753/element/57eb0613-f0c1-4486-a6a7-5f1affd36a8e/enabled HTTP/1.1
User-Agent: selenium/4.1.2 (java windows)
Cache-Control: no-cache
Content-Type: application/json; charset=utf-8
host: localhost:61039
accept: */*

Response DefaultHttpResponse(decodeResult: success, version: HTTP/1.1)
HTTP/1.1 200 OK
Content-Type: application/json; charset=utf-8
cache-control: no-cache
content-length: 14

19:42:18.023 [AsyncHttpClient-1-3] DEBUG org.asynchttpclient.netty.channel.ChannelManager - Adding key: http://localhost:61039 for channel [id: 0x79bf41bd, L:/127.0.0.1:54350 - R:localhost/127.0.0.1:61039]
19:42:18.025 [Forwarding findElement on session 031d6150a09c9a86db1e03c14e8bd753 to remote] DEBUG org.asynchttpclient.netty.request.NettyRequestSender - Using pooled Channel '[id: 0x79bf41bd, L:/127.0.0.1:54350 - R:localhost/127.0.0.1:61039]' for 'POST' to 'http://localhost:61039/session/031d6150a09c9a86db1e03c14e8bd753/element'
19:42:18.025 [Forwarding findElement on session 031d6150a09c9a86db1e03c14e8bd753 to remote] DEBUG org.asynchttpclient.netty.request.NettyRequestSender - Using open Channel [id: 0x79bf41bd, L:/127.0.0.1:54350 - R:localhost/127.0.0.1:61039] for POST '/session/031d6150a09c9a86db1e03c14e8bd753/element'
19:42:18.031 [AsyncHttpClient-1-3] DEBUG org.asynchttpclient.netty.handler.HttpHandler - 

Request DefaultHttpRequest(decodeResult: success, version: HTTP/1.1)
POST /session/031d6150a09c9a86db1e03c14e8bd753/element HTTP/1.1
User-Agent: selenium/4.1.2 (java windows)
Content-Length: 141
Content-Type: application/json; charset=utf-8
host: localhost:61039
accept: */*

Response DefaultHttpResponse(decodeResult: success, version: HTTP/1.1)
HTTP/1.1 200 OK
Content-Type: application/json; charset=utf-8
cache-control: no-cache
content-length: 88

19:42:18.031 [AsyncHttpClient-1-3] DEBUG org.asynchttpclient.netty.channel.ChannelManager - Adding key: http://localhost:61039 for channel [id: 0x79bf41bd, L:/127.0.0.1:54350 - R:localhost/127.0.0.1:61039]
19:42:18.032 [Forwarding clickElement on session 031d6150a09c9a86db1e03c14e8bd753 to remote] DEBUG org.asynchttpclient.netty.request.NettyRequestSender - Using pooled Channel '[id: 0x79bf41bd, L:/127.0.0.1:54350 - R:localhost/127.0.0.1:61039]' for 'POST' to 'http://localhost:61039/session/031d6150a09c9a86db1e03c14e8bd753/element/57eb0613-f0c1-4486-a6a7-5f1affd36a8e/click'
19:42:18.032 [Forwarding clickElement on session 031d6150a09c9a86db1e03c14e8bd753 to remote] DEBUG org.asynchttpclient.netty.request.NettyRequestSender - Using open Channel [id: 0x79bf41bd, L:/127.0.0.1:54350 - R:localhost/127.0.0.1:61039] for POST '/session/031d6150a09c9a86db1e03c14e8bd753/element/57eb0613-f0c1-4486-a6a7-5f1affd36a8e/click'
19:42:18.069 [AsyncHttpClient-1-3] DEBUG org.asynchttpclient.netty.handler.HttpHandler - 

Request DefaultHttpRequest(decodeResult: success, version: HTTP/1.1)
POST /session/031d6150a09c9a86db1e03c14e8bd753/element/57eb0613-f0c1-4486-a6a7-5f1affd36a8e/click HTTP/1.1
User-Agent: selenium/4.1.2 (java windows)
Content-Length: 50
Content-Type: application/json; charset=utf-8
host: localhost:61039
accept: */*

Response DefaultHttpResponse(decodeResult: success, version: HTTP/1.1)
HTTP/1.1 200 OK
Content-Type: application/json; charset=utf-8
cache-control: no-cache
content-length: 14

19:42:18.071 [AsyncHttpClient-1-3] DEBUG org.asynchttpclient.netty.channel.ChannelManager - Adding key: http://localhost:61039 for channel [id: 0x79bf41bd, L:/127.0.0.1:54350 - R:localhost/127.0.0.1:61039]
  &amp#27;[32mAnd &amp#27;[0m&amp#27;[32mI click register button&amp#27;[0m            &amp#27;[90m# starter.steps.RegistrationStep.iClickRegisterButton()&amp#27;[0m
19:42:18.086 [Forwarding screenshot on session 031d6150a09c9a86db1e03c14e8bd753 to remote] DEBUG org.asynchttpclient.netty.request.NettyRequestSender - Using pooled Channel '[id: 0x79bf41bd, L:/127.0.0.1:54350 - R:localhost/127.0.0.1:61039]' for 'GET' to 'http://localhost:61039/session/031d6150a09c9a86db1e03c14e8bd753/screenshot'
19:42:18.086 [Forwarding screenshot on session 031d6150a09c9a86db1e03c14e8bd753 to remote] DEBUG org.asynchttpclient.netty.request.NettyRequestSender - Using open Channel [id: 0x79bf41bd, L:/127.0.0.1:54350 - R:localhost/127.0.0.1:61039] for GET '/session/031d6150a09c9a86db1e03c14e8bd753/screenshot'
19:42:18.262 [AsyncHttpClient-1-3] DEBUG org.asynchttpclient.netty.handler.HttpHandler - 

Request DefaultFullHttpRequest(decodeResult: success, version: HTTP/1.1, content: EmptyByteBufBE)
GET /session/031d6150a09c9a86db1e03c14e8bd753/screenshot HTTP/1.1
User-Agent: selenium/4.1.2 (java windows)
Cache-Control: no-cache
Content-Type: application/json; charset=utf-8
host: localhost:61039
accept: */*

Response DefaultHttpResponse(decodeResult: success, version: HTTP/1.1)
HTTP/1.1 200 OK
Content-Type: application/json; charset=utf-8
cache-control: no-cache
content-length: 53272

19:42:18.263 [AsyncHttpClient-1-3] DEBUG org.asynchttpclient.netty.channel.ChannelManager - Adding key: http://localhost:61039 for channel [id: 0x79bf41bd, L:/127.0.0.1:54350 - R:localhost/127.0.0.1:61039]
19:42:18.264 [main] DEBUG net.serenitybdd.core.photography.Darkroom - Send negative for processing for target\site\serenity\c2c8b5fd6a936e73924211f070a3566484c54628c37189aecfba9c0e46c58ca6.png
19:42:18.264 [Darkroom Processing Line] DEBUG net.serenitybdd.core.photography.DarkroomProcessingLine - Processing screenshot image in /var/screenshots/screenshot-11163457464216733851
19:42:18.265 [Darkroom Processing Line] DEBUG net.serenitybdd.core.photography.DarkroomProcessingLine - Saving screenshot to target\site\serenity\c2c8b5fd6a936e73924211f070a3566484c54628c37189aecfba9c0e46c58ca6.png
19:42:18.276 [Forwarding findElement on session 031d6150a09c9a86db1e03c14e8bd753 to remote] DEBUG org.asynchttpclient.netty.request.NettyRequestSender - Using pooled Channel '[id: 0x79bf41bd, L:/127.0.0.1:54350 - R:localhost/127.0.0.1:61039]' for 'POST' to 'http://localhost:61039/session/031d6150a09c9a86db1e03c14e8bd753/element'
19:42:18.276 [Forwarding findElement on session 031d6150a09c9a86db1e03c14e8bd753 to remote] DEBUG org.asynchttpclient.netty.request.NettyRequestSender - Using open Channel [id: 0x79bf41bd, L:/127.0.0.1:54350 - R:localhost/127.0.0.1:61039] for POST '/session/031d6150a09c9a86db1e03c14e8bd753/element'
19:42:19.277 [AsyncHttpClient-1-3] DEBUG org.asynchttpclient.netty.handler.HttpHandler - 

Request DefaultHttpRequest(decodeResult: success, version: HTTP/1.1)
POST /session/031d6150a09c9a86db1e03c14e8bd753/element HTTP/1.1
User-Agent: selenium/4.1.2 (java windows)
Content-Length: 79
Content-Type: application/json; charset=utf-8
host: localhost:61039
accept: */*

Response DefaultHttpResponse(decodeResult: success, version: HTTP/1.1)
HTTP/1.1 200 OK
Content-Type: application/json; charset=utf-8
cache-control: no-cache
content-length: 88

19:42:19.277 [AsyncHttpClient-1-3] DEBUG org.asynchttpclient.netty.channel.ChannelManager - Adding key: http://localhost:61039 for channel [id: 0x79bf41bd, L:/127.0.0.1:54350 - R:localhost/127.0.0.1:61039]
19:42:19.281 [Forwarding isElementDisplayed on session 031d6150a09c9a86db1e03c14e8bd753 to remote] DEBUG org.asynchttpclient.netty.request.NettyRequestSender - Using pooled Channel '[id: 0x79bf41bd, L:/127.0.0.1:54350 - R:localhost/127.0.0.1:61039]' for 'POST' to 'http://localhost:61039/session/031d6150a09c9a86db1e03c14e8bd753/execute/sync'
19:42:19.281 [Forwarding isElementDisplayed on session 031d6150a09c9a86db1e03c14e8bd753 to remote] DEBUG org.asynchttpclient.netty.request.NettyRequestSender - Using open Channel [id: 0x79bf41bd, L:/127.0.0.1:54350 - R:localhost/127.0.0.1:61039] for POST '/session/031d6150a09c9a86db1e03c14e8bd753/execute/sync'
19:42:19.315 [AsyncHttpClient-1-3] DEBUG org.asynchttpclient.netty.handler.HttpHandler - 

Request DefaultHttpRequest(decodeResult: success, version: HTTP/1.1)
POST /session/031d6150a09c9a86db1e03c14e8bd753/execute/sync HTTP/1.1
User-Agent: selenium/4.1.2 (java windows)
Content-Length: 48780
Content-Type: application/json; charset=utf-8
host: localhost:61039
accept: */*

Response DefaultHttpResponse(decodeResult: success, version: HTTP/1.1)
HTTP/1.1 200 OK
Content-Type: application/json; charset=utf-8
cache-control: no-cache
content-length: 14

19:42:19.316 [AsyncHttpClient-1-3] DEBUG org.asynchttpclient.netty.channel.ChannelManager - Adding key: http://localhost:61039 for channel [id: 0x79bf41bd, L:/127.0.0.1:54350 - R:localhost/127.0.0.1:61039]
  &amp#27;[32mThen &amp#27;[0m&amp#27;[32mI can &amp#27;[0m&amp#27;[32m&amp#27;[1m"cant regis"&amp#27;[0m&amp#27;[32m register&amp#27;[0m       &amp#27;[90m# starter.steps.RegistrationStep.iCanRegister(java.lang.String)&amp#27;[0m
19:42:19.323 [Forwarding screenshot on session 031d6150a09c9a86db1e03c14e8bd753 to remote] DEBUG org.asynchttpclient.netty.request.NettyRequestSender - Using pooled Channel '[id: 0x79bf41bd, L:/127.0.0.1:54350 - R:localhost/127.0.0.1:61039]' for 'GET' to 'http://localhost:61039/session/031d6150a09c9a86db1e03c14e8bd753/screenshot'
19:42:19.323 [Forwarding screenshot on session 031d6150a09c9a86db1e03c14e8bd753 to remote] DEBUG org.asynchttpclient.netty.request.NettyRequestSender - Using open Channel [id: 0x79bf41bd, L:/127.0.0.1:54350 - R:localhost/127.0.0.1:61039] for GET '/session/031d6150a09c9a86db1e03c14e8bd753/screenshot'
19:42:19.472 [AsyncHttpClient-1-3] DEBUG org.asynchttpclient.netty.handler.HttpHandler - 

Request DefaultFullHttpRequest(decodeResult: success, version: HTTP/1.1, content: EmptyByteBufBE)
GET /session/031d6150a09c9a86db1e03c14e8bd753/screenshot HTTP/1.1
User-Agent: selenium/4.1.2 (java windows)
Cache-Control: no-cache
Content-Type: application/json; charset=utf-8
host: localhost:61039
accept: */*

Response DefaultHttpResponse(decodeResult: success, version: HTTP/1.1)
HTTP/1.1 200 OK
Content-Type: application/json; charset=utf-8
cache-control: no-cache
content-length: 55744

19:42:19.473 [AsyncHttpClient-1-3] DEBUG org.asynchttpclient.netty.channel.ChannelManager - Adding key: http://localhost:61039 for channel [id: 0x79bf41bd, L:/127.0.0.1:54350 - R:localhost/127.0.0.1:61039]
19:42:19.474 [main] DEBUG net.serenitybdd.core.photography.Darkroom - Send negative for processing for target\site\serenity\3f96d66bdd7161eb7288744cc1073d612c00865b5ce93ef4b57e0acf10e59838.png
19:42:19.474 [Darkroom Processing Line] DEBUG net.serenitybdd.core.photography.DarkroomProcessingLine - Processing screenshot image in /var/screenshots/screenshot-12081335197172884830
19:42:19.474 [Darkroom Processing Line] DEBUG net.serenitybdd.core.photography.DarkroomProcessingLine - Saving screenshot to target\site\serenity\3f96d66bdd7161eb7288744cc1073d612c00865b5ce93ef4b57e0acf10e59838.png
19:42:19.480 [AsyncHttpClient-1-2] DEBUG org.asynchttpclient.netty.handler.WebSocketHandler - Channel Closed: [id: 0xee885dd5, L:/127.0.0.1:54126 ! R:localhost/127.0.0.1:54119] with attribute NettyResponseFuture{currentRetry=5,
	isDone=1,
	isCancelled=0,
	asyncHandler=org.asynchttpclient.ws.WebSocketUpgradeHandler@7f9ec57,
	nettyRequest=org.asynchttpclient.netty.request.NettyRequest@3df40c2d,
	future=java.util.concurrent.CompletableFuture@d961692[Completed normally],
	uri=ws://localhost:54119/devtools/browser/1ba669a2-99b8-485d-b49b-1cf70d824da9,
	keepAlive=true,
	redirectCount=0,
	timeoutsHolder=null,
	inAuth=0,
	touch=1667219795822}
19:42:19.480 [AsyncHttpClient-1-2] DEBUG org.asynchttpclient.netty.channel.ChannelManager - Closing Channel [id: 0xee885dd5, L:/127.0.0.1:54126 ! R:localhost/127.0.0.1:54119] 
19:42:19.480 [Driver Command Executor] DEBUG org.asynchttpclient.netty.request.NettyRequestSender - Using pooled Channel '[id: 0x79bf41bd, L:/127.0.0.1:54350 - R:localhost/127.0.0.1:61039]' for 'DELETE' to 'http://localhost:61039/session/031d6150a09c9a86db1e03c14e8bd753'
19:42:19.480 [Driver Command Executor] DEBUG org.asynchttpclient.netty.request.NettyRequestSender - Using open Channel [id: 0x79bf41bd, L:/127.0.0.1:54350 - R:localhost/127.0.0.1:61039] for DELETE '/session/031d6150a09c9a86db1e03c14e8bd753'
19:42:19.583 [AsyncHttpClient-1-3] DEBUG org.asynchttpclient.netty.handler.HttpHandler - 

Request DefaultFullHttpRequest(decodeResult: success, version: HTTP/1.1, content: EmptyByteBufBE)
DELETE /session/031d6150a09c9a86db1e03c14e8bd753 HTTP/1.1
User-Agent: selenium/4.1.2 (java windows)
Content-Type: application/json; charset=utf-8
host: localhost:61039
accept: */*

Response DefaultHttpResponse(decodeResult: success, version: HTTP/1.1)
HTTP/1.1 200 OK
Content-Type: application/json; charset=utf-8
cache-control: no-cache
content-length: 14

19:42:19.583 [AsyncHttpClient-1-3] DEBUG org.asynchttpclient.netty.channel.ChannelManager - Adding key: http://localhost:61039 for channel [id: 0x79bf41bd, L:/127.0.0.1:54350 - R:localhost/127.0.0.1:61039]
19:42:19.641 [AsyncHttpClient-1-3] DEBUG org.asynchttpclient.netty.handler.HttpHandler - Channel Closed: [id: 0x79bf41bd, L:/127.0.0.1:54350 ! R:localhost/127.0.0.1:61039] with attribute DISCARD
19:42:19.728 [main] INFO  - 
  _____   ___   ___   _____     ___     _     ___   ___   ___   ___  
 |_   _| | __| / __| |_   _|   | _ \   /_\   / __| / __| | __| |   \ 
   | |   | _|  \__ \   | |     |  _/  / _ \  \__ \ \__ \ | _|  | |) |
   |_|   |___| |___/   |_|     |_|   /_/ \_\ |___/ |___/ |___| |___/ 

New Register
----------------------------------------------------------------------
]]></system-out>
    <system-err><![CDATA[Starting ChromeDriver 106.0.5249.61 (511755355844955cd3e264779baf0dd38212a4d0-refs/branch-heads/5249@{#569}) on port 61039
Only local connections are allowed.
Please see https://chromedriver.chromium.org/security-considerations for suggestions on keeping ChromeDriver safe.
ChromeDriver was started successfully.
Oct 31, 2022 7:36:35 PM org.openqa.selenium.remote.ProtocolHandshake createSession
INFO: Detected dialect: W3C
Oct 31, 2022 7:36:35 PM org.openqa.selenium.devtools.CdpVersionFinder findNearestMatch
WARNING: Unable to find an exact match for CDP version 106, so returning the closest version found: a no-op implementation
Oct 31, 2022 7:36:35 PM org.openqa.selenium.devtools.CdpVersionFinder findNearestMatch
INFO: Unable to find CDP implementation matching 106.
Oct 31, 2022 7:36:35 PM org.openqa.selenium.chromium.ChromiumDriver lambda$new$3
WARNING: Unable to find version of CDP to use for . You may need to include a dependency on a specific version of the CDP using something similar to `org.seleniumhq.selenium:selenium-devtools-v86:4.1.2` where the version ("v86") matches the version of the chromium-based browser you're using and the version number of the artifact is the same as Selenium's.
[1667220095.838][SEVERE]: Timed out receiving message from renderer: 298.096
[1667220095.841][SEVERE]: Timed out receiving message from renderer: 298.096
]]></system-err>
  </testcase>
  <testcase name="New Register #3" classname="Register" time="31.175">
    <system-out><![CDATA[
@Register
Scenario Outline: New Register &amp#27;[90m# src/test/resources/features/login/Registration.feature:20&amp#27;[0m
19:42:19.743 [main] INFO io.cucumber.core.plugin.SerenityReporter - Running feature from file:///D:/TIC/Kampus%20Merdeka/MSIB/Studi%20Independen/Alterra/MiniProject/MiniProjWeb/src/test/resources/features/login/Registration.feature
19:42:19.787 [main] INFO net.serenitybdd.core.webdriver.driverproviders.ChromeDriverProvider - Using automatically driver download
19:42:19.897 [main] DEBUG io.github.bonigarcia.wdm.cache.ResolutionCache - Resolution chrome=106 in cache (valid until 19:46:39 31/10/2022 ICT)
19:42:19.899 [main] DEBUG io.github.bonigarcia.wdm.cache.ResolutionCache - Resolution chrome106=106.0.5249.61 in cache (valid until 17:34:34 01/11/2022 ICT)
19:42:19.899 [main] INFO io.github.bonigarcia.wdm.WebDriverManager - Using chromedriver 106.0.5249.61 (resolved driver for Chrome 106)
19:42:19.921 [main] DEBUG io.github.bonigarcia.wdm.WebDriverManager - Driver chromedriver 106.0.5249.61 found in cache
19:42:19.921 [main] INFO io.github.bonigarcia.wdm.WebDriverManager - Exporting webdriver.chrome.driver as C:\Users\user\.cache\selenium\chromedriver\win32\106.0.5249.61\chromedriver.exe
19:42:20.005 [main] DEBUG net.serenitybdd.core.webdriver.driverproviders.ProvideNewDriver - Instantiating driver
19:42:20.005 [main] DEBUG net.serenitybdd.core.webdriver.driverproviders.ProvideNewDriver - Driver capabilities: Capabilities {acceptInsecureCerts: false, base.url: https://alta-shop.vercel.app, browserName: chrome, chrome.driver: src/test/resources/webdrive..., driver: chrome, goog:chromeOptions: {args: [], extensions: []}, wait.for.timeout: 500}
19:42:20.107 [AsyncHttpClient-1-4] DEBUG org.asynchttpclient.netty.channel.NettyConnectListener - Using new Channel '[id: 0xd9bd628c, L:/127.0.0.1:64527 - R:localhost/127.0.0.1:63082]' for 'POST' to '/session'
19:42:20.209 [AsyncHttpClient-1-1] DEBUG org.asynchttpclient.netty.channel.DefaultChannelPool - Entry count for : http://localhost:61039 : 1
19:42:20.209 [AsyncHttpClient-1-1] DEBUG org.asynchttpclient.netty.channel.DefaultChannelPool - Adding Candidate expired Channel [id: 0x79bf41bd, L:/127.0.0.1:54350 ! R:localhost/127.0.0.1:61039] isIdleTimeoutExpired=false isRemotelyClosed=true isTtlExpired=false
19:42:20.209 [AsyncHttpClient-1-1] DEBUG org.asynchttpclient.netty.channel.DefaultChannelPool - Closing Idle Channel [id: 0x79bf41bd, L:/127.0.0.1:54350 ! R:localhost/127.0.0.1:61039]
19:42:20.209 [AsyncHttpClient-1-1] DEBUG org.asynchttpclient.netty.channel.DefaultChannelPool - Closed 1 connections out of 1 in 0 ms
19:42:20.851 [AsyncHttpClient-1-4] DEBUG org.asynchttpclient.netty.handler.HttpHandler - 

Request DefaultHttpRequest(decodeResult: success, version: HTTP/1.1)
POST /session HTTP/1.1
User-Agent: selenium/4.1.2 (java windows)
Content-Length: 638
Content-Type: application/json; charset=utf-8
host: localhost:63082
accept: */*

Response DefaultHttpResponse(decodeResult: success, version: HTTP/1.1)
HTTP/1.1 200 OK
Content-Type: application/json; charset=utf-8
cache-control: no-cache
content-length: 789

19:42:20.852 [AsyncHttpClient-1-4] DEBUG org.asynchttpclient.netty.channel.ChannelManager - Adding key: http://localhost:63082 for channel [id: 0xd9bd628c, L:/127.0.0.1:64527 - R:localhost/127.0.0.1:63082]
19:42:20.859 [AsyncHttpClient-1-5] DEBUG org.asynchttpclient.netty.channel.NettyConnectListener - Using new Channel '[id: 0xf33760ad, L:/127.0.0.1:64537 - R:localhost/127.0.0.1:64529]' for 'GET' to '/json/version'
19:42:20.860 [AsyncHttpClient-1-5] DEBUG org.asynchttpclient.netty.handler.HttpHandler - 

Request DefaultFullHttpRequest(decodeResult: success, version: HTTP/1.1, content: EmptyByteBufBE)
GET /json/version HTTP/1.1
User-Agent: selenium/4.1.2 (java windows)
host: localhost:64529
accept: */*

Response DefaultHttpResponse(decodeResult: success, version: HTTP/1.1)
HTTP/1.1 200 OK
Content-Type: application/json; charset=UTF-8
content-length: 424

19:42:20.860 [AsyncHttpClient-1-5] DEBUG org.asynchttpclient.netty.channel.ChannelManager - Adding key: http://localhost:64529 for channel [id: 0xf33760ad, L:/127.0.0.1:64537 - R:localhost/127.0.0.1:64529]
19:42:20.863 [AsyncHttpClient-1-6] DEBUG org.asynchttpclient.netty.channel.NettyConnectListener - Using new Channel '[id: 0xde3a118d, L:/127.0.0.1:64538 - R:localhost/127.0.0.1:64529]' for 'GET' to '/devtools/browser/c02a4923-7be2-4e26-8161-aba7480b6f01'
19:42:20.864 [AsyncHttpClient-1-6] DEBUG org.asynchttpclient.netty.handler.WebSocketHandler - 

Request DefaultFullHttpRequest(decodeResult: success, version: HTTP/1.1, content: EmptyByteBufBE)
GET /devtools/browser/c02a4923-7be2-4e26-8161-aba7480b6f01 HTTP/1.1
upgrade: websocket
connection: upgrade
sec-websocket-key: NJHd1letHObKCv2YnuVYBg==
sec-websocket-version: 13
origin: http://localhost:64529
host: localhost:64529
accept: */*
user-agent: AHC/2.1

Response DefaultHttpResponse(decodeResult: success, version: HTTP/1.1)
HTTP/1.1 101 WebSocket Protocol Handshake
Upgrade: WebSocket
Connection: Upgrade
Sec-WebSocket-Accept: 1NQ3LrdG5EUzqICEhT/O+XTj52w=

19:42:20.869 [Forwarding get on session b33cdb86ce39e90e8ec898f4c84f9d13 to remote] DEBUG org.asynchttpclient.netty.request.NettyRequestSender - Using pooled Channel '[id: 0xd9bd628c, L:/127.0.0.1:64527 - R:localhost/127.0.0.1:63082]' for 'POST' to 'http://localhost:63082/session/b33cdb86ce39e90e8ec898f4c84f9d13/url'
19:42:20.869 [Forwarding get on session b33cdb86ce39e90e8ec898f4c84f9d13 to remote] DEBUG org.asynchttpclient.netty.request.NettyRequestSender - Using open Channel [id: 0xd9bd628c, L:/127.0.0.1:64527 - R:localhost/127.0.0.1:63082] for POST '/session/b33cdb86ce39e90e8ec898f4c84f9d13/url'
19:42:21.298 [AsyncHttpClient-1-1] DEBUG org.asynchttpclient.netty.channel.DefaultChannelPool - Entry count for : http://localhost:64529 : 1
19:42:22.412 [AsyncHttpClient-1-1] DEBUG org.asynchttpclient.netty.channel.DefaultChannelPool - Entry count for : http://localhost:64529 : 1
19:42:23.500 [AsyncHttpClient-1-1] DEBUG org.asynchttpclient.netty.channel.DefaultChannelPool - Entry count for : http://localhost:64529 : 1
19:42:24.603 [AsyncHttpClient-1-1] DEBUG org.asynchttpclient.netty.channel.DefaultChannelPool - Entry count for : http://localhost:64529 : 1
19:42:25.706 [AsyncHttpClient-1-1] DEBUG org.asynchttpclient.netty.channel.DefaultChannelPool - Entry count for : http://localhost:64529 : 1
19:42:26.807 [AsyncHttpClient-1-1] DEBUG org.asynchttpclient.netty.channel.DefaultChannelPool - Entry count for : http://localhost:64529 : 1
19:42:27.910 [AsyncHttpClient-1-1] DEBUG org.asynchttpclient.netty.channel.DefaultChannelPool - Entry count for : http://localhost:64529 : 1
19:42:29.012 [AsyncHttpClient-1-1] DEBUG org.asynchttpclient.netty.channel.DefaultChannelPool - Entry count for : http://localhost:64529 : 1
19:42:30.099 [AsyncHttpClient-1-1] DEBUG org.asynchttpclient.netty.channel.DefaultChannelPool - Entry count for : http://localhost:64529 : 1
19:42:31.204 [AsyncHttpClient-1-1] DEBUG org.asynchttpclient.netty.channel.DefaultChannelPool - Entry count for : http://localhost:64529 : 1
19:42:32.306 [AsyncHttpClient-1-1] DEBUG org.asynchttpclient.netty.channel.DefaultChannelPool - Entry count for : http://localhost:64529 : 1
19:42:33.406 [AsyncHttpClient-1-1] DEBUG org.asynchttpclient.netty.channel.DefaultChannelPool - Entry count for : http://localhost:64529 : 1
19:42:34.505 [AsyncHttpClient-1-1] DEBUG org.asynchttpclient.netty.channel.DefaultChannelPool - Entry count for : http://localhost:64529 : 1
19:42:35.607 [AsyncHttpClient-1-1] DEBUG org.asynchttpclient.netty.channel.DefaultChannelPool - Entry count for : http://localhost:64529 : 1
19:42:36.699 [AsyncHttpClient-1-1] DEBUG org.asynchttpclient.netty.channel.DefaultChannelPool - Entry count for : http://localhost:64529 : 1
19:42:37.799 [AsyncHttpClient-1-1] DEBUG org.asynchttpclient.netty.channel.DefaultChannelPool - Entry count for : http://localhost:64529 : 1
19:42:38.903 [AsyncHttpClient-1-1] DEBUG org.asynchttpclient.netty.channel.DefaultChannelPool - Entry count for : http://localhost:64529 : 1
19:42:40.004 [AsyncHttpClient-1-1] DEBUG org.asynchttpclient.netty.channel.DefaultChannelPool - Entry count for : http://localhost:64529 : 1
19:42:41.100 [AsyncHttpClient-1-1] DEBUG org.asynchttpclient.netty.channel.DefaultChannelPool - Entry count for : http://localhost:64529 : 1
19:42:42.205 [AsyncHttpClient-1-1] DEBUG org.asynchttpclient.netty.channel.DefaultChannelPool - Entry count for : http://localhost:64529 : 1
19:42:43.307 [AsyncHttpClient-1-1] DEBUG org.asynchttpclient.netty.channel.DefaultChannelPool - Entry count for : http://localhost:64529 : 1
19:42:44.412 [AsyncHttpClient-1-1] DEBUG org.asynchttpclient.netty.channel.DefaultChannelPool - Entry count for : http://localhost:64529 : 1
19:42:45.499 [AsyncHttpClient-1-1] DEBUG org.asynchttpclient.netty.channel.DefaultChannelPool - Entry count for : http://localhost:64529 : 1
19:42:46.605 [AsyncHttpClient-1-1] DEBUG org.asynchttpclient.netty.channel.DefaultChannelPool - Entry count for : http://localhost:64529 : 1
19:42:47.707 [AsyncHttpClient-1-1] DEBUG org.asynchttpclient.netty.channel.DefaultChannelPool - Entry count for : http://localhost:64529 : 1
19:42:48.813 [AsyncHttpClient-1-1] DEBUG org.asynchttpclient.netty.channel.DefaultChannelPool - Entry count for : http://localhost:64529 : 1
19:42:48.879 [AsyncHttpClient-1-4] DEBUG org.asynchttpclient.netty.handler.HttpHandler - 

Request DefaultHttpRequest(decodeResult: success, version: HTTP/1.1)
POST /session/b33cdb86ce39e90e8ec898f4c84f9d13/url HTTP/1.1
User-Agent: selenium/4.1.2 (java windows)
Content-Length: 59
Content-Type: application/json; charset=utf-8
host: localhost:63082
accept: */*

Response DefaultHttpResponse(decodeResult: success, version: HTTP/1.1)
HTTP/1.1 200 OK
Content-Type: application/json; charset=utf-8
cache-control: no-cache
content-length: 14

19:42:48.879 [AsyncHttpClient-1-4] DEBUG org.asynchttpclient.netty.channel.ChannelManager - Adding key: http://localhost:63082 for channel [id: 0xd9bd628c, L:/127.0.0.1:64527 - R:localhost/127.0.0.1:63082]
19:42:48.881 [Forwarding setTimeout on session b33cdb86ce39e90e8ec898f4c84f9d13 to remote] DEBUG org.asynchttpclient.netty.request.NettyRequestSender - Using pooled Channel '[id: 0xd9bd628c, L:/127.0.0.1:64527 - R:localhost/127.0.0.1:63082]' for 'POST' to 'http://localhost:63082/session/b33cdb86ce39e90e8ec898f4c84f9d13/timeouts'
19:42:48.881 [Forwarding setTimeout on session b33cdb86ce39e90e8ec898f4c84f9d13 to remote] DEBUG org.asynchttpclient.netty.request.NettyRequestSender - Using open Channel [id: 0xd9bd628c, L:/127.0.0.1:64527 - R:localhost/127.0.0.1:63082] for POST '/session/b33cdb86ce39e90e8ec898f4c84f9d13/timeouts'
19:42:48.884 [AsyncHttpClient-1-4] DEBUG org.asynchttpclient.netty.handler.HttpHandler - 

Request DefaultHttpRequest(decodeResult: success, version: HTTP/1.1)
POST /session/b33cdb86ce39e90e8ec898f4c84f9d13/timeouts HTTP/1.1
User-Agent: selenium/4.1.2 (java windows)
Content-Length: 22
Content-Type: application/json; charset=utf-8
host: localhost:63082
accept: */*

Response DefaultHttpResponse(decodeResult: success, version: HTTP/1.1)
HTTP/1.1 200 OK
Content-Type: application/json; charset=utf-8
cache-control: no-cache
content-length: 14

19:42:48.884 [AsyncHttpClient-1-4] DEBUG org.asynchttpclient.netty.channel.ChannelManager - Adding key: http://localhost:63082 for channel [id: 0xd9bd628c, L:/127.0.0.1:64527 - R:localhost/127.0.0.1:63082]
19:42:48.887 [Forwarding getCurrentUrl on session b33cdb86ce39e90e8ec898f4c84f9d13 to remote] DEBUG org.asynchttpclient.netty.request.NettyRequestSender - Using pooled Channel '[id: 0xd9bd628c, L:/127.0.0.1:64527 - R:localhost/127.0.0.1:63082]' for 'GET' to 'http://localhost:63082/session/b33cdb86ce39e90e8ec898f4c84f9d13/url'
19:42:48.887 [Forwarding getCurrentUrl on session b33cdb86ce39e90e8ec898f4c84f9d13 to remote] DEBUG org.asynchttpclient.netty.request.NettyRequestSender - Using open Channel [id: 0xd9bd628c, L:/127.0.0.1:64527 - R:localhost/127.0.0.1:63082] for GET '/session/b33cdb86ce39e90e8ec898f4c84f9d13/url'
19:42:48.891 [AsyncHttpClient-1-4] DEBUG org.asynchttpclient.netty.handler.HttpHandler - 

Request DefaultFullHttpRequest(decodeResult: success, version: HTTP/1.1, content: EmptyByteBufBE)
GET /session/b33cdb86ce39e90e8ec898f4c84f9d13/url HTTP/1.1
User-Agent: selenium/4.1.2 (java windows)
Cache-Control: no-cache
Content-Type: application/json; charset=utf-8
host: localhost:63082
accept: */*

Response DefaultHttpResponse(decodeResult: success, version: HTTP/1.1)
HTTP/1.1 200 OK
Content-Type: application/json; charset=utf-8
cache-control: no-cache
content-length: 41

19:42:48.892 [AsyncHttpClient-1-4] DEBUG org.asynchttpclient.netty.channel.ChannelManager - Adding key: http://localhost:63082 for channel [id: 0xd9bd628c, L:/127.0.0.1:64527 - R:localhost/127.0.0.1:63082]
  &amp#27;[32mGiven &amp#27;[0m&amp#27;[32mI open the website&amp#27;[0m     &amp#27;[90m# starter.steps.RegistrationStep.iOpenTheWebsite()&amp#27;[0m
19:42:48.896 [Forwarding screenshot on session b33cdb86ce39e90e8ec898f4c84f9d13 to remote] DEBUG org.asynchttpclient.netty.request.NettyRequestSender - Using pooled Channel '[id: 0xd9bd628c, L:/127.0.0.1:64527 - R:localhost/127.0.0.1:63082]' for 'GET' to 'http://localhost:63082/session/b33cdb86ce39e90e8ec898f4c84f9d13/screenshot'
19:42:48.896 [Forwarding screenshot on session b33cdb86ce39e90e8ec898f4c84f9d13 to remote] DEBUG org.asynchttpclient.netty.request.NettyRequestSender - Using open Channel [id: 0xd9bd628c, L:/127.0.0.1:64527 - R:localhost/127.0.0.1:63082] for GET '/session/b33cdb86ce39e90e8ec898f4c84f9d13/screenshot'
19:42:49.022 [AsyncHttpClient-1-4] DEBUG org.asynchttpclient.netty.handler.HttpHandler - 

Request DefaultFullHttpRequest(decodeResult: success, version: HTTP/1.1, content: EmptyByteBufBE)
GET /session/b33cdb86ce39e90e8ec898f4c84f9d13/screenshot HTTP/1.1
User-Agent: selenium/4.1.2 (java windows)
Cache-Control: no-cache
Content-Type: application/json; charset=utf-8
host: localhost:63082
accept: */*

Response DefaultHttpResponse(decodeResult: success, version: HTTP/1.1)
HTTP/1.1 200 OK
Content-Type: application/json; charset=utf-8
cache-control: no-cache
content-length: 69584

19:42:49.022 [AsyncHttpClient-1-4] DEBUG org.asynchttpclient.netty.channel.ChannelManager - Adding key: http://localhost:63082 for channel [id: 0xd9bd628c, L:/127.0.0.1:64527 - R:localhost/127.0.0.1:63082]
19:42:49.027 [main] DEBUG net.serenitybdd.core.photography.Darkroom - Send negative for processing for target\site\serenity\5297bd387dc3249e00c2d6656fb13e2699af90824ba878fd382afd24108abb14.png
19:42:49.036 [Forwarding findElement on session b33cdb86ce39e90e8ec898f4c84f9d13 to remote] DEBUG org.asynchttpclient.netty.request.NettyRequestSender - Using pooled Channel '[id: 0xd9bd628c, L:/127.0.0.1:64527 - R:localhost/127.0.0.1:63082]' for 'POST' to 'http://localhost:63082/session/b33cdb86ce39e90e8ec898f4c84f9d13/element'
19:42:49.036 [Forwarding findElement on session b33cdb86ce39e90e8ec898f4c84f9d13 to remote] DEBUG org.asynchttpclient.netty.request.NettyRequestSender - Using open Channel [id: 0xd9bd628c, L:/127.0.0.1:64527 - R:localhost/127.0.0.1:63082] for POST '/session/b33cdb86ce39e90e8ec898f4c84f9d13/element'
19:42:49.051 [AsyncHttpClient-1-4] DEBUG org.asynchttpclient.netty.handler.HttpHandler - 

Request DefaultHttpRequest(decodeResult: success, version: HTTP/1.1)
POST /session/b33cdb86ce39e90e8ec898f4c84f9d13/element HTTP/1.1
User-Agent: selenium/4.1.2 (java windows)
Content-Length: 97
Content-Type: application/json; charset=utf-8
host: localhost:63082
accept: */*

Response DefaultHttpResponse(decodeResult: success, version: HTTP/1.1)
HTTP/1.1 200 OK
Content-Type: application/json; charset=utf-8
cache-control: no-cache
content-length: 88

19:42:49.052 [AsyncHttpClient-1-4] DEBUG org.asynchttpclient.netty.channel.ChannelManager - Adding key: http://localhost:63082 for channel [id: 0xd9bd628c, L:/127.0.0.1:64527 - R:localhost/127.0.0.1:63082]
19:42:49.053 [Forwarding getElementTagName on session b33cdb86ce39e90e8ec898f4c84f9d13 to remote] DEBUG org.asynchttpclient.netty.request.NettyRequestSender - Using pooled Channel '[id: 0xd9bd628c, L:/127.0.0.1:64527 - R:localhost/127.0.0.1:63082]' for 'GET' to 'http://localhost:63082/session/b33cdb86ce39e90e8ec898f4c84f9d13/element/28c9acd7-f1a3-4820-9a5c-4c99dfa7d942/name'
19:42:49.054 [Forwarding getElementTagName on session b33cdb86ce39e90e8ec898f4c84f9d13 to remote] DEBUG org.asynchttpclient.netty.request.NettyRequestSender - Using open Channel [id: 0xd9bd628c, L:/127.0.0.1:64527 - R:localhost/127.0.0.1:63082] for GET '/session/b33cdb86ce39e90e8ec898f4c84f9d13/element/28c9acd7-f1a3-4820-9a5c-4c99dfa7d942/name'
19:42:49.061 [AsyncHttpClient-1-4] DEBUG org.asynchttpclient.netty.handler.HttpHandler - 

Request DefaultFullHttpRequest(decodeResult: success, version: HTTP/1.1, content: EmptyByteBufBE)
GET /session/b33cdb86ce39e90e8ec898f4c84f9d13/element/28c9acd7-f1a3-4820-9a5c-4c99dfa7d942/name HTTP/1.1
User-Agent: selenium/4.1.2 (java windows)
Cache-Control: no-cache
Content-Type: application/json; charset=utf-8
host: localhost:63082
accept: */*

Response DefaultHttpResponse(decodeResult: success, version: HTTP/1.1)
HTTP/1.1 200 OK
Content-Type: application/json; charset=utf-8
cache-control: no-cache
content-length: 13

19:42:49.061 [AsyncHttpClient-1-4] DEBUG org.asynchttpclient.netty.channel.ChannelManager - Adding key: http://localhost:63082 for channel [id: 0xd9bd628c, L:/127.0.0.1:64527 - R:localhost/127.0.0.1:63082]
19:42:49.062 [Forwarding getElementTagName on session b33cdb86ce39e90e8ec898f4c84f9d13 to remote] DEBUG org.asynchttpclient.netty.request.NettyRequestSender - Using pooled Channel '[id: 0xd9bd628c, L:/127.0.0.1:64527 - R:localhost/127.0.0.1:63082]' for 'GET' to 'http://localhost:63082/session/b33cdb86ce39e90e8ec898f4c84f9d13/element/28c9acd7-f1a3-4820-9a5c-4c99dfa7d942/name'
19:42:49.062 [Forwarding getElementTagName on session b33cdb86ce39e90e8ec898f4c84f9d13 to remote] DEBUG org.asynchttpclient.netty.request.NettyRequestSender - Using open Channel [id: 0xd9bd628c, L:/127.0.0.1:64527 - R:localhost/127.0.0.1:63082] for GET '/session/b33cdb86ce39e90e8ec898f4c84f9d13/element/28c9acd7-f1a3-4820-9a5c-4c99dfa7d942/name'
19:42:49.065 [AsyncHttpClient-1-4] DEBUG org.asynchttpclient.netty.handler.HttpHandler - 

Request DefaultFullHttpRequest(decodeResult: success, version: HTTP/1.1, content: EmptyByteBufBE)
GET /session/b33cdb86ce39e90e8ec898f4c84f9d13/element/28c9acd7-f1a3-4820-9a5c-4c99dfa7d942/name HTTP/1.1
User-Agent: selenium/4.1.2 (java windows)
Cache-Control: no-cache
Content-Type: application/json; charset=utf-8
host: localhost:63082
accept: */*

Response DefaultHttpResponse(decodeResult: success, version: HTTP/1.1)
HTTP/1.1 200 OK
Content-Type: application/json; charset=utf-8
cache-control: no-cache
content-length: 13

19:42:49.065 [AsyncHttpClient-1-4] DEBUG org.asynchttpclient.netty.channel.ChannelManager - Adding key: http://localhost:63082 for channel [id: 0xd9bd628c, L:/127.0.0.1:64527 - R:localhost/127.0.0.1:63082]
19:42:49.067 [Forwarding findElement on session b33cdb86ce39e90e8ec898f4c84f9d13 to remote] DEBUG org.asynchttpclient.netty.request.NettyRequestSender - Using pooled Channel '[id: 0xd9bd628c, L:/127.0.0.1:64527 - R:localhost/127.0.0.1:63082]' for 'POST' to 'http://localhost:63082/session/b33cdb86ce39e90e8ec898f4c84f9d13/element'
19:42:49.068 [Forwarding findElement on session b33cdb86ce39e90e8ec898f4c84f9d13 to remote] DEBUG org.asynchttpclient.netty.request.NettyRequestSender - Using open Channel [id: 0xd9bd628c, L:/127.0.0.1:64527 - R:localhost/127.0.0.1:63082] for POST '/session/b33cdb86ce39e90e8ec898f4c84f9d13/element'
19:42:49.085 [AsyncHttpClient-1-4] DEBUG org.asynchttpclient.netty.handler.HttpHandler - 

Request DefaultHttpRequest(decodeResult: success, version: HTTP/1.1)
POST /session/b33cdb86ce39e90e8ec898f4c84f9d13/element HTTP/1.1
User-Agent: selenium/4.1.2 (java windows)
Content-Length: 97
Content-Type: application/json; charset=utf-8
host: localhost:63082
accept: */*

Response DefaultHttpResponse(decodeResult: success, version: HTTP/1.1)
HTTP/1.1 200 OK
Content-Type: application/json; charset=utf-8
cache-control: no-cache
content-length: 88

19:42:49.086 [AsyncHttpClient-1-4] DEBUG org.asynchttpclient.netty.channel.ChannelManager - Adding key: http://localhost:63082 for channel [id: 0xd9bd628c, L:/127.0.0.1:64527 - R:localhost/127.0.0.1:63082]
19:42:49.088 [Forwarding clickElement on session b33cdb86ce39e90e8ec898f4c84f9d13 to remote] DEBUG org.asynchttpclient.netty.request.NettyRequestSender - Using pooled Channel '[id: 0xd9bd628c, L:/127.0.0.1:64527 - R:localhost/127.0.0.1:63082]' for 'POST' to 'http://localhost:63082/session/b33cdb86ce39e90e8ec898f4c84f9d13/element/28c9acd7-f1a3-4820-9a5c-4c99dfa7d942/click'
19:42:49.088 [Forwarding clickElement on session b33cdb86ce39e90e8ec898f4c84f9d13 to remote] DEBUG org.asynchttpclient.netty.request.NettyRequestSender - Using open Channel [id: 0xd9bd628c, L:/127.0.0.1:64527 - R:localhost/127.0.0.1:63082] for POST '/session/b33cdb86ce39e90e8ec898f4c84f9d13/element/28c9acd7-f1a3-4820-9a5c-4c99dfa7d942/click'
19:42:49.122 [AsyncHttpClient-1-4] DEBUG org.asynchttpclient.netty.handler.HttpHandler - 

Request DefaultHttpRequest(decodeResult: success, version: HTTP/1.1)
POST /session/b33cdb86ce39e90e8ec898f4c84f9d13/element/28c9acd7-f1a3-4820-9a5c-4c99dfa7d942/click HTTP/1.1
User-Agent: selenium/4.1.2 (java windows)
Content-Length: 50
Content-Type: application/json; charset=utf-8
host: localhost:63082
accept: */*

Response DefaultHttpResponse(decodeResult: success, version: HTTP/1.1)
HTTP/1.1 200 OK
Content-Type: application/json; charset=utf-8
cache-control: no-cache
content-length: 14

19:42:49.122 [AsyncHttpClient-1-4] DEBUG org.asynchttpclient.netty.channel.ChannelManager - Adding key: http://localhost:63082 for channel [id: 0xd9bd628c, L:/127.0.0.1:64527 - R:localhost/127.0.0.1:63082]
  &amp#27;[32mWhen &amp#27;[0m&amp#27;[32mI click sign in button&amp#27;[0m  &amp#27;[90m# starter.steps.RegistrationStep.iClickSignInButton()&amp#27;[0m
19:42:49.127 [Forwarding screenshot on session b33cdb86ce39e90e8ec898f4c84f9d13 to remote] DEBUG org.asynchttpclient.netty.request.NettyRequestSender - Using pooled Channel '[id: 0xd9bd628c, L:/127.0.0.1:64527 - R:localhost/127.0.0.1:63082]' for 'GET' to 'http://localhost:63082/session/b33cdb86ce39e90e8ec898f4c84f9d13/screenshot'
19:42:49.127 [Forwarding screenshot on session b33cdb86ce39e90e8ec898f4c84f9d13 to remote] DEBUG org.asynchttpclient.netty.request.NettyRequestSender - Using open Channel [id: 0xd9bd628c, L:/127.0.0.1:64527 - R:localhost/127.0.0.1:63082] for GET '/session/b33cdb86ce39e90e8ec898f4c84f9d13/screenshot'
19:42:49.354 [AsyncHttpClient-1-4] DEBUG org.asynchttpclient.netty.handler.HttpHandler - 

Request DefaultFullHttpRequest(decodeResult: success, version: HTTP/1.1, content: EmptyByteBufBE)
GET /session/b33cdb86ce39e90e8ec898f4c84f9d13/screenshot HTTP/1.1
User-Agent: selenium/4.1.2 (java windows)
Cache-Control: no-cache
Content-Type: application/json; charset=utf-8
host: localhost:63082
accept: */*

Response DefaultHttpResponse(decodeResult: success, version: HTTP/1.1)
HTTP/1.1 200 OK
Content-Type: application/json; charset=utf-8
cache-control: no-cache
content-length: 40808

19:42:49.355 [AsyncHttpClient-1-4] DEBUG org.asynchttpclient.netty.channel.ChannelManager - Adding key: http://localhost:63082 for channel [id: 0xd9bd628c, L:/127.0.0.1:64527 - R:localhost/127.0.0.1:63082]
19:42:49.356 [main] DEBUG net.serenitybdd.core.photography.Darkroom - Send negative for processing for target\site\serenity\91f0aa58882bd9559f6e30ca5dd8455a589f81ded8bb3444bf4d82f21c786b3e.png
19:42:49.357 [Darkroom Processing Line] DEBUG net.serenitybdd.core.photography.DarkroomProcessingLine - Processing screenshot image in /var/screenshots/screenshot-2153549502648590424
19:42:49.357 [Darkroom Processing Line] DEBUG net.serenitybdd.core.photography.DarkroomProcessingLine - Saving screenshot to target\site\serenity\91f0aa58882bd9559f6e30ca5dd8455a589f81ded8bb3444bf4d82f21c786b3e.png
19:42:49.362 [Forwarding findElement on session b33cdb86ce39e90e8ec898f4c84f9d13 to remote] DEBUG org.asynchttpclient.netty.request.NettyRequestSender - Using pooled Channel '[id: 0xd9bd628c, L:/127.0.0.1:64527 - R:localhost/127.0.0.1:63082]' for 'POST' to 'http://localhost:63082/session/b33cdb86ce39e90e8ec898f4c84f9d13/element'
19:42:49.362 [Forwarding findElement on session b33cdb86ce39e90e8ec898f4c84f9d13 to remote] DEBUG org.asynchttpclient.netty.request.NettyRequestSender - Using open Channel [id: 0xd9bd628c, L:/127.0.0.1:64527 - R:localhost/127.0.0.1:63082] for POST '/session/b33cdb86ce39e90e8ec898f4c84f9d13/element'
19:42:49.378 [AsyncHttpClient-1-4] DEBUG org.asynchttpclient.netty.handler.HttpHandler - 

Request DefaultHttpRequest(decodeResult: success, version: HTTP/1.1)
POST /session/b33cdb86ce39e90e8ec898f4c84f9d13/element HTTP/1.1
User-Agent: selenium/4.1.2 (java windows)
Content-Length: 84
Content-Type: application/json; charset=utf-8
host: localhost:63082
accept: */*

Response DefaultHttpResponse(decodeResult: success, version: HTTP/1.1)
HTTP/1.1 200 OK
Content-Type: application/json; charset=utf-8
cache-control: no-cache
content-length: 88

19:42:49.378 [AsyncHttpClient-1-4] DEBUG org.asynchttpclient.netty.channel.ChannelManager - Adding key: http://localhost:63082 for channel [id: 0xd9bd628c, L:/127.0.0.1:64527 - R:localhost/127.0.0.1:63082]
19:42:49.379 [Forwarding getElementTagName on session b33cdb86ce39e90e8ec898f4c84f9d13 to remote] DEBUG org.asynchttpclient.netty.request.NettyRequestSender - Using pooled Channel '[id: 0xd9bd628c, L:/127.0.0.1:64527 - R:localhost/127.0.0.1:63082]' for 'GET' to 'http://localhost:63082/session/b33cdb86ce39e90e8ec898f4c84f9d13/element/15cd1a5f-3a6b-4b1d-af64-e1b77838230c/name'
19:42:49.379 [Forwarding getElementTagName on session b33cdb86ce39e90e8ec898f4c84f9d13 to remote] DEBUG org.asynchttpclient.netty.request.NettyRequestSender - Using open Channel [id: 0xd9bd628c, L:/127.0.0.1:64527 - R:localhost/127.0.0.1:63082] for GET '/session/b33cdb86ce39e90e8ec898f4c84f9d13/element/15cd1a5f-3a6b-4b1d-af64-e1b77838230c/name'
19:42:49.382 [AsyncHttpClient-1-4] DEBUG org.asynchttpclient.netty.handler.HttpHandler - 

Request DefaultFullHttpRequest(decodeResult: success, version: HTTP/1.1, content: EmptyByteBufBE)
GET /session/b33cdb86ce39e90e8ec898f4c84f9d13/element/15cd1a5f-3a6b-4b1d-af64-e1b77838230c/name HTTP/1.1
User-Agent: selenium/4.1.2 (java windows)
Cache-Control: no-cache
Content-Type: application/json; charset=utf-8
host: localhost:63082
accept: */*

Response DefaultHttpResponse(decodeResult: success, version: HTTP/1.1)
HTTP/1.1 200 OK
Content-Type: application/json; charset=utf-8
cache-control: no-cache
content-length: 13

19:42:49.382 [AsyncHttpClient-1-4] DEBUG org.asynchttpclient.netty.channel.ChannelManager - Adding key: http://localhost:63082 for channel [id: 0xd9bd628c, L:/127.0.0.1:64527 - R:localhost/127.0.0.1:63082]
19:42:49.385 [Forwarding getElementTagName on session b33cdb86ce39e90e8ec898f4c84f9d13 to remote] DEBUG org.asynchttpclient.netty.request.NettyRequestSender - Using pooled Channel '[id: 0xd9bd628c, L:/127.0.0.1:64527 - R:localhost/127.0.0.1:63082]' for 'GET' to 'http://localhost:63082/session/b33cdb86ce39e90e8ec898f4c84f9d13/element/15cd1a5f-3a6b-4b1d-af64-e1b77838230c/name'
19:42:49.385 [Forwarding getElementTagName on session b33cdb86ce39e90e8ec898f4c84f9d13 to remote] DEBUG org.asynchttpclient.netty.request.NettyRequestSender - Using open Channel [id: 0xd9bd628c, L:/127.0.0.1:64527 - R:localhost/127.0.0.1:63082] for GET '/session/b33cdb86ce39e90e8ec898f4c84f9d13/element/15cd1a5f-3a6b-4b1d-af64-e1b77838230c/name'
19:42:49.391 [AsyncHttpClient-1-4] DEBUG org.asynchttpclient.netty.handler.HttpHandler - 

Request DefaultFullHttpRequest(decodeResult: success, version: HTTP/1.1, content: EmptyByteBufBE)
GET /session/b33cdb86ce39e90e8ec898f4c84f9d13/element/15cd1a5f-3a6b-4b1d-af64-e1b77838230c/name HTTP/1.1
User-Agent: selenium/4.1.2 (java windows)
Cache-Control: no-cache
Content-Type: application/json; charset=utf-8
host: localhost:63082
accept: */*

Response DefaultHttpResponse(decodeResult: success, version: HTTP/1.1)
HTTP/1.1 200 OK
Content-Type: application/json; charset=utf-8
cache-control: no-cache
content-length: 13

19:42:49.391 [AsyncHttpClient-1-4] DEBUG org.asynchttpclient.netty.channel.ChannelManager - Adding key: http://localhost:63082 for channel [id: 0xd9bd628c, L:/127.0.0.1:64527 - R:localhost/127.0.0.1:63082]
19:42:49.392 [Forwarding findElement on session b33cdb86ce39e90e8ec898f4c84f9d13 to remote] DEBUG org.asynchttpclient.netty.request.NettyRequestSender - Using pooled Channel '[id: 0xd9bd628c, L:/127.0.0.1:64527 - R:localhost/127.0.0.1:63082]' for 'POST' to 'http://localhost:63082/session/b33cdb86ce39e90e8ec898f4c84f9d13/element'
19:42:49.392 [Forwarding findElement on session b33cdb86ce39e90e8ec898f4c84f9d13 to remote] DEBUG org.asynchttpclient.netty.request.NettyRequestSender - Using open Channel [id: 0xd9bd628c, L:/127.0.0.1:64527 - R:localhost/127.0.0.1:63082] for POST '/session/b33cdb86ce39e90e8ec898f4c84f9d13/element'
19:42:49.404 [AsyncHttpClient-1-4] DEBUG org.asynchttpclient.netty.handler.HttpHandler - 

Request DefaultHttpRequest(decodeResult: success, version: HTTP/1.1)
POST /session/b33cdb86ce39e90e8ec898f4c84f9d13/element HTTP/1.1
User-Agent: selenium/4.1.2 (java windows)
Content-Length: 84
Content-Type: application/json; charset=utf-8
host: localhost:63082
accept: */*

Response DefaultHttpResponse(decodeResult: success, version: HTTP/1.1)
HTTP/1.1 200 OK
Content-Type: application/json; charset=utf-8
cache-control: no-cache
content-length: 88

19:42:49.404 [AsyncHttpClient-1-4] DEBUG org.asynchttpclient.netty.channel.ChannelManager - Adding key: http://localhost:63082 for channel [id: 0xd9bd628c, L:/127.0.0.1:64527 - R:localhost/127.0.0.1:63082]
19:42:49.405 [Forwarding clickElement on session b33cdb86ce39e90e8ec898f4c84f9d13 to remote] DEBUG org.asynchttpclient.netty.request.NettyRequestSender - Using pooled Channel '[id: 0xd9bd628c, L:/127.0.0.1:64527 - R:localhost/127.0.0.1:63082]' for 'POST' to 'http://localhost:63082/session/b33cdb86ce39e90e8ec898f4c84f9d13/element/15cd1a5f-3a6b-4b1d-af64-e1b77838230c/click'
19:42:49.405 [Forwarding clickElement on session b33cdb86ce39e90e8ec898f4c84f9d13 to remote] DEBUG org.asynchttpclient.netty.request.NettyRequestSender - Using open Channel [id: 0xd9bd628c, L:/127.0.0.1:64527 - R:localhost/127.0.0.1:63082] for POST '/session/b33cdb86ce39e90e8ec898f4c84f9d13/element/15cd1a5f-3a6b-4b1d-af64-e1b77838230c/click'
19:42:49.473 [AsyncHttpClient-1-4] DEBUG org.asynchttpclient.netty.handler.HttpHandler - 

Request DefaultHttpRequest(decodeResult: success, version: HTTP/1.1)
POST /session/b33cdb86ce39e90e8ec898f4c84f9d13/element/15cd1a5f-3a6b-4b1d-af64-e1b77838230c/click HTTP/1.1
User-Agent: selenium/4.1.2 (java windows)
Content-Length: 50
Content-Type: application/json; charset=utf-8
host: localhost:63082
accept: */*

Response DefaultHttpResponse(decodeResult: success, version: HTTP/1.1)
HTTP/1.1 200 OK
Content-Type: application/json; charset=utf-8
cache-control: no-cache
content-length: 14

19:42:49.474 [AsyncHttpClient-1-4] DEBUG org.asynchttpclient.netty.channel.ChannelManager - Adding key: http://localhost:63082 for channel [id: 0xd9bd628c, L:/127.0.0.1:64527 - R:localhost/127.0.0.1:63082]
  &amp#27;[32mAnd &amp#27;[0m&amp#27;[32mI click register link&amp#27;[0m    &amp#27;[90m# starter.steps.RegistrationStep.iClickRegisterLink()&amp#27;[0m
19:42:49.488 [Forwarding screenshot on session b33cdb86ce39e90e8ec898f4c84f9d13 to remote] DEBUG org.asynchttpclient.netty.request.NettyRequestSender - Using pooled Channel '[id: 0xd9bd628c, L:/127.0.0.1:64527 - R:localhost/127.0.0.1:63082]' for 'GET' to 'http://localhost:63082/session/b33cdb86ce39e90e8ec898f4c84f9d13/screenshot'
19:42:49.488 [Forwarding screenshot on session b33cdb86ce39e90e8ec898f4c84f9d13 to remote] DEBUG org.asynchttpclient.netty.request.NettyRequestSender - Using open Channel [id: 0xd9bd628c, L:/127.0.0.1:64527 - R:localhost/127.0.0.1:63082] for GET '/session/b33cdb86ce39e90e8ec898f4c84f9d13/screenshot'
19:42:49.708 [AsyncHttpClient-1-4] DEBUG org.asynchttpclient.netty.handler.HttpHandler - 

Request DefaultFullHttpRequest(decodeResult: success, version: HTTP/1.1, content: EmptyByteBufBE)
GET /session/b33cdb86ce39e90e8ec898f4c84f9d13/screenshot HTTP/1.1
User-Agent: selenium/4.1.2 (java windows)
Cache-Control: no-cache
Content-Type: application/json; charset=utf-8
host: localhost:63082
accept: */*

Response DefaultHttpResponse(decodeResult: success, version: HTTP/1.1)
HTTP/1.1 200 OK
Content-Type: application/json; charset=utf-8
cache-control: no-cache
content-length: 45636

19:42:49.708 [AsyncHttpClient-1-4] DEBUG org.asynchttpclient.netty.channel.ChannelManager - Adding key: http://localhost:63082 for channel [id: 0xd9bd628c, L:/127.0.0.1:64527 - R:localhost/127.0.0.1:63082]
19:42:49.710 [main] DEBUG net.serenitybdd.core.photography.Darkroom - Send negative for processing for target\site\serenity\1128cf489985aa54f518f31ba51719fe9cceebe6dc5d08050faedcd348869758.png
19:42:49.711 [Darkroom Processing Line] DEBUG net.serenitybdd.core.photography.DarkroomProcessingLine - Processing screenshot image in /var/screenshots/screenshot-2537774632662564295
19:42:49.711 [Darkroom Processing Line] DEBUG net.serenitybdd.core.photography.DarkroomProcessingLine - Saving screenshot to target\site\serenity\1128cf489985aa54f518f31ba51719fe9cceebe6dc5d08050faedcd348869758.png
19:42:49.719 [Forwarding findElement on session b33cdb86ce39e90e8ec898f4c84f9d13 to remote] DEBUG org.asynchttpclient.netty.request.NettyRequestSender - Using pooled Channel '[id: 0xd9bd628c, L:/127.0.0.1:64527 - R:localhost/127.0.0.1:63082]' for 'POST' to 'http://localhost:63082/session/b33cdb86ce39e90e8ec898f4c84f9d13/element'
19:42:49.719 [Forwarding findElement on session b33cdb86ce39e90e8ec898f4c84f9d13 to remote] DEBUG org.asynchttpclient.netty.request.NettyRequestSender - Using open Channel [id: 0xd9bd628c, L:/127.0.0.1:64527 - R:localhost/127.0.0.1:63082] for POST '/session/b33cdb86ce39e90e8ec898f4c84f9d13/element'
19:42:49.729 [AsyncHttpClient-1-4] DEBUG org.asynchttpclient.netty.handler.HttpHandler - 

Request DefaultHttpRequest(decodeResult: success, version: HTTP/1.1)
POST /session/b33cdb86ce39e90e8ec898f4c84f9d13/element HTTP/1.1
User-Agent: selenium/4.1.2 (java windows)
Content-Length: 93
Content-Type: application/json; charset=utf-8
host: localhost:63082
accept: */*

Response DefaultHttpResponse(decodeResult: success, version: HTTP/1.1)
HTTP/1.1 200 OK
Content-Type: application/json; charset=utf-8
cache-control: no-cache
content-length: 88

19:42:49.729 [AsyncHttpClient-1-4] DEBUG org.asynchttpclient.netty.channel.ChannelManager - Adding key: http://localhost:63082 for channel [id: 0xd9bd628c, L:/127.0.0.1:64527 - R:localhost/127.0.0.1:63082]
19:42:49.731 [Forwarding clearElement on session b33cdb86ce39e90e8ec898f4c84f9d13 to remote] DEBUG org.asynchttpclient.netty.request.NettyRequestSender - Using pooled Channel '[id: 0xd9bd628c, L:/127.0.0.1:64527 - R:localhost/127.0.0.1:63082]' for 'POST' to 'http://localhost:63082/session/b33cdb86ce39e90e8ec898f4c84f9d13/element/014d78f4-a163-4ca4-afb7-d653e28d7ace/clear'
19:42:49.732 [Forwarding clearElement on session b33cdb86ce39e90e8ec898f4c84f9d13 to remote] DEBUG org.asynchttpclient.netty.request.NettyRequestSender - Using open Channel [id: 0xd9bd628c, L:/127.0.0.1:64527 - R:localhost/127.0.0.1:63082] for POST '/session/b33cdb86ce39e90e8ec898f4c84f9d13/element/014d78f4-a163-4ca4-afb7-d653e28d7ace/clear'
19:42:49.759 [AsyncHttpClient-1-4] DEBUG org.asynchttpclient.netty.handler.HttpHandler - 

Request DefaultHttpRequest(decodeResult: success, version: HTTP/1.1)
POST /session/b33cdb86ce39e90e8ec898f4c84f9d13/element/014d78f4-a163-4ca4-afb7-d653e28d7ace/clear HTTP/1.1
User-Agent: selenium/4.1.2 (java windows)
Content-Length: 50
Content-Type: application/json; charset=utf-8
host: localhost:63082
accept: */*

Response DefaultHttpResponse(decodeResult: success, version: HTTP/1.1)
HTTP/1.1 200 OK
Content-Type: application/json; charset=utf-8
cache-control: no-cache
content-length: 14

19:42:49.759 [AsyncHttpClient-1-4] DEBUG org.asynchttpclient.netty.channel.ChannelManager - Adding key: http://localhost:63082 for channel [id: 0xd9bd628c, L:/127.0.0.1:64527 - R:localhost/127.0.0.1:63082]
19:42:49.762 [Forwarding sendKeysToElement on session b33cdb86ce39e90e8ec898f4c84f9d13 to remote] DEBUG org.asynchttpclient.netty.request.NettyRequestSender - Using pooled Channel '[id: 0xd9bd628c, L:/127.0.0.1:64527 - R:localhost/127.0.0.1:63082]' for 'POST' to 'http://localhost:63082/session/b33cdb86ce39e90e8ec898f4c84f9d13/element/014d78f4-a163-4ca4-afb7-d653e28d7ace/value'
19:42:49.762 [Forwarding sendKeysToElement on session b33cdb86ce39e90e8ec898f4c84f9d13 to remote] DEBUG org.asynchttpclient.netty.request.NettyRequestSender - Using open Channel [id: 0xd9bd628c, L:/127.0.0.1:64527 - R:localhost/127.0.0.1:63082] for POST '/session/b33cdb86ce39e90e8ec898f4c84f9d13/element/014d78f4-a163-4ca4-afb7-d653e28d7ace/value'
19:42:49.829 [AsyncHttpClient-1-4] DEBUG org.asynchttpclient.netty.handler.HttpHandler - 

Request DefaultHttpRequest(decodeResult: success, version: HTTP/1.1)
POST /session/b33cdb86ce39e90e8ec898f4c84f9d13/element/014d78f4-a163-4ca4-afb7-d653e28d7ace/value HTTP/1.1
User-Agent: selenium/4.1.2 (java windows)
Content-Length: 82
Content-Type: application/json; charset=utf-8
host: localhost:63082
accept: */*

Response DefaultHttpResponse(decodeResult: success, version: HTTP/1.1)
HTTP/1.1 200 OK
Content-Type: application/json; charset=utf-8
cache-control: no-cache
content-length: 14

19:42:49.829 [AsyncHttpClient-1-4] DEBUG org.asynchttpclient.netty.channel.ChannelManager - Adding key: http://localhost:63082 for channel [id: 0xd9bd628c, L:/127.0.0.1:64527 - R:localhost/127.0.0.1:63082]
  &amp#27;[32mAnd &amp#27;[0m&amp#27;[32mI input &amp#27;[0m&amp#27;[32m&amp#27;[1m""&amp#27;[0m&amp#27;[32m fullname&amp#27;[0m      &amp#27;[90m# starter.steps.RegistrationStep.iInputFullname(java.lang.String)&amp#27;[0m
19:42:49.832 [Forwarding screenshot on session b33cdb86ce39e90e8ec898f4c84f9d13 to remote] DEBUG org.asynchttpclient.netty.request.NettyRequestSender - Using pooled Channel '[id: 0xd9bd628c, L:/127.0.0.1:64527 - R:localhost/127.0.0.1:63082]' for 'GET' to 'http://localhost:63082/session/b33cdb86ce39e90e8ec898f4c84f9d13/screenshot'
19:42:49.833 [Forwarding screenshot on session b33cdb86ce39e90e8ec898f4c84f9d13 to remote] DEBUG org.asynchttpclient.netty.request.NettyRequestSender - Using open Channel [id: 0xd9bd628c, L:/127.0.0.1:64527 - R:localhost/127.0.0.1:63082] for GET '/session/b33cdb86ce39e90e8ec898f4c84f9d13/screenshot'
19:42:49.897 [AsyncHttpClient-1-1] DEBUG org.asynchttpclient.netty.channel.DefaultChannelPool - Entry count for : http://localhost:64529 : 1
19:42:49.961 [AsyncHttpClient-1-4] DEBUG org.asynchttpclient.netty.handler.HttpHandler - 

Request DefaultFullHttpRequest(decodeResult: success, version: HTTP/1.1, content: EmptyByteBufBE)
GET /session/b33cdb86ce39e90e8ec898f4c84f9d13/screenshot HTTP/1.1
User-Agent: selenium/4.1.2 (java windows)
Cache-Control: no-cache
Content-Type: application/json; charset=utf-8
host: localhost:63082
accept: */*

Response DefaultHttpResponse(decodeResult: success, version: HTTP/1.1)
HTTP/1.1 200 OK
Content-Type: application/json; charset=utf-8
cache-control: no-cache
content-length: 45388

19:42:49.962 [AsyncHttpClient-1-4] DEBUG org.asynchttpclient.netty.channel.ChannelManager - Adding key: http://localhost:63082 for channel [id: 0xd9bd628c, L:/127.0.0.1:64527 - R:localhost/127.0.0.1:63082]
19:42:49.963 [main] DEBUG net.serenitybdd.core.photography.Darkroom - Send negative for processing for target\site\serenity\9f05a86dd4811ab904b947d4bcddccc9754e373d4dd3e40bc162b6b293ba47f6.png
19:42:49.965 [Darkroom Processing Line] DEBUG net.serenitybdd.core.photography.DarkroomProcessingLine - Processing screenshot image in /var/screenshots/screenshot-9640977644029404326
19:42:49.965 [Darkroom Processing Line] DEBUG net.serenitybdd.core.photography.DarkroomProcessingLine - Saving screenshot to target\site\serenity\9f05a86dd4811ab904b947d4bcddccc9754e373d4dd3e40bc162b6b293ba47f6.png
19:42:49.983 [Forwarding findElement on session b33cdb86ce39e90e8ec898f4c84f9d13 to remote] DEBUG org.asynchttpclient.netty.request.NettyRequestSender - Using pooled Channel '[id: 0xd9bd628c, L:/127.0.0.1:64527 - R:localhost/127.0.0.1:63082]' for 'POST' to 'http://localhost:63082/session/b33cdb86ce39e90e8ec898f4c84f9d13/element'
19:42:49.983 [Forwarding findElement on session b33cdb86ce39e90e8ec898f4c84f9d13 to remote] DEBUG org.asynchttpclient.netty.request.NettyRequestSender - Using open Channel [id: 0xd9bd628c, L:/127.0.0.1:64527 - R:localhost/127.0.0.1:63082] for POST '/session/b33cdb86ce39e90e8ec898f4c84f9d13/element'
19:42:49.995 [AsyncHttpClient-1-4] DEBUG org.asynchttpclient.netty.handler.HttpHandler - 

Request DefaultHttpRequest(decodeResult: success, version: HTTP/1.1)
POST /session/b33cdb86ce39e90e8ec898f4c84f9d13/element HTTP/1.1
User-Agent: selenium/4.1.2 (java windows)
Content-Length: 86
Content-Type: application/json; charset=utf-8
host: localhost:63082
accept: */*

Response DefaultHttpResponse(decodeResult: success, version: HTTP/1.1)
HTTP/1.1 200 OK
Content-Type: application/json; charset=utf-8
cache-control: no-cache
content-length: 88

19:42:49.995 [AsyncHttpClient-1-4] DEBUG org.asynchttpclient.netty.channel.ChannelManager - Adding key: http://localhost:63082 for channel [id: 0xd9bd628c, L:/127.0.0.1:64527 - R:localhost/127.0.0.1:63082]
19:42:49.997 [Forwarding clearElement on session b33cdb86ce39e90e8ec898f4c84f9d13 to remote] DEBUG org.asynchttpclient.netty.request.NettyRequestSender - Using pooled Channel '[id: 0xd9bd628c, L:/127.0.0.1:64527 - R:localhost/127.0.0.1:63082]' for 'POST' to 'http://localhost:63082/session/b33cdb86ce39e90e8ec898f4c84f9d13/element/345eb884-d161-4498-94aa-c59fa4ef9638/clear'
19:42:49.998 [Forwarding clearElement on session b33cdb86ce39e90e8ec898f4c84f9d13 to remote] DEBUG org.asynchttpclient.netty.request.NettyRequestSender - Using open Channel [id: 0xd9bd628c, L:/127.0.0.1:64527 - R:localhost/127.0.0.1:63082] for POST '/session/b33cdb86ce39e90e8ec898f4c84f9d13/element/345eb884-d161-4498-94aa-c59fa4ef9638/clear'
19:42:50.027 [AsyncHttpClient-1-4] DEBUG org.asynchttpclient.netty.handler.HttpHandler - 

Request DefaultHttpRequest(decodeResult: success, version: HTTP/1.1)
POST /session/b33cdb86ce39e90e8ec898f4c84f9d13/element/345eb884-d161-4498-94aa-c59fa4ef9638/clear HTTP/1.1
User-Agent: selenium/4.1.2 (java windows)
Content-Length: 50
Content-Type: application/json; charset=utf-8
host: localhost:63082
accept: */*

Response DefaultHttpResponse(decodeResult: success, version: HTTP/1.1)
HTTP/1.1 200 OK
Content-Type: application/json; charset=utf-8
cache-control: no-cache
content-length: 14

19:42:50.027 [AsyncHttpClient-1-4] DEBUG org.asynchttpclient.netty.channel.ChannelManager - Adding key: http://localhost:63082 for channel [id: 0xd9bd628c, L:/127.0.0.1:64527 - R:localhost/127.0.0.1:63082]
19:42:50.040 [Forwarding sendKeysToElement on session b33cdb86ce39e90e8ec898f4c84f9d13 to remote] DEBUG org.asynchttpclient.netty.request.NettyRequestSender - Using pooled Channel '[id: 0xd9bd628c, L:/127.0.0.1:64527 - R:localhost/127.0.0.1:63082]' for 'POST' to 'http://localhost:63082/session/b33cdb86ce39e90e8ec898f4c84f9d13/element/345eb884-d161-4498-94aa-c59fa4ef9638/value'
19:42:50.040 [Forwarding sendKeysToElement on session b33cdb86ce39e90e8ec898f4c84f9d13 to remote] DEBUG org.asynchttpclient.netty.request.NettyRequestSender - Using open Channel [id: 0xd9bd628c, L:/127.0.0.1:64527 - R:localhost/127.0.0.1:63082] for POST '/session/b33cdb86ce39e90e8ec898f4c84f9d13/element/345eb884-d161-4498-94aa-c59fa4ef9638/value'
19:42:50.072 [AsyncHttpClient-1-4] DEBUG org.asynchttpclient.netty.handler.HttpHandler - 

Request DefaultHttpRequest(decodeResult: success, version: HTTP/1.1)
POST /session/b33cdb86ce39e90e8ec898f4c84f9d13/element/345eb884-d161-4498-94aa-c59fa4ef9638/value HTTP/1.1
User-Agent: selenium/4.1.2 (java windows)
Content-Length: 82
Content-Type: application/json; charset=utf-8
host: localhost:63082
accept: */*

Response DefaultHttpResponse(decodeResult: success, version: HTTP/1.1)
HTTP/1.1 200 OK
Content-Type: application/json; charset=utf-8
cache-control: no-cache
content-length: 14

19:42:50.072 [AsyncHttpClient-1-4] DEBUG org.asynchttpclient.netty.channel.ChannelManager - Adding key: http://localhost:63082 for channel [id: 0xd9bd628c, L:/127.0.0.1:64527 - R:localhost/127.0.0.1:63082]
  &amp#27;[32mAnd &amp#27;[0m&amp#27;[32mI input &amp#27;[0m&amp#27;[32m&amp#27;[1m""&amp#27;[0m&amp#27;[32m new email&amp#27;[0m     &amp#27;[90m# starter.steps.RegistrationStep.iInputNewEmail(java.lang.String)&amp#27;[0m
19:42:50.076 [Forwarding screenshot on session b33cdb86ce39e90e8ec898f4c84f9d13 to remote] DEBUG org.asynchttpclient.netty.request.NettyRequestSender - Using pooled Channel '[id: 0xd9bd628c, L:/127.0.0.1:64527 - R:localhost/127.0.0.1:63082]' for 'GET' to 'http://localhost:63082/session/b33cdb86ce39e90e8ec898f4c84f9d13/screenshot'
19:42:50.076 [Forwarding screenshot on session b33cdb86ce39e90e8ec898f4c84f9d13 to remote] DEBUG org.asynchttpclient.netty.request.NettyRequestSender - Using open Channel [id: 0xd9bd628c, L:/127.0.0.1:64527 - R:localhost/127.0.0.1:63082] for GET '/session/b33cdb86ce39e90e8ec898f4c84f9d13/screenshot'
19:42:50.206 [AsyncHttpClient-1-4] DEBUG org.asynchttpclient.netty.handler.HttpHandler - 

Request DefaultFullHttpRequest(decodeResult: success, version: HTTP/1.1, content: EmptyByteBufBE)
GET /session/b33cdb86ce39e90e8ec898f4c84f9d13/screenshot HTTP/1.1
User-Agent: selenium/4.1.2 (java windows)
Cache-Control: no-cache
Content-Type: application/json; charset=utf-8
host: localhost:63082
accept: */*

Response DefaultHttpResponse(decodeResult: success, version: HTTP/1.1)
HTTP/1.1 200 OK
Content-Type: application/json; charset=utf-8
cache-control: no-cache
content-length: 45428

19:42:50.206 [AsyncHttpClient-1-4] DEBUG org.asynchttpclient.netty.channel.ChannelManager - Adding key: http://localhost:63082 for channel [id: 0xd9bd628c, L:/127.0.0.1:64527 - R:localhost/127.0.0.1:63082]
19:42:50.208 [main] DEBUG net.serenitybdd.core.photography.Darkroom - Send negative for processing for target\site\serenity\94be3599412ac9e6dca0dbb9b7418c98dc853d1db6eac1d3c6f5b6daab8d7697.png
19:42:50.208 [Darkroom Processing Line] DEBUG net.serenitybdd.core.photography.DarkroomProcessingLine - Processing screenshot image in /var/screenshots/screenshot-15724082218125876278
19:42:50.208 [Darkroom Processing Line] DEBUG net.serenitybdd.core.photography.DarkroomProcessingLine - Saving screenshot to target\site\serenity\94be3599412ac9e6dca0dbb9b7418c98dc853d1db6eac1d3c6f5b6daab8d7697.png
19:42:50.213 [Forwarding findElement on session b33cdb86ce39e90e8ec898f4c84f9d13 to remote] DEBUG org.asynchttpclient.netty.request.NettyRequestSender - Using pooled Channel '[id: 0xd9bd628c, L:/127.0.0.1:64527 - R:localhost/127.0.0.1:63082]' for 'POST' to 'http://localhost:63082/session/b33cdb86ce39e90e8ec898f4c84f9d13/element'
19:42:50.213 [Forwarding findElement on session b33cdb86ce39e90e8ec898f4c84f9d13 to remote] DEBUG org.asynchttpclient.netty.request.NettyRequestSender - Using open Channel [id: 0xd9bd628c, L:/127.0.0.1:64527 - R:localhost/127.0.0.1:63082] for POST '/session/b33cdb86ce39e90e8ec898f4c84f9d13/element'
19:42:50.224 [AsyncHttpClient-1-4] DEBUG org.asynchttpclient.netty.handler.HttpHandler - 

Request DefaultHttpRequest(decodeResult: success, version: HTTP/1.1)
POST /session/b33cdb86ce39e90e8ec898f4c84f9d13/element HTTP/1.1
User-Agent: selenium/4.1.2 (java windows)
Content-Length: 89
Content-Type: application/json; charset=utf-8
host: localhost:63082
accept: */*

Response DefaultHttpResponse(decodeResult: success, version: HTTP/1.1)
HTTP/1.1 200 OK
Content-Type: application/json; charset=utf-8
cache-control: no-cache
content-length: 88

19:42:50.224 [AsyncHttpClient-1-4] DEBUG org.asynchttpclient.netty.channel.ChannelManager - Adding key: http://localhost:63082 for channel [id: 0xd9bd628c, L:/127.0.0.1:64527 - R:localhost/127.0.0.1:63082]
19:42:50.224 [Forwarding clearElement on session b33cdb86ce39e90e8ec898f4c84f9d13 to remote] DEBUG org.asynchttpclient.netty.request.NettyRequestSender - Using pooled Channel '[id: 0xd9bd628c, L:/127.0.0.1:64527 - R:localhost/127.0.0.1:63082]' for 'POST' to 'http://localhost:63082/session/b33cdb86ce39e90e8ec898f4c84f9d13/element/47fe4cda-9d8d-4472-ba11-baf8985b41e2/clear'
19:42:50.224 [Forwarding clearElement on session b33cdb86ce39e90e8ec898f4c84f9d13 to remote] DEBUG org.asynchttpclient.netty.request.NettyRequestSender - Using open Channel [id: 0xd9bd628c, L:/127.0.0.1:64527 - R:localhost/127.0.0.1:63082] for POST '/session/b33cdb86ce39e90e8ec898f4c84f9d13/element/47fe4cda-9d8d-4472-ba11-baf8985b41e2/clear'
19:42:50.248 [AsyncHttpClient-1-4] DEBUG org.asynchttpclient.netty.handler.HttpHandler - 

Request DefaultHttpRequest(decodeResult: success, version: HTTP/1.1)
POST /session/b33cdb86ce39e90e8ec898f4c84f9d13/element/47fe4cda-9d8d-4472-ba11-baf8985b41e2/clear HTTP/1.1
User-Agent: selenium/4.1.2 (java windows)
Content-Length: 50
Content-Type: application/json; charset=utf-8
host: localhost:63082
accept: */*

Response DefaultHttpResponse(decodeResult: success, version: HTTP/1.1)
HTTP/1.1 200 OK
Content-Type: application/json; charset=utf-8
cache-control: no-cache
content-length: 14

19:42:50.248 [AsyncHttpClient-1-4] DEBUG org.asynchttpclient.netty.channel.ChannelManager - Adding key: http://localhost:63082 for channel [id: 0xd9bd628c, L:/127.0.0.1:64527 - R:localhost/127.0.0.1:63082]
19:42:50.249 [Forwarding sendKeysToElement on session b33cdb86ce39e90e8ec898f4c84f9d13 to remote] DEBUG org.asynchttpclient.netty.request.NettyRequestSender - Using pooled Channel '[id: 0xd9bd628c, L:/127.0.0.1:64527 - R:localhost/127.0.0.1:63082]' for 'POST' to 'http://localhost:63082/session/b33cdb86ce39e90e8ec898f4c84f9d13/element/47fe4cda-9d8d-4472-ba11-baf8985b41e2/value'
19:42:50.249 [Forwarding sendKeysToElement on session b33cdb86ce39e90e8ec898f4c84f9d13 to remote] DEBUG org.asynchttpclient.netty.request.NettyRequestSender - Using open Channel [id: 0xd9bd628c, L:/127.0.0.1:64527 - R:localhost/127.0.0.1:63082] for POST '/session/b33cdb86ce39e90e8ec898f4c84f9d13/element/47fe4cda-9d8d-4472-ba11-baf8985b41e2/value'
19:42:50.278 [AsyncHttpClient-1-4] DEBUG org.asynchttpclient.netty.handler.HttpHandler - 

Request DefaultHttpRequest(decodeResult: success, version: HTTP/1.1)
POST /session/b33cdb86ce39e90e8ec898f4c84f9d13/element/47fe4cda-9d8d-4472-ba11-baf8985b41e2/value HTTP/1.1
User-Agent: selenium/4.1.2 (java windows)
Content-Length: 82
Content-Type: application/json; charset=utf-8
host: localhost:63082
accept: */*

Response DefaultHttpResponse(decodeResult: success, version: HTTP/1.1)
HTTP/1.1 200 OK
Content-Type: application/json; charset=utf-8
cache-control: no-cache
content-length: 14

19:42:50.279 [AsyncHttpClient-1-4] DEBUG org.asynchttpclient.netty.channel.ChannelManager - Adding key: http://localhost:63082 for channel [id: 0xd9bd628c, L:/127.0.0.1:64527 - R:localhost/127.0.0.1:63082]
  &amp#27;[32mAnd &amp#27;[0m&amp#27;[32mI input &amp#27;[0m&amp#27;[32m&amp#27;[1m""&amp#27;[0m&amp#27;[32m new password&amp#27;[0m  &amp#27;[90m# starter.steps.RegistrationStep.iInputNewPassword(java.lang.String)&amp#27;[0m
19:42:50.281 [Forwarding screenshot on session b33cdb86ce39e90e8ec898f4c84f9d13 to remote] DEBUG org.asynchttpclient.netty.request.NettyRequestSender - Using pooled Channel '[id: 0xd9bd628c, L:/127.0.0.1:64527 - R:localhost/127.0.0.1:63082]' for 'GET' to 'http://localhost:63082/session/b33cdb86ce39e90e8ec898f4c84f9d13/screenshot'
19:42:50.281 [Forwarding screenshot on session b33cdb86ce39e90e8ec898f4c84f9d13 to remote] DEBUG org.asynchttpclient.netty.request.NettyRequestSender - Using open Channel [id: 0xd9bd628c, L:/127.0.0.1:64527 - R:localhost/127.0.0.1:63082] for GET '/session/b33cdb86ce39e90e8ec898f4c84f9d13/screenshot'
19:42:50.407 [AsyncHttpClient-1-4] DEBUG org.asynchttpclient.netty.handler.HttpHandler - 

Request DefaultFullHttpRequest(decodeResult: success, version: HTTP/1.1, content: EmptyByteBufBE)
GET /session/b33cdb86ce39e90e8ec898f4c84f9d13/screenshot HTTP/1.1
User-Agent: selenium/4.1.2 (java windows)
Cache-Control: no-cache
Content-Type: application/json; charset=utf-8
host: localhost:63082
accept: */*

Response DefaultHttpResponse(decodeResult: success, version: HTTP/1.1)
HTTP/1.1 200 OK
Content-Type: application/json; charset=utf-8
cache-control: no-cache
content-length: 46744

19:42:50.408 [AsyncHttpClient-1-4] DEBUG org.asynchttpclient.netty.channel.ChannelManager - Adding key: http://localhost:63082 for channel [id: 0xd9bd628c, L:/127.0.0.1:64527 - R:localhost/127.0.0.1:63082]
19:42:50.409 [main] DEBUG net.serenitybdd.core.photography.Darkroom - Send negative for processing for target\site\serenity\6161e5346a4d8b08492a5169ef4071a8563be4e6726f8bf948796b9cfe2db105.png
19:42:50.409 [Darkroom Processing Line] DEBUG net.serenitybdd.core.photography.DarkroomProcessingLine - Processing screenshot image in /var/screenshots/screenshot-7515145591437966208
19:42:50.409 [Darkroom Processing Line] DEBUG net.serenitybdd.core.photography.DarkroomProcessingLine - Saving screenshot to target\site\serenity\6161e5346a4d8b08492a5169ef4071a8563be4e6726f8bf948796b9cfe2db105.png
19:42:50.420 [Forwarding findElement on session b33cdb86ce39e90e8ec898f4c84f9d13 to remote] DEBUG org.asynchttpclient.netty.request.NettyRequestSender - Using pooled Channel '[id: 0xd9bd628c, L:/127.0.0.1:64527 - R:localhost/127.0.0.1:63082]' for 'POST' to 'http://localhost:63082/session/b33cdb86ce39e90e8ec898f4c84f9d13/element'
19:42:50.420 [Forwarding findElement on session b33cdb86ce39e90e8ec898f4c84f9d13 to remote] DEBUG org.asynchttpclient.netty.request.NettyRequestSender - Using open Channel [id: 0xd9bd628c, L:/127.0.0.1:64527 - R:localhost/127.0.0.1:63082] for POST '/session/b33cdb86ce39e90e8ec898f4c84f9d13/element'
19:42:50.434 [AsyncHttpClient-1-4] DEBUG org.asynchttpclient.netty.handler.HttpHandler - 

Request DefaultHttpRequest(decodeResult: success, version: HTTP/1.1)
POST /session/b33cdb86ce39e90e8ec898f4c84f9d13/element HTTP/1.1
User-Agent: selenium/4.1.2 (java windows)
Content-Length: 141
Content-Type: application/json; charset=utf-8
host: localhost:63082
accept: */*

Response DefaultHttpResponse(decodeResult: success, version: HTTP/1.1)
HTTP/1.1 200 OK
Content-Type: application/json; charset=utf-8
cache-control: no-cache
content-length: 88

19:42:50.434 [AsyncHttpClient-1-4] DEBUG org.asynchttpclient.netty.channel.ChannelManager - Adding key: http://localhost:63082 for channel [id: 0xd9bd628c, L:/127.0.0.1:64527 - R:localhost/127.0.0.1:63082]
19:42:50.439 [Forwarding getElementTagName on session b33cdb86ce39e90e8ec898f4c84f9d13 to remote] DEBUG org.asynchttpclient.netty.request.NettyRequestSender - Using pooled Channel '[id: 0xd9bd628c, L:/127.0.0.1:64527 - R:localhost/127.0.0.1:63082]' for 'GET' to 'http://localhost:63082/session/b33cdb86ce39e90e8ec898f4c84f9d13/element/f5a2dde6-96fb-49f9-a07a-1b2febfbd510/name'
19:42:50.439 [Forwarding getElementTagName on session b33cdb86ce39e90e8ec898f4c84f9d13 to remote] DEBUG org.asynchttpclient.netty.request.NettyRequestSender - Using open Channel [id: 0xd9bd628c, L:/127.0.0.1:64527 - R:localhost/127.0.0.1:63082] for GET '/session/b33cdb86ce39e90e8ec898f4c84f9d13/element/f5a2dde6-96fb-49f9-a07a-1b2febfbd510/name'
19:42:50.444 [AsyncHttpClient-1-4] DEBUG org.asynchttpclient.netty.handler.HttpHandler - 

Request DefaultFullHttpRequest(decodeResult: success, version: HTTP/1.1, content: EmptyByteBufBE)
GET /session/b33cdb86ce39e90e8ec898f4c84f9d13/element/f5a2dde6-96fb-49f9-a07a-1b2febfbd510/name HTTP/1.1
User-Agent: selenium/4.1.2 (java windows)
Cache-Control: no-cache
Content-Type: application/json; charset=utf-8
host: localhost:63082
accept: */*

Response DefaultHttpResponse(decodeResult: success, version: HTTP/1.1)
HTTP/1.1 200 OK
Content-Type: application/json; charset=utf-8
cache-control: no-cache
content-length: 18

19:42:50.444 [AsyncHttpClient-1-4] DEBUG org.asynchttpclient.netty.channel.ChannelManager - Adding key: http://localhost:63082 for channel [id: 0xd9bd628c, L:/127.0.0.1:64527 - R:localhost/127.0.0.1:63082]
19:42:50.445 [Forwarding getElementTagName on session b33cdb86ce39e90e8ec898f4c84f9d13 to remote] DEBUG org.asynchttpclient.netty.request.NettyRequestSender - Using pooled Channel '[id: 0xd9bd628c, L:/127.0.0.1:64527 - R:localhost/127.0.0.1:63082]' for 'GET' to 'http://localhost:63082/session/b33cdb86ce39e90e8ec898f4c84f9d13/element/f5a2dde6-96fb-49f9-a07a-1b2febfbd510/name'
19:42:50.445 [Forwarding getElementTagName on session b33cdb86ce39e90e8ec898f4c84f9d13 to remote] DEBUG org.asynchttpclient.netty.request.NettyRequestSender - Using open Channel [id: 0xd9bd628c, L:/127.0.0.1:64527 - R:localhost/127.0.0.1:63082] for GET '/session/b33cdb86ce39e90e8ec898f4c84f9d13/element/f5a2dde6-96fb-49f9-a07a-1b2febfbd510/name'
19:42:50.448 [AsyncHttpClient-1-4] DEBUG org.asynchttpclient.netty.handler.HttpHandler - 

Request DefaultFullHttpRequest(decodeResult: success, version: HTTP/1.1, content: EmptyByteBufBE)
GET /session/b33cdb86ce39e90e8ec898f4c84f9d13/element/f5a2dde6-96fb-49f9-a07a-1b2febfbd510/name HTTP/1.1
User-Agent: selenium/4.1.2 (java windows)
Cache-Control: no-cache
Content-Type: application/json; charset=utf-8
host: localhost:63082
accept: */*

Response DefaultHttpResponse(decodeResult: success, version: HTTP/1.1)
HTTP/1.1 200 OK
Content-Type: application/json; charset=utf-8
cache-control: no-cache
content-length: 18

19:42:50.448 [AsyncHttpClient-1-4] DEBUG org.asynchttpclient.netty.channel.ChannelManager - Adding key: http://localhost:63082 for channel [id: 0xd9bd628c, L:/127.0.0.1:64527 - R:localhost/127.0.0.1:63082]
19:42:50.449 [Forwarding isElementEnabled on session b33cdb86ce39e90e8ec898f4c84f9d13 to remote] DEBUG org.asynchttpclient.netty.request.NettyRequestSender - Using pooled Channel '[id: 0xd9bd628c, L:/127.0.0.1:64527 - R:localhost/127.0.0.1:63082]' for 'GET' to 'http://localhost:63082/session/b33cdb86ce39e90e8ec898f4c84f9d13/element/f5a2dde6-96fb-49f9-a07a-1b2febfbd510/enabled'
19:42:50.449 [Forwarding isElementEnabled on session b33cdb86ce39e90e8ec898f4c84f9d13 to remote] DEBUG org.asynchttpclient.netty.request.NettyRequestSender - Using open Channel [id: 0xd9bd628c, L:/127.0.0.1:64527 - R:localhost/127.0.0.1:63082] for GET '/session/b33cdb86ce39e90e8ec898f4c84f9d13/element/f5a2dde6-96fb-49f9-a07a-1b2febfbd510/enabled'
19:42:50.458 [AsyncHttpClient-1-4] DEBUG org.asynchttpclient.netty.handler.HttpHandler - 

Request DefaultFullHttpRequest(decodeResult: success, version: HTTP/1.1, content: EmptyByteBufBE)
GET /session/b33cdb86ce39e90e8ec898f4c84f9d13/element/f5a2dde6-96fb-49f9-a07a-1b2febfbd510/enabled HTTP/1.1
User-Agent: selenium/4.1.2 (java windows)
Cache-Control: no-cache
Content-Type: application/json; charset=utf-8
host: localhost:63082
accept: */*

Response DefaultHttpResponse(decodeResult: success, version: HTTP/1.1)
HTTP/1.1 200 OK
Content-Type: application/json; charset=utf-8
cache-control: no-cache
content-length: 14

19:42:50.458 [AsyncHttpClient-1-4] DEBUG org.asynchttpclient.netty.channel.ChannelManager - Adding key: http://localhost:63082 for channel [id: 0xd9bd628c, L:/127.0.0.1:64527 - R:localhost/127.0.0.1:63082]
19:42:50.459 [Forwarding isElementEnabled on session b33cdb86ce39e90e8ec898f4c84f9d13 to remote] DEBUG org.asynchttpclient.netty.request.NettyRequestSender - Using pooled Channel '[id: 0xd9bd628c, L:/127.0.0.1:64527 - R:localhost/127.0.0.1:63082]' for 'GET' to 'http://localhost:63082/session/b33cdb86ce39e90e8ec898f4c84f9d13/element/f5a2dde6-96fb-49f9-a07a-1b2febfbd510/enabled'
19:42:50.459 [Forwarding isElementEnabled on session b33cdb86ce39e90e8ec898f4c84f9d13 to remote] DEBUG org.asynchttpclient.netty.request.NettyRequestSender - Using open Channel [id: 0xd9bd628c, L:/127.0.0.1:64527 - R:localhost/127.0.0.1:63082] for GET '/session/b33cdb86ce39e90e8ec898f4c84f9d13/element/f5a2dde6-96fb-49f9-a07a-1b2febfbd510/enabled'
19:42:50.464 [AsyncHttpClient-1-4] DEBUG org.asynchttpclient.netty.handler.HttpHandler - 

Request DefaultFullHttpRequest(decodeResult: success, version: HTTP/1.1, content: EmptyByteBufBE)
GET /session/b33cdb86ce39e90e8ec898f4c84f9d13/element/f5a2dde6-96fb-49f9-a07a-1b2febfbd510/enabled HTTP/1.1
User-Agent: selenium/4.1.2 (java windows)
Cache-Control: no-cache
Content-Type: application/json; charset=utf-8
host: localhost:63082
accept: */*

Response DefaultHttpResponse(decodeResult: success, version: HTTP/1.1)
HTTP/1.1 200 OK
Content-Type: application/json; charset=utf-8
cache-control: no-cache
content-length: 14

19:42:50.464 [AsyncHttpClient-1-4] DEBUG org.asynchttpclient.netty.channel.ChannelManager - Adding key: http://localhost:63082 for channel [id: 0xd9bd628c, L:/127.0.0.1:64527 - R:localhost/127.0.0.1:63082]
19:42:50.465 [Forwarding findElement on session b33cdb86ce39e90e8ec898f4c84f9d13 to remote] DEBUG org.asynchttpclient.netty.request.NettyRequestSender - Using pooled Channel '[id: 0xd9bd628c, L:/127.0.0.1:64527 - R:localhost/127.0.0.1:63082]' for 'POST' to 'http://localhost:63082/session/b33cdb86ce39e90e8ec898f4c84f9d13/element'
19:42:50.466 [Forwarding findElement on session b33cdb86ce39e90e8ec898f4c84f9d13 to remote] DEBUG org.asynchttpclient.netty.request.NettyRequestSender - Using open Channel [id: 0xd9bd628c, L:/127.0.0.1:64527 - R:localhost/127.0.0.1:63082] for POST '/session/b33cdb86ce39e90e8ec898f4c84f9d13/element'
19:42:50.473 [AsyncHttpClient-1-4] DEBUG org.asynchttpclient.netty.handler.HttpHandler - 

Request DefaultHttpRequest(decodeResult: success, version: HTTP/1.1)
POST /session/b33cdb86ce39e90e8ec898f4c84f9d13/element HTTP/1.1
User-Agent: selenium/4.1.2 (java windows)
Content-Length: 141
Content-Type: application/json; charset=utf-8
host: localhost:63082
accept: */*

Response DefaultHttpResponse(decodeResult: success, version: HTTP/1.1)
HTTP/1.1 200 OK
Content-Type: application/json; charset=utf-8
cache-control: no-cache
content-length: 88

19:42:50.473 [AsyncHttpClient-1-4] DEBUG org.asynchttpclient.netty.channel.ChannelManager - Adding key: http://localhost:63082 for channel [id: 0xd9bd628c, L:/127.0.0.1:64527 - R:localhost/127.0.0.1:63082]
19:42:50.475 [Forwarding clickElement on session b33cdb86ce39e90e8ec898f4c84f9d13 to remote] DEBUG org.asynchttpclient.netty.request.NettyRequestSender - Using pooled Channel '[id: 0xd9bd628c, L:/127.0.0.1:64527 - R:localhost/127.0.0.1:63082]' for 'POST' to 'http://localhost:63082/session/b33cdb86ce39e90e8ec898f4c84f9d13/element/f5a2dde6-96fb-49f9-a07a-1b2febfbd510/click'
19:42:50.475 [Forwarding clickElement on session b33cdb86ce39e90e8ec898f4c84f9d13 to remote] DEBUG org.asynchttpclient.netty.request.NettyRequestSender - Using open Channel [id: 0xd9bd628c, L:/127.0.0.1:64527 - R:localhost/127.0.0.1:63082] for POST '/session/b33cdb86ce39e90e8ec898f4c84f9d13/element/f5a2dde6-96fb-49f9-a07a-1b2febfbd510/click'
19:42:50.508 [AsyncHttpClient-1-4] DEBUG org.asynchttpclient.netty.handler.HttpHandler - 

Request DefaultHttpRequest(decodeResult: success, version: HTTP/1.1)
POST /session/b33cdb86ce39e90e8ec898f4c84f9d13/element/f5a2dde6-96fb-49f9-a07a-1b2febfbd510/click HTTP/1.1
User-Agent: selenium/4.1.2 (java windows)
Content-Length: 50
Content-Type: application/json; charset=utf-8
host: localhost:63082
accept: */*

Response DefaultHttpResponse(decodeResult: success, version: HTTP/1.1)
HTTP/1.1 200 OK
Content-Type: application/json; charset=utf-8
cache-control: no-cache
content-length: 14

19:42:50.508 [AsyncHttpClient-1-4] DEBUG org.asynchttpclient.netty.channel.ChannelManager - Adding key: http://localhost:63082 for channel [id: 0xd9bd628c, L:/127.0.0.1:64527 - R:localhost/127.0.0.1:63082]
  &amp#27;[32mAnd &amp#27;[0m&amp#27;[32mI click register button&amp#27;[0m  &amp#27;[90m# starter.steps.RegistrationStep.iClickRegisterButton()&amp#27;[0m
19:42:50.512 [Forwarding screenshot on session b33cdb86ce39e90e8ec898f4c84f9d13 to remote] DEBUG org.asynchttpclient.netty.request.NettyRequestSender - Using pooled Channel '[id: 0xd9bd628c, L:/127.0.0.1:64527 - R:localhost/127.0.0.1:63082]' for 'GET' to 'http://localhost:63082/session/b33cdb86ce39e90e8ec898f4c84f9d13/screenshot'
19:42:50.512 [Forwarding screenshot on session b33cdb86ce39e90e8ec898f4c84f9d13 to remote] DEBUG org.asynchttpclient.netty.request.NettyRequestSender - Using open Channel [id: 0xd9bd628c, L:/127.0.0.1:64527 - R:localhost/127.0.0.1:63082] for GET '/session/b33cdb86ce39e90e8ec898f4c84f9d13/screenshot'
19:42:50.679 [AsyncHttpClient-1-4] DEBUG org.asynchttpclient.netty.handler.HttpHandler - 

Request DefaultFullHttpRequest(decodeResult: success, version: HTTP/1.1, content: EmptyByteBufBE)
GET /session/b33cdb86ce39e90e8ec898f4c84f9d13/screenshot HTTP/1.1
User-Agent: selenium/4.1.2 (java windows)
Cache-Control: no-cache
Content-Type: application/json; charset=utf-8
host: localhost:63082
accept: */*

Response DefaultHttpResponse(decodeResult: success, version: HTTP/1.1)
HTTP/1.1 200 OK
Content-Type: application/json; charset=utf-8
cache-control: no-cache
content-length: 45652

19:42:50.679 [AsyncHttpClient-1-4] DEBUG org.asynchttpclient.netty.channel.ChannelManager - Adding key: http://localhost:63082 for channel [id: 0xd9bd628c, L:/127.0.0.1:64527 - R:localhost/127.0.0.1:63082]
19:42:50.681 [main] DEBUG net.serenitybdd.core.photography.Darkroom - Send negative for processing for target\site\serenity\8d5428b158dddf12b6ec37fd9e8e4507b97952d1074094db2354cc2194e709e2.png
19:42:50.681 [Darkroom Processing Line] DEBUG net.serenitybdd.core.photography.DarkroomProcessingLine - Processing screenshot image in /var/screenshots/screenshot-126625515101965041
19:42:50.681 [Darkroom Processing Line] DEBUG net.serenitybdd.core.photography.DarkroomProcessingLine - Saving screenshot to target\site\serenity\8d5428b158dddf12b6ec37fd9e8e4507b97952d1074094db2354cc2194e709e2.png
  &amp#27;[32mThen &amp#27;[0m&amp#27;[32mI can &amp#27;[0m&amp#27;[32m&amp#27;[1m""&amp#27;[0m&amp#27;[32m register&amp#27;[0m       &amp#27;[90m# starter.steps.RegistrationStep.iCanRegister(java.lang.String)&amp#27;[0m
19:42:50.696 [AsyncHttpClient-1-6] DEBUG org.asynchttpclient.netty.handler.WebSocketHandler - Channel Closed: [id: 0xde3a118d, L:/127.0.0.1:64538 ! R:localhost/127.0.0.1:64529] with attribute NettyResponseFuture{currentRetry=5,
	isDone=1,
	isCancelled=0,
	asyncHandler=org.asynchttpclient.ws.WebSocketUpgradeHandler@3fc5b728,
	nettyRequest=org.asynchttpclient.netty.request.NettyRequest@19912241,
	future=java.util.concurrent.CompletableFuture@3a4b2017[Completed normally],
	uri=ws://localhost:64529/devtools/browser/c02a4923-7be2-4e26-8161-aba7480b6f01,
	keepAlive=true,
	redirectCount=0,
	timeoutsHolder=null,
	inAuth=0,
	touch=1667220140864}
19:42:50.696 [AsyncHttpClient-1-6] DEBUG org.asynchttpclient.netty.channel.ChannelManager - Closing Channel [id: 0xde3a118d, L:/127.0.0.1:64538 ! R:localhost/127.0.0.1:64529] 
19:42:50.697 [Driver Command Executor] DEBUG org.asynchttpclient.netty.request.NettyRequestSender - Using pooled Channel '[id: 0xd9bd628c, L:/127.0.0.1:64527 - R:localhost/127.0.0.1:63082]' for 'DELETE' to 'http://localhost:63082/session/b33cdb86ce39e90e8ec898f4c84f9d13'
19:42:50.697 [Driver Command Executor] DEBUG org.asynchttpclient.netty.request.NettyRequestSender - Using open Channel [id: 0xd9bd628c, L:/127.0.0.1:64527 - R:localhost/127.0.0.1:63082] for DELETE '/session/b33cdb86ce39e90e8ec898f4c84f9d13'
19:42:50.751 [AsyncHttpClient-1-5] DEBUG org.asynchttpclient.netty.handler.HttpHandler - Unexpected I/O exception on channel [id: 0xf33760ad, L:/127.0.0.1:64537 - R:localhost/127.0.0.1:64529]
java.io.IOException: An existing connection was forcibly closed by the remote host
	at java.base/sun.nio.ch.SocketDispatcher.read0(Native Method)
	at java.base/sun.nio.ch.SocketDispatcher.read(SocketDispatcher.java:43)
	at java.base/sun.nio.ch.IOUtil.readIntoNativeBuffer(IOUtil.java:276)
	at java.base/sun.nio.ch.IOUtil.read(IOUtil.java:233)
	at java.base/sun.nio.ch.IOUtil.read(IOUtil.java:223)
	at java.base/sun.nio.ch.SocketChannelImpl.read(SocketChannelImpl.java:358)
	at io.netty.buffer.PooledByteBuf.setBytes(PooledByteBuf.java:258)
	at io.netty.buffer.AbstractByteBuf.writeBytes(AbstractByteBuf.java:1132)
	at io.netty.channel.socket.nio.NioSocketChannel.doReadBytes(NioSocketChannel.java:350)
	at io.netty.channel.nio.AbstractNioByteChannel$NioByteUnsafe.read(AbstractNioByteChannel.java:151)
	at io.netty.channel.nio.NioEventLoop.processSelectedKey(NioEventLoop.java:722)
	at io.netty.channel.nio.NioEventLoop.processSelectedKeysOptimized(NioEventLoop.java:658)
	at io.netty.channel.nio.NioEventLoop.processSelectedKeys(NioEventLoop.java:584)
	at io.netty.channel.nio.NioEventLoop.run(NioEventLoop.java:496)
	at io.netty.util.concurrent.SingleThreadEventExecutor$4.run(SingleThreadEventExecutor.java:986)
	at io.netty.util.internal.ThreadExecutorMap$2.run(ThreadExecutorMap.java:74)
	at io.netty.util.concurrent.FastThreadLocalRunnable.run(FastThreadLocalRunnable.java:30)
	at java.base/java.lang.Thread.run(Thread.java:834)
19:42:50.754 [AsyncHttpClient-1-5] DEBUG org.asynchttpclient.netty.channel.ChannelManager - Closing Channel [id: 0xf33760ad, L:/127.0.0.1:64537 - R:localhost/127.0.0.1:64529] 
19:42:50.754 [AsyncHttpClient-1-5] DEBUG org.asynchttpclient.netty.handler.HttpHandler - Channel Closed: [id: 0xf33760ad, L:/127.0.0.1:64537 ! R:localhost/127.0.0.1:64529] with attribute DISCARD
19:42:50.774 [AsyncHttpClient-1-4] DEBUG org.asynchttpclient.netty.handler.HttpHandler - 

Request DefaultFullHttpRequest(decodeResult: success, version: HTTP/1.1, content: EmptyByteBufBE)
DELETE /session/b33cdb86ce39e90e8ec898f4c84f9d13 HTTP/1.1
User-Agent: selenium/4.1.2 (java windows)
Content-Type: application/json; charset=utf-8
host: localhost:63082
accept: */*

Response DefaultHttpResponse(decodeResult: success, version: HTTP/1.1)
HTTP/1.1 200 OK
Content-Type: application/json; charset=utf-8
cache-control: no-cache
content-length: 14

19:42:50.774 [AsyncHttpClient-1-4] DEBUG org.asynchttpclient.netty.channel.ChannelManager - Adding key: http://localhost:63082 for channel [id: 0xd9bd628c, L:/127.0.0.1:64527 - R:localhost/127.0.0.1:63082]
19:42:50.833 [AsyncHttpClient-1-4] DEBUG org.asynchttpclient.netty.handler.HttpHandler - Channel Closed: [id: 0xd9bd628c, L:/127.0.0.1:64527 ! R:localhost/127.0.0.1:63082] with attribute DISCARD
]]></system-out>
    <system-err><![CDATA[Starting ChromeDriver 106.0.5249.61 (511755355844955cd3e264779baf0dd38212a4d0-refs/branch-heads/5249@{#569}) on port 63082
Only local connections are allowed.
Please see https://chromedriver.chromium.org/security-considerations for suggestions on keeping ChromeDriver safe.
ChromeDriver was started successfully.
Oct 31, 2022 7:42:20 PM org.openqa.selenium.remote.ProtocolHandshake createSession
INFO: Detected dialect: W3C
Oct 31, 2022 7:42:20 PM org.openqa.selenium.devtools.CdpVersionFinder findNearestMatch
WARNING: Unable to find an exact match for CDP version 106, so returning the closest version found: a no-op implementation
Oct 31, 2022 7:42:20 PM org.openqa.selenium.devtools.CdpVersionFinder findNearestMatch
INFO: Unable to find CDP implementation matching 106.
Oct 31, 2022 7:42:20 PM org.openqa.selenium.chromium.ChromiumDriver lambda$new$3
WARNING: Unable to find version of CDP to use for . You may need to include a dependency on a specific version of the CDP using something similar to `org.seleniumhq.selenium:selenium-devtools-v86:4.1.2` where the version ("v86") matches the version of the chromium-based browser you're using and the version number of the artifact is the same as Selenium's.
]]></system-err>
  </testcase>
  <testcase name="New Register #4" classname="Register" time="40.492">
    <system-out><![CDATA[
@Register
Scenario Outline: New Register           &amp#27;[90m# src/test/resources/features/login/Registration.feature:21&amp#27;[0m
19:42:50.916 [main] INFO io.cucumber.core.plugin.SerenityReporter - Running feature from file:///D:/TIC/Kampus%20Merdeka/MSIB/Studi%20Independen/Alterra/MiniProject/MiniProjWeb/src/test/resources/features/login/Registration.feature
19:42:50.928 [main] INFO net.serenitybdd.core.webdriver.driverproviders.ChromeDriverProvider - Using automatically driver download
19:42:51.002 [AsyncHttpClient-1-1] DEBUG org.asynchttpclient.netty.channel.DefaultChannelPool - Entry count for : http://localhost:64529 : 1
19:42:51.002 [AsyncHttpClient-1-1] DEBUG org.asynchttpclient.netty.channel.DefaultChannelPool - Entry count for : http://localhost:63082 : 1
19:42:51.002 [AsyncHttpClient-1-1] DEBUG org.asynchttpclient.netty.channel.DefaultChannelPool - Adding Candidate expired Channel [id: 0xf33760ad, L:/127.0.0.1:64537 ! R:localhost/127.0.0.1:64529] isIdleTimeoutExpired=false isRemotelyClosed=true isTtlExpired=false
19:42:51.002 [AsyncHttpClient-1-1] DEBUG org.asynchttpclient.netty.channel.DefaultChannelPool - Closing Idle Channel [id: 0xf33760ad, L:/127.0.0.1:64537 ! R:localhost/127.0.0.1:64529]
19:42:51.006 [AsyncHttpClient-1-1] DEBUG org.asynchttpclient.netty.channel.DefaultChannelPool - Adding Candidate expired Channel [id: 0xd9bd628c, L:/127.0.0.1:64527 ! R:localhost/127.0.0.1:63082] isIdleTimeoutExpired=false isRemotelyClosed=true isTtlExpired=false
19:42:51.006 [AsyncHttpClient-1-1] DEBUG org.asynchttpclient.netty.channel.DefaultChannelPool - Closing Idle Channel [id: 0xd9bd628c, L:/127.0.0.1:64527 ! R:localhost/127.0.0.1:63082]
19:42:51.006 [AsyncHttpClient-1-1] DEBUG org.asynchttpclient.netty.channel.DefaultChannelPool - Closed 2 connections out of 2 in 4 ms
19:42:51.060 [main] DEBUG io.github.bonigarcia.wdm.cache.ResolutionCache - Resolution chrome=106 in cache (valid until 19:46:39 31/10/2022 ICT)
19:42:51.061 [main] DEBUG io.github.bonigarcia.wdm.cache.ResolutionCache - Resolution chrome106=106.0.5249.61 in cache (valid until 17:34:34 01/11/2022 ICT)
19:42:51.063 [main] INFO io.github.bonigarcia.wdm.WebDriverManager - Using chromedriver 106.0.5249.61 (resolved driver for Chrome 106)
19:42:51.074 [main] DEBUG io.github.bonigarcia.wdm.WebDriverManager - Driver chromedriver 106.0.5249.61 found in cache
19:42:51.075 [main] INFO io.github.bonigarcia.wdm.WebDriverManager - Exporting webdriver.chrome.driver as C:\Users\user\.cache\selenium\chromedriver\win32\106.0.5249.61\chromedriver.exe
19:42:51.313 [main] DEBUG net.serenitybdd.core.webdriver.driverproviders.ProvideNewDriver - Instantiating driver
19:42:51.313 [main] DEBUG net.serenitybdd.core.webdriver.driverproviders.ProvideNewDriver - Driver capabilities: Capabilities {acceptInsecureCerts: false, base.url: https://alta-shop.vercel.app, browserName: chrome, chrome.driver: src/test/resources/webdrive..., driver: chrome, goog:chromeOptions: {args: [], extensions: []}, wait.for.timeout: 500}
19:42:51.431 [AsyncHttpClient-1-7] DEBUG org.asynchttpclient.netty.channel.NettyConnectListener - Using new Channel '[id: 0x6487b955, L:/127.0.0.1:64590 - R:localhost/127.0.0.1:59129]' for 'POST' to '/session'
19:42:52.207 [AsyncHttpClient-1-7] DEBUG org.asynchttpclient.netty.handler.HttpHandler - 

Request DefaultHttpRequest(decodeResult: success, version: HTTP/1.1)
POST /session HTTP/1.1
User-Agent: selenium/4.1.2 (java windows)
Content-Length: 638
Content-Type: application/json; charset=utf-8
host: localhost:59129
accept: */*

Response DefaultHttpResponse(decodeResult: success, version: HTTP/1.1)
HTTP/1.1 200 OK
Content-Type: application/json; charset=utf-8
cache-control: no-cache
content-length: 789

19:42:52.207 [AsyncHttpClient-1-7] DEBUG org.asynchttpclient.netty.channel.ChannelManager - Adding key: http://localhost:59129 for channel [id: 0x6487b955, L:/127.0.0.1:64590 - R:localhost/127.0.0.1:59129]
19:42:52.211 [AsyncHttpClient-1-8] DEBUG org.asynchttpclient.netty.channel.NettyConnectListener - Using new Channel '[id: 0x480bc9df, L:/127.0.0.1:64599 - R:localhost/127.0.0.1:64591]' for 'GET' to '/json/version'
19:42:52.211 [AsyncHttpClient-1-8] DEBUG org.asynchttpclient.netty.handler.HttpHandler - 

Request DefaultFullHttpRequest(decodeResult: success, version: HTTP/1.1, content: EmptyByteBufBE)
GET /json/version HTTP/1.1
User-Agent: selenium/4.1.2 (java windows)
host: localhost:64591
accept: */*

Response DefaultHttpResponse(decodeResult: success, version: HTTP/1.1)
HTTP/1.1 200 OK
Content-Type: application/json; charset=UTF-8
content-length: 424

19:42:52.211 [AsyncHttpClient-1-8] DEBUG org.asynchttpclient.netty.channel.ChannelManager - Adding key: http://localhost:64591 for channel [id: 0x480bc9df, L:/127.0.0.1:64599 - R:localhost/127.0.0.1:64591]
19:42:52.213 [AsyncHttpClient-1-9] DEBUG org.asynchttpclient.netty.channel.NettyConnectListener - Using new Channel '[id: 0x2e65a510, L:/127.0.0.1:64600 - R:localhost/127.0.0.1:64591]' for 'GET' to '/devtools/browser/1f1227b6-5a2f-46b0-a641-40b2fe024b35'
19:42:52.214 [AsyncHttpClient-1-9] DEBUG org.asynchttpclient.netty.handler.WebSocketHandler - 

Request DefaultFullHttpRequest(decodeResult: success, version: HTTP/1.1, content: EmptyByteBufBE)
GET /devtools/browser/1f1227b6-5a2f-46b0-a641-40b2fe024b35 HTTP/1.1
upgrade: websocket
connection: upgrade
sec-websocket-key: g8qNIbc8DXXEVBXx7epyfw==
sec-websocket-version: 13
origin: http://localhost:64591
host: localhost:64591
accept: */*
user-agent: AHC/2.1

Response DefaultHttpResponse(decodeResult: success, version: HTTP/1.1)
HTTP/1.1 101 WebSocket Protocol Handshake
Upgrade: WebSocket
Connection: Upgrade
Sec-WebSocket-Accept: fuGn7q8v7w4Jb6/TbvOS1CBUV60=

19:42:52.216 [Forwarding get on session e07cb470d6cb3b35735f8fbe5e1e660b to remote] DEBUG org.asynchttpclient.netty.request.NettyRequestSender - Using pooled Channel '[id: 0x6487b955, L:/127.0.0.1:64590 - R:localhost/127.0.0.1:59129]' for 'POST' to 'http://localhost:59129/session/e07cb470d6cb3b35735f8fbe5e1e660b/url'
19:42:52.216 [Forwarding get on session e07cb470d6cb3b35735f8fbe5e1e660b to remote] DEBUG org.asynchttpclient.netty.request.NettyRequestSender - Using open Channel [id: 0x6487b955, L:/127.0.0.1:64590 - R:localhost/127.0.0.1:59129] for POST '/session/e07cb470d6cb3b35735f8fbe5e1e660b/url'
19:42:53.202 [AsyncHttpClient-1-1] DEBUG org.asynchttpclient.netty.channel.DefaultChannelPool - Entry count for : http://localhost:64591 : 1
19:42:54.307 [AsyncHttpClient-1-1] DEBUG org.asynchttpclient.netty.channel.DefaultChannelPool - Entry count for : http://localhost:64591 : 1
19:42:55.408 [AsyncHttpClient-1-1] DEBUG org.asynchttpclient.netty.channel.DefaultChannelPool - Entry count for : http://localhost:64591 : 1
19:42:56.512 [AsyncHttpClient-1-1] DEBUG org.asynchttpclient.netty.channel.DefaultChannelPool - Entry count for : http://localhost:64591 : 1
19:42:57.613 [AsyncHttpClient-1-1] DEBUG org.asynchttpclient.netty.channel.DefaultChannelPool - Entry count for : http://localhost:64591 : 1
19:42:58.703 [AsyncHttpClient-1-1] DEBUG org.asynchttpclient.netty.channel.DefaultChannelPool - Entry count for : http://localhost:64591 : 1
19:42:59.800 [AsyncHttpClient-1-1] DEBUG org.asynchttpclient.netty.channel.DefaultChannelPool - Entry count for : http://localhost:64591 : 1
19:43:00.901 [AsyncHttpClient-1-1] DEBUG org.asynchttpclient.netty.channel.DefaultChannelPool - Entry count for : http://localhost:64591 : 1
19:43:02.001 [AsyncHttpClient-1-1] DEBUG org.asynchttpclient.netty.channel.DefaultChannelPool - Entry count for : http://localhost:64591 : 1
19:43:03.105 [AsyncHttpClient-1-1] DEBUG org.asynchttpclient.netty.channel.DefaultChannelPool - Entry count for : http://localhost:64591 : 1
19:43:04.208 [AsyncHttpClient-1-1] DEBUG org.asynchttpclient.netty.channel.DefaultChannelPool - Entry count for : http://localhost:64591 : 1
19:43:05.310 [AsyncHttpClient-1-1] DEBUG org.asynchttpclient.netty.channel.DefaultChannelPool - Entry count for : http://localhost:64591 : 1
19:43:06.402 [AsyncHttpClient-1-1] DEBUG org.asynchttpclient.netty.channel.DefaultChannelPool - Entry count for : http://localhost:64591 : 1
19:43:07.506 [AsyncHttpClient-1-1] DEBUG org.asynchttpclient.netty.channel.DefaultChannelPool - Entry count for : http://localhost:64591 : 1
19:43:08.607 [AsyncHttpClient-1-1] DEBUG org.asynchttpclient.netty.channel.DefaultChannelPool - Entry count for : http://localhost:64591 : 1
19:43:09.707 [AsyncHttpClient-1-1] DEBUG org.asynchttpclient.netty.channel.DefaultChannelPool - Entry count for : http://localhost:64591 : 1
19:43:10.798 [AsyncHttpClient-1-1] DEBUG org.asynchttpclient.netty.channel.DefaultChannelPool - Entry count for : http://localhost:64591 : 1
19:43:11.907 [AsyncHttpClient-1-1] DEBUG org.asynchttpclient.netty.channel.DefaultChannelPool - Entry count for : http://localhost:64591 : 1
19:43:12.997 [AsyncHttpClient-1-1] DEBUG org.asynchttpclient.netty.channel.DefaultChannelPool - Entry count for : http://localhost:64591 : 1
19:43:14.103 [AsyncHttpClient-1-1] DEBUG org.asynchttpclient.netty.channel.DefaultChannelPool - Entry count for : http://localhost:64591 : 1
19:43:15.209 [AsyncHttpClient-1-1] DEBUG org.asynchttpclient.netty.channel.DefaultChannelPool - Entry count for : http://localhost:64591 : 1
19:43:16.310 [AsyncHttpClient-1-1] DEBUG org.asynchttpclient.netty.channel.DefaultChannelPool - Entry count for : http://localhost:64591 : 1
19:43:17.413 [AsyncHttpClient-1-1] DEBUG org.asynchttpclient.netty.channel.DefaultChannelPool - Entry count for : http://localhost:64591 : 1
19:43:18.497 [AsyncHttpClient-1-1] DEBUG org.asynchttpclient.netty.channel.DefaultChannelPool - Entry count for : http://localhost:64591 : 1
19:43:19.612 [AsyncHttpClient-1-1] DEBUG org.asynchttpclient.netty.channel.DefaultChannelPool - Entry count for : http://localhost:64591 : 1
19:43:20.699 [AsyncHttpClient-1-1] DEBUG org.asynchttpclient.netty.channel.DefaultChannelPool - Entry count for : http://localhost:64591 : 1
19:43:21.803 [AsyncHttpClient-1-1] DEBUG org.asynchttpclient.netty.channel.DefaultChannelPool - Entry count for : http://localhost:64591 : 1
19:43:22.907 [AsyncHttpClient-1-1] DEBUG org.asynchttpclient.netty.channel.DefaultChannelPool - Entry count for : http://localhost:64591 : 1
19:43:24.011 [AsyncHttpClient-1-1] DEBUG org.asynchttpclient.netty.channel.DefaultChannelPool - Entry count for : http://localhost:64591 : 1
19:43:25.113 [AsyncHttpClient-1-1] DEBUG org.asynchttpclient.netty.channel.DefaultChannelPool - Entry count for : http://localhost:64591 : 1
19:43:26.213 [AsyncHttpClient-1-1] DEBUG org.asynchttpclient.netty.channel.DefaultChannelPool - Entry count for : http://localhost:64591 : 1
19:43:27.301 [AsyncHttpClient-1-1] DEBUG org.asynchttpclient.netty.channel.DefaultChannelPool - Entry count for : http://localhost:64591 : 1
19:43:27.488 [AsyncHttpClient-1-7] DEBUG org.asynchttpclient.netty.handler.HttpHandler - 

Request DefaultHttpRequest(decodeResult: success, version: HTTP/1.1)
POST /session/e07cb470d6cb3b35735f8fbe5e1e660b/url HTTP/1.1
User-Agent: selenium/4.1.2 (java windows)
Content-Length: 59
Content-Type: application/json; charset=utf-8
host: localhost:59129
accept: */*

Response DefaultHttpResponse(decodeResult: success, version: HTTP/1.1)
HTTP/1.1 200 OK
Content-Type: application/json; charset=utf-8
cache-control: no-cache
content-length: 14

19:43:27.488 [AsyncHttpClient-1-7] DEBUG org.asynchttpclient.netty.channel.ChannelManager - Adding key: http://localhost:59129 for channel [id: 0x6487b955, L:/127.0.0.1:64590 - R:localhost/127.0.0.1:59129]
19:43:27.490 [Forwarding setTimeout on session e07cb470d6cb3b35735f8fbe5e1e660b to remote] DEBUG org.asynchttpclient.netty.request.NettyRequestSender - Using pooled Channel '[id: 0x6487b955, L:/127.0.0.1:64590 - R:localhost/127.0.0.1:59129]' for 'POST' to 'http://localhost:59129/session/e07cb470d6cb3b35735f8fbe5e1e660b/timeouts'
19:43:27.490 [Forwarding setTimeout on session e07cb470d6cb3b35735f8fbe5e1e660b to remote] DEBUG org.asynchttpclient.netty.request.NettyRequestSender - Using open Channel [id: 0x6487b955, L:/127.0.0.1:64590 - R:localhost/127.0.0.1:59129] for POST '/session/e07cb470d6cb3b35735f8fbe5e1e660b/timeouts'
19:43:27.491 [AsyncHttpClient-1-7] DEBUG org.asynchttpclient.netty.handler.HttpHandler - 

Request DefaultHttpRequest(decodeResult: success, version: HTTP/1.1)
POST /session/e07cb470d6cb3b35735f8fbe5e1e660b/timeouts HTTP/1.1
User-Agent: selenium/4.1.2 (java windows)
Content-Length: 22
Content-Type: application/json; charset=utf-8
host: localhost:59129
accept: */*

Response DefaultHttpResponse(decodeResult: success, version: HTTP/1.1)
HTTP/1.1 200 OK
Content-Type: application/json; charset=utf-8
cache-control: no-cache
content-length: 14

19:43:27.491 [AsyncHttpClient-1-7] DEBUG org.asynchttpclient.netty.channel.ChannelManager - Adding key: http://localhost:59129 for channel [id: 0x6487b955, L:/127.0.0.1:64590 - R:localhost/127.0.0.1:59129]
19:43:27.494 [Forwarding getCurrentUrl on session e07cb470d6cb3b35735f8fbe5e1e660b to remote] DEBUG org.asynchttpclient.netty.request.NettyRequestSender - Using pooled Channel '[id: 0x6487b955, L:/127.0.0.1:64590 - R:localhost/127.0.0.1:59129]' for 'GET' to 'http://localhost:59129/session/e07cb470d6cb3b35735f8fbe5e1e660b/url'
19:43:27.494 [Forwarding getCurrentUrl on session e07cb470d6cb3b35735f8fbe5e1e660b to remote] DEBUG org.asynchttpclient.netty.request.NettyRequestSender - Using open Channel [id: 0x6487b955, L:/127.0.0.1:64590 - R:localhost/127.0.0.1:59129] for GET '/session/e07cb470d6cb3b35735f8fbe5e1e660b/url'
19:43:27.499 [AsyncHttpClient-1-7] DEBUG org.asynchttpclient.netty.handler.HttpHandler - 

Request DefaultFullHttpRequest(decodeResult: success, version: HTTP/1.1, content: EmptyByteBufBE)
GET /session/e07cb470d6cb3b35735f8fbe5e1e660b/url HTTP/1.1
User-Agent: selenium/4.1.2 (java windows)
Cache-Control: no-cache
Content-Type: application/json; charset=utf-8
host: localhost:59129
accept: */*

Response DefaultHttpResponse(decodeResult: success, version: HTTP/1.1)
HTTP/1.1 200 OK
Content-Type: application/json; charset=utf-8
cache-control: no-cache
content-length: 41

19:43:27.499 [AsyncHttpClient-1-7] DEBUG org.asynchttpclient.netty.channel.ChannelManager - Adding key: http://localhost:59129 for channel [id: 0x6487b955, L:/127.0.0.1:64590 - R:localhost/127.0.0.1:59129]
  &amp#27;[32mGiven &amp#27;[0m&amp#27;[32mI open the website&amp#27;[0m               &amp#27;[90m# starter.steps.RegistrationStep.iOpenTheWebsite()&amp#27;[0m
19:43:27.503 [Forwarding screenshot on session e07cb470d6cb3b35735f8fbe5e1e660b to remote] DEBUG org.asynchttpclient.netty.request.NettyRequestSender - Using pooled Channel '[id: 0x6487b955, L:/127.0.0.1:64590 - R:localhost/127.0.0.1:59129]' for 'GET' to 'http://localhost:59129/session/e07cb470d6cb3b35735f8fbe5e1e660b/screenshot'
19:43:27.503 [Forwarding screenshot on session e07cb470d6cb3b35735f8fbe5e1e660b to remote] DEBUG org.asynchttpclient.netty.request.NettyRequestSender - Using open Channel [id: 0x6487b955, L:/127.0.0.1:64590 - R:localhost/127.0.0.1:59129] for GET '/session/e07cb470d6cb3b35735f8fbe5e1e660b/screenshot'
19:43:27.604 [AsyncHttpClient-1-7] DEBUG org.asynchttpclient.netty.handler.HttpHandler - 

Request DefaultFullHttpRequest(decodeResult: success, version: HTTP/1.1, content: EmptyByteBufBE)
GET /session/e07cb470d6cb3b35735f8fbe5e1e660b/screenshot HTTP/1.1
User-Agent: selenium/4.1.2 (java windows)
Cache-Control: no-cache
Content-Type: application/json; charset=utf-8
host: localhost:59129
accept: */*

Response DefaultHttpResponse(decodeResult: success, version: HTTP/1.1)
HTTP/1.1 200 OK
Content-Type: application/json; charset=utf-8
cache-control: no-cache
content-length: 69584

19:43:27.604 [AsyncHttpClient-1-7] DEBUG org.asynchttpclient.netty.channel.ChannelManager - Adding key: http://localhost:59129 for channel [id: 0x6487b955, L:/127.0.0.1:64590 - R:localhost/127.0.0.1:59129]
19:43:27.611 [main] DEBUG net.serenitybdd.core.photography.Darkroom - Send negative for processing for target\site\serenity\5297bd387dc3249e00c2d6656fb13e2699af90824ba878fd382afd24108abb14.png
19:43:27.620 [Forwarding findElement on session e07cb470d6cb3b35735f8fbe5e1e660b to remote] DEBUG org.asynchttpclient.netty.request.NettyRequestSender - Using pooled Channel '[id: 0x6487b955, L:/127.0.0.1:64590 - R:localhost/127.0.0.1:59129]' for 'POST' to 'http://localhost:59129/session/e07cb470d6cb3b35735f8fbe5e1e660b/element'
19:43:27.620 [Forwarding findElement on session e07cb470d6cb3b35735f8fbe5e1e660b to remote] DEBUG org.asynchttpclient.netty.request.NettyRequestSender - Using open Channel [id: 0x6487b955, L:/127.0.0.1:64590 - R:localhost/127.0.0.1:59129] for POST '/session/e07cb470d6cb3b35735f8fbe5e1e660b/element'
19:43:27.629 [AsyncHttpClient-1-7] DEBUG org.asynchttpclient.netty.handler.HttpHandler - 

Request DefaultHttpRequest(decodeResult: success, version: HTTP/1.1)
POST /session/e07cb470d6cb3b35735f8fbe5e1e660b/element HTTP/1.1
User-Agent: selenium/4.1.2 (java windows)
Content-Length: 97
Content-Type: application/json; charset=utf-8
host: localhost:59129
accept: */*

Response DefaultHttpResponse(decodeResult: success, version: HTTP/1.1)
HTTP/1.1 200 OK
Content-Type: application/json; charset=utf-8
cache-control: no-cache
content-length: 88

19:43:27.629 [AsyncHttpClient-1-7] DEBUG org.asynchttpclient.netty.channel.ChannelManager - Adding key: http://localhost:59129 for channel [id: 0x6487b955, L:/127.0.0.1:64590 - R:localhost/127.0.0.1:59129]
19:43:27.632 [Forwarding getElementTagName on session e07cb470d6cb3b35735f8fbe5e1e660b to remote] DEBUG org.asynchttpclient.netty.request.NettyRequestSender - Using pooled Channel '[id: 0x6487b955, L:/127.0.0.1:64590 - R:localhost/127.0.0.1:59129]' for 'GET' to 'http://localhost:59129/session/e07cb470d6cb3b35735f8fbe5e1e660b/element/299b09a5-8718-4e0a-98fa-9548561cafba/name'
19:43:27.632 [Forwarding getElementTagName on session e07cb470d6cb3b35735f8fbe5e1e660b to remote] DEBUG org.asynchttpclient.netty.request.NettyRequestSender - Using open Channel [id: 0x6487b955, L:/127.0.0.1:64590 - R:localhost/127.0.0.1:59129] for GET '/session/e07cb470d6cb3b35735f8fbe5e1e660b/element/299b09a5-8718-4e0a-98fa-9548561cafba/name'
19:43:27.635 [AsyncHttpClient-1-7] DEBUG org.asynchttpclient.netty.handler.HttpHandler - 

Request DefaultFullHttpRequest(decodeResult: success, version: HTTP/1.1, content: EmptyByteBufBE)
GET /session/e07cb470d6cb3b35735f8fbe5e1e660b/element/299b09a5-8718-4e0a-98fa-9548561cafba/name HTTP/1.1
User-Agent: selenium/4.1.2 (java windows)
Cache-Control: no-cache
Content-Type: application/json; charset=utf-8
host: localhost:59129
accept: */*

Response DefaultHttpResponse(decodeResult: success, version: HTTP/1.1)
HTTP/1.1 200 OK
Content-Type: application/json; charset=utf-8
cache-control: no-cache
content-length: 13

19:43:27.635 [AsyncHttpClient-1-7] DEBUG org.asynchttpclient.netty.channel.ChannelManager - Adding key: http://localhost:59129 for channel [id: 0x6487b955, L:/127.0.0.1:64590 - R:localhost/127.0.0.1:59129]
19:43:27.636 [Forwarding getElementTagName on session e07cb470d6cb3b35735f8fbe5e1e660b to remote] DEBUG org.asynchttpclient.netty.request.NettyRequestSender - Using pooled Channel '[id: 0x6487b955, L:/127.0.0.1:64590 - R:localhost/127.0.0.1:59129]' for 'GET' to 'http://localhost:59129/session/e07cb470d6cb3b35735f8fbe5e1e660b/element/299b09a5-8718-4e0a-98fa-9548561cafba/name'
19:43:27.636 [Forwarding getElementTagName on session e07cb470d6cb3b35735f8fbe5e1e660b to remote] DEBUG org.asynchttpclient.netty.request.NettyRequestSender - Using open Channel [id: 0x6487b955, L:/127.0.0.1:64590 - R:localhost/127.0.0.1:59129] for GET '/session/e07cb470d6cb3b35735f8fbe5e1e660b/element/299b09a5-8718-4e0a-98fa-9548561cafba/name'
19:43:27.638 [AsyncHttpClient-1-7] DEBUG org.asynchttpclient.netty.handler.HttpHandler - 

Request DefaultFullHttpRequest(decodeResult: success, version: HTTP/1.1, content: EmptyByteBufBE)
GET /session/e07cb470d6cb3b35735f8fbe5e1e660b/element/299b09a5-8718-4e0a-98fa-9548561cafba/name HTTP/1.1
User-Agent: selenium/4.1.2 (java windows)
Cache-Control: no-cache
Content-Type: application/json; charset=utf-8
host: localhost:59129
accept: */*

Response DefaultHttpResponse(decodeResult: success, version: HTTP/1.1)
HTTP/1.1 200 OK
Content-Type: application/json; charset=utf-8
cache-control: no-cache
content-length: 13

19:43:27.638 [AsyncHttpClient-1-7] DEBUG org.asynchttpclient.netty.channel.ChannelManager - Adding key: http://localhost:59129 for channel [id: 0x6487b955, L:/127.0.0.1:64590 - R:localhost/127.0.0.1:59129]
19:43:27.641 [Forwarding findElement on session e07cb470d6cb3b35735f8fbe5e1e660b to remote] DEBUG org.asynchttpclient.netty.request.NettyRequestSender - Using pooled Channel '[id: 0x6487b955, L:/127.0.0.1:64590 - R:localhost/127.0.0.1:59129]' for 'POST' to 'http://localhost:59129/session/e07cb470d6cb3b35735f8fbe5e1e660b/element'
19:43:27.641 [Forwarding findElement on session e07cb470d6cb3b35735f8fbe5e1e660b to remote] DEBUG org.asynchttpclient.netty.request.NettyRequestSender - Using open Channel [id: 0x6487b955, L:/127.0.0.1:64590 - R:localhost/127.0.0.1:59129] for POST '/session/e07cb470d6cb3b35735f8fbe5e1e660b/element'
19:43:27.649 [AsyncHttpClient-1-7] DEBUG org.asynchttpclient.netty.handler.HttpHandler - 

Request DefaultHttpRequest(decodeResult: success, version: HTTP/1.1)
POST /session/e07cb470d6cb3b35735f8fbe5e1e660b/element HTTP/1.1
User-Agent: selenium/4.1.2 (java windows)
Content-Length: 97
Content-Type: application/json; charset=utf-8
host: localhost:59129
accept: */*

Response DefaultHttpResponse(decodeResult: success, version: HTTP/1.1)
HTTP/1.1 200 OK
Content-Type: application/json; charset=utf-8
cache-control: no-cache
content-length: 88

19:43:27.649 [AsyncHttpClient-1-7] DEBUG org.asynchttpclient.netty.channel.ChannelManager - Adding key: http://localhost:59129 for channel [id: 0x6487b955, L:/127.0.0.1:64590 - R:localhost/127.0.0.1:59129]
19:43:27.651 [Forwarding clickElement on session e07cb470d6cb3b35735f8fbe5e1e660b to remote] DEBUG org.asynchttpclient.netty.request.NettyRequestSender - Using pooled Channel '[id: 0x6487b955, L:/127.0.0.1:64590 - R:localhost/127.0.0.1:59129]' for 'POST' to 'http://localhost:59129/session/e07cb470d6cb3b35735f8fbe5e1e660b/element/299b09a5-8718-4e0a-98fa-9548561cafba/click'
19:43:27.651 [Forwarding clickElement on session e07cb470d6cb3b35735f8fbe5e1e660b to remote] DEBUG org.asynchttpclient.netty.request.NettyRequestSender - Using open Channel [id: 0x6487b955, L:/127.0.0.1:64590 - R:localhost/127.0.0.1:59129] for POST '/session/e07cb470d6cb3b35735f8fbe5e1e660b/element/299b09a5-8718-4e0a-98fa-9548561cafba/click'
19:43:27.718 [AsyncHttpClient-1-7] DEBUG org.asynchttpclient.netty.handler.HttpHandler - 

Request DefaultHttpRequest(decodeResult: success, version: HTTP/1.1)
POST /session/e07cb470d6cb3b35735f8fbe5e1e660b/element/299b09a5-8718-4e0a-98fa-9548561cafba/click HTTP/1.1
User-Agent: selenium/4.1.2 (java windows)
Content-Length: 50
Content-Type: application/json; charset=utf-8
host: localhost:59129
accept: */*

Response DefaultHttpResponse(decodeResult: success, version: HTTP/1.1)
HTTP/1.1 200 OK
Content-Type: application/json; charset=utf-8
cache-control: no-cache
content-length: 14

19:43:27.718 [AsyncHttpClient-1-7] DEBUG org.asynchttpclient.netty.channel.ChannelManager - Adding key: http://localhost:59129 for channel [id: 0x6487b955, L:/127.0.0.1:64590 - R:localhost/127.0.0.1:59129]
  &amp#27;[32mWhen &amp#27;[0m&amp#27;[32mI click sign in button&amp#27;[0m            &amp#27;[90m# starter.steps.RegistrationStep.iClickSignInButton()&amp#27;[0m
19:43:27.725 [Forwarding screenshot on session e07cb470d6cb3b35735f8fbe5e1e660b to remote] DEBUG org.asynchttpclient.netty.request.NettyRequestSender - Using pooled Channel '[id: 0x6487b955, L:/127.0.0.1:64590 - R:localhost/127.0.0.1:59129]' for 'GET' to 'http://localhost:59129/session/e07cb470d6cb3b35735f8fbe5e1e660b/screenshot'
19:43:27.725 [Forwarding screenshot on session e07cb470d6cb3b35735f8fbe5e1e660b to remote] DEBUG org.asynchttpclient.netty.request.NettyRequestSender - Using open Channel [id: 0x6487b955, L:/127.0.0.1:64590 - R:localhost/127.0.0.1:59129] for GET '/session/e07cb470d6cb3b35735f8fbe5e1e660b/screenshot'
19:43:27.940 [AsyncHttpClient-1-7] DEBUG org.asynchttpclient.netty.handler.HttpHandler - 

Request DefaultFullHttpRequest(decodeResult: success, version: HTTP/1.1, content: EmptyByteBufBE)
GET /session/e07cb470d6cb3b35735f8fbe5e1e660b/screenshot HTTP/1.1
User-Agent: selenium/4.1.2 (java windows)
Cache-Control: no-cache
Content-Type: application/json; charset=utf-8
host: localhost:59129
accept: */*

Response DefaultHttpResponse(decodeResult: success, version: HTTP/1.1)
HTTP/1.1 200 OK
Content-Type: application/json; charset=utf-8
cache-control: no-cache
content-length: 41244

19:43:27.940 [AsyncHttpClient-1-7] DEBUG org.asynchttpclient.netty.channel.ChannelManager - Adding key: http://localhost:59129 for channel [id: 0x6487b955, L:/127.0.0.1:64590 - R:localhost/127.0.0.1:59129]
19:43:27.942 [main] DEBUG net.serenitybdd.core.photography.Darkroom - Send negative for processing for target\site\serenity\84875b18f5edc69f931c1a164301fb362021396e60692942830a942de2391dd0.png
19:43:27.942 [Darkroom Processing Line] DEBUG net.serenitybdd.core.photography.DarkroomProcessingLine - Processing screenshot image in /var/screenshots/screenshot-10980321798235221331
19:43:27.942 [Darkroom Processing Line] DEBUG net.serenitybdd.core.photography.DarkroomProcessingLine - Saving screenshot to target\site\serenity\84875b18f5edc69f931c1a164301fb362021396e60692942830a942de2391dd0.png
19:43:27.949 [Forwarding findElement on session e07cb470d6cb3b35735f8fbe5e1e660b to remote] DEBUG org.asynchttpclient.netty.request.NettyRequestSender - Using pooled Channel '[id: 0x6487b955, L:/127.0.0.1:64590 - R:localhost/127.0.0.1:59129]' for 'POST' to 'http://localhost:59129/session/e07cb470d6cb3b35735f8fbe5e1e660b/element'
19:43:27.949 [Forwarding findElement on session e07cb470d6cb3b35735f8fbe5e1e660b to remote] DEBUG org.asynchttpclient.netty.request.NettyRequestSender - Using open Channel [id: 0x6487b955, L:/127.0.0.1:64590 - R:localhost/127.0.0.1:59129] for POST '/session/e07cb470d6cb3b35735f8fbe5e1e660b/element'
19:43:27.957 [AsyncHttpClient-1-7] DEBUG org.asynchttpclient.netty.handler.HttpHandler - 

Request DefaultHttpRequest(decodeResult: success, version: HTTP/1.1)
POST /session/e07cb470d6cb3b35735f8fbe5e1e660b/element HTTP/1.1
User-Agent: selenium/4.1.2 (java windows)
Content-Length: 84
Content-Type: application/json; charset=utf-8
host: localhost:59129
accept: */*

Response DefaultHttpResponse(decodeResult: success, version: HTTP/1.1)
HTTP/1.1 200 OK
Content-Type: application/json; charset=utf-8
cache-control: no-cache
content-length: 88

19:43:27.957 [AsyncHttpClient-1-7] DEBUG org.asynchttpclient.netty.channel.ChannelManager - Adding key: http://localhost:59129 for channel [id: 0x6487b955, L:/127.0.0.1:64590 - R:localhost/127.0.0.1:59129]
19:43:27.958 [Forwarding getElementTagName on session e07cb470d6cb3b35735f8fbe5e1e660b to remote] DEBUG org.asynchttpclient.netty.request.NettyRequestSender - Using pooled Channel '[id: 0x6487b955, L:/127.0.0.1:64590 - R:localhost/127.0.0.1:59129]' for 'GET' to 'http://localhost:59129/session/e07cb470d6cb3b35735f8fbe5e1e660b/element/eec6f612-ea35-497b-8b98-77ffd69a87e2/name'
19:43:27.958 [Forwarding getElementTagName on session e07cb470d6cb3b35735f8fbe5e1e660b to remote] DEBUG org.asynchttpclient.netty.request.NettyRequestSender - Using open Channel [id: 0x6487b955, L:/127.0.0.1:64590 - R:localhost/127.0.0.1:59129] for GET '/session/e07cb470d6cb3b35735f8fbe5e1e660b/element/eec6f612-ea35-497b-8b98-77ffd69a87e2/name'
19:43:27.962 [AsyncHttpClient-1-7] DEBUG org.asynchttpclient.netty.handler.HttpHandler - 

Request DefaultFullHttpRequest(decodeResult: success, version: HTTP/1.1, content: EmptyByteBufBE)
GET /session/e07cb470d6cb3b35735f8fbe5e1e660b/element/eec6f612-ea35-497b-8b98-77ffd69a87e2/name HTTP/1.1
User-Agent: selenium/4.1.2 (java windows)
Cache-Control: no-cache
Content-Type: application/json; charset=utf-8
host: localhost:59129
accept: */*

Response DefaultHttpResponse(decodeResult: success, version: HTTP/1.1)
HTTP/1.1 200 OK
Content-Type: application/json; charset=utf-8
cache-control: no-cache
content-length: 13

19:43:27.963 [AsyncHttpClient-1-7] DEBUG org.asynchttpclient.netty.channel.ChannelManager - Adding key: http://localhost:59129 for channel [id: 0x6487b955, L:/127.0.0.1:64590 - R:localhost/127.0.0.1:59129]
19:43:27.965 [Forwarding getElementTagName on session e07cb470d6cb3b35735f8fbe5e1e660b to remote] DEBUG org.asynchttpclient.netty.request.NettyRequestSender - Using pooled Channel '[id: 0x6487b955, L:/127.0.0.1:64590 - R:localhost/127.0.0.1:59129]' for 'GET' to 'http://localhost:59129/session/e07cb470d6cb3b35735f8fbe5e1e660b/element/eec6f612-ea35-497b-8b98-77ffd69a87e2/name'
19:43:27.965 [Forwarding getElementTagName on session e07cb470d6cb3b35735f8fbe5e1e660b to remote] DEBUG org.asynchttpclient.netty.request.NettyRequestSender - Using open Channel [id: 0x6487b955, L:/127.0.0.1:64590 - R:localhost/127.0.0.1:59129] for GET '/session/e07cb470d6cb3b35735f8fbe5e1e660b/element/eec6f612-ea35-497b-8b98-77ffd69a87e2/name'
19:43:27.971 [AsyncHttpClient-1-7] DEBUG org.asynchttpclient.netty.handler.HttpHandler - 

Request DefaultFullHttpRequest(decodeResult: success, version: HTTP/1.1, content: EmptyByteBufBE)
GET /session/e07cb470d6cb3b35735f8fbe5e1e660b/element/eec6f612-ea35-497b-8b98-77ffd69a87e2/name HTTP/1.1
User-Agent: selenium/4.1.2 (java windows)
Cache-Control: no-cache
Content-Type: application/json; charset=utf-8
host: localhost:59129
accept: */*

Response DefaultHttpResponse(decodeResult: success, version: HTTP/1.1)
HTTP/1.1 200 OK
Content-Type: application/json; charset=utf-8
cache-control: no-cache
content-length: 13

19:43:27.971 [AsyncHttpClient-1-7] DEBUG org.asynchttpclient.netty.channel.ChannelManager - Adding key: http://localhost:59129 for channel [id: 0x6487b955, L:/127.0.0.1:64590 - R:localhost/127.0.0.1:59129]
19:43:27.973 [Forwarding findElement on session e07cb470d6cb3b35735f8fbe5e1e660b to remote] DEBUG org.asynchttpclient.netty.request.NettyRequestSender - Using pooled Channel '[id: 0x6487b955, L:/127.0.0.1:64590 - R:localhost/127.0.0.1:59129]' for 'POST' to 'http://localhost:59129/session/e07cb470d6cb3b35735f8fbe5e1e660b/element'
19:43:27.973 [Forwarding findElement on session e07cb470d6cb3b35735f8fbe5e1e660b to remote] DEBUG org.asynchttpclient.netty.request.NettyRequestSender - Using open Channel [id: 0x6487b955, L:/127.0.0.1:64590 - R:localhost/127.0.0.1:59129] for POST '/session/e07cb470d6cb3b35735f8fbe5e1e660b/element'
19:43:27.986 [AsyncHttpClient-1-7] DEBUG org.asynchttpclient.netty.handler.HttpHandler - 

Request DefaultHttpRequest(decodeResult: success, version: HTTP/1.1)
POST /session/e07cb470d6cb3b35735f8fbe5e1e660b/element HTTP/1.1
User-Agent: selenium/4.1.2 (java windows)
Content-Length: 84
Content-Type: application/json; charset=utf-8
host: localhost:59129
accept: */*

Response DefaultHttpResponse(decodeResult: success, version: HTTP/1.1)
HTTP/1.1 200 OK
Content-Type: application/json; charset=utf-8
cache-control: no-cache
content-length: 88

19:43:27.986 [AsyncHttpClient-1-7] DEBUG org.asynchttpclient.netty.channel.ChannelManager - Adding key: http://localhost:59129 for channel [id: 0x6487b955, L:/127.0.0.1:64590 - R:localhost/127.0.0.1:59129]
19:43:27.987 [Forwarding clickElement on session e07cb470d6cb3b35735f8fbe5e1e660b to remote] DEBUG org.asynchttpclient.netty.request.NettyRequestSender - Using pooled Channel '[id: 0x6487b955, L:/127.0.0.1:64590 - R:localhost/127.0.0.1:59129]' for 'POST' to 'http://localhost:59129/session/e07cb470d6cb3b35735f8fbe5e1e660b/element/eec6f612-ea35-497b-8b98-77ffd69a87e2/click'
19:43:27.987 [Forwarding clickElement on session e07cb470d6cb3b35735f8fbe5e1e660b to remote] DEBUG org.asynchttpclient.netty.request.NettyRequestSender - Using open Channel [id: 0x6487b955, L:/127.0.0.1:64590 - R:localhost/127.0.0.1:59129] for POST '/session/e07cb470d6cb3b35735f8fbe5e1e660b/element/eec6f612-ea35-497b-8b98-77ffd69a87e2/click'
19:43:28.032 [AsyncHttpClient-1-7] DEBUG org.asynchttpclient.netty.handler.HttpHandler - 

Request DefaultHttpRequest(decodeResult: success, version: HTTP/1.1)
POST /session/e07cb470d6cb3b35735f8fbe5e1e660b/element/eec6f612-ea35-497b-8b98-77ffd69a87e2/click HTTP/1.1
User-Agent: selenium/4.1.2 (java windows)
Content-Length: 50
Content-Type: application/json; charset=utf-8
host: localhost:59129
accept: */*

Response DefaultHttpResponse(decodeResult: success, version: HTTP/1.1)
HTTP/1.1 200 OK
Content-Type: application/json; charset=utf-8
cache-control: no-cache
content-length: 14

19:43:28.032 [AsyncHttpClient-1-7] DEBUG org.asynchttpclient.netty.channel.ChannelManager - Adding key: http://localhost:59129 for channel [id: 0x6487b955, L:/127.0.0.1:64590 - R:localhost/127.0.0.1:59129]
  &amp#27;[32mAnd &amp#27;[0m&amp#27;[32mI click register link&amp#27;[0m              &amp#27;[90m# starter.steps.RegistrationStep.iClickRegisterLink()&amp#27;[0m
19:43:28.039 [Forwarding screenshot on session e07cb470d6cb3b35735f8fbe5e1e660b to remote] DEBUG org.asynchttpclient.netty.request.NettyRequestSender - Using pooled Channel '[id: 0x6487b955, L:/127.0.0.1:64590 - R:localhost/127.0.0.1:59129]' for 'GET' to 'http://localhost:59129/session/e07cb470d6cb3b35735f8fbe5e1e660b/screenshot'
19:43:28.039 [Forwarding screenshot on session e07cb470d6cb3b35735f8fbe5e1e660b to remote] DEBUG org.asynchttpclient.netty.request.NettyRequestSender - Using open Channel [id: 0x6487b955, L:/127.0.0.1:64590 - R:localhost/127.0.0.1:59129] for GET '/session/e07cb470d6cb3b35735f8fbe5e1e660b/screenshot'
19:43:28.207 [AsyncHttpClient-1-7] DEBUG org.asynchttpclient.netty.handler.HttpHandler - 

Request DefaultFullHttpRequest(decodeResult: success, version: HTTP/1.1, content: EmptyByteBufBE)
GET /session/e07cb470d6cb3b35735f8fbe5e1e660b/screenshot HTTP/1.1
User-Agent: selenium/4.1.2 (java windows)
Cache-Control: no-cache
Content-Type: application/json; charset=utf-8
host: localhost:59129
accept: */*

Response DefaultHttpResponse(decodeResult: success, version: HTTP/1.1)
HTTP/1.1 200 OK
Content-Type: application/json; charset=utf-8
cache-control: no-cache
content-length: 46400

19:43:28.207 [AsyncHttpClient-1-7] DEBUG org.asynchttpclient.netty.channel.ChannelManager - Adding key: http://localhost:59129 for channel [id: 0x6487b955, L:/127.0.0.1:64590 - R:localhost/127.0.0.1:59129]
19:43:28.208 [main] DEBUG net.serenitybdd.core.photography.Darkroom - Send negative for processing for target\site\serenity\a595abf12c5c46143a50de784dd95ec844e22b8b5a659f8cc522f2883c095fac.png
19:43:28.209 [Darkroom Processing Line] DEBUG net.serenitybdd.core.photography.DarkroomProcessingLine - Processing screenshot image in /var/screenshots/screenshot-5496965828821586894
19:43:28.209 [Darkroom Processing Line] DEBUG net.serenitybdd.core.photography.DarkroomProcessingLine - Saving screenshot to target\site\serenity\a595abf12c5c46143a50de784dd95ec844e22b8b5a659f8cc522f2883c095fac.png
19:43:28.217 [Forwarding findElement on session e07cb470d6cb3b35735f8fbe5e1e660b to remote] DEBUG org.asynchttpclient.netty.request.NettyRequestSender - Using pooled Channel '[id: 0x6487b955, L:/127.0.0.1:64590 - R:localhost/127.0.0.1:59129]' for 'POST' to 'http://localhost:59129/session/e07cb470d6cb3b35735f8fbe5e1e660b/element'
19:43:28.217 [Forwarding findElement on session e07cb470d6cb3b35735f8fbe5e1e660b to remote] DEBUG org.asynchttpclient.netty.request.NettyRequestSender - Using open Channel [id: 0x6487b955, L:/127.0.0.1:64590 - R:localhost/127.0.0.1:59129] for POST '/session/e07cb470d6cb3b35735f8fbe5e1e660b/element'
19:43:28.225 [AsyncHttpClient-1-7] DEBUG org.asynchttpclient.netty.handler.HttpHandler - 

Request DefaultHttpRequest(decodeResult: success, version: HTTP/1.1)
POST /session/e07cb470d6cb3b35735f8fbe5e1e660b/element HTTP/1.1
User-Agent: selenium/4.1.2 (java windows)
Content-Length: 93
Content-Type: application/json; charset=utf-8
host: localhost:59129
accept: */*

Response DefaultHttpResponse(decodeResult: success, version: HTTP/1.1)
HTTP/1.1 200 OK
Content-Type: application/json; charset=utf-8
cache-control: no-cache
content-length: 88

19:43:28.225 [AsyncHttpClient-1-7] DEBUG org.asynchttpclient.netty.channel.ChannelManager - Adding key: http://localhost:59129 for channel [id: 0x6487b955, L:/127.0.0.1:64590 - R:localhost/127.0.0.1:59129]
19:43:28.229 [Forwarding clearElement on session e07cb470d6cb3b35735f8fbe5e1e660b to remote] DEBUG org.asynchttpclient.netty.request.NettyRequestSender - Using pooled Channel '[id: 0x6487b955, L:/127.0.0.1:64590 - R:localhost/127.0.0.1:59129]' for 'POST' to 'http://localhost:59129/session/e07cb470d6cb3b35735f8fbe5e1e660b/element/77b7046c-52d4-43e4-822e-20d5de6ff5c4/clear'
19:43:28.229 [Forwarding clearElement on session e07cb470d6cb3b35735f8fbe5e1e660b to remote] DEBUG org.asynchttpclient.netty.request.NettyRequestSender - Using open Channel [id: 0x6487b955, L:/127.0.0.1:64590 - R:localhost/127.0.0.1:59129] for POST '/session/e07cb470d6cb3b35735f8fbe5e1e660b/element/77b7046c-52d4-43e4-822e-20d5de6ff5c4/clear'
19:43:28.256 [AsyncHttpClient-1-7] DEBUG org.asynchttpclient.netty.handler.HttpHandler - 

Request DefaultHttpRequest(decodeResult: success, version: HTTP/1.1)
POST /session/e07cb470d6cb3b35735f8fbe5e1e660b/element/77b7046c-52d4-43e4-822e-20d5de6ff5c4/clear HTTP/1.1
User-Agent: selenium/4.1.2 (java windows)
Content-Length: 50
Content-Type: application/json; charset=utf-8
host: localhost:59129
accept: */*

Response DefaultHttpResponse(decodeResult: success, version: HTTP/1.1)
HTTP/1.1 200 OK
Content-Type: application/json; charset=utf-8
cache-control: no-cache
content-length: 14

19:43:28.258 [AsyncHttpClient-1-7] DEBUG org.asynchttpclient.netty.channel.ChannelManager - Adding key: http://localhost:59129 for channel [id: 0x6487b955, L:/127.0.0.1:64590 - R:localhost/127.0.0.1:59129]
19:43:28.258 [Forwarding sendKeysToElement on session e07cb470d6cb3b35735f8fbe5e1e660b to remote] DEBUG org.asynchttpclient.netty.request.NettyRequestSender - Using pooled Channel '[id: 0x6487b955, L:/127.0.0.1:64590 - R:localhost/127.0.0.1:59129]' for 'POST' to 'http://localhost:59129/session/e07cb470d6cb3b35735f8fbe5e1e660b/element/77b7046c-52d4-43e4-822e-20d5de6ff5c4/value'
19:43:28.258 [Forwarding sendKeysToElement on session e07cb470d6cb3b35735f8fbe5e1e660b to remote] DEBUG org.asynchttpclient.netty.request.NettyRequestSender - Using open Channel [id: 0x6487b955, L:/127.0.0.1:64590 - R:localhost/127.0.0.1:59129] for POST '/session/e07cb470d6cb3b35735f8fbe5e1e660b/element/77b7046c-52d4-43e4-822e-20d5de6ff5c4/value'
19:43:28.285 [AsyncHttpClient-1-7] DEBUG org.asynchttpclient.netty.handler.HttpHandler - 

Request DefaultHttpRequest(decodeResult: success, version: HTTP/1.1)
POST /session/e07cb470d6cb3b35735f8fbe5e1e660b/element/77b7046c-52d4-43e4-822e-20d5de6ff5c4/value HTTP/1.1
User-Agent: selenium/4.1.2 (java windows)
Content-Length: 82
Content-Type: application/json; charset=utf-8
host: localhost:59129
accept: */*

Response DefaultHttpResponse(decodeResult: success, version: HTTP/1.1)
HTTP/1.1 200 OK
Content-Type: application/json; charset=utf-8
cache-control: no-cache
content-length: 14

19:43:28.285 [AsyncHttpClient-1-7] DEBUG org.asynchttpclient.netty.channel.ChannelManager - Adding key: http://localhost:59129 for channel [id: 0x6487b955, L:/127.0.0.1:64590 - R:localhost/127.0.0.1:59129]
  &amp#27;[32mAnd &amp#27;[0m&amp#27;[32mI input &amp#27;[0m&amp#27;[32m&amp#27;[1m""&amp#27;[0m&amp#27;[32m fullname&amp#27;[0m                &amp#27;[90m# starter.steps.RegistrationStep.iInputFullname(java.lang.String)&amp#27;[0m
19:43:28.289 [Forwarding screenshot on session e07cb470d6cb3b35735f8fbe5e1e660b to remote] DEBUG org.asynchttpclient.netty.request.NettyRequestSender - Using pooled Channel '[id: 0x6487b955, L:/127.0.0.1:64590 - R:localhost/127.0.0.1:59129]' for 'GET' to 'http://localhost:59129/session/e07cb470d6cb3b35735f8fbe5e1e660b/screenshot'
19:43:28.289 [Forwarding screenshot on session e07cb470d6cb3b35735f8fbe5e1e660b to remote] DEBUG org.asynchttpclient.netty.request.NettyRequestSender - Using open Channel [id: 0x6487b955, L:/127.0.0.1:64590 - R:localhost/127.0.0.1:59129] for GET '/session/e07cb470d6cb3b35735f8fbe5e1e660b/screenshot'
19:43:28.407 [AsyncHttpClient-1-1] DEBUG org.asynchttpclient.netty.channel.DefaultChannelPool - Entry count for : http://localhost:64591 : 1
19:43:28.454 [AsyncHttpClient-1-7] DEBUG org.asynchttpclient.netty.handler.HttpHandler - 

Request DefaultFullHttpRequest(decodeResult: success, version: HTTP/1.1, content: EmptyByteBufBE)
GET /session/e07cb470d6cb3b35735f8fbe5e1e660b/screenshot HTTP/1.1
User-Agent: selenium/4.1.2 (java windows)
Cache-Control: no-cache
Content-Type: application/json; charset=utf-8
host: localhost:59129
accept: */*

Response DefaultHttpResponse(decodeResult: success, version: HTTP/1.1)
HTTP/1.1 200 OK
Content-Type: application/json; charset=utf-8
cache-control: no-cache
content-length: 45128

19:43:28.454 [AsyncHttpClient-1-7] DEBUG org.asynchttpclient.netty.channel.ChannelManager - Adding key: http://localhost:59129 for channel [id: 0x6487b955, L:/127.0.0.1:64590 - R:localhost/127.0.0.1:59129]
19:43:28.455 [main] DEBUG net.serenitybdd.core.photography.Darkroom - Send negative for processing for target\site\serenity\ac5fac507738d7b2ac6386a234618672225a0c9acb7c7735becceff26d75c489.png
19:43:28.455 [Darkroom Processing Line] DEBUG net.serenitybdd.core.photography.DarkroomProcessingLine - Processing screenshot image in /var/screenshots/screenshot-18411328478833663315
19:43:28.455 [Darkroom Processing Line] DEBUG net.serenitybdd.core.photography.DarkroomProcessingLine - Saving screenshot to target\site\serenity\ac5fac507738d7b2ac6386a234618672225a0c9acb7c7735becceff26d75c489.png
19:43:28.466 [Forwarding findElement on session e07cb470d6cb3b35735f8fbe5e1e660b to remote] DEBUG org.asynchttpclient.netty.request.NettyRequestSender - Using pooled Channel '[id: 0x6487b955, L:/127.0.0.1:64590 - R:localhost/127.0.0.1:59129]' for 'POST' to 'http://localhost:59129/session/e07cb470d6cb3b35735f8fbe5e1e660b/element'
19:43:28.466 [Forwarding findElement on session e07cb470d6cb3b35735f8fbe5e1e660b to remote] DEBUG org.asynchttpclient.netty.request.NettyRequestSender - Using open Channel [id: 0x6487b955, L:/127.0.0.1:64590 - R:localhost/127.0.0.1:59129] for POST '/session/e07cb470d6cb3b35735f8fbe5e1e660b/element'
19:43:28.507 [AsyncHttpClient-1-7] DEBUG org.asynchttpclient.netty.handler.HttpHandler - 

Request DefaultHttpRequest(decodeResult: success, version: HTTP/1.1)
POST /session/e07cb470d6cb3b35735f8fbe5e1e660b/element HTTP/1.1
User-Agent: selenium/4.1.2 (java windows)
Content-Length: 86
Content-Type: application/json; charset=utf-8
host: localhost:59129
accept: */*

Response DefaultHttpResponse(decodeResult: success, version: HTTP/1.1)
HTTP/1.1 200 OK
Content-Type: application/json; charset=utf-8
cache-control: no-cache
content-length: 88

19:43:28.508 [AsyncHttpClient-1-7] DEBUG org.asynchttpclient.netty.channel.ChannelManager - Adding key: http://localhost:59129 for channel [id: 0x6487b955, L:/127.0.0.1:64590 - R:localhost/127.0.0.1:59129]
19:43:28.509 [Forwarding clearElement on session e07cb470d6cb3b35735f8fbe5e1e660b to remote] DEBUG org.asynchttpclient.netty.request.NettyRequestSender - Using pooled Channel '[id: 0x6487b955, L:/127.0.0.1:64590 - R:localhost/127.0.0.1:59129]' for 'POST' to 'http://localhost:59129/session/e07cb470d6cb3b35735f8fbe5e1e660b/element/0d7094da-3d7f-4690-bd52-c0818f84d746/clear'
19:43:28.509 [Forwarding clearElement on session e07cb470d6cb3b35735f8fbe5e1e660b to remote] DEBUG org.asynchttpclient.netty.request.NettyRequestSender - Using open Channel [id: 0x6487b955, L:/127.0.0.1:64590 - R:localhost/127.0.0.1:59129] for POST '/session/e07cb470d6cb3b35735f8fbe5e1e660b/element/0d7094da-3d7f-4690-bd52-c0818f84d746/clear'
19:43:28.584 [AsyncHttpClient-1-7] DEBUG org.asynchttpclient.netty.handler.HttpHandler - 

Request DefaultHttpRequest(decodeResult: success, version: HTTP/1.1)
POST /session/e07cb470d6cb3b35735f8fbe5e1e660b/element/0d7094da-3d7f-4690-bd52-c0818f84d746/clear HTTP/1.1
User-Agent: selenium/4.1.2 (java windows)
Content-Length: 50
Content-Type: application/json; charset=utf-8
host: localhost:59129
accept: */*

Response DefaultHttpResponse(decodeResult: success, version: HTTP/1.1)
HTTP/1.1 200 OK
Content-Type: application/json; charset=utf-8
cache-control: no-cache
content-length: 14

19:43:28.585 [AsyncHttpClient-1-7] DEBUG org.asynchttpclient.netty.channel.ChannelManager - Adding key: http://localhost:59129 for channel [id: 0x6487b955, L:/127.0.0.1:64590 - R:localhost/127.0.0.1:59129]
19:43:28.585 [Forwarding sendKeysToElement on session e07cb470d6cb3b35735f8fbe5e1e660b to remote] DEBUG org.asynchttpclient.netty.request.NettyRequestSender - Using pooled Channel '[id: 0x6487b955, L:/127.0.0.1:64590 - R:localhost/127.0.0.1:59129]' for 'POST' to 'http://localhost:59129/session/e07cb470d6cb3b35735f8fbe5e1e660b/element/0d7094da-3d7f-4690-bd52-c0818f84d746/value'
19:43:28.585 [Forwarding sendKeysToElement on session e07cb470d6cb3b35735f8fbe5e1e660b to remote] DEBUG org.asynchttpclient.netty.request.NettyRequestSender - Using open Channel [id: 0x6487b955, L:/127.0.0.1:64590 - R:localhost/127.0.0.1:59129] for POST '/session/e07cb470d6cb3b35735f8fbe5e1e660b/element/0d7094da-3d7f-4690-bd52-c0818f84d746/value'
19:43:28.682 [AsyncHttpClient-1-7] DEBUG org.asynchttpclient.netty.handler.HttpHandler - 

Request DefaultHttpRequest(decodeResult: success, version: HTTP/1.1)
POST /session/e07cb470d6cb3b35735f8fbe5e1e660b/element/0d7094da-3d7f-4690-bd52-c0818f84d746/value HTTP/1.1
User-Agent: selenium/4.1.2 (java windows)
Content-Length: 221
Content-Type: application/json; charset=utf-8
host: localhost:59129
accept: */*

Response DefaultHttpResponse(decodeResult: success, version: HTTP/1.1)
HTTP/1.1 200 OK
Content-Type: application/json; charset=utf-8
cache-control: no-cache
content-length: 14

19:43:28.682 [AsyncHttpClient-1-7] DEBUG org.asynchttpclient.netty.channel.ChannelManager - Adding key: http://localhost:59129 for channel [id: 0x6487b955, L:/127.0.0.1:64590 - R:localhost/127.0.0.1:59129]
  &amp#27;[32mAnd &amp#27;[0m&amp#27;[32mI input &amp#27;[0m&amp#27;[32m&amp#27;[1m"may1@gmail.com"&amp#27;[0m&amp#27;[32m new email&amp#27;[0m &amp#27;[90m# starter.steps.RegistrationStep.iInputNewEmail(java.lang.String)&amp#27;[0m
19:43:28.688 [Forwarding screenshot on session e07cb470d6cb3b35735f8fbe5e1e660b to remote] DEBUG org.asynchttpclient.netty.request.NettyRequestSender - Using pooled Channel '[id: 0x6487b955, L:/127.0.0.1:64590 - R:localhost/127.0.0.1:59129]' for 'GET' to 'http://localhost:59129/session/e07cb470d6cb3b35735f8fbe5e1e660b/screenshot'
19:43:28.688 [Forwarding screenshot on session e07cb470d6cb3b35735f8fbe5e1e660b to remote] DEBUG org.asynchttpclient.netty.request.NettyRequestSender - Using open Channel [id: 0x6487b955, L:/127.0.0.1:64590 - R:localhost/127.0.0.1:59129] for GET '/session/e07cb470d6cb3b35735f8fbe5e1e660b/screenshot'
19:43:28.817 [AsyncHttpClient-1-7] DEBUG org.asynchttpclient.netty.handler.HttpHandler - 

Request DefaultFullHttpRequest(decodeResult: success, version: HTTP/1.1, content: EmptyByteBufBE)
GET /session/e07cb470d6cb3b35735f8fbe5e1e660b/screenshot HTTP/1.1
User-Agent: selenium/4.1.2 (java windows)
Cache-Control: no-cache
Content-Type: application/json; charset=utf-8
host: localhost:59129
accept: */*

Response DefaultHttpResponse(decodeResult: success, version: HTTP/1.1)
HTTP/1.1 200 OK
Content-Type: application/json; charset=utf-8
cache-control: no-cache
content-length: 52396

19:43:28.817 [AsyncHttpClient-1-7] DEBUG org.asynchttpclient.netty.channel.ChannelManager - Adding key: http://localhost:59129 for channel [id: 0x6487b955, L:/127.0.0.1:64590 - R:localhost/127.0.0.1:59129]
19:43:28.819 [main] DEBUG net.serenitybdd.core.photography.Darkroom - Send negative for processing for target\site\serenity\2e9d457cbaf6bfe3e0557637260a6ec4ff93badfe137c1b4484b7ee24e848039.png
19:43:28.822 [Darkroom Processing Line] DEBUG net.serenitybdd.core.photography.DarkroomProcessingLine - Processing screenshot image in /var/screenshots/screenshot-16589030078285387251
19:43:28.822 [Darkroom Processing Line] DEBUG net.serenitybdd.core.photography.DarkroomProcessingLine - Saving screenshot to target\site\serenity\2e9d457cbaf6bfe3e0557637260a6ec4ff93badfe137c1b4484b7ee24e848039.png
19:43:28.827 [Forwarding findElement on session e07cb470d6cb3b35735f8fbe5e1e660b to remote] DEBUG org.asynchttpclient.netty.request.NettyRequestSender - Using pooled Channel '[id: 0x6487b955, L:/127.0.0.1:64590 - R:localhost/127.0.0.1:59129]' for 'POST' to 'http://localhost:59129/session/e07cb470d6cb3b35735f8fbe5e1e660b/element'
19:43:28.827 [Forwarding findElement on session e07cb470d6cb3b35735f8fbe5e1e660b to remote] DEBUG org.asynchttpclient.netty.request.NettyRequestSender - Using open Channel [id: 0x6487b955, L:/127.0.0.1:64590 - R:localhost/127.0.0.1:59129] for POST '/session/e07cb470d6cb3b35735f8fbe5e1e660b/element'
19:43:28.837 [AsyncHttpClient-1-7] DEBUG org.asynchttpclient.netty.handler.HttpHandler - 

Request DefaultHttpRequest(decodeResult: success, version: HTTP/1.1)
POST /session/e07cb470d6cb3b35735f8fbe5e1e660b/element HTTP/1.1
User-Agent: selenium/4.1.2 (java windows)
Content-Length: 89
Content-Type: application/json; charset=utf-8
host: localhost:59129
accept: */*

Response DefaultHttpResponse(decodeResult: success, version: HTTP/1.1)
HTTP/1.1 200 OK
Content-Type: application/json; charset=utf-8
cache-control: no-cache
content-length: 88

19:43:28.837 [AsyncHttpClient-1-7] DEBUG org.asynchttpclient.netty.channel.ChannelManager - Adding key: http://localhost:59129 for channel [id: 0x6487b955, L:/127.0.0.1:64590 - R:localhost/127.0.0.1:59129]
19:43:28.838 [Forwarding clearElement on session e07cb470d6cb3b35735f8fbe5e1e660b to remote] DEBUG org.asynchttpclient.netty.request.NettyRequestSender - Using pooled Channel '[id: 0x6487b955, L:/127.0.0.1:64590 - R:localhost/127.0.0.1:59129]' for 'POST' to 'http://localhost:59129/session/e07cb470d6cb3b35735f8fbe5e1e660b/element/6ccd43b4-7f62-483d-b8f4-b91f89261821/clear'
19:43:28.838 [Forwarding clearElement on session e07cb470d6cb3b35735f8fbe5e1e660b to remote] DEBUG org.asynchttpclient.netty.request.NettyRequestSender - Using open Channel [id: 0x6487b955, L:/127.0.0.1:64590 - R:localhost/127.0.0.1:59129] for POST '/session/e07cb470d6cb3b35735f8fbe5e1e660b/element/6ccd43b4-7f62-483d-b8f4-b91f89261821/clear'
19:43:28.868 [AsyncHttpClient-1-7] DEBUG org.asynchttpclient.netty.handler.HttpHandler - 

Request DefaultHttpRequest(decodeResult: success, version: HTTP/1.1)
POST /session/e07cb470d6cb3b35735f8fbe5e1e660b/element/6ccd43b4-7f62-483d-b8f4-b91f89261821/clear HTTP/1.1
User-Agent: selenium/4.1.2 (java windows)
Content-Length: 50
Content-Type: application/json; charset=utf-8
host: localhost:59129
accept: */*

Response DefaultHttpResponse(decodeResult: success, version: HTTP/1.1)
HTTP/1.1 200 OK
Content-Type: application/json; charset=utf-8
cache-control: no-cache
content-length: 14

19:43:28.868 [AsyncHttpClient-1-7] DEBUG org.asynchttpclient.netty.channel.ChannelManager - Adding key: http://localhost:59129 for channel [id: 0x6487b955, L:/127.0.0.1:64590 - R:localhost/127.0.0.1:59129]
19:43:28.871 [Forwarding sendKeysToElement on session e07cb470d6cb3b35735f8fbe5e1e660b to remote] DEBUG org.asynchttpclient.netty.request.NettyRequestSender - Using pooled Channel '[id: 0x6487b955, L:/127.0.0.1:64590 - R:localhost/127.0.0.1:59129]' for 'POST' to 'http://localhost:59129/session/e07cb470d6cb3b35735f8fbe5e1e660b/element/6ccd43b4-7f62-483d-b8f4-b91f89261821/value'
19:43:28.871 [Forwarding sendKeysToElement on session e07cb470d6cb3b35735f8fbe5e1e660b to remote] DEBUG org.asynchttpclient.netty.request.NettyRequestSender - Using open Channel [id: 0x6487b955, L:/127.0.0.1:64590 - R:localhost/127.0.0.1:59129] for POST '/session/e07cb470d6cb3b35735f8fbe5e1e660b/element/6ccd43b4-7f62-483d-b8f4-b91f89261821/value'
19:43:28.938 [AsyncHttpClient-1-7] DEBUG org.asynchttpclient.netty.handler.HttpHandler - 

Request DefaultHttpRequest(decodeResult: success, version: HTTP/1.1)
POST /session/e07cb470d6cb3b35735f8fbe5e1e660b/element/6ccd43b4-7f62-483d-b8f4-b91f89261821/value HTTP/1.1
User-Agent: selenium/4.1.2 (java windows)
Content-Length: 161
Content-Type: application/json; charset=utf-8
host: localhost:59129
accept: */*

Response DefaultHttpResponse(decodeResult: success, version: HTTP/1.1)
HTTP/1.1 200 OK
Content-Type: application/json; charset=utf-8
cache-control: no-cache
content-length: 14

19:43:28.938 [AsyncHttpClient-1-7] DEBUG org.asynchttpclient.netty.channel.ChannelManager - Adding key: http://localhost:59129 for channel [id: 0x6487b955, L:/127.0.0.1:64590 - R:localhost/127.0.0.1:59129]
  &amp#27;[32mAnd &amp#27;[0m&amp#27;[32mI input &amp#27;[0m&amp#27;[32m&amp#27;[1m"akunmay1"&amp#27;[0m&amp#27;[32m new password&amp#27;[0m    &amp#27;[90m# starter.steps.RegistrationStep.iInputNewPassword(java.lang.String)&amp#27;[0m
19:43:28.942 [Forwarding screenshot on session e07cb470d6cb3b35735f8fbe5e1e660b to remote] DEBUG org.asynchttpclient.netty.request.NettyRequestSender - Using pooled Channel '[id: 0x6487b955, L:/127.0.0.1:64590 - R:localhost/127.0.0.1:59129]' for 'GET' to 'http://localhost:59129/session/e07cb470d6cb3b35735f8fbe5e1e660b/screenshot'
19:43:28.942 [Forwarding screenshot on session e07cb470d6cb3b35735f8fbe5e1e660b to remote] DEBUG org.asynchttpclient.netty.request.NettyRequestSender - Using open Channel [id: 0x6487b955, L:/127.0.0.1:64590 - R:localhost/127.0.0.1:59129] for GET '/session/e07cb470d6cb3b35735f8fbe5e1e660b/screenshot'
19:43:29.236 [AsyncHttpClient-1-7] DEBUG org.asynchttpclient.netty.handler.HttpHandler - 

Request DefaultFullHttpRequest(decodeResult: success, version: HTTP/1.1, content: EmptyByteBufBE)
GET /session/e07cb470d6cb3b35735f8fbe5e1e660b/screenshot HTTP/1.1
User-Agent: selenium/4.1.2 (java windows)
Cache-Control: no-cache
Content-Type: application/json; charset=utf-8
host: localhost:59129
accept: */*

Response DefaultHttpResponse(decodeResult: success, version: HTTP/1.1)
HTTP/1.1 200 OK
Content-Type: application/json; charset=utf-8
cache-control: no-cache
content-length: 53868

19:43:29.236 [AsyncHttpClient-1-7] DEBUG org.asynchttpclient.netty.channel.ChannelManager - Adding key: http://localhost:59129 for channel [id: 0x6487b955, L:/127.0.0.1:64590 - R:localhost/127.0.0.1:59129]
19:43:29.238 [main] DEBUG net.serenitybdd.core.photography.Darkroom - Send negative for processing for target\site\serenity\1fc5144724bfac1fd462a4aaa47d4e6da44dbe8d49dfa3e40b908c57e0b99a61.png
19:43:29.253 [Darkroom Processing Line] DEBUG net.serenitybdd.core.photography.DarkroomProcessingLine - Processing screenshot image in /var/screenshots/screenshot-9856475380799649928
19:43:29.253 [Darkroom Processing Line] DEBUG net.serenitybdd.core.photography.DarkroomProcessingLine - Saving screenshot to target\site\serenity\1fc5144724bfac1fd462a4aaa47d4e6da44dbe8d49dfa3e40b908c57e0b99a61.png
19:43:29.259 [Forwarding findElement on session e07cb470d6cb3b35735f8fbe5e1e660b to remote] DEBUG org.asynchttpclient.netty.request.NettyRequestSender - Using pooled Channel '[id: 0x6487b955, L:/127.0.0.1:64590 - R:localhost/127.0.0.1:59129]' for 'POST' to 'http://localhost:59129/session/e07cb470d6cb3b35735f8fbe5e1e660b/element'
19:43:29.259 [Forwarding findElement on session e07cb470d6cb3b35735f8fbe5e1e660b to remote] DEBUG org.asynchttpclient.netty.request.NettyRequestSender - Using open Channel [id: 0x6487b955, L:/127.0.0.1:64590 - R:localhost/127.0.0.1:59129] for POST '/session/e07cb470d6cb3b35735f8fbe5e1e660b/element'
19:43:29.271 [AsyncHttpClient-1-7] DEBUG org.asynchttpclient.netty.handler.HttpHandler - 

Request DefaultHttpRequest(decodeResult: success, version: HTTP/1.1)
POST /session/e07cb470d6cb3b35735f8fbe5e1e660b/element HTTP/1.1
User-Agent: selenium/4.1.2 (java windows)
Content-Length: 141
Content-Type: application/json; charset=utf-8
host: localhost:59129
accept: */*

Response DefaultHttpResponse(decodeResult: success, version: HTTP/1.1)
HTTP/1.1 200 OK
Content-Type: application/json; charset=utf-8
cache-control: no-cache
content-length: 88

19:43:29.271 [AsyncHttpClient-1-7] DEBUG org.asynchttpclient.netty.channel.ChannelManager - Adding key: http://localhost:59129 for channel [id: 0x6487b955, L:/127.0.0.1:64590 - R:localhost/127.0.0.1:59129]
19:43:29.273 [Forwarding getElementTagName on session e07cb470d6cb3b35735f8fbe5e1e660b to remote] DEBUG org.asynchttpclient.netty.request.NettyRequestSender - Using pooled Channel '[id: 0x6487b955, L:/127.0.0.1:64590 - R:localhost/127.0.0.1:59129]' for 'GET' to 'http://localhost:59129/session/e07cb470d6cb3b35735f8fbe5e1e660b/element/35488ea8-3012-4df9-be4b-9e5e5f9d1e7c/name'
19:43:29.273 [Forwarding getElementTagName on session e07cb470d6cb3b35735f8fbe5e1e660b to remote] DEBUG org.asynchttpclient.netty.request.NettyRequestSender - Using open Channel [id: 0x6487b955, L:/127.0.0.1:64590 - R:localhost/127.0.0.1:59129] for GET '/session/e07cb470d6cb3b35735f8fbe5e1e660b/element/35488ea8-3012-4df9-be4b-9e5e5f9d1e7c/name'
19:43:29.277 [AsyncHttpClient-1-7] DEBUG org.asynchttpclient.netty.handler.HttpHandler - 

Request DefaultFullHttpRequest(decodeResult: success, version: HTTP/1.1, content: EmptyByteBufBE)
GET /session/e07cb470d6cb3b35735f8fbe5e1e660b/element/35488ea8-3012-4df9-be4b-9e5e5f9d1e7c/name HTTP/1.1
User-Agent: selenium/4.1.2 (java windows)
Cache-Control: no-cache
Content-Type: application/json; charset=utf-8
host: localhost:59129
accept: */*

Response DefaultHttpResponse(decodeResult: success, version: HTTP/1.1)
HTTP/1.1 200 OK
Content-Type: application/json; charset=utf-8
cache-control: no-cache
content-length: 18

19:43:29.277 [AsyncHttpClient-1-7] DEBUG org.asynchttpclient.netty.channel.ChannelManager - Adding key: http://localhost:59129 for channel [id: 0x6487b955, L:/127.0.0.1:64590 - R:localhost/127.0.0.1:59129]
19:43:29.278 [Forwarding getElementTagName on session e07cb470d6cb3b35735f8fbe5e1e660b to remote] DEBUG org.asynchttpclient.netty.request.NettyRequestSender - Using pooled Channel '[id: 0x6487b955, L:/127.0.0.1:64590 - R:localhost/127.0.0.1:59129]' for 'GET' to 'http://localhost:59129/session/e07cb470d6cb3b35735f8fbe5e1e660b/element/35488ea8-3012-4df9-be4b-9e5e5f9d1e7c/name'
19:43:29.278 [Forwarding getElementTagName on session e07cb470d6cb3b35735f8fbe5e1e660b to remote] DEBUG org.asynchttpclient.netty.request.NettyRequestSender - Using open Channel [id: 0x6487b955, L:/127.0.0.1:64590 - R:localhost/127.0.0.1:59129] for GET '/session/e07cb470d6cb3b35735f8fbe5e1e660b/element/35488ea8-3012-4df9-be4b-9e5e5f9d1e7c/name'
19:43:29.283 [AsyncHttpClient-1-7] DEBUG org.asynchttpclient.netty.handler.HttpHandler - 

Request DefaultFullHttpRequest(decodeResult: success, version: HTTP/1.1, content: EmptyByteBufBE)
GET /session/e07cb470d6cb3b35735f8fbe5e1e660b/element/35488ea8-3012-4df9-be4b-9e5e5f9d1e7c/name HTTP/1.1
User-Agent: selenium/4.1.2 (java windows)
Cache-Control: no-cache
Content-Type: application/json; charset=utf-8
host: localhost:59129
accept: */*

Response DefaultHttpResponse(decodeResult: success, version: HTTP/1.1)
HTTP/1.1 200 OK
Content-Type: application/json; charset=utf-8
cache-control: no-cache
content-length: 18

19:43:29.283 [AsyncHttpClient-1-7] DEBUG org.asynchttpclient.netty.channel.ChannelManager - Adding key: http://localhost:59129 for channel [id: 0x6487b955, L:/127.0.0.1:64590 - R:localhost/127.0.0.1:59129]
19:43:29.284 [Forwarding isElementEnabled on session e07cb470d6cb3b35735f8fbe5e1e660b to remote] DEBUG org.asynchttpclient.netty.request.NettyRequestSender - Using pooled Channel '[id: 0x6487b955, L:/127.0.0.1:64590 - R:localhost/127.0.0.1:59129]' for 'GET' to 'http://localhost:59129/session/e07cb470d6cb3b35735f8fbe5e1e660b/element/35488ea8-3012-4df9-be4b-9e5e5f9d1e7c/enabled'
19:43:29.284 [Forwarding isElementEnabled on session e07cb470d6cb3b35735f8fbe5e1e660b to remote] DEBUG org.asynchttpclient.netty.request.NettyRequestSender - Using open Channel [id: 0x6487b955, L:/127.0.0.1:64590 - R:localhost/127.0.0.1:59129] for GET '/session/e07cb470d6cb3b35735f8fbe5e1e660b/element/35488ea8-3012-4df9-be4b-9e5e5f9d1e7c/enabled'
19:43:29.292 [AsyncHttpClient-1-7] DEBUG org.asynchttpclient.netty.handler.HttpHandler - 

Request DefaultFullHttpRequest(decodeResult: success, version: HTTP/1.1, content: EmptyByteBufBE)
GET /session/e07cb470d6cb3b35735f8fbe5e1e660b/element/35488ea8-3012-4df9-be4b-9e5e5f9d1e7c/enabled HTTP/1.1
User-Agent: selenium/4.1.2 (java windows)
Cache-Control: no-cache
Content-Type: application/json; charset=utf-8
host: localhost:59129
accept: */*

Response DefaultHttpResponse(decodeResult: success, version: HTTP/1.1)
HTTP/1.1 200 OK
Content-Type: application/json; charset=utf-8
cache-control: no-cache
content-length: 14

19:43:29.292 [AsyncHttpClient-1-7] DEBUG org.asynchttpclient.netty.channel.ChannelManager - Adding key: http://localhost:59129 for channel [id: 0x6487b955, L:/127.0.0.1:64590 - R:localhost/127.0.0.1:59129]
19:43:29.298 [Forwarding isElementEnabled on session e07cb470d6cb3b35735f8fbe5e1e660b to remote] DEBUG org.asynchttpclient.netty.request.NettyRequestSender - Using pooled Channel '[id: 0x6487b955, L:/127.0.0.1:64590 - R:localhost/127.0.0.1:59129]' for 'GET' to 'http://localhost:59129/session/e07cb470d6cb3b35735f8fbe5e1e660b/element/35488ea8-3012-4df9-be4b-9e5e5f9d1e7c/enabled'
19:43:29.298 [Forwarding isElementEnabled on session e07cb470d6cb3b35735f8fbe5e1e660b to remote] DEBUG org.asynchttpclient.netty.request.NettyRequestSender - Using open Channel [id: 0x6487b955, L:/127.0.0.1:64590 - R:localhost/127.0.0.1:59129] for GET '/session/e07cb470d6cb3b35735f8fbe5e1e660b/element/35488ea8-3012-4df9-be4b-9e5e5f9d1e7c/enabled'
19:43:29.304 [AsyncHttpClient-1-7] DEBUG org.asynchttpclient.netty.handler.HttpHandler - 

Request DefaultFullHttpRequest(decodeResult: success, version: HTTP/1.1, content: EmptyByteBufBE)
GET /session/e07cb470d6cb3b35735f8fbe5e1e660b/element/35488ea8-3012-4df9-be4b-9e5e5f9d1e7c/enabled HTTP/1.1
User-Agent: selenium/4.1.2 (java windows)
Cache-Control: no-cache
Content-Type: application/json; charset=utf-8
host: localhost:59129
accept: */*

Response DefaultHttpResponse(decodeResult: success, version: HTTP/1.1)
HTTP/1.1 200 OK
Content-Type: application/json; charset=utf-8
cache-control: no-cache
content-length: 14

19:43:29.304 [AsyncHttpClient-1-7] DEBUG org.asynchttpclient.netty.channel.ChannelManager - Adding key: http://localhost:59129 for channel [id: 0x6487b955, L:/127.0.0.1:64590 - R:localhost/127.0.0.1:59129]
19:43:29.306 [Forwarding findElement on session e07cb470d6cb3b35735f8fbe5e1e660b to remote] DEBUG org.asynchttpclient.netty.request.NettyRequestSender - Using pooled Channel '[id: 0x6487b955, L:/127.0.0.1:64590 - R:localhost/127.0.0.1:59129]' for 'POST' to 'http://localhost:59129/session/e07cb470d6cb3b35735f8fbe5e1e660b/element'
19:43:29.306 [Forwarding findElement on session e07cb470d6cb3b35735f8fbe5e1e660b to remote] DEBUG org.asynchttpclient.netty.request.NettyRequestSender - Using open Channel [id: 0x6487b955, L:/127.0.0.1:64590 - R:localhost/127.0.0.1:59129] for POST '/session/e07cb470d6cb3b35735f8fbe5e1e660b/element'
19:43:29.315 [AsyncHttpClient-1-7] DEBUG org.asynchttpclient.netty.handler.HttpHandler - 

Request DefaultHttpRequest(decodeResult: success, version: HTTP/1.1)
POST /session/e07cb470d6cb3b35735f8fbe5e1e660b/element HTTP/1.1
User-Agent: selenium/4.1.2 (java windows)
Content-Length: 141
Content-Type: application/json; charset=utf-8
host: localhost:59129
accept: */*

Response DefaultHttpResponse(decodeResult: success, version: HTTP/1.1)
HTTP/1.1 200 OK
Content-Type: application/json; charset=utf-8
cache-control: no-cache
content-length: 88

19:43:29.315 [AsyncHttpClient-1-7] DEBUG org.asynchttpclient.netty.channel.ChannelManager - Adding key: http://localhost:59129 for channel [id: 0x6487b955, L:/127.0.0.1:64590 - R:localhost/127.0.0.1:59129]
19:43:29.316 [Forwarding clickElement on session e07cb470d6cb3b35735f8fbe5e1e660b to remote] DEBUG org.asynchttpclient.netty.request.NettyRequestSender - Using pooled Channel '[id: 0x6487b955, L:/127.0.0.1:64590 - R:localhost/127.0.0.1:59129]' for 'POST' to 'http://localhost:59129/session/e07cb470d6cb3b35735f8fbe5e1e660b/element/35488ea8-3012-4df9-be4b-9e5e5f9d1e7c/click'
19:43:29.316 [Forwarding clickElement on session e07cb470d6cb3b35735f8fbe5e1e660b to remote] DEBUG org.asynchttpclient.netty.request.NettyRequestSender - Using open Channel [id: 0x6487b955, L:/127.0.0.1:64590 - R:localhost/127.0.0.1:59129] for POST '/session/e07cb470d6cb3b35735f8fbe5e1e660b/element/35488ea8-3012-4df9-be4b-9e5e5f9d1e7c/click'
19:43:29.390 [AsyncHttpClient-1-7] DEBUG org.asynchttpclient.netty.handler.HttpHandler - 

Request DefaultHttpRequest(decodeResult: success, version: HTTP/1.1)
POST /session/e07cb470d6cb3b35735f8fbe5e1e660b/element/35488ea8-3012-4df9-be4b-9e5e5f9d1e7c/click HTTP/1.1
User-Agent: selenium/4.1.2 (java windows)
Content-Length: 50
Content-Type: application/json; charset=utf-8
host: localhost:59129
accept: */*

Response DefaultHttpResponse(decodeResult: success, version: HTTP/1.1)
HTTP/1.1 200 OK
Content-Type: application/json; charset=utf-8
cache-control: no-cache
content-length: 14

19:43:29.390 [AsyncHttpClient-1-7] DEBUG org.asynchttpclient.netty.channel.ChannelManager - Adding key: http://localhost:59129 for channel [id: 0x6487b955, L:/127.0.0.1:64590 - R:localhost/127.0.0.1:59129]
  &amp#27;[32mAnd &amp#27;[0m&amp#27;[32mI click register button&amp#27;[0m            &amp#27;[90m# starter.steps.RegistrationStep.iClickRegisterButton()&amp#27;[0m
19:43:29.399 [Forwarding screenshot on session e07cb470d6cb3b35735f8fbe5e1e660b to remote] DEBUG org.asynchttpclient.netty.request.NettyRequestSender - Using pooled Channel '[id: 0x6487b955, L:/127.0.0.1:64590 - R:localhost/127.0.0.1:59129]' for 'GET' to 'http://localhost:59129/session/e07cb470d6cb3b35735f8fbe5e1e660b/screenshot'
19:43:29.399 [Forwarding screenshot on session e07cb470d6cb3b35735f8fbe5e1e660b to remote] DEBUG org.asynchttpclient.netty.request.NettyRequestSender - Using open Channel [id: 0x6487b955, L:/127.0.0.1:64590 - R:localhost/127.0.0.1:59129] for GET '/session/e07cb470d6cb3b35735f8fbe5e1e660b/screenshot'
19:43:29.506 [AsyncHttpClient-1-1] DEBUG org.asynchttpclient.netty.channel.DefaultChannelPool - Entry count for : http://localhost:64591 : 1
19:43:29.664 [AsyncHttpClient-1-7] DEBUG org.asynchttpclient.netty.handler.HttpHandler - 

Request DefaultFullHttpRequest(decodeResult: success, version: HTTP/1.1, content: EmptyByteBufBE)
GET /session/e07cb470d6cb3b35735f8fbe5e1e660b/screenshot HTTP/1.1
User-Agent: selenium/4.1.2 (java windows)
Cache-Control: no-cache
Content-Type: application/json; charset=utf-8
host: localhost:59129
accept: */*

Response DefaultHttpResponse(decodeResult: success, version: HTTP/1.1)
HTTP/1.1 200 OK
Content-Type: application/json; charset=utf-8
cache-control: no-cache
content-length: 52672

19:43:29.665 [AsyncHttpClient-1-7] DEBUG org.asynchttpclient.netty.channel.ChannelManager - Adding key: http://localhost:59129 for channel [id: 0x6487b955, L:/127.0.0.1:64590 - R:localhost/127.0.0.1:59129]
19:43:29.667 [main] DEBUG net.serenitybdd.core.photography.Darkroom - Send negative for processing for target\site\serenity\a192964232f6e2d7ed7f6fe1549ac8d106b3c9598ea644781719817a365f765e.png
19:43:29.667 [Darkroom Processing Line] DEBUG net.serenitybdd.core.photography.DarkroomProcessingLine - Processing screenshot image in /var/screenshots/screenshot-3491381559510670545
19:43:29.667 [Darkroom Processing Line] DEBUG net.serenitybdd.core.photography.DarkroomProcessingLine - Saving screenshot to target\site\serenity\a192964232f6e2d7ed7f6fe1549ac8d106b3c9598ea644781719817a365f765e.png
19:43:29.673 [Forwarding findElement on session e07cb470d6cb3b35735f8fbe5e1e660b to remote] DEBUG org.asynchttpclient.netty.request.NettyRequestSender - Using pooled Channel '[id: 0x6487b955, L:/127.0.0.1:64590 - R:localhost/127.0.0.1:59129]' for 'POST' to 'http://localhost:59129/session/e07cb470d6cb3b35735f8fbe5e1e660b/element'
19:43:29.673 [Forwarding findElement on session e07cb470d6cb3b35735f8fbe5e1e660b to remote] DEBUG org.asynchttpclient.netty.request.NettyRequestSender - Using open Channel [id: 0x6487b955, L:/127.0.0.1:64590 - R:localhost/127.0.0.1:59129] for POST '/session/e07cb470d6cb3b35735f8fbe5e1e660b/element'
19:43:30.605 [AsyncHttpClient-1-1] DEBUG org.asynchttpclient.netty.channel.DefaultChannelPool - Entry count for : http://localhost:64591 : 1
19:43:30.859 [AsyncHttpClient-1-7] DEBUG org.asynchttpclient.netty.handler.HttpHandler - 

Request DefaultHttpRequest(decodeResult: success, version: HTTP/1.1)
POST /session/e07cb470d6cb3b35735f8fbe5e1e660b/element HTTP/1.1
User-Agent: selenium/4.1.2 (java windows)
Content-Length: 79
Content-Type: application/json; charset=utf-8
host: localhost:59129
accept: */*

Response DefaultHttpResponse(decodeResult: success, version: HTTP/1.1)
HTTP/1.1 200 OK
Content-Type: application/json; charset=utf-8
cache-control: no-cache
content-length: 88

19:43:30.859 [AsyncHttpClient-1-7] DEBUG org.asynchttpclient.netty.channel.ChannelManager - Adding key: http://localhost:59129 for channel [id: 0x6487b955, L:/127.0.0.1:64590 - R:localhost/127.0.0.1:59129]
19:43:30.866 [Forwarding isElementDisplayed on session e07cb470d6cb3b35735f8fbe5e1e660b to remote] DEBUG org.asynchttpclient.netty.request.NettyRequestSender - Using pooled Channel '[id: 0x6487b955, L:/127.0.0.1:64590 - R:localhost/127.0.0.1:59129]' for 'POST' to 'http://localhost:59129/session/e07cb470d6cb3b35735f8fbe5e1e660b/execute/sync'
19:43:30.866 [Forwarding isElementDisplayed on session e07cb470d6cb3b35735f8fbe5e1e660b to remote] DEBUG org.asynchttpclient.netty.request.NettyRequestSender - Using open Channel [id: 0x6487b955, L:/127.0.0.1:64590 - R:localhost/127.0.0.1:59129] for POST '/session/e07cb470d6cb3b35735f8fbe5e1e660b/execute/sync'
19:43:30.878 [AsyncHttpClient-1-7] DEBUG org.asynchttpclient.netty.handler.HttpHandler - 

Request DefaultHttpRequest(decodeResult: success, version: HTTP/1.1)
POST /session/e07cb470d6cb3b35735f8fbe5e1e660b/execute/sync HTTP/1.1
User-Agent: selenium/4.1.2 (java windows)
Content-Length: 48780
Content-Type: application/json; charset=utf-8
host: localhost:59129
accept: */*

Response DefaultHttpResponse(decodeResult: success, version: HTTP/1.1)
HTTP/1.1 200 OK
Content-Type: application/json; charset=utf-8
cache-control: no-cache
content-length: 14

19:43:30.879 [AsyncHttpClient-1-7] DEBUG org.asynchttpclient.netty.channel.ChannelManager - Adding key: http://localhost:59129 for channel [id: 0x6487b955, L:/127.0.0.1:64590 - R:localhost/127.0.0.1:59129]
  &amp#27;[32mThen &amp#27;[0m&amp#27;[32mI can &amp#27;[0m&amp#27;[32m&amp#27;[1m"cant regis"&amp#27;[0m&amp#27;[32m register&amp#27;[0m       &amp#27;[90m# starter.steps.RegistrationStep.iCanRegister(java.lang.String)&amp#27;[0m
19:43:30.885 [Forwarding screenshot on session e07cb470d6cb3b35735f8fbe5e1e660b to remote] DEBUG org.asynchttpclient.netty.request.NettyRequestSender - Using pooled Channel '[id: 0x6487b955, L:/127.0.0.1:64590 - R:localhost/127.0.0.1:59129]' for 'GET' to 'http://localhost:59129/session/e07cb470d6cb3b35735f8fbe5e1e660b/screenshot'
19:43:30.885 [Forwarding screenshot on session e07cb470d6cb3b35735f8fbe5e1e660b to remote] DEBUG org.asynchttpclient.netty.request.NettyRequestSender - Using open Channel [id: 0x6487b955, L:/127.0.0.1:64590 - R:localhost/127.0.0.1:59129] for GET '/session/e07cb470d6cb3b35735f8fbe5e1e660b/screenshot'
19:43:31.077 [AsyncHttpClient-1-7] DEBUG org.asynchttpclient.netty.handler.HttpHandler - 

Request DefaultFullHttpRequest(decodeResult: success, version: HTTP/1.1, content: EmptyByteBufBE)
GET /session/e07cb470d6cb3b35735f8fbe5e1e660b/screenshot HTTP/1.1
User-Agent: selenium/4.1.2 (java windows)
Cache-Control: no-cache
Content-Type: application/json; charset=utf-8
host: localhost:59129
accept: */*

Response DefaultHttpResponse(decodeResult: success, version: HTTP/1.1)
HTTP/1.1 200 OK
Content-Type: application/json; charset=utf-8
cache-control: no-cache
content-length: 55200

19:43:31.077 [AsyncHttpClient-1-7] DEBUG org.asynchttpclient.netty.channel.ChannelManager - Adding key: http://localhost:59129 for channel [id: 0x6487b955, L:/127.0.0.1:64590 - R:localhost/127.0.0.1:59129]
19:43:31.079 [main] DEBUG net.serenitybdd.core.photography.Darkroom - Send negative for processing for target\site\serenity\731eda7e3e0ed15dc2871c38e1b9ce1f2f146b21b26342bef523048389e63330.png
19:43:31.082 [Darkroom Processing Line] DEBUG net.serenitybdd.core.photography.DarkroomProcessingLine - Processing screenshot image in /var/screenshots/screenshot-8447756438501327176
19:43:31.082 [Darkroom Processing Line] DEBUG net.serenitybdd.core.photography.DarkroomProcessingLine - Saving screenshot to target\site\serenity\731eda7e3e0ed15dc2871c38e1b9ce1f2f146b21b26342bef523048389e63330.png
19:43:31.087 [AsyncHttpClient-1-9] DEBUG org.asynchttpclient.netty.handler.WebSocketHandler - Channel Closed: [id: 0x2e65a510, L:/127.0.0.1:64600 ! R:localhost/127.0.0.1:64591] with attribute NettyResponseFuture{currentRetry=5,
	isDone=1,
	isCancelled=0,
	asyncHandler=org.asynchttpclient.ws.WebSocketUpgradeHandler@6bb62ef7,
	nettyRequest=org.asynchttpclient.netty.request.NettyRequest@5834db00,
	future=java.util.concurrent.CompletableFuture@2e6250b3[Completed normally],
	uri=ws://localhost:64591/devtools/browser/1f1227b6-5a2f-46b0-a641-40b2fe024b35,
	keepAlive=true,
	redirectCount=0,
	timeoutsHolder=null,
	inAuth=0,
	touch=1667220172214}
19:43:31.088 [AsyncHttpClient-1-9] DEBUG org.asynchttpclient.netty.channel.ChannelManager - Closing Channel [id: 0x2e65a510, L:/127.0.0.1:64600 ! R:localhost/127.0.0.1:64591] 
19:43:31.089 [Driver Command Executor] DEBUG org.asynchttpclient.netty.request.NettyRequestSender - Using pooled Channel '[id: 0x6487b955, L:/127.0.0.1:64590 - R:localhost/127.0.0.1:59129]' for 'DELETE' to 'http://localhost:59129/session/e07cb470d6cb3b35735f8fbe5e1e660b'
19:43:31.089 [Driver Command Executor] DEBUG org.asynchttpclient.netty.request.NettyRequestSender - Using open Channel [id: 0x6487b955, L:/127.0.0.1:64590 - R:localhost/127.0.0.1:59129] for DELETE '/session/e07cb470d6cb3b35735f8fbe5e1e660b'
19:43:31.225 [AsyncHttpClient-1-8] DEBUG org.asynchttpclient.netty.handler.HttpHandler - Unexpected I/O exception on channel [id: 0x480bc9df, L:/127.0.0.1:64599 - R:localhost/127.0.0.1:64591]
java.io.IOException: An existing connection was forcibly closed by the remote host
	at java.base/sun.nio.ch.SocketDispatcher.read0(Native Method)
	at java.base/sun.nio.ch.SocketDispatcher.read(SocketDispatcher.java:43)
	at java.base/sun.nio.ch.IOUtil.readIntoNativeBuffer(IOUtil.java:276)
	at java.base/sun.nio.ch.IOUtil.read(IOUtil.java:233)
	at java.base/sun.nio.ch.IOUtil.read(IOUtil.java:223)
	at java.base/sun.nio.ch.SocketChannelImpl.read(SocketChannelImpl.java:358)
	at io.netty.buffer.PooledByteBuf.setBytes(PooledByteBuf.java:258)
	at io.netty.buffer.AbstractByteBuf.writeBytes(AbstractByteBuf.java:1132)
	at io.netty.channel.socket.nio.NioSocketChannel.doReadBytes(NioSocketChannel.java:350)
	at io.netty.channel.nio.AbstractNioByteChannel$NioByteUnsafe.read(AbstractNioByteChannel.java:151)
	at io.netty.channel.nio.NioEventLoop.processSelectedKey(NioEventLoop.java:722)
	at io.netty.channel.nio.NioEventLoop.processSelectedKeysOptimized(NioEventLoop.java:658)
	at io.netty.channel.nio.NioEventLoop.processSelectedKeys(NioEventLoop.java:584)
	at io.netty.channel.nio.NioEventLoop.run(NioEventLoop.java:496)
	at io.netty.util.concurrent.SingleThreadEventExecutor$4.run(SingleThreadEventExecutor.java:986)
	at io.netty.util.internal.ThreadExecutorMap$2.run(ThreadExecutorMap.java:74)
	at io.netty.util.concurrent.FastThreadLocalRunnable.run(FastThreadLocalRunnable.java:30)
	at java.base/java.lang.Thread.run(Thread.java:834)
19:43:31.227 [AsyncHttpClient-1-8] DEBUG org.asynchttpclient.netty.channel.ChannelManager - Closing Channel [id: 0x480bc9df, L:/127.0.0.1:64599 - R:localhost/127.0.0.1:64591] 
19:43:31.227 [AsyncHttpClient-1-8] DEBUG org.asynchttpclient.netty.handler.HttpHandler - Channel Closed: [id: 0x480bc9df, L:/127.0.0.1:64599 ! R:localhost/127.0.0.1:64591] with attribute DISCARD
19:43:31.319 [AsyncHttpClient-1-7] DEBUG org.asynchttpclient.netty.handler.HttpHandler - 

Request DefaultFullHttpRequest(decodeResult: success, version: HTTP/1.1, content: EmptyByteBufBE)
DELETE /session/e07cb470d6cb3b35735f8fbe5e1e660b HTTP/1.1
User-Agent: selenium/4.1.2 (java windows)
Content-Type: application/json; charset=utf-8
host: localhost:59129
accept: */*

Response DefaultHttpResponse(decodeResult: success, version: HTTP/1.1)
HTTP/1.1 200 OK
Content-Type: application/json; charset=utf-8
cache-control: no-cache
content-length: 14

19:43:31.319 [AsyncHttpClient-1-7] DEBUG org.asynchttpclient.netty.channel.ChannelManager - Adding key: http://localhost:59129 for channel [id: 0x6487b955, L:/127.0.0.1:64590 - R:localhost/127.0.0.1:59129]
19:43:31.354 [AsyncHttpClient-1-7] DEBUG org.asynchttpclient.netty.handler.HttpHandler - Channel Closed: [id: 0x6487b955, L:/127.0.0.1:64590 ! R:localhost/127.0.0.1:59129] with attribute DISCARD
]]></system-out>
    <system-err><![CDATA[Starting ChromeDriver 106.0.5249.61 (511755355844955cd3e264779baf0dd38212a4d0-refs/branch-heads/5249@{#569}) on port 59129
Only local connections are allowed.
Please see https://chromedriver.chromium.org/security-considerations for suggestions on keeping ChromeDriver safe.
ChromeDriver was started successfully.
Oct 31, 2022 7:42:52 PM org.openqa.selenium.remote.ProtocolHandshake createSession
INFO: Detected dialect: W3C
Oct 31, 2022 7:42:52 PM org.openqa.selenium.devtools.CdpVersionFinder findNearestMatch
WARNING: Unable to find an exact match for CDP version 106, so returning the closest version found: a no-op implementation
Oct 31, 2022 7:42:52 PM org.openqa.selenium.devtools.CdpVersionFinder findNearestMatch
INFO: Unable to find CDP implementation matching 106.
Oct 31, 2022 7:42:52 PM org.openqa.selenium.chromium.ChromiumDriver lambda$new$3
WARNING: Unable to find version of CDP to use for . You may need to include a dependency on a specific version of the CDP using something similar to `org.seleniumhq.selenium:selenium-devtools-v86:4.1.2` where the version ("v86") matches the version of the chromium-based browser you're using and the version number of the artifact is the same as Selenium's.
]]></system-err>
  </testcase>
  <testcase name="New Register #5" classname="Register" time="40.326">
    <system-out><![CDATA[
@Register
Scenario Outline: New Register        &amp#27;[90m# src/test/resources/features/login/Registration.feature:22&amp#27;[0m
19:43:31.405 [main] INFO io.cucumber.core.plugin.SerenityReporter - Running feature from file:///D:/TIC/Kampus%20Merdeka/MSIB/Studi%20Independen/Alterra/MiniProject/MiniProjWeb/src/test/resources/features/login/Registration.feature
19:43:31.416 [main] INFO net.serenitybdd.core.webdriver.driverproviders.ChromeDriverProvider - Using automatically driver download
19:43:31.524 [main] DEBUG io.github.bonigarcia.wdm.cache.ResolutionCache - Resolution chrome=106 in cache (valid until 19:46:39 31/10/2022 ICT)
19:43:31.529 [main] DEBUG io.github.bonigarcia.wdm.cache.ResolutionCache - Resolution chrome106=106.0.5249.61 in cache (valid until 17:34:34 01/11/2022 ICT)
19:43:31.534 [main] INFO io.github.bonigarcia.wdm.WebDriverManager - Using chromedriver 106.0.5249.61 (resolved driver for Chrome 106)
19:43:31.542 [main] DEBUG io.github.bonigarcia.wdm.WebDriverManager - Driver chromedriver 106.0.5249.61 found in cache
19:43:31.543 [main] INFO io.github.bonigarcia.wdm.WebDriverManager - Exporting webdriver.chrome.driver as C:\Users\user\.cache\selenium\chromedriver\win32\106.0.5249.61\chromedriver.exe
19:43:31.707 [main] DEBUG net.serenitybdd.core.webdriver.driverproviders.ProvideNewDriver - Instantiating driver
19:43:31.707 [AsyncHttpClient-1-1] DEBUG org.asynchttpclient.netty.channel.DefaultChannelPool - Entry count for : http://localhost:59129 : 1
19:43:31.707 [AsyncHttpClient-1-1] DEBUG org.asynchttpclient.netty.channel.DefaultChannelPool - Entry count for : http://localhost:64591 : 1
19:43:31.707 [AsyncHttpClient-1-1] DEBUG org.asynchttpclient.netty.channel.DefaultChannelPool - Adding Candidate expired Channel [id: 0x6487b955, L:/127.0.0.1:64590 ! R:localhost/127.0.0.1:59129] isIdleTimeoutExpired=false isRemotelyClosed=true isTtlExpired=false
19:43:31.707 [AsyncHttpClient-1-1] DEBUG org.asynchttpclient.netty.channel.DefaultChannelPool - Closing Idle Channel [id: 0x6487b955, L:/127.0.0.1:64590 ! R:localhost/127.0.0.1:59129]
19:43:31.707 [main] DEBUG net.serenitybdd.core.webdriver.driverproviders.ProvideNewDriver - Driver capabilities: Capabilities {acceptInsecureCerts: false, base.url: https://alta-shop.vercel.app, browserName: chrome, chrome.driver: src/test/resources/webdrive..., driver: chrome, goog:chromeOptions: {args: [], extensions: []}, wait.for.timeout: 500}
19:43:31.707 [AsyncHttpClient-1-1] DEBUG org.asynchttpclient.netty.channel.DefaultChannelPool - Adding Candidate expired Channel [id: 0x480bc9df, L:/127.0.0.1:64599 ! R:localhost/127.0.0.1:64591] isIdleTimeoutExpired=false isRemotelyClosed=true isTtlExpired=false
19:43:31.707 [AsyncHttpClient-1-1] DEBUG org.asynchttpclient.netty.channel.DefaultChannelPool - Closing Idle Channel [id: 0x480bc9df, L:/127.0.0.1:64599 ! R:localhost/127.0.0.1:64591]
19:43:31.707 [AsyncHttpClient-1-1] DEBUG org.asynchttpclient.netty.channel.DefaultChannelPool - Closed 2 connections out of 2 in 0 ms
19:43:31.822 [AsyncHttpClient-1-2] DEBUG org.asynchttpclient.netty.channel.NettyConnectListener - Using new Channel '[id: 0x4043fe0c, L:/127.0.0.1:64666 - R:localhost/127.0.0.1:59434]' for 'POST' to '/session'
19:43:32.568 [AsyncHttpClient-1-2] DEBUG org.asynchttpclient.netty.handler.HttpHandler - 

Request DefaultHttpRequest(decodeResult: success, version: HTTP/1.1)
POST /session HTTP/1.1
User-Agent: selenium/4.1.2 (java windows)
Content-Length: 638
Content-Type: application/json; charset=utf-8
host: localhost:59434
accept: */*

Response DefaultHttpResponse(decodeResult: success, version: HTTP/1.1)
HTTP/1.1 200 OK
Content-Type: application/json; charset=utf-8
cache-control: no-cache
content-length: 790

19:43:32.568 [AsyncHttpClient-1-2] DEBUG org.asynchttpclient.netty.channel.ChannelManager - Adding key: http://localhost:59434 for channel [id: 0x4043fe0c, L:/127.0.0.1:64666 - R:localhost/127.0.0.1:59434]
19:43:32.593 [AsyncHttpClient-1-3] DEBUG org.asynchttpclient.netty.channel.NettyConnectListener - Using new Channel '[id: 0xbb9b6ff7, L:/127.0.0.1:64673 - R:localhost/127.0.0.1:64667]' for 'GET' to '/json/version'
19:43:32.593 [AsyncHttpClient-1-3] DEBUG org.asynchttpclient.netty.handler.HttpHandler - 

Request DefaultFullHttpRequest(decodeResult: success, version: HTTP/1.1, content: EmptyByteBufBE)
GET /json/version HTTP/1.1
User-Agent: selenium/4.1.2 (java windows)
host: localhost:64667
accept: */*

Response DefaultHttpResponse(decodeResult: success, version: HTTP/1.1)
HTTP/1.1 200 OK
Content-Type: application/json; charset=UTF-8
content-length: 424

19:43:32.593 [AsyncHttpClient-1-3] DEBUG org.asynchttpclient.netty.channel.ChannelManager - Adding key: http://localhost:64667 for channel [id: 0xbb9b6ff7, L:/127.0.0.1:64673 - R:localhost/127.0.0.1:64667]
19:43:32.596 [AsyncHttpClient-1-4] DEBUG org.asynchttpclient.netty.channel.NettyConnectListener - Using new Channel '[id: 0x0f39c721, L:/127.0.0.1:64674 - R:localhost/127.0.0.1:64667]' for 'GET' to '/devtools/browser/df9ab04a-e3a4-4427-83c9-febe5cf8caa3'
19:43:32.597 [AsyncHttpClient-1-4] DEBUG org.asynchttpclient.netty.handler.WebSocketHandler - 

Request DefaultFullHttpRequest(decodeResult: success, version: HTTP/1.1, content: EmptyByteBufBE)
GET /devtools/browser/df9ab04a-e3a4-4427-83c9-febe5cf8caa3 HTTP/1.1
upgrade: websocket
connection: upgrade
sec-websocket-key: 3xA1NnIPTdjZrA6Q1XEdag==
sec-websocket-version: 13
origin: http://localhost:64667
host: localhost:64667
accept: */*
user-agent: AHC/2.1

Response DefaultHttpResponse(decodeResult: success, version: HTTP/1.1)
HTTP/1.1 101 WebSocket Protocol Handshake
Upgrade: WebSocket
Connection: Upgrade
Sec-WebSocket-Accept: W9dczp7nn+hY/90tTqR6VHWfJEk=

19:43:32.600 [Forwarding get on session 5e8af45d17a342cf058e47bd449922a0 to remote] DEBUG org.asynchttpclient.netty.request.NettyRequestSender - Using pooled Channel '[id: 0x4043fe0c, L:/127.0.0.1:64666 - R:localhost/127.0.0.1:59434]' for 'POST' to 'http://localhost:59434/session/5e8af45d17a342cf058e47bd449922a0/url'
19:43:32.603 [Forwarding get on session 5e8af45d17a342cf058e47bd449922a0 to remote] DEBUG org.asynchttpclient.netty.request.NettyRequestSender - Using open Channel [id: 0x4043fe0c, L:/127.0.0.1:64666 - R:localhost/127.0.0.1:59434] for POST '/session/5e8af45d17a342cf058e47bd449922a0/url'
19:43:32.810 [AsyncHttpClient-1-1] DEBUG org.asynchttpclient.netty.channel.DefaultChannelPool - Entry count for : http://localhost:64667 : 1
19:43:33.911 [AsyncHttpClient-1-1] DEBUG org.asynchttpclient.netty.channel.DefaultChannelPool - Entry count for : http://localhost:64667 : 1
19:43:34.999 [AsyncHttpClient-1-1] DEBUG org.asynchttpclient.netty.channel.DefaultChannelPool - Entry count for : http://localhost:64667 : 1
19:43:36.112 [AsyncHttpClient-1-1] DEBUG org.asynchttpclient.netty.channel.DefaultChannelPool - Entry count for : http://localhost:64667 : 1
19:43:37.201 [AsyncHttpClient-1-1] DEBUG org.asynchttpclient.netty.channel.DefaultChannelPool - Entry count for : http://localhost:64667 : 1
19:43:38.298 [AsyncHttpClient-1-1] DEBUG org.asynchttpclient.netty.channel.DefaultChannelPool - Entry count for : http://localhost:64667 : 1
19:43:39.402 [AsyncHttpClient-1-1] DEBUG org.asynchttpclient.netty.channel.DefaultChannelPool - Entry count for : http://localhost:64667 : 1
19:43:40.500 [AsyncHttpClient-1-1] DEBUG org.asynchttpclient.netty.channel.DefaultChannelPool - Entry count for : http://localhost:64667 : 1
19:43:41.605 [AsyncHttpClient-1-1] DEBUG org.asynchttpclient.netty.channel.DefaultChannelPool - Entry count for : http://localhost:64667 : 1
19:43:42.711 [AsyncHttpClient-1-1] DEBUG org.asynchttpclient.netty.channel.DefaultChannelPool - Entry count for : http://localhost:64667 : 1
19:43:43.810 [AsyncHttpClient-1-1] DEBUG org.asynchttpclient.netty.channel.DefaultChannelPool - Entry count for : http://localhost:64667 : 1
19:43:44.900 [AsyncHttpClient-1-1] DEBUG org.asynchttpclient.netty.channel.DefaultChannelPool - Entry count for : http://localhost:64667 : 1
19:43:46.003 [AsyncHttpClient-1-1] DEBUG org.asynchttpclient.netty.channel.DefaultChannelPool - Entry count for : http://localhost:64667 : 1
19:43:47.105 [AsyncHttpClient-1-1] DEBUG org.asynchttpclient.netty.channel.DefaultChannelPool - Entry count for : http://localhost:64667 : 1
19:43:48.208 [AsyncHttpClient-1-1] DEBUG org.asynchttpclient.netty.channel.DefaultChannelPool - Entry count for : http://localhost:64667 : 1
19:43:49.299 [AsyncHttpClient-1-1] DEBUG org.asynchttpclient.netty.channel.DefaultChannelPool - Entry count for : http://localhost:64667 : 1
19:43:50.402 [AsyncHttpClient-1-1] DEBUG org.asynchttpclient.netty.channel.DefaultChannelPool - Entry count for : http://localhost:64667 : 1
19:43:51.507 [AsyncHttpClient-1-1] DEBUG org.asynchttpclient.netty.channel.DefaultChannelPool - Entry count for : http://localhost:64667 : 1
19:43:52.601 [AsyncHttpClient-1-1] DEBUG org.asynchttpclient.netty.channel.DefaultChannelPool - Entry count for : http://localhost:64667 : 1
19:43:53.705 [AsyncHttpClient-1-1] DEBUG org.asynchttpclient.netty.channel.DefaultChannelPool - Entry count for : http://localhost:64667 : 1
19:43:54.808 [AsyncHttpClient-1-1] DEBUG org.asynchttpclient.netty.channel.DefaultChannelPool - Entry count for : http://localhost:64667 : 1
19:43:55.909 [AsyncHttpClient-1-1] DEBUG org.asynchttpclient.netty.channel.DefaultChannelPool - Entry count for : http://localhost:64667 : 1
19:43:57.013 [AsyncHttpClient-1-1] DEBUG org.asynchttpclient.netty.channel.DefaultChannelPool - Entry count for : http://localhost:64667 : 1
19:43:58.102 [AsyncHttpClient-1-1] DEBUG org.asynchttpclient.netty.channel.DefaultChannelPool - Entry count for : http://localhost:64667 : 1
19:43:59.204 [AsyncHttpClient-1-1] DEBUG org.asynchttpclient.netty.channel.DefaultChannelPool - Entry count for : http://localhost:64667 : 1
19:44:00.309 [AsyncHttpClient-1-1] DEBUG org.asynchttpclient.netty.channel.DefaultChannelPool - Entry count for : http://localhost:64667 : 1
19:44:01.412 [AsyncHttpClient-1-1] DEBUG org.asynchttpclient.netty.channel.DefaultChannelPool - Entry count for : http://localhost:64667 : 1
19:44:02.512 [AsyncHttpClient-1-1] DEBUG org.asynchttpclient.netty.channel.DefaultChannelPool - Entry count for : http://localhost:64667 : 1
19:44:03.610 [AsyncHttpClient-1-1] DEBUG org.asynchttpclient.netty.channel.DefaultChannelPool - Entry count for : http://localhost:64667 : 1
19:44:04.709 [AsyncHttpClient-1-1] DEBUG org.asynchttpclient.netty.channel.DefaultChannelPool - Entry count for : http://localhost:64667 : 1
19:44:05.802 [AsyncHttpClient-1-1] DEBUG org.asynchttpclient.netty.channel.DefaultChannelPool - Entry count for : http://localhost:64667 : 1
19:44:06.903 [AsyncHttpClient-1-1] DEBUG org.asynchttpclient.netty.channel.DefaultChannelPool - Entry count for : http://localhost:64667 : 1
19:44:07.725 [AsyncHttpClient-1-2] DEBUG org.asynchttpclient.netty.handler.HttpHandler - 

Request DefaultHttpRequest(decodeResult: success, version: HTTP/1.1)
POST /session/5e8af45d17a342cf058e47bd449922a0/url HTTP/1.1
User-Agent: selenium/4.1.2 (java windows)
Content-Length: 59
Content-Type: application/json; charset=utf-8
host: localhost:59434
accept: */*

Response DefaultHttpResponse(decodeResult: success, version: HTTP/1.1)
HTTP/1.1 200 OK
Content-Type: application/json; charset=utf-8
cache-control: no-cache
content-length: 14

19:44:07.725 [AsyncHttpClient-1-2] DEBUG org.asynchttpclient.netty.channel.ChannelManager - Adding key: http://localhost:59434 for channel [id: 0x4043fe0c, L:/127.0.0.1:64666 - R:localhost/127.0.0.1:59434]
19:44:07.726 [Forwarding setTimeout on session 5e8af45d17a342cf058e47bd449922a0 to remote] DEBUG org.asynchttpclient.netty.request.NettyRequestSender - Using pooled Channel '[id: 0x4043fe0c, L:/127.0.0.1:64666 - R:localhost/127.0.0.1:59434]' for 'POST' to 'http://localhost:59434/session/5e8af45d17a342cf058e47bd449922a0/timeouts'
19:44:07.726 [Forwarding setTimeout on session 5e8af45d17a342cf058e47bd449922a0 to remote] DEBUG org.asynchttpclient.netty.request.NettyRequestSender - Using open Channel [id: 0x4043fe0c, L:/127.0.0.1:64666 - R:localhost/127.0.0.1:59434] for POST '/session/5e8af45d17a342cf058e47bd449922a0/timeouts'
19:44:07.727 [AsyncHttpClient-1-2] DEBUG org.asynchttpclient.netty.handler.HttpHandler - 

Request DefaultHttpRequest(decodeResult: success, version: HTTP/1.1)
POST /session/5e8af45d17a342cf058e47bd449922a0/timeouts HTTP/1.1
User-Agent: selenium/4.1.2 (java windows)
Content-Length: 22
Content-Type: application/json; charset=utf-8
host: localhost:59434
accept: */*

Response DefaultHttpResponse(decodeResult: success, version: HTTP/1.1)
HTTP/1.1 200 OK
Content-Type: application/json; charset=utf-8
cache-control: no-cache
content-length: 14

19:44:07.727 [AsyncHttpClient-1-2] DEBUG org.asynchttpclient.netty.channel.ChannelManager - Adding key: http://localhost:59434 for channel [id: 0x4043fe0c, L:/127.0.0.1:64666 - R:localhost/127.0.0.1:59434]
19:44:07.729 [Forwarding getCurrentUrl on session 5e8af45d17a342cf058e47bd449922a0 to remote] DEBUG org.asynchttpclient.netty.request.NettyRequestSender - Using pooled Channel '[id: 0x4043fe0c, L:/127.0.0.1:64666 - R:localhost/127.0.0.1:59434]' for 'GET' to 'http://localhost:59434/session/5e8af45d17a342cf058e47bd449922a0/url'
19:44:07.729 [Forwarding getCurrentUrl on session 5e8af45d17a342cf058e47bd449922a0 to remote] DEBUG org.asynchttpclient.netty.request.NettyRequestSender - Using open Channel [id: 0x4043fe0c, L:/127.0.0.1:64666 - R:localhost/127.0.0.1:59434] for GET '/session/5e8af45d17a342cf058e47bd449922a0/url'
19:44:07.732 [AsyncHttpClient-1-2] DEBUG org.asynchttpclient.netty.handler.HttpHandler - 

Request DefaultFullHttpRequest(decodeResult: success, version: HTTP/1.1, content: EmptyByteBufBE)
GET /session/5e8af45d17a342cf058e47bd449922a0/url HTTP/1.1
User-Agent: selenium/4.1.2 (java windows)
Cache-Control: no-cache
Content-Type: application/json; charset=utf-8
host: localhost:59434
accept: */*

Response DefaultHttpResponse(decodeResult: success, version: HTTP/1.1)
HTTP/1.1 200 OK
Content-Type: application/json; charset=utf-8
cache-control: no-cache
content-length: 41

19:44:07.733 [AsyncHttpClient-1-2] DEBUG org.asynchttpclient.netty.channel.ChannelManager - Adding key: http://localhost:59434 for channel [id: 0x4043fe0c, L:/127.0.0.1:64666 - R:localhost/127.0.0.1:59434]
  &amp#27;[32mGiven &amp#27;[0m&amp#27;[32mI open the website&amp#27;[0m            &amp#27;[90m# starter.steps.RegistrationStep.iOpenTheWebsite()&amp#27;[0m
19:44:07.736 [Forwarding screenshot on session 5e8af45d17a342cf058e47bd449922a0 to remote] DEBUG org.asynchttpclient.netty.request.NettyRequestSender - Using pooled Channel '[id: 0x4043fe0c, L:/127.0.0.1:64666 - R:localhost/127.0.0.1:59434]' for 'GET' to 'http://localhost:59434/session/5e8af45d17a342cf058e47bd449922a0/screenshot'
19:44:07.736 [Forwarding screenshot on session 5e8af45d17a342cf058e47bd449922a0 to remote] DEBUG org.asynchttpclient.netty.request.NettyRequestSender - Using open Channel [id: 0x4043fe0c, L:/127.0.0.1:64666 - R:localhost/127.0.0.1:59434] for GET '/session/5e8af45d17a342cf058e47bd449922a0/screenshot'
19:44:08.006 [AsyncHttpClient-1-1] DEBUG org.asynchttpclient.netty.channel.DefaultChannelPool - Entry count for : http://localhost:64667 : 1
19:44:08.109 [AsyncHttpClient-1-2] DEBUG org.asynchttpclient.netty.handler.HttpHandler - 

Request DefaultFullHttpRequest(decodeResult: success, version: HTTP/1.1, content: EmptyByteBufBE)
GET /session/5e8af45d17a342cf058e47bd449922a0/screenshot HTTP/1.1
User-Agent: selenium/4.1.2 (java windows)
Cache-Control: no-cache
Content-Type: application/json; charset=utf-8
host: localhost:59434
accept: */*

Response DefaultHttpResponse(decodeResult: success, version: HTTP/1.1)
HTTP/1.1 200 OK
Content-Type: application/json; charset=utf-8
cache-control: no-cache
content-length: 69584

19:44:08.111 [AsyncHttpClient-1-2] DEBUG org.asynchttpclient.netty.channel.ChannelManager - Adding key: http://localhost:59434 for channel [id: 0x4043fe0c, L:/127.0.0.1:64666 - R:localhost/127.0.0.1:59434]
19:44:08.112 [main] DEBUG net.serenitybdd.core.photography.Darkroom - Send negative for processing for target\site\serenity\5297bd387dc3249e00c2d6656fb13e2699af90824ba878fd382afd24108abb14.png
19:44:08.118 [Forwarding findElement on session 5e8af45d17a342cf058e47bd449922a0 to remote] DEBUG org.asynchttpclient.netty.request.NettyRequestSender - Using pooled Channel '[id: 0x4043fe0c, L:/127.0.0.1:64666 - R:localhost/127.0.0.1:59434]' for 'POST' to 'http://localhost:59434/session/5e8af45d17a342cf058e47bd449922a0/element'
19:44:08.118 [Forwarding findElement on session 5e8af45d17a342cf058e47bd449922a0 to remote] DEBUG org.asynchttpclient.netty.request.NettyRequestSender - Using open Channel [id: 0x4043fe0c, L:/127.0.0.1:64666 - R:localhost/127.0.0.1:59434] for POST '/session/5e8af45d17a342cf058e47bd449922a0/element'
19:44:08.128 [AsyncHttpClient-1-2] DEBUG org.asynchttpclient.netty.handler.HttpHandler - 

Request DefaultHttpRequest(decodeResult: success, version: HTTP/1.1)
POST /session/5e8af45d17a342cf058e47bd449922a0/element HTTP/1.1
User-Agent: selenium/4.1.2 (java windows)
Content-Length: 97
Content-Type: application/json; charset=utf-8
host: localhost:59434
accept: */*

Response DefaultHttpResponse(decodeResult: success, version: HTTP/1.1)
HTTP/1.1 200 OK
Content-Type: application/json; charset=utf-8
cache-control: no-cache
content-length: 88

19:44:08.129 [AsyncHttpClient-1-2] DEBUG org.asynchttpclient.netty.channel.ChannelManager - Adding key: http://localhost:59434 for channel [id: 0x4043fe0c, L:/127.0.0.1:64666 - R:localhost/127.0.0.1:59434]
19:44:08.129 [Forwarding getElementTagName on session 5e8af45d17a342cf058e47bd449922a0 to remote] DEBUG org.asynchttpclient.netty.request.NettyRequestSender - Using pooled Channel '[id: 0x4043fe0c, L:/127.0.0.1:64666 - R:localhost/127.0.0.1:59434]' for 'GET' to 'http://localhost:59434/session/5e8af45d17a342cf058e47bd449922a0/element/c295f5a0-574f-4047-a443-9e6cb700f656/name'
19:44:08.129 [Forwarding getElementTagName on session 5e8af45d17a342cf058e47bd449922a0 to remote] DEBUG org.asynchttpclient.netty.request.NettyRequestSender - Using open Channel [id: 0x4043fe0c, L:/127.0.0.1:64666 - R:localhost/127.0.0.1:59434] for GET '/session/5e8af45d17a342cf058e47bd449922a0/element/c295f5a0-574f-4047-a443-9e6cb700f656/name'
19:44:08.135 [AsyncHttpClient-1-2] DEBUG org.asynchttpclient.netty.handler.HttpHandler - 

Request DefaultFullHttpRequest(decodeResult: success, version: HTTP/1.1, content: EmptyByteBufBE)
GET /session/5e8af45d17a342cf058e47bd449922a0/element/c295f5a0-574f-4047-a443-9e6cb700f656/name HTTP/1.1
User-Agent: selenium/4.1.2 (java windows)
Cache-Control: no-cache
Content-Type: application/json; charset=utf-8
host: localhost:59434
accept: */*

Response DefaultHttpResponse(decodeResult: success, version: HTTP/1.1)
HTTP/1.1 200 OK
Content-Type: application/json; charset=utf-8
cache-control: no-cache
content-length: 13

19:44:08.136 [AsyncHttpClient-1-2] DEBUG org.asynchttpclient.netty.channel.ChannelManager - Adding key: http://localhost:59434 for channel [id: 0x4043fe0c, L:/127.0.0.1:64666 - R:localhost/127.0.0.1:59434]
19:44:08.139 [Forwarding getElementTagName on session 5e8af45d17a342cf058e47bd449922a0 to remote] DEBUG org.asynchttpclient.netty.request.NettyRequestSender - Using pooled Channel '[id: 0x4043fe0c, L:/127.0.0.1:64666 - R:localhost/127.0.0.1:59434]' for 'GET' to 'http://localhost:59434/session/5e8af45d17a342cf058e47bd449922a0/element/c295f5a0-574f-4047-a443-9e6cb700f656/name'
19:44:08.139 [Forwarding getElementTagName on session 5e8af45d17a342cf058e47bd449922a0 to remote] DEBUG org.asynchttpclient.netty.request.NettyRequestSender - Using open Channel [id: 0x4043fe0c, L:/127.0.0.1:64666 - R:localhost/127.0.0.1:59434] for GET '/session/5e8af45d17a342cf058e47bd449922a0/element/c295f5a0-574f-4047-a443-9e6cb700f656/name'
19:44:08.146 [AsyncHttpClient-1-2] DEBUG org.asynchttpclient.netty.handler.HttpHandler - 

Request DefaultFullHttpRequest(decodeResult: success, version: HTTP/1.1, content: EmptyByteBufBE)
GET /session/5e8af45d17a342cf058e47bd449922a0/element/c295f5a0-574f-4047-a443-9e6cb700f656/name HTTP/1.1
User-Agent: selenium/4.1.2 (java windows)
Cache-Control: no-cache
Content-Type: application/json; charset=utf-8
host: localhost:59434
accept: */*

Response DefaultHttpResponse(decodeResult: success, version: HTTP/1.1)
HTTP/1.1 200 OK
Content-Type: application/json; charset=utf-8
cache-control: no-cache
content-length: 13

19:44:08.146 [AsyncHttpClient-1-2] DEBUG org.asynchttpclient.netty.channel.ChannelManager - Adding key: http://localhost:59434 for channel [id: 0x4043fe0c, L:/127.0.0.1:64666 - R:localhost/127.0.0.1:59434]
19:44:08.151 [Forwarding findElement on session 5e8af45d17a342cf058e47bd449922a0 to remote] DEBUG org.asynchttpclient.netty.request.NettyRequestSender - Using pooled Channel '[id: 0x4043fe0c, L:/127.0.0.1:64666 - R:localhost/127.0.0.1:59434]' for 'POST' to 'http://localhost:59434/session/5e8af45d17a342cf058e47bd449922a0/element'
19:44:08.152 [Forwarding findElement on session 5e8af45d17a342cf058e47bd449922a0 to remote] DEBUG org.asynchttpclient.netty.request.NettyRequestSender - Using open Channel [id: 0x4043fe0c, L:/127.0.0.1:64666 - R:localhost/127.0.0.1:59434] for POST '/session/5e8af45d17a342cf058e47bd449922a0/element'
19:44:08.159 [AsyncHttpClient-1-2] DEBUG org.asynchttpclient.netty.handler.HttpHandler - 

Request DefaultHttpRequest(decodeResult: success, version: HTTP/1.1)
POST /session/5e8af45d17a342cf058e47bd449922a0/element HTTP/1.1
User-Agent: selenium/4.1.2 (java windows)
Content-Length: 97
Content-Type: application/json; charset=utf-8
host: localhost:59434
accept: */*

Response DefaultHttpResponse(decodeResult: success, version: HTTP/1.1)
HTTP/1.1 200 OK
Content-Type: application/json; charset=utf-8
cache-control: no-cache
content-length: 88

19:44:08.159 [AsyncHttpClient-1-2] DEBUG org.asynchttpclient.netty.channel.ChannelManager - Adding key: http://localhost:59434 for channel [id: 0x4043fe0c, L:/127.0.0.1:64666 - R:localhost/127.0.0.1:59434]
19:44:08.160 [Forwarding clickElement on session 5e8af45d17a342cf058e47bd449922a0 to remote] DEBUG org.asynchttpclient.netty.request.NettyRequestSender - Using pooled Channel '[id: 0x4043fe0c, L:/127.0.0.1:64666 - R:localhost/127.0.0.1:59434]' for 'POST' to 'http://localhost:59434/session/5e8af45d17a342cf058e47bd449922a0/element/c295f5a0-574f-4047-a443-9e6cb700f656/click'
19:44:08.160 [Forwarding clickElement on session 5e8af45d17a342cf058e47bd449922a0 to remote] DEBUG org.asynchttpclient.netty.request.NettyRequestSender - Using open Channel [id: 0x4043fe0c, L:/127.0.0.1:64666 - R:localhost/127.0.0.1:59434] for POST '/session/5e8af45d17a342cf058e47bd449922a0/element/c295f5a0-574f-4047-a443-9e6cb700f656/click'
19:44:08.197 [AsyncHttpClient-1-2] DEBUG org.asynchttpclient.netty.handler.HttpHandler - 

Request DefaultHttpRequest(decodeResult: success, version: HTTP/1.1)
POST /session/5e8af45d17a342cf058e47bd449922a0/element/c295f5a0-574f-4047-a443-9e6cb700f656/click HTTP/1.1
User-Agent: selenium/4.1.2 (java windows)
Content-Length: 50
Content-Type: application/json; charset=utf-8
host: localhost:59434
accept: */*

Response DefaultHttpResponse(decodeResult: success, version: HTTP/1.1)
HTTP/1.1 200 OK
Content-Type: application/json; charset=utf-8
cache-control: no-cache
content-length: 14

19:44:08.197 [AsyncHttpClient-1-2] DEBUG org.asynchttpclient.netty.channel.ChannelManager - Adding key: http://localhost:59434 for channel [id: 0x4043fe0c, L:/127.0.0.1:64666 - R:localhost/127.0.0.1:59434]
  &amp#27;[32mWhen &amp#27;[0m&amp#27;[32mI click sign in button&amp#27;[0m         &amp#27;[90m# starter.steps.RegistrationStep.iClickSignInButton()&amp#27;[0m
19:44:08.204 [Forwarding screenshot on session 5e8af45d17a342cf058e47bd449922a0 to remote] DEBUG org.asynchttpclient.netty.request.NettyRequestSender - Using pooled Channel '[id: 0x4043fe0c, L:/127.0.0.1:64666 - R:localhost/127.0.0.1:59434]' for 'GET' to 'http://localhost:59434/session/5e8af45d17a342cf058e47bd449922a0/screenshot'
19:44:08.204 [Forwarding screenshot on session 5e8af45d17a342cf058e47bd449922a0 to remote] DEBUG org.asynchttpclient.netty.request.NettyRequestSender - Using open Channel [id: 0x4043fe0c, L:/127.0.0.1:64666 - R:localhost/127.0.0.1:59434] for GET '/session/5e8af45d17a342cf058e47bd449922a0/screenshot'
19:44:08.509 [AsyncHttpClient-1-2] DEBUG org.asynchttpclient.netty.handler.HttpHandler - 

Request DefaultFullHttpRequest(decodeResult: success, version: HTTP/1.1, content: EmptyByteBufBE)
GET /session/5e8af45d17a342cf058e47bd449922a0/screenshot HTTP/1.1
User-Agent: selenium/4.1.2 (java windows)
Cache-Control: no-cache
Content-Type: application/json; charset=utf-8
host: localhost:59434
accept: */*

Response DefaultHttpResponse(decodeResult: success, version: HTTP/1.1)
HTTP/1.1 200 OK
Content-Type: application/json; charset=utf-8
cache-control: no-cache
content-length: 41416

19:44:08.510 [AsyncHttpClient-1-2] DEBUG org.asynchttpclient.netty.channel.ChannelManager - Adding key: http://localhost:59434 for channel [id: 0x4043fe0c, L:/127.0.0.1:64666 - R:localhost/127.0.0.1:59434]
19:44:08.511 [main] DEBUG net.serenitybdd.core.photography.Darkroom - Send negative for processing for target\site\serenity\32ec3689807edbb990f3ebafb65460ef71a2d175e9c581b4b70a508b7d6a3c8f.png
19:44:08.513 [Darkroom Processing Line] DEBUG net.serenitybdd.core.photography.DarkroomProcessingLine - Processing screenshot image in /var/screenshots/screenshot-8332112587915012699
19:44:08.513 [Darkroom Processing Line] DEBUG net.serenitybdd.core.photography.DarkroomProcessingLine - Saving screenshot to target\site\serenity\32ec3689807edbb990f3ebafb65460ef71a2d175e9c581b4b70a508b7d6a3c8f.png
19:44:08.518 [Forwarding findElement on session 5e8af45d17a342cf058e47bd449922a0 to remote] DEBUG org.asynchttpclient.netty.request.NettyRequestSender - Using pooled Channel '[id: 0x4043fe0c, L:/127.0.0.1:64666 - R:localhost/127.0.0.1:59434]' for 'POST' to 'http://localhost:59434/session/5e8af45d17a342cf058e47bd449922a0/element'
19:44:08.518 [Forwarding findElement on session 5e8af45d17a342cf058e47bd449922a0 to remote] DEBUG org.asynchttpclient.netty.request.NettyRequestSender - Using open Channel [id: 0x4043fe0c, L:/127.0.0.1:64666 - R:localhost/127.0.0.1:59434] for POST '/session/5e8af45d17a342cf058e47bd449922a0/element'
19:44:08.536 [AsyncHttpClient-1-2] DEBUG org.asynchttpclient.netty.handler.HttpHandler - 

Request DefaultHttpRequest(decodeResult: success, version: HTTP/1.1)
POST /session/5e8af45d17a342cf058e47bd449922a0/element HTTP/1.1
User-Agent: selenium/4.1.2 (java windows)
Content-Length: 84
Content-Type: application/json; charset=utf-8
host: localhost:59434
accept: */*

Response DefaultHttpResponse(decodeResult: success, version: HTTP/1.1)
HTTP/1.1 200 OK
Content-Type: application/json; charset=utf-8
cache-control: no-cache
content-length: 88

19:44:08.536 [AsyncHttpClient-1-2] DEBUG org.asynchttpclient.netty.channel.ChannelManager - Adding key: http://localhost:59434 for channel [id: 0x4043fe0c, L:/127.0.0.1:64666 - R:localhost/127.0.0.1:59434]
19:44:08.541 [Forwarding getElementTagName on session 5e8af45d17a342cf058e47bd449922a0 to remote] DEBUG org.asynchttpclient.netty.request.NettyRequestSender - Using pooled Channel '[id: 0x4043fe0c, L:/127.0.0.1:64666 - R:localhost/127.0.0.1:59434]' for 'GET' to 'http://localhost:59434/session/5e8af45d17a342cf058e47bd449922a0/element/673eacb4-05c7-47fc-bb70-4623f476b718/name'
19:44:08.541 [Forwarding getElementTagName on session 5e8af45d17a342cf058e47bd449922a0 to remote] DEBUG org.asynchttpclient.netty.request.NettyRequestSender - Using open Channel [id: 0x4043fe0c, L:/127.0.0.1:64666 - R:localhost/127.0.0.1:59434] for GET '/session/5e8af45d17a342cf058e47bd449922a0/element/673eacb4-05c7-47fc-bb70-4623f476b718/name'
19:44:08.544 [AsyncHttpClient-1-2] DEBUG org.asynchttpclient.netty.handler.HttpHandler - 

Request DefaultFullHttpRequest(decodeResult: success, version: HTTP/1.1, content: EmptyByteBufBE)
GET /session/5e8af45d17a342cf058e47bd449922a0/element/673eacb4-05c7-47fc-bb70-4623f476b718/name HTTP/1.1
User-Agent: selenium/4.1.2 (java windows)
Cache-Control: no-cache
Content-Type: application/json; charset=utf-8
host: localhost:59434
accept: */*

Response DefaultHttpResponse(decodeResult: success, version: HTTP/1.1)
HTTP/1.1 200 OK
Content-Type: application/json; charset=utf-8
cache-control: no-cache
content-length: 13

19:44:08.545 [AsyncHttpClient-1-2] DEBUG org.asynchttpclient.netty.channel.ChannelManager - Adding key: http://localhost:59434 for channel [id: 0x4043fe0c, L:/127.0.0.1:64666 - R:localhost/127.0.0.1:59434]
19:44:08.551 [Forwarding getElementTagName on session 5e8af45d17a342cf058e47bd449922a0 to remote] DEBUG org.asynchttpclient.netty.request.NettyRequestSender - Using pooled Channel '[id: 0x4043fe0c, L:/127.0.0.1:64666 - R:localhost/127.0.0.1:59434]' for 'GET' to 'http://localhost:59434/session/5e8af45d17a342cf058e47bd449922a0/element/673eacb4-05c7-47fc-bb70-4623f476b718/name'
19:44:08.551 [Forwarding getElementTagName on session 5e8af45d17a342cf058e47bd449922a0 to remote] DEBUG org.asynchttpclient.netty.request.NettyRequestSender - Using open Channel [id: 0x4043fe0c, L:/127.0.0.1:64666 - R:localhost/127.0.0.1:59434] for GET '/session/5e8af45d17a342cf058e47bd449922a0/element/673eacb4-05c7-47fc-bb70-4623f476b718/name'
19:44:08.559 [AsyncHttpClient-1-2] DEBUG org.asynchttpclient.netty.handler.HttpHandler - 

Request DefaultFullHttpRequest(decodeResult: success, version: HTTP/1.1, content: EmptyByteBufBE)
GET /session/5e8af45d17a342cf058e47bd449922a0/element/673eacb4-05c7-47fc-bb70-4623f476b718/name HTTP/1.1
User-Agent: selenium/4.1.2 (java windows)
Cache-Control: no-cache
Content-Type: application/json; charset=utf-8
host: localhost:59434
accept: */*

Response DefaultHttpResponse(decodeResult: success, version: HTTP/1.1)
HTTP/1.1 200 OK
Content-Type: application/json; charset=utf-8
cache-control: no-cache
content-length: 13

19:44:08.559 [AsyncHttpClient-1-2] DEBUG org.asynchttpclient.netty.channel.ChannelManager - Adding key: http://localhost:59434 for channel [id: 0x4043fe0c, L:/127.0.0.1:64666 - R:localhost/127.0.0.1:59434]
19:44:08.561 [Forwarding findElement on session 5e8af45d17a342cf058e47bd449922a0 to remote] DEBUG org.asynchttpclient.netty.request.NettyRequestSender - Using pooled Channel '[id: 0x4043fe0c, L:/127.0.0.1:64666 - R:localhost/127.0.0.1:59434]' for 'POST' to 'http://localhost:59434/session/5e8af45d17a342cf058e47bd449922a0/element'
19:44:08.561 [Forwarding findElement on session 5e8af45d17a342cf058e47bd449922a0 to remote] DEBUG org.asynchttpclient.netty.request.NettyRequestSender - Using open Channel [id: 0x4043fe0c, L:/127.0.0.1:64666 - R:localhost/127.0.0.1:59434] for POST '/session/5e8af45d17a342cf058e47bd449922a0/element'
19:44:08.570 [AsyncHttpClient-1-2] DEBUG org.asynchttpclient.netty.handler.HttpHandler - 

Request DefaultHttpRequest(decodeResult: success, version: HTTP/1.1)
POST /session/5e8af45d17a342cf058e47bd449922a0/element HTTP/1.1
User-Agent: selenium/4.1.2 (java windows)
Content-Length: 84
Content-Type: application/json; charset=utf-8
host: localhost:59434
accept: */*

Response DefaultHttpResponse(decodeResult: success, version: HTTP/1.1)
HTTP/1.1 200 OK
Content-Type: application/json; charset=utf-8
cache-control: no-cache
content-length: 88

19:44:08.570 [AsyncHttpClient-1-2] DEBUG org.asynchttpclient.netty.channel.ChannelManager - Adding key: http://localhost:59434 for channel [id: 0x4043fe0c, L:/127.0.0.1:64666 - R:localhost/127.0.0.1:59434]
19:44:08.574 [Forwarding clickElement on session 5e8af45d17a342cf058e47bd449922a0 to remote] DEBUG org.asynchttpclient.netty.request.NettyRequestSender - Using pooled Channel '[id: 0x4043fe0c, L:/127.0.0.1:64666 - R:localhost/127.0.0.1:59434]' for 'POST' to 'http://localhost:59434/session/5e8af45d17a342cf058e47bd449922a0/element/673eacb4-05c7-47fc-bb70-4623f476b718/click'
19:44:08.574 [Forwarding clickElement on session 5e8af45d17a342cf058e47bd449922a0 to remote] DEBUG org.asynchttpclient.netty.request.NettyRequestSender - Using open Channel [id: 0x4043fe0c, L:/127.0.0.1:64666 - R:localhost/127.0.0.1:59434] for POST '/session/5e8af45d17a342cf058e47bd449922a0/element/673eacb4-05c7-47fc-bb70-4623f476b718/click'
19:44:08.633 [AsyncHttpClient-1-2] DEBUG org.asynchttpclient.netty.handler.HttpHandler - 

Request DefaultHttpRequest(decodeResult: success, version: HTTP/1.1)
POST /session/5e8af45d17a342cf058e47bd449922a0/element/673eacb4-05c7-47fc-bb70-4623f476b718/click HTTP/1.1
User-Agent: selenium/4.1.2 (java windows)
Content-Length: 50
Content-Type: application/json; charset=utf-8
host: localhost:59434
accept: */*

Response DefaultHttpResponse(decodeResult: success, version: HTTP/1.1)
HTTP/1.1 200 OK
Content-Type: application/json; charset=utf-8
cache-control: no-cache
content-length: 14

19:44:08.633 [AsyncHttpClient-1-2] DEBUG org.asynchttpclient.netty.channel.ChannelManager - Adding key: http://localhost:59434 for channel [id: 0x4043fe0c, L:/127.0.0.1:64666 - R:localhost/127.0.0.1:59434]
  &amp#27;[32mAnd &amp#27;[0m&amp#27;[32mI click register link&amp#27;[0m           &amp#27;[90m# starter.steps.RegistrationStep.iClickRegisterLink()&amp#27;[0m
19:44:08.645 [Forwarding screenshot on session 5e8af45d17a342cf058e47bd449922a0 to remote] DEBUG org.asynchttpclient.netty.request.NettyRequestSender - Using pooled Channel '[id: 0x4043fe0c, L:/127.0.0.1:64666 - R:localhost/127.0.0.1:59434]' for 'GET' to 'http://localhost:59434/session/5e8af45d17a342cf058e47bd449922a0/screenshot'
19:44:08.645 [Forwarding screenshot on session 5e8af45d17a342cf058e47bd449922a0 to remote] DEBUG org.asynchttpclient.netty.request.NettyRequestSender - Using open Channel [id: 0x4043fe0c, L:/127.0.0.1:64666 - R:localhost/127.0.0.1:59434] for GET '/session/5e8af45d17a342cf058e47bd449922a0/screenshot'
19:44:08.849 [AsyncHttpClient-1-2] DEBUG org.asynchttpclient.netty.handler.HttpHandler - 

Request DefaultFullHttpRequest(decodeResult: success, version: HTTP/1.1, content: EmptyByteBufBE)
GET /session/5e8af45d17a342cf058e47bd449922a0/screenshot HTTP/1.1
User-Agent: selenium/4.1.2 (java windows)
Cache-Control: no-cache
Content-Type: application/json; charset=utf-8
host: localhost:59434
accept: */*

Response DefaultHttpResponse(decodeResult: success, version: HTTP/1.1)
HTTP/1.1 200 OK
Content-Type: application/json; charset=utf-8
cache-control: no-cache
content-length: 46040

19:44:08.849 [AsyncHttpClient-1-2] DEBUG org.asynchttpclient.netty.channel.ChannelManager - Adding key: http://localhost:59434 for channel [id: 0x4043fe0c, L:/127.0.0.1:64666 - R:localhost/127.0.0.1:59434]
19:44:08.851 [main] DEBUG net.serenitybdd.core.photography.Darkroom - Send negative for processing for target\site\serenity\20835e5ab01967d9472b852a5f00c1ba60c5e400887873a0c93bc9269cb18831.png
19:44:08.853 [Darkroom Processing Line] DEBUG net.serenitybdd.core.photography.DarkroomProcessingLine - Processing screenshot image in /var/screenshots/screenshot-802700231570762570
19:44:08.853 [Darkroom Processing Line] DEBUG net.serenitybdd.core.photography.DarkroomProcessingLine - Saving screenshot to target\site\serenity\20835e5ab01967d9472b852a5f00c1ba60c5e400887873a0c93bc9269cb18831.png
19:44:08.859 [Forwarding findElement on session 5e8af45d17a342cf058e47bd449922a0 to remote] DEBUG org.asynchttpclient.netty.request.NettyRequestSender - Using pooled Channel '[id: 0x4043fe0c, L:/127.0.0.1:64666 - R:localhost/127.0.0.1:59434]' for 'POST' to 'http://localhost:59434/session/5e8af45d17a342cf058e47bd449922a0/element'
19:44:08.859 [Forwarding findElement on session 5e8af45d17a342cf058e47bd449922a0 to remote] DEBUG org.asynchttpclient.netty.request.NettyRequestSender - Using open Channel [id: 0x4043fe0c, L:/127.0.0.1:64666 - R:localhost/127.0.0.1:59434] for POST '/session/5e8af45d17a342cf058e47bd449922a0/element'
19:44:08.868 [AsyncHttpClient-1-2] DEBUG org.asynchttpclient.netty.handler.HttpHandler - 

Request DefaultHttpRequest(decodeResult: success, version: HTTP/1.1)
POST /session/5e8af45d17a342cf058e47bd449922a0/element HTTP/1.1
User-Agent: selenium/4.1.2 (java windows)
Content-Length: 93
Content-Type: application/json; charset=utf-8
host: localhost:59434
accept: */*

Response DefaultHttpResponse(decodeResult: success, version: HTTP/1.1)
HTTP/1.1 200 OK
Content-Type: application/json; charset=utf-8
cache-control: no-cache
content-length: 88

19:44:08.868 [AsyncHttpClient-1-2] DEBUG org.asynchttpclient.netty.channel.ChannelManager - Adding key: http://localhost:59434 for channel [id: 0x4043fe0c, L:/127.0.0.1:64666 - R:localhost/127.0.0.1:59434]
19:44:08.869 [Forwarding clearElement on session 5e8af45d17a342cf058e47bd449922a0 to remote] DEBUG org.asynchttpclient.netty.request.NettyRequestSender - Using pooled Channel '[id: 0x4043fe0c, L:/127.0.0.1:64666 - R:localhost/127.0.0.1:59434]' for 'POST' to 'http://localhost:59434/session/5e8af45d17a342cf058e47bd449922a0/element/80042ba2-722a-46ce-862a-9c9141d91d90/clear'
19:44:08.869 [Forwarding clearElement on session 5e8af45d17a342cf058e47bd449922a0 to remote] DEBUG org.asynchttpclient.netty.request.NettyRequestSender - Using open Channel [id: 0x4043fe0c, L:/127.0.0.1:64666 - R:localhost/127.0.0.1:59434] for POST '/session/5e8af45d17a342cf058e47bd449922a0/element/80042ba2-722a-46ce-862a-9c9141d91d90/clear'
19:44:08.893 [AsyncHttpClient-1-2] DEBUG org.asynchttpclient.netty.handler.HttpHandler - 

Request DefaultHttpRequest(decodeResult: success, version: HTTP/1.1)
POST /session/5e8af45d17a342cf058e47bd449922a0/element/80042ba2-722a-46ce-862a-9c9141d91d90/clear HTTP/1.1
User-Agent: selenium/4.1.2 (java windows)
Content-Length: 50
Content-Type: application/json; charset=utf-8
host: localhost:59434
accept: */*

Response DefaultHttpResponse(decodeResult: success, version: HTTP/1.1)
HTTP/1.1 200 OK
Content-Type: application/json; charset=utf-8
cache-control: no-cache
content-length: 14

19:44:08.895 [AsyncHttpClient-1-2] DEBUG org.asynchttpclient.netty.channel.ChannelManager - Adding key: http://localhost:59434 for channel [id: 0x4043fe0c, L:/127.0.0.1:64666 - R:localhost/127.0.0.1:59434]
19:44:08.896 [Forwarding sendKeysToElement on session 5e8af45d17a342cf058e47bd449922a0 to remote] DEBUG org.asynchttpclient.netty.request.NettyRequestSender - Using pooled Channel '[id: 0x4043fe0c, L:/127.0.0.1:64666 - R:localhost/127.0.0.1:59434]' for 'POST' to 'http://localhost:59434/session/5e8af45d17a342cf058e47bd449922a0/element/80042ba2-722a-46ce-862a-9c9141d91d90/value'
19:44:08.896 [Forwarding sendKeysToElement on session 5e8af45d17a342cf058e47bd449922a0 to remote] DEBUG org.asynchttpclient.netty.request.NettyRequestSender - Using open Channel [id: 0x4043fe0c, L:/127.0.0.1:64666 - R:localhost/127.0.0.1:59434] for POST '/session/5e8af45d17a342cf058e47bd449922a0/element/80042ba2-722a-46ce-862a-9c9141d91d90/value'
19:44:08.937 [AsyncHttpClient-1-2] DEBUG org.asynchttpclient.netty.handler.HttpHandler - 

Request DefaultHttpRequest(decodeResult: success, version: HTTP/1.1)
POST /session/5e8af45d17a342cf058e47bd449922a0/element/80042ba2-722a-46ce-862a-9c9141d91d90/value HTTP/1.1
User-Agent: selenium/4.1.2 (java windows)
Content-Length: 82
Content-Type: application/json; charset=utf-8
host: localhost:59434
accept: */*

Response DefaultHttpResponse(decodeResult: success, version: HTTP/1.1)
HTTP/1.1 200 OK
Content-Type: application/json; charset=utf-8
cache-control: no-cache
content-length: 14

19:44:08.937 [AsyncHttpClient-1-2] DEBUG org.asynchttpclient.netty.channel.ChannelManager - Adding key: http://localhost:59434 for channel [id: 0x4043fe0c, L:/127.0.0.1:64666 - R:localhost/127.0.0.1:59434]
  &amp#27;[32mAnd &amp#27;[0m&amp#27;[32mI input &amp#27;[0m&amp#27;[32m&amp#27;[1m""&amp#27;[0m&amp#27;[32m fullname&amp#27;[0m             &amp#27;[90m# starter.steps.RegistrationStep.iInputFullname(java.lang.String)&amp#27;[0m
19:44:08.958 [Forwarding screenshot on session 5e8af45d17a342cf058e47bd449922a0 to remote] DEBUG org.asynchttpclient.netty.request.NettyRequestSender - Using pooled Channel '[id: 0x4043fe0c, L:/127.0.0.1:64666 - R:localhost/127.0.0.1:59434]' for 'GET' to 'http://localhost:59434/session/5e8af45d17a342cf058e47bd449922a0/screenshot'
19:44:08.958 [Forwarding screenshot on session 5e8af45d17a342cf058e47bd449922a0 to remote] DEBUG org.asynchttpclient.netty.request.NettyRequestSender - Using open Channel [id: 0x4043fe0c, L:/127.0.0.1:64666 - R:localhost/127.0.0.1:59434] for GET '/session/5e8af45d17a342cf058e47bd449922a0/screenshot'
19:44:09.108 [AsyncHttpClient-1-1] DEBUG org.asynchttpclient.netty.channel.DefaultChannelPool - Entry count for : http://localhost:64667 : 1
19:44:09.160 [AsyncHttpClient-1-2] DEBUG org.asynchttpclient.netty.handler.HttpHandler - 

Request DefaultFullHttpRequest(decodeResult: success, version: HTTP/1.1, content: EmptyByteBufBE)
GET /session/5e8af45d17a342cf058e47bd449922a0/screenshot HTTP/1.1
User-Agent: selenium/4.1.2 (java windows)
Cache-Control: no-cache
Content-Type: application/json; charset=utf-8
host: localhost:59434
accept: */*

Response DefaultHttpResponse(decodeResult: success, version: HTTP/1.1)
HTTP/1.1 200 OK
Content-Type: application/json; charset=utf-8
cache-control: no-cache
content-length: 45088

19:44:09.160 [AsyncHttpClient-1-2] DEBUG org.asynchttpclient.netty.channel.ChannelManager - Adding key: http://localhost:59434 for channel [id: 0x4043fe0c, L:/127.0.0.1:64666 - R:localhost/127.0.0.1:59434]
19:44:09.162 [main] DEBUG net.serenitybdd.core.photography.Darkroom - Send negative for processing for target\site\serenity\7d3bbc61d854aaf4f7d3b83dd77d29c10245606110ca0922bcd71cdaef739a52.png
19:44:09.162 [Darkroom Processing Line] DEBUG net.serenitybdd.core.photography.DarkroomProcessingLine - Processing screenshot image in /var/screenshots/screenshot-5488560067956287714
19:44:09.162 [Darkroom Processing Line] DEBUG net.serenitybdd.core.photography.DarkroomProcessingLine - Saving screenshot to target\site\serenity\7d3bbc61d854aaf4f7d3b83dd77d29c10245606110ca0922bcd71cdaef739a52.png
19:44:09.169 [Forwarding findElement on session 5e8af45d17a342cf058e47bd449922a0 to remote] DEBUG org.asynchttpclient.netty.request.NettyRequestSender - Using pooled Channel '[id: 0x4043fe0c, L:/127.0.0.1:64666 - R:localhost/127.0.0.1:59434]' for 'POST' to 'http://localhost:59434/session/5e8af45d17a342cf058e47bd449922a0/element'
19:44:09.169 [Forwarding findElement on session 5e8af45d17a342cf058e47bd449922a0 to remote] DEBUG org.asynchttpclient.netty.request.NettyRequestSender - Using open Channel [id: 0x4043fe0c, L:/127.0.0.1:64666 - R:localhost/127.0.0.1:59434] for POST '/session/5e8af45d17a342cf058e47bd449922a0/element'
19:44:09.183 [AsyncHttpClient-1-2] DEBUG org.asynchttpclient.netty.handler.HttpHandler - 

Request DefaultHttpRequest(decodeResult: success, version: HTTP/1.1)
POST /session/5e8af45d17a342cf058e47bd449922a0/element HTTP/1.1
User-Agent: selenium/4.1.2 (java windows)
Content-Length: 86
Content-Type: application/json; charset=utf-8
host: localhost:59434
accept: */*

Response DefaultHttpResponse(decodeResult: success, version: HTTP/1.1)
HTTP/1.1 200 OK
Content-Type: application/json; charset=utf-8
cache-control: no-cache
content-length: 88

19:44:09.183 [AsyncHttpClient-1-2] DEBUG org.asynchttpclient.netty.channel.ChannelManager - Adding key: http://localhost:59434 for channel [id: 0x4043fe0c, L:/127.0.0.1:64666 - R:localhost/127.0.0.1:59434]
19:44:09.184 [Forwarding clearElement on session 5e8af45d17a342cf058e47bd449922a0 to remote] DEBUG org.asynchttpclient.netty.request.NettyRequestSender - Using pooled Channel '[id: 0x4043fe0c, L:/127.0.0.1:64666 - R:localhost/127.0.0.1:59434]' for 'POST' to 'http://localhost:59434/session/5e8af45d17a342cf058e47bd449922a0/element/bb75f4d7-8c09-47a3-b1b9-faaf9b29a059/clear'
19:44:09.184 [Forwarding clearElement on session 5e8af45d17a342cf058e47bd449922a0 to remote] DEBUG org.asynchttpclient.netty.request.NettyRequestSender - Using open Channel [id: 0x4043fe0c, L:/127.0.0.1:64666 - R:localhost/127.0.0.1:59434] for POST '/session/5e8af45d17a342cf058e47bd449922a0/element/bb75f4d7-8c09-47a3-b1b9-faaf9b29a059/clear'
19:44:09.214 [AsyncHttpClient-1-2] DEBUG org.asynchttpclient.netty.handler.HttpHandler - 

Request DefaultHttpRequest(decodeResult: success, version: HTTP/1.1)
POST /session/5e8af45d17a342cf058e47bd449922a0/element/bb75f4d7-8c09-47a3-b1b9-faaf9b29a059/clear HTTP/1.1
User-Agent: selenium/4.1.2 (java windows)
Content-Length: 50
Content-Type: application/json; charset=utf-8
host: localhost:59434
accept: */*

Response DefaultHttpResponse(decodeResult: success, version: HTTP/1.1)
HTTP/1.1 200 OK
Content-Type: application/json; charset=utf-8
cache-control: no-cache
content-length: 14

19:44:09.215 [AsyncHttpClient-1-2] DEBUG org.asynchttpclient.netty.channel.ChannelManager - Adding key: http://localhost:59434 for channel [id: 0x4043fe0c, L:/127.0.0.1:64666 - R:localhost/127.0.0.1:59434]
19:44:09.216 [Forwarding sendKeysToElement on session 5e8af45d17a342cf058e47bd449922a0 to remote] DEBUG org.asynchttpclient.netty.request.NettyRequestSender - Using pooled Channel '[id: 0x4043fe0c, L:/127.0.0.1:64666 - R:localhost/127.0.0.1:59434]' for 'POST' to 'http://localhost:59434/session/5e8af45d17a342cf058e47bd449922a0/element/bb75f4d7-8c09-47a3-b1b9-faaf9b29a059/value'
19:44:09.216 [Forwarding sendKeysToElement on session 5e8af45d17a342cf058e47bd449922a0 to remote] DEBUG org.asynchttpclient.netty.request.NettyRequestSender - Using open Channel [id: 0x4043fe0c, L:/127.0.0.1:64666 - R:localhost/127.0.0.1:59434] for POST '/session/5e8af45d17a342cf058e47bd449922a0/element/bb75f4d7-8c09-47a3-b1b9-faaf9b29a059/value'
19:44:09.252 [AsyncHttpClient-1-2] DEBUG org.asynchttpclient.netty.handler.HttpHandler - 

Request DefaultHttpRequest(decodeResult: success, version: HTTP/1.1)
POST /session/5e8af45d17a342cf058e47bd449922a0/element/bb75f4d7-8c09-47a3-b1b9-faaf9b29a059/value HTTP/1.1
User-Agent: selenium/4.1.2 (java windows)
Content-Length: 82
Content-Type: application/json; charset=utf-8
host: localhost:59434
accept: */*

Response DefaultHttpResponse(decodeResult: success, version: HTTP/1.1)
HTTP/1.1 200 OK
Content-Type: application/json; charset=utf-8
cache-control: no-cache
content-length: 14

19:44:09.253 [AsyncHttpClient-1-2] DEBUG org.asynchttpclient.netty.channel.ChannelManager - Adding key: http://localhost:59434 for channel [id: 0x4043fe0c, L:/127.0.0.1:64666 - R:localhost/127.0.0.1:59434]
  &amp#27;[32mAnd &amp#27;[0m&amp#27;[32mI input &amp#27;[0m&amp#27;[32m&amp#27;[1m""&amp#27;[0m&amp#27;[32m new email&amp#27;[0m            &amp#27;[90m# starter.steps.RegistrationStep.iInputNewEmail(java.lang.String)&amp#27;[0m
19:44:09.260 [Forwarding screenshot on session 5e8af45d17a342cf058e47bd449922a0 to remote] DEBUG org.asynchttpclient.netty.request.NettyRequestSender - Using pooled Channel '[id: 0x4043fe0c, L:/127.0.0.1:64666 - R:localhost/127.0.0.1:59434]' for 'GET' to 'http://localhost:59434/session/5e8af45d17a342cf058e47bd449922a0/screenshot'
19:44:09.260 [Forwarding screenshot on session 5e8af45d17a342cf058e47bd449922a0 to remote] DEBUG org.asynchttpclient.netty.request.NettyRequestSender - Using open Channel [id: 0x4043fe0c, L:/127.0.0.1:64666 - R:localhost/127.0.0.1:59434] for GET '/session/5e8af45d17a342cf058e47bd449922a0/screenshot'
19:44:09.507 [AsyncHttpClient-1-2] DEBUG org.asynchttpclient.netty.handler.HttpHandler - 

Request DefaultFullHttpRequest(decodeResult: success, version: HTTP/1.1, content: EmptyByteBufBE)
GET /session/5e8af45d17a342cf058e47bd449922a0/screenshot HTTP/1.1
User-Agent: selenium/4.1.2 (java windows)
Cache-Control: no-cache
Content-Type: application/json; charset=utf-8
host: localhost:59434
accept: */*

Response DefaultHttpResponse(decodeResult: success, version: HTTP/1.1)
HTTP/1.1 200 OK
Content-Type: application/json; charset=utf-8
cache-control: no-cache
content-length: 46224

19:44:09.508 [AsyncHttpClient-1-2] DEBUG org.asynchttpclient.netty.channel.ChannelManager - Adding key: http://localhost:59434 for channel [id: 0x4043fe0c, L:/127.0.0.1:64666 - R:localhost/127.0.0.1:59434]
19:44:09.510 [main] DEBUG net.serenitybdd.core.photography.Darkroom - Send negative for processing for target\site\serenity\d958334232df83dfaa1b1fe820412ac005164d1d2786d508865a425a07b4f788.png
19:44:09.510 [Darkroom Processing Line] DEBUG net.serenitybdd.core.photography.DarkroomProcessingLine - Processing screenshot image in /var/screenshots/screenshot-17421950431288293334
19:44:09.510 [Darkroom Processing Line] DEBUG net.serenitybdd.core.photography.DarkroomProcessingLine - Saving screenshot to target\site\serenity\d958334232df83dfaa1b1fe820412ac005164d1d2786d508865a425a07b4f788.png
19:44:09.518 [Forwarding findElement on session 5e8af45d17a342cf058e47bd449922a0 to remote] DEBUG org.asynchttpclient.netty.request.NettyRequestSender - Using pooled Channel '[id: 0x4043fe0c, L:/127.0.0.1:64666 - R:localhost/127.0.0.1:59434]' for 'POST' to 'http://localhost:59434/session/5e8af45d17a342cf058e47bd449922a0/element'
19:44:09.518 [Forwarding findElement on session 5e8af45d17a342cf058e47bd449922a0 to remote] DEBUG org.asynchttpclient.netty.request.NettyRequestSender - Using open Channel [id: 0x4043fe0c, L:/127.0.0.1:64666 - R:localhost/127.0.0.1:59434] for POST '/session/5e8af45d17a342cf058e47bd449922a0/element'
19:44:09.530 [AsyncHttpClient-1-2] DEBUG org.asynchttpclient.netty.handler.HttpHandler - 

Request DefaultHttpRequest(decodeResult: success, version: HTTP/1.1)
POST /session/5e8af45d17a342cf058e47bd449922a0/element HTTP/1.1
User-Agent: selenium/4.1.2 (java windows)
Content-Length: 89
Content-Type: application/json; charset=utf-8
host: localhost:59434
accept: */*

Response DefaultHttpResponse(decodeResult: success, version: HTTP/1.1)
HTTP/1.1 200 OK
Content-Type: application/json; charset=utf-8
cache-control: no-cache
content-length: 88

19:44:09.530 [AsyncHttpClient-1-2] DEBUG org.asynchttpclient.netty.channel.ChannelManager - Adding key: http://localhost:59434 for channel [id: 0x4043fe0c, L:/127.0.0.1:64666 - R:localhost/127.0.0.1:59434]
19:44:09.530 [Forwarding clearElement on session 5e8af45d17a342cf058e47bd449922a0 to remote] DEBUG org.asynchttpclient.netty.request.NettyRequestSender - Using pooled Channel '[id: 0x4043fe0c, L:/127.0.0.1:64666 - R:localhost/127.0.0.1:59434]' for 'POST' to 'http://localhost:59434/session/5e8af45d17a342cf058e47bd449922a0/element/ee206417-34b1-477f-9567-7f3d80d7cd9b/clear'
19:44:09.532 [Forwarding clearElement on session 5e8af45d17a342cf058e47bd449922a0 to remote] DEBUG org.asynchttpclient.netty.request.NettyRequestSender - Using open Channel [id: 0x4043fe0c, L:/127.0.0.1:64666 - R:localhost/127.0.0.1:59434] for POST '/session/5e8af45d17a342cf058e47bd449922a0/element/ee206417-34b1-477f-9567-7f3d80d7cd9b/clear'
19:44:09.567 [AsyncHttpClient-1-2] DEBUG org.asynchttpclient.netty.handler.HttpHandler - 

Request DefaultHttpRequest(decodeResult: success, version: HTTP/1.1)
POST /session/5e8af45d17a342cf058e47bd449922a0/element/ee206417-34b1-477f-9567-7f3d80d7cd9b/clear HTTP/1.1
User-Agent: selenium/4.1.2 (java windows)
Content-Length: 50
Content-Type: application/json; charset=utf-8
host: localhost:59434
accept: */*

Response DefaultHttpResponse(decodeResult: success, version: HTTP/1.1)
HTTP/1.1 200 OK
Content-Type: application/json; charset=utf-8
cache-control: no-cache
content-length: 14

19:44:09.567 [AsyncHttpClient-1-2] DEBUG org.asynchttpclient.netty.channel.ChannelManager - Adding key: http://localhost:59434 for channel [id: 0x4043fe0c, L:/127.0.0.1:64666 - R:localhost/127.0.0.1:59434]
19:44:09.570 [Forwarding sendKeysToElement on session 5e8af45d17a342cf058e47bd449922a0 to remote] DEBUG org.asynchttpclient.netty.request.NettyRequestSender - Using pooled Channel '[id: 0x4043fe0c, L:/127.0.0.1:64666 - R:localhost/127.0.0.1:59434]' for 'POST' to 'http://localhost:59434/session/5e8af45d17a342cf058e47bd449922a0/element/ee206417-34b1-477f-9567-7f3d80d7cd9b/value'
19:44:09.570 [Forwarding sendKeysToElement on session 5e8af45d17a342cf058e47bd449922a0 to remote] DEBUG org.asynchttpclient.netty.request.NettyRequestSender - Using open Channel [id: 0x4043fe0c, L:/127.0.0.1:64666 - R:localhost/127.0.0.1:59434] for POST '/session/5e8af45d17a342cf058e47bd449922a0/element/ee206417-34b1-477f-9567-7f3d80d7cd9b/value'
19:44:09.696 [AsyncHttpClient-1-2] DEBUG org.asynchttpclient.netty.handler.HttpHandler - 

Request DefaultHttpRequest(decodeResult: success, version: HTTP/1.1)
POST /session/5e8af45d17a342cf058e47bd449922a0/element/ee206417-34b1-477f-9567-7f3d80d7cd9b/value HTTP/1.1
User-Agent: selenium/4.1.2 (java windows)
Content-Length: 161
Content-Type: application/json; charset=utf-8
host: localhost:59434
accept: */*

Response DefaultHttpResponse(decodeResult: success, version: HTTP/1.1)
HTTP/1.1 200 OK
Content-Type: application/json; charset=utf-8
cache-control: no-cache
content-length: 14

19:44:09.696 [AsyncHttpClient-1-2] DEBUG org.asynchttpclient.netty.channel.ChannelManager - Adding key: http://localhost:59434 for channel [id: 0x4043fe0c, L:/127.0.0.1:64666 - R:localhost/127.0.0.1:59434]
  &amp#27;[32mAnd &amp#27;[0m&amp#27;[32mI input &amp#27;[0m&amp#27;[32m&amp#27;[1m"akunmay1"&amp#27;[0m&amp#27;[32m new password&amp#27;[0m &amp#27;[90m# starter.steps.RegistrationStep.iInputNewPassword(java.lang.String)&amp#27;[0m
19:44:09.701 [Forwarding screenshot on session 5e8af45d17a342cf058e47bd449922a0 to remote] DEBUG org.asynchttpclient.netty.request.NettyRequestSender - Using pooled Channel '[id: 0x4043fe0c, L:/127.0.0.1:64666 - R:localhost/127.0.0.1:59434]' for 'GET' to 'http://localhost:59434/session/5e8af45d17a342cf058e47bd449922a0/screenshot'
19:44:09.701 [Forwarding screenshot on session 5e8af45d17a342cf058e47bd449922a0 to remote] DEBUG org.asynchttpclient.netty.request.NettyRequestSender - Using open Channel [id: 0x4043fe0c, L:/127.0.0.1:64666 - R:localhost/127.0.0.1:59434] for GET '/session/5e8af45d17a342cf058e47bd449922a0/screenshot'
19:44:09.911 [AsyncHttpClient-1-2] DEBUG org.asynchttpclient.netty.handler.HttpHandler - 

Request DefaultFullHttpRequest(decodeResult: success, version: HTTP/1.1, content: EmptyByteBufBE)
GET /session/5e8af45d17a342cf058e47bd449922a0/screenshot HTTP/1.1
User-Agent: selenium/4.1.2 (java windows)
Cache-Control: no-cache
Content-Type: application/json; charset=utf-8
host: localhost:59434
accept: */*

Response DefaultHttpResponse(decodeResult: success, version: HTTP/1.1)
HTTP/1.1 200 OK
Content-Type: application/json; charset=utf-8
cache-control: no-cache
content-length: 48352

19:44:09.911 [AsyncHttpClient-1-2] DEBUG org.asynchttpclient.netty.channel.ChannelManager - Adding key: http://localhost:59434 for channel [id: 0x4043fe0c, L:/127.0.0.1:64666 - R:localhost/127.0.0.1:59434]
19:44:09.913 [main] DEBUG net.serenitybdd.core.photography.Darkroom - Send negative for processing for target\site\serenity\160f922b64b1e52c75beaad6dc37952a1daf3701644f775a4f8119311e420d3c.png
19:44:09.913 [Darkroom Processing Line] DEBUG net.serenitybdd.core.photography.DarkroomProcessingLine - Processing screenshot image in /var/screenshots/screenshot-13669965789166339771
19:44:09.913 [Darkroom Processing Line] DEBUG net.serenitybdd.core.photography.DarkroomProcessingLine - Saving screenshot to target\site\serenity\160f922b64b1e52c75beaad6dc37952a1daf3701644f775a4f8119311e420d3c.png
19:44:09.920 [Forwarding findElement on session 5e8af45d17a342cf058e47bd449922a0 to remote] DEBUG org.asynchttpclient.netty.request.NettyRequestSender - Using pooled Channel '[id: 0x4043fe0c, L:/127.0.0.1:64666 - R:localhost/127.0.0.1:59434]' for 'POST' to 'http://localhost:59434/session/5e8af45d17a342cf058e47bd449922a0/element'
19:44:09.920 [Forwarding findElement on session 5e8af45d17a342cf058e47bd449922a0 to remote] DEBUG org.asynchttpclient.netty.request.NettyRequestSender - Using open Channel [id: 0x4043fe0c, L:/127.0.0.1:64666 - R:localhost/127.0.0.1:59434] for POST '/session/5e8af45d17a342cf058e47bd449922a0/element'
19:44:09.930 [AsyncHttpClient-1-2] DEBUG org.asynchttpclient.netty.handler.HttpHandler - 

Request DefaultHttpRequest(decodeResult: success, version: HTTP/1.1)
POST /session/5e8af45d17a342cf058e47bd449922a0/element HTTP/1.1
User-Agent: selenium/4.1.2 (java windows)
Content-Length: 141
Content-Type: application/json; charset=utf-8
host: localhost:59434
accept: */*

Response DefaultHttpResponse(decodeResult: success, version: HTTP/1.1)
HTTP/1.1 200 OK
Content-Type: application/json; charset=utf-8
cache-control: no-cache
content-length: 88

19:44:09.930 [AsyncHttpClient-1-2] DEBUG org.asynchttpclient.netty.channel.ChannelManager - Adding key: http://localhost:59434 for channel [id: 0x4043fe0c, L:/127.0.0.1:64666 - R:localhost/127.0.0.1:59434]
19:44:09.931 [Forwarding getElementTagName on session 5e8af45d17a342cf058e47bd449922a0 to remote] DEBUG org.asynchttpclient.netty.request.NettyRequestSender - Using pooled Channel '[id: 0x4043fe0c, L:/127.0.0.1:64666 - R:localhost/127.0.0.1:59434]' for 'GET' to 'http://localhost:59434/session/5e8af45d17a342cf058e47bd449922a0/element/a1e3975e-6a8e-486e-bca3-8e6b1b42b8be/name'
19:44:09.931 [Forwarding getElementTagName on session 5e8af45d17a342cf058e47bd449922a0 to remote] DEBUG org.asynchttpclient.netty.request.NettyRequestSender - Using open Channel [id: 0x4043fe0c, L:/127.0.0.1:64666 - R:localhost/127.0.0.1:59434] for GET '/session/5e8af45d17a342cf058e47bd449922a0/element/a1e3975e-6a8e-486e-bca3-8e6b1b42b8be/name'
19:44:09.948 [AsyncHttpClient-1-2] DEBUG org.asynchttpclient.netty.handler.HttpHandler - 

Request DefaultFullHttpRequest(decodeResult: success, version: HTTP/1.1, content: EmptyByteBufBE)
GET /session/5e8af45d17a342cf058e47bd449922a0/element/a1e3975e-6a8e-486e-bca3-8e6b1b42b8be/name HTTP/1.1
User-Agent: selenium/4.1.2 (java windows)
Cache-Control: no-cache
Content-Type: application/json; charset=utf-8
host: localhost:59434
accept: */*

Response DefaultHttpResponse(decodeResult: success, version: HTTP/1.1)
HTTP/1.1 200 OK
Content-Type: application/json; charset=utf-8
cache-control: no-cache
content-length: 18

19:44:09.948 [AsyncHttpClient-1-2] DEBUG org.asynchttpclient.netty.channel.ChannelManager - Adding key: http://localhost:59434 for channel [id: 0x4043fe0c, L:/127.0.0.1:64666 - R:localhost/127.0.0.1:59434]
19:44:09.950 [Forwarding getElementTagName on session 5e8af45d17a342cf058e47bd449922a0 to remote] DEBUG org.asynchttpclient.netty.request.NettyRequestSender - Using pooled Channel '[id: 0x4043fe0c, L:/127.0.0.1:64666 - R:localhost/127.0.0.1:59434]' for 'GET' to 'http://localhost:59434/session/5e8af45d17a342cf058e47bd449922a0/element/a1e3975e-6a8e-486e-bca3-8e6b1b42b8be/name'
19:44:09.950 [Forwarding getElementTagName on session 5e8af45d17a342cf058e47bd449922a0 to remote] DEBUG org.asynchttpclient.netty.request.NettyRequestSender - Using open Channel [id: 0x4043fe0c, L:/127.0.0.1:64666 - R:localhost/127.0.0.1:59434] for GET '/session/5e8af45d17a342cf058e47bd449922a0/element/a1e3975e-6a8e-486e-bca3-8e6b1b42b8be/name'
19:44:09.960 [AsyncHttpClient-1-2] DEBUG org.asynchttpclient.netty.handler.HttpHandler - 

Request DefaultFullHttpRequest(decodeResult: success, version: HTTP/1.1, content: EmptyByteBufBE)
GET /session/5e8af45d17a342cf058e47bd449922a0/element/a1e3975e-6a8e-486e-bca3-8e6b1b42b8be/name HTTP/1.1
User-Agent: selenium/4.1.2 (java windows)
Cache-Control: no-cache
Content-Type: application/json; charset=utf-8
host: localhost:59434
accept: */*

Response DefaultHttpResponse(decodeResult: success, version: HTTP/1.1)
HTTP/1.1 200 OK
Content-Type: application/json; charset=utf-8
cache-control: no-cache
content-length: 18

19:44:09.962 [AsyncHttpClient-1-2] DEBUG org.asynchttpclient.netty.channel.ChannelManager - Adding key: http://localhost:59434 for channel [id: 0x4043fe0c, L:/127.0.0.1:64666 - R:localhost/127.0.0.1:59434]
19:44:09.964 [Forwarding isElementEnabled on session 5e8af45d17a342cf058e47bd449922a0 to remote] DEBUG org.asynchttpclient.netty.request.NettyRequestSender - Using pooled Channel '[id: 0x4043fe0c, L:/127.0.0.1:64666 - R:localhost/127.0.0.1:59434]' for 'GET' to 'http://localhost:59434/session/5e8af45d17a342cf058e47bd449922a0/element/a1e3975e-6a8e-486e-bca3-8e6b1b42b8be/enabled'
19:44:09.964 [Forwarding isElementEnabled on session 5e8af45d17a342cf058e47bd449922a0 to remote] DEBUG org.asynchttpclient.netty.request.NettyRequestSender - Using open Channel [id: 0x4043fe0c, L:/127.0.0.1:64666 - R:localhost/127.0.0.1:59434] for GET '/session/5e8af45d17a342cf058e47bd449922a0/element/a1e3975e-6a8e-486e-bca3-8e6b1b42b8be/enabled'
19:44:09.968 [AsyncHttpClient-1-2] DEBUG org.asynchttpclient.netty.handler.HttpHandler - 

Request DefaultFullHttpRequest(decodeResult: success, version: HTTP/1.1, content: EmptyByteBufBE)
GET /session/5e8af45d17a342cf058e47bd449922a0/element/a1e3975e-6a8e-486e-bca3-8e6b1b42b8be/enabled HTTP/1.1
User-Agent: selenium/4.1.2 (java windows)
Cache-Control: no-cache
Content-Type: application/json; charset=utf-8
host: localhost:59434
accept: */*

Response DefaultHttpResponse(decodeResult: success, version: HTTP/1.1)
HTTP/1.1 200 OK
Content-Type: application/json; charset=utf-8
cache-control: no-cache
content-length: 14

19:44:09.968 [AsyncHttpClient-1-2] DEBUG org.asynchttpclient.netty.channel.ChannelManager - Adding key: http://localhost:59434 for channel [id: 0x4043fe0c, L:/127.0.0.1:64666 - R:localhost/127.0.0.1:59434]
19:44:09.972 [Forwarding isElementEnabled on session 5e8af45d17a342cf058e47bd449922a0 to remote] DEBUG org.asynchttpclient.netty.request.NettyRequestSender - Using pooled Channel '[id: 0x4043fe0c, L:/127.0.0.1:64666 - R:localhost/127.0.0.1:59434]' for 'GET' to 'http://localhost:59434/session/5e8af45d17a342cf058e47bd449922a0/element/a1e3975e-6a8e-486e-bca3-8e6b1b42b8be/enabled'
19:44:09.973 [Forwarding isElementEnabled on session 5e8af45d17a342cf058e47bd449922a0 to remote] DEBUG org.asynchttpclient.netty.request.NettyRequestSender - Using open Channel [id: 0x4043fe0c, L:/127.0.0.1:64666 - R:localhost/127.0.0.1:59434] for GET '/session/5e8af45d17a342cf058e47bd449922a0/element/a1e3975e-6a8e-486e-bca3-8e6b1b42b8be/enabled'
19:44:09.978 [AsyncHttpClient-1-2] DEBUG org.asynchttpclient.netty.handler.HttpHandler - 

Request DefaultFullHttpRequest(decodeResult: success, version: HTTP/1.1, content: EmptyByteBufBE)
GET /session/5e8af45d17a342cf058e47bd449922a0/element/a1e3975e-6a8e-486e-bca3-8e6b1b42b8be/enabled HTTP/1.1
User-Agent: selenium/4.1.2 (java windows)
Cache-Control: no-cache
Content-Type: application/json; charset=utf-8
host: localhost:59434
accept: */*

Response DefaultHttpResponse(decodeResult: success, version: HTTP/1.1)
HTTP/1.1 200 OK
Content-Type: application/json; charset=utf-8
cache-control: no-cache
content-length: 14

19:44:09.978 [AsyncHttpClient-1-2] DEBUG org.asynchttpclient.netty.channel.ChannelManager - Adding key: http://localhost:59434 for channel [id: 0x4043fe0c, L:/127.0.0.1:64666 - R:localhost/127.0.0.1:59434]
19:44:09.979 [Forwarding findElement on session 5e8af45d17a342cf058e47bd449922a0 to remote] DEBUG org.asynchttpclient.netty.request.NettyRequestSender - Using pooled Channel '[id: 0x4043fe0c, L:/127.0.0.1:64666 - R:localhost/127.0.0.1:59434]' for 'POST' to 'http://localhost:59434/session/5e8af45d17a342cf058e47bd449922a0/element'
19:44:09.979 [Forwarding findElement on session 5e8af45d17a342cf058e47bd449922a0 to remote] DEBUG org.asynchttpclient.netty.request.NettyRequestSender - Using open Channel [id: 0x4043fe0c, L:/127.0.0.1:64666 - R:localhost/127.0.0.1:59434] for POST '/session/5e8af45d17a342cf058e47bd449922a0/element'
19:44:09.983 [AsyncHttpClient-1-2] DEBUG org.asynchttpclient.netty.handler.HttpHandler - 

Request DefaultHttpRequest(decodeResult: success, version: HTTP/1.1)
POST /session/5e8af45d17a342cf058e47bd449922a0/element HTTP/1.1
User-Agent: selenium/4.1.2 (java windows)
Content-Length: 141
Content-Type: application/json; charset=utf-8
host: localhost:59434
accept: */*

Response DefaultHttpResponse(decodeResult: success, version: HTTP/1.1)
HTTP/1.1 200 OK
Content-Type: application/json; charset=utf-8
cache-control: no-cache
content-length: 88

19:44:09.984 [AsyncHttpClient-1-2] DEBUG org.asynchttpclient.netty.channel.ChannelManager - Adding key: http://localhost:59434 for channel [id: 0x4043fe0c, L:/127.0.0.1:64666 - R:localhost/127.0.0.1:59434]
19:44:09.984 [Forwarding clickElement on session 5e8af45d17a342cf058e47bd449922a0 to remote] DEBUG org.asynchttpclient.netty.request.NettyRequestSender - Using pooled Channel '[id: 0x4043fe0c, L:/127.0.0.1:64666 - R:localhost/127.0.0.1:59434]' for 'POST' to 'http://localhost:59434/session/5e8af45d17a342cf058e47bd449922a0/element/a1e3975e-6a8e-486e-bca3-8e6b1b42b8be/click'
19:44:09.984 [Forwarding clickElement on session 5e8af45d17a342cf058e47bd449922a0 to remote] DEBUG org.asynchttpclient.netty.request.NettyRequestSender - Using open Channel [id: 0x4043fe0c, L:/127.0.0.1:64666 - R:localhost/127.0.0.1:59434] for POST '/session/5e8af45d17a342cf058e47bd449922a0/element/a1e3975e-6a8e-486e-bca3-8e6b1b42b8be/click'
19:44:10.077 [AsyncHttpClient-1-2] DEBUG org.asynchttpclient.netty.handler.HttpHandler - 

Request DefaultHttpRequest(decodeResult: success, version: HTTP/1.1)
POST /session/5e8af45d17a342cf058e47bd449922a0/element/a1e3975e-6a8e-486e-bca3-8e6b1b42b8be/click HTTP/1.1
User-Agent: selenium/4.1.2 (java windows)
Content-Length: 50
Content-Type: application/json; charset=utf-8
host: localhost:59434
accept: */*

Response DefaultHttpResponse(decodeResult: success, version: HTTP/1.1)
HTTP/1.1 200 OK
Content-Type: application/json; charset=utf-8
cache-control: no-cache
content-length: 14

19:44:10.077 [AsyncHttpClient-1-2] DEBUG org.asynchttpclient.netty.channel.ChannelManager - Adding key: http://localhost:59434 for channel [id: 0x4043fe0c, L:/127.0.0.1:64666 - R:localhost/127.0.0.1:59434]
  &amp#27;[32mAnd &amp#27;[0m&amp#27;[32mI click register button&amp#27;[0m         &amp#27;[90m# starter.steps.RegistrationStep.iClickRegisterButton()&amp#27;[0m
19:44:10.086 [Forwarding screenshot on session 5e8af45d17a342cf058e47bd449922a0 to remote] DEBUG org.asynchttpclient.netty.request.NettyRequestSender - Using pooled Channel '[id: 0x4043fe0c, L:/127.0.0.1:64666 - R:localhost/127.0.0.1:59434]' for 'GET' to 'http://localhost:59434/session/5e8af45d17a342cf058e47bd449922a0/screenshot'
19:44:10.086 [Forwarding screenshot on session 5e8af45d17a342cf058e47bd449922a0 to remote] DEBUG org.asynchttpclient.netty.request.NettyRequestSender - Using open Channel [id: 0x4043fe0c, L:/127.0.0.1:64666 - R:localhost/127.0.0.1:59434] for GET '/session/5e8af45d17a342cf058e47bd449922a0/screenshot'
19:44:10.215 [AsyncHttpClient-1-1] DEBUG org.asynchttpclient.netty.channel.DefaultChannelPool - Entry count for : http://localhost:64667 : 1
19:44:10.329 [AsyncHttpClient-1-2] DEBUG org.asynchttpclient.netty.handler.HttpHandler - 

Request DefaultFullHttpRequest(decodeResult: success, version: HTTP/1.1, content: EmptyByteBufBE)
GET /session/5e8af45d17a342cf058e47bd449922a0/screenshot HTTP/1.1
User-Agent: selenium/4.1.2 (java windows)
Cache-Control: no-cache
Content-Type: application/json; charset=utf-8
host: localhost:59434
accept: */*

Response DefaultHttpResponse(decodeResult: success, version: HTTP/1.1)
HTTP/1.1 200 OK
Content-Type: application/json; charset=utf-8
cache-control: no-cache
content-length: 46600

19:44:10.330 [AsyncHttpClient-1-2] DEBUG org.asynchttpclient.netty.channel.ChannelManager - Adding key: http://localhost:59434 for channel [id: 0x4043fe0c, L:/127.0.0.1:64666 - R:localhost/127.0.0.1:59434]
19:44:10.334 [main] DEBUG net.serenitybdd.core.photography.Darkroom - Send negative for processing for target\site\serenity\348d8a7bb9a31da506c9c77ab23f5e6702c38f6f75799d0af0ebd5299bfe77a0.png
19:44:10.335 [Darkroom Processing Line] DEBUG net.serenitybdd.core.photography.DarkroomProcessingLine - Processing screenshot image in /var/screenshots/screenshot-13499926473281740115
19:44:10.335 [Darkroom Processing Line] DEBUG net.serenitybdd.core.photography.DarkroomProcessingLine - Saving screenshot to target\site\serenity\348d8a7bb9a31da506c9c77ab23f5e6702c38f6f75799d0af0ebd5299bfe77a0.png
19:44:10.348 [Forwarding findElement on session 5e8af45d17a342cf058e47bd449922a0 to remote] DEBUG org.asynchttpclient.netty.request.NettyRequestSender - Using pooled Channel '[id: 0x4043fe0c, L:/127.0.0.1:64666 - R:localhost/127.0.0.1:59434]' for 'POST' to 'http://localhost:59434/session/5e8af45d17a342cf058e47bd449922a0/element'
19:44:10.348 [Forwarding findElement on session 5e8af45d17a342cf058e47bd449922a0 to remote] DEBUG org.asynchttpclient.netty.request.NettyRequestSender - Using open Channel [id: 0x4043fe0c, L:/127.0.0.1:64666 - R:localhost/127.0.0.1:59434] for POST '/session/5e8af45d17a342cf058e47bd449922a0/element'
19:44:11.172 [AsyncHttpClient-1-2] DEBUG org.asynchttpclient.netty.handler.HttpHandler - 

Request DefaultHttpRequest(decodeResult: success, version: HTTP/1.1)
POST /session/5e8af45d17a342cf058e47bd449922a0/element HTTP/1.1
User-Agent: selenium/4.1.2 (java windows)
Content-Length: 79
Content-Type: application/json; charset=utf-8
host: localhost:59434
accept: */*

Response DefaultHttpResponse(decodeResult: success, version: HTTP/1.1)
HTTP/1.1 200 OK
Content-Type: application/json; charset=utf-8
cache-control: no-cache
content-length: 88

19:44:11.172 [AsyncHttpClient-1-2] DEBUG org.asynchttpclient.netty.channel.ChannelManager - Adding key: http://localhost:59434 for channel [id: 0x4043fe0c, L:/127.0.0.1:64666 - R:localhost/127.0.0.1:59434]
19:44:11.175 [Forwarding isElementDisplayed on session 5e8af45d17a342cf058e47bd449922a0 to remote] DEBUG org.asynchttpclient.netty.request.NettyRequestSender - Using pooled Channel '[id: 0x4043fe0c, L:/127.0.0.1:64666 - R:localhost/127.0.0.1:59434]' for 'POST' to 'http://localhost:59434/session/5e8af45d17a342cf058e47bd449922a0/execute/sync'
19:44:11.176 [Forwarding isElementDisplayed on session 5e8af45d17a342cf058e47bd449922a0 to remote] DEBUG org.asynchttpclient.netty.request.NettyRequestSender - Using open Channel [id: 0x4043fe0c, L:/127.0.0.1:64666 - R:localhost/127.0.0.1:59434] for POST '/session/5e8af45d17a342cf058e47bd449922a0/execute/sync'
19:44:11.189 [AsyncHttpClient-1-2] DEBUG org.asynchttpclient.netty.handler.HttpHandler - 

Request DefaultHttpRequest(decodeResult: success, version: HTTP/1.1)
POST /session/5e8af45d17a342cf058e47bd449922a0/execute/sync HTTP/1.1
User-Agent: selenium/4.1.2 (java windows)
Content-Length: 48780
Content-Type: application/json; charset=utf-8
host: localhost:59434
accept: */*

Response DefaultHttpResponse(decodeResult: success, version: HTTP/1.1)
HTTP/1.1 200 OK
Content-Type: application/json; charset=utf-8
cache-control: no-cache
content-length: 14

19:44:11.189 [AsyncHttpClient-1-2] DEBUG org.asynchttpclient.netty.channel.ChannelManager - Adding key: http://localhost:59434 for channel [id: 0x4043fe0c, L:/127.0.0.1:64666 - R:localhost/127.0.0.1:59434]
  &amp#27;[32mThen &amp#27;[0m&amp#27;[32mI can &amp#27;[0m&amp#27;[32m&amp#27;[1m"cant regis"&amp#27;[0m&amp#27;[32m register&amp#27;[0m    &amp#27;[90m# starter.steps.RegistrationStep.iCanRegister(java.lang.String)&amp#27;[0m
19:44:11.195 [Forwarding screenshot on session 5e8af45d17a342cf058e47bd449922a0 to remote] DEBUG org.asynchttpclient.netty.request.NettyRequestSender - Using pooled Channel '[id: 0x4043fe0c, L:/127.0.0.1:64666 - R:localhost/127.0.0.1:59434]' for 'GET' to 'http://localhost:59434/session/5e8af45d17a342cf058e47bd449922a0/screenshot'
19:44:11.195 [Forwarding screenshot on session 5e8af45d17a342cf058e47bd449922a0 to remote] DEBUG org.asynchttpclient.netty.request.NettyRequestSender - Using open Channel [id: 0x4043fe0c, L:/127.0.0.1:64666 - R:localhost/127.0.0.1:59434] for GET '/session/5e8af45d17a342cf058e47bd449922a0/screenshot'
19:44:11.304 [AsyncHttpClient-1-1] DEBUG org.asynchttpclient.netty.channel.DefaultChannelPool - Entry count for : http://localhost:64667 : 1
19:44:11.377 [AsyncHttpClient-1-2] DEBUG org.asynchttpclient.netty.handler.HttpHandler - 

Request DefaultFullHttpRequest(decodeResult: success, version: HTTP/1.1, content: EmptyByteBufBE)
GET /session/5e8af45d17a342cf058e47bd449922a0/screenshot HTTP/1.1
User-Agent: selenium/4.1.2 (java windows)
Cache-Control: no-cache
Content-Type: application/json; charset=utf-8
host: localhost:59434
accept: */*

Response DefaultHttpResponse(decodeResult: success, version: HTTP/1.1)
HTTP/1.1 200 OK
Content-Type: application/json; charset=utf-8
cache-control: no-cache
content-length: 48616

19:44:11.377 [AsyncHttpClient-1-2] DEBUG org.asynchttpclient.netty.channel.ChannelManager - Adding key: http://localhost:59434 for channel [id: 0x4043fe0c, L:/127.0.0.1:64666 - R:localhost/127.0.0.1:59434]
19:44:11.378 [main] DEBUG net.serenitybdd.core.photography.Darkroom - Send negative for processing for target\site\serenity\d2c712478af7347d4c7a3202660869b67dd58e33dc9f3e2a685ae728edbaef3c.png
19:44:11.379 [Darkroom Processing Line] DEBUG net.serenitybdd.core.photography.DarkroomProcessingLine - Processing screenshot image in /var/screenshots/screenshot-10525586789439366788
19:44:11.379 [Darkroom Processing Line] DEBUG net.serenitybdd.core.photography.DarkroomProcessingLine - Saving screenshot to target\site\serenity\d2c712478af7347d4c7a3202660869b67dd58e33dc9f3e2a685ae728edbaef3c.png
19:44:11.389 [AsyncHttpClient-1-4] DEBUG org.asynchttpclient.netty.handler.WebSocketHandler - Channel Closed: [id: 0x0f39c721, L:/127.0.0.1:64674 ! R:localhost/127.0.0.1:64667] with attribute NettyResponseFuture{currentRetry=5,
	isDone=1,
	isCancelled=0,
	asyncHandler=org.asynchttpclient.ws.WebSocketUpgradeHandler@6fb63a90,
	nettyRequest=org.asynchttpclient.netty.request.NettyRequest@43a2a085,
	future=java.util.concurrent.CompletableFuture@1c2c9c3e[Completed normally],
	uri=ws://localhost:64667/devtools/browser/df9ab04a-e3a4-4427-83c9-febe5cf8caa3,
	keepAlive=true,
	redirectCount=0,
	timeoutsHolder=null,
	inAuth=0,
	touch=1667220212597}
19:44:11.389 [AsyncHttpClient-1-4] DEBUG org.asynchttpclient.netty.channel.ChannelManager - Closing Channel [id: 0x0f39c721, L:/127.0.0.1:64674 ! R:localhost/127.0.0.1:64667] 
19:44:11.397 [Driver Command Executor] DEBUG org.asynchttpclient.netty.request.NettyRequestSender - Using pooled Channel '[id: 0x4043fe0c, L:/127.0.0.1:64666 - R:localhost/127.0.0.1:59434]' for 'DELETE' to 'http://localhost:59434/session/5e8af45d17a342cf058e47bd449922a0'
19:44:11.397 [Driver Command Executor] DEBUG org.asynchttpclient.netty.request.NettyRequestSender - Using open Channel [id: 0x4043fe0c, L:/127.0.0.1:64666 - R:localhost/127.0.0.1:59434] for DELETE '/session/5e8af45d17a342cf058e47bd449922a0'
19:44:11.594 [AsyncHttpClient-1-3] DEBUG org.asynchttpclient.netty.handler.HttpHandler - Unexpected I/O exception on channel [id: 0xbb9b6ff7, L:/127.0.0.1:64673 - R:localhost/127.0.0.1:64667]
java.io.IOException: An existing connection was forcibly closed by the remote host
	at java.base/sun.nio.ch.SocketDispatcher.read0(Native Method)
	at java.base/sun.nio.ch.SocketDispatcher.read(SocketDispatcher.java:43)
	at java.base/sun.nio.ch.IOUtil.readIntoNativeBuffer(IOUtil.java:276)
	at java.base/sun.nio.ch.IOUtil.read(IOUtil.java:233)
	at java.base/sun.nio.ch.IOUtil.read(IOUtil.java:223)
	at java.base/sun.nio.ch.SocketChannelImpl.read(SocketChannelImpl.java:358)
	at io.netty.buffer.PooledByteBuf.setBytes(PooledByteBuf.java:258)
	at io.netty.buffer.AbstractByteBuf.writeBytes(AbstractByteBuf.java:1132)
	at io.netty.channel.socket.nio.NioSocketChannel.doReadBytes(NioSocketChannel.java:350)
	at io.netty.channel.nio.AbstractNioByteChannel$NioByteUnsafe.read(AbstractNioByteChannel.java:151)
	at io.netty.channel.nio.NioEventLoop.processSelectedKey(NioEventLoop.java:722)
	at io.netty.channel.nio.NioEventLoop.processSelectedKeysOptimized(NioEventLoop.java:658)
	at io.netty.channel.nio.NioEventLoop.processSelectedKeys(NioEventLoop.java:584)
	at io.netty.channel.nio.NioEventLoop.run(NioEventLoop.java:496)
	at io.netty.util.concurrent.SingleThreadEventExecutor$4.run(SingleThreadEventExecutor.java:986)
	at io.netty.util.internal.ThreadExecutorMap$2.run(ThreadExecutorMap.java:74)
	at io.netty.util.concurrent.FastThreadLocalRunnable.run(FastThreadLocalRunnable.java:30)
	at java.base/java.lang.Thread.run(Thread.java:834)
19:44:11.594 [AsyncHttpClient-1-3] DEBUG org.asynchttpclient.netty.channel.ChannelManager - Closing Channel [id: 0xbb9b6ff7, L:/127.0.0.1:64673 - R:localhost/127.0.0.1:64667] 
19:44:11.594 [AsyncHttpClient-1-3] DEBUG org.asynchttpclient.netty.handler.HttpHandler - Channel Closed: [id: 0xbb9b6ff7, L:/127.0.0.1:64673 ! R:localhost/127.0.0.1:64667] with attribute DISCARD
19:44:11.617 [AsyncHttpClient-1-2] DEBUG org.asynchttpclient.netty.handler.HttpHandler - 

Request DefaultFullHttpRequest(decodeResult: success, version: HTTP/1.1, content: EmptyByteBufBE)
DELETE /session/5e8af45d17a342cf058e47bd449922a0 HTTP/1.1
User-Agent: selenium/4.1.2 (java windows)
Content-Type: application/json; charset=utf-8
host: localhost:59434
accept: */*

Response DefaultHttpResponse(decodeResult: success, version: HTTP/1.1)
HTTP/1.1 200 OK
Content-Type: application/json; charset=utf-8
cache-control: no-cache
content-length: 14

19:44:11.617 [AsyncHttpClient-1-2] DEBUG org.asynchttpclient.netty.channel.ChannelManager - Adding key: http://localhost:59434 for channel [id: 0x4043fe0c, L:/127.0.0.1:64666 - R:localhost/127.0.0.1:59434]
19:44:11.681 [AsyncHttpClient-1-2] DEBUG org.asynchttpclient.netty.handler.HttpHandler - Channel Closed: [id: 0x4043fe0c, L:/127.0.0.1:64666 ! R:localhost/127.0.0.1:59434] with attribute DISCARD
]]></system-out>
    <system-err><![CDATA[Starting ChromeDriver 106.0.5249.61 (511755355844955cd3e264779baf0dd38212a4d0-refs/branch-heads/5249@{#569}) on port 59434
Only local connections are allowed.
Please see https://chromedriver.chromium.org/security-considerations for suggestions on keeping ChromeDriver safe.
ChromeDriver was started successfully.
Oct 31, 2022 7:43:32 PM org.openqa.selenium.remote.ProtocolHandshake createSession
INFO: Detected dialect: W3C
Oct 31, 2022 7:43:32 PM org.openqa.selenium.devtools.CdpVersionFinder findNearestMatch
WARNING: Unable to find an exact match for CDP version 106, so returning the closest version found: a no-op implementation
Oct 31, 2022 7:43:32 PM org.openqa.selenium.devtools.CdpVersionFinder findNearestMatch
INFO: Unable to find CDP implementation matching 106.
Oct 31, 2022 7:43:32 PM org.openqa.selenium.chromium.ChromiumDriver lambda$new$3
WARNING: Unable to find version of CDP to use for . You may need to include a dependency on a specific version of the CDP using something similar to `org.seleniumhq.selenium:selenium-devtools-v86:4.1.2` where the version ("v86") matches the version of the chromium-based browser you're using and the version number of the artifact is the same as Selenium's.
]]></system-err>
  </testcase>
  <testcase name="New Register #6" classname="Register" time="41.955">
    <system-out><![CDATA[
@Register
Scenario Outline: New Register        &amp#27;[90m# src/test/resources/features/login/Registration.feature:23&amp#27;[0m
19:44:11.736 [main] INFO io.cucumber.core.plugin.SerenityReporter - Running feature from file:///D:/TIC/Kampus%20Merdeka/MSIB/Studi%20Independen/Alterra/MiniProject/MiniProjWeb/src/test/resources/features/login/Registration.feature
19:44:11.761 [main] INFO net.serenitybdd.core.webdriver.driverproviders.ChromeDriverProvider - Using automatically driver download
19:44:11.893 [main] DEBUG io.github.bonigarcia.wdm.cache.ResolutionCache - Resolution chrome=106 in cache (valid until 19:46:39 31/10/2022 ICT)
19:44:11.895 [main] DEBUG io.github.bonigarcia.wdm.cache.ResolutionCache - Resolution chrome106=106.0.5249.61 in cache (valid until 17:34:34 01/11/2022 ICT)
19:44:11.896 [main] INFO io.github.bonigarcia.wdm.WebDriverManager - Using chromedriver 106.0.5249.61 (resolved driver for Chrome 106)
19:44:11.903 [main] DEBUG io.github.bonigarcia.wdm.WebDriverManager - Driver chromedriver 106.0.5249.61 found in cache
19:44:11.903 [main] INFO io.github.bonigarcia.wdm.WebDriverManager - Exporting webdriver.chrome.driver as C:\Users\user\.cache\selenium\chromedriver\win32\106.0.5249.61\chromedriver.exe
19:44:12.065 [main] DEBUG net.serenitybdd.core.webdriver.driverproviders.ProvideNewDriver - Instantiating driver
19:44:12.065 [main] DEBUG net.serenitybdd.core.webdriver.driverproviders.ProvideNewDriver - Driver capabilities: Capabilities {acceptInsecureCerts: false, base.url: https://alta-shop.vercel.app, browserName: chrome, chrome.driver: src/test/resources/webdrive..., driver: chrome, goog:chromeOptions: {args: [], extensions: []}, wait.for.timeout: 500}
19:44:12.134 [AsyncHttpClient-1-5] DEBUG org.asynchttpclient.netty.channel.NettyConnectListener - Using new Channel '[id: 0xbb237371, L:/127.0.0.1:64736 - R:localhost/127.0.0.1:56888]' for 'POST' to '/session'
19:44:12.432 [AsyncHttpClient-1-1] DEBUG org.asynchttpclient.netty.channel.DefaultChannelPool - Entry count for : http://localhost:64667 : 1
19:44:12.432 [AsyncHttpClient-1-1] DEBUG org.asynchttpclient.netty.channel.DefaultChannelPool - Entry count for : http://localhost:59434 : 1
19:44:12.432 [AsyncHttpClient-1-1] DEBUG org.asynchttpclient.netty.channel.DefaultChannelPool - Adding Candidate expired Channel [id: 0xbb9b6ff7, L:/127.0.0.1:64673 ! R:localhost/127.0.0.1:64667] isIdleTimeoutExpired=false isRemotelyClosed=true isTtlExpired=false
19:44:12.432 [AsyncHttpClient-1-1] DEBUG org.asynchttpclient.netty.channel.DefaultChannelPool - Closing Idle Channel [id: 0xbb9b6ff7, L:/127.0.0.1:64673 ! R:localhost/127.0.0.1:64667]
19:44:12.432 [AsyncHttpClient-1-1] DEBUG org.asynchttpclient.netty.channel.DefaultChannelPool - Adding Candidate expired Channel [id: 0x4043fe0c, L:/127.0.0.1:64666 ! R:localhost/127.0.0.1:59434] isIdleTimeoutExpired=false isRemotelyClosed=true isTtlExpired=false
19:44:12.432 [AsyncHttpClient-1-1] DEBUG org.asynchttpclient.netty.channel.DefaultChannelPool - Closing Idle Channel [id: 0x4043fe0c, L:/127.0.0.1:64666 ! R:localhost/127.0.0.1:59434]
19:44:12.432 [AsyncHttpClient-1-1] DEBUG org.asynchttpclient.netty.channel.DefaultChannelPool - Closed 2 connections out of 2 in 0 ms
19:44:13.114 [AsyncHttpClient-1-5] DEBUG org.asynchttpclient.netty.handler.HttpHandler - 

Request DefaultHttpRequest(decodeResult: success, version: HTTP/1.1)
POST /session HTTP/1.1
User-Agent: selenium/4.1.2 (java windows)
Content-Length: 638
Content-Type: application/json; charset=utf-8
host: localhost:56888
accept: */*

Response DefaultHttpResponse(decodeResult: success, version: HTTP/1.1)
HTTP/1.1 200 OK
Content-Type: application/json; charset=utf-8
cache-control: no-cache
content-length: 789

19:44:13.114 [AsyncHttpClient-1-5] DEBUG org.asynchttpclient.netty.channel.ChannelManager - Adding key: http://localhost:56888 for channel [id: 0xbb237371, L:/127.0.0.1:64736 - R:localhost/127.0.0.1:56888]
19:44:13.120 [AsyncHttpClient-1-6] DEBUG org.asynchttpclient.netty.channel.NettyConnectListener - Using new Channel '[id: 0x657658ff, L:/127.0.0.1:64744 - R:localhost/127.0.0.1:64737]' for 'GET' to '/json/version'
19:44:13.121 [AsyncHttpClient-1-6] DEBUG org.asynchttpclient.netty.handler.HttpHandler - 

Request DefaultFullHttpRequest(decodeResult: success, version: HTTP/1.1, content: EmptyByteBufBE)
GET /json/version HTTP/1.1
User-Agent: selenium/4.1.2 (java windows)
host: localhost:64737
accept: */*

Response DefaultHttpResponse(decodeResult: success, version: HTTP/1.1)
HTTP/1.1 200 OK
Content-Type: application/json; charset=UTF-8
content-length: 424

19:44:13.121 [AsyncHttpClient-1-6] DEBUG org.asynchttpclient.netty.channel.ChannelManager - Adding key: http://localhost:64737 for channel [id: 0x657658ff, L:/127.0.0.1:64744 - R:localhost/127.0.0.1:64737]
19:44:13.123 [AsyncHttpClient-1-7] DEBUG org.asynchttpclient.netty.channel.NettyConnectListener - Using new Channel '[id: 0x029f8dbe, L:/127.0.0.1:64745 - R:localhost/127.0.0.1:64737]' for 'GET' to '/devtools/browser/433e6767-3931-4e24-bc27-a83f0c7ec173'
19:44:13.123 [AsyncHttpClient-1-7] DEBUG org.asynchttpclient.netty.handler.WebSocketHandler - 

Request DefaultFullHttpRequest(decodeResult: success, version: HTTP/1.1, content: EmptyByteBufBE)
GET /devtools/browser/433e6767-3931-4e24-bc27-a83f0c7ec173 HTTP/1.1
upgrade: websocket
connection: upgrade
sec-websocket-key: k28l/lr6nrH2MD+Ul9LVHQ==
sec-websocket-version: 13
origin: http://localhost:64737
host: localhost:64737
accept: */*
user-agent: AHC/2.1

Response DefaultHttpResponse(decodeResult: success, version: HTTP/1.1)
HTTP/1.1 101 WebSocket Protocol Handshake
Upgrade: WebSocket
Connection: Upgrade
Sec-WebSocket-Accept: fY4oZyjmnweVbR49RKf5zJdhZAA=

19:44:13.129 [Forwarding get on session d0280e091642a8b56bffa82d88458f81 to remote] DEBUG org.asynchttpclient.netty.request.NettyRequestSender - Using pooled Channel '[id: 0xbb237371, L:/127.0.0.1:64736 - R:localhost/127.0.0.1:56888]' for 'POST' to 'http://localhost:56888/session/d0280e091642a8b56bffa82d88458f81/url'
19:44:13.129 [Forwarding get on session d0280e091642a8b56bffa82d88458f81 to remote] DEBUG org.asynchttpclient.netty.request.NettyRequestSender - Using open Channel [id: 0xbb237371, L:/127.0.0.1:64736 - R:localhost/127.0.0.1:56888] for POST '/session/d0280e091642a8b56bffa82d88458f81/url'
19:44:13.507 [AsyncHttpClient-1-1] DEBUG org.asynchttpclient.netty.channel.DefaultChannelPool - Entry count for : http://localhost:64737 : 1
19:44:14.610 [AsyncHttpClient-1-1] DEBUG org.asynchttpclient.netty.channel.DefaultChannelPool - Entry count for : http://localhost:64737 : 1
19:44:15.710 [AsyncHttpClient-1-1] DEBUG org.asynchttpclient.netty.channel.DefaultChannelPool - Entry count for : http://localhost:64737 : 1
19:44:16.812 [AsyncHttpClient-1-1] DEBUG org.asynchttpclient.netty.channel.DefaultChannelPool - Entry count for : http://localhost:64737 : 1
19:44:17.912 [AsyncHttpClient-1-1] DEBUG org.asynchttpclient.netty.channel.DefaultChannelPool - Entry count for : http://localhost:64737 : 1
19:44:19.009 [AsyncHttpClient-1-1] DEBUG org.asynchttpclient.netty.channel.DefaultChannelPool - Entry count for : http://localhost:64737 : 1
19:44:20.100 [AsyncHttpClient-1-1] DEBUG org.asynchttpclient.netty.channel.DefaultChannelPool - Entry count for : http://localhost:64737 : 1
19:44:21.210 [AsyncHttpClient-1-1] DEBUG org.asynchttpclient.netty.channel.DefaultChannelPool - Entry count for : http://localhost:64737 : 1
19:44:22.308 [AsyncHttpClient-1-1] DEBUG org.asynchttpclient.netty.channel.DefaultChannelPool - Entry count for : http://localhost:64737 : 1
19:44:23.411 [AsyncHttpClient-1-1] DEBUG org.asynchttpclient.netty.channel.DefaultChannelPool - Entry count for : http://localhost:64737 : 1
19:44:24.513 [AsyncHttpClient-1-1] DEBUG org.asynchttpclient.netty.channel.DefaultChannelPool - Entry count for : http://localhost:64737 : 1
19:44:25.600 [AsyncHttpClient-1-1] DEBUG org.asynchttpclient.netty.channel.DefaultChannelPool - Entry count for : http://localhost:64737 : 1
19:44:26.704 [AsyncHttpClient-1-1] DEBUG org.asynchttpclient.netty.channel.DefaultChannelPool - Entry count for : http://localhost:64737 : 1
19:44:27.807 [AsyncHttpClient-1-1] DEBUG org.asynchttpclient.netty.channel.DefaultChannelPool - Entry count for : http://localhost:64737 : 1
19:44:28.912 [AsyncHttpClient-1-1] DEBUG org.asynchttpclient.netty.channel.DefaultChannelPool - Entry count for : http://localhost:64737 : 1
19:44:30.000 [AsyncHttpClient-1-1] DEBUG org.asynchttpclient.netty.channel.DefaultChannelPool - Entry count for : http://localhost:64737 : 1
19:44:31.107 [AsyncHttpClient-1-1] DEBUG org.asynchttpclient.netty.channel.DefaultChannelPool - Entry count for : http://localhost:64737 : 1
19:44:32.212 [AsyncHttpClient-1-1] DEBUG org.asynchttpclient.netty.channel.DefaultChannelPool - Entry count for : http://localhost:64737 : 1
19:44:33.299 [AsyncHttpClient-1-1] DEBUG org.asynchttpclient.netty.channel.DefaultChannelPool - Entry count for : http://localhost:64737 : 1
19:44:34.403 [AsyncHttpClient-1-1] DEBUG org.asynchttpclient.netty.channel.DefaultChannelPool - Entry count for : http://localhost:64737 : 1
19:44:35.504 [AsyncHttpClient-1-1] DEBUG org.asynchttpclient.netty.channel.DefaultChannelPool - Entry count for : http://localhost:64737 : 1
19:44:36.602 [AsyncHttpClient-1-1] DEBUG org.asynchttpclient.netty.channel.DefaultChannelPool - Entry count for : http://localhost:64737 : 1
19:44:37.712 [AsyncHttpClient-1-1] DEBUG org.asynchttpclient.netty.channel.DefaultChannelPool - Entry count for : http://localhost:64737 : 1
19:44:38.799 [AsyncHttpClient-1-1] DEBUG org.asynchttpclient.netty.channel.DefaultChannelPool - Entry count for : http://localhost:64737 : 1
19:44:39.898 [AsyncHttpClient-1-1] DEBUG org.asynchttpclient.netty.channel.DefaultChannelPool - Entry count for : http://localhost:64737 : 1
19:44:41.000 [AsyncHttpClient-1-1] DEBUG org.asynchttpclient.netty.channel.DefaultChannelPool - Entry count for : http://localhost:64737 : 1
19:44:42.108 [AsyncHttpClient-1-1] DEBUG org.asynchttpclient.netty.channel.DefaultChannelPool - Entry count for : http://localhost:64737 : 1
19:44:43.198 [AsyncHttpClient-1-1] DEBUG org.asynchttpclient.netty.channel.DefaultChannelPool - Entry count for : http://localhost:64737 : 1
19:44:44.308 [AsyncHttpClient-1-1] DEBUG org.asynchttpclient.netty.channel.DefaultChannelPool - Entry count for : http://localhost:64737 : 1
19:44:45.401 [AsyncHttpClient-1-1] DEBUG org.asynchttpclient.netty.channel.DefaultChannelPool - Entry count for : http://localhost:64737 : 1
19:44:46.506 [AsyncHttpClient-1-1] DEBUG org.asynchttpclient.netty.channel.DefaultChannelPool - Entry count for : http://localhost:64737 : 1
19:44:47.600 [AsyncHttpClient-1-1] DEBUG org.asynchttpclient.netty.channel.DefaultChannelPool - Entry count for : http://localhost:64737 : 1
19:44:48.704 [AsyncHttpClient-1-1] DEBUG org.asynchttpclient.netty.channel.DefaultChannelPool - Entry count for : http://localhost:64737 : 1
19:44:49.806 [AsyncHttpClient-1-1] DEBUG org.asynchttpclient.netty.channel.DefaultChannelPool - Entry count for : http://localhost:64737 : 1
19:44:50.304 [AsyncHttpClient-1-5] DEBUG org.asynchttpclient.netty.handler.HttpHandler - 

Request DefaultHttpRequest(decodeResult: success, version: HTTP/1.1)
POST /session/d0280e091642a8b56bffa82d88458f81/url HTTP/1.1
User-Agent: selenium/4.1.2 (java windows)
Content-Length: 59
Content-Type: application/json; charset=utf-8
host: localhost:56888
accept: */*

Response DefaultHttpResponse(decodeResult: success, version: HTTP/1.1)
HTTP/1.1 200 OK
Content-Type: application/json; charset=utf-8
cache-control: no-cache
content-length: 14

19:44:50.304 [AsyncHttpClient-1-5] DEBUG org.asynchttpclient.netty.channel.ChannelManager - Adding key: http://localhost:56888 for channel [id: 0xbb237371, L:/127.0.0.1:64736 - R:localhost/127.0.0.1:56888]
19:44:50.306 [Forwarding setTimeout on session d0280e091642a8b56bffa82d88458f81 to remote] DEBUG org.asynchttpclient.netty.request.NettyRequestSender - Using pooled Channel '[id: 0xbb237371, L:/127.0.0.1:64736 - R:localhost/127.0.0.1:56888]' for 'POST' to 'http://localhost:56888/session/d0280e091642a8b56bffa82d88458f81/timeouts'
19:44:50.306 [Forwarding setTimeout on session d0280e091642a8b56bffa82d88458f81 to remote] DEBUG org.asynchttpclient.netty.request.NettyRequestSender - Using open Channel [id: 0xbb237371, L:/127.0.0.1:64736 - R:localhost/127.0.0.1:56888] for POST '/session/d0280e091642a8b56bffa82d88458f81/timeouts'
19:44:50.308 [AsyncHttpClient-1-5] DEBUG org.asynchttpclient.netty.handler.HttpHandler - 

Request DefaultHttpRequest(decodeResult: success, version: HTTP/1.1)
POST /session/d0280e091642a8b56bffa82d88458f81/timeouts HTTP/1.1
User-Agent: selenium/4.1.2 (java windows)
Content-Length: 22
Content-Type: application/json; charset=utf-8
host: localhost:56888
accept: */*

Response DefaultHttpResponse(decodeResult: success, version: HTTP/1.1)
HTTP/1.1 200 OK
Content-Type: application/json; charset=utf-8
cache-control: no-cache
content-length: 14

19:44:50.308 [AsyncHttpClient-1-5] DEBUG org.asynchttpclient.netty.channel.ChannelManager - Adding key: http://localhost:56888 for channel [id: 0xbb237371, L:/127.0.0.1:64736 - R:localhost/127.0.0.1:56888]
19:44:50.309 [Forwarding getCurrentUrl on session d0280e091642a8b56bffa82d88458f81 to remote] DEBUG org.asynchttpclient.netty.request.NettyRequestSender - Using pooled Channel '[id: 0xbb237371, L:/127.0.0.1:64736 - R:localhost/127.0.0.1:56888]' for 'GET' to 'http://localhost:56888/session/d0280e091642a8b56bffa82d88458f81/url'
19:44:50.309 [Forwarding getCurrentUrl on session d0280e091642a8b56bffa82d88458f81 to remote] DEBUG org.asynchttpclient.netty.request.NettyRequestSender - Using open Channel [id: 0xbb237371, L:/127.0.0.1:64736 - R:localhost/127.0.0.1:56888] for GET '/session/d0280e091642a8b56bffa82d88458f81/url'
19:44:50.314 [AsyncHttpClient-1-5] DEBUG org.asynchttpclient.netty.handler.HttpHandler - 

Request DefaultFullHttpRequest(decodeResult: success, version: HTTP/1.1, content: EmptyByteBufBE)
GET /session/d0280e091642a8b56bffa82d88458f81/url HTTP/1.1
User-Agent: selenium/4.1.2 (java windows)
Cache-Control: no-cache
Content-Type: application/json; charset=utf-8
host: localhost:56888
accept: */*

Response DefaultHttpResponse(decodeResult: success, version: HTTP/1.1)
HTTP/1.1 200 OK
Content-Type: application/json; charset=utf-8
cache-control: no-cache
content-length: 41

19:44:50.314 [AsyncHttpClient-1-5] DEBUG org.asynchttpclient.netty.channel.ChannelManager - Adding key: http://localhost:56888 for channel [id: 0xbb237371, L:/127.0.0.1:64736 - R:localhost/127.0.0.1:56888]
  &amp#27;[32mGiven &amp#27;[0m&amp#27;[32mI open the website&amp#27;[0m            &amp#27;[90m# starter.steps.RegistrationStep.iOpenTheWebsite()&amp#27;[0m
19:44:50.320 [Forwarding screenshot on session d0280e091642a8b56bffa82d88458f81 to remote] DEBUG org.asynchttpclient.netty.request.NettyRequestSender - Using pooled Channel '[id: 0xbb237371, L:/127.0.0.1:64736 - R:localhost/127.0.0.1:56888]' for 'GET' to 'http://localhost:56888/session/d0280e091642a8b56bffa82d88458f81/screenshot'
19:44:50.320 [Forwarding screenshot on session d0280e091642a8b56bffa82d88458f81 to remote] DEBUG org.asynchttpclient.netty.request.NettyRequestSender - Using open Channel [id: 0xbb237371, L:/127.0.0.1:64736 - R:localhost/127.0.0.1:56888] for GET '/session/d0280e091642a8b56bffa82d88458f81/screenshot'
19:44:50.427 [AsyncHttpClient-1-5] DEBUG org.asynchttpclient.netty.handler.HttpHandler - 

Request DefaultFullHttpRequest(decodeResult: success, version: HTTP/1.1, content: EmptyByteBufBE)
GET /session/d0280e091642a8b56bffa82d88458f81/screenshot HTTP/1.1
User-Agent: selenium/4.1.2 (java windows)
Cache-Control: no-cache
Content-Type: application/json; charset=utf-8
host: localhost:56888
accept: */*

Response DefaultHttpResponse(decodeResult: success, version: HTTP/1.1)
HTTP/1.1 200 OK
Content-Type: application/json; charset=utf-8
cache-control: no-cache
content-length: 69584

19:44:50.428 [AsyncHttpClient-1-5] DEBUG org.asynchttpclient.netty.channel.ChannelManager - Adding key: http://localhost:56888 for channel [id: 0xbb237371, L:/127.0.0.1:64736 - R:localhost/127.0.0.1:56888]
19:44:50.432 [main] DEBUG net.serenitybdd.core.photography.Darkroom - Send negative for processing for target\site\serenity\5297bd387dc3249e00c2d6656fb13e2699af90824ba878fd382afd24108abb14.png
19:44:50.449 [Forwarding findElement on session d0280e091642a8b56bffa82d88458f81 to remote] DEBUG org.asynchttpclient.netty.request.NettyRequestSender - Using pooled Channel '[id: 0xbb237371, L:/127.0.0.1:64736 - R:localhost/127.0.0.1:56888]' for 'POST' to 'http://localhost:56888/session/d0280e091642a8b56bffa82d88458f81/element'
19:44:50.449 [Forwarding findElement on session d0280e091642a8b56bffa82d88458f81 to remote] DEBUG org.asynchttpclient.netty.request.NettyRequestSender - Using open Channel [id: 0xbb237371, L:/127.0.0.1:64736 - R:localhost/127.0.0.1:56888] for POST '/session/d0280e091642a8b56bffa82d88458f81/element'
19:44:50.463 [AsyncHttpClient-1-5] DEBUG org.asynchttpclient.netty.handler.HttpHandler - 

Request DefaultHttpRequest(decodeResult: success, version: HTTP/1.1)
POST /session/d0280e091642a8b56bffa82d88458f81/element HTTP/1.1
User-Agent: selenium/4.1.2 (java windows)
Content-Length: 97
Content-Type: application/json; charset=utf-8
host: localhost:56888
accept: */*

Response DefaultHttpResponse(decodeResult: success, version: HTTP/1.1)
HTTP/1.1 200 OK
Content-Type: application/json; charset=utf-8
cache-control: no-cache
content-length: 88

19:44:50.463 [AsyncHttpClient-1-5] DEBUG org.asynchttpclient.netty.channel.ChannelManager - Adding key: http://localhost:56888 for channel [id: 0xbb237371, L:/127.0.0.1:64736 - R:localhost/127.0.0.1:56888]
19:44:50.464 [Forwarding getElementTagName on session d0280e091642a8b56bffa82d88458f81 to remote] DEBUG org.asynchttpclient.netty.request.NettyRequestSender - Using pooled Channel '[id: 0xbb237371, L:/127.0.0.1:64736 - R:localhost/127.0.0.1:56888]' for 'GET' to 'http://localhost:56888/session/d0280e091642a8b56bffa82d88458f81/element/68c2c57d-ca9a-4e8e-a7b3-5a369d00e213/name'
19:44:50.464 [Forwarding getElementTagName on session d0280e091642a8b56bffa82d88458f81 to remote] DEBUG org.asynchttpclient.netty.request.NettyRequestSender - Using open Channel [id: 0xbb237371, L:/127.0.0.1:64736 - R:localhost/127.0.0.1:56888] for GET '/session/d0280e091642a8b56bffa82d88458f81/element/68c2c57d-ca9a-4e8e-a7b3-5a369d00e213/name'
19:44:50.468 [AsyncHttpClient-1-5] DEBUG org.asynchttpclient.netty.handler.HttpHandler - 

Request DefaultFullHttpRequest(decodeResult: success, version: HTTP/1.1, content: EmptyByteBufBE)
GET /session/d0280e091642a8b56bffa82d88458f81/element/68c2c57d-ca9a-4e8e-a7b3-5a369d00e213/name HTTP/1.1
User-Agent: selenium/4.1.2 (java windows)
Cache-Control: no-cache
Content-Type: application/json; charset=utf-8
host: localhost:56888
accept: */*

Response DefaultHttpResponse(decodeResult: success, version: HTTP/1.1)
HTTP/1.1 200 OK
Content-Type: application/json; charset=utf-8
cache-control: no-cache
content-length: 13

19:44:50.468 [AsyncHttpClient-1-5] DEBUG org.asynchttpclient.netty.channel.ChannelManager - Adding key: http://localhost:56888 for channel [id: 0xbb237371, L:/127.0.0.1:64736 - R:localhost/127.0.0.1:56888]
19:44:50.469 [Forwarding getElementTagName on session d0280e091642a8b56bffa82d88458f81 to remote] DEBUG org.asynchttpclient.netty.request.NettyRequestSender - Using pooled Channel '[id: 0xbb237371, L:/127.0.0.1:64736 - R:localhost/127.0.0.1:56888]' for 'GET' to 'http://localhost:56888/session/d0280e091642a8b56bffa82d88458f81/element/68c2c57d-ca9a-4e8e-a7b3-5a369d00e213/name'
19:44:50.469 [Forwarding getElementTagName on session d0280e091642a8b56bffa82d88458f81 to remote] DEBUG org.asynchttpclient.netty.request.NettyRequestSender - Using open Channel [id: 0xbb237371, L:/127.0.0.1:64736 - R:localhost/127.0.0.1:56888] for GET '/session/d0280e091642a8b56bffa82d88458f81/element/68c2c57d-ca9a-4e8e-a7b3-5a369d00e213/name'
19:44:50.483 [AsyncHttpClient-1-5] DEBUG org.asynchttpclient.netty.handler.HttpHandler - 

Request DefaultFullHttpRequest(decodeResult: success, version: HTTP/1.1, content: EmptyByteBufBE)
GET /session/d0280e091642a8b56bffa82d88458f81/element/68c2c57d-ca9a-4e8e-a7b3-5a369d00e213/name HTTP/1.1
User-Agent: selenium/4.1.2 (java windows)
Cache-Control: no-cache
Content-Type: application/json; charset=utf-8
host: localhost:56888
accept: */*

Response DefaultHttpResponse(decodeResult: success, version: HTTP/1.1)
HTTP/1.1 200 OK
Content-Type: application/json; charset=utf-8
cache-control: no-cache
content-length: 13

19:44:50.483 [AsyncHttpClient-1-5] DEBUG org.asynchttpclient.netty.channel.ChannelManager - Adding key: http://localhost:56888 for channel [id: 0xbb237371, L:/127.0.0.1:64736 - R:localhost/127.0.0.1:56888]
19:44:50.485 [Forwarding findElement on session d0280e091642a8b56bffa82d88458f81 to remote] DEBUG org.asynchttpclient.netty.request.NettyRequestSender - Using pooled Channel '[id: 0xbb237371, L:/127.0.0.1:64736 - R:localhost/127.0.0.1:56888]' for 'POST' to 'http://localhost:56888/session/d0280e091642a8b56bffa82d88458f81/element'
19:44:50.485 [Forwarding findElement on session d0280e091642a8b56bffa82d88458f81 to remote] DEBUG org.asynchttpclient.netty.request.NettyRequestSender - Using open Channel [id: 0xbb237371, L:/127.0.0.1:64736 - R:localhost/127.0.0.1:56888] for POST '/session/d0280e091642a8b56bffa82d88458f81/element'
19:44:50.494 [AsyncHttpClient-1-5] DEBUG org.asynchttpclient.netty.handler.HttpHandler - 

Request DefaultHttpRequest(decodeResult: success, version: HTTP/1.1)
POST /session/d0280e091642a8b56bffa82d88458f81/element HTTP/1.1
User-Agent: selenium/4.1.2 (java windows)
Content-Length: 97
Content-Type: application/json; charset=utf-8
host: localhost:56888
accept: */*

Response DefaultHttpResponse(decodeResult: success, version: HTTP/1.1)
HTTP/1.1 200 OK
Content-Type: application/json; charset=utf-8
cache-control: no-cache
content-length: 88

19:44:50.494 [AsyncHttpClient-1-5] DEBUG org.asynchttpclient.netty.channel.ChannelManager - Adding key: http://localhost:56888 for channel [id: 0xbb237371, L:/127.0.0.1:64736 - R:localhost/127.0.0.1:56888]
19:44:50.495 [Forwarding clickElement on session d0280e091642a8b56bffa82d88458f81 to remote] DEBUG org.asynchttpclient.netty.request.NettyRequestSender - Using pooled Channel '[id: 0xbb237371, L:/127.0.0.1:64736 - R:localhost/127.0.0.1:56888]' for 'POST' to 'http://localhost:56888/session/d0280e091642a8b56bffa82d88458f81/element/68c2c57d-ca9a-4e8e-a7b3-5a369d00e213/click'
19:44:50.495 [Forwarding clickElement on session d0280e091642a8b56bffa82d88458f81 to remote] DEBUG org.asynchttpclient.netty.request.NettyRequestSender - Using open Channel [id: 0xbb237371, L:/127.0.0.1:64736 - R:localhost/127.0.0.1:56888] for POST '/session/d0280e091642a8b56bffa82d88458f81/element/68c2c57d-ca9a-4e8e-a7b3-5a369d00e213/click'
19:44:50.564 [AsyncHttpClient-1-5] DEBUG org.asynchttpclient.netty.handler.HttpHandler - 

Request DefaultHttpRequest(decodeResult: success, version: HTTP/1.1)
POST /session/d0280e091642a8b56bffa82d88458f81/element/68c2c57d-ca9a-4e8e-a7b3-5a369d00e213/click HTTP/1.1
User-Agent: selenium/4.1.2 (java windows)
Content-Length: 50
Content-Type: application/json; charset=utf-8
host: localhost:56888
accept: */*

Response DefaultHttpResponse(decodeResult: success, version: HTTP/1.1)
HTTP/1.1 200 OK
Content-Type: application/json; charset=utf-8
cache-control: no-cache
content-length: 14

19:44:50.564 [AsyncHttpClient-1-5] DEBUG org.asynchttpclient.netty.channel.ChannelManager - Adding key: http://localhost:56888 for channel [id: 0xbb237371, L:/127.0.0.1:64736 - R:localhost/127.0.0.1:56888]
  &amp#27;[32mWhen &amp#27;[0m&amp#27;[32mI click sign in button&amp#27;[0m         &amp#27;[90m# starter.steps.RegistrationStep.iClickSignInButton()&amp#27;[0m
19:44:50.573 [Forwarding screenshot on session d0280e091642a8b56bffa82d88458f81 to remote] DEBUG org.asynchttpclient.netty.request.NettyRequestSender - Using pooled Channel '[id: 0xbb237371, L:/127.0.0.1:64736 - R:localhost/127.0.0.1:56888]' for 'GET' to 'http://localhost:56888/session/d0280e091642a8b56bffa82d88458f81/screenshot'
19:44:50.573 [Forwarding screenshot on session d0280e091642a8b56bffa82d88458f81 to remote] DEBUG org.asynchttpclient.netty.request.NettyRequestSender - Using open Channel [id: 0xbb237371, L:/127.0.0.1:64736 - R:localhost/127.0.0.1:56888] for GET '/session/d0280e091642a8b56bffa82d88458f81/screenshot'
19:44:50.791 [AsyncHttpClient-1-5] DEBUG org.asynchttpclient.netty.handler.HttpHandler - 

Request DefaultFullHttpRequest(decodeResult: success, version: HTTP/1.1, content: EmptyByteBufBE)
GET /session/d0280e091642a8b56bffa82d88458f81/screenshot HTTP/1.1
User-Agent: selenium/4.1.2 (java windows)
Cache-Control: no-cache
Content-Type: application/json; charset=utf-8
host: localhost:56888
accept: */*

Response DefaultHttpResponse(decodeResult: success, version: HTTP/1.1)
HTTP/1.1 200 OK
Content-Type: application/json; charset=utf-8
cache-control: no-cache
content-length: 40100

19:44:50.791 [AsyncHttpClient-1-5] DEBUG org.asynchttpclient.netty.channel.ChannelManager - Adding key: http://localhost:56888 for channel [id: 0xbb237371, L:/127.0.0.1:64736 - R:localhost/127.0.0.1:56888]
19:44:50.794 [main] DEBUG net.serenitybdd.core.photography.Darkroom - Send negative for processing for target\site\serenity\4dd5f789199a7c00bb56b2ea89282c2bec0a676cb854ff3f342b95c595781228.png
19:44:50.797 [Darkroom Processing Line] DEBUG net.serenitybdd.core.photography.DarkroomProcessingLine - Processing screenshot image in /var/screenshots/screenshot-12879375668539430704
19:44:50.797 [Darkroom Processing Line] DEBUG net.serenitybdd.core.photography.DarkroomProcessingLine - Saving screenshot to target\site\serenity\4dd5f789199a7c00bb56b2ea89282c2bec0a676cb854ff3f342b95c595781228.png
19:44:50.803 [Forwarding findElement on session d0280e091642a8b56bffa82d88458f81 to remote] DEBUG org.asynchttpclient.netty.request.NettyRequestSender - Using pooled Channel '[id: 0xbb237371, L:/127.0.0.1:64736 - R:localhost/127.0.0.1:56888]' for 'POST' to 'http://localhost:56888/session/d0280e091642a8b56bffa82d88458f81/element'
19:44:50.803 [Forwarding findElement on session d0280e091642a8b56bffa82d88458f81 to remote] DEBUG org.asynchttpclient.netty.request.NettyRequestSender - Using open Channel [id: 0xbb237371, L:/127.0.0.1:64736 - R:localhost/127.0.0.1:56888] for POST '/session/d0280e091642a8b56bffa82d88458f81/element'
19:44:50.810 [AsyncHttpClient-1-5] DEBUG org.asynchttpclient.netty.handler.HttpHandler - 

Request DefaultHttpRequest(decodeResult: success, version: HTTP/1.1)
POST /session/d0280e091642a8b56bffa82d88458f81/element HTTP/1.1
User-Agent: selenium/4.1.2 (java windows)
Content-Length: 84
Content-Type: application/json; charset=utf-8
host: localhost:56888
accept: */*

Response DefaultHttpResponse(decodeResult: success, version: HTTP/1.1)
HTTP/1.1 200 OK
Content-Type: application/json; charset=utf-8
cache-control: no-cache
content-length: 88

19:44:50.810 [AsyncHttpClient-1-5] DEBUG org.asynchttpclient.netty.channel.ChannelManager - Adding key: http://localhost:56888 for channel [id: 0xbb237371, L:/127.0.0.1:64736 - R:localhost/127.0.0.1:56888]
19:44:50.811 [Forwarding getElementTagName on session d0280e091642a8b56bffa82d88458f81 to remote] DEBUG org.asynchttpclient.netty.request.NettyRequestSender - Using pooled Channel '[id: 0xbb237371, L:/127.0.0.1:64736 - R:localhost/127.0.0.1:56888]' for 'GET' to 'http://localhost:56888/session/d0280e091642a8b56bffa82d88458f81/element/9fd2414e-4131-468e-b39d-f265af1bb3c1/name'
19:44:50.811 [Forwarding getElementTagName on session d0280e091642a8b56bffa82d88458f81 to remote] DEBUG org.asynchttpclient.netty.request.NettyRequestSender - Using open Channel [id: 0xbb237371, L:/127.0.0.1:64736 - R:localhost/127.0.0.1:56888] for GET '/session/d0280e091642a8b56bffa82d88458f81/element/9fd2414e-4131-468e-b39d-f265af1bb3c1/name'
19:44:50.815 [AsyncHttpClient-1-5] DEBUG org.asynchttpclient.netty.handler.HttpHandler - 

Request DefaultFullHttpRequest(decodeResult: success, version: HTTP/1.1, content: EmptyByteBufBE)
GET /session/d0280e091642a8b56bffa82d88458f81/element/9fd2414e-4131-468e-b39d-f265af1bb3c1/name HTTP/1.1
User-Agent: selenium/4.1.2 (java windows)
Cache-Control: no-cache
Content-Type: application/json; charset=utf-8
host: localhost:56888
accept: */*

Response DefaultHttpResponse(decodeResult: success, version: HTTP/1.1)
HTTP/1.1 200 OK
Content-Type: application/json; charset=utf-8
cache-control: no-cache
content-length: 13

19:44:50.815 [AsyncHttpClient-1-5] DEBUG org.asynchttpclient.netty.channel.ChannelManager - Adding key: http://localhost:56888 for channel [id: 0xbb237371, L:/127.0.0.1:64736 - R:localhost/127.0.0.1:56888]
19:44:50.817 [Forwarding getElementTagName on session d0280e091642a8b56bffa82d88458f81 to remote] DEBUG org.asynchttpclient.netty.request.NettyRequestSender - Using pooled Channel '[id: 0xbb237371, L:/127.0.0.1:64736 - R:localhost/127.0.0.1:56888]' for 'GET' to 'http://localhost:56888/session/d0280e091642a8b56bffa82d88458f81/element/9fd2414e-4131-468e-b39d-f265af1bb3c1/name'
19:44:50.817 [Forwarding getElementTagName on session d0280e091642a8b56bffa82d88458f81 to remote] DEBUG org.asynchttpclient.netty.request.NettyRequestSender - Using open Channel [id: 0xbb237371, L:/127.0.0.1:64736 - R:localhost/127.0.0.1:56888] for GET '/session/d0280e091642a8b56bffa82d88458f81/element/9fd2414e-4131-468e-b39d-f265af1bb3c1/name'
19:44:50.823 [AsyncHttpClient-1-5] DEBUG org.asynchttpclient.netty.handler.HttpHandler - 

Request DefaultFullHttpRequest(decodeResult: success, version: HTTP/1.1, content: EmptyByteBufBE)
GET /session/d0280e091642a8b56bffa82d88458f81/element/9fd2414e-4131-468e-b39d-f265af1bb3c1/name HTTP/1.1
User-Agent: selenium/4.1.2 (java windows)
Cache-Control: no-cache
Content-Type: application/json; charset=utf-8
host: localhost:56888
accept: */*

Response DefaultHttpResponse(decodeResult: success, version: HTTP/1.1)
HTTP/1.1 200 OK
Content-Type: application/json; charset=utf-8
cache-control: no-cache
content-length: 13

19:44:50.823 [AsyncHttpClient-1-5] DEBUG org.asynchttpclient.netty.channel.ChannelManager - Adding key: http://localhost:56888 for channel [id: 0xbb237371, L:/127.0.0.1:64736 - R:localhost/127.0.0.1:56888]
19:44:50.824 [Forwarding findElement on session d0280e091642a8b56bffa82d88458f81 to remote] DEBUG org.asynchttpclient.netty.request.NettyRequestSender - Using pooled Channel '[id: 0xbb237371, L:/127.0.0.1:64736 - R:localhost/127.0.0.1:56888]' for 'POST' to 'http://localhost:56888/session/d0280e091642a8b56bffa82d88458f81/element'
19:44:50.824 [Forwarding findElement on session d0280e091642a8b56bffa82d88458f81 to remote] DEBUG org.asynchttpclient.netty.request.NettyRequestSender - Using open Channel [id: 0xbb237371, L:/127.0.0.1:64736 - R:localhost/127.0.0.1:56888] for POST '/session/d0280e091642a8b56bffa82d88458f81/element'
19:44:50.832 [AsyncHttpClient-1-5] DEBUG org.asynchttpclient.netty.handler.HttpHandler - 

Request DefaultHttpRequest(decodeResult: success, version: HTTP/1.1)
POST /session/d0280e091642a8b56bffa82d88458f81/element HTTP/1.1
User-Agent: selenium/4.1.2 (java windows)
Content-Length: 84
Content-Type: application/json; charset=utf-8
host: localhost:56888
accept: */*

Response DefaultHttpResponse(decodeResult: success, version: HTTP/1.1)
HTTP/1.1 200 OK
Content-Type: application/json; charset=utf-8
cache-control: no-cache
content-length: 88

19:44:50.832 [AsyncHttpClient-1-5] DEBUG org.asynchttpclient.netty.channel.ChannelManager - Adding key: http://localhost:56888 for channel [id: 0xbb237371, L:/127.0.0.1:64736 - R:localhost/127.0.0.1:56888]
19:44:50.833 [Forwarding clickElement on session d0280e091642a8b56bffa82d88458f81 to remote] DEBUG org.asynchttpclient.netty.request.NettyRequestSender - Using pooled Channel '[id: 0xbb237371, L:/127.0.0.1:64736 - R:localhost/127.0.0.1:56888]' for 'POST' to 'http://localhost:56888/session/d0280e091642a8b56bffa82d88458f81/element/9fd2414e-4131-468e-b39d-f265af1bb3c1/click'
19:44:50.833 [Forwarding clickElement on session d0280e091642a8b56bffa82d88458f81 to remote] DEBUG org.asynchttpclient.netty.request.NettyRequestSender - Using open Channel [id: 0xbb237371, L:/127.0.0.1:64736 - R:localhost/127.0.0.1:56888] for POST '/session/d0280e091642a8b56bffa82d88458f81/element/9fd2414e-4131-468e-b39d-f265af1bb3c1/click'
19:44:50.894 [AsyncHttpClient-1-5] DEBUG org.asynchttpclient.netty.handler.HttpHandler - 

Request DefaultHttpRequest(decodeResult: success, version: HTTP/1.1)
POST /session/d0280e091642a8b56bffa82d88458f81/element/9fd2414e-4131-468e-b39d-f265af1bb3c1/click HTTP/1.1
User-Agent: selenium/4.1.2 (java windows)
Content-Length: 50
Content-Type: application/json; charset=utf-8
host: localhost:56888
accept: */*

Response DefaultHttpResponse(decodeResult: success, version: HTTP/1.1)
HTTP/1.1 200 OK
Content-Type: application/json; charset=utf-8
cache-control: no-cache
content-length: 14

19:44:50.894 [AsyncHttpClient-1-5] DEBUG org.asynchttpclient.netty.channel.ChannelManager - Adding key: http://localhost:56888 for channel [id: 0xbb237371, L:/127.0.0.1:64736 - R:localhost/127.0.0.1:56888]
  &amp#27;[32mAnd &amp#27;[0m&amp#27;[32mI click register link&amp#27;[0m           &amp#27;[90m# starter.steps.RegistrationStep.iClickRegisterLink()&amp#27;[0m
19:44:50.909 [Forwarding screenshot on session d0280e091642a8b56bffa82d88458f81 to remote] DEBUG org.asynchttpclient.netty.request.NettyRequestSender - Using pooled Channel '[id: 0xbb237371, L:/127.0.0.1:64736 - R:localhost/127.0.0.1:56888]' for 'GET' to 'http://localhost:56888/session/d0280e091642a8b56bffa82d88458f81/screenshot'
19:44:50.909 [Forwarding screenshot on session d0280e091642a8b56bffa82d88458f81 to remote] DEBUG org.asynchttpclient.netty.request.NettyRequestSender - Using open Channel [id: 0xbb237371, L:/127.0.0.1:64736 - R:localhost/127.0.0.1:56888] for GET '/session/d0280e091642a8b56bffa82d88458f81/screenshot'
19:44:50.922 [AsyncHttpClient-1-1] DEBUG org.asynchttpclient.netty.channel.DefaultChannelPool - Entry count for : http://localhost:64737 : 1
19:44:51.079 [AsyncHttpClient-1-5] DEBUG org.asynchttpclient.netty.handler.HttpHandler - 

Request DefaultFullHttpRequest(decodeResult: success, version: HTTP/1.1, content: EmptyByteBufBE)
GET /session/d0280e091642a8b56bffa82d88458f81/screenshot HTTP/1.1
User-Agent: selenium/4.1.2 (java windows)
Cache-Control: no-cache
Content-Type: application/json; charset=utf-8
host: localhost:56888
accept: */*

Response DefaultHttpResponse(decodeResult: success, version: HTTP/1.1)
HTTP/1.1 200 OK
Content-Type: application/json; charset=utf-8
cache-control: no-cache
content-length: 46404

19:44:51.080 [AsyncHttpClient-1-5] DEBUG org.asynchttpclient.netty.channel.ChannelManager - Adding key: http://localhost:56888 for channel [id: 0xbb237371, L:/127.0.0.1:64736 - R:localhost/127.0.0.1:56888]
19:44:51.082 [main] DEBUG net.serenitybdd.core.photography.Darkroom - Send negative for processing for target\site\serenity\1de626ac8865322c2fd076d84bff335835520b3b224dd2310a6ee815e8c467d2.png
19:44:51.082 [Darkroom Processing Line] DEBUG net.serenitybdd.core.photography.DarkroomProcessingLine - Processing screenshot image in /var/screenshots/screenshot-2099388532446689201
19:44:51.082 [Darkroom Processing Line] DEBUG net.serenitybdd.core.photography.DarkroomProcessingLine - Saving screenshot to target\site\serenity\1de626ac8865322c2fd076d84bff335835520b3b224dd2310a6ee815e8c467d2.png
19:44:51.091 [Forwarding findElement on session d0280e091642a8b56bffa82d88458f81 to remote] DEBUG org.asynchttpclient.netty.request.NettyRequestSender - Using pooled Channel '[id: 0xbb237371, L:/127.0.0.1:64736 - R:localhost/127.0.0.1:56888]' for 'POST' to 'http://localhost:56888/session/d0280e091642a8b56bffa82d88458f81/element'
19:44:51.091 [Forwarding findElement on session d0280e091642a8b56bffa82d88458f81 to remote] DEBUG org.asynchttpclient.netty.request.NettyRequestSender - Using open Channel [id: 0xbb237371, L:/127.0.0.1:64736 - R:localhost/127.0.0.1:56888] for POST '/session/d0280e091642a8b56bffa82d88458f81/element'
19:44:51.100 [AsyncHttpClient-1-5] DEBUG org.asynchttpclient.netty.handler.HttpHandler - 

Request DefaultHttpRequest(decodeResult: success, version: HTTP/1.1)
POST /session/d0280e091642a8b56bffa82d88458f81/element HTTP/1.1
User-Agent: selenium/4.1.2 (java windows)
Content-Length: 93
Content-Type: application/json; charset=utf-8
host: localhost:56888
accept: */*

Response DefaultHttpResponse(decodeResult: success, version: HTTP/1.1)
HTTP/1.1 200 OK
Content-Type: application/json; charset=utf-8
cache-control: no-cache
content-length: 88

19:44:51.101 [AsyncHttpClient-1-5] DEBUG org.asynchttpclient.netty.channel.ChannelManager - Adding key: http://localhost:56888 for channel [id: 0xbb237371, L:/127.0.0.1:64736 - R:localhost/127.0.0.1:56888]
19:44:51.104 [Forwarding clearElement on session d0280e091642a8b56bffa82d88458f81 to remote] DEBUG org.asynchttpclient.netty.request.NettyRequestSender - Using pooled Channel '[id: 0xbb237371, L:/127.0.0.1:64736 - R:localhost/127.0.0.1:56888]' for 'POST' to 'http://localhost:56888/session/d0280e091642a8b56bffa82d88458f81/element/c6ce121c-8e6e-4387-9ad3-b0ff3452575c/clear'
19:44:51.104 [Forwarding clearElement on session d0280e091642a8b56bffa82d88458f81 to remote] DEBUG org.asynchttpclient.netty.request.NettyRequestSender - Using open Channel [id: 0xbb237371, L:/127.0.0.1:64736 - R:localhost/127.0.0.1:56888] for POST '/session/d0280e091642a8b56bffa82d88458f81/element/c6ce121c-8e6e-4387-9ad3-b0ff3452575c/clear'
19:44:51.130 [AsyncHttpClient-1-5] DEBUG org.asynchttpclient.netty.handler.HttpHandler - 

Request DefaultHttpRequest(decodeResult: success, version: HTTP/1.1)
POST /session/d0280e091642a8b56bffa82d88458f81/element/c6ce121c-8e6e-4387-9ad3-b0ff3452575c/clear HTTP/1.1
User-Agent: selenium/4.1.2 (java windows)
Content-Length: 50
Content-Type: application/json; charset=utf-8
host: localhost:56888
accept: */*

Response DefaultHttpResponse(decodeResult: success, version: HTTP/1.1)
HTTP/1.1 200 OK
Content-Type: application/json; charset=utf-8
cache-control: no-cache
content-length: 14

19:44:51.130 [AsyncHttpClient-1-5] DEBUG org.asynchttpclient.netty.channel.ChannelManager - Adding key: http://localhost:56888 for channel [id: 0xbb237371, L:/127.0.0.1:64736 - R:localhost/127.0.0.1:56888]
19:44:51.131 [Forwarding sendKeysToElement on session d0280e091642a8b56bffa82d88458f81 to remote] DEBUG org.asynchttpclient.netty.request.NettyRequestSender - Using pooled Channel '[id: 0xbb237371, L:/127.0.0.1:64736 - R:localhost/127.0.0.1:56888]' for 'POST' to 'http://localhost:56888/session/d0280e091642a8b56bffa82d88458f81/element/c6ce121c-8e6e-4387-9ad3-b0ff3452575c/value'
19:44:51.131 [Forwarding sendKeysToElement on session d0280e091642a8b56bffa82d88458f81 to remote] DEBUG org.asynchttpclient.netty.request.NettyRequestSender - Using open Channel [id: 0xbb237371, L:/127.0.0.1:64736 - R:localhost/127.0.0.1:56888] for POST '/session/d0280e091642a8b56bffa82d88458f81/element/c6ce121c-8e6e-4387-9ad3-b0ff3452575c/value'
19:44:51.183 [AsyncHttpClient-1-5] DEBUG org.asynchttpclient.netty.handler.HttpHandler - 

Request DefaultHttpRequest(decodeResult: success, version: HTTP/1.1)
POST /session/d0280e091642a8b56bffa82d88458f81/element/c6ce121c-8e6e-4387-9ad3-b0ff3452575c/value HTTP/1.1
User-Agent: selenium/4.1.2 (java windows)
Content-Length: 141
Content-Type: application/json; charset=utf-8
host: localhost:56888
accept: */*

Response DefaultHttpResponse(decodeResult: success, version: HTTP/1.1)
HTTP/1.1 200 OK
Content-Type: application/json; charset=utf-8
cache-control: no-cache
content-length: 14

19:44:51.183 [AsyncHttpClient-1-5] DEBUG org.asynchttpclient.netty.channel.ChannelManager - Adding key: http://localhost:56888 for channel [id: 0xbb237371, L:/127.0.0.1:64736 - R:localhost/127.0.0.1:56888]
  &amp#27;[32mAnd &amp#27;[0m&amp#27;[32mI input &amp#27;[0m&amp#27;[32m&amp#27;[1m"maylan"&amp#27;[0m&amp#27;[32m fullname&amp#27;[0m       &amp#27;[90m# starter.steps.RegistrationStep.iInputFullname(java.lang.String)&amp#27;[0m
19:44:51.191 [Forwarding screenshot on session d0280e091642a8b56bffa82d88458f81 to remote] DEBUG org.asynchttpclient.netty.request.NettyRequestSender - Using pooled Channel '[id: 0xbb237371, L:/127.0.0.1:64736 - R:localhost/127.0.0.1:56888]' for 'GET' to 'http://localhost:56888/session/d0280e091642a8b56bffa82d88458f81/screenshot'
19:44:51.191 [Forwarding screenshot on session d0280e091642a8b56bffa82d88458f81 to remote] DEBUG org.asynchttpclient.netty.request.NettyRequestSender - Using open Channel [id: 0xbb237371, L:/127.0.0.1:64736 - R:localhost/127.0.0.1:56888] for GET '/session/d0280e091642a8b56bffa82d88458f81/screenshot'
19:44:51.326 [AsyncHttpClient-1-5] DEBUG org.asynchttpclient.netty.handler.HttpHandler - 

Request DefaultFullHttpRequest(decodeResult: success, version: HTTP/1.1, content: EmptyByteBufBE)
GET /session/d0280e091642a8b56bffa82d88458f81/screenshot HTTP/1.1
User-Agent: selenium/4.1.2 (java windows)
Cache-Control: no-cache
Content-Type: application/json; charset=utf-8
host: localhost:56888
accept: */*

Response DefaultHttpResponse(decodeResult: success, version: HTTP/1.1)
HTTP/1.1 200 OK
Content-Type: application/json; charset=utf-8
cache-control: no-cache
content-length: 46792

19:44:51.326 [AsyncHttpClient-1-5] DEBUG org.asynchttpclient.netty.channel.ChannelManager - Adding key: http://localhost:56888 for channel [id: 0xbb237371, L:/127.0.0.1:64736 - R:localhost/127.0.0.1:56888]
19:44:51.328 [main] DEBUG net.serenitybdd.core.photography.Darkroom - Send negative for processing for target\site\serenity\bbc97c4abde7d608835a01d273dcffc8c63d3b6eadd12c00cf07ed173ef1122a.png
19:44:51.328 [Darkroom Processing Line] DEBUG net.serenitybdd.core.photography.DarkroomProcessingLine - Processing screenshot image in /var/screenshots/screenshot-2111537336723737443
19:44:51.328 [Darkroom Processing Line] DEBUG net.serenitybdd.core.photography.DarkroomProcessingLine - Saving screenshot to target\site\serenity\bbc97c4abde7d608835a01d273dcffc8c63d3b6eadd12c00cf07ed173ef1122a.png
19:44:51.335 [Forwarding findElement on session d0280e091642a8b56bffa82d88458f81 to remote] DEBUG org.asynchttpclient.netty.request.NettyRequestSender - Using pooled Channel '[id: 0xbb237371, L:/127.0.0.1:64736 - R:localhost/127.0.0.1:56888]' for 'POST' to 'http://localhost:56888/session/d0280e091642a8b56bffa82d88458f81/element'
19:44:51.335 [Forwarding findElement on session d0280e091642a8b56bffa82d88458f81 to remote] DEBUG org.asynchttpclient.netty.request.NettyRequestSender - Using open Channel [id: 0xbb237371, L:/127.0.0.1:64736 - R:localhost/127.0.0.1:56888] for POST '/session/d0280e091642a8b56bffa82d88458f81/element'
19:44:51.345 [AsyncHttpClient-1-5] DEBUG org.asynchttpclient.netty.handler.HttpHandler - 

Request DefaultHttpRequest(decodeResult: success, version: HTTP/1.1)
POST /session/d0280e091642a8b56bffa82d88458f81/element HTTP/1.1
User-Agent: selenium/4.1.2 (java windows)
Content-Length: 86
Content-Type: application/json; charset=utf-8
host: localhost:56888
accept: */*

Response DefaultHttpResponse(decodeResult: success, version: HTTP/1.1)
HTTP/1.1 200 OK
Content-Type: application/json; charset=utf-8
cache-control: no-cache
content-length: 88

19:44:51.345 [AsyncHttpClient-1-5] DEBUG org.asynchttpclient.netty.channel.ChannelManager - Adding key: http://localhost:56888 for channel [id: 0xbb237371, L:/127.0.0.1:64736 - R:localhost/127.0.0.1:56888]
19:44:51.345 [Forwarding clearElement on session d0280e091642a8b56bffa82d88458f81 to remote] DEBUG org.asynchttpclient.netty.request.NettyRequestSender - Using pooled Channel '[id: 0xbb237371, L:/127.0.0.1:64736 - R:localhost/127.0.0.1:56888]' for 'POST' to 'http://localhost:56888/session/d0280e091642a8b56bffa82d88458f81/element/9be7bd98-a629-45f6-bdc0-39d22dc6072a/clear'
19:44:51.345 [Forwarding clearElement on session d0280e091642a8b56bffa82d88458f81 to remote] DEBUG org.asynchttpclient.netty.request.NettyRequestSender - Using open Channel [id: 0xbb237371, L:/127.0.0.1:64736 - R:localhost/127.0.0.1:56888] for POST '/session/d0280e091642a8b56bffa82d88458f81/element/9be7bd98-a629-45f6-bdc0-39d22dc6072a/clear'
19:44:51.371 [AsyncHttpClient-1-5] DEBUG org.asynchttpclient.netty.handler.HttpHandler - 

Request DefaultHttpRequest(decodeResult: success, version: HTTP/1.1)
POST /session/d0280e091642a8b56bffa82d88458f81/element/9be7bd98-a629-45f6-bdc0-39d22dc6072a/clear HTTP/1.1
User-Agent: selenium/4.1.2 (java windows)
Content-Length: 50
Content-Type: application/json; charset=utf-8
host: localhost:56888
accept: */*

Response DefaultHttpResponse(decodeResult: success, version: HTTP/1.1)
HTTP/1.1 200 OK
Content-Type: application/json; charset=utf-8
cache-control: no-cache
content-length: 14

19:44:51.372 [AsyncHttpClient-1-5] DEBUG org.asynchttpclient.netty.channel.ChannelManager - Adding key: http://localhost:56888 for channel [id: 0xbb237371, L:/127.0.0.1:64736 - R:localhost/127.0.0.1:56888]
19:44:51.373 [Forwarding sendKeysToElement on session d0280e091642a8b56bffa82d88458f81 to remote] DEBUG org.asynchttpclient.netty.request.NettyRequestSender - Using pooled Channel '[id: 0xbb237371, L:/127.0.0.1:64736 - R:localhost/127.0.0.1:56888]' for 'POST' to 'http://localhost:56888/session/d0280e091642a8b56bffa82d88458f81/element/9be7bd98-a629-45f6-bdc0-39d22dc6072a/value'
19:44:51.373 [Forwarding sendKeysToElement on session d0280e091642a8b56bffa82d88458f81 to remote] DEBUG org.asynchttpclient.netty.request.NettyRequestSender - Using open Channel [id: 0xbb237371, L:/127.0.0.1:64736 - R:localhost/127.0.0.1:56888] for POST '/session/d0280e091642a8b56bffa82d88458f81/element/9be7bd98-a629-45f6-bdc0-39d22dc6072a/value'
19:44:51.408 [AsyncHttpClient-1-5] DEBUG org.asynchttpclient.netty.handler.HttpHandler - 

Request DefaultHttpRequest(decodeResult: success, version: HTTP/1.1)
POST /session/d0280e091642a8b56bffa82d88458f81/element/9be7bd98-a629-45f6-bdc0-39d22dc6072a/value HTTP/1.1
User-Agent: selenium/4.1.2 (java windows)
Content-Length: 82
Content-Type: application/json; charset=utf-8
host: localhost:56888
accept: */*

Response DefaultHttpResponse(decodeResult: success, version: HTTP/1.1)
HTTP/1.1 200 OK
Content-Type: application/json; charset=utf-8
cache-control: no-cache
content-length: 14

19:44:51.408 [AsyncHttpClient-1-5] DEBUG org.asynchttpclient.netty.channel.ChannelManager - Adding key: http://localhost:56888 for channel [id: 0xbb237371, L:/127.0.0.1:64736 - R:localhost/127.0.0.1:56888]
  &amp#27;[32mAnd &amp#27;[0m&amp#27;[32mI input &amp#27;[0m&amp#27;[32m&amp#27;[1m""&amp#27;[0m&amp#27;[32m new email&amp#27;[0m            &amp#27;[90m# starter.steps.RegistrationStep.iInputNewEmail(java.lang.String)&amp#27;[0m
19:44:51.415 [Forwarding screenshot on session d0280e091642a8b56bffa82d88458f81 to remote] DEBUG org.asynchttpclient.netty.request.NettyRequestSender - Using pooled Channel '[id: 0xbb237371, L:/127.0.0.1:64736 - R:localhost/127.0.0.1:56888]' for 'GET' to 'http://localhost:56888/session/d0280e091642a8b56bffa82d88458f81/screenshot'
19:44:51.415 [Forwarding screenshot on session d0280e091642a8b56bffa82d88458f81 to remote] DEBUG org.asynchttpclient.netty.request.NettyRequestSender - Using open Channel [id: 0xbb237371, L:/127.0.0.1:64736 - R:localhost/127.0.0.1:56888] for GET '/session/d0280e091642a8b56bffa82d88458f81/screenshot'
19:44:51.560 [AsyncHttpClient-1-5] DEBUG org.asynchttpclient.netty.handler.HttpHandler - 

Request DefaultFullHttpRequest(decodeResult: success, version: HTTP/1.1, content: EmptyByteBufBE)
GET /session/d0280e091642a8b56bffa82d88458f81/screenshot HTTP/1.1
User-Agent: selenium/4.1.2 (java windows)
Cache-Control: no-cache
Content-Type: application/json; charset=utf-8
host: localhost:56888
accept: */*

Response DefaultHttpResponse(decodeResult: success, version: HTTP/1.1)
HTTP/1.1 200 OK
Content-Type: application/json; charset=utf-8
cache-control: no-cache
content-length: 45880

19:44:51.560 [AsyncHttpClient-1-5] DEBUG org.asynchttpclient.netty.channel.ChannelManager - Adding key: http://localhost:56888 for channel [id: 0xbb237371, L:/127.0.0.1:64736 - R:localhost/127.0.0.1:56888]
19:44:51.565 [main] DEBUG net.serenitybdd.core.photography.Darkroom - Send negative for processing for target\site\serenity\cf8937bfcb87734fe9a966dfc76413d8a4a25ab8a7b988ab2ca50eabdebbc561.png
19:44:51.571 [Darkroom Processing Line] DEBUG net.serenitybdd.core.photography.DarkroomProcessingLine - Processing screenshot image in /var/screenshots/screenshot-17191920551083576075
19:44:51.571 [Darkroom Processing Line] DEBUG net.serenitybdd.core.photography.DarkroomProcessingLine - Saving screenshot to target\site\serenity\cf8937bfcb87734fe9a966dfc76413d8a4a25ab8a7b988ab2ca50eabdebbc561.png
19:44:51.579 [Forwarding findElement on session d0280e091642a8b56bffa82d88458f81 to remote] DEBUG org.asynchttpclient.netty.request.NettyRequestSender - Using pooled Channel '[id: 0xbb237371, L:/127.0.0.1:64736 - R:localhost/127.0.0.1:56888]' for 'POST' to 'http://localhost:56888/session/d0280e091642a8b56bffa82d88458f81/element'
19:44:51.579 [Forwarding findElement on session d0280e091642a8b56bffa82d88458f81 to remote] DEBUG org.asynchttpclient.netty.request.NettyRequestSender - Using open Channel [id: 0xbb237371, L:/127.0.0.1:64736 - R:localhost/127.0.0.1:56888] for POST '/session/d0280e091642a8b56bffa82d88458f81/element'
19:44:51.588 [AsyncHttpClient-1-5] DEBUG org.asynchttpclient.netty.handler.HttpHandler - 

Request DefaultHttpRequest(decodeResult: success, version: HTTP/1.1)
POST /session/d0280e091642a8b56bffa82d88458f81/element HTTP/1.1
User-Agent: selenium/4.1.2 (java windows)
Content-Length: 89
Content-Type: application/json; charset=utf-8
host: localhost:56888
accept: */*

Response DefaultHttpResponse(decodeResult: success, version: HTTP/1.1)
HTTP/1.1 200 OK
Content-Type: application/json; charset=utf-8
cache-control: no-cache
content-length: 88

19:44:51.588 [AsyncHttpClient-1-5] DEBUG org.asynchttpclient.netty.channel.ChannelManager - Adding key: http://localhost:56888 for channel [id: 0xbb237371, L:/127.0.0.1:64736 - R:localhost/127.0.0.1:56888]
19:44:51.589 [Forwarding clearElement on session d0280e091642a8b56bffa82d88458f81 to remote] DEBUG org.asynchttpclient.netty.request.NettyRequestSender - Using pooled Channel '[id: 0xbb237371, L:/127.0.0.1:64736 - R:localhost/127.0.0.1:56888]' for 'POST' to 'http://localhost:56888/session/d0280e091642a8b56bffa82d88458f81/element/e4947216-f4ec-4918-9751-c924a0b3fe55/clear'
19:44:51.589 [Forwarding clearElement on session d0280e091642a8b56bffa82d88458f81 to remote] DEBUG org.asynchttpclient.netty.request.NettyRequestSender - Using open Channel [id: 0xbb237371, L:/127.0.0.1:64736 - R:localhost/127.0.0.1:56888] for POST '/session/d0280e091642a8b56bffa82d88458f81/element/e4947216-f4ec-4918-9751-c924a0b3fe55/clear'
19:44:51.610 [AsyncHttpClient-1-5] DEBUG org.asynchttpclient.netty.handler.HttpHandler - 

Request DefaultHttpRequest(decodeResult: success, version: HTTP/1.1)
POST /session/d0280e091642a8b56bffa82d88458f81/element/e4947216-f4ec-4918-9751-c924a0b3fe55/clear HTTP/1.1
User-Agent: selenium/4.1.2 (java windows)
Content-Length: 50
Content-Type: application/json; charset=utf-8
host: localhost:56888
accept: */*

Response DefaultHttpResponse(decodeResult: success, version: HTTP/1.1)
HTTP/1.1 200 OK
Content-Type: application/json; charset=utf-8
cache-control: no-cache
content-length: 14

19:44:51.610 [AsyncHttpClient-1-5] DEBUG org.asynchttpclient.netty.channel.ChannelManager - Adding key: http://localhost:56888 for channel [id: 0xbb237371, L:/127.0.0.1:64736 - R:localhost/127.0.0.1:56888]
19:44:51.612 [Forwarding sendKeysToElement on session d0280e091642a8b56bffa82d88458f81 to remote] DEBUG org.asynchttpclient.netty.request.NettyRequestSender - Using pooled Channel '[id: 0xbb237371, L:/127.0.0.1:64736 - R:localhost/127.0.0.1:56888]' for 'POST' to 'http://localhost:56888/session/d0280e091642a8b56bffa82d88458f81/element/e4947216-f4ec-4918-9751-c924a0b3fe55/value'
19:44:51.612 [Forwarding sendKeysToElement on session d0280e091642a8b56bffa82d88458f81 to remote] DEBUG org.asynchttpclient.netty.request.NettyRequestSender - Using open Channel [id: 0xbb237371, L:/127.0.0.1:64736 - R:localhost/127.0.0.1:56888] for POST '/session/d0280e091642a8b56bffa82d88458f81/element/e4947216-f4ec-4918-9751-c924a0b3fe55/value'
19:44:51.699 [AsyncHttpClient-1-5] DEBUG org.asynchttpclient.netty.handler.HttpHandler - 

Request DefaultHttpRequest(decodeResult: success, version: HTTP/1.1)
POST /session/d0280e091642a8b56bffa82d88458f81/element/e4947216-f4ec-4918-9751-c924a0b3fe55/value HTTP/1.1
User-Agent: selenium/4.1.2 (java windows)
Content-Length: 161
Content-Type: application/json; charset=utf-8
host: localhost:56888
accept: */*

Response DefaultHttpResponse(decodeResult: success, version: HTTP/1.1)
HTTP/1.1 200 OK
Content-Type: application/json; charset=utf-8
cache-control: no-cache
content-length: 14

19:44:51.699 [AsyncHttpClient-1-5] DEBUG org.asynchttpclient.netty.channel.ChannelManager - Adding key: http://localhost:56888 for channel [id: 0xbb237371, L:/127.0.0.1:64736 - R:localhost/127.0.0.1:56888]
  &amp#27;[32mAnd &amp#27;[0m&amp#27;[32mI input &amp#27;[0m&amp#27;[32m&amp#27;[1m"akunmay1"&amp#27;[0m&amp#27;[32m new password&amp#27;[0m &amp#27;[90m# starter.steps.RegistrationStep.iInputNewPassword(java.lang.String)&amp#27;[0m
19:44:51.704 [Forwarding screenshot on session d0280e091642a8b56bffa82d88458f81 to remote] DEBUG org.asynchttpclient.netty.request.NettyRequestSender - Using pooled Channel '[id: 0xbb237371, L:/127.0.0.1:64736 - R:localhost/127.0.0.1:56888]' for 'GET' to 'http://localhost:56888/session/d0280e091642a8b56bffa82d88458f81/screenshot'
19:44:51.704 [Forwarding screenshot on session d0280e091642a8b56bffa82d88458f81 to remote] DEBUG org.asynchttpclient.netty.request.NettyRequestSender - Using open Channel [id: 0xbb237371, L:/127.0.0.1:64736 - R:localhost/127.0.0.1:56888] for GET '/session/d0280e091642a8b56bffa82d88458f81/screenshot'
19:44:51.898 [AsyncHttpClient-1-5] DEBUG org.asynchttpclient.netty.handler.HttpHandler - 

Request DefaultFullHttpRequest(decodeResult: success, version: HTTP/1.1, content: EmptyByteBufBE)
GET /session/d0280e091642a8b56bffa82d88458f81/screenshot HTTP/1.1
User-Agent: selenium/4.1.2 (java windows)
Cache-Control: no-cache
Content-Type: application/json; charset=utf-8
host: localhost:56888
accept: */*

Response DefaultHttpResponse(decodeResult: success, version: HTTP/1.1)
HTTP/1.1 200 OK
Content-Type: application/json; charset=utf-8
cache-control: no-cache
content-length: 49308

19:44:51.899 [AsyncHttpClient-1-5] DEBUG org.asynchttpclient.netty.channel.ChannelManager - Adding key: http://localhost:56888 for channel [id: 0xbb237371, L:/127.0.0.1:64736 - R:localhost/127.0.0.1:56888]
19:44:51.904 [main] DEBUG net.serenitybdd.core.photography.Darkroom - Send negative for processing for target\site\serenity\7f5cca4403a341b9e1c538c8e4629aabfdabb81cc3eeb5bb91a9f4ff2d2d5293.png
19:44:51.907 [Darkroom Processing Line] DEBUG net.serenitybdd.core.photography.DarkroomProcessingLine - Processing screenshot image in /var/screenshots/screenshot-14186647944760504470
19:44:51.907 [Darkroom Processing Line] DEBUG net.serenitybdd.core.photography.DarkroomProcessingLine - Saving screenshot to target\site\serenity\7f5cca4403a341b9e1c538c8e4629aabfdabb81cc3eeb5bb91a9f4ff2d2d5293.png
19:44:51.913 [Forwarding findElement on session d0280e091642a8b56bffa82d88458f81 to remote] DEBUG org.asynchttpclient.netty.request.NettyRequestSender - Using pooled Channel '[id: 0xbb237371, L:/127.0.0.1:64736 - R:localhost/127.0.0.1:56888]' for 'POST' to 'http://localhost:56888/session/d0280e091642a8b56bffa82d88458f81/element'
19:44:51.913 [Forwarding findElement on session d0280e091642a8b56bffa82d88458f81 to remote] DEBUG org.asynchttpclient.netty.request.NettyRequestSender - Using open Channel [id: 0xbb237371, L:/127.0.0.1:64736 - R:localhost/127.0.0.1:56888] for POST '/session/d0280e091642a8b56bffa82d88458f81/element'
19:44:51.927 [AsyncHttpClient-1-5] DEBUG org.asynchttpclient.netty.handler.HttpHandler - 

Request DefaultHttpRequest(decodeResult: success, version: HTTP/1.1)
POST /session/d0280e091642a8b56bffa82d88458f81/element HTTP/1.1
User-Agent: selenium/4.1.2 (java windows)
Content-Length: 141
Content-Type: application/json; charset=utf-8
host: localhost:56888
accept: */*

Response DefaultHttpResponse(decodeResult: success, version: HTTP/1.1)
HTTP/1.1 200 OK
Content-Type: application/json; charset=utf-8
cache-control: no-cache
content-length: 88

19:44:51.927 [AsyncHttpClient-1-5] DEBUG org.asynchttpclient.netty.channel.ChannelManager - Adding key: http://localhost:56888 for channel [id: 0xbb237371, L:/127.0.0.1:64736 - R:localhost/127.0.0.1:56888]
19:44:51.932 [Forwarding getElementTagName on session d0280e091642a8b56bffa82d88458f81 to remote] DEBUG org.asynchttpclient.netty.request.NettyRequestSender - Using pooled Channel '[id: 0xbb237371, L:/127.0.0.1:64736 - R:localhost/127.0.0.1:56888]' for 'GET' to 'http://localhost:56888/session/d0280e091642a8b56bffa82d88458f81/element/03bf9675-8378-44b7-9d80-9a334135507c/name'
19:44:51.932 [Forwarding getElementTagName on session d0280e091642a8b56bffa82d88458f81 to remote] DEBUG org.asynchttpclient.netty.request.NettyRequestSender - Using open Channel [id: 0xbb237371, L:/127.0.0.1:64736 - R:localhost/127.0.0.1:56888] for GET '/session/d0280e091642a8b56bffa82d88458f81/element/03bf9675-8378-44b7-9d80-9a334135507c/name'
19:44:51.943 [AsyncHttpClient-1-5] DEBUG org.asynchttpclient.netty.handler.HttpHandler - 

Request DefaultFullHttpRequest(decodeResult: success, version: HTTP/1.1, content: EmptyByteBufBE)
GET /session/d0280e091642a8b56bffa82d88458f81/element/03bf9675-8378-44b7-9d80-9a334135507c/name HTTP/1.1
User-Agent: selenium/4.1.2 (java windows)
Cache-Control: no-cache
Content-Type: application/json; charset=utf-8
host: localhost:56888
accept: */*

Response DefaultHttpResponse(decodeResult: success, version: HTTP/1.1)
HTTP/1.1 200 OK
Content-Type: application/json; charset=utf-8
cache-control: no-cache
content-length: 18

19:44:51.943 [AsyncHttpClient-1-5] DEBUG org.asynchttpclient.netty.channel.ChannelManager - Adding key: http://localhost:56888 for channel [id: 0xbb237371, L:/127.0.0.1:64736 - R:localhost/127.0.0.1:56888]
19:44:51.944 [Forwarding getElementTagName on session d0280e091642a8b56bffa82d88458f81 to remote] DEBUG org.asynchttpclient.netty.request.NettyRequestSender - Using pooled Channel '[id: 0xbb237371, L:/127.0.0.1:64736 - R:localhost/127.0.0.1:56888]' for 'GET' to 'http://localhost:56888/session/d0280e091642a8b56bffa82d88458f81/element/03bf9675-8378-44b7-9d80-9a334135507c/name'
19:44:51.944 [Forwarding getElementTagName on session d0280e091642a8b56bffa82d88458f81 to remote] DEBUG org.asynchttpclient.netty.request.NettyRequestSender - Using open Channel [id: 0xbb237371, L:/127.0.0.1:64736 - R:localhost/127.0.0.1:56888] for GET '/session/d0280e091642a8b56bffa82d88458f81/element/03bf9675-8378-44b7-9d80-9a334135507c/name'
19:44:51.949 [AsyncHttpClient-1-5] DEBUG org.asynchttpclient.netty.handler.HttpHandler - 

Request DefaultFullHttpRequest(decodeResult: success, version: HTTP/1.1, content: EmptyByteBufBE)
GET /session/d0280e091642a8b56bffa82d88458f81/element/03bf9675-8378-44b7-9d80-9a334135507c/name HTTP/1.1
User-Agent: selenium/4.1.2 (java windows)
Cache-Control: no-cache
Content-Type: application/json; charset=utf-8
host: localhost:56888
accept: */*

Response DefaultHttpResponse(decodeResult: success, version: HTTP/1.1)
HTTP/1.1 200 OK
Content-Type: application/json; charset=utf-8
cache-control: no-cache
content-length: 18

19:44:51.949 [AsyncHttpClient-1-5] DEBUG org.asynchttpclient.netty.channel.ChannelManager - Adding key: http://localhost:56888 for channel [id: 0xbb237371, L:/127.0.0.1:64736 - R:localhost/127.0.0.1:56888]
19:44:51.954 [Forwarding isElementEnabled on session d0280e091642a8b56bffa82d88458f81 to remote] DEBUG org.asynchttpclient.netty.request.NettyRequestSender - Using pooled Channel '[id: 0xbb237371, L:/127.0.0.1:64736 - R:localhost/127.0.0.1:56888]' for 'GET' to 'http://localhost:56888/session/d0280e091642a8b56bffa82d88458f81/element/03bf9675-8378-44b7-9d80-9a334135507c/enabled'
19:44:51.954 [Forwarding isElementEnabled on session d0280e091642a8b56bffa82d88458f81 to remote] DEBUG org.asynchttpclient.netty.request.NettyRequestSender - Using open Channel [id: 0xbb237371, L:/127.0.0.1:64736 - R:localhost/127.0.0.1:56888] for GET '/session/d0280e091642a8b56bffa82d88458f81/element/03bf9675-8378-44b7-9d80-9a334135507c/enabled'
19:44:51.969 [AsyncHttpClient-1-5] DEBUG org.asynchttpclient.netty.handler.HttpHandler - 

Request DefaultFullHttpRequest(decodeResult: success, version: HTTP/1.1, content: EmptyByteBufBE)
GET /session/d0280e091642a8b56bffa82d88458f81/element/03bf9675-8378-44b7-9d80-9a334135507c/enabled HTTP/1.1
User-Agent: selenium/4.1.2 (java windows)
Cache-Control: no-cache
Content-Type: application/json; charset=utf-8
host: localhost:56888
accept: */*

Response DefaultHttpResponse(decodeResult: success, version: HTTP/1.1)
HTTP/1.1 200 OK
Content-Type: application/json; charset=utf-8
cache-control: no-cache
content-length: 14

19:44:51.969 [AsyncHttpClient-1-5] DEBUG org.asynchttpclient.netty.channel.ChannelManager - Adding key: http://localhost:56888 for channel [id: 0xbb237371, L:/127.0.0.1:64736 - R:localhost/127.0.0.1:56888]
19:44:51.973 [Forwarding isElementEnabled on session d0280e091642a8b56bffa82d88458f81 to remote] DEBUG org.asynchttpclient.netty.request.NettyRequestSender - Using pooled Channel '[id: 0xbb237371, L:/127.0.0.1:64736 - R:localhost/127.0.0.1:56888]' for 'GET' to 'http://localhost:56888/session/d0280e091642a8b56bffa82d88458f81/element/03bf9675-8378-44b7-9d80-9a334135507c/enabled'
19:44:51.973 [Forwarding isElementEnabled on session d0280e091642a8b56bffa82d88458f81 to remote] DEBUG org.asynchttpclient.netty.request.NettyRequestSender - Using open Channel [id: 0xbb237371, L:/127.0.0.1:64736 - R:localhost/127.0.0.1:56888] for GET '/session/d0280e091642a8b56bffa82d88458f81/element/03bf9675-8378-44b7-9d80-9a334135507c/enabled'
19:44:51.982 [AsyncHttpClient-1-5] DEBUG org.asynchttpclient.netty.handler.HttpHandler - 

Request DefaultFullHttpRequest(decodeResult: success, version: HTTP/1.1, content: EmptyByteBufBE)
GET /session/d0280e091642a8b56bffa82d88458f81/element/03bf9675-8378-44b7-9d80-9a334135507c/enabled HTTP/1.1
User-Agent: selenium/4.1.2 (java windows)
Cache-Control: no-cache
Content-Type: application/json; charset=utf-8
host: localhost:56888
accept: */*

Response DefaultHttpResponse(decodeResult: success, version: HTTP/1.1)
HTTP/1.1 200 OK
Content-Type: application/json; charset=utf-8
cache-control: no-cache
content-length: 14

19:44:51.982 [AsyncHttpClient-1-5] DEBUG org.asynchttpclient.netty.channel.ChannelManager - Adding key: http://localhost:56888 for channel [id: 0xbb237371, L:/127.0.0.1:64736 - R:localhost/127.0.0.1:56888]
19:44:51.985 [Forwarding findElement on session d0280e091642a8b56bffa82d88458f81 to remote] DEBUG org.asynchttpclient.netty.request.NettyRequestSender - Using pooled Channel '[id: 0xbb237371, L:/127.0.0.1:64736 - R:localhost/127.0.0.1:56888]' for 'POST' to 'http://localhost:56888/session/d0280e091642a8b56bffa82d88458f81/element'
19:44:51.985 [Forwarding findElement on session d0280e091642a8b56bffa82d88458f81 to remote] DEBUG org.asynchttpclient.netty.request.NettyRequestSender - Using open Channel [id: 0xbb237371, L:/127.0.0.1:64736 - R:localhost/127.0.0.1:56888] for POST '/session/d0280e091642a8b56bffa82d88458f81/element'
19:44:51.993 [AsyncHttpClient-1-5] DEBUG org.asynchttpclient.netty.handler.HttpHandler - 

Request DefaultHttpRequest(decodeResult: success, version: HTTP/1.1)
POST /session/d0280e091642a8b56bffa82d88458f81/element HTTP/1.1
User-Agent: selenium/4.1.2 (java windows)
Content-Length: 141
Content-Type: application/json; charset=utf-8
host: localhost:56888
accept: */*

Response DefaultHttpResponse(decodeResult: success, version: HTTP/1.1)
HTTP/1.1 200 OK
Content-Type: application/json; charset=utf-8
cache-control: no-cache
content-length: 88

19:44:51.994 [AsyncHttpClient-1-5] DEBUG org.asynchttpclient.netty.channel.ChannelManager - Adding key: http://localhost:56888 for channel [id: 0xbb237371, L:/127.0.0.1:64736 - R:localhost/127.0.0.1:56888]
19:44:51.994 [Forwarding clickElement on session d0280e091642a8b56bffa82d88458f81 to remote] DEBUG org.asynchttpclient.netty.request.NettyRequestSender - Using pooled Channel '[id: 0xbb237371, L:/127.0.0.1:64736 - R:localhost/127.0.0.1:56888]' for 'POST' to 'http://localhost:56888/session/d0280e091642a8b56bffa82d88458f81/element/03bf9675-8378-44b7-9d80-9a334135507c/click'
19:44:51.994 [Forwarding clickElement on session d0280e091642a8b56bffa82d88458f81 to remote] DEBUG org.asynchttpclient.netty.request.NettyRequestSender - Using open Channel [id: 0xbb237371, L:/127.0.0.1:64736 - R:localhost/127.0.0.1:56888] for POST '/session/d0280e091642a8b56bffa82d88458f81/element/03bf9675-8378-44b7-9d80-9a334135507c/click'
19:44:51.999 [AsyncHttpClient-1-1] DEBUG org.asynchttpclient.netty.channel.DefaultChannelPool - Entry count for : http://localhost:64737 : 1
19:44:52.062 [AsyncHttpClient-1-5] DEBUG org.asynchttpclient.netty.handler.HttpHandler - 

Request DefaultHttpRequest(decodeResult: success, version: HTTP/1.1)
POST /session/d0280e091642a8b56bffa82d88458f81/element/03bf9675-8378-44b7-9d80-9a334135507c/click HTTP/1.1
User-Agent: selenium/4.1.2 (java windows)
Content-Length: 50
Content-Type: application/json; charset=utf-8
host: localhost:56888
accept: */*

Response DefaultHttpResponse(decodeResult: success, version: HTTP/1.1)
HTTP/1.1 200 OK
Content-Type: application/json; charset=utf-8
cache-control: no-cache
content-length: 14

19:44:52.062 [AsyncHttpClient-1-5] DEBUG org.asynchttpclient.netty.channel.ChannelManager - Adding key: http://localhost:56888 for channel [id: 0xbb237371, L:/127.0.0.1:64736 - R:localhost/127.0.0.1:56888]
  &amp#27;[32mAnd &amp#27;[0m&amp#27;[32mI click register button&amp#27;[0m         &amp#27;[90m# starter.steps.RegistrationStep.iClickRegisterButton()&amp#27;[0m
19:44:52.073 [Forwarding screenshot on session d0280e091642a8b56bffa82d88458f81 to remote] DEBUG org.asynchttpclient.netty.request.NettyRequestSender - Using pooled Channel '[id: 0xbb237371, L:/127.0.0.1:64736 - R:localhost/127.0.0.1:56888]' for 'GET' to 'http://localhost:56888/session/d0280e091642a8b56bffa82d88458f81/screenshot'
19:44:52.073 [Forwarding screenshot on session d0280e091642a8b56bffa82d88458f81 to remote] DEBUG org.asynchttpclient.netty.request.NettyRequestSender - Using open Channel [id: 0xbb237371, L:/127.0.0.1:64736 - R:localhost/127.0.0.1:56888] for GET '/session/d0280e091642a8b56bffa82d88458f81/screenshot'
19:44:52.295 [AsyncHttpClient-1-5] DEBUG org.asynchttpclient.netty.handler.HttpHandler - 

Request DefaultFullHttpRequest(decodeResult: success, version: HTTP/1.1, content: EmptyByteBufBE)
GET /session/d0280e091642a8b56bffa82d88458f81/screenshot HTTP/1.1
User-Agent: selenium/4.1.2 (java windows)
Cache-Control: no-cache
Content-Type: application/json; charset=utf-8
host: localhost:56888
accept: */*

Response DefaultHttpResponse(decodeResult: success, version: HTTP/1.1)
HTTP/1.1 200 OK
Content-Type: application/json; charset=utf-8
cache-control: no-cache
content-length: 47580

19:44:52.295 [AsyncHttpClient-1-5] DEBUG org.asynchttpclient.netty.channel.ChannelManager - Adding key: http://localhost:56888 for channel [id: 0xbb237371, L:/127.0.0.1:64736 - R:localhost/127.0.0.1:56888]
19:44:52.296 [main] DEBUG net.serenitybdd.core.photography.Darkroom - Send negative for processing for target\site\serenity\6c45d52430bd53b3cb36203c2ea5cb01dc2a326ac24be7dd668fb47db3884352.png
19:44:52.302 [Darkroom Processing Line] DEBUG net.serenitybdd.core.photography.DarkroomProcessingLine - Processing screenshot image in /var/screenshots/screenshot-6437648253083356058
19:44:52.303 [Darkroom Processing Line] DEBUG net.serenitybdd.core.photography.DarkroomProcessingLine - Saving screenshot to target\site\serenity\6c45d52430bd53b3cb36203c2ea5cb01dc2a326ac24be7dd668fb47db3884352.png
19:44:52.309 [Forwarding findElement on session d0280e091642a8b56bffa82d88458f81 to remote] DEBUG org.asynchttpclient.netty.request.NettyRequestSender - Using pooled Channel '[id: 0xbb237371, L:/127.0.0.1:64736 - R:localhost/127.0.0.1:56888]' for 'POST' to 'http://localhost:56888/session/d0280e091642a8b56bffa82d88458f81/element'
19:44:52.309 [Forwarding findElement on session d0280e091642a8b56bffa82d88458f81 to remote] DEBUG org.asynchttpclient.netty.request.NettyRequestSender - Using open Channel [id: 0xbb237371, L:/127.0.0.1:64736 - R:localhost/127.0.0.1:56888] for POST '/session/d0280e091642a8b56bffa82d88458f81/element'
19:44:53.104 [AsyncHttpClient-1-1] DEBUG org.asynchttpclient.netty.channel.DefaultChannelPool - Entry count for : http://localhost:64737 : 1
19:44:53.264 [AsyncHttpClient-1-5] DEBUG org.asynchttpclient.netty.handler.HttpHandler - 

Request DefaultHttpRequest(decodeResult: success, version: HTTP/1.1)
POST /session/d0280e091642a8b56bffa82d88458f81/element HTTP/1.1
User-Agent: selenium/4.1.2 (java windows)
Content-Length: 79
Content-Type: application/json; charset=utf-8
host: localhost:56888
accept: */*

Response DefaultHttpResponse(decodeResult: success, version: HTTP/1.1)
HTTP/1.1 200 OK
Content-Type: application/json; charset=utf-8
cache-control: no-cache
content-length: 88

19:44:53.264 [AsyncHttpClient-1-5] DEBUG org.asynchttpclient.netty.channel.ChannelManager - Adding key: http://localhost:56888 for channel [id: 0xbb237371, L:/127.0.0.1:64736 - R:localhost/127.0.0.1:56888]
19:44:53.266 [Forwarding isElementDisplayed on session d0280e091642a8b56bffa82d88458f81 to remote] DEBUG org.asynchttpclient.netty.request.NettyRequestSender - Using pooled Channel '[id: 0xbb237371, L:/127.0.0.1:64736 - R:localhost/127.0.0.1:56888]' for 'POST' to 'http://localhost:56888/session/d0280e091642a8b56bffa82d88458f81/execute/sync'
19:44:53.266 [Forwarding isElementDisplayed on session d0280e091642a8b56bffa82d88458f81 to remote] DEBUG org.asynchttpclient.netty.request.NettyRequestSender - Using open Channel [id: 0xbb237371, L:/127.0.0.1:64736 - R:localhost/127.0.0.1:56888] for POST '/session/d0280e091642a8b56bffa82d88458f81/execute/sync'
19:44:53.281 [AsyncHttpClient-1-5] DEBUG org.asynchttpclient.netty.handler.HttpHandler - 

Request DefaultHttpRequest(decodeResult: success, version: HTTP/1.1)
POST /session/d0280e091642a8b56bffa82d88458f81/execute/sync HTTP/1.1
User-Agent: selenium/4.1.2 (java windows)
Content-Length: 48780
Content-Type: application/json; charset=utf-8
host: localhost:56888
accept: */*

Response DefaultHttpResponse(decodeResult: success, version: HTTP/1.1)
HTTP/1.1 200 OK
Content-Type: application/json; charset=utf-8
cache-control: no-cache
content-length: 14

19:44:53.281 [AsyncHttpClient-1-5] DEBUG org.asynchttpclient.netty.channel.ChannelManager - Adding key: http://localhost:56888 for channel [id: 0xbb237371, L:/127.0.0.1:64736 - R:localhost/127.0.0.1:56888]
  &amp#27;[32mThen &amp#27;[0m&amp#27;[32mI can &amp#27;[0m&amp#27;[32m&amp#27;[1m"cant regis"&amp#27;[0m&amp#27;[32m register&amp#27;[0m    &amp#27;[90m# starter.steps.RegistrationStep.iCanRegister(java.lang.String)&amp#27;[0m
19:44:53.285 [Forwarding screenshot on session d0280e091642a8b56bffa82d88458f81 to remote] DEBUG org.asynchttpclient.netty.request.NettyRequestSender - Using pooled Channel '[id: 0xbb237371, L:/127.0.0.1:64736 - R:localhost/127.0.0.1:56888]' for 'GET' to 'http://localhost:56888/session/d0280e091642a8b56bffa82d88458f81/screenshot'
19:44:53.285 [Forwarding screenshot on session d0280e091642a8b56bffa82d88458f81 to remote] DEBUG org.asynchttpclient.netty.request.NettyRequestSender - Using open Channel [id: 0xbb237371, L:/127.0.0.1:64736 - R:localhost/127.0.0.1:56888] for GET '/session/d0280e091642a8b56bffa82d88458f81/screenshot'
19:44:53.428 [AsyncHttpClient-1-5] DEBUG org.asynchttpclient.netty.handler.HttpHandler - 

Request DefaultFullHttpRequest(decodeResult: success, version: HTTP/1.1, content: EmptyByteBufBE)
GET /session/d0280e091642a8b56bffa82d88458f81/screenshot HTTP/1.1
User-Agent: selenium/4.1.2 (java windows)
Cache-Control: no-cache
Content-Type: application/json; charset=utf-8
host: localhost:56888
accept: */*

Response DefaultHttpResponse(decodeResult: success, version: HTTP/1.1)
HTTP/1.1 200 OK
Content-Type: application/json; charset=utf-8
cache-control: no-cache
content-length: 49652

19:44:53.428 [AsyncHttpClient-1-5] DEBUG org.asynchttpclient.netty.channel.ChannelManager - Adding key: http://localhost:56888 for channel [id: 0xbb237371, L:/127.0.0.1:64736 - R:localhost/127.0.0.1:56888]
19:44:53.431 [main] DEBUG net.serenitybdd.core.photography.Darkroom - Send negative for processing for target\site\serenity\2677c067a263cdb34e56361910a5981db2f3f5f287143123d43fe4c1025e0313.png
19:44:53.439 [AsyncHttpClient-1-7] DEBUG org.asynchttpclient.netty.handler.WebSocketHandler - Channel Closed: [id: 0x029f8dbe, L:/127.0.0.1:64745 ! R:localhost/127.0.0.1:64737] with attribute NettyResponseFuture{currentRetry=5,
	isDone=1,
	isCancelled=0,
	asyncHandler=org.asynchttpclient.ws.WebSocketUpgradeHandler@75be0c4,
	nettyRequest=org.asynchttpclient.netty.request.NettyRequest@1a596759,
	future=java.util.concurrent.CompletableFuture@29852e2[Completed normally],
	uri=ws://localhost:64737/devtools/browser/433e6767-3931-4e24-bc27-a83f0c7ec173,
	keepAlive=true,
	redirectCount=0,
	timeoutsHolder=null,
	inAuth=0,
	touch=1667220253123}
19:44:53.439 [AsyncHttpClient-1-7] DEBUG org.asynchttpclient.netty.channel.ChannelManager - Closing Channel [id: 0x029f8dbe, L:/127.0.0.1:64745 ! R:localhost/127.0.0.1:64737] 
19:44:53.442 [Darkroom Processing Line] DEBUG net.serenitybdd.core.photography.DarkroomProcessingLine - Processing screenshot image in /var/screenshots/screenshot-1424537797034903317
19:44:53.442 [Darkroom Processing Line] DEBUG net.serenitybdd.core.photography.DarkroomProcessingLine - Saving screenshot to target\site\serenity\2677c067a263cdb34e56361910a5981db2f3f5f287143123d43fe4c1025e0313.png
19:44:53.443 [Driver Command Executor] DEBUG org.asynchttpclient.netty.request.NettyRequestSender - Using pooled Channel '[id: 0xbb237371, L:/127.0.0.1:64736 - R:localhost/127.0.0.1:56888]' for 'DELETE' to 'http://localhost:56888/session/d0280e091642a8b56bffa82d88458f81'
19:44:53.443 [Driver Command Executor] DEBUG org.asynchttpclient.netty.request.NettyRequestSender - Using open Channel [id: 0xbb237371, L:/127.0.0.1:64736 - R:localhost/127.0.0.1:56888] for DELETE '/session/d0280e091642a8b56bffa82d88458f81'
19:44:53.568 [AsyncHttpClient-1-6] DEBUG org.asynchttpclient.netty.handler.HttpHandler - Unexpected I/O exception on channel [id: 0x657658ff, L:/127.0.0.1:64744 - R:localhost/127.0.0.1:64737]
java.io.IOException: An existing connection was forcibly closed by the remote host
	at java.base/sun.nio.ch.SocketDispatcher.read0(Native Method)
	at java.base/sun.nio.ch.SocketDispatcher.read(SocketDispatcher.java:43)
	at java.base/sun.nio.ch.IOUtil.readIntoNativeBuffer(IOUtil.java:276)
	at java.base/sun.nio.ch.IOUtil.read(IOUtil.java:233)
	at java.base/sun.nio.ch.IOUtil.read(IOUtil.java:223)
	at java.base/sun.nio.ch.SocketChannelImpl.read(SocketChannelImpl.java:358)
	at io.netty.buffer.PooledByteBuf.setBytes(PooledByteBuf.java:258)
	at io.netty.buffer.AbstractByteBuf.writeBytes(AbstractByteBuf.java:1132)
	at io.netty.channel.socket.nio.NioSocketChannel.doReadBytes(NioSocketChannel.java:350)
	at io.netty.channel.nio.AbstractNioByteChannel$NioByteUnsafe.read(AbstractNioByteChannel.java:151)
	at io.netty.channel.nio.NioEventLoop.processSelectedKey(NioEventLoop.java:722)
	at io.netty.channel.nio.NioEventLoop.processSelectedKeysOptimized(NioEventLoop.java:658)
	at io.netty.channel.nio.NioEventLoop.processSelectedKeys(NioEventLoop.java:584)
	at io.netty.channel.nio.NioEventLoop.run(NioEventLoop.java:496)
	at io.netty.util.concurrent.SingleThreadEventExecutor$4.run(SingleThreadEventExecutor.java:986)
	at io.netty.util.internal.ThreadExecutorMap$2.run(ThreadExecutorMap.java:74)
	at io.netty.util.concurrent.FastThreadLocalRunnable.run(FastThreadLocalRunnable.java:30)
	at java.base/java.lang.Thread.run(Thread.java:834)
19:44:53.568 [AsyncHttpClient-1-6] DEBUG org.asynchttpclient.netty.channel.ChannelManager - Closing Channel [id: 0x657658ff, L:/127.0.0.1:64744 - R:localhost/127.0.0.1:64737] 
19:44:53.568 [AsyncHttpClient-1-6] DEBUG org.asynchttpclient.netty.handler.HttpHandler - Channel Closed: [id: 0x657658ff, L:/127.0.0.1:64744 ! R:localhost/127.0.0.1:64737] with attribute DISCARD
19:44:53.585 [AsyncHttpClient-1-5] DEBUG org.asynchttpclient.netty.handler.HttpHandler - 

Request DefaultFullHttpRequest(decodeResult: success, version: HTTP/1.1, content: EmptyByteBufBE)
DELETE /session/d0280e091642a8b56bffa82d88458f81 HTTP/1.1
User-Agent: selenium/4.1.2 (java windows)
Content-Type: application/json; charset=utf-8
host: localhost:56888
accept: */*

Response DefaultHttpResponse(decodeResult: success, version: HTTP/1.1)
HTTP/1.1 200 OK
Content-Type: application/json; charset=utf-8
cache-control: no-cache
content-length: 14

19:44:53.585 [AsyncHttpClient-1-5] DEBUG org.asynchttpclient.netty.channel.ChannelManager - Adding key: http://localhost:56888 for channel [id: 0xbb237371, L:/127.0.0.1:64736 - R:localhost/127.0.0.1:56888]
19:44:53.619 [AsyncHttpClient-1-5] DEBUG org.asynchttpclient.netty.handler.HttpHandler - Channel Closed: [id: 0xbb237371, L:/127.0.0.1:64736 ! R:localhost/127.0.0.1:56888] with attribute DISCARD
]]></system-out>
    <system-err><![CDATA[Starting ChromeDriver 106.0.5249.61 (511755355844955cd3e264779baf0dd38212a4d0-refs/branch-heads/5249@{#569}) on port 56888
Only local connections are allowed.
Please see https://chromedriver.chromium.org/security-considerations for suggestions on keeping ChromeDriver safe.
ChromeDriver was started successfully.
Oct 31, 2022 7:44:13 PM org.openqa.selenium.remote.ProtocolHandshake createSession
INFO: Detected dialect: W3C
Oct 31, 2022 7:44:13 PM org.openqa.selenium.devtools.CdpVersionFinder findNearestMatch
WARNING: Unable to find an exact match for CDP version 106, so returning the closest version found: a no-op implementation
Oct 31, 2022 7:44:13 PM org.openqa.selenium.devtools.CdpVersionFinder findNearestMatch
INFO: Unable to find CDP implementation matching 106.
Oct 31, 2022 7:44:13 PM org.openqa.selenium.chromium.ChromiumDriver lambda$new$3
WARNING: Unable to find version of CDP to use for . You may need to include a dependency on a specific version of the CDP using something similar to `org.seleniumhq.selenium:selenium-devtools-v86:4.1.2` where the version ("v86") matches the version of the chromium-based browser you're using and the version number of the artifact is the same as Selenium's.
]]></system-err>
  </testcase>
  <testcase name="New Register #7" classname="Register" time="398.489">
    <system-out><![CDATA[
@Register
Scenario Outline: New Register     &amp#27;[90m# src/test/resources/features/login/Registration.feature:24&amp#27;[0m
19:44:53.688 [main] INFO io.cucumber.core.plugin.SerenityReporter - Running feature from file:///D:/TIC/Kampus%20Merdeka/MSIB/Studi%20Independen/Alterra/MiniProject/MiniProjWeb/src/test/resources/features/login/Registration.feature
19:44:53.696 [main] INFO net.serenitybdd.core.webdriver.driverproviders.ChromeDriverProvider - Using automatically driver download
19:44:53.787 [main] DEBUG io.github.bonigarcia.wdm.cache.ResolutionCache - Resolution chrome=106 in cache (valid until 19:46:39 31/10/2022 ICT)
19:44:53.790 [main] DEBUG io.github.bonigarcia.wdm.cache.ResolutionCache - Resolution chrome106=106.0.5249.61 in cache (valid until 17:34:34 01/11/2022 ICT)
19:44:53.791 [main] INFO io.github.bonigarcia.wdm.WebDriverManager - Using chromedriver 106.0.5249.61 (resolved driver for Chrome 106)
19:44:53.803 [main] DEBUG io.github.bonigarcia.wdm.WebDriverManager - Driver chromedriver 106.0.5249.61 found in cache
19:44:53.803 [main] INFO io.github.bonigarcia.wdm.WebDriverManager - Exporting webdriver.chrome.driver as C:\Users\user\.cache\selenium\chromedriver\win32\106.0.5249.61\chromedriver.exe
19:44:53.949 [main] DEBUG net.serenitybdd.core.webdriver.driverproviders.ProvideNewDriver - Instantiating driver
19:44:53.949 [main] DEBUG net.serenitybdd.core.webdriver.driverproviders.ProvideNewDriver - Driver capabilities: Capabilities {acceptInsecureCerts: false, base.url: https://alta-shop.vercel.app, browserName: chrome, chrome.driver: src/test/resources/webdrive..., driver: chrome, goog:chromeOptions: {args: [], extensions: []}, wait.for.timeout: 500}
19:44:54.014 [AsyncHttpClient-1-8] DEBUG org.asynchttpclient.netty.channel.NettyConnectListener - Using new Channel '[id: 0x59086918, L:/127.0.0.1:64811 - R:localhost/127.0.0.1:62106]' for 'POST' to '/session'
19:44:54.209 [AsyncHttpClient-1-1] DEBUG org.asynchttpclient.netty.channel.DefaultChannelPool - Entry count for : http://localhost:64737 : 1
19:44:54.209 [AsyncHttpClient-1-1] DEBUG org.asynchttpclient.netty.channel.DefaultChannelPool - Entry count for : http://localhost:56888 : 1
19:44:54.209 [AsyncHttpClient-1-1] DEBUG org.asynchttpclient.netty.channel.DefaultChannelPool - Adding Candidate expired Channel [id: 0x657658ff, L:/127.0.0.1:64744 ! R:localhost/127.0.0.1:64737] isIdleTimeoutExpired=false isRemotelyClosed=true isTtlExpired=false
19:44:54.209 [AsyncHttpClient-1-1] DEBUG org.asynchttpclient.netty.channel.DefaultChannelPool - Closing Idle Channel [id: 0x657658ff, L:/127.0.0.1:64744 ! R:localhost/127.0.0.1:64737]
19:44:54.209 [AsyncHttpClient-1-1] DEBUG org.asynchttpclient.netty.channel.DefaultChannelPool - Adding Candidate expired Channel [id: 0xbb237371, L:/127.0.0.1:64736 ! R:localhost/127.0.0.1:56888] isIdleTimeoutExpired=false isRemotelyClosed=true isTtlExpired=false
19:44:54.209 [AsyncHttpClient-1-1] DEBUG org.asynchttpclient.netty.channel.DefaultChannelPool - Closing Idle Channel [id: 0xbb237371, L:/127.0.0.1:64736 ! R:localhost/127.0.0.1:56888]
19:44:54.209 [AsyncHttpClient-1-1] DEBUG org.asynchttpclient.netty.channel.DefaultChannelPool - Closed 2 connections out of 2 in 0 ms
19:44:54.804 [AsyncHttpClient-1-8] DEBUG org.asynchttpclient.netty.handler.HttpHandler - 

Request DefaultHttpRequest(decodeResult: success, version: HTTP/1.1)
POST /session HTTP/1.1
User-Agent: selenium/4.1.2 (java windows)
Content-Length: 638
Content-Type: application/json; charset=utf-8
host: localhost:62106
accept: */*

Response DefaultHttpResponse(decodeResult: success, version: HTTP/1.1)
HTTP/1.1 200 OK
Content-Type: application/json; charset=utf-8
cache-control: no-cache
content-length: 789

19:44:54.804 [AsyncHttpClient-1-8] DEBUG org.asynchttpclient.netty.channel.ChannelManager - Adding key: http://localhost:62106 for channel [id: 0x59086918, L:/127.0.0.1:64811 - R:localhost/127.0.0.1:62106]
19:44:54.814 [AsyncHttpClient-1-9] DEBUG org.asynchttpclient.netty.channel.NettyConnectListener - Using new Channel '[id: 0x578226df, L:/127.0.0.1:64818 - R:localhost/127.0.0.1:64812]' for 'GET' to '/json/version'
19:44:54.814 [AsyncHttpClient-1-9] DEBUG org.asynchttpclient.netty.handler.HttpHandler - 

Request DefaultFullHttpRequest(decodeResult: success, version: HTTP/1.1, content: EmptyByteBufBE)
GET /json/version HTTP/1.1
User-Agent: selenium/4.1.2 (java windows)
host: localhost:64812
accept: */*

Response DefaultHttpResponse(decodeResult: success, version: HTTP/1.1)
HTTP/1.1 200 OK
Content-Type: application/json; charset=UTF-8
content-length: 424

19:44:54.814 [AsyncHttpClient-1-9] DEBUG org.asynchttpclient.netty.channel.ChannelManager - Adding key: http://localhost:64812 for channel [id: 0x578226df, L:/127.0.0.1:64818 - R:localhost/127.0.0.1:64812]
19:44:54.817 [AsyncHttpClient-1-2] DEBUG org.asynchttpclient.netty.channel.NettyConnectListener - Using new Channel '[id: 0x46baed6f, L:/127.0.0.1:64819 - R:localhost/127.0.0.1:64812]' for 'GET' to '/devtools/browser/8a202c2e-31da-498a-b0a5-9a17834c6b9b'
19:44:54.817 [AsyncHttpClient-1-2] DEBUG org.asynchttpclient.netty.handler.WebSocketHandler - 

Request DefaultFullHttpRequest(decodeResult: success, version: HTTP/1.1, content: EmptyByteBufBE)
GET /devtools/browser/8a202c2e-31da-498a-b0a5-9a17834c6b9b HTTP/1.1
upgrade: websocket
connection: upgrade
sec-websocket-key: Gf7iD1POXWpa9moQOZvRfw==
sec-websocket-version: 13
origin: http://localhost:64812
host: localhost:64812
accept: */*
user-agent: AHC/2.1

Response DefaultHttpResponse(decodeResult: success, version: HTTP/1.1)
HTTP/1.1 101 WebSocket Protocol Handshake
Upgrade: WebSocket
Connection: Upgrade
Sec-WebSocket-Accept: HkuhMf1KX4e2z16KfsKs1+hxvQs=

19:44:54.827 [Forwarding get on session 6325d576c31460ca00e73e83f7bd4216 to remote] DEBUG org.asynchttpclient.netty.request.NettyRequestSender - Using pooled Channel '[id: 0x59086918, L:/127.0.0.1:64811 - R:localhost/127.0.0.1:62106]' for 'POST' to 'http://localhost:62106/session/6325d576c31460ca00e73e83f7bd4216/url'
19:44:54.827 [Forwarding get on session 6325d576c31460ca00e73e83f7bd4216 to remote] DEBUG org.asynchttpclient.netty.request.NettyRequestSender - Using open Channel [id: 0x59086918, L:/127.0.0.1:64811 - R:localhost/127.0.0.1:62106] for POST '/session/6325d576c31460ca00e73e83f7bd4216/url'
19:44:55.313 [AsyncHttpClient-1-1] DEBUG org.asynchttpclient.netty.channel.DefaultChannelPool - Entry count for : http://localhost:64812 : 1
19:44:56.404 [AsyncHttpClient-1-1] DEBUG org.asynchttpclient.netty.channel.DefaultChannelPool - Entry count for : http://localhost:64812 : 1
19:44:57.501 [AsyncHttpClient-1-1] DEBUG org.asynchttpclient.netty.channel.DefaultChannelPool - Entry count for : http://localhost:64812 : 1
19:44:58.606 [AsyncHttpClient-1-1] DEBUG org.asynchttpclient.netty.channel.DefaultChannelPool - Entry count for : http://localhost:64812 : 1
19:44:59.711 [AsyncHttpClient-1-1] DEBUG org.asynchttpclient.netty.channel.DefaultChannelPool - Entry count for : http://localhost:64812 : 1
19:45:00.800 [AsyncHttpClient-1-1] DEBUG org.asynchttpclient.netty.channel.DefaultChannelPool - Entry count for : http://localhost:64812 : 1
19:45:01.903 [AsyncHttpClient-1-1] DEBUG org.asynchttpclient.netty.channel.DefaultChannelPool - Entry count for : http://localhost:64812 : 1
19:45:03.009 [AsyncHttpClient-1-1] DEBUG org.asynchttpclient.netty.channel.DefaultChannelPool - Entry count for : http://localhost:64812 : 1
19:45:04.102 [AsyncHttpClient-1-1] DEBUG org.asynchttpclient.netty.channel.DefaultChannelPool - Entry count for : http://localhost:64812 : 1
19:45:05.203 [AsyncHttpClient-1-1] DEBUG org.asynchttpclient.netty.channel.DefaultChannelPool - Entry count for : http://localhost:64812 : 1
19:45:06.308 [AsyncHttpClient-1-1] DEBUG org.asynchttpclient.netty.channel.DefaultChannelPool - Entry count for : http://localhost:64812 : 1
19:45:07.410 [AsyncHttpClient-1-1] DEBUG org.asynchttpclient.netty.channel.DefaultChannelPool - Entry count for : http://localhost:64812 : 1
19:45:08.512 [AsyncHttpClient-1-1] DEBUG org.asynchttpclient.netty.channel.DefaultChannelPool - Entry count for : http://localhost:64812 : 1
19:45:09.602 [AsyncHttpClient-1-1] DEBUG org.asynchttpclient.netty.channel.DefaultChannelPool - Entry count for : http://localhost:64812 : 1
19:45:10.701 [AsyncHttpClient-1-1] DEBUG org.asynchttpclient.netty.channel.DefaultChannelPool - Entry count for : http://localhost:64812 : 1
19:45:11.801 [AsyncHttpClient-1-1] DEBUG org.asynchttpclient.netty.channel.DefaultChannelPool - Entry count for : http://localhost:64812 : 1
19:45:12.905 [AsyncHttpClient-1-1] DEBUG org.asynchttpclient.netty.channel.DefaultChannelPool - Entry count for : http://localhost:64812 : 1
19:45:14.009 [AsyncHttpClient-1-1] DEBUG org.asynchttpclient.netty.channel.DefaultChannelPool - Entry count for : http://localhost:64812 : 1
19:45:15.104 [AsyncHttpClient-1-1] DEBUG org.asynchttpclient.netty.channel.DefaultChannelPool - Entry count for : http://localhost:64812 : 1
19:45:16.208 [AsyncHttpClient-1-1] DEBUG org.asynchttpclient.netty.channel.DefaultChannelPool - Entry count for : http://localhost:64812 : 1
19:45:17.312 [AsyncHttpClient-1-1] DEBUG org.asynchttpclient.netty.channel.DefaultChannelPool - Entry count for : http://localhost:64812 : 1
19:45:18.398 [AsyncHttpClient-1-1] DEBUG org.asynchttpclient.netty.channel.DefaultChannelPool - Entry count for : http://localhost:64812 : 1
19:45:19.503 [AsyncHttpClient-1-1] DEBUG org.asynchttpclient.netty.channel.DefaultChannelPool - Entry count for : http://localhost:64812 : 1
19:45:20.610 [AsyncHttpClient-1-1] DEBUG org.asynchttpclient.netty.channel.DefaultChannelPool - Entry count for : http://localhost:64812 : 1
19:45:21.711 [AsyncHttpClient-1-1] DEBUG org.asynchttpclient.netty.channel.DefaultChannelPool - Entry count for : http://localhost:64812 : 1
19:45:22.811 [AsyncHttpClient-1-1] DEBUG org.asynchttpclient.netty.channel.DefaultChannelPool - Entry count for : http://localhost:64812 : 1
19:45:23.900 [AsyncHttpClient-1-1] DEBUG org.asynchttpclient.netty.channel.DefaultChannelPool - Entry count for : http://localhost:64812 : 1
19:45:25.005 [AsyncHttpClient-1-1] DEBUG org.asynchttpclient.netty.channel.DefaultChannelPool - Entry count for : http://localhost:64812 : 1
19:45:26.112 [AsyncHttpClient-1-1] DEBUG org.asynchttpclient.netty.channel.DefaultChannelPool - Entry count for : http://localhost:64812 : 1
19:45:27.202 [AsyncHttpClient-1-1] DEBUG org.asynchttpclient.netty.channel.DefaultChannelPool - Entry count for : http://localhost:64812 : 1
19:45:28.306 [AsyncHttpClient-1-1] DEBUG org.asynchttpclient.netty.channel.DefaultChannelPool - Entry count for : http://localhost:64812 : 1
19:45:29.413 [AsyncHttpClient-1-1] DEBUG org.asynchttpclient.netty.channel.DefaultChannelPool - Entry count for : http://localhost:64812 : 1
19:45:30.500 [AsyncHttpClient-1-1] DEBUG org.asynchttpclient.netty.channel.DefaultChannelPool - Entry count for : http://localhost:64812 : 1
19:45:31.600 [AsyncHttpClient-1-1] DEBUG org.asynchttpclient.netty.channel.DefaultChannelPool - Entry count for : http://localhost:64812 : 1
19:45:32.707 [AsyncHttpClient-1-1] DEBUG org.asynchttpclient.netty.channel.DefaultChannelPool - Entry count for : http://localhost:64812 : 1
19:45:33.801 [AsyncHttpClient-1-1] DEBUG org.asynchttpclient.netty.channel.DefaultChannelPool - Entry count for : http://localhost:64812 : 1
19:45:34.905 [AsyncHttpClient-1-1] DEBUG org.asynchttpclient.netty.channel.DefaultChannelPool - Entry count for : http://localhost:64812 : 1
19:45:36.008 [AsyncHttpClient-1-1] DEBUG org.asynchttpclient.netty.channel.DefaultChannelPool - Entry count for : http://localhost:64812 : 1
19:45:37.100 [AsyncHttpClient-1-1] DEBUG org.asynchttpclient.netty.channel.DefaultChannelPool - Entry count for : http://localhost:64812 : 1
19:45:38.205 [AsyncHttpClient-1-1] DEBUG org.asynchttpclient.netty.channel.DefaultChannelPool - Entry count for : http://localhost:64812 : 1
19:45:39.311 [AsyncHttpClient-1-1] DEBUG org.asynchttpclient.netty.channel.DefaultChannelPool - Entry count for : http://localhost:64812 : 1
19:45:40.399 [AsyncHttpClient-1-1] DEBUG org.asynchttpclient.netty.channel.DefaultChannelPool - Entry count for : http://localhost:64812 : 1
19:45:41.499 [AsyncHttpClient-1-1] DEBUG org.asynchttpclient.netty.channel.DefaultChannelPool - Entry count for : http://localhost:64812 : 1
19:45:42.608 [AsyncHttpClient-1-1] DEBUG org.asynchttpclient.netty.channel.DefaultChannelPool - Entry count for : http://localhost:64812 : 1
19:45:43.698 [AsyncHttpClient-1-1] DEBUG org.asynchttpclient.netty.channel.DefaultChannelPool - Entry count for : http://localhost:64812 : 1
19:45:44.804 [AsyncHttpClient-1-1] DEBUG org.asynchttpclient.netty.channel.DefaultChannelPool - Entry count for : http://localhost:64812 : 1
19:45:45.906 [AsyncHttpClient-1-1] DEBUG org.asynchttpclient.netty.channel.DefaultChannelPool - Entry count for : http://localhost:64812 : 1
19:45:47.000 [AsyncHttpClient-1-1] DEBUG org.asynchttpclient.netty.channel.DefaultChannelPool - Entry count for : http://localhost:64812 : 1
19:45:48.100 [AsyncHttpClient-1-1] DEBUG org.asynchttpclient.netty.channel.DefaultChannelPool - Entry count for : http://localhost:64812 : 1
19:45:49.202 [AsyncHttpClient-1-1] DEBUG org.asynchttpclient.netty.channel.DefaultChannelPool - Entry count for : http://localhost:64812 : 1
19:45:50.300 [AsyncHttpClient-1-1] DEBUG org.asynchttpclient.netty.channel.DefaultChannelPool - Entry count for : http://localhost:64812 : 1
19:45:51.404 [AsyncHttpClient-1-1] DEBUG org.asynchttpclient.netty.channel.DefaultChannelPool - Entry count for : http://localhost:64812 : 1
19:45:52.511 [AsyncHttpClient-1-1] DEBUG org.asynchttpclient.netty.channel.DefaultChannelPool - Entry count for : http://localhost:64812 : 1
19:45:53.599 [AsyncHttpClient-1-1] DEBUG org.asynchttpclient.netty.channel.DefaultChannelPool - Entry count for : http://localhost:64812 : 1
19:45:54.703 [AsyncHttpClient-1-1] DEBUG org.asynchttpclient.netty.channel.DefaultChannelPool - Entry count for : http://localhost:64812 : 1
19:45:55.811 [AsyncHttpClient-1-1] DEBUG org.asynchttpclient.netty.channel.DefaultChannelPool - Entry count for : http://localhost:64812 : 1
19:45:55.811 [AsyncHttpClient-1-1] DEBUG org.asynchttpclient.netty.channel.DefaultChannelPool - Adding Candidate expired Channel [id: 0x578226df, L:/127.0.0.1:64818 - R:localhost/127.0.0.1:64812] isIdleTimeoutExpired=true isRemotelyClosed=false isTtlExpired=false
19:45:55.811 [AsyncHttpClient-1-1] DEBUG org.asynchttpclient.netty.channel.DefaultChannelPool - Closing Idle Channel [id: 0x578226df, L:/127.0.0.1:64818 - R:localhost/127.0.0.1:64812]
19:45:55.811 [AsyncHttpClient-1-1] DEBUG org.asynchttpclient.netty.channel.DefaultChannelPool - Closed 1 connections out of 1 in 0 ms
19:45:55.811 [AsyncHttpClient-1-9] DEBUG org.asynchttpclient.netty.handler.HttpHandler - Channel Closed: [id: 0x578226df, L:/127.0.0.1:64818 ! R:localhost/127.0.0.1:64812] with attribute DISCARD
19:47:54.898 [AsyncHttpClient-1-1] DEBUG org.asynchttpclient.netty.timeout.TimeoutTimerTask - Request timeout to localhost/127.0.0.1:62106 after 180000 ms for NettyResponseFuture{currentRetry=0,
	isDone=0,
	isCancelled=0,
	asyncHandler=org.asynchttpclient.AsyncCompletionHandlerBase@18de6742,
	nettyRequest=org.asynchttpclient.netty.request.NettyRequest@cc6b39f,
	future=java.util.concurrent.CompletableFuture@421178eb[Not completed],
	uri=http://localhost:62106/session/6325d576c31460ca00e73e83f7bd4216/url,
	keepAlive=true,
	redirectCount=0,
	timeoutsHolder=org.asynchttpclient.netty.timeout.TimeoutsHolder@171b0342,
	inAuth=0,
	touch=1667220294828} after 180071 ms
19:47:54.898 [AsyncHttpClient-1-1] DEBUG org.asynchttpclient.netty.channel.ChannelManager - Closing Channel [id: 0x59086918, L:/127.0.0.1:64811 - R:localhost/127.0.0.1:62106] 
19:47:54.898 [AsyncHttpClient-1-1] DEBUG org.asynchttpclient.netty.request.NettyRequestSender - Aborting Future NettyResponseFuture{currentRetry=0,
	isDone=0,
	isCancelled=0,
	asyncHandler=org.asynchttpclient.AsyncCompletionHandlerBase@18de6742,
	nettyRequest=org.asynchttpclient.netty.request.NettyRequest@cc6b39f,
	future=java.util.concurrent.CompletableFuture@421178eb[Not completed],
	uri=http://localhost:62106/session/6325d576c31460ca00e73e83f7bd4216/url,
	keepAlive=true,
	redirectCount=0,
	timeoutsHolder=org.asynchttpclient.netty.timeout.TimeoutsHolder@171b0342,
	inAuth=0,
	touch=1667220294828}

19:47:54.898 [AsyncHttpClient-1-1] DEBUG org.asynchttpclient.netty.request.NettyRequestSender - Request timeout to localhost/127.0.0.1:62106 after 180000 ms
java.util.concurrent.TimeoutException: Request timeout to localhost/127.0.0.1:62106 after 180000 ms
	at org.asynchttpclient.netty.timeout.TimeoutTimerTask.expire(TimeoutTimerTask.java:43)
	at org.asynchttpclient.netty.timeout.RequestTimeoutTimerTask.run(RequestTimeoutTimerTask.java:50)
	at io.netty.util.HashedWheelTimer$HashedWheelTimeout.run(HashedWheelTimer.java:715)
	at io.netty.util.concurrent.ImmediateExecutor.execute(ImmediateExecutor.java:34)
	at io.netty.util.HashedWheelTimer$HashedWheelTimeout.expire(HashedWheelTimer.java:703)
	at io.netty.util.HashedWheelTimer$HashedWheelBucket.expireTimeouts(HashedWheelTimer.java:790)
	at io.netty.util.HashedWheelTimer$Worker.run(HashedWheelTimer.java:503)
	at io.netty.util.concurrent.FastThreadLocalRunnable.run(FastThreadLocalRunnable.java:30)
	at java.base/java.lang.Thread.run(Thread.java:834)
19:47:54.898 [AsyncHttpClient-1-1] DEBUG org.asynchttpclient.AsyncCompletionHandler - Request timeout to localhost/127.0.0.1:62106 after 180000 ms
java.util.concurrent.TimeoutException: Request timeout to localhost/127.0.0.1:62106 after 180000 ms
	at org.asynchttpclient.netty.timeout.TimeoutTimerTask.expire(TimeoutTimerTask.java:43)
	at org.asynchttpclient.netty.timeout.RequestTimeoutTimerTask.run(RequestTimeoutTimerTask.java:50)
	at io.netty.util.HashedWheelTimer$HashedWheelTimeout.run(HashedWheelTimer.java:715)
	at io.netty.util.concurrent.ImmediateExecutor.execute(ImmediateExecutor.java:34)
	at io.netty.util.HashedWheelTimer$HashedWheelTimeout.expire(HashedWheelTimer.java:703)
	at io.netty.util.HashedWheelTimer$HashedWheelBucket.expireTimeouts(HashedWheelTimer.java:790)
	at io.netty.util.HashedWheelTimer$Worker.run(HashedWheelTimer.java:503)
	at io.netty.util.concurrent.FastThreadLocalRunnable.run(FastThreadLocalRunnable.java:30)
	at java.base/java.lang.Thread.run(Thread.java:834)
19:47:54.898 [AsyncHttpClient-1-8] DEBUG org.asynchttpclient.netty.handler.HttpHandler - Channel Closed: [id: 0x59086918, L:/127.0.0.1:64811 ! R:localhost/127.0.0.1:62106] with attribute DISCARD
19:47:55.850 [AsyncHttpClient-1-3] DEBUG org.asynchttpclient.netty.channel.NettyConnectListener - Using new Channel '[id: 0x7ddf09d9, L:/127.0.0.1:65030 - R:localhost/127.0.0.1:62106]' for 'POST' to '/session/6325d576c31460ca00e73e83f7bd4216/url'
19:50:55.900 [AsyncHttpClient-1-1] DEBUG org.asynchttpclient.netty.timeout.TimeoutTimerTask - Request timeout to localhost/127.0.0.1:62106 after 180000 ms for NettyResponseFuture{currentRetry=0,
	isDone=0,
	isCancelled=0,
	asyncHandler=org.asynchttpclient.AsyncCompletionHandlerBase@7c149294,
	nettyRequest=org.asynchttpclient.netty.request.NettyRequest@45779cc2,
	future=java.util.concurrent.CompletableFuture@ce872a7[Not completed],
	uri=http://localhost:62106/session/6325d576c31460ca00e73e83f7bd4216/url,
	keepAlive=true,
	redirectCount=0,
	timeoutsHolder=org.asynchttpclient.netty.timeout.TimeoutsHolder@4326716b,
	inAuth=0,
	touch=1667220475850} after 180055 ms
19:50:55.903 [AsyncHttpClient-1-1] DEBUG org.asynchttpclient.netty.channel.ChannelManager - Closing Channel [id: 0x7ddf09d9, L:/127.0.0.1:65030 - R:localhost/127.0.0.1:62106] 
19:50:55.903 [AsyncHttpClient-1-1] DEBUG org.asynchttpclient.netty.request.NettyRequestSender - Aborting Future NettyResponseFuture{currentRetry=0,
	isDone=0,
	isCancelled=0,
	asyncHandler=org.asynchttpclient.AsyncCompletionHandlerBase@7c149294,
	nettyRequest=org.asynchttpclient.netty.request.NettyRequest@45779cc2,
	future=java.util.concurrent.CompletableFuture@ce872a7[Not completed],
	uri=http://localhost:62106/session/6325d576c31460ca00e73e83f7bd4216/url,
	keepAlive=true,
	redirectCount=0,
	timeoutsHolder=org.asynchttpclient.netty.timeout.TimeoutsHolder@4326716b,
	inAuth=0,
	touch=1667220475850}

19:50:55.903 [AsyncHttpClient-1-1] DEBUG org.asynchttpclient.netty.request.NettyRequestSender - Request timeout to localhost/127.0.0.1:62106 after 180000 ms
java.util.concurrent.TimeoutException: Request timeout to localhost/127.0.0.1:62106 after 180000 ms
	at org.asynchttpclient.netty.timeout.TimeoutTimerTask.expire(TimeoutTimerTask.java:43)
	at org.asynchttpclient.netty.timeout.RequestTimeoutTimerTask.run(RequestTimeoutTimerTask.java:50)
	at io.netty.util.HashedWheelTimer$HashedWheelTimeout.run(HashedWheelTimer.java:715)
	at io.netty.util.concurrent.ImmediateExecutor.execute(ImmediateExecutor.java:34)
	at io.netty.util.HashedWheelTimer$HashedWheelTimeout.expire(HashedWheelTimer.java:703)
	at io.netty.util.HashedWheelTimer$HashedWheelBucket.expireTimeouts(HashedWheelTimer.java:790)
	at io.netty.util.HashedWheelTimer$Worker.run(HashedWheelTimer.java:503)
	at io.netty.util.concurrent.FastThreadLocalRunnable.run(FastThreadLocalRunnable.java:30)
	at java.base/java.lang.Thread.run(Thread.java:834)
19:50:55.903 [AsyncHttpClient-1-1] DEBUG org.asynchttpclient.AsyncCompletionHandler - Request timeout to localhost/127.0.0.1:62106 after 180000 ms
java.util.concurrent.TimeoutException: Request timeout to localhost/127.0.0.1:62106 after 180000 ms
	at org.asynchttpclient.netty.timeout.TimeoutTimerTask.expire(TimeoutTimerTask.java:43)
	at org.asynchttpclient.netty.timeout.RequestTimeoutTimerTask.run(RequestTimeoutTimerTask.java:50)
	at io.netty.util.HashedWheelTimer$HashedWheelTimeout.run(HashedWheelTimer.java:715)
	at io.netty.util.concurrent.ImmediateExecutor.execute(ImmediateExecutor.java:34)
	at io.netty.util.HashedWheelTimer$HashedWheelTimeout.expire(HashedWheelTimer.java:703)
	at io.netty.util.HashedWheelTimer$HashedWheelBucket.expireTimeouts(HashedWheelTimer.java:790)
	at io.netty.util.HashedWheelTimer$Worker.run(HashedWheelTimer.java:503)
	at io.netty.util.concurrent.FastThreadLocalRunnable.run(FastThreadLocalRunnable.java:30)
	at java.base/java.lang.Thread.run(Thread.java:834)
19:50:55.903 [AsyncHttpClient-1-3] DEBUG org.asynchttpclient.netty.handler.HttpHandler - Channel Closed: [id: 0x7ddf09d9, L:/127.0.0.1:65030 ! R:localhost/127.0.0.1:62106] with attribute DISCARD
19:50:57.858 [AsyncHttpClient-1-4] DEBUG org.asynchttpclient.netty.channel.NettyConnectListener - Using new Channel '[id: 0xc5759eff, L:/127.0.0.1:65268 - R:localhost/127.0.0.1:62106]' for 'POST' to '/session/6325d576c31460ca00e73e83f7bd4216/url'
19:51:28.708 [AsyncHttpClient-1-4] DEBUG org.asynchttpclient.netty.handler.HttpHandler - 

Request DefaultHttpRequest(decodeResult: success, version: HTTP/1.1)
POST /session/6325d576c31460ca00e73e83f7bd4216/url HTTP/1.1
User-Agent: selenium/4.1.2 (java windows)
Content-Length: 59
Content-Type: application/json; charset=utf-8
host: localhost:62106
accept: */*

Response DefaultHttpResponse(decodeResult: success, version: HTTP/1.1)
HTTP/1.1 200 OK
Content-Type: application/json; charset=utf-8
cache-control: no-cache
content-length: 14

19:51:28.709 [AsyncHttpClient-1-4] DEBUG org.asynchttpclient.netty.channel.ChannelManager - Adding key: http://localhost:62106 for channel [id: 0xc5759eff, L:/127.0.0.1:65268 - R:localhost/127.0.0.1:62106]
19:51:28.715 [Forwarding setTimeout on session 6325d576c31460ca00e73e83f7bd4216 to remote] DEBUG org.asynchttpclient.netty.request.NettyRequestSender - Using pooled Channel '[id: 0xc5759eff, L:/127.0.0.1:65268 - R:localhost/127.0.0.1:62106]' for 'POST' to 'http://localhost:62106/session/6325d576c31460ca00e73e83f7bd4216/timeouts'
19:51:28.715 [Forwarding setTimeout on session 6325d576c31460ca00e73e83f7bd4216 to remote] DEBUG org.asynchttpclient.netty.request.NettyRequestSender - Using open Channel [id: 0xc5759eff, L:/127.0.0.1:65268 - R:localhost/127.0.0.1:62106] for POST '/session/6325d576c31460ca00e73e83f7bd4216/timeouts'
19:51:28.717 [AsyncHttpClient-1-4] DEBUG org.asynchttpclient.netty.handler.HttpHandler - 

Request DefaultHttpRequest(decodeResult: success, version: HTTP/1.1)
POST /session/6325d576c31460ca00e73e83f7bd4216/timeouts HTTP/1.1
User-Agent: selenium/4.1.2 (java windows)
Content-Length: 22
Content-Type: application/json; charset=utf-8
host: localhost:62106
accept: */*

Response DefaultHttpResponse(decodeResult: success, version: HTTP/1.1)
HTTP/1.1 200 OK
Content-Type: application/json; charset=utf-8
cache-control: no-cache
content-length: 14

19:51:28.717 [AsyncHttpClient-1-4] DEBUG org.asynchttpclient.netty.channel.ChannelManager - Adding key: http://localhost:62106 for channel [id: 0xc5759eff, L:/127.0.0.1:65268 - R:localhost/127.0.0.1:62106]
19:51:28.726 [Forwarding getCurrentUrl on session 6325d576c31460ca00e73e83f7bd4216 to remote] DEBUG org.asynchttpclient.netty.request.NettyRequestSender - Using pooled Channel '[id: 0xc5759eff, L:/127.0.0.1:65268 - R:localhost/127.0.0.1:62106]' for 'GET' to 'http://localhost:62106/session/6325d576c31460ca00e73e83f7bd4216/url'
19:51:28.726 [Forwarding getCurrentUrl on session 6325d576c31460ca00e73e83f7bd4216 to remote] DEBUG org.asynchttpclient.netty.request.NettyRequestSender - Using open Channel [id: 0xc5759eff, L:/127.0.0.1:65268 - R:localhost/127.0.0.1:62106] for GET '/session/6325d576c31460ca00e73e83f7bd4216/url'
19:51:28.737 [AsyncHttpClient-1-4] DEBUG org.asynchttpclient.netty.handler.HttpHandler - 

Request DefaultFullHttpRequest(decodeResult: success, version: HTTP/1.1, content: EmptyByteBufBE)
GET /session/6325d576c31460ca00e73e83f7bd4216/url HTTP/1.1
User-Agent: selenium/4.1.2 (java windows)
Cache-Control: no-cache
Content-Type: application/json; charset=utf-8
host: localhost:62106
accept: */*

Response DefaultHttpResponse(decodeResult: success, version: HTTP/1.1)
HTTP/1.1 200 OK
Content-Type: application/json; charset=utf-8
cache-control: no-cache
content-length: 41

19:51:28.737 [AsyncHttpClient-1-4] DEBUG org.asynchttpclient.netty.channel.ChannelManager - Adding key: http://localhost:62106 for channel [id: 0xc5759eff, L:/127.0.0.1:65268 - R:localhost/127.0.0.1:62106]
  &amp#27;[32mGiven &amp#27;[0m&amp#27;[32mI open the website&amp#27;[0m         &amp#27;[90m# starter.steps.RegistrationStep.iOpenTheWebsite()&amp#27;[0m
19:51:28.757 [Forwarding screenshot on session 6325d576c31460ca00e73e83f7bd4216 to remote] DEBUG org.asynchttpclient.netty.request.NettyRequestSender - Using pooled Channel '[id: 0xc5759eff, L:/127.0.0.1:65268 - R:localhost/127.0.0.1:62106]' for 'GET' to 'http://localhost:62106/session/6325d576c31460ca00e73e83f7bd4216/screenshot'
19:51:28.757 [Forwarding screenshot on session 6325d576c31460ca00e73e83f7bd4216 to remote] DEBUG org.asynchttpclient.netty.request.NettyRequestSender - Using open Channel [id: 0xc5759eff, L:/127.0.0.1:65268 - R:localhost/127.0.0.1:62106] for GET '/session/6325d576c31460ca00e73e83f7bd4216/screenshot'
19:51:29.114 [AsyncHttpClient-1-4] DEBUG org.asynchttpclient.netty.handler.HttpHandler - 

Request DefaultFullHttpRequest(decodeResult: success, version: HTTP/1.1, content: EmptyByteBufBE)
GET /session/6325d576c31460ca00e73e83f7bd4216/screenshot HTTP/1.1
User-Agent: selenium/4.1.2 (java windows)
Cache-Control: no-cache
Content-Type: application/json; charset=utf-8
host: localhost:62106
accept: */*

Response DefaultHttpResponse(decodeResult: success, version: HTTP/1.1)
HTTP/1.1 200 OK
Content-Type: application/json; charset=utf-8
cache-control: no-cache
content-length: 40136

19:51:29.116 [AsyncHttpClient-1-4] DEBUG org.asynchttpclient.netty.channel.ChannelManager - Adding key: http://localhost:62106 for channel [id: 0xc5759eff, L:/127.0.0.1:65268 - R:localhost/127.0.0.1:62106]
19:51:29.120 [main] DEBUG net.serenitybdd.core.photography.Darkroom - Send negative for processing for target\site\serenity\f189a0d1536ea7552fc228e15671f93eaa49247a62651f6551e46bdd11e51933.png
19:51:29.124 [Darkroom Processing Line] DEBUG net.serenitybdd.core.photography.DarkroomProcessingLine - Processing screenshot image in /var/screenshots/screenshot-17384440888633294168
19:51:29.124 [Darkroom Processing Line] DEBUG net.serenitybdd.core.photography.DarkroomProcessingLine - Saving screenshot to target\site\serenity\f189a0d1536ea7552fc228e15671f93eaa49247a62651f6551e46bdd11e51933.png
19:51:29.143 [Forwarding findElement on session 6325d576c31460ca00e73e83f7bd4216 to remote] DEBUG org.asynchttpclient.netty.request.NettyRequestSender - Using pooled Channel '[id: 0xc5759eff, L:/127.0.0.1:65268 - R:localhost/127.0.0.1:62106]' for 'POST' to 'http://localhost:62106/session/6325d576c31460ca00e73e83f7bd4216/element'
19:51:29.143 [Forwarding findElement on session 6325d576c31460ca00e73e83f7bd4216 to remote] DEBUG org.asynchttpclient.netty.request.NettyRequestSender - Using open Channel [id: 0xc5759eff, L:/127.0.0.1:65268 - R:localhost/127.0.0.1:62106] for POST '/session/6325d576c31460ca00e73e83f7bd4216/element'
19:51:29.185 [AsyncHttpClient-1-4] DEBUG org.asynchttpclient.netty.handler.HttpHandler - 

Request DefaultHttpRequest(decodeResult: success, version: HTTP/1.1)
POST /session/6325d576c31460ca00e73e83f7bd4216/element HTTP/1.1
User-Agent: selenium/4.1.2 (java windows)
Content-Length: 97
Content-Type: application/json; charset=utf-8
host: localhost:62106
accept: */*

Response DefaultHttpResponse(decodeResult: success, version: HTTP/1.1)
HTTP/1.1 200 OK
Content-Type: application/json; charset=utf-8
cache-control: no-cache
content-length: 88

19:51:29.185 [AsyncHttpClient-1-4] DEBUG org.asynchttpclient.netty.channel.ChannelManager - Adding key: http://localhost:62106 for channel [id: 0xc5759eff, L:/127.0.0.1:65268 - R:localhost/127.0.0.1:62106]
19:51:29.186 [Forwarding getElementTagName on session 6325d576c31460ca00e73e83f7bd4216 to remote] DEBUG org.asynchttpclient.netty.request.NettyRequestSender - Using pooled Channel '[id: 0xc5759eff, L:/127.0.0.1:65268 - R:localhost/127.0.0.1:62106]' for 'GET' to 'http://localhost:62106/session/6325d576c31460ca00e73e83f7bd4216/element/01bd4f30-f559-4ba1-b695-a5b64b26b813/name'
19:51:29.186 [Forwarding getElementTagName on session 6325d576c31460ca00e73e83f7bd4216 to remote] DEBUG org.asynchttpclient.netty.request.NettyRequestSender - Using open Channel [id: 0xc5759eff, L:/127.0.0.1:65268 - R:localhost/127.0.0.1:62106] for GET '/session/6325d576c31460ca00e73e83f7bd4216/element/01bd4f30-f559-4ba1-b695-a5b64b26b813/name'
19:51:29.194 [AsyncHttpClient-1-4] DEBUG org.asynchttpclient.netty.handler.HttpHandler - 

Request DefaultFullHttpRequest(decodeResult: success, version: HTTP/1.1, content: EmptyByteBufBE)
GET /session/6325d576c31460ca00e73e83f7bd4216/element/01bd4f30-f559-4ba1-b695-a5b64b26b813/name HTTP/1.1
User-Agent: selenium/4.1.2 (java windows)
Cache-Control: no-cache
Content-Type: application/json; charset=utf-8
host: localhost:62106
accept: */*

Response DefaultHttpResponse(decodeResult: success, version: HTTP/1.1)
HTTP/1.1 200 OK
Content-Type: application/json; charset=utf-8
cache-control: no-cache
content-length: 13

19:51:29.194 [AsyncHttpClient-1-4] DEBUG org.asynchttpclient.netty.channel.ChannelManager - Adding key: http://localhost:62106 for channel [id: 0xc5759eff, L:/127.0.0.1:65268 - R:localhost/127.0.0.1:62106]
19:51:29.198 [Forwarding getElementTagName on session 6325d576c31460ca00e73e83f7bd4216 to remote] DEBUG org.asynchttpclient.netty.request.NettyRequestSender - Using pooled Channel '[id: 0xc5759eff, L:/127.0.0.1:65268 - R:localhost/127.0.0.1:62106]' for 'GET' to 'http://localhost:62106/session/6325d576c31460ca00e73e83f7bd4216/element/01bd4f30-f559-4ba1-b695-a5b64b26b813/name'
19:51:29.198 [Forwarding getElementTagName on session 6325d576c31460ca00e73e83f7bd4216 to remote] DEBUG org.asynchttpclient.netty.request.NettyRequestSender - Using open Channel [id: 0xc5759eff, L:/127.0.0.1:65268 - R:localhost/127.0.0.1:62106] for GET '/session/6325d576c31460ca00e73e83f7bd4216/element/01bd4f30-f559-4ba1-b695-a5b64b26b813/name'
19:51:29.203 [AsyncHttpClient-1-4] DEBUG org.asynchttpclient.netty.handler.HttpHandler - 

Request DefaultFullHttpRequest(decodeResult: success, version: HTTP/1.1, content: EmptyByteBufBE)
GET /session/6325d576c31460ca00e73e83f7bd4216/element/01bd4f30-f559-4ba1-b695-a5b64b26b813/name HTTP/1.1
User-Agent: selenium/4.1.2 (java windows)
Cache-Control: no-cache
Content-Type: application/json; charset=utf-8
host: localhost:62106
accept: */*

Response DefaultHttpResponse(decodeResult: success, version: HTTP/1.1)
HTTP/1.1 200 OK
Content-Type: application/json; charset=utf-8
cache-control: no-cache
content-length: 13

19:51:29.203 [AsyncHttpClient-1-4] DEBUG org.asynchttpclient.netty.channel.ChannelManager - Adding key: http://localhost:62106 for channel [id: 0xc5759eff, L:/127.0.0.1:65268 - R:localhost/127.0.0.1:62106]
19:51:29.208 [Forwarding findElement on session 6325d576c31460ca00e73e83f7bd4216 to remote] DEBUG org.asynchttpclient.netty.request.NettyRequestSender - Using pooled Channel '[id: 0xc5759eff, L:/127.0.0.1:65268 - R:localhost/127.0.0.1:62106]' for 'POST' to 'http://localhost:62106/session/6325d576c31460ca00e73e83f7bd4216/element'
19:51:29.208 [Forwarding findElement on session 6325d576c31460ca00e73e83f7bd4216 to remote] DEBUG org.asynchttpclient.netty.request.NettyRequestSender - Using open Channel [id: 0xc5759eff, L:/127.0.0.1:65268 - R:localhost/127.0.0.1:62106] for POST '/session/6325d576c31460ca00e73e83f7bd4216/element'
19:51:29.218 [AsyncHttpClient-1-4] DEBUG org.asynchttpclient.netty.handler.HttpHandler - 

Request DefaultHttpRequest(decodeResult: success, version: HTTP/1.1)
POST /session/6325d576c31460ca00e73e83f7bd4216/element HTTP/1.1
User-Agent: selenium/4.1.2 (java windows)
Content-Length: 97
Content-Type: application/json; charset=utf-8
host: localhost:62106
accept: */*

Response DefaultHttpResponse(decodeResult: success, version: HTTP/1.1)
HTTP/1.1 200 OK
Content-Type: application/json; charset=utf-8
cache-control: no-cache
content-length: 88

19:51:29.218 [AsyncHttpClient-1-4] DEBUG org.asynchttpclient.netty.channel.ChannelManager - Adding key: http://localhost:62106 for channel [id: 0xc5759eff, L:/127.0.0.1:65268 - R:localhost/127.0.0.1:62106]
19:51:29.219 [Forwarding clickElement on session 6325d576c31460ca00e73e83f7bd4216 to remote] DEBUG org.asynchttpclient.netty.request.NettyRequestSender - Using pooled Channel '[id: 0xc5759eff, L:/127.0.0.1:65268 - R:localhost/127.0.0.1:62106]' for 'POST' to 'http://localhost:62106/session/6325d576c31460ca00e73e83f7bd4216/element/01bd4f30-f559-4ba1-b695-a5b64b26b813/click'
19:51:29.219 [Forwarding clickElement on session 6325d576c31460ca00e73e83f7bd4216 to remote] DEBUG org.asynchttpclient.netty.request.NettyRequestSender - Using open Channel [id: 0xc5759eff, L:/127.0.0.1:65268 - R:localhost/127.0.0.1:62106] for POST '/session/6325d576c31460ca00e73e83f7bd4216/element/01bd4f30-f559-4ba1-b695-a5b64b26b813/click'
19:51:29.352 [AsyncHttpClient-1-4] DEBUG org.asynchttpclient.netty.handler.HttpHandler - 

Request DefaultHttpRequest(decodeResult: success, version: HTTP/1.1)
POST /session/6325d576c31460ca00e73e83f7bd4216/element/01bd4f30-f559-4ba1-b695-a5b64b26b813/click HTTP/1.1
User-Agent: selenium/4.1.2 (java windows)
Content-Length: 50
Content-Type: application/json; charset=utf-8
host: localhost:62106
accept: */*

Response DefaultHttpResponse(decodeResult: success, version: HTTP/1.1)
HTTP/1.1 200 OK
Content-Type: application/json; charset=utf-8
cache-control: no-cache
content-length: 14

19:51:29.353 [AsyncHttpClient-1-4] DEBUG org.asynchttpclient.netty.channel.ChannelManager - Adding key: http://localhost:62106 for channel [id: 0xc5759eff, L:/127.0.0.1:65268 - R:localhost/127.0.0.1:62106]
  &amp#27;[32mWhen &amp#27;[0m&amp#27;[32mI click sign in button&amp#27;[0m      &amp#27;[90m# starter.steps.RegistrationStep.iClickSignInButton()&amp#27;[0m
19:51:29.365 [Forwarding screenshot on session 6325d576c31460ca00e73e83f7bd4216 to remote] DEBUG org.asynchttpclient.netty.request.NettyRequestSender - Using pooled Channel '[id: 0xc5759eff, L:/127.0.0.1:65268 - R:localhost/127.0.0.1:62106]' for 'GET' to 'http://localhost:62106/session/6325d576c31460ca00e73e83f7bd4216/screenshot'
19:51:29.365 [Forwarding screenshot on session 6325d576c31460ca00e73e83f7bd4216 to remote] DEBUG org.asynchttpclient.netty.request.NettyRequestSender - Using open Channel [id: 0xc5759eff, L:/127.0.0.1:65268 - R:localhost/127.0.0.1:62106] for GET '/session/6325d576c31460ca00e73e83f7bd4216/screenshot'
19:51:29.631 [AsyncHttpClient-1-4] DEBUG org.asynchttpclient.netty.handler.HttpHandler - 

Request DefaultFullHttpRequest(decodeResult: success, version: HTTP/1.1, content: EmptyByteBufBE)
GET /session/6325d576c31460ca00e73e83f7bd4216/screenshot HTTP/1.1
User-Agent: selenium/4.1.2 (java windows)
Cache-Control: no-cache
Content-Type: application/json; charset=utf-8
host: localhost:62106
accept: */*

Response DefaultHttpResponse(decodeResult: success, version: HTTP/1.1)
HTTP/1.1 200 OK
Content-Type: application/json; charset=utf-8
cache-control: no-cache
content-length: 39496

19:51:29.631 [AsyncHttpClient-1-4] DEBUG org.asynchttpclient.netty.channel.ChannelManager - Adding key: http://localhost:62106 for channel [id: 0xc5759eff, L:/127.0.0.1:65268 - R:localhost/127.0.0.1:62106]
19:51:29.633 [main] DEBUG net.serenitybdd.core.photography.Darkroom - Send negative for processing for target\site\serenity\1bec60b077a0b464297f75434a06c2b4fdb7811aa11cbd338c75a10cd776456c.png
19:51:29.634 [Darkroom Processing Line] DEBUG net.serenitybdd.core.photography.DarkroomProcessingLine - Processing screenshot image in /var/screenshots/screenshot-15427407591549979019
19:51:29.634 [Darkroom Processing Line] DEBUG net.serenitybdd.core.photography.DarkroomProcessingLine - Saving screenshot to target\site\serenity\1bec60b077a0b464297f75434a06c2b4fdb7811aa11cbd338c75a10cd776456c.png
19:51:29.642 [Forwarding findElement on session 6325d576c31460ca00e73e83f7bd4216 to remote] DEBUG org.asynchttpclient.netty.request.NettyRequestSender - Using pooled Channel '[id: 0xc5759eff, L:/127.0.0.1:65268 - R:localhost/127.0.0.1:62106]' for 'POST' to 'http://localhost:62106/session/6325d576c31460ca00e73e83f7bd4216/element'
19:51:29.642 [Forwarding findElement on session 6325d576c31460ca00e73e83f7bd4216 to remote] DEBUG org.asynchttpclient.netty.request.NettyRequestSender - Using open Channel [id: 0xc5759eff, L:/127.0.0.1:65268 - R:localhost/127.0.0.1:62106] for POST '/session/6325d576c31460ca00e73e83f7bd4216/element'
19:51:29.652 [AsyncHttpClient-1-4] DEBUG org.asynchttpclient.netty.handler.HttpHandler - 

Request DefaultHttpRequest(decodeResult: success, version: HTTP/1.1)
POST /session/6325d576c31460ca00e73e83f7bd4216/element HTTP/1.1
User-Agent: selenium/4.1.2 (java windows)
Content-Length: 84
Content-Type: application/json; charset=utf-8
host: localhost:62106
accept: */*

Response DefaultHttpResponse(decodeResult: success, version: HTTP/1.1)
HTTP/1.1 200 OK
Content-Type: application/json; charset=utf-8
cache-control: no-cache
content-length: 88

19:51:29.652 [AsyncHttpClient-1-4] DEBUG org.asynchttpclient.netty.channel.ChannelManager - Adding key: http://localhost:62106 for channel [id: 0xc5759eff, L:/127.0.0.1:65268 - R:localhost/127.0.0.1:62106]
19:51:29.653 [Forwarding getElementTagName on session 6325d576c31460ca00e73e83f7bd4216 to remote] DEBUG org.asynchttpclient.netty.request.NettyRequestSender - Using pooled Channel '[id: 0xc5759eff, L:/127.0.0.1:65268 - R:localhost/127.0.0.1:62106]' for 'GET' to 'http://localhost:62106/session/6325d576c31460ca00e73e83f7bd4216/element/efcddb51-6814-4807-822c-847b7b6b12c0/name'
19:51:29.653 [Forwarding getElementTagName on session 6325d576c31460ca00e73e83f7bd4216 to remote] DEBUG org.asynchttpclient.netty.request.NettyRequestSender - Using open Channel [id: 0xc5759eff, L:/127.0.0.1:65268 - R:localhost/127.0.0.1:62106] for GET '/session/6325d576c31460ca00e73e83f7bd4216/element/efcddb51-6814-4807-822c-847b7b6b12c0/name'
19:51:29.657 [AsyncHttpClient-1-4] DEBUG org.asynchttpclient.netty.handler.HttpHandler - 

Request DefaultFullHttpRequest(decodeResult: success, version: HTTP/1.1, content: EmptyByteBufBE)
GET /session/6325d576c31460ca00e73e83f7bd4216/element/efcddb51-6814-4807-822c-847b7b6b12c0/name HTTP/1.1
User-Agent: selenium/4.1.2 (java windows)
Cache-Control: no-cache
Content-Type: application/json; charset=utf-8
host: localhost:62106
accept: */*

Response DefaultHttpResponse(decodeResult: success, version: HTTP/1.1)
HTTP/1.1 200 OK
Content-Type: application/json; charset=utf-8
cache-control: no-cache
content-length: 13

19:51:29.657 [AsyncHttpClient-1-4] DEBUG org.asynchttpclient.netty.channel.ChannelManager - Adding key: http://localhost:62106 for channel [id: 0xc5759eff, L:/127.0.0.1:65268 - R:localhost/127.0.0.1:62106]
19:51:29.659 [Forwarding getElementTagName on session 6325d576c31460ca00e73e83f7bd4216 to remote] DEBUG org.asynchttpclient.netty.request.NettyRequestSender - Using pooled Channel '[id: 0xc5759eff, L:/127.0.0.1:65268 - R:localhost/127.0.0.1:62106]' for 'GET' to 'http://localhost:62106/session/6325d576c31460ca00e73e83f7bd4216/element/efcddb51-6814-4807-822c-847b7b6b12c0/name'
19:51:29.659 [Forwarding getElementTagName on session 6325d576c31460ca00e73e83f7bd4216 to remote] DEBUG org.asynchttpclient.netty.request.NettyRequestSender - Using open Channel [id: 0xc5759eff, L:/127.0.0.1:65268 - R:localhost/127.0.0.1:62106] for GET '/session/6325d576c31460ca00e73e83f7bd4216/element/efcddb51-6814-4807-822c-847b7b6b12c0/name'
19:51:29.663 [AsyncHttpClient-1-4] DEBUG org.asynchttpclient.netty.handler.HttpHandler - 

Request DefaultFullHttpRequest(decodeResult: success, version: HTTP/1.1, content: EmptyByteBufBE)
GET /session/6325d576c31460ca00e73e83f7bd4216/element/efcddb51-6814-4807-822c-847b7b6b12c0/name HTTP/1.1
User-Agent: selenium/4.1.2 (java windows)
Cache-Control: no-cache
Content-Type: application/json; charset=utf-8
host: localhost:62106
accept: */*

Response DefaultHttpResponse(decodeResult: success, version: HTTP/1.1)
HTTP/1.1 200 OK
Content-Type: application/json; charset=utf-8
cache-control: no-cache
content-length: 13

19:51:29.663 [AsyncHttpClient-1-4] DEBUG org.asynchttpclient.netty.channel.ChannelManager - Adding key: http://localhost:62106 for channel [id: 0xc5759eff, L:/127.0.0.1:65268 - R:localhost/127.0.0.1:62106]
19:51:29.663 [Forwarding findElement on session 6325d576c31460ca00e73e83f7bd4216 to remote] DEBUG org.asynchttpclient.netty.request.NettyRequestSender - Using pooled Channel '[id: 0xc5759eff, L:/127.0.0.1:65268 - R:localhost/127.0.0.1:62106]' for 'POST' to 'http://localhost:62106/session/6325d576c31460ca00e73e83f7bd4216/element'
19:51:29.663 [Forwarding findElement on session 6325d576c31460ca00e73e83f7bd4216 to remote] DEBUG org.asynchttpclient.netty.request.NettyRequestSender - Using open Channel [id: 0xc5759eff, L:/127.0.0.1:65268 - R:localhost/127.0.0.1:62106] for POST '/session/6325d576c31460ca00e73e83f7bd4216/element'
19:51:29.668 [AsyncHttpClient-1-4] DEBUG org.asynchttpclient.netty.handler.HttpHandler - 

Request DefaultHttpRequest(decodeResult: success, version: HTTP/1.1)
POST /session/6325d576c31460ca00e73e83f7bd4216/element HTTP/1.1
User-Agent: selenium/4.1.2 (java windows)
Content-Length: 84
Content-Type: application/json; charset=utf-8
host: localhost:62106
accept: */*

Response DefaultHttpResponse(decodeResult: success, version: HTTP/1.1)
HTTP/1.1 200 OK
Content-Type: application/json; charset=utf-8
cache-control: no-cache
content-length: 88

19:51:29.668 [AsyncHttpClient-1-4] DEBUG org.asynchttpclient.netty.channel.ChannelManager - Adding key: http://localhost:62106 for channel [id: 0xc5759eff, L:/127.0.0.1:65268 - R:localhost/127.0.0.1:62106]
19:51:29.668 [Forwarding clickElement on session 6325d576c31460ca00e73e83f7bd4216 to remote] DEBUG org.asynchttpclient.netty.request.NettyRequestSender - Using pooled Channel '[id: 0xc5759eff, L:/127.0.0.1:65268 - R:localhost/127.0.0.1:62106]' for 'POST' to 'http://localhost:62106/session/6325d576c31460ca00e73e83f7bd4216/element/efcddb51-6814-4807-822c-847b7b6b12c0/click'
19:51:29.668 [Forwarding clickElement on session 6325d576c31460ca00e73e83f7bd4216 to remote] DEBUG org.asynchttpclient.netty.request.NettyRequestSender - Using open Channel [id: 0xc5759eff, L:/127.0.0.1:65268 - R:localhost/127.0.0.1:62106] for POST '/session/6325d576c31460ca00e73e83f7bd4216/element/efcddb51-6814-4807-822c-847b7b6b12c0/click'
19:51:29.715 [AsyncHttpClient-1-4] DEBUG org.asynchttpclient.netty.handler.HttpHandler - 

Request DefaultHttpRequest(decodeResult: success, version: HTTP/1.1)
POST /session/6325d576c31460ca00e73e83f7bd4216/element/efcddb51-6814-4807-822c-847b7b6b12c0/click HTTP/1.1
User-Agent: selenium/4.1.2 (java windows)
Content-Length: 50
Content-Type: application/json; charset=utf-8
host: localhost:62106
accept: */*

Response DefaultHttpResponse(decodeResult: success, version: HTTP/1.1)
HTTP/1.1 200 OK
Content-Type: application/json; charset=utf-8
cache-control: no-cache
content-length: 14

19:51:29.716 [AsyncHttpClient-1-4] DEBUG org.asynchttpclient.netty.channel.ChannelManager - Adding key: http://localhost:62106 for channel [id: 0xc5759eff, L:/127.0.0.1:65268 - R:localhost/127.0.0.1:62106]
  &amp#27;[32mAnd &amp#27;[0m&amp#27;[32mI click register link&amp#27;[0m        &amp#27;[90m# starter.steps.RegistrationStep.iClickRegisterLink()&amp#27;[0m
19:51:29.726 [Forwarding screenshot on session 6325d576c31460ca00e73e83f7bd4216 to remote] DEBUG org.asynchttpclient.netty.request.NettyRequestSender - Using pooled Channel '[id: 0xc5759eff, L:/127.0.0.1:65268 - R:localhost/127.0.0.1:62106]' for 'GET' to 'http://localhost:62106/session/6325d576c31460ca00e73e83f7bd4216/screenshot'
19:51:29.726 [Forwarding screenshot on session 6325d576c31460ca00e73e83f7bd4216 to remote] DEBUG org.asynchttpclient.netty.request.NettyRequestSender - Using open Channel [id: 0xc5759eff, L:/127.0.0.1:65268 - R:localhost/127.0.0.1:62106] for GET '/session/6325d576c31460ca00e73e83f7bd4216/screenshot'
19:51:29.964 [AsyncHttpClient-1-4] DEBUG org.asynchttpclient.netty.handler.HttpHandler - 

Request DefaultFullHttpRequest(decodeResult: success, version: HTTP/1.1, content: EmptyByteBufBE)
GET /session/6325d576c31460ca00e73e83f7bd4216/screenshot HTTP/1.1
User-Agent: selenium/4.1.2 (java windows)
Cache-Control: no-cache
Content-Type: application/json; charset=utf-8
host: localhost:62106
accept: */*

Response DefaultHttpResponse(decodeResult: success, version: HTTP/1.1)
HTTP/1.1 200 OK
Content-Type: application/json; charset=utf-8
cache-control: no-cache
content-length: 45188

19:51:29.964 [AsyncHttpClient-1-4] DEBUG org.asynchttpclient.netty.channel.ChannelManager - Adding key: http://localhost:62106 for channel [id: 0xc5759eff, L:/127.0.0.1:65268 - R:localhost/127.0.0.1:62106]
19:51:29.965 [main] DEBUG net.serenitybdd.core.photography.Darkroom - Send negative for processing for target\site\serenity\282217af21fc4affe2caedc6f16d6943a53fbbe56bef40fdad069fffe2bebeef.png
19:51:29.965 [Darkroom Processing Line] DEBUG net.serenitybdd.core.photography.DarkroomProcessingLine - Processing screenshot image in /var/screenshots/screenshot-5242172549944080251
19:51:29.965 [Darkroom Processing Line] DEBUG net.serenitybdd.core.photography.DarkroomProcessingLine - Saving screenshot to target\site\serenity\282217af21fc4affe2caedc6f16d6943a53fbbe56bef40fdad069fffe2bebeef.png
19:51:29.970 [Forwarding findElement on session 6325d576c31460ca00e73e83f7bd4216 to remote] DEBUG org.asynchttpclient.netty.request.NettyRequestSender - Using pooled Channel '[id: 0xc5759eff, L:/127.0.0.1:65268 - R:localhost/127.0.0.1:62106]' for 'POST' to 'http://localhost:62106/session/6325d576c31460ca00e73e83f7bd4216/element'
19:51:29.970 [Forwarding findElement on session 6325d576c31460ca00e73e83f7bd4216 to remote] DEBUG org.asynchttpclient.netty.request.NettyRequestSender - Using open Channel [id: 0xc5759eff, L:/127.0.0.1:65268 - R:localhost/127.0.0.1:62106] for POST '/session/6325d576c31460ca00e73e83f7bd4216/element'
19:51:29.981 [AsyncHttpClient-1-4] DEBUG org.asynchttpclient.netty.handler.HttpHandler - 

Request DefaultHttpRequest(decodeResult: success, version: HTTP/1.1)
POST /session/6325d576c31460ca00e73e83f7bd4216/element HTTP/1.1
User-Agent: selenium/4.1.2 (java windows)
Content-Length: 93
Content-Type: application/json; charset=utf-8
host: localhost:62106
accept: */*

Response DefaultHttpResponse(decodeResult: success, version: HTTP/1.1)
HTTP/1.1 200 OK
Content-Type: application/json; charset=utf-8
cache-control: no-cache
content-length: 88

19:51:29.984 [AsyncHttpClient-1-4] DEBUG org.asynchttpclient.netty.channel.ChannelManager - Adding key: http://localhost:62106 for channel [id: 0xc5759eff, L:/127.0.0.1:65268 - R:localhost/127.0.0.1:62106]
19:51:29.986 [Forwarding clearElement on session 6325d576c31460ca00e73e83f7bd4216 to remote] DEBUG org.asynchttpclient.netty.request.NettyRequestSender - Using pooled Channel '[id: 0xc5759eff, L:/127.0.0.1:65268 - R:localhost/127.0.0.1:62106]' for 'POST' to 'http://localhost:62106/session/6325d576c31460ca00e73e83f7bd4216/element/5ec95bf1-c348-4d28-a324-eebd7143db42/clear'
19:51:29.986 [Forwarding clearElement on session 6325d576c31460ca00e73e83f7bd4216 to remote] DEBUG org.asynchttpclient.netty.request.NettyRequestSender - Using open Channel [id: 0xc5759eff, L:/127.0.0.1:65268 - R:localhost/127.0.0.1:62106] for POST '/session/6325d576c31460ca00e73e83f7bd4216/element/5ec95bf1-c348-4d28-a324-eebd7143db42/clear'
19:51:30.018 [AsyncHttpClient-1-4] DEBUG org.asynchttpclient.netty.handler.HttpHandler - 

Request DefaultHttpRequest(decodeResult: success, version: HTTP/1.1)
POST /session/6325d576c31460ca00e73e83f7bd4216/element/5ec95bf1-c348-4d28-a324-eebd7143db42/clear HTTP/1.1
User-Agent: selenium/4.1.2 (java windows)
Content-Length: 50
Content-Type: application/json; charset=utf-8
host: localhost:62106
accept: */*

Response DefaultHttpResponse(decodeResult: success, version: HTTP/1.1)
HTTP/1.1 200 OK
Content-Type: application/json; charset=utf-8
cache-control: no-cache
content-length: 14

19:51:30.018 [AsyncHttpClient-1-4] DEBUG org.asynchttpclient.netty.channel.ChannelManager - Adding key: http://localhost:62106 for channel [id: 0xc5759eff, L:/127.0.0.1:65268 - R:localhost/127.0.0.1:62106]
19:51:30.021 [Forwarding sendKeysToElement on session 6325d576c31460ca00e73e83f7bd4216 to remote] DEBUG org.asynchttpclient.netty.request.NettyRequestSender - Using pooled Channel '[id: 0xc5759eff, L:/127.0.0.1:65268 - R:localhost/127.0.0.1:62106]' for 'POST' to 'http://localhost:62106/session/6325d576c31460ca00e73e83f7bd4216/element/5ec95bf1-c348-4d28-a324-eebd7143db42/value'
19:51:30.021 [Forwarding sendKeysToElement on session 6325d576c31460ca00e73e83f7bd4216 to remote] DEBUG org.asynchttpclient.netty.request.NettyRequestSender - Using open Channel [id: 0xc5759eff, L:/127.0.0.1:65268 - R:localhost/127.0.0.1:62106] for POST '/session/6325d576c31460ca00e73e83f7bd4216/element/5ec95bf1-c348-4d28-a324-eebd7143db42/value'
19:51:30.326 [AsyncHttpClient-1-4] DEBUG org.asynchttpclient.netty.handler.HttpHandler - 

Request DefaultHttpRequest(decodeResult: success, version: HTTP/1.1)
POST /session/6325d576c31460ca00e73e83f7bd4216/element/5ec95bf1-c348-4d28-a324-eebd7143db42/value HTTP/1.1
User-Agent: selenium/4.1.2 (java windows)
Content-Length: 141
Content-Type: application/json; charset=utf-8
host: localhost:62106
accept: */*

Response DefaultHttpResponse(decodeResult: success, version: HTTP/1.1)
HTTP/1.1 200 OK
Content-Type: application/json; charset=utf-8
cache-control: no-cache
content-length: 14

19:51:30.326 [AsyncHttpClient-1-4] DEBUG org.asynchttpclient.netty.channel.ChannelManager - Adding key: http://localhost:62106 for channel [id: 0xc5759eff, L:/127.0.0.1:65268 - R:localhost/127.0.0.1:62106]
  &amp#27;[32mAnd &amp#27;[0m&amp#27;[32mI input &amp#27;[0m&amp#27;[32m&amp#27;[1m"maylan"&amp#27;[0m&amp#27;[32m fullname&amp#27;[0m    &amp#27;[90m# starter.steps.RegistrationStep.iInputFullname(java.lang.String)&amp#27;[0m
19:51:30.332 [Forwarding screenshot on session 6325d576c31460ca00e73e83f7bd4216 to remote] DEBUG org.asynchttpclient.netty.request.NettyRequestSender - Using pooled Channel '[id: 0xc5759eff, L:/127.0.0.1:65268 - R:localhost/127.0.0.1:62106]' for 'GET' to 'http://localhost:62106/session/6325d576c31460ca00e73e83f7bd4216/screenshot'
19:51:30.332 [Forwarding screenshot on session 6325d576c31460ca00e73e83f7bd4216 to remote] DEBUG org.asynchttpclient.netty.request.NettyRequestSender - Using open Channel [id: 0xc5759eff, L:/127.0.0.1:65268 - R:localhost/127.0.0.1:62106] for GET '/session/6325d576c31460ca00e73e83f7bd4216/screenshot'
19:51:30.508 [AsyncHttpClient-1-4] DEBUG org.asynchttpclient.netty.handler.HttpHandler - 

Request DefaultFullHttpRequest(decodeResult: success, version: HTTP/1.1, content: EmptyByteBufBE)
GET /session/6325d576c31460ca00e73e83f7bd4216/screenshot HTTP/1.1
User-Agent: selenium/4.1.2 (java windows)
Cache-Control: no-cache
Content-Type: application/json; charset=utf-8
host: localhost:62106
accept: */*

Response DefaultHttpResponse(decodeResult: success, version: HTTP/1.1)
HTTP/1.1 200 OK
Content-Type: application/json; charset=utf-8
cache-control: no-cache
content-length: 45328

19:51:30.508 [AsyncHttpClient-1-4] DEBUG org.asynchttpclient.netty.channel.ChannelManager - Adding key: http://localhost:62106 for channel [id: 0xc5759eff, L:/127.0.0.1:65268 - R:localhost/127.0.0.1:62106]
19:51:30.512 [main] DEBUG net.serenitybdd.core.photography.Darkroom - Send negative for processing for target\site\serenity\a284418f31d91d75098cef0ddc46431b8c6b618d8b1f1a211834f2ab7c00f7e7.png
19:51:30.513 [Darkroom Processing Line] DEBUG net.serenitybdd.core.photography.DarkroomProcessingLine - Processing screenshot image in /var/screenshots/screenshot-2403802246623428073
19:51:30.513 [Darkroom Processing Line] DEBUG net.serenitybdd.core.photography.DarkroomProcessingLine - Saving screenshot to target\site\serenity\a284418f31d91d75098cef0ddc46431b8c6b618d8b1f1a211834f2ab7c00f7e7.png
19:51:30.522 [Forwarding findElement on session 6325d576c31460ca00e73e83f7bd4216 to remote] DEBUG org.asynchttpclient.netty.request.NettyRequestSender - Using pooled Channel '[id: 0xc5759eff, L:/127.0.0.1:65268 - R:localhost/127.0.0.1:62106]' for 'POST' to 'http://localhost:62106/session/6325d576c31460ca00e73e83f7bd4216/element'
19:51:30.522 [Forwarding findElement on session 6325d576c31460ca00e73e83f7bd4216 to remote] DEBUG org.asynchttpclient.netty.request.NettyRequestSender - Using open Channel [id: 0xc5759eff, L:/127.0.0.1:65268 - R:localhost/127.0.0.1:62106] for POST '/session/6325d576c31460ca00e73e83f7bd4216/element'
19:51:30.531 [AsyncHttpClient-1-4] DEBUG org.asynchttpclient.netty.handler.HttpHandler - 

Request DefaultHttpRequest(decodeResult: success, version: HTTP/1.1)
POST /session/6325d576c31460ca00e73e83f7bd4216/element HTTP/1.1
User-Agent: selenium/4.1.2 (java windows)
Content-Length: 86
Content-Type: application/json; charset=utf-8
host: localhost:62106
accept: */*

Response DefaultHttpResponse(decodeResult: success, version: HTTP/1.1)
HTTP/1.1 200 OK
Content-Type: application/json; charset=utf-8
cache-control: no-cache
content-length: 88

19:51:30.531 [AsyncHttpClient-1-4] DEBUG org.asynchttpclient.netty.channel.ChannelManager - Adding key: http://localhost:62106 for channel [id: 0xc5759eff, L:/127.0.0.1:65268 - R:localhost/127.0.0.1:62106]
19:51:30.533 [Forwarding clearElement on session 6325d576c31460ca00e73e83f7bd4216 to remote] DEBUG org.asynchttpclient.netty.request.NettyRequestSender - Using pooled Channel '[id: 0xc5759eff, L:/127.0.0.1:65268 - R:localhost/127.0.0.1:62106]' for 'POST' to 'http://localhost:62106/session/6325d576c31460ca00e73e83f7bd4216/element/7a614b4b-742a-421c-8849-a8db585ef52c/clear'
19:51:30.533 [Forwarding clearElement on session 6325d576c31460ca00e73e83f7bd4216 to remote] DEBUG org.asynchttpclient.netty.request.NettyRequestSender - Using open Channel [id: 0xc5759eff, L:/127.0.0.1:65268 - R:localhost/127.0.0.1:62106] for POST '/session/6325d576c31460ca00e73e83f7bd4216/element/7a614b4b-742a-421c-8849-a8db585ef52c/clear'
19:51:30.582 [AsyncHttpClient-1-4] DEBUG org.asynchttpclient.netty.handler.HttpHandler - 

Request DefaultHttpRequest(decodeResult: success, version: HTTP/1.1)
POST /session/6325d576c31460ca00e73e83f7bd4216/element/7a614b4b-742a-421c-8849-a8db585ef52c/clear HTTP/1.1
User-Agent: selenium/4.1.2 (java windows)
Content-Length: 50
Content-Type: application/json; charset=utf-8
host: localhost:62106
accept: */*

Response DefaultHttpResponse(decodeResult: success, version: HTTP/1.1)
HTTP/1.1 200 OK
Content-Type: application/json; charset=utf-8
cache-control: no-cache
content-length: 14

19:51:30.582 [AsyncHttpClient-1-4] DEBUG org.asynchttpclient.netty.channel.ChannelManager - Adding key: http://localhost:62106 for channel [id: 0xc5759eff, L:/127.0.0.1:65268 - R:localhost/127.0.0.1:62106]
19:51:30.583 [Forwarding sendKeysToElement on session 6325d576c31460ca00e73e83f7bd4216 to remote] DEBUG org.asynchttpclient.netty.request.NettyRequestSender - Using pooled Channel '[id: 0xc5759eff, L:/127.0.0.1:65268 - R:localhost/127.0.0.1:62106]' for 'POST' to 'http://localhost:62106/session/6325d576c31460ca00e73e83f7bd4216/element/7a614b4b-742a-421c-8849-a8db585ef52c/value'
19:51:30.583 [Forwarding sendKeysToElement on session 6325d576c31460ca00e73e83f7bd4216 to remote] DEBUG org.asynchttpclient.netty.request.NettyRequestSender - Using open Channel [id: 0xc5759eff, L:/127.0.0.1:65268 - R:localhost/127.0.0.1:62106] for POST '/session/6325d576c31460ca00e73e83f7bd4216/element/7a614b4b-742a-421c-8849-a8db585ef52c/value'
19:51:30.614 [AsyncHttpClient-1-4] DEBUG org.asynchttpclient.netty.handler.HttpHandler - 

Request DefaultHttpRequest(decodeResult: success, version: HTTP/1.1)
POST /session/6325d576c31460ca00e73e83f7bd4216/element/7a614b4b-742a-421c-8849-a8db585ef52c/value HTTP/1.1
User-Agent: selenium/4.1.2 (java windows)
Content-Length: 82
Content-Type: application/json; charset=utf-8
host: localhost:62106
accept: */*

Response DefaultHttpResponse(decodeResult: success, version: HTTP/1.1)
HTTP/1.1 200 OK
Content-Type: application/json; charset=utf-8
cache-control: no-cache
content-length: 14

19:51:30.615 [AsyncHttpClient-1-4] DEBUG org.asynchttpclient.netty.channel.ChannelManager - Adding key: http://localhost:62106 for channel [id: 0xc5759eff, L:/127.0.0.1:65268 - R:localhost/127.0.0.1:62106]
  &amp#27;[32mAnd &amp#27;[0m&amp#27;[32mI input &amp#27;[0m&amp#27;[32m&amp#27;[1m""&amp#27;[0m&amp#27;[32m new email&amp#27;[0m         &amp#27;[90m# starter.steps.RegistrationStep.iInputNewEmail(java.lang.String)&amp#27;[0m
19:51:30.618 [Forwarding screenshot on session 6325d576c31460ca00e73e83f7bd4216 to remote] DEBUG org.asynchttpclient.netty.request.NettyRequestSender - Using pooled Channel '[id: 0xc5759eff, L:/127.0.0.1:65268 - R:localhost/127.0.0.1:62106]' for 'GET' to 'http://localhost:62106/session/6325d576c31460ca00e73e83f7bd4216/screenshot'
19:51:30.618 [Forwarding screenshot on session 6325d576c31460ca00e73e83f7bd4216 to remote] DEBUG org.asynchttpclient.netty.request.NettyRequestSender - Using open Channel [id: 0xc5759eff, L:/127.0.0.1:65268 - R:localhost/127.0.0.1:62106] for GET '/session/6325d576c31460ca00e73e83f7bd4216/screenshot'
19:51:30.734 [AsyncHttpClient-1-4] DEBUG org.asynchttpclient.netty.handler.HttpHandler - 

Request DefaultFullHttpRequest(decodeResult: success, version: HTTP/1.1, content: EmptyByteBufBE)
GET /session/6325d576c31460ca00e73e83f7bd4216/screenshot HTTP/1.1
User-Agent: selenium/4.1.2 (java windows)
Cache-Control: no-cache
Content-Type: application/json; charset=utf-8
host: localhost:62106
accept: */*

Response DefaultHttpResponse(decodeResult: success, version: HTTP/1.1)
HTTP/1.1 200 OK
Content-Type: application/json; charset=utf-8
cache-control: no-cache
content-length: 45736

19:51:30.734 [AsyncHttpClient-1-4] DEBUG org.asynchttpclient.netty.channel.ChannelManager - Adding key: http://localhost:62106 for channel [id: 0xc5759eff, L:/127.0.0.1:65268 - R:localhost/127.0.0.1:62106]
19:51:30.735 [main] DEBUG net.serenitybdd.core.photography.Darkroom - Send negative for processing for target\site\serenity\5fd8126702db8521faba655e820ce17290880fc7a85c3da91357e9885d336ab2.png
19:51:30.735 [Darkroom Processing Line] DEBUG net.serenitybdd.core.photography.DarkroomProcessingLine - Processing screenshot image in /var/screenshots/screenshot-13183848792917779335
19:51:30.735 [Darkroom Processing Line] DEBUG net.serenitybdd.core.photography.DarkroomProcessingLine - Saving screenshot to target\site\serenity\5fd8126702db8521faba655e820ce17290880fc7a85c3da91357e9885d336ab2.png
19:51:30.744 [Forwarding findElement on session 6325d576c31460ca00e73e83f7bd4216 to remote] DEBUG org.asynchttpclient.netty.request.NettyRequestSender - Using pooled Channel '[id: 0xc5759eff, L:/127.0.0.1:65268 - R:localhost/127.0.0.1:62106]' for 'POST' to 'http://localhost:62106/session/6325d576c31460ca00e73e83f7bd4216/element'
19:51:30.744 [Forwarding findElement on session 6325d576c31460ca00e73e83f7bd4216 to remote] DEBUG org.asynchttpclient.netty.request.NettyRequestSender - Using open Channel [id: 0xc5759eff, L:/127.0.0.1:65268 - R:localhost/127.0.0.1:62106] for POST '/session/6325d576c31460ca00e73e83f7bd4216/element'
19:51:30.753 [AsyncHttpClient-1-4] DEBUG org.asynchttpclient.netty.handler.HttpHandler - 

Request DefaultHttpRequest(decodeResult: success, version: HTTP/1.1)
POST /session/6325d576c31460ca00e73e83f7bd4216/element HTTP/1.1
User-Agent: selenium/4.1.2 (java windows)
Content-Length: 89
Content-Type: application/json; charset=utf-8
host: localhost:62106
accept: */*

Response DefaultHttpResponse(decodeResult: success, version: HTTP/1.1)
HTTP/1.1 200 OK
Content-Type: application/json; charset=utf-8
cache-control: no-cache
content-length: 88

19:51:30.753 [AsyncHttpClient-1-4] DEBUG org.asynchttpclient.netty.channel.ChannelManager - Adding key: http://localhost:62106 for channel [id: 0xc5759eff, L:/127.0.0.1:65268 - R:localhost/127.0.0.1:62106]
19:51:30.755 [Forwarding clearElement on session 6325d576c31460ca00e73e83f7bd4216 to remote] DEBUG org.asynchttpclient.netty.request.NettyRequestSender - Using pooled Channel '[id: 0xc5759eff, L:/127.0.0.1:65268 - R:localhost/127.0.0.1:62106]' for 'POST' to 'http://localhost:62106/session/6325d576c31460ca00e73e83f7bd4216/element/433f39e7-c586-4df3-a747-2838a8c938ac/clear'
19:51:30.755 [Forwarding clearElement on session 6325d576c31460ca00e73e83f7bd4216 to remote] DEBUG org.asynchttpclient.netty.request.NettyRequestSender - Using open Channel [id: 0xc5759eff, L:/127.0.0.1:65268 - R:localhost/127.0.0.1:62106] for POST '/session/6325d576c31460ca00e73e83f7bd4216/element/433f39e7-c586-4df3-a747-2838a8c938ac/clear'
19:51:30.787 [AsyncHttpClient-1-4] DEBUG org.asynchttpclient.netty.handler.HttpHandler - 

Request DefaultHttpRequest(decodeResult: success, version: HTTP/1.1)
POST /session/6325d576c31460ca00e73e83f7bd4216/element/433f39e7-c586-4df3-a747-2838a8c938ac/clear HTTP/1.1
User-Agent: selenium/4.1.2 (java windows)
Content-Length: 50
Content-Type: application/json; charset=utf-8
host: localhost:62106
accept: */*

Response DefaultHttpResponse(decodeResult: success, version: HTTP/1.1)
HTTP/1.1 200 OK
Content-Type: application/json; charset=utf-8
cache-control: no-cache
content-length: 14

19:51:30.787 [AsyncHttpClient-1-4] DEBUG org.asynchttpclient.netty.channel.ChannelManager - Adding key: http://localhost:62106 for channel [id: 0xc5759eff, L:/127.0.0.1:65268 - R:localhost/127.0.0.1:62106]
19:51:30.788 [Forwarding sendKeysToElement on session 6325d576c31460ca00e73e83f7bd4216 to remote] DEBUG org.asynchttpclient.netty.request.NettyRequestSender - Using pooled Channel '[id: 0xc5759eff, L:/127.0.0.1:65268 - R:localhost/127.0.0.1:62106]' for 'POST' to 'http://localhost:62106/session/6325d576c31460ca00e73e83f7bd4216/element/433f39e7-c586-4df3-a747-2838a8c938ac/value'
19:51:30.788 [Forwarding sendKeysToElement on session 6325d576c31460ca00e73e83f7bd4216 to remote] DEBUG org.asynchttpclient.netty.request.NettyRequestSender - Using open Channel [id: 0xc5759eff, L:/127.0.0.1:65268 - R:localhost/127.0.0.1:62106] for POST '/session/6325d576c31460ca00e73e83f7bd4216/element/433f39e7-c586-4df3-a747-2838a8c938ac/value'
19:51:30.821 [AsyncHttpClient-1-4] DEBUG org.asynchttpclient.netty.handler.HttpHandler - 

Request DefaultHttpRequest(decodeResult: success, version: HTTP/1.1)
POST /session/6325d576c31460ca00e73e83f7bd4216/element/433f39e7-c586-4df3-a747-2838a8c938ac/value HTTP/1.1
User-Agent: selenium/4.1.2 (java windows)
Content-Length: 82
Content-Type: application/json; charset=utf-8
host: localhost:62106
accept: */*

Response DefaultHttpResponse(decodeResult: success, version: HTTP/1.1)
HTTP/1.1 200 OK
Content-Type: application/json; charset=utf-8
cache-control: no-cache
content-length: 14

19:51:30.822 [AsyncHttpClient-1-4] DEBUG org.asynchttpclient.netty.channel.ChannelManager - Adding key: http://localhost:62106 for channel [id: 0xc5759eff, L:/127.0.0.1:65268 - R:localhost/127.0.0.1:62106]
  &amp#27;[32mAnd &amp#27;[0m&amp#27;[32mI input &amp#27;[0m&amp#27;[32m&amp#27;[1m""&amp#27;[0m&amp#27;[32m new password&amp#27;[0m      &amp#27;[90m# starter.steps.RegistrationStep.iInputNewPassword(java.lang.String)&amp#27;[0m
19:51:30.832 [Forwarding screenshot on session 6325d576c31460ca00e73e83f7bd4216 to remote] DEBUG org.asynchttpclient.netty.request.NettyRequestSender - Using pooled Channel '[id: 0xc5759eff, L:/127.0.0.1:65268 - R:localhost/127.0.0.1:62106]' for 'GET' to 'http://localhost:62106/session/6325d576c31460ca00e73e83f7bd4216/screenshot'
19:51:30.832 [Forwarding screenshot on session 6325d576c31460ca00e73e83f7bd4216 to remote] DEBUG org.asynchttpclient.netty.request.NettyRequestSender - Using open Channel [id: 0xc5759eff, L:/127.0.0.1:65268 - R:localhost/127.0.0.1:62106] for GET '/session/6325d576c31460ca00e73e83f7bd4216/screenshot'
19:51:30.963 [AsyncHttpClient-1-4] DEBUG org.asynchttpclient.netty.handler.HttpHandler - 

Request DefaultFullHttpRequest(decodeResult: success, version: HTTP/1.1, content: EmptyByteBufBE)
GET /session/6325d576c31460ca00e73e83f7bd4216/screenshot HTTP/1.1
User-Agent: selenium/4.1.2 (java windows)
Cache-Control: no-cache
Content-Type: application/json; charset=utf-8
host: localhost:62106
accept: */*

Response DefaultHttpResponse(decodeResult: success, version: HTTP/1.1)
HTTP/1.1 200 OK
Content-Type: application/json; charset=utf-8
cache-control: no-cache
content-length: 46140

19:51:30.963 [AsyncHttpClient-1-4] DEBUG org.asynchttpclient.netty.channel.ChannelManager - Adding key: http://localhost:62106 for channel [id: 0xc5759eff, L:/127.0.0.1:65268 - R:localhost/127.0.0.1:62106]
19:51:30.964 [main] DEBUG net.serenitybdd.core.photography.Darkroom - Send negative for processing for target\site\serenity\b39ad4f8176405e5ade55998be5951801aec1e18502de852b975a114d49fce76.png
19:51:30.965 [Darkroom Processing Line] DEBUG net.serenitybdd.core.photography.DarkroomProcessingLine - Processing screenshot image in /var/screenshots/screenshot-1820122500954340657
19:51:30.965 [Darkroom Processing Line] DEBUG net.serenitybdd.core.photography.DarkroomProcessingLine - Saving screenshot to target\site\serenity\b39ad4f8176405e5ade55998be5951801aec1e18502de852b975a114d49fce76.png
19:51:30.968 [Forwarding findElement on session 6325d576c31460ca00e73e83f7bd4216 to remote] DEBUG org.asynchttpclient.netty.request.NettyRequestSender - Using pooled Channel '[id: 0xc5759eff, L:/127.0.0.1:65268 - R:localhost/127.0.0.1:62106]' for 'POST' to 'http://localhost:62106/session/6325d576c31460ca00e73e83f7bd4216/element'
19:51:30.968 [Forwarding findElement on session 6325d576c31460ca00e73e83f7bd4216 to remote] DEBUG org.asynchttpclient.netty.request.NettyRequestSender - Using open Channel [id: 0xc5759eff, L:/127.0.0.1:65268 - R:localhost/127.0.0.1:62106] for POST '/session/6325d576c31460ca00e73e83f7bd4216/element'
19:51:30.982 [AsyncHttpClient-1-4] DEBUG org.asynchttpclient.netty.handler.HttpHandler - 

Request DefaultHttpRequest(decodeResult: success, version: HTTP/1.1)
POST /session/6325d576c31460ca00e73e83f7bd4216/element HTTP/1.1
User-Agent: selenium/4.1.2 (java windows)
Content-Length: 141
Content-Type: application/json; charset=utf-8
host: localhost:62106
accept: */*

Response DefaultHttpResponse(decodeResult: success, version: HTTP/1.1)
HTTP/1.1 200 OK
Content-Type: application/json; charset=utf-8
cache-control: no-cache
content-length: 88

19:51:30.983 [AsyncHttpClient-1-4] DEBUG org.asynchttpclient.netty.channel.ChannelManager - Adding key: http://localhost:62106 for channel [id: 0xc5759eff, L:/127.0.0.1:65268 - R:localhost/127.0.0.1:62106]
19:51:30.983 [Forwarding getElementTagName on session 6325d576c31460ca00e73e83f7bd4216 to remote] DEBUG org.asynchttpclient.netty.request.NettyRequestSender - Using pooled Channel '[id: 0xc5759eff, L:/127.0.0.1:65268 - R:localhost/127.0.0.1:62106]' for 'GET' to 'http://localhost:62106/session/6325d576c31460ca00e73e83f7bd4216/element/ce7aa8bf-5122-4ec8-bd26-92a54ad1f2aa/name'
19:51:30.983 [Forwarding getElementTagName on session 6325d576c31460ca00e73e83f7bd4216 to remote] DEBUG org.asynchttpclient.netty.request.NettyRequestSender - Using open Channel [id: 0xc5759eff, L:/127.0.0.1:65268 - R:localhost/127.0.0.1:62106] for GET '/session/6325d576c31460ca00e73e83f7bd4216/element/ce7aa8bf-5122-4ec8-bd26-92a54ad1f2aa/name'
19:51:30.986 [AsyncHttpClient-1-4] DEBUG org.asynchttpclient.netty.handler.HttpHandler - 

Request DefaultFullHttpRequest(decodeResult: success, version: HTTP/1.1, content: EmptyByteBufBE)
GET /session/6325d576c31460ca00e73e83f7bd4216/element/ce7aa8bf-5122-4ec8-bd26-92a54ad1f2aa/name HTTP/1.1
User-Agent: selenium/4.1.2 (java windows)
Cache-Control: no-cache
Content-Type: application/json; charset=utf-8
host: localhost:62106
accept: */*

Response DefaultHttpResponse(decodeResult: success, version: HTTP/1.1)
HTTP/1.1 200 OK
Content-Type: application/json; charset=utf-8
cache-control: no-cache
content-length: 18

19:51:30.986 [AsyncHttpClient-1-4] DEBUG org.asynchttpclient.netty.channel.ChannelManager - Adding key: http://localhost:62106 for channel [id: 0xc5759eff, L:/127.0.0.1:65268 - R:localhost/127.0.0.1:62106]
19:51:30.988 [Forwarding getElementTagName on session 6325d576c31460ca00e73e83f7bd4216 to remote] DEBUG org.asynchttpclient.netty.request.NettyRequestSender - Using pooled Channel '[id: 0xc5759eff, L:/127.0.0.1:65268 - R:localhost/127.0.0.1:62106]' for 'GET' to 'http://localhost:62106/session/6325d576c31460ca00e73e83f7bd4216/element/ce7aa8bf-5122-4ec8-bd26-92a54ad1f2aa/name'
19:51:30.988 [Forwarding getElementTagName on session 6325d576c31460ca00e73e83f7bd4216 to remote] DEBUG org.asynchttpclient.netty.request.NettyRequestSender - Using open Channel [id: 0xc5759eff, L:/127.0.0.1:65268 - R:localhost/127.0.0.1:62106] for GET '/session/6325d576c31460ca00e73e83f7bd4216/element/ce7aa8bf-5122-4ec8-bd26-92a54ad1f2aa/name'
19:51:30.996 [AsyncHttpClient-1-4] DEBUG org.asynchttpclient.netty.handler.HttpHandler - 

Request DefaultFullHttpRequest(decodeResult: success, version: HTTP/1.1, content: EmptyByteBufBE)
GET /session/6325d576c31460ca00e73e83f7bd4216/element/ce7aa8bf-5122-4ec8-bd26-92a54ad1f2aa/name HTTP/1.1
User-Agent: selenium/4.1.2 (java windows)
Cache-Control: no-cache
Content-Type: application/json; charset=utf-8
host: localhost:62106
accept: */*

Response DefaultHttpResponse(decodeResult: success, version: HTTP/1.1)
HTTP/1.1 200 OK
Content-Type: application/json; charset=utf-8
cache-control: no-cache
content-length: 18

19:51:30.996 [AsyncHttpClient-1-4] DEBUG org.asynchttpclient.netty.channel.ChannelManager - Adding key: http://localhost:62106 for channel [id: 0xc5759eff, L:/127.0.0.1:65268 - R:localhost/127.0.0.1:62106]
19:51:30.997 [Forwarding isElementEnabled on session 6325d576c31460ca00e73e83f7bd4216 to remote] DEBUG org.asynchttpclient.netty.request.NettyRequestSender - Using pooled Channel '[id: 0xc5759eff, L:/127.0.0.1:65268 - R:localhost/127.0.0.1:62106]' for 'GET' to 'http://localhost:62106/session/6325d576c31460ca00e73e83f7bd4216/element/ce7aa8bf-5122-4ec8-bd26-92a54ad1f2aa/enabled'
19:51:30.997 [Forwarding isElementEnabled on session 6325d576c31460ca00e73e83f7bd4216 to remote] DEBUG org.asynchttpclient.netty.request.NettyRequestSender - Using open Channel [id: 0xc5759eff, L:/127.0.0.1:65268 - R:localhost/127.0.0.1:62106] for GET '/session/6325d576c31460ca00e73e83f7bd4216/element/ce7aa8bf-5122-4ec8-bd26-92a54ad1f2aa/enabled'
19:51:31.002 [AsyncHttpClient-1-4] DEBUG org.asynchttpclient.netty.handler.HttpHandler - 

Request DefaultFullHttpRequest(decodeResult: success, version: HTTP/1.1, content: EmptyByteBufBE)
GET /session/6325d576c31460ca00e73e83f7bd4216/element/ce7aa8bf-5122-4ec8-bd26-92a54ad1f2aa/enabled HTTP/1.1
User-Agent: selenium/4.1.2 (java windows)
Cache-Control: no-cache
Content-Type: application/json; charset=utf-8
host: localhost:62106
accept: */*

Response DefaultHttpResponse(decodeResult: success, version: HTTP/1.1)
HTTP/1.1 200 OK
Content-Type: application/json; charset=utf-8
cache-control: no-cache
content-length: 14

19:51:31.003 [AsyncHttpClient-1-4] DEBUG org.asynchttpclient.netty.channel.ChannelManager - Adding key: http://localhost:62106 for channel [id: 0xc5759eff, L:/127.0.0.1:65268 - R:localhost/127.0.0.1:62106]
19:51:31.003 [Forwarding isElementEnabled on session 6325d576c31460ca00e73e83f7bd4216 to remote] DEBUG org.asynchttpclient.netty.request.NettyRequestSender - Using pooled Channel '[id: 0xc5759eff, L:/127.0.0.1:65268 - R:localhost/127.0.0.1:62106]' for 'GET' to 'http://localhost:62106/session/6325d576c31460ca00e73e83f7bd4216/element/ce7aa8bf-5122-4ec8-bd26-92a54ad1f2aa/enabled'
19:51:31.003 [Forwarding isElementEnabled on session 6325d576c31460ca00e73e83f7bd4216 to remote] DEBUG org.asynchttpclient.netty.request.NettyRequestSender - Using open Channel [id: 0xc5759eff, L:/127.0.0.1:65268 - R:localhost/127.0.0.1:62106] for GET '/session/6325d576c31460ca00e73e83f7bd4216/element/ce7aa8bf-5122-4ec8-bd26-92a54ad1f2aa/enabled'
19:51:31.013 [AsyncHttpClient-1-4] DEBUG org.asynchttpclient.netty.handler.HttpHandler - 

Request DefaultFullHttpRequest(decodeResult: success, version: HTTP/1.1, content: EmptyByteBufBE)
GET /session/6325d576c31460ca00e73e83f7bd4216/element/ce7aa8bf-5122-4ec8-bd26-92a54ad1f2aa/enabled HTTP/1.1
User-Agent: selenium/4.1.2 (java windows)
Cache-Control: no-cache
Content-Type: application/json; charset=utf-8
host: localhost:62106
accept: */*

Response DefaultHttpResponse(decodeResult: success, version: HTTP/1.1)
HTTP/1.1 200 OK
Content-Type: application/json; charset=utf-8
cache-control: no-cache
content-length: 14

19:51:31.013 [AsyncHttpClient-1-4] DEBUG org.asynchttpclient.netty.channel.ChannelManager - Adding key: http://localhost:62106 for channel [id: 0xc5759eff, L:/127.0.0.1:65268 - R:localhost/127.0.0.1:62106]
19:51:31.016 [Forwarding findElement on session 6325d576c31460ca00e73e83f7bd4216 to remote] DEBUG org.asynchttpclient.netty.request.NettyRequestSender - Using pooled Channel '[id: 0xc5759eff, L:/127.0.0.1:65268 - R:localhost/127.0.0.1:62106]' for 'POST' to 'http://localhost:62106/session/6325d576c31460ca00e73e83f7bd4216/element'
19:51:31.016 [Forwarding findElement on session 6325d576c31460ca00e73e83f7bd4216 to remote] DEBUG org.asynchttpclient.netty.request.NettyRequestSender - Using open Channel [id: 0xc5759eff, L:/127.0.0.1:65268 - R:localhost/127.0.0.1:62106] for POST '/session/6325d576c31460ca00e73e83f7bd4216/element'
19:51:31.022 [AsyncHttpClient-1-4] DEBUG org.asynchttpclient.netty.handler.HttpHandler - 

Request DefaultHttpRequest(decodeResult: success, version: HTTP/1.1)
POST /session/6325d576c31460ca00e73e83f7bd4216/element HTTP/1.1
User-Agent: selenium/4.1.2 (java windows)
Content-Length: 141
Content-Type: application/json; charset=utf-8
host: localhost:62106
accept: */*

Response DefaultHttpResponse(decodeResult: success, version: HTTP/1.1)
HTTP/1.1 200 OK
Content-Type: application/json; charset=utf-8
cache-control: no-cache
content-length: 88

19:51:31.022 [AsyncHttpClient-1-4] DEBUG org.asynchttpclient.netty.channel.ChannelManager - Adding key: http://localhost:62106 for channel [id: 0xc5759eff, L:/127.0.0.1:65268 - R:localhost/127.0.0.1:62106]
19:51:31.024 [Forwarding clickElement on session 6325d576c31460ca00e73e83f7bd4216 to remote] DEBUG org.asynchttpclient.netty.request.NettyRequestSender - Using pooled Channel '[id: 0xc5759eff, L:/127.0.0.1:65268 - R:localhost/127.0.0.1:62106]' for 'POST' to 'http://localhost:62106/session/6325d576c31460ca00e73e83f7bd4216/element/ce7aa8bf-5122-4ec8-bd26-92a54ad1f2aa/click'
19:51:31.024 [Forwarding clickElement on session 6325d576c31460ca00e73e83f7bd4216 to remote] DEBUG org.asynchttpclient.netty.request.NettyRequestSender - Using open Channel [id: 0xc5759eff, L:/127.0.0.1:65268 - R:localhost/127.0.0.1:62106] for POST '/session/6325d576c31460ca00e73e83f7bd4216/element/ce7aa8bf-5122-4ec8-bd26-92a54ad1f2aa/click'
19:51:31.066 [AsyncHttpClient-1-4] DEBUG org.asynchttpclient.netty.handler.HttpHandler - 

Request DefaultHttpRequest(decodeResult: success, version: HTTP/1.1)
POST /session/6325d576c31460ca00e73e83f7bd4216/element/ce7aa8bf-5122-4ec8-bd26-92a54ad1f2aa/click HTTP/1.1
User-Agent: selenium/4.1.2 (java windows)
Content-Length: 50
Content-Type: application/json; charset=utf-8
host: localhost:62106
accept: */*

Response DefaultHttpResponse(decodeResult: success, version: HTTP/1.1)
HTTP/1.1 200 OK
Content-Type: application/json; charset=utf-8
cache-control: no-cache
content-length: 14

19:51:31.066 [AsyncHttpClient-1-4] DEBUG org.asynchttpclient.netty.channel.ChannelManager - Adding key: http://localhost:62106 for channel [id: 0xc5759eff, L:/127.0.0.1:65268 - R:localhost/127.0.0.1:62106]
  &amp#27;[32mAnd &amp#27;[0m&amp#27;[32mI click register button&amp#27;[0m      &amp#27;[90m# starter.steps.RegistrationStep.iClickRegisterButton()&amp#27;[0m
19:51:31.072 [Forwarding screenshot on session 6325d576c31460ca00e73e83f7bd4216 to remote] DEBUG org.asynchttpclient.netty.request.NettyRequestSender - Using pooled Channel '[id: 0xc5759eff, L:/127.0.0.1:65268 - R:localhost/127.0.0.1:62106]' for 'GET' to 'http://localhost:62106/session/6325d576c31460ca00e73e83f7bd4216/screenshot'
19:51:31.072 [Forwarding screenshot on session 6325d576c31460ca00e73e83f7bd4216 to remote] DEBUG org.asynchttpclient.netty.request.NettyRequestSender - Using open Channel [id: 0xc5759eff, L:/127.0.0.1:65268 - R:localhost/127.0.0.1:62106] for GET '/session/6325d576c31460ca00e73e83f7bd4216/screenshot'
19:51:31.265 [AsyncHttpClient-1-4] DEBUG org.asynchttpclient.netty.handler.HttpHandler - 

Request DefaultFullHttpRequest(decodeResult: success, version: HTTP/1.1, content: EmptyByteBufBE)
GET /session/6325d576c31460ca00e73e83f7bd4216/screenshot HTTP/1.1
User-Agent: selenium/4.1.2 (java windows)
Cache-Control: no-cache
Content-Type: application/json; charset=utf-8
host: localhost:62106
accept: */*

Response DefaultHttpResponse(decodeResult: success, version: HTTP/1.1)
HTTP/1.1 200 OK
Content-Type: application/json; charset=utf-8
cache-control: no-cache
content-length: 46008

19:51:31.267 [AsyncHttpClient-1-4] DEBUG org.asynchttpclient.netty.channel.ChannelManager - Adding key: http://localhost:62106 for channel [id: 0xc5759eff, L:/127.0.0.1:65268 - R:localhost/127.0.0.1:62106]
19:51:31.267 [main] DEBUG net.serenitybdd.core.photography.Darkroom - Send negative for processing for target\site\serenity\53cd527cb72d91f4b57ac68d308c604d8bf7ba3caa6baf1c5e1c1982098348e4.png
19:51:31.268 [Darkroom Processing Line] DEBUG net.serenitybdd.core.photography.DarkroomProcessingLine - Processing screenshot image in /var/screenshots/screenshot-912622101192338721
19:51:31.268 [Darkroom Processing Line] DEBUG net.serenitybdd.core.photography.DarkroomProcessingLine - Saving screenshot to target\site\serenity\53cd527cb72d91f4b57ac68d308c604d8bf7ba3caa6baf1c5e1c1982098348e4.png
19:51:31.273 [Forwarding findElement on session 6325d576c31460ca00e73e83f7bd4216 to remote] DEBUG org.asynchttpclient.netty.request.NettyRequestSender - Using pooled Channel '[id: 0xc5759eff, L:/127.0.0.1:65268 - R:localhost/127.0.0.1:62106]' for 'POST' to 'http://localhost:62106/session/6325d576c31460ca00e73e83f7bd4216/element'
19:51:31.273 [Forwarding findElement on session 6325d576c31460ca00e73e83f7bd4216 to remote] DEBUG org.asynchttpclient.netty.request.NettyRequestSender - Using open Channel [id: 0xc5759eff, L:/127.0.0.1:65268 - R:localhost/127.0.0.1:62106] for POST '/session/6325d576c31460ca00e73e83f7bd4216/element'
19:51:31.665 [AsyncHttpClient-1-4] DEBUG org.asynchttpclient.netty.handler.HttpHandler - 

Request DefaultHttpRequest(decodeResult: success, version: HTTP/1.1)
POST /session/6325d576c31460ca00e73e83f7bd4216/element HTTP/1.1
User-Agent: selenium/4.1.2 (java windows)
Content-Length: 79
Content-Type: application/json; charset=utf-8
host: localhost:62106
accept: */*

Response DefaultHttpResponse(decodeResult: success, version: HTTP/1.1)
HTTP/1.1 200 OK
Content-Type: application/json; charset=utf-8
cache-control: no-cache
content-length: 88

19:51:31.665 [AsyncHttpClient-1-4] DEBUG org.asynchttpclient.netty.channel.ChannelManager - Adding key: http://localhost:62106 for channel [id: 0xc5759eff, L:/127.0.0.1:65268 - R:localhost/127.0.0.1:62106]
19:51:31.671 [Forwarding isElementDisplayed on session 6325d576c31460ca00e73e83f7bd4216 to remote] DEBUG org.asynchttpclient.netty.request.NettyRequestSender - Using pooled Channel '[id: 0xc5759eff, L:/127.0.0.1:65268 - R:localhost/127.0.0.1:62106]' for 'POST' to 'http://localhost:62106/session/6325d576c31460ca00e73e83f7bd4216/execute/sync'
19:51:31.671 [Forwarding isElementDisplayed on session 6325d576c31460ca00e73e83f7bd4216 to remote] DEBUG org.asynchttpclient.netty.request.NettyRequestSender - Using open Channel [id: 0xc5759eff, L:/127.0.0.1:65268 - R:localhost/127.0.0.1:62106] for POST '/session/6325d576c31460ca00e73e83f7bd4216/execute/sync'
19:51:31.685 [AsyncHttpClient-1-4] DEBUG org.asynchttpclient.netty.handler.HttpHandler - 

Request DefaultHttpRequest(decodeResult: success, version: HTTP/1.1)
POST /session/6325d576c31460ca00e73e83f7bd4216/execute/sync HTTP/1.1
User-Agent: selenium/4.1.2 (java windows)
Content-Length: 48780
Content-Type: application/json; charset=utf-8
host: localhost:62106
accept: */*

Response DefaultHttpResponse(decodeResult: success, version: HTTP/1.1)
HTTP/1.1 200 OK
Content-Type: application/json; charset=utf-8
cache-control: no-cache
content-length: 14

19:51:31.685 [AsyncHttpClient-1-4] DEBUG org.asynchttpclient.netty.channel.ChannelManager - Adding key: http://localhost:62106 for channel [id: 0xc5759eff, L:/127.0.0.1:65268 - R:localhost/127.0.0.1:62106]
  &amp#27;[32mThen &amp#27;[0m&amp#27;[32mI can &amp#27;[0m&amp#27;[32m&amp#27;[1m"cant regis"&amp#27;[0m&amp#27;[32m register&amp#27;[0m &amp#27;[90m# starter.steps.RegistrationStep.iCanRegister(java.lang.String)&amp#27;[0m
19:51:31.693 [Forwarding screenshot on session 6325d576c31460ca00e73e83f7bd4216 to remote] DEBUG org.asynchttpclient.netty.request.NettyRequestSender - Using pooled Channel '[id: 0xc5759eff, L:/127.0.0.1:65268 - R:localhost/127.0.0.1:62106]' for 'GET' to 'http://localhost:62106/session/6325d576c31460ca00e73e83f7bd4216/screenshot'
19:51:31.693 [Forwarding screenshot on session 6325d576c31460ca00e73e83f7bd4216 to remote] DEBUG org.asynchttpclient.netty.request.NettyRequestSender - Using open Channel [id: 0xc5759eff, L:/127.0.0.1:65268 - R:localhost/127.0.0.1:62106] for GET '/session/6325d576c31460ca00e73e83f7bd4216/screenshot'
19:51:31.855 [AsyncHttpClient-1-4] DEBUG org.asynchttpclient.netty.handler.HttpHandler - 

Request DefaultFullHttpRequest(decodeResult: success, version: HTTP/1.1, content: EmptyByteBufBE)
GET /session/6325d576c31460ca00e73e83f7bd4216/screenshot HTTP/1.1
User-Agent: selenium/4.1.2 (java windows)
Cache-Control: no-cache
Content-Type: application/json; charset=utf-8
host: localhost:62106
accept: */*

Response DefaultHttpResponse(decodeResult: success, version: HTTP/1.1)
HTTP/1.1 200 OK
Content-Type: application/json; charset=utf-8
cache-control: no-cache
content-length: 47508

19:51:31.856 [AsyncHttpClient-1-4] DEBUG org.asynchttpclient.netty.channel.ChannelManager - Adding key: http://localhost:62106 for channel [id: 0xc5759eff, L:/127.0.0.1:65268 - R:localhost/127.0.0.1:62106]
19:51:31.857 [main] DEBUG net.serenitybdd.core.photography.Darkroom - Send negative for processing for target\site\serenity\d5b23f7071f20e5c07b92da056fb3448af0474ee5ba381b39f43e309bf251c1b.png
19:51:31.857 [Darkroom Processing Line] DEBUG net.serenitybdd.core.photography.DarkroomProcessingLine - Processing screenshot image in /var/screenshots/screenshot-2138681977552076012
19:51:31.857 [Darkroom Processing Line] DEBUG net.serenitybdd.core.photography.DarkroomProcessingLine - Saving screenshot to target\site\serenity\d5b23f7071f20e5c07b92da056fb3448af0474ee5ba381b39f43e309bf251c1b.png
19:51:31.864 [AsyncHttpClient-1-2] DEBUG org.asynchttpclient.netty.handler.WebSocketHandler - Channel Closed: [id: 0x46baed6f, L:/127.0.0.1:64819 ! R:localhost/127.0.0.1:64812] with attribute NettyResponseFuture{currentRetry=5,
	isDone=1,
	isCancelled=0,
	asyncHandler=org.asynchttpclient.ws.WebSocketUpgradeHandler@5ff0309a,
	nettyRequest=org.asynchttpclient.netty.request.NettyRequest@17963a29,
	future=java.util.concurrent.CompletableFuture@549af90[Completed normally],
	uri=ws://localhost:64812/devtools/browser/8a202c2e-31da-498a-b0a5-9a17834c6b9b,
	keepAlive=true,
	redirectCount=0,
	timeoutsHolder=null,
	inAuth=0,
	touch=1667220294818}
19:51:31.864 [AsyncHttpClient-1-2] DEBUG org.asynchttpclient.netty.channel.ChannelManager - Closing Channel [id: 0x46baed6f, L:/127.0.0.1:64819 ! R:localhost/127.0.0.1:64812] 
19:51:31.866 [Driver Command Executor] DEBUG org.asynchttpclient.netty.request.NettyRequestSender - Using pooled Channel '[id: 0xc5759eff, L:/127.0.0.1:65268 - R:localhost/127.0.0.1:62106]' for 'DELETE' to 'http://localhost:62106/session/6325d576c31460ca00e73e83f7bd4216'
19:51:31.866 [Driver Command Executor] DEBUG org.asynchttpclient.netty.request.NettyRequestSender - Using open Channel [id: 0xc5759eff, L:/127.0.0.1:65268 - R:localhost/127.0.0.1:62106] for DELETE '/session/6325d576c31460ca00e73e83f7bd4216'
19:51:31.939 [AsyncHttpClient-1-4] DEBUG org.asynchttpclient.netty.handler.HttpHandler - 

Request DefaultFullHttpRequest(decodeResult: success, version: HTTP/1.1, content: EmptyByteBufBE)
DELETE /session/6325d576c31460ca00e73e83f7bd4216 HTTP/1.1
User-Agent: selenium/4.1.2 (java windows)
Content-Type: application/json; charset=utf-8
host: localhost:62106
accept: */*

Response DefaultHttpResponse(decodeResult: success, version: HTTP/1.1)
HTTP/1.1 200 OK
Content-Type: application/json; charset=utf-8
cache-control: no-cache
content-length: 14

19:51:31.939 [AsyncHttpClient-1-4] DEBUG org.asynchttpclient.netty.channel.ChannelManager - Adding key: http://localhost:62106 for channel [id: 0xc5759eff, L:/127.0.0.1:65268 - R:localhost/127.0.0.1:62106]
19:51:32.083 [AsyncHttpClient-1-4] DEBUG org.asynchttpclient.netty.handler.HttpHandler - Channel Closed: [id: 0xc5759eff, L:/127.0.0.1:65268 ! R:localhost/127.0.0.1:62106] with attribute DISCARD
]]></system-out>
    <system-err><![CDATA[Starting ChromeDriver 106.0.5249.61 (511755355844955cd3e264779baf0dd38212a4d0-refs/branch-heads/5249@{#569}) on port 62106
Only local connections are allowed.
Please see https://chromedriver.chromium.org/security-considerations for suggestions on keeping ChromeDriver safe.
ChromeDriver was started successfully.
Oct 31, 2022 7:44:54 PM org.openqa.selenium.remote.ProtocolHandshake createSession
INFO: Detected dialect: W3C
Oct 31, 2022 7:44:54 PM org.openqa.selenium.devtools.CdpVersionFinder findNearestMatch
WARNING: Unable to find an exact match for CDP version 106, so returning the closest version found: a no-op implementation
Oct 31, 2022 7:44:54 PM org.openqa.selenium.devtools.CdpVersionFinder findNearestMatch
INFO: Unable to find CDP implementation matching 106.
Oct 31, 2022 7:44:54 PM org.openqa.selenium.chromium.ChromiumDriver lambda$new$3
WARNING: Unable to find version of CDP to use for . You may need to include a dependency on a specific version of the CDP using something similar to `org.seleniumhq.selenium:selenium-devtools-v86:4.1.2` where the version ("v86") matches the version of the chromium-based browser you're using and the version number of the artifact is the same as Selenium's.
[1667220594.864][SEVERE]: Timed out receiving message from renderer: 298.693
[1667220594.977][SEVERE]: Timed out receiving message from renderer: 298.693
]]></system-err>
  </testcase>
  <testcase name="New Register #8" classname="Register" time="33.333">
    <system-out><![CDATA[
@Register
Scenario Outline: New Register           &amp#27;[90m# src/test/resources/features/login/Registration.feature:25&amp#27;[0m
19:51:32.187 [main] INFO io.cucumber.core.plugin.SerenityReporter - Running feature from file:///D:/TIC/Kampus%20Merdeka/MSIB/Studi%20Independen/Alterra/MiniProject/MiniProjWeb/src/test/resources/features/login/Registration.feature
19:51:32.204 [main] INFO net.serenitybdd.core.webdriver.driverproviders.ChromeDriverProvider - Using automatically driver download
19:51:32.502 [main] DEBUG io.github.bonigarcia.wdm.cache.ResolutionCache - Removing resolution chrome=106 from cache (expired on Mon Oct 31 19:46:39 ICT 2022)
19:51:32.575 [main] DEBUG org.apache.hc.client5.http.impl.classic.InternalHttpClient - ex-00000001: preparing request execution
19:51:32.592 [main] DEBUG org.apache.hc.client5.http.protocol.RequestAddCookies - Cookie spec selected: strict
19:51:32.602 [main] DEBUG org.apache.hc.client5.http.protocol.RequestAuthCache - Auth cache not set in the context
19:51:32.602 [main] DEBUG org.apache.hc.client5.http.impl.classic.ProtocolExec - ex-00000001: target auth state: UNCHALLENGED
19:51:32.602 [main] DEBUG org.apache.hc.client5.http.impl.classic.ProtocolExec - ex-00000001: proxy auth state: UNCHALLENGED
19:51:32.602 [main] DEBUG org.apache.hc.client5.http.impl.classic.ConnectExec - ex-00000001: acquiring connection with route {s}->https://raw.githubusercontent.com:443
19:51:32.602 [main] DEBUG org.apache.hc.client5.http.impl.classic.InternalHttpClient - ex-00000001: acquiring endpoint (3 MINUTES)
19:51:32.605 [main] DEBUG org.apache.hc.client5.http.impl.io.PoolingHttpClientConnectionManager - ex-00000001: endpoint lease request (3 MINUTES) [route: {s}->https://raw.githubusercontent.com:443][total available: 0; route allocated: 0 of 5; total allocated: 0 of 25]
19:51:32.613 [main] DEBUG org.apache.hc.client5.http.impl.io.PoolingHttpClientConnectionManager - ex-00000001: endpoint leased [route: {s}->https://raw.githubusercontent.com:443][total available: 0; route allocated: 1 of 5; total allocated: 1 of 25]
19:51:32.629 [main] DEBUG org.apache.hc.client5.http.impl.io.PoolingHttpClientConnectionManager - ex-00000001: acquired ep-00000000
19:51:32.629 [main] DEBUG org.apache.hc.client5.http.impl.classic.InternalHttpClient - ex-00000001: acquired endpoint ep-00000000
19:51:32.629 [main] DEBUG org.apache.hc.client5.http.impl.classic.ConnectExec - ex-00000001: opening connection {s}->https://raw.githubusercontent.com:443
19:51:32.629 [main] DEBUG org.apache.hc.client5.http.impl.classic.InternalHttpClient - ep-00000000: connecting endpoint (30 SECONDS)
19:51:32.629 [main] DEBUG org.apache.hc.client5.http.impl.io.PoolingHttpClientConnectionManager - ep-00000000: connecting endpoint to https://raw.githubusercontent.com:443 (30 SECONDS)
19:51:32.704 [main] DEBUG org.apache.hc.client5.http.impl.io.DefaultHttpClientConnectionOperator - http-outgoing-0: connecting to raw.githubusercontent.com/185.199.108.133:443
19:51:32.704 [main] DEBUG org.apache.hc.client5.http.ssl.SSLConnectionSocketFactory - Connecting socket to raw.githubusercontent.com/185.199.108.133:443 with timeout 30 SECONDS
19:51:32.913 [AsyncHttpClient-1-1] DEBUG org.asynchttpclient.netty.channel.DefaultChannelPool - Entry count for : http://localhost:62106 : 1
19:51:32.913 [AsyncHttpClient-1-1] DEBUG org.asynchttpclient.netty.channel.DefaultChannelPool - Adding Candidate expired Channel [id: 0xc5759eff, L:/127.0.0.1:65268 ! R:localhost/127.0.0.1:62106] isIdleTimeoutExpired=false isRemotelyClosed=true isTtlExpired=false
19:51:32.913 [AsyncHttpClient-1-1] DEBUG org.asynchttpclient.netty.channel.DefaultChannelPool - Closing Idle Channel [id: 0xc5759eff, L:/127.0.0.1:65268 ! R:localhost/127.0.0.1:62106]
19:51:32.914 [main] DEBUG org.apache.hc.client5.http.ssl.SSLConnectionSocketFactory - Enabled protocols: [TLSv1.3, TLSv1.2]
19:51:32.915 [main] DEBUG org.apache.hc.client5.http.ssl.SSLConnectionSocketFactory - Enabled cipher suites: [TLS_AES_256_GCM_SHA384, TLS_AES_128_GCM_SHA256, TLS_CHACHA20_POLY1305_SHA256, TLS_ECDHE_ECDSA_WITH_AES_256_GCM_SHA384, TLS_ECDHE_ECDSA_WITH_AES_128_GCM_SHA256, TLS_ECDHE_ECDSA_WITH_CHACHA20_POLY1305_SHA256, TLS_ECDHE_RSA_WITH_AES_256_GCM_SHA384, TLS_ECDHE_RSA_WITH_CHACHA20_POLY1305_SHA256, TLS_ECDHE_RSA_WITH_AES_128_GCM_SHA256, TLS_DHE_RSA_WITH_AES_256_GCM_SHA384, TLS_DHE_RSA_WITH_CHACHA20_POLY1305_SHA256, TLS_DHE_DSS_WITH_AES_256_GCM_SHA384, TLS_DHE_RSA_WITH_AES_128_GCM_SHA256, TLS_DHE_DSS_WITH_AES_128_GCM_SHA256, TLS_ECDHE_ECDSA_WITH_AES_256_CBC_SHA384, TLS_ECDHE_RSA_WITH_AES_256_CBC_SHA384, TLS_ECDHE_ECDSA_WITH_AES_128_CBC_SHA256, TLS_ECDHE_RSA_WITH_AES_128_CBC_SHA256, TLS_DHE_RSA_WITH_AES_256_CBC_SHA256, TLS_DHE_DSS_WITH_AES_256_CBC_SHA256, TLS_DHE_RSA_WITH_AES_128_CBC_SHA256, TLS_DHE_DSS_WITH_AES_128_CBC_SHA256, TLS_ECDH_ECDSA_WITH_AES_256_GCM_SHA384, TLS_ECDH_RSA_WITH_AES_256_GCM_SHA384, TLS_ECDH_ECDSA_WITH_AES_128_GCM_SHA256, TLS_ECDH_RSA_WITH_AES_128_GCM_SHA256, TLS_ECDH_ECDSA_WITH_AES_256_CBC_SHA384, TLS_ECDH_RSA_WITH_AES_256_CBC_SHA384, TLS_ECDH_ECDSA_WITH_AES_128_CBC_SHA256, TLS_ECDH_RSA_WITH_AES_128_CBC_SHA256, TLS_ECDHE_ECDSA_WITH_AES_256_CBC_SHA, TLS_ECDHE_RSA_WITH_AES_256_CBC_SHA, TLS_ECDHE_ECDSA_WITH_AES_128_CBC_SHA, TLS_ECDHE_RSA_WITH_AES_128_CBC_SHA, TLS_DHE_RSA_WITH_AES_256_CBC_SHA, TLS_DHE_DSS_WITH_AES_256_CBC_SHA, TLS_DHE_RSA_WITH_AES_128_CBC_SHA, TLS_DHE_DSS_WITH_AES_128_CBC_SHA, TLS_ECDH_ECDSA_WITH_AES_256_CBC_SHA, TLS_ECDH_RSA_WITH_AES_256_CBC_SHA, TLS_ECDH_ECDSA_WITH_AES_128_CBC_SHA, TLS_ECDH_RSA_WITH_AES_128_CBC_SHA, TLS_RSA_WITH_AES_256_GCM_SHA384, TLS_RSA_WITH_AES_128_GCM_SHA256, TLS_RSA_WITH_AES_256_CBC_SHA256, TLS_RSA_WITH_AES_128_CBC_SHA256, TLS_RSA_WITH_AES_256_CBC_SHA, TLS_RSA_WITH_AES_128_CBC_SHA, TLS_EMPTY_RENEGOTIATION_INFO_SCSV]
19:51:32.915 [main] DEBUG org.apache.hc.client5.http.ssl.SSLConnectionSocketFactory - Starting handshake
19:51:32.957 [AsyncHttpClient-1-1] DEBUG org.asynchttpclient.netty.channel.DefaultChannelPool - Closed 1 connections out of 1 in 44 ms
19:51:33.507 [main] DEBUG org.apache.hc.client5.http.ssl.SSLConnectionSocketFactory - Secure session established
19:51:33.507 [main] DEBUG org.apache.hc.client5.http.ssl.SSLConnectionSocketFactory -  negotiated protocol: TLSv1.3
19:51:33.507 [main] DEBUG org.apache.hc.client5.http.ssl.SSLConnectionSocketFactory -  negotiated cipher suite: TLS_AES_256_GCM_SHA384
19:51:33.507 [main] DEBUG org.apache.hc.client5.http.ssl.SSLConnectionSocketFactory -  peer principal: CN=*.github.io, O="GitHub, Inc.", L=San Francisco, ST=California, C=US
19:51:33.507 [main] DEBUG org.apache.hc.client5.http.ssl.SSLConnectionSocketFactory -  peer alternative names: [*.github.io, github.com, *.github.com, www.github.com, github.io, githubusercontent.com, *.githubusercontent.com]
19:51:33.508 [main] DEBUG org.apache.hc.client5.http.ssl.SSLConnectionSocketFactory -  issuer principal: CN=DigiCert TLS RSA SHA256 2020 CA1, O=DigiCert Inc, C=US
19:51:33.509 [main] DEBUG org.apache.hc.client5.http.impl.io.DefaultHttpClientConnectionOperator - http-outgoing-0: connection established 192.168.110.45:65311<->185.199.108.133:443
19:51:33.524 [main] DEBUG org.apache.hc.client5.http.impl.io.PoolingHttpClientConnectionManager - ep-00000000: connected http-outgoing-0
19:51:33.524 [main] DEBUG org.apache.hc.client5.http.impl.classic.InternalHttpClient - ep-00000000: endpoint connected
19:51:33.528 [main] DEBUG org.apache.hc.client5.http.impl.classic.MainClientExec - ex-00000001: executing GET /bonigarcia/webdrivermanager/master/src/main/resources/commands.properties HTTP/1.1
19:51:33.531 [main] DEBUG org.apache.hc.client5.http.impl.classic.InternalHttpClient - ep-00000000: start execution ex-00000001
19:51:33.531 [main] DEBUG org.apache.hc.client5.http.impl.io.PoolingHttpClientConnectionManager - ep-00000000: executing exchange ex-00000001 over http-outgoing-0
19:51:33.533 [main] DEBUG org.apache.hc.client5.http.headers - http-outgoing-0 >> GET /bonigarcia/webdrivermanager/master/src/main/resources/commands.properties HTTP/1.1
19:51:33.533 [main] DEBUG org.apache.hc.client5.http.headers - http-outgoing-0 >> user-agent: Apache-HttpClient/5.0
19:51:33.533 [main] DEBUG org.apache.hc.client5.http.headers - http-outgoing-0 >> accept-encoding: gzip, deflate, br
19:51:33.533 [main] DEBUG org.apache.hc.client5.http.headers - http-outgoing-0 >> cache-control: max-age=0
19:51:33.533 [main] DEBUG org.apache.hc.client5.http.headers - http-outgoing-0 >> connection: keep-alive
19:51:33.533 [main] DEBUG org.apache.hc.client5.http.headers - http-outgoing-0 >> Host: raw.githubusercontent.com
19:51:33.533 [main] DEBUG org.apache.hc.client5.http.wire - http-outgoing-0 >> "GET /bonigarcia/webdrivermanager/master/src/main/resources/commands.properties HTTP/1.1[\r][\n]"
19:51:33.533 [main] DEBUG org.apache.hc.client5.http.wire - http-outgoing-0 >> "user-agent: Apache-HttpClient/5.0[\r][\n]"
19:51:33.533 [main] DEBUG org.apache.hc.client5.http.wire - http-outgoing-0 >> "accept-encoding: gzip, deflate, br[\r][\n]"
19:51:33.533 [main] DEBUG org.apache.hc.client5.http.wire - http-outgoing-0 >> "cache-control: max-age=0[\r][\n]"
19:51:33.533 [main] DEBUG org.apache.hc.client5.http.wire - http-outgoing-0 >> "connection: keep-alive[\r][\n]"
19:51:33.533 [main] DEBUG org.apache.hc.client5.http.wire - http-outgoing-0 >> "Host: raw.githubusercontent.com[\r][\n]"
19:51:33.533 [main] DEBUG org.apache.hc.client5.http.wire - http-outgoing-0 >> "[\r][\n]"
19:51:33.583 [main] DEBUG org.apache.hc.client5.http.wire - http-outgoing-0 << "HTTP/1.1 200 OK[\r][\n]"
19:51:33.583 [main] DEBUG org.apache.hc.client5.http.wire - http-outgoing-0 << "Connection: keep-alive[\r][\n]"
19:51:33.583 [main] DEBUG org.apache.hc.client5.http.wire - http-outgoing-0 << "Content-Length: 723[\r][\n]"
19:51:33.583 [main] DEBUG org.apache.hc.client5.http.wire - http-outgoing-0 << "Cache-Control: max-age=300[\r][\n]"
19:51:33.583 [main] DEBUG org.apache.hc.client5.http.wire - http-outgoing-0 << "Content-Security-Policy: default-src 'none'; style-src 'unsafe-inline'; sandbox[\r][\n]"
19:51:33.583 [main] DEBUG org.apache.hc.client5.http.wire - http-outgoing-0 << "Content-Type: text/plain; charset=utf-8[\r][\n]"
19:51:33.583 [main] DEBUG org.apache.hc.client5.http.wire - http-outgoing-0 << "ETag: W/"e82b438271e9e8680c688b0b680efd0bdd22faa6d6f0a32fc1fd8accc486b67e"[\r][\n]"
19:51:33.583 [main] DEBUG org.apache.hc.client5.http.wire - http-outgoing-0 << "Strict-Transport-Security: max-age=31536000[\r][\n]"
19:51:33.583 [main] DEBUG org.apache.hc.client5.http.wire - http-outgoing-0 << "X-Content-Type-Options: nosniff[\r][\n]"
19:51:33.583 [main] DEBUG org.apache.hc.client5.http.wire - http-outgoing-0 << "X-Frame-Options: deny[\r][\n]"
19:51:33.583 [main] DEBUG org.apache.hc.client5.http.wire - http-outgoing-0 << "X-XSS-Protection: 1; mode=block[\r][\n]"
19:51:33.583 [main] DEBUG org.apache.hc.client5.http.wire - http-outgoing-0 << "X-GitHub-Request-Id: 0828:7A5A:31CB3:8F021:63597E87[\r][\n]"
19:51:33.583 [main] DEBUG org.apache.hc.client5.http.wire - http-outgoing-0 << "Content-Encoding: gzip[\r][\n]"
19:51:33.583 [main] DEBUG org.apache.hc.client5.http.wire - http-outgoing-0 << "Accept-Ranges: bytes[\r][\n]"
19:51:33.583 [main] DEBUG org.apache.hc.client5.http.wire - http-outgoing-0 << "Date: Mon, 31 Oct 2022 12:51:31 GMT[\r][\n]"
19:51:33.583 [main] DEBUG org.apache.hc.client5.http.wire - http-outgoing-0 << "Via: 1.1 varnish[\r][\n]"
19:51:33.583 [main] DEBUG org.apache.hc.client5.http.wire - http-outgoing-0 << "X-Served-By: cache-qpg1272-QPG[\r][\n]"
19:51:33.583 [main] DEBUG org.apache.hc.client5.http.wire - http-outgoing-0 << "X-Cache: HIT[\r][\n]"
19:51:33.583 [main] DEBUG org.apache.hc.client5.http.wire - http-outgoing-0 << "X-Cache-Hits: 1[\r][\n]"
19:51:33.583 [main] DEBUG org.apache.hc.client5.http.wire - http-outgoing-0 << "X-Timer: S1667220691.234035,VS0,VE1[\r][\n]"
19:51:33.583 [main] DEBUG org.apache.hc.client5.http.wire - http-outgoing-0 << "Vary: Authorization,Accept-Encoding,Origin[\r][\n]"
19:51:33.583 [main] DEBUG org.apache.hc.client5.http.wire - http-outgoing-0 << "Access-Control-Allow-Origin: *[\r][\n]"
19:51:33.583 [main] DEBUG org.apache.hc.client5.http.wire - http-outgoing-0 << "X-Fastly-Request-ID: 3247cf51c1c047194a3e513e76a2ba25621cd5f1[\r][\n]"
19:51:33.583 [main] DEBUG org.apache.hc.client5.http.wire - http-outgoing-0 << "Expires: Mon, 31 Oct 2022 12:56:31 GMT[\r][\n]"
19:51:33.583 [main] DEBUG org.apache.hc.client5.http.wire - http-outgoing-0 << "Source-Age: 275[\r][\n]"
19:51:33.583 [main] DEBUG org.apache.hc.client5.http.wire - http-outgoing-0 << "[\r][\n]"
19:51:33.587 [main] DEBUG org.apache.hc.client5.http.headers - http-outgoing-0 << HTTP/1.1 200 OK
19:51:33.587 [main] DEBUG org.apache.hc.client5.http.headers - http-outgoing-0 << Connection: keep-alive
19:51:33.587 [main] DEBUG org.apache.hc.client5.http.headers - http-outgoing-0 << Content-Length: 723
19:51:33.587 [main] DEBUG org.apache.hc.client5.http.headers - http-outgoing-0 << Cache-Control: max-age=300
19:51:33.587 [main] DEBUG org.apache.hc.client5.http.headers - http-outgoing-0 << Content-Security-Policy: default-src 'none'; style-src 'unsafe-inline'; sandbox
19:51:33.587 [main] DEBUG org.apache.hc.client5.http.headers - http-outgoing-0 << Content-Type: text/plain; charset=utf-8
19:51:33.587 [main] DEBUG org.apache.hc.client5.http.headers - http-outgoing-0 << ETag: W/"e82b438271e9e8680c688b0b680efd0bdd22faa6d6f0a32fc1fd8accc486b67e"
19:51:33.587 [main] DEBUG org.apache.hc.client5.http.headers - http-outgoing-0 << Strict-Transport-Security: max-age=31536000
19:51:33.587 [main] DEBUG org.apache.hc.client5.http.headers - http-outgoing-0 << X-Content-Type-Options: nosniff
19:51:33.587 [main] DEBUG org.apache.hc.client5.http.headers - http-outgoing-0 << X-Frame-Options: deny
19:51:33.587 [main] DEBUG org.apache.hc.client5.http.headers - http-outgoing-0 << X-XSS-Protection: 1; mode=block
19:51:33.587 [main] DEBUG org.apache.hc.client5.http.headers - http-outgoing-0 << X-GitHub-Request-Id: 0828:7A5A:31CB3:8F021:63597E87
19:51:33.587 [main] DEBUG org.apache.hc.client5.http.headers - http-outgoing-0 << Content-Encoding: gzip
19:51:33.588 [main] DEBUG org.apache.hc.client5.http.headers - http-outgoing-0 << Accept-Ranges: bytes
19:51:33.588 [main] DEBUG org.apache.hc.client5.http.headers - http-outgoing-0 << Date: Mon, 31 Oct 2022 12:51:31 GMT
19:51:33.588 [main] DEBUG org.apache.hc.client5.http.headers - http-outgoing-0 << Via: 1.1 varnish
19:51:33.588 [main] DEBUG org.apache.hc.client5.http.headers - http-outgoing-0 << X-Served-By: cache-qpg1272-QPG
19:51:33.588 [main] DEBUG org.apache.hc.client5.http.headers - http-outgoing-0 << X-Cache: HIT
19:51:33.588 [main] DEBUG org.apache.hc.client5.http.headers - http-outgoing-0 << X-Cache-Hits: 1
19:51:33.588 [main] DEBUG org.apache.hc.client5.http.headers - http-outgoing-0 << X-Timer: S1667220691.234035,VS0,VE1
19:51:33.588 [main] DEBUG org.apache.hc.client5.http.headers - http-outgoing-0 << Vary: Authorization,Accept-Encoding,Origin
19:51:33.588 [main] DEBUG org.apache.hc.client5.http.headers - http-outgoing-0 << Access-Control-Allow-Origin: *
19:51:33.588 [main] DEBUG org.apache.hc.client5.http.headers - http-outgoing-0 << X-Fastly-Request-ID: 3247cf51c1c047194a3e513e76a2ba25621cd5f1
19:51:33.588 [main] DEBUG org.apache.hc.client5.http.headers - http-outgoing-0 << Expires: Mon, 31 Oct 2022 12:56:31 GMT
19:51:33.588 [main] DEBUG org.apache.hc.client5.http.headers - http-outgoing-0 << Source-Age: 275
19:51:33.596 [main] DEBUG org.apache.hc.client5.http.impl.classic.MainClientExec - ex-00000001: connection can be kept alive for 3 MINUTES
19:51:33.612 [main] DEBUG org.apache.hc.client5.http.wire - http-outgoing-0 << "[0x1f][0xffffff8b][0x8][0x0][0x0][0x0][0x0][0x0][0x0][0x3][0xffffffb5]V]o[0xffffffda]0[0x14]}[0xffffffe7]W\[0xffffff81]*[0xffffffb5][0x12][0x1f][[M[0xffffffd3]$[0x1e]hF[0xffffffbb]i [0x18][0xffffffb4][0xffffffdd]&[0xfffffff9][0xffffffc5]$7[0xffffffc1]R[0x12]#;[0xffffff94]v[0xffffffbf]~[0xffffffb6][0xfffffff3]1[0xffffff92][0xffffff9a][0xffffffc1][0x1a]x[0xffffffcb][0xffffffb5][0xffffffaf][0xffffffcf]9[0xffffffbe][0xfffffff7]8v[0xb][0x1c][0x1e]E4[0xfffffff6]$x4[0xffffffa1][0xb]*[0xffffffb1][0xffffffd1][0xffffff82][0xfffffffb]%[0xffffff93][0xffffffe0][0xffffffb3][0x10][0xffffffc1][0xffffffe5]qBY,!Y[0xffffffea] KM8,[0x10][0xfffffff0][0x19][0xffffffdd]u[0xffffff82][0x1e][0xffffffb0][0xffffffd8]L[0xffffffcb]%[0xffffff86][0xffffffa1][0xe][0xffffffb8][0xfffffff0]P[0xffffffe8]$[0xf][0x13]t[0x13]3[0xfffffff9][0xffffff84]B2[0xffffffae][0xffffffe6]|@[0xfffffff5][0x1d][0x8][0xffffffc4][0x18][0x16][0xffffff82]o[0xffffffa4][0xffffff9a]P[0xffffff94][0xffffffe7][0xffffffce]R[0xfffffff0][0x8][0xffffffdb]p[0xffffffcb][0x4][0xfffffffa][0xfffffffc][0xffffffb9][\r][0xffffff93][0x15][\n]"
19:51:33.612 [main] DEBUG org.apache.hc.client5.http.wire - http-outgoing-0 << "[0xffffffda][0xffffff86][0xffffffa1][0x17][0xffffffa8]Q3[0xffffffcb][0xffffffd6][0xffffffd1][0xffffff85][0xffffffc6][0xfffffff7][0xffffff98][0xffffffef][0xffffffa3][0xffffffc0]8[0x1][0xffffffae]s[0x12][0x16][0x7] _d[0xffffff82][0xffffff91][0xffffff84][0xfffffff3][0x1f],[0xfffffff6][0x14]j[0x1b]F,^+[0xffffff98]1ua2[0xffffffbf]h([0xffffff8e][0xffffff94][0xffffffa2][0xffffff91]m[0xffffffa3][0xffffffeb][0xffffff9a][0xffffffb0][0xffffffbb]I[0x17]t[0xffffffdf][0xffffffbd][0xffffffef][0xffffffbb][0xffffff91][0xffffffd7]U[0xffffffbb][0xffffff82][0xffffff9e][0x3][0xffffff9b][0xffffff88][0xffffffb9][0xffffffa6]$[0xffffffa6][0xc][0xffffff9b][0xffffffa5][0xffffffe2][0xffffff83][0xffffff98]F[0xffffffd8]o[0xffffff9e]Mg[0xffffff93][0xffffffbb][0xffffffd9]`|[0xfffffffb]u4[0xffffff9c][0x7f]"}B[0xffffffce][0x8][0xffffffb9][0xffffffe3]<[0x8][0xffffff91][0xffffff90][0xffffff94][0xffffff82][0xffffff90][0xffffffc1]j[0x15]2WI[0xffffffe3]1![0x19][0xffffff91]BnB[0xffffff80][0x9]<f[0xffffffb5][0xffffffe8]=[0xffffffd1]p[0xffffffbd][[0xffffffcf][0xffffffe5][0x1b][0xfffffff4][0xffffff9c][0xffffffff][0xfffffffc][0xfffffff8][0xffffffe1][0xffffffe2][0xffffff94][0xffffffa2][0xffffffae][0xe][0x14]5[0xffffff9a]8[0xffffff83][0xffffffd1]`:[0xfffffffd]<[0xffffffb8][0x1f][0xffffff9c]R[0xffffffcf]u[0x7f]6[0xffffffbc][0xffffff83][0xffffffef][0xf][0xffffffc3][0xffffffd9]/[0xfffffff8][0xfffffff2][0xffffffcd]y s[0xffffffee]'[0x1b]*0g[0xffffffcb][0xffffffc8]nF7H][0xffffff83][0xffffff97]{[0xffffffb1]Q[0x5][\r][0xffffffb5]c[0xffffffb4][0xf][0x2][0xffffffb3][0xffffffb4][0xffffff93][0xe]C[0xffffffa7][0xffffffb3]kAD][0xffffff9d][0xffffffde][0xffffffdb][0xffffffda][0xffffff88][0xffffffec][0xffffffa5][0xffffffbc][0xffffff99][0xffffffd9][0xffffffba]t[0xffffffb5][0xffffffea]9[0xffffffea][0x10])[0xffffffb7][0xffffffca][0xffffff9e][0xfffffff2][0xffffffe2]d^N[0xffffffd8]FW[0x16][0xffffffcd][0xffffffdc]_[0x10][0xfffffff9]i|[0x1c][0xffffff93][0xffffff8e][0xfffffff9]o[0x16][0xffffff86]4'!$G[0xffffffdf]W[0xfffffff4]W*j[[0xfffffff3]xR[0xffffffae][0xffffffb6][0xc][0xffffffd0],; #[0xffffffa9][0xffffff92]5[0xffffffb5][0x7][0xffffff9c][0xffffffb5][0xffffffd0][0x7f][0xffffff90][0xffffffc7]jgs[0xfffffffc][0xffffffc2][0xb][0xffffffd9][0x0]t[0xffffff9e]^'Y[0xfffffffb][0xffffff9f][0xffffffb1][0xffffffd8]:[0xffffffbf][0xffffff8d][0xffffffa5][0xffffff9a][0xffffffad][0x7f]m[0x5]&[0xffffffaa][0xffffffa0]^[0xffffff9b][0xffffffcb][0x5]f[0xffffffae][0xffffffe0]RU[0xffffff82][0x10]MS9l[0xffffff91]4t[0xfffffffb][0xffffff8a]][0xffffffd6][0xfffffff4][0xffffff96][0xffffffa6][0xffffff9f]P[0xffffffce][0xffffffd5][0xffffffce][0xffffff93][0xffffffff][0xffffff97][0xffffffcc]p[0xfffffffd][0xfffffff3][0xffffffe8][0x1b][0xffffffcc][0xffffffa2][0xffffffd9]Q[0xffffffbe][0xffffffb2][0xffffffa3][0xffffffc7]m'[0xffffffdf][0xffffffe4][[0xfffffffb]^[0xffffffb0][0xffffff9a][0xffffffbe][0xffffffda][0xffffffda]_[0xffffffce][0xffffff80][0xffffffd2][0xffffffc1]7[0xffffffb7]][0xffffffc1]b[0xffffffee][0xffffffb5][0xffffffff]w[0xffffff83][0xffffffed][0xffffffa7];[0x15]<[0x10]4[0xffffff92][0xffffff84][0x18][\n]"
19:51:33.612 [main] DEBUG org.apache.hc.client5.http.wire - http-outgoing-0 << "BB[0xffffffba][0xffffff8e]][0xffffffb5]jo[0xffffffb9]+"[0xffffffea][0xffffffb4][0xffffffff]h"[0xffffffea]\?5[0xffffffa9][0xffffffaf]k[0xffffffec][0xffffffff]P[0xffffffea][\n]"
19:51:33.612 [main] DEBUG org.apache.hc.client5.http.wire - http-outgoing-0 << "w[0xffffffe1]K[0x13][0xffffffda][0xffffffec][0xffffff98][0xffffffe6]Y[0xfffffffd]h8m6[0xffffff9c]T[0xffffffc1][0xfffffff2][0xffffffa7][0xffffff91]z_[0xffffff95]o85p[0x1c][0x13][0xffffffe6][0xfffffff0]5[0xffffffee][0xfffffffc][0xffffff92][0xffffff96][0xffffffda][0xfffffff7][0xffffffcf][0xffffffb1][0x5][0x1d][0xffffffea]K[0xffffff9b]9[0xffffff8e][0xffffffad]e[0xfffffff7][0xffffff93][0xffffffa8]`[0xffffffda][0xffffffff][0x1a][0xffffffd2][0xffffff88][0xffffff85][0xfffffffd][0xfffffff2][0xffffff91]N[0xfffffff6]`[0xffffffdf]2[0xffffffcf][0xffffffae]E[0xffffff97][0xffffffc5][0xffffffa2][0xffffff9d][0xffffffef]'[0xffffff9d]mun.[0xffffffd3]f^[0xffffffc7][0xffffff82][0xffffffda][0xffffff82]9[0xfffffff5][0xffffffa9]`[0x5][0xffffffbc]4[0xffffffa1][0x1d]<M[0xffffffb5]A[0xffffffa7]3[[0xffffffc0][0x7f][0x0][0xffffffc1][0xffffffd0]$[0xffffff85][0x1d][\r][0x0][0x0]"
19:51:33.613 [main] DEBUG org.apache.hc.client5.http.impl.classic.InternalHttpClient - ep-00000000: releasing valid endpoint
19:51:33.613 [main] DEBUG org.apache.hc.client5.http.impl.io.PoolingHttpClientConnectionManager - ep-00000000: releasing endpoint
19:51:33.613 [main] DEBUG org.apache.hc.client5.http.impl.io.PoolingHttpClientConnectionManager - ep-00000000: connection http-outgoing-0 can be kept alive for 3 MINUTES
19:51:33.614 [main] DEBUG org.apache.hc.client5.http.impl.io.PoolingHttpClientConnectionManager - ep-00000000: connection released [route: {s}->https://raw.githubusercontent.com:443][total available: 1; route allocated: 1 of 5; total allocated: 1 of 25]
19:51:33.614 [main] DEBUG io.github.bonigarcia.wdm.versions.VersionDetector - Detecting chrome version using online commands.properties
19:51:33.623 [main] DEBUG io.github.bonigarcia.wdm.versions.Shell - Running command on the shell: [cmd.exe, /C, wmic, datafile, where, name="%PROGRAMFILES:\=\\%\\Google\\Chrome\\Application\\chrome.exe", get, Version, /value]
19:51:33.988 [main] DEBUG io.github.bonigarcia.wdm.versions.Shell - Result: Version=106.0.5249.121
19:51:33.991 [main] DEBUG io.github.bonigarcia.wdm.cache.ResolutionCache - Resolution chrome106=106.0.5249.61 in cache (valid until 17:34:34 01/11/2022 ICT)
19:51:33.992 [main] INFO io.github.bonigarcia.wdm.WebDriverManager - Using chromedriver 106.0.5249.61 (resolved driver for Chrome 106)
19:51:33.994 [main] DEBUG io.github.bonigarcia.wdm.cache.ResolutionCache - Storing resolution chrome=106 in cache (valid until 20:51:33 31/10/2022 ICT)
19:51:33.999 [main] DEBUG io.github.bonigarcia.wdm.WebDriverManager - Driver chromedriver 106.0.5249.61 found in cache
19:51:34.000 [main] INFO io.github.bonigarcia.wdm.WebDriverManager - Exporting webdriver.chrome.driver as C:\Users\user\.cache\selenium\chromedriver\win32\106.0.5249.61\chromedriver.exe
19:51:34.097 [main] DEBUG net.serenitybdd.core.webdriver.driverproviders.ProvideNewDriver - Instantiating driver
19:51:34.097 [main] DEBUG net.serenitybdd.core.webdriver.driverproviders.ProvideNewDriver - Driver capabilities: Capabilities {acceptInsecureCerts: false, base.url: https://alta-shop.vercel.app, browserName: chrome, chrome.driver: src/test/resources/webdrive..., driver: chrome, goog:chromeOptions: {args: [], extensions: []}, wait.for.timeout: 500}
19:51:34.219 [AsyncHttpClient-1-5] DEBUG org.asynchttpclient.netty.channel.NettyConnectListener - Using new Channel '[id: 0x0c394f62, L:/127.0.0.1:65317 - R:localhost/127.0.0.1:57840]' for 'POST' to '/session'
19:51:35.469 [AsyncHttpClient-1-5] DEBUG org.asynchttpclient.netty.handler.HttpHandler - 

Request DefaultHttpRequest(decodeResult: success, version: HTTP/1.1)
POST /session HTTP/1.1
User-Agent: selenium/4.1.2 (java windows)
Content-Length: 638
Content-Type: application/json; charset=utf-8
host: localhost:57840
accept: */*

Response DefaultHttpResponse(decodeResult: success, version: HTTP/1.1)
HTTP/1.1 200 OK
Content-Type: application/json; charset=utf-8
cache-control: no-cache
content-length: 790

19:51:35.469 [AsyncHttpClient-1-5] DEBUG org.asynchttpclient.netty.channel.ChannelManager - Adding key: http://localhost:57840 for channel [id: 0x0c394f62, L:/127.0.0.1:65317 - R:localhost/127.0.0.1:57840]
19:51:35.487 [AsyncHttpClient-1-6] DEBUG org.asynchttpclient.netty.channel.NettyConnectListener - Using new Channel '[id: 0x9b515bf7, L:/127.0.0.1:65323 - R:localhost/127.0.0.1:65318]' for 'GET' to '/json/version'
19:51:35.488 [AsyncHttpClient-1-6] DEBUG org.asynchttpclient.netty.handler.HttpHandler - 

Request DefaultFullHttpRequest(decodeResult: success, version: HTTP/1.1, content: EmptyByteBufBE)
GET /json/version HTTP/1.1
User-Agent: selenium/4.1.2 (java windows)
host: localhost:65318
accept: */*

Response DefaultHttpResponse(decodeResult: success, version: HTTP/1.1)
HTTP/1.1 200 OK
Content-Type: application/json; charset=UTF-8
content-length: 424

19:51:35.488 [AsyncHttpClient-1-6] DEBUG org.asynchttpclient.netty.channel.ChannelManager - Adding key: http://localhost:65318 for channel [id: 0x9b515bf7, L:/127.0.0.1:65323 - R:localhost/127.0.0.1:65318]
19:51:35.491 [AsyncHttpClient-1-7] DEBUG org.asynchttpclient.netty.channel.NettyConnectListener - Using new Channel '[id: 0xf6059162, L:/127.0.0.1:65325 - R:localhost/127.0.0.1:65318]' for 'GET' to '/devtools/browser/232f878e-1f27-415b-8471-26cafaaed271'
19:51:35.492 [AsyncHttpClient-1-7] DEBUG org.asynchttpclient.netty.handler.WebSocketHandler - 

Request DefaultFullHttpRequest(decodeResult: success, version: HTTP/1.1, content: EmptyByteBufBE)
GET /devtools/browser/232f878e-1f27-415b-8471-26cafaaed271 HTTP/1.1
upgrade: websocket
connection: upgrade
sec-websocket-key: C0+81PkOg4yZAJ1uTMaFWg==
sec-websocket-version: 13
origin: http://localhost:65318
host: localhost:65318
accept: */*
user-agent: AHC/2.1

Response DefaultHttpResponse(decodeResult: success, version: HTTP/1.1)
HTTP/1.1 101 WebSocket Protocol Handshake
Upgrade: WebSocket
Connection: Upgrade
Sec-WebSocket-Accept: hmQ3Yw+vc++csThcFVH7zCuG7pg=

19:51:35.500 [Forwarding get on session 7e861744de19f0d0a27642e2feeddea1 to remote] DEBUG org.asynchttpclient.netty.request.NettyRequestSender - Using pooled Channel '[id: 0x0c394f62, L:/127.0.0.1:65317 - R:localhost/127.0.0.1:57840]' for 'POST' to 'http://localhost:57840/session/7e861744de19f0d0a27642e2feeddea1/url'
19:51:35.500 [Forwarding get on session 7e861744de19f0d0a27642e2feeddea1 to remote] DEBUG org.asynchttpclient.netty.request.NettyRequestSender - Using open Channel [id: 0x0c394f62, L:/127.0.0.1:65317 - R:localhost/127.0.0.1:57840] for POST '/session/7e861744de19f0d0a27642e2feeddea1/url'
19:51:36.198 [AsyncHttpClient-1-1] DEBUG org.asynchttpclient.netty.channel.DefaultChannelPool - Entry count for : http://localhost:65318 : 1
19:51:37.302 [AsyncHttpClient-1-1] DEBUG org.asynchttpclient.netty.channel.DefaultChannelPool - Entry count for : http://localhost:65318 : 1
19:51:38.405 [AsyncHttpClient-1-1] DEBUG org.asynchttpclient.netty.channel.DefaultChannelPool - Entry count for : http://localhost:65318 : 1
19:51:39.497 [AsyncHttpClient-1-1] DEBUG org.asynchttpclient.netty.channel.DefaultChannelPool - Entry count for : http://localhost:65318 : 1
19:51:40.613 [AsyncHttpClient-1-1] DEBUG org.asynchttpclient.netty.channel.DefaultChannelPool - Entry count for : http://localhost:65318 : 1
19:51:41.713 [AsyncHttpClient-1-1] DEBUG org.asynchttpclient.netty.channel.DefaultChannelPool - Entry count for : http://localhost:65318 : 1
19:51:42.812 [AsyncHttpClient-1-1] DEBUG org.asynchttpclient.netty.channel.DefaultChannelPool - Entry count for : http://localhost:65318 : 1
19:51:43.899 [AsyncHttpClient-1-1] DEBUG org.asynchttpclient.netty.channel.DefaultChannelPool - Entry count for : http://localhost:65318 : 1
19:51:45.006 [AsyncHttpClient-1-1] DEBUG org.asynchttpclient.netty.channel.DefaultChannelPool - Entry count for : http://localhost:65318 : 1
19:51:46.106 [AsyncHttpClient-1-1] DEBUG org.asynchttpclient.netty.channel.DefaultChannelPool - Entry count for : http://localhost:65318 : 1
19:51:47.208 [AsyncHttpClient-1-1] DEBUG org.asynchttpclient.netty.channel.DefaultChannelPool - Entry count for : http://localhost:65318 : 1
19:51:48.304 [AsyncHttpClient-1-1] DEBUG org.asynchttpclient.netty.channel.DefaultChannelPool - Entry count for : http://localhost:65318 : 1
19:51:49.397 [AsyncHttpClient-1-1] DEBUG org.asynchttpclient.netty.channel.DefaultChannelPool - Entry count for : http://localhost:65318 : 1
19:51:50.537 [AsyncHttpClient-1-1] DEBUG org.asynchttpclient.netty.channel.DefaultChannelPool - Entry count for : http://localhost:65318 : 1
19:51:51.602 [AsyncHttpClient-1-1] DEBUG org.asynchttpclient.netty.channel.DefaultChannelPool - Entry count for : http://localhost:65318 : 1
19:51:52.698 [AsyncHttpClient-1-1] DEBUG org.asynchttpclient.netty.channel.DefaultChannelPool - Entry count for : http://localhost:65318 : 1
19:51:53.801 [AsyncHttpClient-1-1] DEBUG org.asynchttpclient.netty.channel.DefaultChannelPool - Entry count for : http://localhost:65318 : 1
19:51:54.907 [AsyncHttpClient-1-1] DEBUG org.asynchttpclient.netty.channel.DefaultChannelPool - Entry count for : http://localhost:65318 : 1
19:51:56.008 [AsyncHttpClient-1-1] DEBUG org.asynchttpclient.netty.channel.DefaultChannelPool - Entry count for : http://localhost:65318 : 1
19:51:57.112 [AsyncHttpClient-1-1] DEBUG org.asynchttpclient.netty.channel.DefaultChannelPool - Entry count for : http://localhost:65318 : 1
19:51:58.205 [AsyncHttpClient-1-1] DEBUG org.asynchttpclient.netty.channel.DefaultChannelPool - Entry count for : http://localhost:65318 : 1
19:51:59.298 [AsyncHttpClient-1-1] DEBUG org.asynchttpclient.netty.channel.DefaultChannelPool - Entry count for : http://localhost:65318 : 1
19:52:00.401 [AsyncHttpClient-1-1] DEBUG org.asynchttpclient.netty.channel.DefaultChannelPool - Entry count for : http://localhost:65318 : 1
19:52:00.488 [AsyncHttpClient-1-5] DEBUG org.asynchttpclient.netty.handler.HttpHandler - 

Request DefaultHttpRequest(decodeResult: success, version: HTTP/1.1)
POST /session/7e861744de19f0d0a27642e2feeddea1/url HTTP/1.1
User-Agent: selenium/4.1.2 (java windows)
Content-Length: 59
Content-Type: application/json; charset=utf-8
host: localhost:57840
accept: */*

Response DefaultHttpResponse(decodeResult: success, version: HTTP/1.1)
HTTP/1.1 200 OK
Content-Type: application/json; charset=utf-8
cache-control: no-cache
content-length: 14

19:52:00.488 [AsyncHttpClient-1-5] DEBUG org.asynchttpclient.netty.channel.ChannelManager - Adding key: http://localhost:57840 for channel [id: 0x0c394f62, L:/127.0.0.1:65317 - R:localhost/127.0.0.1:57840]
19:52:00.491 [Forwarding setTimeout on session 7e861744de19f0d0a27642e2feeddea1 to remote] DEBUG org.asynchttpclient.netty.request.NettyRequestSender - Using pooled Channel '[id: 0x0c394f62, L:/127.0.0.1:65317 - R:localhost/127.0.0.1:57840]' for 'POST' to 'http://localhost:57840/session/7e861744de19f0d0a27642e2feeddea1/timeouts'
19:52:00.491 [Forwarding setTimeout on session 7e861744de19f0d0a27642e2feeddea1 to remote] DEBUG org.asynchttpclient.netty.request.NettyRequestSender - Using open Channel [id: 0x0c394f62, L:/127.0.0.1:65317 - R:localhost/127.0.0.1:57840] for POST '/session/7e861744de19f0d0a27642e2feeddea1/timeouts'
19:52:00.492 [AsyncHttpClient-1-5] DEBUG org.asynchttpclient.netty.handler.HttpHandler - 

Request DefaultHttpRequest(decodeResult: success, version: HTTP/1.1)
POST /session/7e861744de19f0d0a27642e2feeddea1/timeouts HTTP/1.1
User-Agent: selenium/4.1.2 (java windows)
Content-Length: 22
Content-Type: application/json; charset=utf-8
host: localhost:57840
accept: */*

Response DefaultHttpResponse(decodeResult: success, version: HTTP/1.1)
HTTP/1.1 200 OK
Content-Type: application/json; charset=utf-8
cache-control: no-cache
content-length: 14

19:52:00.492 [AsyncHttpClient-1-5] DEBUG org.asynchttpclient.netty.channel.ChannelManager - Adding key: http://localhost:57840 for channel [id: 0x0c394f62, L:/127.0.0.1:65317 - R:localhost/127.0.0.1:57840]
19:52:00.496 [Forwarding getCurrentUrl on session 7e861744de19f0d0a27642e2feeddea1 to remote] DEBUG org.asynchttpclient.netty.request.NettyRequestSender - Using pooled Channel '[id: 0x0c394f62, L:/127.0.0.1:65317 - R:localhost/127.0.0.1:57840]' for 'GET' to 'http://localhost:57840/session/7e861744de19f0d0a27642e2feeddea1/url'
19:52:00.496 [Forwarding getCurrentUrl on session 7e861744de19f0d0a27642e2feeddea1 to remote] DEBUG org.asynchttpclient.netty.request.NettyRequestSender - Using open Channel [id: 0x0c394f62, L:/127.0.0.1:65317 - R:localhost/127.0.0.1:57840] for GET '/session/7e861744de19f0d0a27642e2feeddea1/url'
19:52:00.500 [AsyncHttpClient-1-5] DEBUG org.asynchttpclient.netty.handler.HttpHandler - 

Request DefaultFullHttpRequest(decodeResult: success, version: HTTP/1.1, content: EmptyByteBufBE)
GET /session/7e861744de19f0d0a27642e2feeddea1/url HTTP/1.1
User-Agent: selenium/4.1.2 (java windows)
Cache-Control: no-cache
Content-Type: application/json; charset=utf-8
host: localhost:57840
accept: */*

Response DefaultHttpResponse(decodeResult: success, version: HTTP/1.1)
HTTP/1.1 200 OK
Content-Type: application/json; charset=utf-8
cache-control: no-cache
content-length: 41

19:52:00.500 [AsyncHttpClient-1-5] DEBUG org.asynchttpclient.netty.channel.ChannelManager - Adding key: http://localhost:57840 for channel [id: 0x0c394f62, L:/127.0.0.1:65317 - R:localhost/127.0.0.1:57840]
  &amp#27;[32mGiven &amp#27;[0m&amp#27;[32mI open the website&amp#27;[0m               &amp#27;[90m# starter.steps.RegistrationStep.iOpenTheWebsite()&amp#27;[0m
19:52:00.504 [Forwarding screenshot on session 7e861744de19f0d0a27642e2feeddea1 to remote] DEBUG org.asynchttpclient.netty.request.NettyRequestSender - Using pooled Channel '[id: 0x0c394f62, L:/127.0.0.1:65317 - R:localhost/127.0.0.1:57840]' for 'GET' to 'http://localhost:57840/session/7e861744de19f0d0a27642e2feeddea1/screenshot'
19:52:00.504 [Forwarding screenshot on session 7e861744de19f0d0a27642e2feeddea1 to remote] DEBUG org.asynchttpclient.netty.request.NettyRequestSender - Using open Channel [id: 0x0c394f62, L:/127.0.0.1:65317 - R:localhost/127.0.0.1:57840] for GET '/session/7e861744de19f0d0a27642e2feeddea1/screenshot'
19:52:00.648 [AsyncHttpClient-1-5] DEBUG org.asynchttpclient.netty.handler.HttpHandler - 

Request DefaultFullHttpRequest(decodeResult: success, version: HTTP/1.1, content: EmptyByteBufBE)
GET /session/7e861744de19f0d0a27642e2feeddea1/screenshot HTTP/1.1
User-Agent: selenium/4.1.2 (java windows)
Cache-Control: no-cache
Content-Type: application/json; charset=utf-8
host: localhost:57840
accept: */*

Response DefaultHttpResponse(decodeResult: success, version: HTTP/1.1)
HTTP/1.1 200 OK
Content-Type: application/json; charset=utf-8
cache-control: no-cache
content-length: 69584

19:52:00.652 [AsyncHttpClient-1-5] DEBUG org.asynchttpclient.netty.channel.ChannelManager - Adding key: http://localhost:57840 for channel [id: 0x0c394f62, L:/127.0.0.1:65317 - R:localhost/127.0.0.1:57840]
19:52:00.672 [main] DEBUG net.serenitybdd.core.photography.Darkroom - Send negative for processing for target\site\serenity\5297bd387dc3249e00c2d6656fb13e2699af90824ba878fd382afd24108abb14.png
19:52:00.682 [Forwarding findElement on session 7e861744de19f0d0a27642e2feeddea1 to remote] DEBUG org.asynchttpclient.netty.request.NettyRequestSender - Using pooled Channel '[id: 0x0c394f62, L:/127.0.0.1:65317 - R:localhost/127.0.0.1:57840]' for 'POST' to 'http://localhost:57840/session/7e861744de19f0d0a27642e2feeddea1/element'
19:52:00.682 [Forwarding findElement on session 7e861744de19f0d0a27642e2feeddea1 to remote] DEBUG org.asynchttpclient.netty.request.NettyRequestSender - Using open Channel [id: 0x0c394f62, L:/127.0.0.1:65317 - R:localhost/127.0.0.1:57840] for POST '/session/7e861744de19f0d0a27642e2feeddea1/element'
19:52:00.693 [AsyncHttpClient-1-5] DEBUG org.asynchttpclient.netty.handler.HttpHandler - 

Request DefaultHttpRequest(decodeResult: success, version: HTTP/1.1)
POST /session/7e861744de19f0d0a27642e2feeddea1/element HTTP/1.1
User-Agent: selenium/4.1.2 (java windows)
Content-Length: 97
Content-Type: application/json; charset=utf-8
host: localhost:57840
accept: */*

Response DefaultHttpResponse(decodeResult: success, version: HTTP/1.1)
HTTP/1.1 200 OK
Content-Type: application/json; charset=utf-8
cache-control: no-cache
content-length: 88

19:52:00.693 [AsyncHttpClient-1-5] DEBUG org.asynchttpclient.netty.channel.ChannelManager - Adding key: http://localhost:57840 for channel [id: 0x0c394f62, L:/127.0.0.1:65317 - R:localhost/127.0.0.1:57840]
19:52:00.694 [Forwarding getElementTagName on session 7e861744de19f0d0a27642e2feeddea1 to remote] DEBUG org.asynchttpclient.netty.request.NettyRequestSender - Using pooled Channel '[id: 0x0c394f62, L:/127.0.0.1:65317 - R:localhost/127.0.0.1:57840]' for 'GET' to 'http://localhost:57840/session/7e861744de19f0d0a27642e2feeddea1/element/84046465-3f12-415d-a312-d5e16135c4a1/name'
19:52:00.694 [Forwarding getElementTagName on session 7e861744de19f0d0a27642e2feeddea1 to remote] DEBUG org.asynchttpclient.netty.request.NettyRequestSender - Using open Channel [id: 0x0c394f62, L:/127.0.0.1:65317 - R:localhost/127.0.0.1:57840] for GET '/session/7e861744de19f0d0a27642e2feeddea1/element/84046465-3f12-415d-a312-d5e16135c4a1/name'
19:52:00.698 [AsyncHttpClient-1-5] DEBUG org.asynchttpclient.netty.handler.HttpHandler - 

Request DefaultFullHttpRequest(decodeResult: success, version: HTTP/1.1, content: EmptyByteBufBE)
GET /session/7e861744de19f0d0a27642e2feeddea1/element/84046465-3f12-415d-a312-d5e16135c4a1/name HTTP/1.1
User-Agent: selenium/4.1.2 (java windows)
Cache-Control: no-cache
Content-Type: application/json; charset=utf-8
host: localhost:57840
accept: */*

Response DefaultHttpResponse(decodeResult: success, version: HTTP/1.1)
HTTP/1.1 200 OK
Content-Type: application/json; charset=utf-8
cache-control: no-cache
content-length: 13

19:52:00.698 [AsyncHttpClient-1-5] DEBUG org.asynchttpclient.netty.channel.ChannelManager - Adding key: http://localhost:57840 for channel [id: 0x0c394f62, L:/127.0.0.1:65317 - R:localhost/127.0.0.1:57840]
19:52:00.699 [Forwarding getElementTagName on session 7e861744de19f0d0a27642e2feeddea1 to remote] DEBUG org.asynchttpclient.netty.request.NettyRequestSender - Using pooled Channel '[id: 0x0c394f62, L:/127.0.0.1:65317 - R:localhost/127.0.0.1:57840]' for 'GET' to 'http://localhost:57840/session/7e861744de19f0d0a27642e2feeddea1/element/84046465-3f12-415d-a312-d5e16135c4a1/name'
19:52:00.699 [Forwarding getElementTagName on session 7e861744de19f0d0a27642e2feeddea1 to remote] DEBUG org.asynchttpclient.netty.request.NettyRequestSender - Using open Channel [id: 0x0c394f62, L:/127.0.0.1:65317 - R:localhost/127.0.0.1:57840] for GET '/session/7e861744de19f0d0a27642e2feeddea1/element/84046465-3f12-415d-a312-d5e16135c4a1/name'
19:52:00.702 [AsyncHttpClient-1-5] DEBUG org.asynchttpclient.netty.handler.HttpHandler - 

Request DefaultFullHttpRequest(decodeResult: success, version: HTTP/1.1, content: EmptyByteBufBE)
GET /session/7e861744de19f0d0a27642e2feeddea1/element/84046465-3f12-415d-a312-d5e16135c4a1/name HTTP/1.1
User-Agent: selenium/4.1.2 (java windows)
Cache-Control: no-cache
Content-Type: application/json; charset=utf-8
host: localhost:57840
accept: */*

Response DefaultHttpResponse(decodeResult: success, version: HTTP/1.1)
HTTP/1.1 200 OK
Content-Type: application/json; charset=utf-8
cache-control: no-cache
content-length: 13

19:52:00.702 [AsyncHttpClient-1-5] DEBUG org.asynchttpclient.netty.channel.ChannelManager - Adding key: http://localhost:57840 for channel [id: 0x0c394f62, L:/127.0.0.1:65317 - R:localhost/127.0.0.1:57840]
19:52:00.703 [Forwarding findElement on session 7e861744de19f0d0a27642e2feeddea1 to remote] DEBUG org.asynchttpclient.netty.request.NettyRequestSender - Using pooled Channel '[id: 0x0c394f62, L:/127.0.0.1:65317 - R:localhost/127.0.0.1:57840]' for 'POST' to 'http://localhost:57840/session/7e861744de19f0d0a27642e2feeddea1/element'
19:52:00.703 [Forwarding findElement on session 7e861744de19f0d0a27642e2feeddea1 to remote] DEBUG org.asynchttpclient.netty.request.NettyRequestSender - Using open Channel [id: 0x0c394f62, L:/127.0.0.1:65317 - R:localhost/127.0.0.1:57840] for POST '/session/7e861744de19f0d0a27642e2feeddea1/element'
19:52:00.710 [AsyncHttpClient-1-5] DEBUG org.asynchttpclient.netty.handler.HttpHandler - 

Request DefaultHttpRequest(decodeResult: success, version: HTTP/1.1)
POST /session/7e861744de19f0d0a27642e2feeddea1/element HTTP/1.1
User-Agent: selenium/4.1.2 (java windows)
Content-Length: 97
Content-Type: application/json; charset=utf-8
host: localhost:57840
accept: */*

Response DefaultHttpResponse(decodeResult: success, version: HTTP/1.1)
HTTP/1.1 200 OK
Content-Type: application/json; charset=utf-8
cache-control: no-cache
content-length: 88

19:52:00.710 [AsyncHttpClient-1-5] DEBUG org.asynchttpclient.netty.channel.ChannelManager - Adding key: http://localhost:57840 for channel [id: 0x0c394f62, L:/127.0.0.1:65317 - R:localhost/127.0.0.1:57840]
19:52:00.717 [Forwarding clickElement on session 7e861744de19f0d0a27642e2feeddea1 to remote] DEBUG org.asynchttpclient.netty.request.NettyRequestSender - Using pooled Channel '[id: 0x0c394f62, L:/127.0.0.1:65317 - R:localhost/127.0.0.1:57840]' for 'POST' to 'http://localhost:57840/session/7e861744de19f0d0a27642e2feeddea1/element/84046465-3f12-415d-a312-d5e16135c4a1/click'
19:52:00.717 [Forwarding clickElement on session 7e861744de19f0d0a27642e2feeddea1 to remote] DEBUG org.asynchttpclient.netty.request.NettyRequestSender - Using open Channel [id: 0x0c394f62, L:/127.0.0.1:65317 - R:localhost/127.0.0.1:57840] for POST '/session/7e861744de19f0d0a27642e2feeddea1/element/84046465-3f12-415d-a312-d5e16135c4a1/click'
19:52:00.781 [AsyncHttpClient-1-5] DEBUG org.asynchttpclient.netty.handler.HttpHandler - 

Request DefaultHttpRequest(decodeResult: success, version: HTTP/1.1)
POST /session/7e861744de19f0d0a27642e2feeddea1/element/84046465-3f12-415d-a312-d5e16135c4a1/click HTTP/1.1
User-Agent: selenium/4.1.2 (java windows)
Content-Length: 50
Content-Type: application/json; charset=utf-8
host: localhost:57840
accept: */*

Response DefaultHttpResponse(decodeResult: success, version: HTTP/1.1)
HTTP/1.1 200 OK
Content-Type: application/json; charset=utf-8
cache-control: no-cache
content-length: 14

19:52:00.781 [AsyncHttpClient-1-5] DEBUG org.asynchttpclient.netty.channel.ChannelManager - Adding key: http://localhost:57840 for channel [id: 0x0c394f62, L:/127.0.0.1:65317 - R:localhost/127.0.0.1:57840]
  &amp#27;[32mWhen &amp#27;[0m&amp#27;[32mI click sign in button&amp#27;[0m            &amp#27;[90m# starter.steps.RegistrationStep.iClickSignInButton()&amp#27;[0m
19:52:00.787 [Forwarding screenshot on session 7e861744de19f0d0a27642e2feeddea1 to remote] DEBUG org.asynchttpclient.netty.request.NettyRequestSender - Using pooled Channel '[id: 0x0c394f62, L:/127.0.0.1:65317 - R:localhost/127.0.0.1:57840]' for 'GET' to 'http://localhost:57840/session/7e861744de19f0d0a27642e2feeddea1/screenshot'
19:52:00.787 [Forwarding screenshot on session 7e861744de19f0d0a27642e2feeddea1 to remote] DEBUG org.asynchttpclient.netty.request.NettyRequestSender - Using open Channel [id: 0x0c394f62, L:/127.0.0.1:65317 - R:localhost/127.0.0.1:57840] for GET '/session/7e861744de19f0d0a27642e2feeddea1/screenshot'
19:52:01.278 [AsyncHttpClient-1-5] DEBUG org.asynchttpclient.netty.handler.HttpHandler - 

Request DefaultFullHttpRequest(decodeResult: success, version: HTTP/1.1, content: EmptyByteBufBE)
GET /session/7e861744de19f0d0a27642e2feeddea1/screenshot HTTP/1.1
User-Agent: selenium/4.1.2 (java windows)
Cache-Control: no-cache
Content-Type: application/json; charset=utf-8
host: localhost:57840
accept: */*

Response DefaultHttpResponse(decodeResult: success, version: HTTP/1.1)
HTTP/1.1 200 OK
Content-Type: application/json; charset=utf-8
cache-control: no-cache
content-length: 40004

19:52:01.278 [AsyncHttpClient-1-5] DEBUG org.asynchttpclient.netty.channel.ChannelManager - Adding key: http://localhost:57840 for channel [id: 0x0c394f62, L:/127.0.0.1:65317 - R:localhost/127.0.0.1:57840]
19:52:01.280 [main] DEBUG net.serenitybdd.core.photography.Darkroom - Send negative for processing for target\site\serenity\77a2e2c67b08b81050d79f90e71a5ee73d4ea40d23444db330d167cfbd360e84.png
19:52:01.281 [Darkroom Processing Line] DEBUG net.serenitybdd.core.photography.DarkroomProcessingLine - Processing screenshot image in /var/screenshots/screenshot-14154383910727897100
19:52:01.281 [Darkroom Processing Line] DEBUG net.serenitybdd.core.photography.DarkroomProcessingLine - Saving screenshot to target\site\serenity\77a2e2c67b08b81050d79f90e71a5ee73d4ea40d23444db330d167cfbd360e84.png
19:52:01.304 [Forwarding findElement on session 7e861744de19f0d0a27642e2feeddea1 to remote] DEBUG org.asynchttpclient.netty.request.NettyRequestSender - Using pooled Channel '[id: 0x0c394f62, L:/127.0.0.1:65317 - R:localhost/127.0.0.1:57840]' for 'POST' to 'http://localhost:57840/session/7e861744de19f0d0a27642e2feeddea1/element'
19:52:01.305 [Forwarding findElement on session 7e861744de19f0d0a27642e2feeddea1 to remote] DEBUG org.asynchttpclient.netty.request.NettyRequestSender - Using open Channel [id: 0x0c394f62, L:/127.0.0.1:65317 - R:localhost/127.0.0.1:57840] for POST '/session/7e861744de19f0d0a27642e2feeddea1/element'
19:52:01.338 [AsyncHttpClient-1-5] DEBUG org.asynchttpclient.netty.handler.HttpHandler - 

Request DefaultHttpRequest(decodeResult: success, version: HTTP/1.1)
POST /session/7e861744de19f0d0a27642e2feeddea1/element HTTP/1.1
User-Agent: selenium/4.1.2 (java windows)
Content-Length: 84
Content-Type: application/json; charset=utf-8
host: localhost:57840
accept: */*

Response DefaultHttpResponse(decodeResult: success, version: HTTP/1.1)
HTTP/1.1 200 OK
Content-Type: application/json; charset=utf-8
cache-control: no-cache
content-length: 88

19:52:01.338 [AsyncHttpClient-1-5] DEBUG org.asynchttpclient.netty.channel.ChannelManager - Adding key: http://localhost:57840 for channel [id: 0x0c394f62, L:/127.0.0.1:65317 - R:localhost/127.0.0.1:57840]
19:52:01.344 [Forwarding getElementTagName on session 7e861744de19f0d0a27642e2feeddea1 to remote] DEBUG org.asynchttpclient.netty.request.NettyRequestSender - Using pooled Channel '[id: 0x0c394f62, L:/127.0.0.1:65317 - R:localhost/127.0.0.1:57840]' for 'GET' to 'http://localhost:57840/session/7e861744de19f0d0a27642e2feeddea1/element/4ba77ea1-2b39-427e-82db-e393a32268e2/name'
19:52:01.344 [Forwarding getElementTagName on session 7e861744de19f0d0a27642e2feeddea1 to remote] DEBUG org.asynchttpclient.netty.request.NettyRequestSender - Using open Channel [id: 0x0c394f62, L:/127.0.0.1:65317 - R:localhost/127.0.0.1:57840] for GET '/session/7e861744de19f0d0a27642e2feeddea1/element/4ba77ea1-2b39-427e-82db-e393a32268e2/name'
19:52:01.352 [AsyncHttpClient-1-5] DEBUG org.asynchttpclient.netty.handler.HttpHandler - 

Request DefaultFullHttpRequest(decodeResult: success, version: HTTP/1.1, content: EmptyByteBufBE)
GET /session/7e861744de19f0d0a27642e2feeddea1/element/4ba77ea1-2b39-427e-82db-e393a32268e2/name HTTP/1.1
User-Agent: selenium/4.1.2 (java windows)
Cache-Control: no-cache
Content-Type: application/json; charset=utf-8
host: localhost:57840
accept: */*

Response DefaultHttpResponse(decodeResult: success, version: HTTP/1.1)
HTTP/1.1 200 OK
Content-Type: application/json; charset=utf-8
cache-control: no-cache
content-length: 13

19:52:01.353 [AsyncHttpClient-1-5] DEBUG org.asynchttpclient.netty.channel.ChannelManager - Adding key: http://localhost:57840 for channel [id: 0x0c394f62, L:/127.0.0.1:65317 - R:localhost/127.0.0.1:57840]
19:52:01.358 [Forwarding getElementTagName on session 7e861744de19f0d0a27642e2feeddea1 to remote] DEBUG org.asynchttpclient.netty.request.NettyRequestSender - Using pooled Channel '[id: 0x0c394f62, L:/127.0.0.1:65317 - R:localhost/127.0.0.1:57840]' for 'GET' to 'http://localhost:57840/session/7e861744de19f0d0a27642e2feeddea1/element/4ba77ea1-2b39-427e-82db-e393a32268e2/name'
19:52:01.358 [Forwarding getElementTagName on session 7e861744de19f0d0a27642e2feeddea1 to remote] DEBUG org.asynchttpclient.netty.request.NettyRequestSender - Using open Channel [id: 0x0c394f62, L:/127.0.0.1:65317 - R:localhost/127.0.0.1:57840] for GET '/session/7e861744de19f0d0a27642e2feeddea1/element/4ba77ea1-2b39-427e-82db-e393a32268e2/name'
19:52:01.370 [AsyncHttpClient-1-5] DEBUG org.asynchttpclient.netty.handler.HttpHandler - 

Request DefaultFullHttpRequest(decodeResult: success, version: HTTP/1.1, content: EmptyByteBufBE)
GET /session/7e861744de19f0d0a27642e2feeddea1/element/4ba77ea1-2b39-427e-82db-e393a32268e2/name HTTP/1.1
User-Agent: selenium/4.1.2 (java windows)
Cache-Control: no-cache
Content-Type: application/json; charset=utf-8
host: localhost:57840
accept: */*

Response DefaultHttpResponse(decodeResult: success, version: HTTP/1.1)
HTTP/1.1 200 OK
Content-Type: application/json; charset=utf-8
cache-control: no-cache
content-length: 13

19:52:01.370 [AsyncHttpClient-1-5] DEBUG org.asynchttpclient.netty.channel.ChannelManager - Adding key: http://localhost:57840 for channel [id: 0x0c394f62, L:/127.0.0.1:65317 - R:localhost/127.0.0.1:57840]
19:52:01.373 [Forwarding findElement on session 7e861744de19f0d0a27642e2feeddea1 to remote] DEBUG org.asynchttpclient.netty.request.NettyRequestSender - Using pooled Channel '[id: 0x0c394f62, L:/127.0.0.1:65317 - R:localhost/127.0.0.1:57840]' for 'POST' to 'http://localhost:57840/session/7e861744de19f0d0a27642e2feeddea1/element'
19:52:01.374 [Forwarding findElement on session 7e861744de19f0d0a27642e2feeddea1 to remote] DEBUG org.asynchttpclient.netty.request.NettyRequestSender - Using open Channel [id: 0x0c394f62, L:/127.0.0.1:65317 - R:localhost/127.0.0.1:57840] for POST '/session/7e861744de19f0d0a27642e2feeddea1/element'
19:52:01.392 [AsyncHttpClient-1-5] DEBUG org.asynchttpclient.netty.handler.HttpHandler - 

Request DefaultHttpRequest(decodeResult: success, version: HTTP/1.1)
POST /session/7e861744de19f0d0a27642e2feeddea1/element HTTP/1.1
User-Agent: selenium/4.1.2 (java windows)
Content-Length: 84
Content-Type: application/json; charset=utf-8
host: localhost:57840
accept: */*

Response DefaultHttpResponse(decodeResult: success, version: HTTP/1.1)
HTTP/1.1 200 OK
Content-Type: application/json; charset=utf-8
cache-control: no-cache
content-length: 88

19:52:01.393 [AsyncHttpClient-1-5] DEBUG org.asynchttpclient.netty.channel.ChannelManager - Adding key: http://localhost:57840 for channel [id: 0x0c394f62, L:/127.0.0.1:65317 - R:localhost/127.0.0.1:57840]
19:52:01.394 [Forwarding clickElement on session 7e861744de19f0d0a27642e2feeddea1 to remote] DEBUG org.asynchttpclient.netty.request.NettyRequestSender - Using pooled Channel '[id: 0x0c394f62, L:/127.0.0.1:65317 - R:localhost/127.0.0.1:57840]' for 'POST' to 'http://localhost:57840/session/7e861744de19f0d0a27642e2feeddea1/element/4ba77ea1-2b39-427e-82db-e393a32268e2/click'
19:52:01.394 [Forwarding clickElement on session 7e861744de19f0d0a27642e2feeddea1 to remote] DEBUG org.asynchttpclient.netty.request.NettyRequestSender - Using open Channel [id: 0x0c394f62, L:/127.0.0.1:65317 - R:localhost/127.0.0.1:57840] for POST '/session/7e861744de19f0d0a27642e2feeddea1/element/4ba77ea1-2b39-427e-82db-e393a32268e2/click'
19:52:01.597 [AsyncHttpClient-1-1] DEBUG org.asynchttpclient.netty.channel.DefaultChannelPool - Entry count for : http://localhost:65318 : 1
19:52:01.666 [AsyncHttpClient-1-5] DEBUG org.asynchttpclient.netty.handler.HttpHandler - 

Request DefaultHttpRequest(decodeResult: success, version: HTTP/1.1)
POST /session/7e861744de19f0d0a27642e2feeddea1/element/4ba77ea1-2b39-427e-82db-e393a32268e2/click HTTP/1.1
User-Agent: selenium/4.1.2 (java windows)
Content-Length: 50
Content-Type: application/json; charset=utf-8
host: localhost:57840
accept: */*

Response DefaultHttpResponse(decodeResult: success, version: HTTP/1.1)
HTTP/1.1 200 OK
Content-Type: application/json; charset=utf-8
cache-control: no-cache
content-length: 14

19:52:01.667 [AsyncHttpClient-1-5] DEBUG org.asynchttpclient.netty.channel.ChannelManager - Adding key: http://localhost:57840 for channel [id: 0x0c394f62, L:/127.0.0.1:65317 - R:localhost/127.0.0.1:57840]
  &amp#27;[32mAnd &amp#27;[0m&amp#27;[32mI click register link&amp#27;[0m              &amp#27;[90m# starter.steps.RegistrationStep.iClickRegisterLink()&amp#27;[0m
19:52:01.685 [Forwarding screenshot on session 7e861744de19f0d0a27642e2feeddea1 to remote] DEBUG org.asynchttpclient.netty.request.NettyRequestSender - Using pooled Channel '[id: 0x0c394f62, L:/127.0.0.1:65317 - R:localhost/127.0.0.1:57840]' for 'GET' to 'http://localhost:57840/session/7e861744de19f0d0a27642e2feeddea1/screenshot'
19:52:01.685 [Forwarding screenshot on session 7e861744de19f0d0a27642e2feeddea1 to remote] DEBUG org.asynchttpclient.netty.request.NettyRequestSender - Using open Channel [id: 0x0c394f62, L:/127.0.0.1:65317 - R:localhost/127.0.0.1:57840] for GET '/session/7e861744de19f0d0a27642e2feeddea1/screenshot'
19:52:01.964 [AsyncHttpClient-1-5] DEBUG org.asynchttpclient.netty.handler.HttpHandler - 

Request DefaultFullHttpRequest(decodeResult: success, version: HTTP/1.1, content: EmptyByteBufBE)
GET /session/7e861744de19f0d0a27642e2feeddea1/screenshot HTTP/1.1
User-Agent: selenium/4.1.2 (java windows)
Cache-Control: no-cache
Content-Type: application/json; charset=utf-8
host: localhost:57840
accept: */*

Response DefaultHttpResponse(decodeResult: success, version: HTTP/1.1)
HTTP/1.1 200 OK
Content-Type: application/json; charset=utf-8
cache-control: no-cache
content-length: 44672

19:52:01.965 [AsyncHttpClient-1-5] DEBUG org.asynchttpclient.netty.channel.ChannelManager - Adding key: http://localhost:57840 for channel [id: 0x0c394f62, L:/127.0.0.1:65317 - R:localhost/127.0.0.1:57840]
19:52:01.973 [main] DEBUG net.serenitybdd.core.photography.Darkroom - Send negative for processing for target\site\serenity\5b666a78e08c50eac45ac59acb55af6749a53c8d313a093beb827fe142a83e10.png
19:52:02.015 [Forwarding findElement on session 7e861744de19f0d0a27642e2feeddea1 to remote] DEBUG org.asynchttpclient.netty.request.NettyRequestSender - Using pooled Channel '[id: 0x0c394f62, L:/127.0.0.1:65317 - R:localhost/127.0.0.1:57840]' for 'POST' to 'http://localhost:57840/session/7e861744de19f0d0a27642e2feeddea1/element'
19:52:02.015 [Forwarding findElement on session 7e861744de19f0d0a27642e2feeddea1 to remote] DEBUG org.asynchttpclient.netty.request.NettyRequestSender - Using open Channel [id: 0x0c394f62, L:/127.0.0.1:65317 - R:localhost/127.0.0.1:57840] for POST '/session/7e861744de19f0d0a27642e2feeddea1/element'
19:52:02.016 [Darkroom Processing Line] DEBUG net.serenitybdd.core.photography.DarkroomProcessingLine - Processing screenshot image in /var/screenshots/screenshot-1940742334168194483
19:52:02.016 [Darkroom Processing Line] DEBUG net.serenitybdd.core.photography.DarkroomProcessingLine - Saving screenshot to target\site\serenity\5b666a78e08c50eac45ac59acb55af6749a53c8d313a093beb827fe142a83e10.png
19:52:02.087 [AsyncHttpClient-1-5] DEBUG org.asynchttpclient.netty.handler.HttpHandler - 

Request DefaultHttpRequest(decodeResult: success, version: HTTP/1.1)
POST /session/7e861744de19f0d0a27642e2feeddea1/element HTTP/1.1
User-Agent: selenium/4.1.2 (java windows)
Content-Length: 93
Content-Type: application/json; charset=utf-8
host: localhost:57840
accept: */*

Response DefaultHttpResponse(decodeResult: success, version: HTTP/1.1)
HTTP/1.1 200 OK
Content-Type: application/json; charset=utf-8
cache-control: no-cache
content-length: 88

19:52:02.087 [AsyncHttpClient-1-5] DEBUG org.asynchttpclient.netty.channel.ChannelManager - Adding key: http://localhost:57840 for channel [id: 0x0c394f62, L:/127.0.0.1:65317 - R:localhost/127.0.0.1:57840]
19:52:02.096 [Forwarding clearElement on session 7e861744de19f0d0a27642e2feeddea1 to remote] DEBUG org.asynchttpclient.netty.request.NettyRequestSender - Using pooled Channel '[id: 0x0c394f62, L:/127.0.0.1:65317 - R:localhost/127.0.0.1:57840]' for 'POST' to 'http://localhost:57840/session/7e861744de19f0d0a27642e2feeddea1/element/7f9d2126-cdb7-455e-90f3-d63d01cd55d4/clear'
19:52:02.097 [Forwarding clearElement on session 7e861744de19f0d0a27642e2feeddea1 to remote] DEBUG org.asynchttpclient.netty.request.NettyRequestSender - Using open Channel [id: 0x0c394f62, L:/127.0.0.1:65317 - R:localhost/127.0.0.1:57840] for POST '/session/7e861744de19f0d0a27642e2feeddea1/element/7f9d2126-cdb7-455e-90f3-d63d01cd55d4/clear'
19:52:02.152 [AsyncHttpClient-1-5] DEBUG org.asynchttpclient.netty.handler.HttpHandler - 

Request DefaultHttpRequest(decodeResult: success, version: HTTP/1.1)
POST /session/7e861744de19f0d0a27642e2feeddea1/element/7f9d2126-cdb7-455e-90f3-d63d01cd55d4/clear HTTP/1.1
User-Agent: selenium/4.1.2 (java windows)
Content-Length: 50
Content-Type: application/json; charset=utf-8
host: localhost:57840
accept: */*

Response DefaultHttpResponse(decodeResult: success, version: HTTP/1.1)
HTTP/1.1 200 OK
Content-Type: application/json; charset=utf-8
cache-control: no-cache
content-length: 14

19:52:02.152 [AsyncHttpClient-1-5] DEBUG org.asynchttpclient.netty.channel.ChannelManager - Adding key: http://localhost:57840 for channel [id: 0x0c394f62, L:/127.0.0.1:65317 - R:localhost/127.0.0.1:57840]
19:52:02.162 [Forwarding sendKeysToElement on session 7e861744de19f0d0a27642e2feeddea1 to remote] DEBUG org.asynchttpclient.netty.request.NettyRequestSender - Using pooled Channel '[id: 0x0c394f62, L:/127.0.0.1:65317 - R:localhost/127.0.0.1:57840]' for 'POST' to 'http://localhost:57840/session/7e861744de19f0d0a27642e2feeddea1/element/7f9d2126-cdb7-455e-90f3-d63d01cd55d4/value'
19:52:02.162 [Forwarding sendKeysToElement on session 7e861744de19f0d0a27642e2feeddea1 to remote] DEBUG org.asynchttpclient.netty.request.NettyRequestSender - Using open Channel [id: 0x0c394f62, L:/127.0.0.1:65317 - R:localhost/127.0.0.1:57840] for POST '/session/7e861744de19f0d0a27642e2feeddea1/element/7f9d2126-cdb7-455e-90f3-d63d01cd55d4/value'
19:52:02.285 [AsyncHttpClient-1-5] DEBUG org.asynchttpclient.netty.handler.HttpHandler - 

Request DefaultHttpRequest(decodeResult: success, version: HTTP/1.1)
POST /session/7e861744de19f0d0a27642e2feeddea1/element/7f9d2126-cdb7-455e-90f3-d63d01cd55d4/value HTTP/1.1
User-Agent: selenium/4.1.2 (java windows)
Content-Length: 141
Content-Type: application/json; charset=utf-8
host: localhost:57840
accept: */*

Response DefaultHttpResponse(decodeResult: success, version: HTTP/1.1)
HTTP/1.1 200 OK
Content-Type: application/json; charset=utf-8
cache-control: no-cache
content-length: 14

19:52:02.285 [AsyncHttpClient-1-5] DEBUG org.asynchttpclient.netty.channel.ChannelManager - Adding key: http://localhost:57840 for channel [id: 0x0c394f62, L:/127.0.0.1:65317 - R:localhost/127.0.0.1:57840]
  &amp#27;[32mAnd &amp#27;[0m&amp#27;[32mI input &amp#27;[0m&amp#27;[32m&amp#27;[1m"maylan"&amp#27;[0m&amp#27;[32m fullname&amp#27;[0m          &amp#27;[90m# starter.steps.RegistrationStep.iInputFullname(java.lang.String)&amp#27;[0m
19:52:02.308 [Forwarding screenshot on session 7e861744de19f0d0a27642e2feeddea1 to remote] DEBUG org.asynchttpclient.netty.request.NettyRequestSender - Using pooled Channel '[id: 0x0c394f62, L:/127.0.0.1:65317 - R:localhost/127.0.0.1:57840]' for 'GET' to 'http://localhost:57840/session/7e861744de19f0d0a27642e2feeddea1/screenshot'
19:52:02.308 [Forwarding screenshot on session 7e861744de19f0d0a27642e2feeddea1 to remote] DEBUG org.asynchttpclient.netty.request.NettyRequestSender - Using open Channel [id: 0x0c394f62, L:/127.0.0.1:65317 - R:localhost/127.0.0.1:57840] for GET '/session/7e861744de19f0d0a27642e2feeddea1/screenshot'
19:52:02.650 [AsyncHttpClient-1-5] DEBUG org.asynchttpclient.netty.handler.HttpHandler - 

Request DefaultFullHttpRequest(decodeResult: success, version: HTTP/1.1, content: EmptyByteBufBE)
GET /session/7e861744de19f0d0a27642e2feeddea1/screenshot HTTP/1.1
User-Agent: selenium/4.1.2 (java windows)
Cache-Control: no-cache
Content-Type: application/json; charset=utf-8
host: localhost:57840
accept: */*

Response DefaultHttpResponse(decodeResult: success, version: HTTP/1.1)
HTTP/1.1 200 OK
Content-Type: application/json; charset=utf-8
cache-control: no-cache
content-length: 46228

19:52:02.650 [AsyncHttpClient-1-5] DEBUG org.asynchttpclient.netty.channel.ChannelManager - Adding key: http://localhost:57840 for channel [id: 0x0c394f62, L:/127.0.0.1:65317 - R:localhost/127.0.0.1:57840]
19:52:02.653 [main] DEBUG net.serenitybdd.core.photography.Darkroom - Send negative for processing for target\site\serenity\a6847a4ab4e7446e300bf610d5897a9e1546f7266b691b20c7c032afefaf9884.png
19:52:02.653 [Darkroom Processing Line] DEBUG net.serenitybdd.core.photography.DarkroomProcessingLine - Processing screenshot image in /var/screenshots/screenshot-15344519764862555105
19:52:02.653 [Darkroom Processing Line] DEBUG net.serenitybdd.core.photography.DarkroomProcessingLine - Saving screenshot to target\site\serenity\a6847a4ab4e7446e300bf610d5897a9e1546f7266b691b20c7c032afefaf9884.png
19:52:02.667 [Forwarding findElement on session 7e861744de19f0d0a27642e2feeddea1 to remote] DEBUG org.asynchttpclient.netty.request.NettyRequestSender - Using pooled Channel '[id: 0x0c394f62, L:/127.0.0.1:65317 - R:localhost/127.0.0.1:57840]' for 'POST' to 'http://localhost:57840/session/7e861744de19f0d0a27642e2feeddea1/element'
19:52:02.667 [Forwarding findElement on session 7e861744de19f0d0a27642e2feeddea1 to remote] DEBUG org.asynchttpclient.netty.request.NettyRequestSender - Using open Channel [id: 0x0c394f62, L:/127.0.0.1:65317 - R:localhost/127.0.0.1:57840] for POST '/session/7e861744de19f0d0a27642e2feeddea1/element'
19:52:02.696 [AsyncHttpClient-1-5] DEBUG org.asynchttpclient.netty.handler.HttpHandler - 

Request DefaultHttpRequest(decodeResult: success, version: HTTP/1.1)
POST /session/7e861744de19f0d0a27642e2feeddea1/element HTTP/1.1
User-Agent: selenium/4.1.2 (java windows)
Content-Length: 86
Content-Type: application/json; charset=utf-8
host: localhost:57840
accept: */*

Response DefaultHttpResponse(decodeResult: success, version: HTTP/1.1)
HTTP/1.1 200 OK
Content-Type: application/json; charset=utf-8
cache-control: no-cache
content-length: 88

19:52:02.696 [AsyncHttpClient-1-5] DEBUG org.asynchttpclient.netty.channel.ChannelManager - Adding key: http://localhost:57840 for channel [id: 0x0c394f62, L:/127.0.0.1:65317 - R:localhost/127.0.0.1:57840]
19:52:02.696 [Forwarding clearElement on session 7e861744de19f0d0a27642e2feeddea1 to remote] DEBUG org.asynchttpclient.netty.request.NettyRequestSender - Using pooled Channel '[id: 0x0c394f62, L:/127.0.0.1:65317 - R:localhost/127.0.0.1:57840]' for 'POST' to 'http://localhost:57840/session/7e861744de19f0d0a27642e2feeddea1/element/641f4493-7160-4f67-9d0a-f60cbdc4fac4/clear'
19:52:02.696 [Forwarding clearElement on session 7e861744de19f0d0a27642e2feeddea1 to remote] DEBUG org.asynchttpclient.netty.request.NettyRequestSender - Using open Channel [id: 0x0c394f62, L:/127.0.0.1:65317 - R:localhost/127.0.0.1:57840] for POST '/session/7e861744de19f0d0a27642e2feeddea1/element/641f4493-7160-4f67-9d0a-f60cbdc4fac4/clear'
19:52:02.705 [AsyncHttpClient-1-1] DEBUG org.asynchttpclient.netty.channel.DefaultChannelPool - Entry count for : http://localhost:65318 : 1
19:52:02.723 [AsyncHttpClient-1-5] DEBUG org.asynchttpclient.netty.handler.HttpHandler - 

Request DefaultHttpRequest(decodeResult: success, version: HTTP/1.1)
POST /session/7e861744de19f0d0a27642e2feeddea1/element/641f4493-7160-4f67-9d0a-f60cbdc4fac4/clear HTTP/1.1
User-Agent: selenium/4.1.2 (java windows)
Content-Length: 50
Content-Type: application/json; charset=utf-8
host: localhost:57840
accept: */*

Response DefaultHttpResponse(decodeResult: success, version: HTTP/1.1)
HTTP/1.1 200 OK
Content-Type: application/json; charset=utf-8
cache-control: no-cache
content-length: 14

19:52:02.723 [AsyncHttpClient-1-5] DEBUG org.asynchttpclient.netty.channel.ChannelManager - Adding key: http://localhost:57840 for channel [id: 0x0c394f62, L:/127.0.0.1:65317 - R:localhost/127.0.0.1:57840]
19:52:02.734 [Forwarding sendKeysToElement on session 7e861744de19f0d0a27642e2feeddea1 to remote] DEBUG org.asynchttpclient.netty.request.NettyRequestSender - Using pooled Channel '[id: 0x0c394f62, L:/127.0.0.1:65317 - R:localhost/127.0.0.1:57840]' for 'POST' to 'http://localhost:57840/session/7e861744de19f0d0a27642e2feeddea1/element/641f4493-7160-4f67-9d0a-f60cbdc4fac4/value'
19:52:02.734 [Forwarding sendKeysToElement on session 7e861744de19f0d0a27642e2feeddea1 to remote] DEBUG org.asynchttpclient.netty.request.NettyRequestSender - Using open Channel [id: 0x0c394f62, L:/127.0.0.1:65317 - R:localhost/127.0.0.1:57840] for POST '/session/7e861744de19f0d0a27642e2feeddea1/element/641f4493-7160-4f67-9d0a-f60cbdc4fac4/value'
19:52:02.913 [AsyncHttpClient-1-5] DEBUG org.asynchttpclient.netty.handler.HttpHandler - 

Request DefaultHttpRequest(decodeResult: success, version: HTTP/1.1)
POST /session/7e861744de19f0d0a27642e2feeddea1/element/641f4493-7160-4f67-9d0a-f60cbdc4fac4/value HTTP/1.1
User-Agent: selenium/4.1.2 (java windows)
Content-Length: 221
Content-Type: application/json; charset=utf-8
host: localhost:57840
accept: */*

Response DefaultHttpResponse(decodeResult: success, version: HTTP/1.1)
HTTP/1.1 200 OK
Content-Type: application/json; charset=utf-8
cache-control: no-cache
content-length: 14

19:52:02.913 [AsyncHttpClient-1-5] DEBUG org.asynchttpclient.netty.channel.ChannelManager - Adding key: http://localhost:57840 for channel [id: 0x0c394f62, L:/127.0.0.1:65317 - R:localhost/127.0.0.1:57840]
  &amp#27;[32mAnd &amp#27;[0m&amp#27;[32mI input &amp#27;[0m&amp#27;[32m&amp#27;[1m"may1@gmail.com"&amp#27;[0m&amp#27;[32m new email&amp#27;[0m &amp#27;[90m# starter.steps.RegistrationStep.iInputNewEmail(java.lang.String)&amp#27;[0m
19:52:02.920 [Forwarding screenshot on session 7e861744de19f0d0a27642e2feeddea1 to remote] DEBUG org.asynchttpclient.netty.request.NettyRequestSender - Using pooled Channel '[id: 0x0c394f62, L:/127.0.0.1:65317 - R:localhost/127.0.0.1:57840]' for 'GET' to 'http://localhost:57840/session/7e861744de19f0d0a27642e2feeddea1/screenshot'
19:52:02.920 [Forwarding screenshot on session 7e861744de19f0d0a27642e2feeddea1 to remote] DEBUG org.asynchttpclient.netty.request.NettyRequestSender - Using open Channel [id: 0x0c394f62, L:/127.0.0.1:65317 - R:localhost/127.0.0.1:57840] for GET '/session/7e861744de19f0d0a27642e2feeddea1/screenshot'
19:52:03.088 [AsyncHttpClient-1-5] DEBUG org.asynchttpclient.netty.handler.HttpHandler - 

Request DefaultFullHttpRequest(decodeResult: success, version: HTTP/1.1, content: EmptyByteBufBE)
GET /session/7e861744de19f0d0a27642e2feeddea1/screenshot HTTP/1.1
User-Agent: selenium/4.1.2 (java windows)
Cache-Control: no-cache
Content-Type: application/json; charset=utf-8
host: localhost:57840
accept: */*

Response DefaultHttpResponse(decodeResult: success, version: HTTP/1.1)
HTTP/1.1 200 OK
Content-Type: application/json; charset=utf-8
cache-control: no-cache
content-length: 52064

19:52:03.088 [AsyncHttpClient-1-5] DEBUG org.asynchttpclient.netty.channel.ChannelManager - Adding key: http://localhost:57840 for channel [id: 0x0c394f62, L:/127.0.0.1:65317 - R:localhost/127.0.0.1:57840]
19:52:03.089 [main] DEBUG net.serenitybdd.core.photography.Darkroom - Send negative for processing for target\site\serenity\05af985e32f5f43aef52bae8fa1ae9c9941dbd15c6977a847339b210a34b5869.png
19:52:03.090 [Darkroom Processing Line] DEBUG net.serenitybdd.core.photography.DarkroomProcessingLine - Processing screenshot image in /var/screenshots/screenshot-12322461142367872324
19:52:03.090 [Darkroom Processing Line] DEBUG net.serenitybdd.core.photography.DarkroomProcessingLine - Saving screenshot to target\site\serenity\05af985e32f5f43aef52bae8fa1ae9c9941dbd15c6977a847339b210a34b5869.png
19:52:03.098 [Forwarding findElement on session 7e861744de19f0d0a27642e2feeddea1 to remote] DEBUG org.asynchttpclient.netty.request.NettyRequestSender - Using pooled Channel '[id: 0x0c394f62, L:/127.0.0.1:65317 - R:localhost/127.0.0.1:57840]' for 'POST' to 'http://localhost:57840/session/7e861744de19f0d0a27642e2feeddea1/element'
19:52:03.098 [Forwarding findElement on session 7e861744de19f0d0a27642e2feeddea1 to remote] DEBUG org.asynchttpclient.netty.request.NettyRequestSender - Using open Channel [id: 0x0c394f62, L:/127.0.0.1:65317 - R:localhost/127.0.0.1:57840] for POST '/session/7e861744de19f0d0a27642e2feeddea1/element'
19:52:03.106 [AsyncHttpClient-1-5] DEBUG org.asynchttpclient.netty.handler.HttpHandler - 

Request DefaultHttpRequest(decodeResult: success, version: HTTP/1.1)
POST /session/7e861744de19f0d0a27642e2feeddea1/element HTTP/1.1
User-Agent: selenium/4.1.2 (java windows)
Content-Length: 89
Content-Type: application/json; charset=utf-8
host: localhost:57840
accept: */*

Response DefaultHttpResponse(decodeResult: success, version: HTTP/1.1)
HTTP/1.1 200 OK
Content-Type: application/json; charset=utf-8
cache-control: no-cache
content-length: 88

19:52:03.106 [AsyncHttpClient-1-5] DEBUG org.asynchttpclient.netty.channel.ChannelManager - Adding key: http://localhost:57840 for channel [id: 0x0c394f62, L:/127.0.0.1:65317 - R:localhost/127.0.0.1:57840]
19:52:03.106 [Forwarding clearElement on session 7e861744de19f0d0a27642e2feeddea1 to remote] DEBUG org.asynchttpclient.netty.request.NettyRequestSender - Using pooled Channel '[id: 0x0c394f62, L:/127.0.0.1:65317 - R:localhost/127.0.0.1:57840]' for 'POST' to 'http://localhost:57840/session/7e861744de19f0d0a27642e2feeddea1/element/d2e0c26e-45c1-4a11-a328-25d872ad8e98/clear'
19:52:03.106 [Forwarding clearElement on session 7e861744de19f0d0a27642e2feeddea1 to remote] DEBUG org.asynchttpclient.netty.request.NettyRequestSender - Using open Channel [id: 0x0c394f62, L:/127.0.0.1:65317 - R:localhost/127.0.0.1:57840] for POST '/session/7e861744de19f0d0a27642e2feeddea1/element/d2e0c26e-45c1-4a11-a328-25d872ad8e98/clear'
19:52:03.164 [AsyncHttpClient-1-5] DEBUG org.asynchttpclient.netty.handler.HttpHandler - 

Request DefaultHttpRequest(decodeResult: success, version: HTTP/1.1)
POST /session/7e861744de19f0d0a27642e2feeddea1/element/d2e0c26e-45c1-4a11-a328-25d872ad8e98/clear HTTP/1.1
User-Agent: selenium/4.1.2 (java windows)
Content-Length: 50
Content-Type: application/json; charset=utf-8
host: localhost:57840
accept: */*

Response DefaultHttpResponse(decodeResult: success, version: HTTP/1.1)
HTTP/1.1 200 OK
Content-Type: application/json; charset=utf-8
cache-control: no-cache
content-length: 14

19:52:03.164 [AsyncHttpClient-1-5] DEBUG org.asynchttpclient.netty.channel.ChannelManager - Adding key: http://localhost:57840 for channel [id: 0x0c394f62, L:/127.0.0.1:65317 - R:localhost/127.0.0.1:57840]
19:52:03.166 [Forwarding sendKeysToElement on session 7e861744de19f0d0a27642e2feeddea1 to remote] DEBUG org.asynchttpclient.netty.request.NettyRequestSender - Using pooled Channel '[id: 0x0c394f62, L:/127.0.0.1:65317 - R:localhost/127.0.0.1:57840]' for 'POST' to 'http://localhost:57840/session/7e861744de19f0d0a27642e2feeddea1/element/d2e0c26e-45c1-4a11-a328-25d872ad8e98/value'
19:52:03.166 [Forwarding sendKeysToElement on session 7e861744de19f0d0a27642e2feeddea1 to remote] DEBUG org.asynchttpclient.netty.request.NettyRequestSender - Using open Channel [id: 0x0c394f62, L:/127.0.0.1:65317 - R:localhost/127.0.0.1:57840] for POST '/session/7e861744de19f0d0a27642e2feeddea1/element/d2e0c26e-45c1-4a11-a328-25d872ad8e98/value'
19:52:03.260 [AsyncHttpClient-1-5] DEBUG org.asynchttpclient.netty.handler.HttpHandler - 

Request DefaultHttpRequest(decodeResult: success, version: HTTP/1.1)
POST /session/7e861744de19f0d0a27642e2feeddea1/element/d2e0c26e-45c1-4a11-a328-25d872ad8e98/value HTTP/1.1
User-Agent: selenium/4.1.2 (java windows)
Content-Length: 82
Content-Type: application/json; charset=utf-8
host: localhost:57840
accept: */*

Response DefaultHttpResponse(decodeResult: success, version: HTTP/1.1)
HTTP/1.1 200 OK
Content-Type: application/json; charset=utf-8
cache-control: no-cache
content-length: 14

19:52:03.261 [AsyncHttpClient-1-5] DEBUG org.asynchttpclient.netty.channel.ChannelManager - Adding key: http://localhost:57840 for channel [id: 0x0c394f62, L:/127.0.0.1:65317 - R:localhost/127.0.0.1:57840]
  &amp#27;[32mAnd &amp#27;[0m&amp#27;[32mI input &amp#27;[0m&amp#27;[32m&amp#27;[1m""&amp#27;[0m&amp#27;[32m new password&amp#27;[0m            &amp#27;[90m# starter.steps.RegistrationStep.iInputNewPassword(java.lang.String)&amp#27;[0m
19:52:03.267 [Forwarding screenshot on session 7e861744de19f0d0a27642e2feeddea1 to remote] DEBUG org.asynchttpclient.netty.request.NettyRequestSender - Using pooled Channel '[id: 0x0c394f62, L:/127.0.0.1:65317 - R:localhost/127.0.0.1:57840]' for 'GET' to 'http://localhost:57840/session/7e861744de19f0d0a27642e2feeddea1/screenshot'
19:52:03.267 [Forwarding screenshot on session 7e861744de19f0d0a27642e2feeddea1 to remote] DEBUG org.asynchttpclient.netty.request.NettyRequestSender - Using open Channel [id: 0x0c394f62, L:/127.0.0.1:65317 - R:localhost/127.0.0.1:57840] for GET '/session/7e861744de19f0d0a27642e2feeddea1/screenshot'
19:52:03.526 [AsyncHttpClient-1-5] DEBUG org.asynchttpclient.netty.handler.HttpHandler - 

Request DefaultFullHttpRequest(decodeResult: success, version: HTTP/1.1, content: EmptyByteBufBE)
GET /session/7e861744de19f0d0a27642e2feeddea1/screenshot HTTP/1.1
User-Agent: selenium/4.1.2 (java windows)
Cache-Control: no-cache
Content-Type: application/json; charset=utf-8
host: localhost:57840
accept: */*

Response DefaultHttpResponse(decodeResult: success, version: HTTP/1.1)
HTTP/1.1 200 OK
Content-Type: application/json; charset=utf-8
cache-control: no-cache
content-length: 51708

19:52:03.526 [AsyncHttpClient-1-5] DEBUG org.asynchttpclient.netty.channel.ChannelManager - Adding key: http://localhost:57840 for channel [id: 0x0c394f62, L:/127.0.0.1:65317 - R:localhost/127.0.0.1:57840]
19:52:03.536 [main] DEBUG net.serenitybdd.core.photography.Darkroom - Send negative for processing for target\site\serenity\b8f206695911282eba278f1cb8440c2b9bd7cdbc96dac5c40c33219083a615fc.png
19:52:03.576 [Forwarding findElement on session 7e861744de19f0d0a27642e2feeddea1 to remote] DEBUG org.asynchttpclient.netty.request.NettyRequestSender - Using pooled Channel '[id: 0x0c394f62, L:/127.0.0.1:65317 - R:localhost/127.0.0.1:57840]' for 'POST' to 'http://localhost:57840/session/7e861744de19f0d0a27642e2feeddea1/element'
19:52:03.576 [Forwarding findElement on session 7e861744de19f0d0a27642e2feeddea1 to remote] DEBUG org.asynchttpclient.netty.request.NettyRequestSender - Using open Channel [id: 0x0c394f62, L:/127.0.0.1:65317 - R:localhost/127.0.0.1:57840] for POST '/session/7e861744de19f0d0a27642e2feeddea1/element'
19:52:03.580 [Darkroom Processing Line] DEBUG net.serenitybdd.core.photography.DarkroomProcessingLine - Processing screenshot image in /var/screenshots/screenshot-10192708603287411058
19:52:03.580 [Darkroom Processing Line] DEBUG net.serenitybdd.core.photography.DarkroomProcessingLine - Saving screenshot to target\site\serenity\b8f206695911282eba278f1cb8440c2b9bd7cdbc96dac5c40c33219083a615fc.png
19:52:03.624 [AsyncHttpClient-1-5] DEBUG org.asynchttpclient.netty.handler.HttpHandler - 

Request DefaultHttpRequest(decodeResult: success, version: HTTP/1.1)
POST /session/7e861744de19f0d0a27642e2feeddea1/element HTTP/1.1
User-Agent: selenium/4.1.2 (java windows)
Content-Length: 141
Content-Type: application/json; charset=utf-8
host: localhost:57840
accept: */*

Response DefaultHttpResponse(decodeResult: success, version: HTTP/1.1)
HTTP/1.1 200 OK
Content-Type: application/json; charset=utf-8
cache-control: no-cache
content-length: 88

19:52:03.625 [AsyncHttpClient-1-5] DEBUG org.asynchttpclient.netty.channel.ChannelManager - Adding key: http://localhost:57840 for channel [id: 0x0c394f62, L:/127.0.0.1:65317 - R:localhost/127.0.0.1:57840]
19:52:03.631 [Forwarding getElementTagName on session 7e861744de19f0d0a27642e2feeddea1 to remote] DEBUG org.asynchttpclient.netty.request.NettyRequestSender - Using pooled Channel '[id: 0x0c394f62, L:/127.0.0.1:65317 - R:localhost/127.0.0.1:57840]' for 'GET' to 'http://localhost:57840/session/7e861744de19f0d0a27642e2feeddea1/element/c64d9fd1-b96d-4be9-9b05-3811e61ea4d6/name'
19:52:03.631 [Forwarding getElementTagName on session 7e861744de19f0d0a27642e2feeddea1 to remote] DEBUG org.asynchttpclient.netty.request.NettyRequestSender - Using open Channel [id: 0x0c394f62, L:/127.0.0.1:65317 - R:localhost/127.0.0.1:57840] for GET '/session/7e861744de19f0d0a27642e2feeddea1/element/c64d9fd1-b96d-4be9-9b05-3811e61ea4d6/name'
19:52:03.667 [AsyncHttpClient-1-5] DEBUG org.asynchttpclient.netty.handler.HttpHandler - 

Request DefaultFullHttpRequest(decodeResult: success, version: HTTP/1.1, content: EmptyByteBufBE)
GET /session/7e861744de19f0d0a27642e2feeddea1/element/c64d9fd1-b96d-4be9-9b05-3811e61ea4d6/name HTTP/1.1
User-Agent: selenium/4.1.2 (java windows)
Cache-Control: no-cache
Content-Type: application/json; charset=utf-8
host: localhost:57840
accept: */*

Response DefaultHttpResponse(decodeResult: success, version: HTTP/1.1)
HTTP/1.1 200 OK
Content-Type: application/json; charset=utf-8
cache-control: no-cache
content-length: 18

19:52:03.667 [AsyncHttpClient-1-5] DEBUG org.asynchttpclient.netty.channel.ChannelManager - Adding key: http://localhost:57840 for channel [id: 0x0c394f62, L:/127.0.0.1:65317 - R:localhost/127.0.0.1:57840]
19:52:03.672 [Forwarding getElementTagName on session 7e861744de19f0d0a27642e2feeddea1 to remote] DEBUG org.asynchttpclient.netty.request.NettyRequestSender - Using pooled Channel '[id: 0x0c394f62, L:/127.0.0.1:65317 - R:localhost/127.0.0.1:57840]' for 'GET' to 'http://localhost:57840/session/7e861744de19f0d0a27642e2feeddea1/element/c64d9fd1-b96d-4be9-9b05-3811e61ea4d6/name'
19:52:03.672 [Forwarding getElementTagName on session 7e861744de19f0d0a27642e2feeddea1 to remote] DEBUG org.asynchttpclient.netty.request.NettyRequestSender - Using open Channel [id: 0x0c394f62, L:/127.0.0.1:65317 - R:localhost/127.0.0.1:57840] for GET '/session/7e861744de19f0d0a27642e2feeddea1/element/c64d9fd1-b96d-4be9-9b05-3811e61ea4d6/name'
19:52:03.737 [AsyncHttpClient-1-5] DEBUG org.asynchttpclient.netty.handler.HttpHandler - 

Request DefaultFullHttpRequest(decodeResult: success, version: HTTP/1.1, content: EmptyByteBufBE)
GET /session/7e861744de19f0d0a27642e2feeddea1/element/c64d9fd1-b96d-4be9-9b05-3811e61ea4d6/name HTTP/1.1
User-Agent: selenium/4.1.2 (java windows)
Cache-Control: no-cache
Content-Type: application/json; charset=utf-8
host: localhost:57840
accept: */*

Response DefaultHttpResponse(decodeResult: success, version: HTTP/1.1)
HTTP/1.1 200 OK
Content-Type: application/json; charset=utf-8
cache-control: no-cache
content-length: 18

19:52:03.737 [AsyncHttpClient-1-5] DEBUG org.asynchttpclient.netty.channel.ChannelManager - Adding key: http://localhost:57840 for channel [id: 0x0c394f62, L:/127.0.0.1:65317 - R:localhost/127.0.0.1:57840]
19:52:03.741 [Forwarding isElementEnabled on session 7e861744de19f0d0a27642e2feeddea1 to remote] DEBUG org.asynchttpclient.netty.request.NettyRequestSender - Using pooled Channel '[id: 0x0c394f62, L:/127.0.0.1:65317 - R:localhost/127.0.0.1:57840]' for 'GET' to 'http://localhost:57840/session/7e861744de19f0d0a27642e2feeddea1/element/c64d9fd1-b96d-4be9-9b05-3811e61ea4d6/enabled'
19:52:03.741 [Forwarding isElementEnabled on session 7e861744de19f0d0a27642e2feeddea1 to remote] DEBUG org.asynchttpclient.netty.request.NettyRequestSender - Using open Channel [id: 0x0c394f62, L:/127.0.0.1:65317 - R:localhost/127.0.0.1:57840] for GET '/session/7e861744de19f0d0a27642e2feeddea1/element/c64d9fd1-b96d-4be9-9b05-3811e61ea4d6/enabled'
19:52:03.797 [AsyncHttpClient-1-5] DEBUG org.asynchttpclient.netty.handler.HttpHandler - 

Request DefaultFullHttpRequest(decodeResult: success, version: HTTP/1.1, content: EmptyByteBufBE)
GET /session/7e861744de19f0d0a27642e2feeddea1/element/c64d9fd1-b96d-4be9-9b05-3811e61ea4d6/enabled HTTP/1.1
User-Agent: selenium/4.1.2 (java windows)
Cache-Control: no-cache
Content-Type: application/json; charset=utf-8
host: localhost:57840
accept: */*

Response DefaultHttpResponse(decodeResult: success, version: HTTP/1.1)
HTTP/1.1 200 OK
Content-Type: application/json; charset=utf-8
cache-control: no-cache
content-length: 14

19:52:03.797 [AsyncHttpClient-1-5] DEBUG org.asynchttpclient.netty.channel.ChannelManager - Adding key: http://localhost:57840 for channel [id: 0x0c394f62, L:/127.0.0.1:65317 - R:localhost/127.0.0.1:57840]
19:52:03.798 [Forwarding isElementEnabled on session 7e861744de19f0d0a27642e2feeddea1 to remote] DEBUG org.asynchttpclient.netty.request.NettyRequestSender - Using pooled Channel '[id: 0x0c394f62, L:/127.0.0.1:65317 - R:localhost/127.0.0.1:57840]' for 'GET' to 'http://localhost:57840/session/7e861744de19f0d0a27642e2feeddea1/element/c64d9fd1-b96d-4be9-9b05-3811e61ea4d6/enabled'
19:52:03.798 [Forwarding isElementEnabled on session 7e861744de19f0d0a27642e2feeddea1 to remote] DEBUG org.asynchttpclient.netty.request.NettyRequestSender - Using open Channel [id: 0x0c394f62, L:/127.0.0.1:65317 - R:localhost/127.0.0.1:57840] for GET '/session/7e861744de19f0d0a27642e2feeddea1/element/c64d9fd1-b96d-4be9-9b05-3811e61ea4d6/enabled'
19:52:03.803 [AsyncHttpClient-1-5] DEBUG org.asynchttpclient.netty.handler.HttpHandler - 

Request DefaultFullHttpRequest(decodeResult: success, version: HTTP/1.1, content: EmptyByteBufBE)
GET /session/7e861744de19f0d0a27642e2feeddea1/element/c64d9fd1-b96d-4be9-9b05-3811e61ea4d6/enabled HTTP/1.1
User-Agent: selenium/4.1.2 (java windows)
Cache-Control: no-cache
Content-Type: application/json; charset=utf-8
host: localhost:57840
accept: */*

Response DefaultHttpResponse(decodeResult: success, version: HTTP/1.1)
HTTP/1.1 200 OK
Content-Type: application/json; charset=utf-8
cache-control: no-cache
content-length: 14

19:52:03.803 [AsyncHttpClient-1-5] DEBUG org.asynchttpclient.netty.channel.ChannelManager - Adding key: http://localhost:57840 for channel [id: 0x0c394f62, L:/127.0.0.1:65317 - R:localhost/127.0.0.1:57840]
19:52:03.804 [Forwarding findElement on session 7e861744de19f0d0a27642e2feeddea1 to remote] DEBUG org.asynchttpclient.netty.request.NettyRequestSender - Using pooled Channel '[id: 0x0c394f62, L:/127.0.0.1:65317 - R:localhost/127.0.0.1:57840]' for 'POST' to 'http://localhost:57840/session/7e861744de19f0d0a27642e2feeddea1/element'
19:52:03.804 [Forwarding findElement on session 7e861744de19f0d0a27642e2feeddea1 to remote] DEBUG org.asynchttpclient.netty.request.NettyRequestSender - Using open Channel [id: 0x0c394f62, L:/127.0.0.1:65317 - R:localhost/127.0.0.1:57840] for POST '/session/7e861744de19f0d0a27642e2feeddea1/element'
19:52:03.808 [AsyncHttpClient-1-1] DEBUG org.asynchttpclient.netty.channel.DefaultChannelPool - Entry count for : http://localhost:65318 : 1
19:52:03.817 [AsyncHttpClient-1-5] DEBUG org.asynchttpclient.netty.handler.HttpHandler - 

Request DefaultHttpRequest(decodeResult: success, version: HTTP/1.1)
POST /session/7e861744de19f0d0a27642e2feeddea1/element HTTP/1.1
User-Agent: selenium/4.1.2 (java windows)
Content-Length: 141
Content-Type: application/json; charset=utf-8
host: localhost:57840
accept: */*

Response DefaultHttpResponse(decodeResult: success, version: HTTP/1.1)
HTTP/1.1 200 OK
Content-Type: application/json; charset=utf-8
cache-control: no-cache
content-length: 88

19:52:03.817 [AsyncHttpClient-1-5] DEBUG org.asynchttpclient.netty.channel.ChannelManager - Adding key: http://localhost:57840 for channel [id: 0x0c394f62, L:/127.0.0.1:65317 - R:localhost/127.0.0.1:57840]
19:52:03.823 [Forwarding clickElement on session 7e861744de19f0d0a27642e2feeddea1 to remote] DEBUG org.asynchttpclient.netty.request.NettyRequestSender - Using pooled Channel '[id: 0x0c394f62, L:/127.0.0.1:65317 - R:localhost/127.0.0.1:57840]' for 'POST' to 'http://localhost:57840/session/7e861744de19f0d0a27642e2feeddea1/element/c64d9fd1-b96d-4be9-9b05-3811e61ea4d6/click'
19:52:03.823 [Forwarding clickElement on session 7e861744de19f0d0a27642e2feeddea1 to remote] DEBUG org.asynchttpclient.netty.request.NettyRequestSender - Using open Channel [id: 0x0c394f62, L:/127.0.0.1:65317 - R:localhost/127.0.0.1:57840] for POST '/session/7e861744de19f0d0a27642e2feeddea1/element/c64d9fd1-b96d-4be9-9b05-3811e61ea4d6/click'
19:52:03.864 [AsyncHttpClient-1-5] DEBUG org.asynchttpclient.netty.handler.HttpHandler - 

Request DefaultHttpRequest(decodeResult: success, version: HTTP/1.1)
POST /session/7e861744de19f0d0a27642e2feeddea1/element/c64d9fd1-b96d-4be9-9b05-3811e61ea4d6/click HTTP/1.1
User-Agent: selenium/4.1.2 (java windows)
Content-Length: 50
Content-Type: application/json; charset=utf-8
host: localhost:57840
accept: */*

Response DefaultHttpResponse(decodeResult: success, version: HTTP/1.1)
HTTP/1.1 200 OK
Content-Type: application/json; charset=utf-8
cache-control: no-cache
content-length: 14

19:52:03.864 [AsyncHttpClient-1-5] DEBUG org.asynchttpclient.netty.channel.ChannelManager - Adding key: http://localhost:57840 for channel [id: 0x0c394f62, L:/127.0.0.1:65317 - R:localhost/127.0.0.1:57840]
  &amp#27;[32mAnd &amp#27;[0m&amp#27;[32mI click register button&amp#27;[0m            &amp#27;[90m# starter.steps.RegistrationStep.iClickRegisterButton()&amp#27;[0m
19:52:03.869 [Forwarding screenshot on session 7e861744de19f0d0a27642e2feeddea1 to remote] DEBUG org.asynchttpclient.netty.request.NettyRequestSender - Using pooled Channel '[id: 0x0c394f62, L:/127.0.0.1:65317 - R:localhost/127.0.0.1:57840]' for 'GET' to 'http://localhost:57840/session/7e861744de19f0d0a27642e2feeddea1/screenshot'
19:52:03.869 [Forwarding screenshot on session 7e861744de19f0d0a27642e2feeddea1 to remote] DEBUG org.asynchttpclient.netty.request.NettyRequestSender - Using open Channel [id: 0x0c394f62, L:/127.0.0.1:65317 - R:localhost/127.0.0.1:57840] for GET '/session/7e861744de19f0d0a27642e2feeddea1/screenshot'
19:52:04.069 [AsyncHttpClient-1-5] DEBUG org.asynchttpclient.netty.handler.HttpHandler - 

Request DefaultFullHttpRequest(decodeResult: success, version: HTTP/1.1, content: EmptyByteBufBE)
GET /session/7e861744de19f0d0a27642e2feeddea1/screenshot HTTP/1.1
User-Agent: selenium/4.1.2 (java windows)
Cache-Control: no-cache
Content-Type: application/json; charset=utf-8
host: localhost:57840
accept: */*

Response DefaultHttpResponse(decodeResult: success, version: HTTP/1.1)
HTTP/1.1 200 OK
Content-Type: application/json; charset=utf-8
cache-control: no-cache
content-length: 51964

19:52:04.069 [AsyncHttpClient-1-5] DEBUG org.asynchttpclient.netty.channel.ChannelManager - Adding key: http://localhost:57840 for channel [id: 0x0c394f62, L:/127.0.0.1:65317 - R:localhost/127.0.0.1:57840]
19:52:04.071 [main] DEBUG net.serenitybdd.core.photography.Darkroom - Send negative for processing for target\site\serenity\a25284ff11fcde9297fbc57347f809de35ce33578c72ecdc695c8423c089b5c6.png
19:52:04.071 [Darkroom Processing Line] DEBUG net.serenitybdd.core.photography.DarkroomProcessingLine - Processing screenshot image in /var/screenshots/screenshot-5387174103203326483
19:52:04.071 [Darkroom Processing Line] DEBUG net.serenitybdd.core.photography.DarkroomProcessingLine - Saving screenshot to target\site\serenity\a25284ff11fcde9297fbc57347f809de35ce33578c72ecdc695c8423c089b5c6.png
19:52:04.092 [Forwarding findElement on session 7e861744de19f0d0a27642e2feeddea1 to remote] DEBUG org.asynchttpclient.netty.request.NettyRequestSender - Using pooled Channel '[id: 0x0c394f62, L:/127.0.0.1:65317 - R:localhost/127.0.0.1:57840]' for 'POST' to 'http://localhost:57840/session/7e861744de19f0d0a27642e2feeddea1/element'
19:52:04.092 [Forwarding findElement on session 7e861744de19f0d0a27642e2feeddea1 to remote] DEBUG org.asynchttpclient.netty.request.NettyRequestSender - Using open Channel [id: 0x0c394f62, L:/127.0.0.1:65317 - R:localhost/127.0.0.1:57840] for POST '/session/7e861744de19f0d0a27642e2feeddea1/element'
19:52:04.916 [AsyncHttpClient-1-1] DEBUG org.asynchttpclient.netty.channel.DefaultChannelPool - Entry count for : http://localhost:65318 : 1
19:52:05.056 [AsyncHttpClient-1-5] DEBUG org.asynchttpclient.netty.handler.HttpHandler - 

Request DefaultHttpRequest(decodeResult: success, version: HTTP/1.1)
POST /session/7e861744de19f0d0a27642e2feeddea1/element HTTP/1.1
User-Agent: selenium/4.1.2 (java windows)
Content-Length: 79
Content-Type: application/json; charset=utf-8
host: localhost:57840
accept: */*

Response DefaultHttpResponse(decodeResult: success, version: HTTP/1.1)
HTTP/1.1 200 OK
Content-Type: application/json; charset=utf-8
cache-control: no-cache
content-length: 88

19:52:05.056 [AsyncHttpClient-1-5] DEBUG org.asynchttpclient.netty.channel.ChannelManager - Adding key: http://localhost:57840 for channel [id: 0x0c394f62, L:/127.0.0.1:65317 - R:localhost/127.0.0.1:57840]
19:52:05.059 [Forwarding isElementDisplayed on session 7e861744de19f0d0a27642e2feeddea1 to remote] DEBUG org.asynchttpclient.netty.request.NettyRequestSender - Using pooled Channel '[id: 0x0c394f62, L:/127.0.0.1:65317 - R:localhost/127.0.0.1:57840]' for 'POST' to 'http://localhost:57840/session/7e861744de19f0d0a27642e2feeddea1/execute/sync'
19:52:05.059 [Forwarding isElementDisplayed on session 7e861744de19f0d0a27642e2feeddea1 to remote] DEBUG org.asynchttpclient.netty.request.NettyRequestSender - Using open Channel [id: 0x0c394f62, L:/127.0.0.1:65317 - R:localhost/127.0.0.1:57840] for POST '/session/7e861744de19f0d0a27642e2feeddea1/execute/sync'
19:52:05.073 [AsyncHttpClient-1-5] DEBUG org.asynchttpclient.netty.handler.HttpHandler - 

Request DefaultHttpRequest(decodeResult: success, version: HTTP/1.1)
POST /session/7e861744de19f0d0a27642e2feeddea1/execute/sync HTTP/1.1
User-Agent: selenium/4.1.2 (java windows)
Content-Length: 48780
Content-Type: application/json; charset=utf-8
host: localhost:57840
accept: */*

Response DefaultHttpResponse(decodeResult: success, version: HTTP/1.1)
HTTP/1.1 200 OK
Content-Type: application/json; charset=utf-8
cache-control: no-cache
content-length: 14

19:52:05.073 [AsyncHttpClient-1-5] DEBUG org.asynchttpclient.netty.channel.ChannelManager - Adding key: http://localhost:57840 for channel [id: 0x0c394f62, L:/127.0.0.1:65317 - R:localhost/127.0.0.1:57840]
  &amp#27;[32mThen &amp#27;[0m&amp#27;[32mI can &amp#27;[0m&amp#27;[32m&amp#27;[1m"cant regis"&amp#27;[0m&amp#27;[32m register&amp#27;[0m       &amp#27;[90m# starter.steps.RegistrationStep.iCanRegister(java.lang.String)&amp#27;[0m
19:52:05.076 [Forwarding screenshot on session 7e861744de19f0d0a27642e2feeddea1 to remote] DEBUG org.asynchttpclient.netty.request.NettyRequestSender - Using pooled Channel '[id: 0x0c394f62, L:/127.0.0.1:65317 - R:localhost/127.0.0.1:57840]' for 'GET' to 'http://localhost:57840/session/7e861744de19f0d0a27642e2feeddea1/screenshot'
19:52:05.076 [Forwarding screenshot on session 7e861744de19f0d0a27642e2feeddea1 to remote] DEBUG org.asynchttpclient.netty.request.NettyRequestSender - Using open Channel [id: 0x0c394f62, L:/127.0.0.1:65317 - R:localhost/127.0.0.1:57840] for GET '/session/7e861744de19f0d0a27642e2feeddea1/screenshot'
19:52:05.250 [AsyncHttpClient-1-5] DEBUG org.asynchttpclient.netty.handler.HttpHandler - 

Request DefaultFullHttpRequest(decodeResult: success, version: HTTP/1.1, content: EmptyByteBufBE)
GET /session/7e861744de19f0d0a27642e2feeddea1/screenshot HTTP/1.1
User-Agent: selenium/4.1.2 (java windows)
Cache-Control: no-cache
Content-Type: application/json; charset=utf-8
host: localhost:57840
accept: */*

Response DefaultHttpResponse(decodeResult: success, version: HTTP/1.1)
HTTP/1.1 200 OK
Content-Type: application/json; charset=utf-8
cache-control: no-cache
content-length: 53728

19:52:05.250 [AsyncHttpClient-1-5] DEBUG org.asynchttpclient.netty.channel.ChannelManager - Adding key: http://localhost:57840 for channel [id: 0x0c394f62, L:/127.0.0.1:65317 - R:localhost/127.0.0.1:57840]
19:52:05.252 [main] DEBUG net.serenitybdd.core.photography.Darkroom - Send negative for processing for target\site\serenity\cca7db78e70f593ebc76a518ae2bb4056900d4fb0292a214333e4358b75aaf27.png
19:52:05.253 [Darkroom Processing Line] DEBUG net.serenitybdd.core.photography.DarkroomProcessingLine - Processing screenshot image in /var/screenshots/screenshot-6096480648235164907
19:52:05.253 [Darkroom Processing Line] DEBUG net.serenitybdd.core.photography.DarkroomProcessingLine - Saving screenshot to target\site\serenity\cca7db78e70f593ebc76a518ae2bb4056900d4fb0292a214333e4358b75aaf27.png
19:52:05.258 [AsyncHttpClient-1-7] DEBUG org.asynchttpclient.netty.handler.WebSocketHandler - Channel Closed: [id: 0xf6059162, L:/127.0.0.1:65325 ! R:localhost/127.0.0.1:65318] with attribute NettyResponseFuture{currentRetry=5,
	isDone=1,
	isCancelled=0,
	asyncHandler=org.asynchttpclient.ws.WebSocketUpgradeHandler@68464224,
	nettyRequest=org.asynchttpclient.netty.request.NettyRequest@2889028c,
	future=java.util.concurrent.CompletableFuture@41d708e3[Completed normally],
	uri=ws://localhost:65318/devtools/browser/232f878e-1f27-415b-8471-26cafaaed271,
	keepAlive=true,
	redirectCount=0,
	timeoutsHolder=null,
	inAuth=0,
	touch=1667220695493}
19:52:05.258 [AsyncHttpClient-1-7] DEBUG org.asynchttpclient.netty.channel.ChannelManager - Closing Channel [id: 0xf6059162, L:/127.0.0.1:65325 ! R:localhost/127.0.0.1:65318] 
19:52:05.258 [Driver Command Executor] DEBUG org.asynchttpclient.netty.request.NettyRequestSender - Using pooled Channel '[id: 0x0c394f62, L:/127.0.0.1:65317 - R:localhost/127.0.0.1:57840]' for 'DELETE' to 'http://localhost:57840/session/7e861744de19f0d0a27642e2feeddea1'
19:52:05.258 [Driver Command Executor] DEBUG org.asynchttpclient.netty.request.NettyRequestSender - Using open Channel [id: 0x0c394f62, L:/127.0.0.1:65317 - R:localhost/127.0.0.1:57840] for DELETE '/session/7e861744de19f0d0a27642e2feeddea1'
19:52:05.327 [AsyncHttpClient-1-6] DEBUG org.asynchttpclient.netty.handler.HttpHandler - Unexpected I/O exception on channel [id: 0x9b515bf7, L:/127.0.0.1:65323 - R:localhost/127.0.0.1:65318]
java.io.IOException: An existing connection was forcibly closed by the remote host
	at java.base/sun.nio.ch.SocketDispatcher.read0(Native Method)
	at java.base/sun.nio.ch.SocketDispatcher.read(SocketDispatcher.java:43)
	at java.base/sun.nio.ch.IOUtil.readIntoNativeBuffer(IOUtil.java:276)
	at java.base/sun.nio.ch.IOUtil.read(IOUtil.java:233)
	at java.base/sun.nio.ch.IOUtil.read(IOUtil.java:223)
	at java.base/sun.nio.ch.SocketChannelImpl.read(SocketChannelImpl.java:358)
	at io.netty.buffer.PooledByteBuf.setBytes(PooledByteBuf.java:258)
	at io.netty.buffer.AbstractByteBuf.writeBytes(AbstractByteBuf.java:1132)
	at io.netty.channel.socket.nio.NioSocketChannel.doReadBytes(NioSocketChannel.java:350)
	at io.netty.channel.nio.AbstractNioByteChannel$NioByteUnsafe.read(AbstractNioByteChannel.java:151)
	at io.netty.channel.nio.NioEventLoop.processSelectedKey(NioEventLoop.java:722)
	at io.netty.channel.nio.NioEventLoop.processSelectedKeysOptimized(NioEventLoop.java:658)
	at io.netty.channel.nio.NioEventLoop.processSelectedKeys(NioEventLoop.java:584)
	at io.netty.channel.nio.NioEventLoop.run(NioEventLoop.java:496)
	at io.netty.util.concurrent.SingleThreadEventExecutor$4.run(SingleThreadEventExecutor.java:986)
	at io.netty.util.internal.ThreadExecutorMap$2.run(ThreadExecutorMap.java:74)
	at io.netty.util.concurrent.FastThreadLocalRunnable.run(FastThreadLocalRunnable.java:30)
	at java.base/java.lang.Thread.run(Thread.java:834)
19:52:05.327 [AsyncHttpClient-1-6] DEBUG org.asynchttpclient.netty.channel.ChannelManager - Closing Channel [id: 0x9b515bf7, L:/127.0.0.1:65323 - R:localhost/127.0.0.1:65318] 
19:52:05.327 [AsyncHttpClient-1-6] DEBUG org.asynchttpclient.netty.handler.HttpHandler - Channel Closed: [id: 0x9b515bf7, L:/127.0.0.1:65323 ! R:localhost/127.0.0.1:65318] with attribute DISCARD
19:52:05.370 [AsyncHttpClient-1-5] DEBUG org.asynchttpclient.netty.handler.HttpHandler - 

Request DefaultFullHttpRequest(decodeResult: success, version: HTTP/1.1, content: EmptyByteBufBE)
DELETE /session/7e861744de19f0d0a27642e2feeddea1 HTTP/1.1
User-Agent: selenium/4.1.2 (java windows)
Content-Type: application/json; charset=utf-8
host: localhost:57840
accept: */*

Response DefaultHttpResponse(decodeResult: success, version: HTTP/1.1)
HTTP/1.1 200 OK
Content-Type: application/json; charset=utf-8
cache-control: no-cache
content-length: 14

19:52:05.370 [AsyncHttpClient-1-5] DEBUG org.asynchttpclient.netty.channel.ChannelManager - Adding key: http://localhost:57840 for channel [id: 0x0c394f62, L:/127.0.0.1:65317 - R:localhost/127.0.0.1:57840]
19:52:05.414 [AsyncHttpClient-1-5] DEBUG org.asynchttpclient.netty.handler.HttpHandler - Channel Closed: [id: 0x0c394f62, L:/127.0.0.1:65317 ! R:localhost/127.0.0.1:57840] with attribute DISCARD
]]></system-out>
    <system-err><![CDATA[Starting ChromeDriver 106.0.5249.61 (511755355844955cd3e264779baf0dd38212a4d0-refs/branch-heads/5249@{#569}) on port 57840
Only local connections are allowed.
Please see https://chromedriver.chromium.org/security-considerations for suggestions on keeping ChromeDriver safe.
ChromeDriver was started successfully.
Oct 31, 2022 7:51:35 PM org.openqa.selenium.remote.ProtocolHandshake createSession
INFO: Detected dialect: W3C
Oct 31, 2022 7:51:35 PM org.openqa.selenium.devtools.CdpVersionFinder findNearestMatch
WARNING: Unable to find an exact match for CDP version 106, so returning the closest version found: a no-op implementation
Oct 31, 2022 7:51:35 PM org.openqa.selenium.devtools.CdpVersionFinder findNearestMatch
INFO: Unable to find CDP implementation matching 106.
Oct 31, 2022 7:51:35 PM org.openqa.selenium.chromium.ChromiumDriver lambda$new$3
WARNING: Unable to find version of CDP to use for . You may need to include a dependency on a specific version of the CDP using something similar to `org.seleniumhq.selenium:selenium-devtools-v86:4.1.2` where the version ("v86") matches the version of the chromium-based browser you're using and the version number of the artifact is the same as Selenium's.
]]></system-err>
  </testcase>
  <testcase name="New Register #9" classname="Register" time="29.227">
    <system-out><![CDATA[
@Register
Scenario Outline: New Register     &amp#27;[90m# src/test/resources/features/login/Registration.feature:26&amp#27;[0m
19:52:05.515 [main] INFO io.cucumber.core.plugin.SerenityReporter - Running feature from file:///D:/TIC/Kampus%20Merdeka/MSIB/Studi%20Independen/Alterra/MiniProject/MiniProjWeb/src/test/resources/features/login/Registration.feature
19:52:05.525 [main] INFO net.serenitybdd.core.webdriver.driverproviders.ChromeDriverProvider - Using automatically driver download
19:52:05.656 [main] DEBUG io.github.bonigarcia.wdm.cache.ResolutionCache - Resolution chrome=106 in cache (valid until 20:51:33 31/10/2022 ICT)
19:52:05.658 [main] DEBUG io.github.bonigarcia.wdm.cache.ResolutionCache - Resolution chrome106=106.0.5249.61 in cache (valid until 17:34:34 01/11/2022 ICT)
19:52:05.661 [main] INFO io.github.bonigarcia.wdm.WebDriverManager - Using chromedriver 106.0.5249.61 (resolved driver for Chrome 106)
19:52:05.669 [main] DEBUG io.github.bonigarcia.wdm.WebDriverManager - Driver chromedriver 106.0.5249.61 found in cache
19:52:05.669 [main] INFO io.github.bonigarcia.wdm.WebDriverManager - Exporting webdriver.chrome.driver as C:\Users\user\.cache\selenium\chromedriver\win32\106.0.5249.61\chromedriver.exe
19:52:05.771 [main] DEBUG net.serenitybdd.core.webdriver.driverproviders.ProvideNewDriver - Instantiating driver
19:52:05.771 [main] DEBUG net.serenitybdd.core.webdriver.driverproviders.ProvideNewDriver - Driver capabilities: Capabilities {acceptInsecureCerts: false, base.url: https://alta-shop.vercel.app, browserName: chrome, chrome.driver: src/test/resources/webdrive..., driver: chrome, goog:chromeOptions: {args: [], extensions: []}, wait.for.timeout: 500}
19:52:05.916 [AsyncHttpClient-1-8] DEBUG org.asynchttpclient.netty.channel.NettyConnectListener - Using new Channel '[id: 0xe5050eed, L:/127.0.0.1:65381 - R:localhost/127.0.0.1:64302]' for 'POST' to '/session'
19:52:06.001 [AsyncHttpClient-1-1] DEBUG org.asynchttpclient.netty.channel.DefaultChannelPool - Entry count for : http://localhost:65318 : 1
19:52:06.001 [AsyncHttpClient-1-1] DEBUG org.asynchttpclient.netty.channel.DefaultChannelPool - Entry count for : http://localhost:57840 : 1
19:52:06.001 [AsyncHttpClient-1-1] DEBUG org.asynchttpclient.netty.channel.DefaultChannelPool - Adding Candidate expired Channel [id: 0x9b515bf7, L:/127.0.0.1:65323 ! R:localhost/127.0.0.1:65318] isIdleTimeoutExpired=false isRemotelyClosed=true isTtlExpired=false
19:52:06.001 [AsyncHttpClient-1-1] DEBUG org.asynchttpclient.netty.channel.DefaultChannelPool - Closing Idle Channel [id: 0x9b515bf7, L:/127.0.0.1:65323 ! R:localhost/127.0.0.1:65318]
19:52:06.001 [AsyncHttpClient-1-1] DEBUG org.asynchttpclient.netty.channel.DefaultChannelPool - Adding Candidate expired Channel [id: 0x0c394f62, L:/127.0.0.1:65317 ! R:localhost/127.0.0.1:57840] isIdleTimeoutExpired=false isRemotelyClosed=true isTtlExpired=false
19:52:06.001 [AsyncHttpClient-1-1] DEBUG org.asynchttpclient.netty.channel.DefaultChannelPool - Closing Idle Channel [id: 0x0c394f62, L:/127.0.0.1:65317 ! R:localhost/127.0.0.1:57840]
19:52:06.001 [AsyncHttpClient-1-1] DEBUG org.asynchttpclient.netty.channel.DefaultChannelPool - Closed 2 connections out of 2 in 0 ms
19:52:06.928 [AsyncHttpClient-1-8] DEBUG org.asynchttpclient.netty.handler.HttpHandler - 

Request DefaultHttpRequest(decodeResult: success, version: HTTP/1.1)
POST /session HTTP/1.1
User-Agent: selenium/4.1.2 (java windows)
Content-Length: 638
Content-Type: application/json; charset=utf-8
host: localhost:64302
accept: */*

Response DefaultHttpResponse(decodeResult: success, version: HTTP/1.1)
HTTP/1.1 200 OK
Content-Type: application/json; charset=utf-8
cache-control: no-cache
content-length: 789

19:52:06.928 [AsyncHttpClient-1-8] DEBUG org.asynchttpclient.netty.channel.ChannelManager - Adding key: http://localhost:64302 for channel [id: 0xe5050eed, L:/127.0.0.1:65381 - R:localhost/127.0.0.1:64302]
19:52:06.947 [AsyncHttpClient-1-9] DEBUG org.asynchttpclient.netty.channel.NettyConnectListener - Using new Channel '[id: 0xaddc5722, L:/127.0.0.1:65389 - R:localhost/127.0.0.1:65382]' for 'GET' to '/json/version'
19:52:06.948 [AsyncHttpClient-1-9] DEBUG org.asynchttpclient.netty.handler.HttpHandler - 

Request DefaultFullHttpRequest(decodeResult: success, version: HTTP/1.1, content: EmptyByteBufBE)
GET /json/version HTTP/1.1
User-Agent: selenium/4.1.2 (java windows)
host: localhost:65382
accept: */*

Response DefaultHttpResponse(decodeResult: success, version: HTTP/1.1)
HTTP/1.1 200 OK
Content-Type: application/json; charset=UTF-8
content-length: 424

19:52:06.948 [AsyncHttpClient-1-9] DEBUG org.asynchttpclient.netty.channel.ChannelManager - Adding key: http://localhost:65382 for channel [id: 0xaddc5722, L:/127.0.0.1:65389 - R:localhost/127.0.0.1:65382]
19:52:06.955 [AsyncHttpClient-1-2] DEBUG org.asynchttpclient.netty.channel.NettyConnectListener - Using new Channel '[id: 0xaf330185, L:/127.0.0.1:65390 - R:localhost/127.0.0.1:65382]' for 'GET' to '/devtools/browser/ce23072b-f88c-4faf-a1f1-121aec9991fa'
19:52:06.955 [AsyncHttpClient-1-2] DEBUG org.asynchttpclient.netty.handler.WebSocketHandler - 

Request DefaultFullHttpRequest(decodeResult: success, version: HTTP/1.1, content: EmptyByteBufBE)
GET /devtools/browser/ce23072b-f88c-4faf-a1f1-121aec9991fa HTTP/1.1
upgrade: websocket
connection: upgrade
sec-websocket-key: IQqWQItHZE3k5iYW5510fg==
sec-websocket-version: 13
origin: http://localhost:65382
host: localhost:65382
accept: */*
user-agent: AHC/2.1

Response DefaultHttpResponse(decodeResult: success, version: HTTP/1.1)
HTTP/1.1 101 WebSocket Protocol Handshake
Upgrade: WebSocket
Connection: Upgrade
Sec-WebSocket-Accept: tTernPNGx+nNGJ2BHajw8VX4Dbs=

19:52:06.961 [Forwarding get on session 2d33f716a3a65943f34bb54b543fe8fe to remote] DEBUG org.asynchttpclient.netty.request.NettyRequestSender - Using pooled Channel '[id: 0xe5050eed, L:/127.0.0.1:65381 - R:localhost/127.0.0.1:64302]' for 'POST' to 'http://localhost:64302/session/2d33f716a3a65943f34bb54b543fe8fe/url'
19:52:06.961 [Forwarding get on session 2d33f716a3a65943f34bb54b543fe8fe to remote] DEBUG org.asynchttpclient.netty.request.NettyRequestSender - Using open Channel [id: 0xe5050eed, L:/127.0.0.1:65381 - R:localhost/127.0.0.1:64302] for POST '/session/2d33f716a3a65943f34bb54b543fe8fe/url'
19:52:07.103 [AsyncHttpClient-1-1] DEBUG org.asynchttpclient.netty.channel.DefaultChannelPool - Entry count for : http://localhost:65382 : 1
19:52:08.202 [AsyncHttpClient-1-1] DEBUG org.asynchttpclient.netty.channel.DefaultChannelPool - Entry count for : http://localhost:65382 : 1
19:52:09.309 [AsyncHttpClient-1-1] DEBUG org.asynchttpclient.netty.channel.DefaultChannelPool - Entry count for : http://localhost:65382 : 1
19:52:10.410 [AsyncHttpClient-1-1] DEBUG org.asynchttpclient.netty.channel.DefaultChannelPool - Entry count for : http://localhost:65382 : 1
19:52:11.512 [AsyncHttpClient-1-1] DEBUG org.asynchttpclient.netty.channel.DefaultChannelPool - Entry count for : http://localhost:65382 : 1
19:52:12.602 [AsyncHttpClient-1-1] DEBUG org.asynchttpclient.netty.channel.DefaultChannelPool - Entry count for : http://localhost:65382 : 1
19:52:13.712 [AsyncHttpClient-1-1] DEBUG org.asynchttpclient.netty.channel.DefaultChannelPool - Entry count for : http://localhost:65382 : 1
19:52:14.797 [AsyncHttpClient-1-1] DEBUG org.asynchttpclient.netty.channel.DefaultChannelPool - Entry count for : http://localhost:65382 : 1
19:52:15.906 [AsyncHttpClient-1-1] DEBUG org.asynchttpclient.netty.channel.DefaultChannelPool - Entry count for : http://localhost:65382 : 1
19:52:17.010 [AsyncHttpClient-1-1] DEBUG org.asynchttpclient.netty.channel.DefaultChannelPool - Entry count for : http://localhost:65382 : 1
19:52:18.112 [AsyncHttpClient-1-1] DEBUG org.asynchttpclient.netty.channel.DefaultChannelPool - Entry count for : http://localhost:65382 : 1
19:52:19.201 [AsyncHttpClient-1-1] DEBUG org.asynchttpclient.netty.channel.DefaultChannelPool - Entry count for : http://localhost:65382 : 1
19:52:20.297 [AsyncHttpClient-1-1] DEBUG org.asynchttpclient.netty.channel.DefaultChannelPool - Entry count for : http://localhost:65382 : 1
19:52:21.400 [AsyncHttpClient-1-1] DEBUG org.asynchttpclient.netty.channel.DefaultChannelPool - Entry count for : http://localhost:65382 : 1
19:52:22.499 [AsyncHttpClient-1-1] DEBUG org.asynchttpclient.netty.channel.DefaultChannelPool - Entry count for : http://localhost:65382 : 1
19:52:23.603 [AsyncHttpClient-1-1] DEBUG org.asynchttpclient.netty.channel.DefaultChannelPool - Entry count for : http://localhost:65382 : 1
19:52:24.701 [AsyncHttpClient-1-1] DEBUG org.asynchttpclient.netty.channel.DefaultChannelPool - Entry count for : http://localhost:65382 : 1
19:52:25.804 [AsyncHttpClient-1-1] DEBUG org.asynchttpclient.netty.channel.DefaultChannelPool - Entry count for : http://localhost:65382 : 1
19:52:26.907 [AsyncHttpClient-1-1] DEBUG org.asynchttpclient.netty.channel.DefaultChannelPool - Entry count for : http://localhost:65382 : 1
19:52:28.012 [AsyncHttpClient-1-1] DEBUG org.asynchttpclient.netty.channel.DefaultChannelPool - Entry count for : http://localhost:65382 : 1
19:52:29.102 [AsyncHttpClient-1-1] DEBUG org.asynchttpclient.netty.channel.DefaultChannelPool - Entry count for : http://localhost:65382 : 1
19:52:30.208 [AsyncHttpClient-1-1] DEBUG org.asynchttpclient.netty.channel.DefaultChannelPool - Entry count for : http://localhost:65382 : 1
19:52:30.717 [AsyncHttpClient-1-8] DEBUG org.asynchttpclient.netty.handler.HttpHandler - 

Request DefaultHttpRequest(decodeResult: success, version: HTTP/1.1)
POST /session/2d33f716a3a65943f34bb54b543fe8fe/url HTTP/1.1
User-Agent: selenium/4.1.2 (java windows)
Content-Length: 59
Content-Type: application/json; charset=utf-8
host: localhost:64302
accept: */*

Response DefaultHttpResponse(decodeResult: success, version: HTTP/1.1)
HTTP/1.1 200 OK
Content-Type: application/json; charset=utf-8
cache-control: no-cache
content-length: 14

19:52:30.717 [AsyncHttpClient-1-8] DEBUG org.asynchttpclient.netty.channel.ChannelManager - Adding key: http://localhost:64302 for channel [id: 0xe5050eed, L:/127.0.0.1:65381 - R:localhost/127.0.0.1:64302]
19:52:30.719 [Forwarding setTimeout on session 2d33f716a3a65943f34bb54b543fe8fe to remote] DEBUG org.asynchttpclient.netty.request.NettyRequestSender - Using pooled Channel '[id: 0xe5050eed, L:/127.0.0.1:65381 - R:localhost/127.0.0.1:64302]' for 'POST' to 'http://localhost:64302/session/2d33f716a3a65943f34bb54b543fe8fe/timeouts'
19:52:30.720 [Forwarding setTimeout on session 2d33f716a3a65943f34bb54b543fe8fe to remote] DEBUG org.asynchttpclient.netty.request.NettyRequestSender - Using open Channel [id: 0xe5050eed, L:/127.0.0.1:65381 - R:localhost/127.0.0.1:64302] for POST '/session/2d33f716a3a65943f34bb54b543fe8fe/timeouts'
19:52:30.722 [AsyncHttpClient-1-8] DEBUG org.asynchttpclient.netty.handler.HttpHandler - 

Request DefaultHttpRequest(decodeResult: success, version: HTTP/1.1)
POST /session/2d33f716a3a65943f34bb54b543fe8fe/timeouts HTTP/1.1
User-Agent: selenium/4.1.2 (java windows)
Content-Length: 22
Content-Type: application/json; charset=utf-8
host: localhost:64302
accept: */*

Response DefaultHttpResponse(decodeResult: success, version: HTTP/1.1)
HTTP/1.1 200 OK
Content-Type: application/json; charset=utf-8
cache-control: no-cache
content-length: 14

19:52:30.722 [AsyncHttpClient-1-8] DEBUG org.asynchttpclient.netty.channel.ChannelManager - Adding key: http://localhost:64302 for channel [id: 0xe5050eed, L:/127.0.0.1:65381 - R:localhost/127.0.0.1:64302]
19:52:30.724 [Forwarding getCurrentUrl on session 2d33f716a3a65943f34bb54b543fe8fe to remote] DEBUG org.asynchttpclient.netty.request.NettyRequestSender - Using pooled Channel '[id: 0xe5050eed, L:/127.0.0.1:65381 - R:localhost/127.0.0.1:64302]' for 'GET' to 'http://localhost:64302/session/2d33f716a3a65943f34bb54b543fe8fe/url'
19:52:30.724 [Forwarding getCurrentUrl on session 2d33f716a3a65943f34bb54b543fe8fe to remote] DEBUG org.asynchttpclient.netty.request.NettyRequestSender - Using open Channel [id: 0xe5050eed, L:/127.0.0.1:65381 - R:localhost/127.0.0.1:64302] for GET '/session/2d33f716a3a65943f34bb54b543fe8fe/url'
19:52:30.732 [AsyncHttpClient-1-8] DEBUG org.asynchttpclient.netty.handler.HttpHandler - 

Request DefaultFullHttpRequest(decodeResult: success, version: HTTP/1.1, content: EmptyByteBufBE)
GET /session/2d33f716a3a65943f34bb54b543fe8fe/url HTTP/1.1
User-Agent: selenium/4.1.2 (java windows)
Cache-Control: no-cache
Content-Type: application/json; charset=utf-8
host: localhost:64302
accept: */*

Response DefaultHttpResponse(decodeResult: success, version: HTTP/1.1)
HTTP/1.1 200 OK
Content-Type: application/json; charset=utf-8
cache-control: no-cache
content-length: 41

19:52:30.732 [AsyncHttpClient-1-8] DEBUG org.asynchttpclient.netty.channel.ChannelManager - Adding key: http://localhost:64302 for channel [id: 0xe5050eed, L:/127.0.0.1:65381 - R:localhost/127.0.0.1:64302]
  &amp#27;[32mGiven &amp#27;[0m&amp#27;[32mI open the website&amp#27;[0m         &amp#27;[90m# starter.steps.RegistrationStep.iOpenTheWebsite()&amp#27;[0m
19:52:30.739 [Forwarding screenshot on session 2d33f716a3a65943f34bb54b543fe8fe to remote] DEBUG org.asynchttpclient.netty.request.NettyRequestSender - Using pooled Channel '[id: 0xe5050eed, L:/127.0.0.1:65381 - R:localhost/127.0.0.1:64302]' for 'GET' to 'http://localhost:64302/session/2d33f716a3a65943f34bb54b543fe8fe/screenshot'
19:52:30.739 [Forwarding screenshot on session 2d33f716a3a65943f34bb54b543fe8fe to remote] DEBUG org.asynchttpclient.netty.request.NettyRequestSender - Using open Channel [id: 0xe5050eed, L:/127.0.0.1:65381 - R:localhost/127.0.0.1:64302] for GET '/session/2d33f716a3a65943f34bb54b543fe8fe/screenshot'
19:52:30.881 [AsyncHttpClient-1-8] DEBUG org.asynchttpclient.netty.handler.HttpHandler - 

Request DefaultFullHttpRequest(decodeResult: success, version: HTTP/1.1, content: EmptyByteBufBE)
GET /session/2d33f716a3a65943f34bb54b543fe8fe/screenshot HTTP/1.1
User-Agent: selenium/4.1.2 (java windows)
Cache-Control: no-cache
Content-Type: application/json; charset=utf-8
host: localhost:64302
accept: */*

Response DefaultHttpResponse(decodeResult: success, version: HTTP/1.1)
HTTP/1.1 200 OK
Content-Type: application/json; charset=utf-8
cache-control: no-cache
content-length: 69584

19:52:30.882 [AsyncHttpClient-1-8] DEBUG org.asynchttpclient.netty.channel.ChannelManager - Adding key: http://localhost:64302 for channel [id: 0xe5050eed, L:/127.0.0.1:65381 - R:localhost/127.0.0.1:64302]
19:52:30.884 [main] DEBUG net.serenitybdd.core.photography.Darkroom - Send negative for processing for target\site\serenity\5297bd387dc3249e00c2d6656fb13e2699af90824ba878fd382afd24108abb14.png
19:52:30.889 [Forwarding findElement on session 2d33f716a3a65943f34bb54b543fe8fe to remote] DEBUG org.asynchttpclient.netty.request.NettyRequestSender - Using pooled Channel '[id: 0xe5050eed, L:/127.0.0.1:65381 - R:localhost/127.0.0.1:64302]' for 'POST' to 'http://localhost:64302/session/2d33f716a3a65943f34bb54b543fe8fe/element'
19:52:30.889 [Forwarding findElement on session 2d33f716a3a65943f34bb54b543fe8fe to remote] DEBUG org.asynchttpclient.netty.request.NettyRequestSender - Using open Channel [id: 0xe5050eed, L:/127.0.0.1:65381 - R:localhost/127.0.0.1:64302] for POST '/session/2d33f716a3a65943f34bb54b543fe8fe/element'
19:52:30.914 [AsyncHttpClient-1-8] DEBUG org.asynchttpclient.netty.handler.HttpHandler - 

Request DefaultHttpRequest(decodeResult: success, version: HTTP/1.1)
POST /session/2d33f716a3a65943f34bb54b543fe8fe/element HTTP/1.1
User-Agent: selenium/4.1.2 (java windows)
Content-Length: 97
Content-Type: application/json; charset=utf-8
host: localhost:64302
accept: */*

Response DefaultHttpResponse(decodeResult: success, version: HTTP/1.1)
HTTP/1.1 200 OK
Content-Type: application/json; charset=utf-8
cache-control: no-cache
content-length: 88

19:52:30.914 [AsyncHttpClient-1-8] DEBUG org.asynchttpclient.netty.channel.ChannelManager - Adding key: http://localhost:64302 for channel [id: 0xe5050eed, L:/127.0.0.1:65381 - R:localhost/127.0.0.1:64302]
19:52:30.915 [Forwarding getElementTagName on session 2d33f716a3a65943f34bb54b543fe8fe to remote] DEBUG org.asynchttpclient.netty.request.NettyRequestSender - Using pooled Channel '[id: 0xe5050eed, L:/127.0.0.1:65381 - R:localhost/127.0.0.1:64302]' for 'GET' to 'http://localhost:64302/session/2d33f716a3a65943f34bb54b543fe8fe/element/bd5f0798-8d52-44e0-83e4-065afb953151/name'
19:52:30.915 [Forwarding getElementTagName on session 2d33f716a3a65943f34bb54b543fe8fe to remote] DEBUG org.asynchttpclient.netty.request.NettyRequestSender - Using open Channel [id: 0xe5050eed, L:/127.0.0.1:65381 - R:localhost/127.0.0.1:64302] for GET '/session/2d33f716a3a65943f34bb54b543fe8fe/element/bd5f0798-8d52-44e0-83e4-065afb953151/name'
19:52:30.917 [AsyncHttpClient-1-8] DEBUG org.asynchttpclient.netty.handler.HttpHandler - 

Request DefaultFullHttpRequest(decodeResult: success, version: HTTP/1.1, content: EmptyByteBufBE)
GET /session/2d33f716a3a65943f34bb54b543fe8fe/element/bd5f0798-8d52-44e0-83e4-065afb953151/name HTTP/1.1
User-Agent: selenium/4.1.2 (java windows)
Cache-Control: no-cache
Content-Type: application/json; charset=utf-8
host: localhost:64302
accept: */*

Response DefaultHttpResponse(decodeResult: success, version: HTTP/1.1)
HTTP/1.1 200 OK
Content-Type: application/json; charset=utf-8
cache-control: no-cache
content-length: 13

19:52:30.917 [AsyncHttpClient-1-8] DEBUG org.asynchttpclient.netty.channel.ChannelManager - Adding key: http://localhost:64302 for channel [id: 0xe5050eed, L:/127.0.0.1:65381 - R:localhost/127.0.0.1:64302]
19:52:30.918 [Forwarding getElementTagName on session 2d33f716a3a65943f34bb54b543fe8fe to remote] DEBUG org.asynchttpclient.netty.request.NettyRequestSender - Using pooled Channel '[id: 0xe5050eed, L:/127.0.0.1:65381 - R:localhost/127.0.0.1:64302]' for 'GET' to 'http://localhost:64302/session/2d33f716a3a65943f34bb54b543fe8fe/element/bd5f0798-8d52-44e0-83e4-065afb953151/name'
19:52:30.918 [Forwarding getElementTagName on session 2d33f716a3a65943f34bb54b543fe8fe to remote] DEBUG org.asynchttpclient.netty.request.NettyRequestSender - Using open Channel [id: 0xe5050eed, L:/127.0.0.1:65381 - R:localhost/127.0.0.1:64302] for GET '/session/2d33f716a3a65943f34bb54b543fe8fe/element/bd5f0798-8d52-44e0-83e4-065afb953151/name'
19:52:30.921 [AsyncHttpClient-1-8] DEBUG org.asynchttpclient.netty.handler.HttpHandler - 

Request DefaultFullHttpRequest(decodeResult: success, version: HTTP/1.1, content: EmptyByteBufBE)
GET /session/2d33f716a3a65943f34bb54b543fe8fe/element/bd5f0798-8d52-44e0-83e4-065afb953151/name HTTP/1.1
User-Agent: selenium/4.1.2 (java windows)
Cache-Control: no-cache
Content-Type: application/json; charset=utf-8
host: localhost:64302
accept: */*

Response DefaultHttpResponse(decodeResult: success, version: HTTP/1.1)
HTTP/1.1 200 OK
Content-Type: application/json; charset=utf-8
cache-control: no-cache
content-length: 13

19:52:30.922 [AsyncHttpClient-1-8] DEBUG org.asynchttpclient.netty.channel.ChannelManager - Adding key: http://localhost:64302 for channel [id: 0xe5050eed, L:/127.0.0.1:65381 - R:localhost/127.0.0.1:64302]
19:52:30.923 [Forwarding findElement on session 2d33f716a3a65943f34bb54b543fe8fe to remote] DEBUG org.asynchttpclient.netty.request.NettyRequestSender - Using pooled Channel '[id: 0xe5050eed, L:/127.0.0.1:65381 - R:localhost/127.0.0.1:64302]' for 'POST' to 'http://localhost:64302/session/2d33f716a3a65943f34bb54b543fe8fe/element'
19:52:30.923 [Forwarding findElement on session 2d33f716a3a65943f34bb54b543fe8fe to remote] DEBUG org.asynchttpclient.netty.request.NettyRequestSender - Using open Channel [id: 0xe5050eed, L:/127.0.0.1:65381 - R:localhost/127.0.0.1:64302] for POST '/session/2d33f716a3a65943f34bb54b543fe8fe/element'
19:52:30.929 [AsyncHttpClient-1-8] DEBUG org.asynchttpclient.netty.handler.HttpHandler - 

Request DefaultHttpRequest(decodeResult: success, version: HTTP/1.1)
POST /session/2d33f716a3a65943f34bb54b543fe8fe/element HTTP/1.1
User-Agent: selenium/4.1.2 (java windows)
Content-Length: 97
Content-Type: application/json; charset=utf-8
host: localhost:64302
accept: */*

Response DefaultHttpResponse(decodeResult: success, version: HTTP/1.1)
HTTP/1.1 200 OK
Content-Type: application/json; charset=utf-8
cache-control: no-cache
content-length: 88

19:52:30.929 [AsyncHttpClient-1-8] DEBUG org.asynchttpclient.netty.channel.ChannelManager - Adding key: http://localhost:64302 for channel [id: 0xe5050eed, L:/127.0.0.1:65381 - R:localhost/127.0.0.1:64302]
19:52:30.930 [Forwarding clickElement on session 2d33f716a3a65943f34bb54b543fe8fe to remote] DEBUG org.asynchttpclient.netty.request.NettyRequestSender - Using pooled Channel '[id: 0xe5050eed, L:/127.0.0.1:65381 - R:localhost/127.0.0.1:64302]' for 'POST' to 'http://localhost:64302/session/2d33f716a3a65943f34bb54b543fe8fe/element/bd5f0798-8d52-44e0-83e4-065afb953151/click'
19:52:30.930 [Forwarding clickElement on session 2d33f716a3a65943f34bb54b543fe8fe to remote] DEBUG org.asynchttpclient.netty.request.NettyRequestSender - Using open Channel [id: 0xe5050eed, L:/127.0.0.1:65381 - R:localhost/127.0.0.1:64302] for POST '/session/2d33f716a3a65943f34bb54b543fe8fe/element/bd5f0798-8d52-44e0-83e4-065afb953151/click'
19:52:30.987 [AsyncHttpClient-1-8] DEBUG org.asynchttpclient.netty.handler.HttpHandler - 

Request DefaultHttpRequest(decodeResult: success, version: HTTP/1.1)
POST /session/2d33f716a3a65943f34bb54b543fe8fe/element/bd5f0798-8d52-44e0-83e4-065afb953151/click HTTP/1.1
User-Agent: selenium/4.1.2 (java windows)
Content-Length: 50
Content-Type: application/json; charset=utf-8
host: localhost:64302
accept: */*

Response DefaultHttpResponse(decodeResult: success, version: HTTP/1.1)
HTTP/1.1 200 OK
Content-Type: application/json; charset=utf-8
cache-control: no-cache
content-length: 14

19:52:30.987 [AsyncHttpClient-1-8] DEBUG org.asynchttpclient.netty.channel.ChannelManager - Adding key: http://localhost:64302 for channel [id: 0xe5050eed, L:/127.0.0.1:65381 - R:localhost/127.0.0.1:64302]
  &amp#27;[32mWhen &amp#27;[0m&amp#27;[32mI click sign in button&amp#27;[0m      &amp#27;[90m# starter.steps.RegistrationStep.iClickSignInButton()&amp#27;[0m
19:52:30.996 [Forwarding screenshot on session 2d33f716a3a65943f34bb54b543fe8fe to remote] DEBUG org.asynchttpclient.netty.request.NettyRequestSender - Using pooled Channel '[id: 0xe5050eed, L:/127.0.0.1:65381 - R:localhost/127.0.0.1:64302]' for 'GET' to 'http://localhost:64302/session/2d33f716a3a65943f34bb54b543fe8fe/screenshot'
19:52:30.996 [Forwarding screenshot on session 2d33f716a3a65943f34bb54b543fe8fe to remote] DEBUG org.asynchttpclient.netty.request.NettyRequestSender - Using open Channel [id: 0xe5050eed, L:/127.0.0.1:65381 - R:localhost/127.0.0.1:64302] for GET '/session/2d33f716a3a65943f34bb54b543fe8fe/screenshot'
19:52:31.221 [AsyncHttpClient-1-8] DEBUG org.asynchttpclient.netty.handler.HttpHandler - 

Request DefaultFullHttpRequest(decodeResult: success, version: HTTP/1.1, content: EmptyByteBufBE)
GET /session/2d33f716a3a65943f34bb54b543fe8fe/screenshot HTTP/1.1
User-Agent: selenium/4.1.2 (java windows)
Cache-Control: no-cache
Content-Type: application/json; charset=utf-8
host: localhost:64302
accept: */*

Response DefaultHttpResponse(decodeResult: success, version: HTTP/1.1)
HTTP/1.1 200 OK
Content-Type: application/json; charset=utf-8
cache-control: no-cache
content-length: 40804

19:52:31.222 [AsyncHttpClient-1-8] DEBUG org.asynchttpclient.netty.channel.ChannelManager - Adding key: http://localhost:64302 for channel [id: 0xe5050eed, L:/127.0.0.1:65381 - R:localhost/127.0.0.1:64302]
19:52:31.222 [main] DEBUG net.serenitybdd.core.photography.Darkroom - Send negative for processing for target\site\serenity\8f93ceb4d5e01973d3a9b23a0b70512a4094c8a07215652248443ecab6ef947b.png
19:52:31.223 [Darkroom Processing Line] DEBUG net.serenitybdd.core.photography.DarkroomProcessingLine - Processing screenshot image in /var/screenshots/screenshot-9800817128645710014
19:52:31.223 [Darkroom Processing Line] DEBUG net.serenitybdd.core.photography.DarkroomProcessingLine - Saving screenshot to target\site\serenity\8f93ceb4d5e01973d3a9b23a0b70512a4094c8a07215652248443ecab6ef947b.png
19:52:31.239 [Forwarding findElement on session 2d33f716a3a65943f34bb54b543fe8fe to remote] DEBUG org.asynchttpclient.netty.request.NettyRequestSender - Using pooled Channel '[id: 0xe5050eed, L:/127.0.0.1:65381 - R:localhost/127.0.0.1:64302]' for 'POST' to 'http://localhost:64302/session/2d33f716a3a65943f34bb54b543fe8fe/element'
19:52:31.239 [Forwarding findElement on session 2d33f716a3a65943f34bb54b543fe8fe to remote] DEBUG org.asynchttpclient.netty.request.NettyRequestSender - Using open Channel [id: 0xe5050eed, L:/127.0.0.1:65381 - R:localhost/127.0.0.1:64302] for POST '/session/2d33f716a3a65943f34bb54b543fe8fe/element'
19:52:31.252 [AsyncHttpClient-1-8] DEBUG org.asynchttpclient.netty.handler.HttpHandler - 

Request DefaultHttpRequest(decodeResult: success, version: HTTP/1.1)
POST /session/2d33f716a3a65943f34bb54b543fe8fe/element HTTP/1.1
User-Agent: selenium/4.1.2 (java windows)
Content-Length: 84
Content-Type: application/json; charset=utf-8
host: localhost:64302
accept: */*

Response DefaultHttpResponse(decodeResult: success, version: HTTP/1.1)
HTTP/1.1 200 OK
Content-Type: application/json; charset=utf-8
cache-control: no-cache
content-length: 88

19:52:31.253 [AsyncHttpClient-1-8] DEBUG org.asynchttpclient.netty.channel.ChannelManager - Adding key: http://localhost:64302 for channel [id: 0xe5050eed, L:/127.0.0.1:65381 - R:localhost/127.0.0.1:64302]
19:52:31.253 [Forwarding getElementTagName on session 2d33f716a3a65943f34bb54b543fe8fe to remote] DEBUG org.asynchttpclient.netty.request.NettyRequestSender - Using pooled Channel '[id: 0xe5050eed, L:/127.0.0.1:65381 - R:localhost/127.0.0.1:64302]' for 'GET' to 'http://localhost:64302/session/2d33f716a3a65943f34bb54b543fe8fe/element/d63663b6-4d0f-4ee9-82bb-56859482c7b1/name'
19:52:31.253 [Forwarding getElementTagName on session 2d33f716a3a65943f34bb54b543fe8fe to remote] DEBUG org.asynchttpclient.netty.request.NettyRequestSender - Using open Channel [id: 0xe5050eed, L:/127.0.0.1:65381 - R:localhost/127.0.0.1:64302] for GET '/session/2d33f716a3a65943f34bb54b543fe8fe/element/d63663b6-4d0f-4ee9-82bb-56859482c7b1/name'
19:52:31.256 [AsyncHttpClient-1-8] DEBUG org.asynchttpclient.netty.handler.HttpHandler - 

Request DefaultFullHttpRequest(decodeResult: success, version: HTTP/1.1, content: EmptyByteBufBE)
GET /session/2d33f716a3a65943f34bb54b543fe8fe/element/d63663b6-4d0f-4ee9-82bb-56859482c7b1/name HTTP/1.1
User-Agent: selenium/4.1.2 (java windows)
Cache-Control: no-cache
Content-Type: application/json; charset=utf-8
host: localhost:64302
accept: */*

Response DefaultHttpResponse(decodeResult: success, version: HTTP/1.1)
HTTP/1.1 200 OK
Content-Type: application/json; charset=utf-8
cache-control: no-cache
content-length: 13

19:52:31.256 [AsyncHttpClient-1-8] DEBUG org.asynchttpclient.netty.channel.ChannelManager - Adding key: http://localhost:64302 for channel [id: 0xe5050eed, L:/127.0.0.1:65381 - R:localhost/127.0.0.1:64302]
19:52:31.261 [Forwarding getElementTagName on session 2d33f716a3a65943f34bb54b543fe8fe to remote] DEBUG org.asynchttpclient.netty.request.NettyRequestSender - Using pooled Channel '[id: 0xe5050eed, L:/127.0.0.1:65381 - R:localhost/127.0.0.1:64302]' for 'GET' to 'http://localhost:64302/session/2d33f716a3a65943f34bb54b543fe8fe/element/d63663b6-4d0f-4ee9-82bb-56859482c7b1/name'
19:52:31.261 [Forwarding getElementTagName on session 2d33f716a3a65943f34bb54b543fe8fe to remote] DEBUG org.asynchttpclient.netty.request.NettyRequestSender - Using open Channel [id: 0xe5050eed, L:/127.0.0.1:65381 - R:localhost/127.0.0.1:64302] for GET '/session/2d33f716a3a65943f34bb54b543fe8fe/element/d63663b6-4d0f-4ee9-82bb-56859482c7b1/name'
19:52:31.264 [AsyncHttpClient-1-8] DEBUG org.asynchttpclient.netty.handler.HttpHandler - 

Request DefaultFullHttpRequest(decodeResult: success, version: HTTP/1.1, content: EmptyByteBufBE)
GET /session/2d33f716a3a65943f34bb54b543fe8fe/element/d63663b6-4d0f-4ee9-82bb-56859482c7b1/name HTTP/1.1
User-Agent: selenium/4.1.2 (java windows)
Cache-Control: no-cache
Content-Type: application/json; charset=utf-8
host: localhost:64302
accept: */*

Response DefaultHttpResponse(decodeResult: success, version: HTTP/1.1)
HTTP/1.1 200 OK
Content-Type: application/json; charset=utf-8
cache-control: no-cache
content-length: 13

19:52:31.264 [AsyncHttpClient-1-8] DEBUG org.asynchttpclient.netty.channel.ChannelManager - Adding key: http://localhost:64302 for channel [id: 0xe5050eed, L:/127.0.0.1:65381 - R:localhost/127.0.0.1:64302]
19:52:31.266 [Forwarding findElement on session 2d33f716a3a65943f34bb54b543fe8fe to remote] DEBUG org.asynchttpclient.netty.request.NettyRequestSender - Using pooled Channel '[id: 0xe5050eed, L:/127.0.0.1:65381 - R:localhost/127.0.0.1:64302]' for 'POST' to 'http://localhost:64302/session/2d33f716a3a65943f34bb54b543fe8fe/element'
19:52:31.266 [Forwarding findElement on session 2d33f716a3a65943f34bb54b543fe8fe to remote] DEBUG org.asynchttpclient.netty.request.NettyRequestSender - Using open Channel [id: 0xe5050eed, L:/127.0.0.1:65381 - R:localhost/127.0.0.1:64302] for POST '/session/2d33f716a3a65943f34bb54b543fe8fe/element'
19:52:31.277 [AsyncHttpClient-1-8] DEBUG org.asynchttpclient.netty.handler.HttpHandler - 

Request DefaultHttpRequest(decodeResult: success, version: HTTP/1.1)
POST /session/2d33f716a3a65943f34bb54b543fe8fe/element HTTP/1.1
User-Agent: selenium/4.1.2 (java windows)
Content-Length: 84
Content-Type: application/json; charset=utf-8
host: localhost:64302
accept: */*

Response DefaultHttpResponse(decodeResult: success, version: HTTP/1.1)
HTTP/1.1 200 OK
Content-Type: application/json; charset=utf-8
cache-control: no-cache
content-length: 88

19:52:31.277 [AsyncHttpClient-1-8] DEBUG org.asynchttpclient.netty.channel.ChannelManager - Adding key: http://localhost:64302 for channel [id: 0xe5050eed, L:/127.0.0.1:65381 - R:localhost/127.0.0.1:64302]
19:52:31.278 [Forwarding clickElement on session 2d33f716a3a65943f34bb54b543fe8fe to remote] DEBUG org.asynchttpclient.netty.request.NettyRequestSender - Using pooled Channel '[id: 0xe5050eed, L:/127.0.0.1:65381 - R:localhost/127.0.0.1:64302]' for 'POST' to 'http://localhost:64302/session/2d33f716a3a65943f34bb54b543fe8fe/element/d63663b6-4d0f-4ee9-82bb-56859482c7b1/click'
19:52:31.278 [Forwarding clickElement on session 2d33f716a3a65943f34bb54b543fe8fe to remote] DEBUG org.asynchttpclient.netty.request.NettyRequestSender - Using open Channel [id: 0xe5050eed, L:/127.0.0.1:65381 - R:localhost/127.0.0.1:64302] for POST '/session/2d33f716a3a65943f34bb54b543fe8fe/element/d63663b6-4d0f-4ee9-82bb-56859482c7b1/click'
19:52:31.304 [AsyncHttpClient-1-1] DEBUG org.asynchttpclient.netty.channel.DefaultChannelPool - Entry count for : http://localhost:65382 : 1
19:52:31.361 [AsyncHttpClient-1-8] DEBUG org.asynchttpclient.netty.handler.HttpHandler - 

Request DefaultHttpRequest(decodeResult: success, version: HTTP/1.1)
POST /session/2d33f716a3a65943f34bb54b543fe8fe/element/d63663b6-4d0f-4ee9-82bb-56859482c7b1/click HTTP/1.1
User-Agent: selenium/4.1.2 (java windows)
Content-Length: 50
Content-Type: application/json; charset=utf-8
host: localhost:64302
accept: */*

Response DefaultHttpResponse(decodeResult: success, version: HTTP/1.1)
HTTP/1.1 200 OK
Content-Type: application/json; charset=utf-8
cache-control: no-cache
content-length: 14

19:52:31.361 [AsyncHttpClient-1-8] DEBUG org.asynchttpclient.netty.channel.ChannelManager - Adding key: http://localhost:64302 for channel [id: 0xe5050eed, L:/127.0.0.1:65381 - R:localhost/127.0.0.1:64302]
  &amp#27;[32mAnd &amp#27;[0m&amp#27;[32mI click register link&amp#27;[0m        &amp#27;[90m# starter.steps.RegistrationStep.iClickRegisterLink()&amp#27;[0m
19:52:31.367 [Forwarding screenshot on session 2d33f716a3a65943f34bb54b543fe8fe to remote] DEBUG org.asynchttpclient.netty.request.NettyRequestSender - Using pooled Channel '[id: 0xe5050eed, L:/127.0.0.1:65381 - R:localhost/127.0.0.1:64302]' for 'GET' to 'http://localhost:64302/session/2d33f716a3a65943f34bb54b543fe8fe/screenshot'
19:52:31.367 [Forwarding screenshot on session 2d33f716a3a65943f34bb54b543fe8fe to remote] DEBUG org.asynchttpclient.netty.request.NettyRequestSender - Using open Channel [id: 0xe5050eed, L:/127.0.0.1:65381 - R:localhost/127.0.0.1:64302] for GET '/session/2d33f716a3a65943f34bb54b543fe8fe/screenshot'
19:52:31.536 [AsyncHttpClient-1-8] DEBUG org.asynchttpclient.netty.handler.HttpHandler - 

Request DefaultFullHttpRequest(decodeResult: success, version: HTTP/1.1, content: EmptyByteBufBE)
GET /session/2d33f716a3a65943f34bb54b543fe8fe/screenshot HTTP/1.1
User-Agent: selenium/4.1.2 (java windows)
Cache-Control: no-cache
Content-Type: application/json; charset=utf-8
host: localhost:64302
accept: */*

Response DefaultHttpResponse(decodeResult: success, version: HTTP/1.1)
HTTP/1.1 200 OK
Content-Type: application/json; charset=utf-8
cache-control: no-cache
content-length: 46084

19:52:31.536 [AsyncHttpClient-1-8] DEBUG org.asynchttpclient.netty.channel.ChannelManager - Adding key: http://localhost:64302 for channel [id: 0xe5050eed, L:/127.0.0.1:65381 - R:localhost/127.0.0.1:64302]
19:52:31.537 [main] DEBUG net.serenitybdd.core.photography.Darkroom - Send negative for processing for target\site\serenity\69563a625ecb651f47991e4fee76db1ef6dc028524d4d09991464b7d3e7d4883.png
19:52:31.537 [Darkroom Processing Line] DEBUG net.serenitybdd.core.photography.DarkroomProcessingLine - Processing screenshot image in /var/screenshots/screenshot-10349349124399884465
19:52:31.537 [Darkroom Processing Line] DEBUG net.serenitybdd.core.photography.DarkroomProcessingLine - Saving screenshot to target\site\serenity\69563a625ecb651f47991e4fee76db1ef6dc028524d4d09991464b7d3e7d4883.png
19:52:31.549 [Forwarding findElement on session 2d33f716a3a65943f34bb54b543fe8fe to remote] DEBUG org.asynchttpclient.netty.request.NettyRequestSender - Using pooled Channel '[id: 0xe5050eed, L:/127.0.0.1:65381 - R:localhost/127.0.0.1:64302]' for 'POST' to 'http://localhost:64302/session/2d33f716a3a65943f34bb54b543fe8fe/element'
19:52:31.549 [Forwarding findElement on session 2d33f716a3a65943f34bb54b543fe8fe to remote] DEBUG org.asynchttpclient.netty.request.NettyRequestSender - Using open Channel [id: 0xe5050eed, L:/127.0.0.1:65381 - R:localhost/127.0.0.1:64302] for POST '/session/2d33f716a3a65943f34bb54b543fe8fe/element'
19:52:31.561 [AsyncHttpClient-1-8] DEBUG org.asynchttpclient.netty.handler.HttpHandler - 

Request DefaultHttpRequest(decodeResult: success, version: HTTP/1.1)
POST /session/2d33f716a3a65943f34bb54b543fe8fe/element HTTP/1.1
User-Agent: selenium/4.1.2 (java windows)
Content-Length: 93
Content-Type: application/json; charset=utf-8
host: localhost:64302
accept: */*

Response DefaultHttpResponse(decodeResult: success, version: HTTP/1.1)
HTTP/1.1 200 OK
Content-Type: application/json; charset=utf-8
cache-control: no-cache
content-length: 88

19:52:31.561 [AsyncHttpClient-1-8] DEBUG org.asynchttpclient.netty.channel.ChannelManager - Adding key: http://localhost:64302 for channel [id: 0xe5050eed, L:/127.0.0.1:65381 - R:localhost/127.0.0.1:64302]
19:52:31.561 [Forwarding clearElement on session 2d33f716a3a65943f34bb54b543fe8fe to remote] DEBUG org.asynchttpclient.netty.request.NettyRequestSender - Using pooled Channel '[id: 0xe5050eed, L:/127.0.0.1:65381 - R:localhost/127.0.0.1:64302]' for 'POST' to 'http://localhost:64302/session/2d33f716a3a65943f34bb54b543fe8fe/element/ce6d1bb5-7943-4cc7-8d58-a72a2b50ec18/clear'
19:52:31.561 [Forwarding clearElement on session 2d33f716a3a65943f34bb54b543fe8fe to remote] DEBUG org.asynchttpclient.netty.request.NettyRequestSender - Using open Channel [id: 0xe5050eed, L:/127.0.0.1:65381 - R:localhost/127.0.0.1:64302] for POST '/session/2d33f716a3a65943f34bb54b543fe8fe/element/ce6d1bb5-7943-4cc7-8d58-a72a2b50ec18/clear'
19:52:31.589 [AsyncHttpClient-1-8] DEBUG org.asynchttpclient.netty.handler.HttpHandler - 

Request DefaultHttpRequest(decodeResult: success, version: HTTP/1.1)
POST /session/2d33f716a3a65943f34bb54b543fe8fe/element/ce6d1bb5-7943-4cc7-8d58-a72a2b50ec18/clear HTTP/1.1
User-Agent: selenium/4.1.2 (java windows)
Content-Length: 50
Content-Type: application/json; charset=utf-8
host: localhost:64302
accept: */*

Response DefaultHttpResponse(decodeResult: success, version: HTTP/1.1)
HTTP/1.1 200 OK
Content-Type: application/json; charset=utf-8
cache-control: no-cache
content-length: 14

19:52:31.590 [AsyncHttpClient-1-8] DEBUG org.asynchttpclient.netty.channel.ChannelManager - Adding key: http://localhost:64302 for channel [id: 0xe5050eed, L:/127.0.0.1:65381 - R:localhost/127.0.0.1:64302]
19:52:31.592 [Forwarding sendKeysToElement on session 2d33f716a3a65943f34bb54b543fe8fe to remote] DEBUG org.asynchttpclient.netty.request.NettyRequestSender - Using pooled Channel '[id: 0xe5050eed, L:/127.0.0.1:65381 - R:localhost/127.0.0.1:64302]' for 'POST' to 'http://localhost:64302/session/2d33f716a3a65943f34bb54b543fe8fe/element/ce6d1bb5-7943-4cc7-8d58-a72a2b50ec18/value'
19:52:31.593 [Forwarding sendKeysToElement on session 2d33f716a3a65943f34bb54b543fe8fe to remote] DEBUG org.asynchttpclient.netty.request.NettyRequestSender - Using open Channel [id: 0xe5050eed, L:/127.0.0.1:65381 - R:localhost/127.0.0.1:64302] for POST '/session/2d33f716a3a65943f34bb54b543fe8fe/element/ce6d1bb5-7943-4cc7-8d58-a72a2b50ec18/value'
19:52:31.701 [AsyncHttpClient-1-8] DEBUG org.asynchttpclient.netty.handler.HttpHandler - 

Request DefaultHttpRequest(decodeResult: success, version: HTTP/1.1)
POST /session/2d33f716a3a65943f34bb54b543fe8fe/element/ce6d1bb5-7943-4cc7-8d58-a72a2b50ec18/value HTTP/1.1
User-Agent: selenium/4.1.2 (java windows)
Content-Length: 141
Content-Type: application/json; charset=utf-8
host: localhost:64302
accept: */*

Response DefaultHttpResponse(decodeResult: success, version: HTTP/1.1)
HTTP/1.1 200 OK
Content-Type: application/json; charset=utf-8
cache-control: no-cache
content-length: 14

19:52:31.701 [AsyncHttpClient-1-8] DEBUG org.asynchttpclient.netty.channel.ChannelManager - Adding key: http://localhost:64302 for channel [id: 0xe5050eed, L:/127.0.0.1:65381 - R:localhost/127.0.0.1:64302]
  &amp#27;[32mAnd &amp#27;[0m&amp#27;[32mI input &amp#27;[0m&amp#27;[32m&amp#27;[1m"maylan"&amp#27;[0m&amp#27;[32m fullname&amp#27;[0m    &amp#27;[90m# starter.steps.RegistrationStep.iInputFullname(java.lang.String)&amp#27;[0m
19:52:31.704 [Forwarding screenshot on session 2d33f716a3a65943f34bb54b543fe8fe to remote] DEBUG org.asynchttpclient.netty.request.NettyRequestSender - Using pooled Channel '[id: 0xe5050eed, L:/127.0.0.1:65381 - R:localhost/127.0.0.1:64302]' for 'GET' to 'http://localhost:64302/session/2d33f716a3a65943f34bb54b543fe8fe/screenshot'
19:52:31.704 [Forwarding screenshot on session 2d33f716a3a65943f34bb54b543fe8fe to remote] DEBUG org.asynchttpclient.netty.request.NettyRequestSender - Using open Channel [id: 0xe5050eed, L:/127.0.0.1:65381 - R:localhost/127.0.0.1:64302] for GET '/session/2d33f716a3a65943f34bb54b543fe8fe/screenshot'
19:52:31.869 [AsyncHttpClient-1-8] DEBUG org.asynchttpclient.netty.handler.HttpHandler - 

Request DefaultFullHttpRequest(decodeResult: success, version: HTTP/1.1, content: EmptyByteBufBE)
GET /session/2d33f716a3a65943f34bb54b543fe8fe/screenshot HTTP/1.1
User-Agent: selenium/4.1.2 (java windows)
Cache-Control: no-cache
Content-Type: application/json; charset=utf-8
host: localhost:64302
accept: */*

Response DefaultHttpResponse(decodeResult: success, version: HTTP/1.1)
HTTP/1.1 200 OK
Content-Type: application/json; charset=utf-8
cache-control: no-cache
content-length: 46480

19:52:31.869 [AsyncHttpClient-1-8] DEBUG org.asynchttpclient.netty.channel.ChannelManager - Adding key: http://localhost:64302 for channel [id: 0xe5050eed, L:/127.0.0.1:65381 - R:localhost/127.0.0.1:64302]
19:52:31.872 [main] DEBUG net.serenitybdd.core.photography.Darkroom - Send negative for processing for target\site\serenity\3ec7591dae54411b2e780387ddeb65b42672cb40d57d854d03414a212d7e0997.png
19:52:31.872 [Darkroom Processing Line] DEBUG net.serenitybdd.core.photography.DarkroomProcessingLine - Processing screenshot image in /var/screenshots/screenshot-16160349096990185751
19:52:31.872 [Darkroom Processing Line] DEBUG net.serenitybdd.core.photography.DarkroomProcessingLine - Saving screenshot to target\site\serenity\3ec7591dae54411b2e780387ddeb65b42672cb40d57d854d03414a212d7e0997.png
19:52:31.879 [Forwarding findElement on session 2d33f716a3a65943f34bb54b543fe8fe to remote] DEBUG org.asynchttpclient.netty.request.NettyRequestSender - Using pooled Channel '[id: 0xe5050eed, L:/127.0.0.1:65381 - R:localhost/127.0.0.1:64302]' for 'POST' to 'http://localhost:64302/session/2d33f716a3a65943f34bb54b543fe8fe/element'
19:52:31.879 [Forwarding findElement on session 2d33f716a3a65943f34bb54b543fe8fe to remote] DEBUG org.asynchttpclient.netty.request.NettyRequestSender - Using open Channel [id: 0xe5050eed, L:/127.0.0.1:65381 - R:localhost/127.0.0.1:64302] for POST '/session/2d33f716a3a65943f34bb54b543fe8fe/element'
19:52:31.886 [AsyncHttpClient-1-8] DEBUG org.asynchttpclient.netty.handler.HttpHandler - 

Request DefaultHttpRequest(decodeResult: success, version: HTTP/1.1)
POST /session/2d33f716a3a65943f34bb54b543fe8fe/element HTTP/1.1
User-Agent: selenium/4.1.2 (java windows)
Content-Length: 86
Content-Type: application/json; charset=utf-8
host: localhost:64302
accept: */*

Response DefaultHttpResponse(decodeResult: success, version: HTTP/1.1)
HTTP/1.1 200 OK
Content-Type: application/json; charset=utf-8
cache-control: no-cache
content-length: 88

19:52:31.886 [AsyncHttpClient-1-8] DEBUG org.asynchttpclient.netty.channel.ChannelManager - Adding key: http://localhost:64302 for channel [id: 0xe5050eed, L:/127.0.0.1:65381 - R:localhost/127.0.0.1:64302]
19:52:31.887 [Forwarding clearElement on session 2d33f716a3a65943f34bb54b543fe8fe to remote] DEBUG org.asynchttpclient.netty.request.NettyRequestSender - Using pooled Channel '[id: 0xe5050eed, L:/127.0.0.1:65381 - R:localhost/127.0.0.1:64302]' for 'POST' to 'http://localhost:64302/session/2d33f716a3a65943f34bb54b543fe8fe/element/b76006bc-3350-4fb2-af0c-3dceeda603ec/clear'
19:52:31.887 [Forwarding clearElement on session 2d33f716a3a65943f34bb54b543fe8fe to remote] DEBUG org.asynchttpclient.netty.request.NettyRequestSender - Using open Channel [id: 0xe5050eed, L:/127.0.0.1:65381 - R:localhost/127.0.0.1:64302] for POST '/session/2d33f716a3a65943f34bb54b543fe8fe/element/b76006bc-3350-4fb2-af0c-3dceeda603ec/clear'
19:52:31.918 [AsyncHttpClient-1-8] DEBUG org.asynchttpclient.netty.handler.HttpHandler - 

Request DefaultHttpRequest(decodeResult: success, version: HTTP/1.1)
POST /session/2d33f716a3a65943f34bb54b543fe8fe/element/b76006bc-3350-4fb2-af0c-3dceeda603ec/clear HTTP/1.1
User-Agent: selenium/4.1.2 (java windows)
Content-Length: 50
Content-Type: application/json; charset=utf-8
host: localhost:64302
accept: */*

Response DefaultHttpResponse(decodeResult: success, version: HTTP/1.1)
HTTP/1.1 200 OK
Content-Type: application/json; charset=utf-8
cache-control: no-cache
content-length: 14

19:52:31.918 [AsyncHttpClient-1-8] DEBUG org.asynchttpclient.netty.channel.ChannelManager - Adding key: http://localhost:64302 for channel [id: 0xe5050eed, L:/127.0.0.1:65381 - R:localhost/127.0.0.1:64302]
19:52:31.918 [Forwarding sendKeysToElement on session 2d33f716a3a65943f34bb54b543fe8fe to remote] DEBUG org.asynchttpclient.netty.request.NettyRequestSender - Using pooled Channel '[id: 0xe5050eed, L:/127.0.0.1:65381 - R:localhost/127.0.0.1:64302]' for 'POST' to 'http://localhost:64302/session/2d33f716a3a65943f34bb54b543fe8fe/element/b76006bc-3350-4fb2-af0c-3dceeda603ec/value'
19:52:31.918 [Forwarding sendKeysToElement on session 2d33f716a3a65943f34bb54b543fe8fe to remote] DEBUG org.asynchttpclient.netty.request.NettyRequestSender - Using open Channel [id: 0xe5050eed, L:/127.0.0.1:65381 - R:localhost/127.0.0.1:64302] for POST '/session/2d33f716a3a65943f34bb54b543fe8fe/element/b76006bc-3350-4fb2-af0c-3dceeda603ec/value'
19:52:31.949 [AsyncHttpClient-1-8] DEBUG org.asynchttpclient.netty.handler.HttpHandler - 

Request DefaultHttpRequest(decodeResult: success, version: HTTP/1.1)
POST /session/2d33f716a3a65943f34bb54b543fe8fe/element/b76006bc-3350-4fb2-af0c-3dceeda603ec/value HTTP/1.1
User-Agent: selenium/4.1.2 (java windows)
Content-Length: 82
Content-Type: application/json; charset=utf-8
host: localhost:64302
accept: */*

Response DefaultHttpResponse(decodeResult: success, version: HTTP/1.1)
HTTP/1.1 200 OK
Content-Type: application/json; charset=utf-8
cache-control: no-cache
content-length: 14

19:52:31.949 [AsyncHttpClient-1-8] DEBUG org.asynchttpclient.netty.channel.ChannelManager - Adding key: http://localhost:64302 for channel [id: 0xe5050eed, L:/127.0.0.1:65381 - R:localhost/127.0.0.1:64302]
  &amp#27;[32mAnd &amp#27;[0m&amp#27;[32mI input &amp#27;[0m&amp#27;[32m&amp#27;[1m""&amp#27;[0m&amp#27;[32m new email&amp#27;[0m         &amp#27;[90m# starter.steps.RegistrationStep.iInputNewEmail(java.lang.String)&amp#27;[0m
19:52:31.961 [Forwarding screenshot on session 2d33f716a3a65943f34bb54b543fe8fe to remote] DEBUG org.asynchttpclient.netty.request.NettyRequestSender - Using pooled Channel '[id: 0xe5050eed, L:/127.0.0.1:65381 - R:localhost/127.0.0.1:64302]' for 'GET' to 'http://localhost:64302/session/2d33f716a3a65943f34bb54b543fe8fe/screenshot'
19:52:31.961 [Forwarding screenshot on session 2d33f716a3a65943f34bb54b543fe8fe to remote] DEBUG org.asynchttpclient.netty.request.NettyRequestSender - Using open Channel [id: 0xe5050eed, L:/127.0.0.1:65381 - R:localhost/127.0.0.1:64302] for GET '/session/2d33f716a3a65943f34bb54b543fe8fe/screenshot'
19:52:32.173 [AsyncHttpClient-1-8] DEBUG org.asynchttpclient.netty.handler.HttpHandler - 

Request DefaultFullHttpRequest(decodeResult: success, version: HTTP/1.1, content: EmptyByteBufBE)
GET /session/2d33f716a3a65943f34bb54b543fe8fe/screenshot HTTP/1.1
User-Agent: selenium/4.1.2 (java windows)
Cache-Control: no-cache
Content-Type: application/json; charset=utf-8
host: localhost:64302
accept: */*

Response DefaultHttpResponse(decodeResult: success, version: HTTP/1.1)
HTTP/1.1 200 OK
Content-Type: application/json; charset=utf-8
cache-control: no-cache
content-length: 45888

19:52:32.173 [AsyncHttpClient-1-8] DEBUG org.asynchttpclient.netty.channel.ChannelManager - Adding key: http://localhost:64302 for channel [id: 0xe5050eed, L:/127.0.0.1:65381 - R:localhost/127.0.0.1:64302]
19:52:32.177 [main] DEBUG net.serenitybdd.core.photography.Darkroom - Send negative for processing for target\site\serenity\e3769d2e9dc2ebdf9017a8c542f50c79747f20d77a545489f9fe5ec90a7ac3a9.png
19:52:32.178 [Darkroom Processing Line] DEBUG net.serenitybdd.core.photography.DarkroomProcessingLine - Processing screenshot image in /var/screenshots/screenshot-12282379184118446286
19:52:32.178 [Darkroom Processing Line] DEBUG net.serenitybdd.core.photography.DarkroomProcessingLine - Saving screenshot to target\site\serenity\e3769d2e9dc2ebdf9017a8c542f50c79747f20d77a545489f9fe5ec90a7ac3a9.png
19:52:32.183 [Forwarding findElement on session 2d33f716a3a65943f34bb54b543fe8fe to remote] DEBUG org.asynchttpclient.netty.request.NettyRequestSender - Using pooled Channel '[id: 0xe5050eed, L:/127.0.0.1:65381 - R:localhost/127.0.0.1:64302]' for 'POST' to 'http://localhost:64302/session/2d33f716a3a65943f34bb54b543fe8fe/element'
19:52:32.183 [Forwarding findElement on session 2d33f716a3a65943f34bb54b543fe8fe to remote] DEBUG org.asynchttpclient.netty.request.NettyRequestSender - Using open Channel [id: 0xe5050eed, L:/127.0.0.1:65381 - R:localhost/127.0.0.1:64302] for POST '/session/2d33f716a3a65943f34bb54b543fe8fe/element'
19:52:32.195 [AsyncHttpClient-1-8] DEBUG org.asynchttpclient.netty.handler.HttpHandler - 

Request DefaultHttpRequest(decodeResult: success, version: HTTP/1.1)
POST /session/2d33f716a3a65943f34bb54b543fe8fe/element HTTP/1.1
User-Agent: selenium/4.1.2 (java windows)
Content-Length: 89
Content-Type: application/json; charset=utf-8
host: localhost:64302
accept: */*

Response DefaultHttpResponse(decodeResult: success, version: HTTP/1.1)
HTTP/1.1 200 OK
Content-Type: application/json; charset=utf-8
cache-control: no-cache
content-length: 88

19:52:32.195 [AsyncHttpClient-1-8] DEBUG org.asynchttpclient.netty.channel.ChannelManager - Adding key: http://localhost:64302 for channel [id: 0xe5050eed, L:/127.0.0.1:65381 - R:localhost/127.0.0.1:64302]
19:52:32.196 [Forwarding clearElement on session 2d33f716a3a65943f34bb54b543fe8fe to remote] DEBUG org.asynchttpclient.netty.request.NettyRequestSender - Using pooled Channel '[id: 0xe5050eed, L:/127.0.0.1:65381 - R:localhost/127.0.0.1:64302]' for 'POST' to 'http://localhost:64302/session/2d33f716a3a65943f34bb54b543fe8fe/element/e62c5878-343e-4d4b-b1ec-3260e14cd13a/clear'
19:52:32.196 [Forwarding clearElement on session 2d33f716a3a65943f34bb54b543fe8fe to remote] DEBUG org.asynchttpclient.netty.request.NettyRequestSender - Using open Channel [id: 0xe5050eed, L:/127.0.0.1:65381 - R:localhost/127.0.0.1:64302] for POST '/session/2d33f716a3a65943f34bb54b543fe8fe/element/e62c5878-343e-4d4b-b1ec-3260e14cd13a/clear'
19:52:32.232 [AsyncHttpClient-1-8] DEBUG org.asynchttpclient.netty.handler.HttpHandler - 

Request DefaultHttpRequest(decodeResult: success, version: HTTP/1.1)
POST /session/2d33f716a3a65943f34bb54b543fe8fe/element/e62c5878-343e-4d4b-b1ec-3260e14cd13a/clear HTTP/1.1
User-Agent: selenium/4.1.2 (java windows)
Content-Length: 50
Content-Type: application/json; charset=utf-8
host: localhost:64302
accept: */*

Response DefaultHttpResponse(decodeResult: success, version: HTTP/1.1)
HTTP/1.1 200 OK
Content-Type: application/json; charset=utf-8
cache-control: no-cache
content-length: 14

19:52:32.232 [AsyncHttpClient-1-8] DEBUG org.asynchttpclient.netty.channel.ChannelManager - Adding key: http://localhost:64302 for channel [id: 0xe5050eed, L:/127.0.0.1:65381 - R:localhost/127.0.0.1:64302]
19:52:32.234 [Forwarding sendKeysToElement on session 2d33f716a3a65943f34bb54b543fe8fe to remote] DEBUG org.asynchttpclient.netty.request.NettyRequestSender - Using pooled Channel '[id: 0xe5050eed, L:/127.0.0.1:65381 - R:localhost/127.0.0.1:64302]' for 'POST' to 'http://localhost:64302/session/2d33f716a3a65943f34bb54b543fe8fe/element/e62c5878-343e-4d4b-b1ec-3260e14cd13a/value'
19:52:32.234 [Forwarding sendKeysToElement on session 2d33f716a3a65943f34bb54b543fe8fe to remote] DEBUG org.asynchttpclient.netty.request.NettyRequestSender - Using open Channel [id: 0xe5050eed, L:/127.0.0.1:65381 - R:localhost/127.0.0.1:64302] for POST '/session/2d33f716a3a65943f34bb54b543fe8fe/element/e62c5878-343e-4d4b-b1ec-3260e14cd13a/value'
19:52:32.269 [AsyncHttpClient-1-8] DEBUG org.asynchttpclient.netty.handler.HttpHandler - 

Request DefaultHttpRequest(decodeResult: success, version: HTTP/1.1)
POST /session/2d33f716a3a65943f34bb54b543fe8fe/element/e62c5878-343e-4d4b-b1ec-3260e14cd13a/value HTTP/1.1
User-Agent: selenium/4.1.2 (java windows)
Content-Length: 82
Content-Type: application/json; charset=utf-8
host: localhost:64302
accept: */*

Response DefaultHttpResponse(decodeResult: success, version: HTTP/1.1)
HTTP/1.1 200 OK
Content-Type: application/json; charset=utf-8
cache-control: no-cache
content-length: 14

19:52:32.269 [AsyncHttpClient-1-8] DEBUG org.asynchttpclient.netty.channel.ChannelManager - Adding key: http://localhost:64302 for channel [id: 0xe5050eed, L:/127.0.0.1:65381 - R:localhost/127.0.0.1:64302]
  &amp#27;[32mAnd &amp#27;[0m&amp#27;[32mI input &amp#27;[0m&amp#27;[32m&amp#27;[1m""&amp#27;[0m&amp#27;[32m new password&amp#27;[0m      &amp#27;[90m# starter.steps.RegistrationStep.iInputNewPassword(java.lang.String)&amp#27;[0m
19:52:32.273 [Forwarding screenshot on session 2d33f716a3a65943f34bb54b543fe8fe to remote] DEBUG org.asynchttpclient.netty.request.NettyRequestSender - Using pooled Channel '[id: 0xe5050eed, L:/127.0.0.1:65381 - R:localhost/127.0.0.1:64302]' for 'GET' to 'http://localhost:64302/session/2d33f716a3a65943f34bb54b543fe8fe/screenshot'
19:52:32.273 [Forwarding screenshot on session 2d33f716a3a65943f34bb54b543fe8fe to remote] DEBUG org.asynchttpclient.netty.request.NettyRequestSender - Using open Channel [id: 0xe5050eed, L:/127.0.0.1:65381 - R:localhost/127.0.0.1:64302] for GET '/session/2d33f716a3a65943f34bb54b543fe8fe/screenshot'
19:52:32.408 [AsyncHttpClient-1-1] DEBUG org.asynchttpclient.netty.channel.DefaultChannelPool - Entry count for : http://localhost:65382 : 1
19:52:32.586 [AsyncHttpClient-1-8] DEBUG org.asynchttpclient.netty.handler.HttpHandler - 

Request DefaultFullHttpRequest(decodeResult: success, version: HTTP/1.1, content: EmptyByteBufBE)
GET /session/2d33f716a3a65943f34bb54b543fe8fe/screenshot HTTP/1.1
User-Agent: selenium/4.1.2 (java windows)
Cache-Control: no-cache
Content-Type: application/json; charset=utf-8
host: localhost:64302
accept: */*

Response DefaultHttpResponse(decodeResult: success, version: HTTP/1.1)
HTTP/1.1 200 OK
Content-Type: application/json; charset=utf-8
cache-control: no-cache
content-length: 45524

19:52:32.587 [AsyncHttpClient-1-8] DEBUG org.asynchttpclient.netty.channel.ChannelManager - Adding key: http://localhost:64302 for channel [id: 0xe5050eed, L:/127.0.0.1:65381 - R:localhost/127.0.0.1:64302]
19:52:32.588 [main] DEBUG net.serenitybdd.core.photography.Darkroom - Send negative for processing for target\site\serenity\8403f1a9e918ac244fb5eb2e2c79ea24327e45a8a2bb3bd25af6be88ee00d9ff.png
19:52:32.588 [Darkroom Processing Line] DEBUG net.serenitybdd.core.photography.DarkroomProcessingLine - Processing screenshot image in /var/screenshots/screenshot-9649020395798181883
19:52:32.588 [Darkroom Processing Line] DEBUG net.serenitybdd.core.photography.DarkroomProcessingLine - Saving screenshot to target\site\serenity\8403f1a9e918ac244fb5eb2e2c79ea24327e45a8a2bb3bd25af6be88ee00d9ff.png
19:52:32.595 [Forwarding findElement on session 2d33f716a3a65943f34bb54b543fe8fe to remote] DEBUG org.asynchttpclient.netty.request.NettyRequestSender - Using pooled Channel '[id: 0xe5050eed, L:/127.0.0.1:65381 - R:localhost/127.0.0.1:64302]' for 'POST' to 'http://localhost:64302/session/2d33f716a3a65943f34bb54b543fe8fe/element'
19:52:32.595 [Forwarding findElement on session 2d33f716a3a65943f34bb54b543fe8fe to remote] DEBUG org.asynchttpclient.netty.request.NettyRequestSender - Using open Channel [id: 0xe5050eed, L:/127.0.0.1:65381 - R:localhost/127.0.0.1:64302] for POST '/session/2d33f716a3a65943f34bb54b543fe8fe/element'
19:52:32.605 [AsyncHttpClient-1-8] DEBUG org.asynchttpclient.netty.handler.HttpHandler - 

Request DefaultHttpRequest(decodeResult: success, version: HTTP/1.1)
POST /session/2d33f716a3a65943f34bb54b543fe8fe/element HTTP/1.1
User-Agent: selenium/4.1.2 (java windows)
Content-Length: 141
Content-Type: application/json; charset=utf-8
host: localhost:64302
accept: */*

Response DefaultHttpResponse(decodeResult: success, version: HTTP/1.1)
HTTP/1.1 200 OK
Content-Type: application/json; charset=utf-8
cache-control: no-cache
content-length: 88

19:52:32.605 [AsyncHttpClient-1-8] DEBUG org.asynchttpclient.netty.channel.ChannelManager - Adding key: http://localhost:64302 for channel [id: 0xe5050eed, L:/127.0.0.1:65381 - R:localhost/127.0.0.1:64302]
19:52:32.606 [Forwarding getElementTagName on session 2d33f716a3a65943f34bb54b543fe8fe to remote] DEBUG org.asynchttpclient.netty.request.NettyRequestSender - Using pooled Channel '[id: 0xe5050eed, L:/127.0.0.1:65381 - R:localhost/127.0.0.1:64302]' for 'GET' to 'http://localhost:64302/session/2d33f716a3a65943f34bb54b543fe8fe/element/8e592c6a-3ce4-4664-9a37-c0972dac2222/name'
19:52:32.606 [Forwarding getElementTagName on session 2d33f716a3a65943f34bb54b543fe8fe to remote] DEBUG org.asynchttpclient.netty.request.NettyRequestSender - Using open Channel [id: 0xe5050eed, L:/127.0.0.1:65381 - R:localhost/127.0.0.1:64302] for GET '/session/2d33f716a3a65943f34bb54b543fe8fe/element/8e592c6a-3ce4-4664-9a37-c0972dac2222/name'
19:52:32.613 [AsyncHttpClient-1-8] DEBUG org.asynchttpclient.netty.handler.HttpHandler - 

Request DefaultFullHttpRequest(decodeResult: success, version: HTTP/1.1, content: EmptyByteBufBE)
GET /session/2d33f716a3a65943f34bb54b543fe8fe/element/8e592c6a-3ce4-4664-9a37-c0972dac2222/name HTTP/1.1
User-Agent: selenium/4.1.2 (java windows)
Cache-Control: no-cache
Content-Type: application/json; charset=utf-8
host: localhost:64302
accept: */*

Response DefaultHttpResponse(decodeResult: success, version: HTTP/1.1)
HTTP/1.1 200 OK
Content-Type: application/json; charset=utf-8
cache-control: no-cache
content-length: 18

19:52:32.613 [AsyncHttpClient-1-8] DEBUG org.asynchttpclient.netty.channel.ChannelManager - Adding key: http://localhost:64302 for channel [id: 0xe5050eed, L:/127.0.0.1:65381 - R:localhost/127.0.0.1:64302]
19:52:32.614 [Forwarding getElementTagName on session 2d33f716a3a65943f34bb54b543fe8fe to remote] DEBUG org.asynchttpclient.netty.request.NettyRequestSender - Using pooled Channel '[id: 0xe5050eed, L:/127.0.0.1:65381 - R:localhost/127.0.0.1:64302]' for 'GET' to 'http://localhost:64302/session/2d33f716a3a65943f34bb54b543fe8fe/element/8e592c6a-3ce4-4664-9a37-c0972dac2222/name'
19:52:32.614 [Forwarding getElementTagName on session 2d33f716a3a65943f34bb54b543fe8fe to remote] DEBUG org.asynchttpclient.netty.request.NettyRequestSender - Using open Channel [id: 0xe5050eed, L:/127.0.0.1:65381 - R:localhost/127.0.0.1:64302] for GET '/session/2d33f716a3a65943f34bb54b543fe8fe/element/8e592c6a-3ce4-4664-9a37-c0972dac2222/name'
19:52:32.619 [AsyncHttpClient-1-8] DEBUG org.asynchttpclient.netty.handler.HttpHandler - 

Request DefaultFullHttpRequest(decodeResult: success, version: HTTP/1.1, content: EmptyByteBufBE)
GET /session/2d33f716a3a65943f34bb54b543fe8fe/element/8e592c6a-3ce4-4664-9a37-c0972dac2222/name HTTP/1.1
User-Agent: selenium/4.1.2 (java windows)
Cache-Control: no-cache
Content-Type: application/json; charset=utf-8
host: localhost:64302
accept: */*

Response DefaultHttpResponse(decodeResult: success, version: HTTP/1.1)
HTTP/1.1 200 OK
Content-Type: application/json; charset=utf-8
cache-control: no-cache
content-length: 18

19:52:32.619 [AsyncHttpClient-1-8] DEBUG org.asynchttpclient.netty.channel.ChannelManager - Adding key: http://localhost:64302 for channel [id: 0xe5050eed, L:/127.0.0.1:65381 - R:localhost/127.0.0.1:64302]
19:52:32.620 [Forwarding isElementEnabled on session 2d33f716a3a65943f34bb54b543fe8fe to remote] DEBUG org.asynchttpclient.netty.request.NettyRequestSender - Using pooled Channel '[id: 0xe5050eed, L:/127.0.0.1:65381 - R:localhost/127.0.0.1:64302]' for 'GET' to 'http://localhost:64302/session/2d33f716a3a65943f34bb54b543fe8fe/element/8e592c6a-3ce4-4664-9a37-c0972dac2222/enabled'
19:52:32.620 [Forwarding isElementEnabled on session 2d33f716a3a65943f34bb54b543fe8fe to remote] DEBUG org.asynchttpclient.netty.request.NettyRequestSender - Using open Channel [id: 0xe5050eed, L:/127.0.0.1:65381 - R:localhost/127.0.0.1:64302] for GET '/session/2d33f716a3a65943f34bb54b543fe8fe/element/8e592c6a-3ce4-4664-9a37-c0972dac2222/enabled'
19:52:32.628 [AsyncHttpClient-1-8] DEBUG org.asynchttpclient.netty.handler.HttpHandler - 

Request DefaultFullHttpRequest(decodeResult: success, version: HTTP/1.1, content: EmptyByteBufBE)
GET /session/2d33f716a3a65943f34bb54b543fe8fe/element/8e592c6a-3ce4-4664-9a37-c0972dac2222/enabled HTTP/1.1
User-Agent: selenium/4.1.2 (java windows)
Cache-Control: no-cache
Content-Type: application/json; charset=utf-8
host: localhost:64302
accept: */*

Response DefaultHttpResponse(decodeResult: success, version: HTTP/1.1)
HTTP/1.1 200 OK
Content-Type: application/json; charset=utf-8
cache-control: no-cache
content-length: 14

19:52:32.628 [AsyncHttpClient-1-8] DEBUG org.asynchttpclient.netty.channel.ChannelManager - Adding key: http://localhost:64302 for channel [id: 0xe5050eed, L:/127.0.0.1:65381 - R:localhost/127.0.0.1:64302]
19:52:32.630 [Forwarding isElementEnabled on session 2d33f716a3a65943f34bb54b543fe8fe to remote] DEBUG org.asynchttpclient.netty.request.NettyRequestSender - Using pooled Channel '[id: 0xe5050eed, L:/127.0.0.1:65381 - R:localhost/127.0.0.1:64302]' for 'GET' to 'http://localhost:64302/session/2d33f716a3a65943f34bb54b543fe8fe/element/8e592c6a-3ce4-4664-9a37-c0972dac2222/enabled'
19:52:32.630 [Forwarding isElementEnabled on session 2d33f716a3a65943f34bb54b543fe8fe to remote] DEBUG org.asynchttpclient.netty.request.NettyRequestSender - Using open Channel [id: 0xe5050eed, L:/127.0.0.1:65381 - R:localhost/127.0.0.1:64302] for GET '/session/2d33f716a3a65943f34bb54b543fe8fe/element/8e592c6a-3ce4-4664-9a37-c0972dac2222/enabled'
19:52:32.635 [AsyncHttpClient-1-8] DEBUG org.asynchttpclient.netty.handler.HttpHandler - 

Request DefaultFullHttpRequest(decodeResult: success, version: HTTP/1.1, content: EmptyByteBufBE)
GET /session/2d33f716a3a65943f34bb54b543fe8fe/element/8e592c6a-3ce4-4664-9a37-c0972dac2222/enabled HTTP/1.1
User-Agent: selenium/4.1.2 (java windows)
Cache-Control: no-cache
Content-Type: application/json; charset=utf-8
host: localhost:64302
accept: */*

Response DefaultHttpResponse(decodeResult: success, version: HTTP/1.1)
HTTP/1.1 200 OK
Content-Type: application/json; charset=utf-8
cache-control: no-cache
content-length: 14

19:52:32.635 [AsyncHttpClient-1-8] DEBUG org.asynchttpclient.netty.channel.ChannelManager - Adding key: http://localhost:64302 for channel [id: 0xe5050eed, L:/127.0.0.1:65381 - R:localhost/127.0.0.1:64302]
19:52:32.636 [Forwarding findElement on session 2d33f716a3a65943f34bb54b543fe8fe to remote] DEBUG org.asynchttpclient.netty.request.NettyRequestSender - Using pooled Channel '[id: 0xe5050eed, L:/127.0.0.1:65381 - R:localhost/127.0.0.1:64302]' for 'POST' to 'http://localhost:64302/session/2d33f716a3a65943f34bb54b543fe8fe/element'
19:52:32.636 [Forwarding findElement on session 2d33f716a3a65943f34bb54b543fe8fe to remote] DEBUG org.asynchttpclient.netty.request.NettyRequestSender - Using open Channel [id: 0xe5050eed, L:/127.0.0.1:65381 - R:localhost/127.0.0.1:64302] for POST '/session/2d33f716a3a65943f34bb54b543fe8fe/element'
19:52:32.645 [AsyncHttpClient-1-8] DEBUG org.asynchttpclient.netty.handler.HttpHandler - 

Request DefaultHttpRequest(decodeResult: success, version: HTTP/1.1)
POST /session/2d33f716a3a65943f34bb54b543fe8fe/element HTTP/1.1
User-Agent: selenium/4.1.2 (java windows)
Content-Length: 141
Content-Type: application/json; charset=utf-8
host: localhost:64302
accept: */*

Response DefaultHttpResponse(decodeResult: success, version: HTTP/1.1)
HTTP/1.1 200 OK
Content-Type: application/json; charset=utf-8
cache-control: no-cache
content-length: 88

19:52:32.645 [AsyncHttpClient-1-8] DEBUG org.asynchttpclient.netty.channel.ChannelManager - Adding key: http://localhost:64302 for channel [id: 0xe5050eed, L:/127.0.0.1:65381 - R:localhost/127.0.0.1:64302]
19:52:32.646 [Forwarding clickElement on session 2d33f716a3a65943f34bb54b543fe8fe to remote] DEBUG org.asynchttpclient.netty.request.NettyRequestSender - Using pooled Channel '[id: 0xe5050eed, L:/127.0.0.1:65381 - R:localhost/127.0.0.1:64302]' for 'POST' to 'http://localhost:64302/session/2d33f716a3a65943f34bb54b543fe8fe/element/8e592c6a-3ce4-4664-9a37-c0972dac2222/click'
19:52:32.646 [Forwarding clickElement on session 2d33f716a3a65943f34bb54b543fe8fe to remote] DEBUG org.asynchttpclient.netty.request.NettyRequestSender - Using open Channel [id: 0xe5050eed, L:/127.0.0.1:65381 - R:localhost/127.0.0.1:64302] for POST '/session/2d33f716a3a65943f34bb54b543fe8fe/element/8e592c6a-3ce4-4664-9a37-c0972dac2222/click'
19:52:32.697 [AsyncHttpClient-1-8] DEBUG org.asynchttpclient.netty.handler.HttpHandler - 

Request DefaultHttpRequest(decodeResult: success, version: HTTP/1.1)
POST /session/2d33f716a3a65943f34bb54b543fe8fe/element/8e592c6a-3ce4-4664-9a37-c0972dac2222/click HTTP/1.1
User-Agent: selenium/4.1.2 (java windows)
Content-Length: 50
Content-Type: application/json; charset=utf-8
host: localhost:64302
accept: */*

Response DefaultHttpResponse(decodeResult: success, version: HTTP/1.1)
HTTP/1.1 200 OK
Content-Type: application/json; charset=utf-8
cache-control: no-cache
content-length: 14

19:52:32.699 [AsyncHttpClient-1-8] DEBUG org.asynchttpclient.netty.channel.ChannelManager - Adding key: http://localhost:64302 for channel [id: 0xe5050eed, L:/127.0.0.1:65381 - R:localhost/127.0.0.1:64302]
  &amp#27;[32mAnd &amp#27;[0m&amp#27;[32mI click register button&amp#27;[0m      &amp#27;[90m# starter.steps.RegistrationStep.iClickRegisterButton()&amp#27;[0m
19:52:32.704 [Forwarding screenshot on session 2d33f716a3a65943f34bb54b543fe8fe to remote] DEBUG org.asynchttpclient.netty.request.NettyRequestSender - Using pooled Channel '[id: 0xe5050eed, L:/127.0.0.1:65381 - R:localhost/127.0.0.1:64302]' for 'GET' to 'http://localhost:64302/session/2d33f716a3a65943f34bb54b543fe8fe/screenshot'
19:52:32.704 [Forwarding screenshot on session 2d33f716a3a65943f34bb54b543fe8fe to remote] DEBUG org.asynchttpclient.netty.request.NettyRequestSender - Using open Channel [id: 0xe5050eed, L:/127.0.0.1:65381 - R:localhost/127.0.0.1:64302] for GET '/session/2d33f716a3a65943f34bb54b543fe8fe/screenshot'
19:52:33.065 [AsyncHttpClient-1-8] DEBUG org.asynchttpclient.netty.handler.HttpHandler - 

Request DefaultFullHttpRequest(decodeResult: success, version: HTTP/1.1, content: EmptyByteBufBE)
GET /session/2d33f716a3a65943f34bb54b543fe8fe/screenshot HTTP/1.1
User-Agent: selenium/4.1.2 (java windows)
Cache-Control: no-cache
Content-Type: application/json; charset=utf-8
host: localhost:64302
accept: */*

Response DefaultHttpResponse(decodeResult: success, version: HTTP/1.1)
HTTP/1.1 200 OK
Content-Type: application/json; charset=utf-8
cache-control: no-cache
content-length: 46040

19:52:33.065 [AsyncHttpClient-1-8] DEBUG org.asynchttpclient.netty.channel.ChannelManager - Adding key: http://localhost:64302 for channel [id: 0xe5050eed, L:/127.0.0.1:65381 - R:localhost/127.0.0.1:64302]
19:52:33.067 [main] DEBUG net.serenitybdd.core.photography.Darkroom - Send negative for processing for target\site\serenity\fbdd28f47480381fd2b5231d2917e838be5e527fcb6259ee1ca60fba63e0da16.png
19:52:33.068 [Darkroom Processing Line] DEBUG net.serenitybdd.core.photography.DarkroomProcessingLine - Processing screenshot image in /var/screenshots/screenshot-7067013381454660520
19:52:33.068 [Darkroom Processing Line] DEBUG net.serenitybdd.core.photography.DarkroomProcessingLine - Saving screenshot to target\site\serenity\fbdd28f47480381fd2b5231d2917e838be5e527fcb6259ee1ca60fba63e0da16.png
19:52:33.096 [Forwarding findElement on session 2d33f716a3a65943f34bb54b543fe8fe to remote] DEBUG org.asynchttpclient.netty.request.NettyRequestSender - Using pooled Channel '[id: 0xe5050eed, L:/127.0.0.1:65381 - R:localhost/127.0.0.1:64302]' for 'POST' to 'http://localhost:64302/session/2d33f716a3a65943f34bb54b543fe8fe/element'
19:52:33.096 [Forwarding findElement on session 2d33f716a3a65943f34bb54b543fe8fe to remote] DEBUG org.asynchttpclient.netty.request.NettyRequestSender - Using open Channel [id: 0xe5050eed, L:/127.0.0.1:65381 - R:localhost/127.0.0.1:64302] for POST '/session/2d33f716a3a65943f34bb54b543fe8fe/element'
19:52:33.507 [AsyncHttpClient-1-1] DEBUG org.asynchttpclient.netty.channel.DefaultChannelPool - Entry count for : http://localhost:65382 : 1
19:52:34.125 [AsyncHttpClient-1-8] DEBUG org.asynchttpclient.netty.handler.HttpHandler - 

Request DefaultHttpRequest(decodeResult: success, version: HTTP/1.1)
POST /session/2d33f716a3a65943f34bb54b543fe8fe/element HTTP/1.1
User-Agent: selenium/4.1.2 (java windows)
Content-Length: 79
Content-Type: application/json; charset=utf-8
host: localhost:64302
accept: */*

Response DefaultHttpResponse(decodeResult: success, version: HTTP/1.1)
HTTP/1.1 200 OK
Content-Type: application/json; charset=utf-8
cache-control: no-cache
content-length: 88

19:52:34.125 [AsyncHttpClient-1-8] DEBUG org.asynchttpclient.netty.channel.ChannelManager - Adding key: http://localhost:64302 for channel [id: 0xe5050eed, L:/127.0.0.1:65381 - R:localhost/127.0.0.1:64302]
19:52:34.129 [Forwarding isElementDisplayed on session 2d33f716a3a65943f34bb54b543fe8fe to remote] DEBUG org.asynchttpclient.netty.request.NettyRequestSender - Using pooled Channel '[id: 0xe5050eed, L:/127.0.0.1:65381 - R:localhost/127.0.0.1:64302]' for 'POST' to 'http://localhost:64302/session/2d33f716a3a65943f34bb54b543fe8fe/execute/sync'
19:52:34.129 [Forwarding isElementDisplayed on session 2d33f716a3a65943f34bb54b543fe8fe to remote] DEBUG org.asynchttpclient.netty.request.NettyRequestSender - Using open Channel [id: 0xe5050eed, L:/127.0.0.1:65381 - R:localhost/127.0.0.1:64302] for POST '/session/2d33f716a3a65943f34bb54b543fe8fe/execute/sync'
19:52:34.140 [AsyncHttpClient-1-8] DEBUG org.asynchttpclient.netty.handler.HttpHandler - 

Request DefaultHttpRequest(decodeResult: success, version: HTTP/1.1)
POST /session/2d33f716a3a65943f34bb54b543fe8fe/execute/sync HTTP/1.1
User-Agent: selenium/4.1.2 (java windows)
Content-Length: 48780
Content-Type: application/json; charset=utf-8
host: localhost:64302
accept: */*

Response DefaultHttpResponse(decodeResult: success, version: HTTP/1.1)
HTTP/1.1 200 OK
Content-Type: application/json; charset=utf-8
cache-control: no-cache
content-length: 14

19:52:34.140 [AsyncHttpClient-1-8] DEBUG org.asynchttpclient.netty.channel.ChannelManager - Adding key: http://localhost:64302 for channel [id: 0xe5050eed, L:/127.0.0.1:65381 - R:localhost/127.0.0.1:64302]
  &amp#27;[32mThen &amp#27;[0m&amp#27;[32mI can &amp#27;[0m&amp#27;[32m&amp#27;[1m"cant regis"&amp#27;[0m&amp#27;[32m register&amp#27;[0m &amp#27;[90m# starter.steps.RegistrationStep.iCanRegister(java.lang.String)&amp#27;[0m
19:52:34.144 [Forwarding screenshot on session 2d33f716a3a65943f34bb54b543fe8fe to remote] DEBUG org.asynchttpclient.netty.request.NettyRequestSender - Using pooled Channel '[id: 0xe5050eed, L:/127.0.0.1:65381 - R:localhost/127.0.0.1:64302]' for 'GET' to 'http://localhost:64302/session/2d33f716a3a65943f34bb54b543fe8fe/screenshot'
19:52:34.144 [Forwarding screenshot on session 2d33f716a3a65943f34bb54b543fe8fe to remote] DEBUG org.asynchttpclient.netty.request.NettyRequestSender - Using open Channel [id: 0xe5050eed, L:/127.0.0.1:65381 - R:localhost/127.0.0.1:64302] for GET '/session/2d33f716a3a65943f34bb54b543fe8fe/screenshot'
19:52:34.288 [AsyncHttpClient-1-8] DEBUG org.asynchttpclient.netty.handler.HttpHandler - 

Request DefaultFullHttpRequest(decodeResult: success, version: HTTP/1.1, content: EmptyByteBufBE)
GET /session/2d33f716a3a65943f34bb54b543fe8fe/screenshot HTTP/1.1
User-Agent: selenium/4.1.2 (java windows)
Cache-Control: no-cache
Content-Type: application/json; charset=utf-8
host: localhost:64302
accept: */*

Response DefaultHttpResponse(decodeResult: success, version: HTTP/1.1)
HTTP/1.1 200 OK
Content-Type: application/json; charset=utf-8
cache-control: no-cache
content-length: 47108

19:52:34.288 [AsyncHttpClient-1-8] DEBUG org.asynchttpclient.netty.channel.ChannelManager - Adding key: http://localhost:64302 for channel [id: 0xe5050eed, L:/127.0.0.1:65381 - R:localhost/127.0.0.1:64302]
19:52:34.290 [main] DEBUG net.serenitybdd.core.photography.Darkroom - Send negative for processing for target\site\serenity\2c23244b1d6b1c2b74aafa161f3193cdf8251ca2e80a4d7fe96f2ee0ac46e2fc.png
19:52:34.290 [Darkroom Processing Line] DEBUG net.serenitybdd.core.photography.DarkroomProcessingLine - Processing screenshot image in /var/screenshots/screenshot-4663645854763752361
19:52:34.290 [Darkroom Processing Line] DEBUG net.serenitybdd.core.photography.DarkroomProcessingLine - Saving screenshot to target\site\serenity\2c23244b1d6b1c2b74aafa161f3193cdf8251ca2e80a4d7fe96f2ee0ac46e2fc.png
19:52:34.298 [AsyncHttpClient-1-2] DEBUG org.asynchttpclient.netty.handler.WebSocketHandler - Channel Closed: [id: 0xaf330185, L:/127.0.0.1:65390 ! R:localhost/127.0.0.1:65382] with attribute NettyResponseFuture{currentRetry=5,
	isDone=1,
	isCancelled=0,
	asyncHandler=org.asynchttpclient.ws.WebSocketUpgradeHandler@2fde825a,
	nettyRequest=org.asynchttpclient.netty.request.NettyRequest@67a39d1e,
	future=java.util.concurrent.CompletableFuture@190d890c[Completed normally],
	uri=ws://localhost:65382/devtools/browser/ce23072b-f88c-4faf-a1f1-121aec9991fa,
	keepAlive=true,
	redirectCount=0,
	timeoutsHolder=null,
	inAuth=0,
	touch=1667220726955}
19:52:34.298 [AsyncHttpClient-1-2] DEBUG org.asynchttpclient.netty.channel.ChannelManager - Closing Channel [id: 0xaf330185, L:/127.0.0.1:65390 ! R:localhost/127.0.0.1:65382] 
19:52:34.303 [Driver Command Executor] DEBUG org.asynchttpclient.netty.request.NettyRequestSender - Using pooled Channel '[id: 0xe5050eed, L:/127.0.0.1:65381 - R:localhost/127.0.0.1:64302]' for 'DELETE' to 'http://localhost:64302/session/2d33f716a3a65943f34bb54b543fe8fe'
19:52:34.303 [Driver Command Executor] DEBUG org.asynchttpclient.netty.request.NettyRequestSender - Using open Channel [id: 0xe5050eed, L:/127.0.0.1:65381 - R:localhost/127.0.0.1:64302] for DELETE '/session/2d33f716a3a65943f34bb54b543fe8fe'
19:52:34.540 [AsyncHttpClient-1-9] DEBUG org.asynchttpclient.netty.handler.HttpHandler - Unexpected I/O exception on channel [id: 0xaddc5722, L:/127.0.0.1:65389 - R:localhost/127.0.0.1:65382]
java.io.IOException: An existing connection was forcibly closed by the remote host
	at java.base/sun.nio.ch.SocketDispatcher.read0(Native Method)
	at java.base/sun.nio.ch.SocketDispatcher.read(SocketDispatcher.java:43)
	at java.base/sun.nio.ch.IOUtil.readIntoNativeBuffer(IOUtil.java:276)
	at java.base/sun.nio.ch.IOUtil.read(IOUtil.java:233)
	at java.base/sun.nio.ch.IOUtil.read(IOUtil.java:223)
	at java.base/sun.nio.ch.SocketChannelImpl.read(SocketChannelImpl.java:358)
	at io.netty.buffer.PooledByteBuf.setBytes(PooledByteBuf.java:258)
	at io.netty.buffer.AbstractByteBuf.writeBytes(AbstractByteBuf.java:1132)
	at io.netty.channel.socket.nio.NioSocketChannel.doReadBytes(NioSocketChannel.java:350)
	at io.netty.channel.nio.AbstractNioByteChannel$NioByteUnsafe.read(AbstractNioByteChannel.java:151)
	at io.netty.channel.nio.NioEventLoop.processSelectedKey(NioEventLoop.java:722)
	at io.netty.channel.nio.NioEventLoop.processSelectedKeysOptimized(NioEventLoop.java:658)
	at io.netty.channel.nio.NioEventLoop.processSelectedKeys(NioEventLoop.java:584)
	at io.netty.channel.nio.NioEventLoop.run(NioEventLoop.java:496)
	at io.netty.util.concurrent.SingleThreadEventExecutor$4.run(SingleThreadEventExecutor.java:986)
	at io.netty.util.internal.ThreadExecutorMap$2.run(ThreadExecutorMap.java:74)
	at io.netty.util.concurrent.FastThreadLocalRunnable.run(FastThreadLocalRunnable.java:30)
	at java.base/java.lang.Thread.run(Thread.java:834)
19:52:34.540 [AsyncHttpClient-1-9] DEBUG org.asynchttpclient.netty.channel.ChannelManager - Closing Channel [id: 0xaddc5722, L:/127.0.0.1:65389 - R:localhost/127.0.0.1:65382] 
19:52:34.540 [AsyncHttpClient-1-9] DEBUG org.asynchttpclient.netty.handler.HttpHandler - Channel Closed: [id: 0xaddc5722, L:/127.0.0.1:65389 ! R:localhost/127.0.0.1:65382] with attribute DISCARD
19:52:34.574 [AsyncHttpClient-1-8] DEBUG org.asynchttpclient.netty.handler.HttpHandler - 

Request DefaultFullHttpRequest(decodeResult: success, version: HTTP/1.1, content: EmptyByteBufBE)
DELETE /session/2d33f716a3a65943f34bb54b543fe8fe HTTP/1.1
User-Agent: selenium/4.1.2 (java windows)
Content-Type: application/json; charset=utf-8
host: localhost:64302
accept: */*

Response DefaultHttpResponse(decodeResult: success, version: HTTP/1.1)
HTTP/1.1 200 OK
Content-Type: application/json; charset=utf-8
cache-control: no-cache
content-length: 14

19:52:34.574 [AsyncHttpClient-1-8] DEBUG org.asynchttpclient.netty.channel.ChannelManager - Adding key: http://localhost:64302 for channel [id: 0xe5050eed, L:/127.0.0.1:65381 - R:localhost/127.0.0.1:64302]
19:52:34.605 [AsyncHttpClient-1-1] DEBUG org.asynchttpclient.netty.channel.DefaultChannelPool - Entry count for : http://localhost:65382 : 1
19:52:34.605 [AsyncHttpClient-1-1] DEBUG org.asynchttpclient.netty.channel.DefaultChannelPool - Entry count for : http://localhost:64302 : 1
19:52:34.605 [AsyncHttpClient-1-1] DEBUG org.asynchttpclient.netty.channel.DefaultChannelPool - Adding Candidate expired Channel [id: 0xaddc5722, L:/127.0.0.1:65389 ! R:localhost/127.0.0.1:65382] isIdleTimeoutExpired=false isRemotelyClosed=true isTtlExpired=false
19:52:34.605 [AsyncHttpClient-1-1] DEBUG org.asynchttpclient.netty.channel.DefaultChannelPool - Closing Idle Channel [id: 0xaddc5722, L:/127.0.0.1:65389 ! R:localhost/127.0.0.1:65382]
19:52:34.606 [AsyncHttpClient-1-1] DEBUG org.asynchttpclient.netty.channel.DefaultChannelPool - Closed 1 connections out of 2 in 1 ms
19:52:34.653 [AsyncHttpClient-1-8] DEBUG org.asynchttpclient.netty.handler.HttpHandler - Channel Closed: [id: 0xe5050eed, L:/127.0.0.1:65381 ! R:localhost/127.0.0.1:64302] with attribute DISCARD
]]></system-out>
    <system-err><![CDATA[Starting ChromeDriver 106.0.5249.61 (511755355844955cd3e264779baf0dd38212a4d0-refs/branch-heads/5249@{#569}) on port 64302
Only local connections are allowed.
Please see https://chromedriver.chromium.org/security-considerations for suggestions on keeping ChromeDriver safe.
ChromeDriver was started successfully.
Oct 31, 2022 7:52:06 PM org.openqa.selenium.remote.ProtocolHandshake createSession
INFO: Detected dialect: W3C
Oct 31, 2022 7:52:06 PM org.openqa.selenium.devtools.CdpVersionFinder findNearestMatch
WARNING: Unable to find an exact match for CDP version 106, so returning the closest version found: a no-op implementation
Oct 31, 2022 7:52:06 PM org.openqa.selenium.devtools.CdpVersionFinder findNearestMatch
INFO: Unable to find CDP implementation matching 106.
Oct 31, 2022 7:52:06 PM org.openqa.selenium.chromium.ChromiumDriver lambda$new$3
WARNING: Unable to find version of CDP to use for . You may need to include a dependency on a specific version of the CDP using something similar to `org.seleniumhq.selenium:selenium-devtools-v86:4.1.2` where the version ("v86") matches the version of the chromium-based browser you're using and the version number of the artifact is the same as Selenium's.
]]></system-err>
  </testcase>
  <testcase name="New Register #10" classname="Register" time="66.753">
    <system-out><![CDATA[
@Register
Scenario Outline: New Register           &amp#27;[90m# src/test/resources/features/login/Registration.feature:27&amp#27;[0m
19:52:34.744 [main] INFO io.cucumber.core.plugin.SerenityReporter - Running feature from file:///D:/TIC/Kampus%20Merdeka/MSIB/Studi%20Independen/Alterra/MiniProject/MiniProjWeb/src/test/resources/features/login/Registration.feature
19:52:34.759 [main] INFO net.serenitybdd.core.webdriver.driverproviders.ChromeDriverProvider - Using automatically driver download
19:52:34.935 [main] DEBUG io.github.bonigarcia.wdm.cache.ResolutionCache - Resolution chrome=106 in cache (valid until 20:51:33 31/10/2022 ICT)
19:52:34.937 [main] DEBUG io.github.bonigarcia.wdm.cache.ResolutionCache - Resolution chrome106=106.0.5249.61 in cache (valid until 17:34:34 01/11/2022 ICT)
19:52:34.937 [main] INFO io.github.bonigarcia.wdm.WebDriverManager - Using chromedriver 106.0.5249.61 (resolved driver for Chrome 106)
19:52:34.940 [main] DEBUG io.github.bonigarcia.wdm.WebDriverManager - Driver chromedriver 106.0.5249.61 found in cache
19:52:34.941 [main] INFO io.github.bonigarcia.wdm.WebDriverManager - Exporting webdriver.chrome.driver as C:\Users\user\.cache\selenium\chromedriver\win32\106.0.5249.61\chromedriver.exe
19:52:35.076 [main] DEBUG net.serenitybdd.core.webdriver.driverproviders.ProvideNewDriver - Instantiating driver
19:52:35.078 [main] DEBUG net.serenitybdd.core.webdriver.driverproviders.ProvideNewDriver - Driver capabilities: Capabilities {acceptInsecureCerts: false, base.url: https://alta-shop.vercel.app, browserName: chrome, chrome.driver: src/test/resources/webdrive..., driver: chrome, goog:chromeOptions: {args: [], extensions: []}, wait.for.timeout: 500}
19:52:35.139 [AsyncHttpClient-1-3] DEBUG org.asynchttpclient.netty.channel.NettyConnectListener - Using new Channel '[id: 0x5fce67c4, L:/127.0.0.1:65446 - R:localhost/127.0.0.1:61470]' for 'POST' to '/session'
19:52:35.702 [AsyncHttpClient-1-1] DEBUG org.asynchttpclient.netty.channel.DefaultChannelPool - Entry count for : http://localhost:64302 : 1
19:52:35.702 [AsyncHttpClient-1-1] DEBUG org.asynchttpclient.netty.channel.DefaultChannelPool - Adding Candidate expired Channel [id: 0xe5050eed, L:/127.0.0.1:65381 ! R:localhost/127.0.0.1:64302] isIdleTimeoutExpired=false isRemotelyClosed=true isTtlExpired=false
19:52:35.702 [AsyncHttpClient-1-1] DEBUG org.asynchttpclient.netty.channel.DefaultChannelPool - Closing Idle Channel [id: 0xe5050eed, L:/127.0.0.1:65381 ! R:localhost/127.0.0.1:64302]
19:52:35.702 [AsyncHttpClient-1-1] DEBUG org.asynchttpclient.netty.channel.DefaultChannelPool - Closed 1 connections out of 1 in 0 ms
19:52:35.986 [AsyncHttpClient-1-3] DEBUG org.asynchttpclient.netty.handler.HttpHandler - 

Request DefaultHttpRequest(decodeResult: success, version: HTTP/1.1)
POST /session HTTP/1.1
User-Agent: selenium/4.1.2 (java windows)
Content-Length: 638
Content-Type: application/json; charset=utf-8
host: localhost:61470
accept: */*

Response DefaultHttpResponse(decodeResult: success, version: HTTP/1.1)
HTTP/1.1 200 OK
Content-Type: application/json; charset=utf-8
cache-control: no-cache
content-length: 788

19:52:35.986 [AsyncHttpClient-1-3] DEBUG org.asynchttpclient.netty.channel.ChannelManager - Adding key: http://localhost:61470 for channel [id: 0x5fce67c4, L:/127.0.0.1:65446 - R:localhost/127.0.0.1:61470]
19:52:36.002 [AsyncHttpClient-1-4] DEBUG org.asynchttpclient.netty.channel.NettyConnectListener - Using new Channel '[id: 0xcff7417e, L:/127.0.0.1:65454 - R:localhost/127.0.0.1:65447]' for 'GET' to '/json/version'
19:52:36.003 [AsyncHttpClient-1-4] DEBUG org.asynchttpclient.netty.handler.HttpHandler - 

Request DefaultFullHttpRequest(decodeResult: success, version: HTTP/1.1, content: EmptyByteBufBE)
GET /json/version HTTP/1.1
User-Agent: selenium/4.1.2 (java windows)
host: localhost:65447
accept: */*

Response DefaultHttpResponse(decodeResult: success, version: HTTP/1.1)
HTTP/1.1 200 OK
Content-Type: application/json; charset=UTF-8
content-length: 424

19:52:36.003 [AsyncHttpClient-1-4] DEBUG org.asynchttpclient.netty.channel.ChannelManager - Adding key: http://localhost:65447 for channel [id: 0xcff7417e, L:/127.0.0.1:65454 - R:localhost/127.0.0.1:65447]
19:52:36.004 [AsyncHttpClient-1-5] DEBUG org.asynchttpclient.netty.channel.NettyConnectListener - Using new Channel '[id: 0x65937fa8, L:/127.0.0.1:65455 - R:localhost/127.0.0.1:65447]' for 'GET' to '/devtools/browser/3563e246-c39f-4abe-bc6d-e467c7a8167a'
19:52:36.005 [AsyncHttpClient-1-5] DEBUG org.asynchttpclient.netty.handler.WebSocketHandler - 

Request DefaultFullHttpRequest(decodeResult: success, version: HTTP/1.1, content: EmptyByteBufBE)
GET /devtools/browser/3563e246-c39f-4abe-bc6d-e467c7a8167a HTTP/1.1
upgrade: websocket
connection: upgrade
sec-websocket-key: d0fElLSkrINj28f07PiPww==
sec-websocket-version: 13
origin: http://localhost:65447
host: localhost:65447
accept: */*
user-agent: AHC/2.1

Response DefaultHttpResponse(decodeResult: success, version: HTTP/1.1)
HTTP/1.1 101 WebSocket Protocol Handshake
Upgrade: WebSocket
Connection: Upgrade
Sec-WebSocket-Accept: Io7plpum+pEcahjlXEYrSp0Su8Y=

19:52:36.008 [Forwarding get on session 3c66741b55dda6e5626b711f8bfdc52b to remote] DEBUG org.asynchttpclient.netty.request.NettyRequestSender - Using pooled Channel '[id: 0x5fce67c4, L:/127.0.0.1:65446 - R:localhost/127.0.0.1:61470]' for 'POST' to 'http://localhost:61470/session/3c66741b55dda6e5626b711f8bfdc52b/url'
19:52:36.008 [Forwarding get on session 3c66741b55dda6e5626b711f8bfdc52b to remote] DEBUG org.asynchttpclient.netty.request.NettyRequestSender - Using open Channel [id: 0x5fce67c4, L:/127.0.0.1:65446 - R:localhost/127.0.0.1:61470] for POST '/session/3c66741b55dda6e5626b711f8bfdc52b/url'
19:52:36.809 [AsyncHttpClient-1-1] DEBUG org.asynchttpclient.netty.channel.DefaultChannelPool - Entry count for : http://localhost:65447 : 1
19:52:37.897 [AsyncHttpClient-1-1] DEBUG org.asynchttpclient.netty.channel.DefaultChannelPool - Entry count for : http://localhost:65447 : 1
19:52:39.011 [AsyncHttpClient-1-1] DEBUG org.asynchttpclient.netty.channel.DefaultChannelPool - Entry count for : http://localhost:65447 : 1
19:52:40.106 [AsyncHttpClient-1-1] DEBUG org.asynchttpclient.netty.channel.DefaultChannelPool - Entry count for : http://localhost:65447 : 1
19:52:41.208 [AsyncHttpClient-1-1] DEBUG org.asynchttpclient.netty.channel.DefaultChannelPool - Entry count for : http://localhost:65447 : 1
19:52:42.304 [AsyncHttpClient-1-1] DEBUG org.asynchttpclient.netty.channel.DefaultChannelPool - Entry count for : http://localhost:65447 : 1
19:52:43.406 [AsyncHttpClient-1-1] DEBUG org.asynchttpclient.netty.channel.DefaultChannelPool - Entry count for : http://localhost:65447 : 1
19:52:44.510 [AsyncHttpClient-1-1] DEBUG org.asynchttpclient.netty.channel.DefaultChannelPool - Entry count for : http://localhost:65447 : 1
19:52:45.601 [AsyncHttpClient-1-1] DEBUG org.asynchttpclient.netty.channel.DefaultChannelPool - Entry count for : http://localhost:65447 : 1
19:52:46.700 [AsyncHttpClient-1-1] DEBUG org.asynchttpclient.netty.channel.DefaultChannelPool - Entry count for : http://localhost:65447 : 1
19:52:47.799 [AsyncHttpClient-1-1] DEBUG org.asynchttpclient.netty.channel.DefaultChannelPool - Entry count for : http://localhost:65447 : 1
19:52:48.902 [AsyncHttpClient-1-1] DEBUG org.asynchttpclient.netty.channel.DefaultChannelPool - Entry count for : http://localhost:65447 : 1
19:52:50.005 [AsyncHttpClient-1-1] DEBUG org.asynchttpclient.netty.channel.DefaultChannelPool - Entry count for : http://localhost:65447 : 1
19:52:51.111 [AsyncHttpClient-1-1] DEBUG org.asynchttpclient.netty.channel.DefaultChannelPool - Entry count for : http://localhost:65447 : 1
19:52:52.212 [AsyncHttpClient-1-1] DEBUG org.asynchttpclient.netty.channel.DefaultChannelPool - Entry count for : http://localhost:65447 : 1
19:52:53.308 [AsyncHttpClient-1-1] DEBUG org.asynchttpclient.netty.channel.DefaultChannelPool - Entry count for : http://localhost:65447 : 1
19:52:54.397 [AsyncHttpClient-1-1] DEBUG org.asynchttpclient.netty.channel.DefaultChannelPool - Entry count for : http://localhost:65447 : 1
19:52:55.505 [AsyncHttpClient-1-1] DEBUG org.asynchttpclient.netty.channel.DefaultChannelPool - Entry count for : http://localhost:65447 : 1
19:52:56.611 [AsyncHttpClient-1-1] DEBUG org.asynchttpclient.netty.channel.DefaultChannelPool - Entry count for : http://localhost:65447 : 1
19:52:57.713 [AsyncHttpClient-1-1] DEBUG org.asynchttpclient.netty.channel.DefaultChannelPool - Entry count for : http://localhost:65447 : 1
19:52:58.802 [AsyncHttpClient-1-1] DEBUG org.asynchttpclient.netty.channel.DefaultChannelPool - Entry count for : http://localhost:65447 : 1
19:52:59.912 [AsyncHttpClient-1-1] DEBUG org.asynchttpclient.netty.channel.DefaultChannelPool - Entry count for : http://localhost:65447 : 1
19:53:01.003 [AsyncHttpClient-1-1] DEBUG org.asynchttpclient.netty.channel.DefaultChannelPool - Entry count for : http://localhost:65447 : 1
19:53:02.109 [AsyncHttpClient-1-1] DEBUG org.asynchttpclient.netty.channel.DefaultChannelPool - Entry count for : http://localhost:65447 : 1
19:53:03.198 [AsyncHttpClient-1-1] DEBUG org.asynchttpclient.netty.channel.DefaultChannelPool - Entry count for : http://localhost:65447 : 1
19:53:04.299 [AsyncHttpClient-1-1] DEBUG org.asynchttpclient.netty.channel.DefaultChannelPool - Entry count for : http://localhost:65447 : 1
19:53:05.399 [AsyncHttpClient-1-1] DEBUG org.asynchttpclient.netty.channel.DefaultChannelPool - Entry count for : http://localhost:65447 : 1
19:53:06.506 [AsyncHttpClient-1-1] DEBUG org.asynchttpclient.netty.channel.DefaultChannelPool - Entry count for : http://localhost:65447 : 1
19:53:07.610 [AsyncHttpClient-1-1] DEBUG org.asynchttpclient.netty.channel.DefaultChannelPool - Entry count for : http://localhost:65447 : 1
19:53:08.702 [AsyncHttpClient-1-1] DEBUG org.asynchttpclient.netty.channel.DefaultChannelPool - Entry count for : http://localhost:65447 : 1
19:53:09.805 [AsyncHttpClient-1-1] DEBUG org.asynchttpclient.netty.channel.DefaultChannelPool - Entry count for : http://localhost:65447 : 1
19:53:10.908 [AsyncHttpClient-1-1] DEBUG org.asynchttpclient.netty.channel.DefaultChannelPool - Entry count for : http://localhost:65447 : 1
19:53:12.001 [AsyncHttpClient-1-1] DEBUG org.asynchttpclient.netty.channel.DefaultChannelPool - Entry count for : http://localhost:65447 : 1
19:53:13.108 [AsyncHttpClient-1-1] DEBUG org.asynchttpclient.netty.channel.DefaultChannelPool - Entry count for : http://localhost:65447 : 1
19:53:14.203 [AsyncHttpClient-1-1] DEBUG org.asynchttpclient.netty.channel.DefaultChannelPool - Entry count for : http://localhost:65447 : 1
19:53:15.313 [AsyncHttpClient-1-1] DEBUG org.asynchttpclient.netty.channel.DefaultChannelPool - Entry count for : http://localhost:65447 : 1
19:53:16.399 [AsyncHttpClient-1-1] DEBUG org.asynchttpclient.netty.channel.DefaultChannelPool - Entry count for : http://localhost:65447 : 1
19:53:17.506 [AsyncHttpClient-1-1] DEBUG org.asynchttpclient.netty.channel.DefaultChannelPool - Entry count for : http://localhost:65447 : 1
19:53:18.607 [AsyncHttpClient-1-1] DEBUG org.asynchttpclient.netty.channel.DefaultChannelPool - Entry count for : http://localhost:65447 : 1
19:53:19.712 [AsyncHttpClient-1-1] DEBUG org.asynchttpclient.netty.channel.DefaultChannelPool - Entry count for : http://localhost:65447 : 1
19:53:20.803 [AsyncHttpClient-1-1] DEBUG org.asynchttpclient.netty.channel.DefaultChannelPool - Entry count for : http://localhost:65447 : 1
19:53:21.907 [AsyncHttpClient-1-1] DEBUG org.asynchttpclient.netty.channel.DefaultChannelPool - Entry count for : http://localhost:65447 : 1
19:53:23.000 [AsyncHttpClient-1-1] DEBUG org.asynchttpclient.netty.channel.DefaultChannelPool - Entry count for : http://localhost:65447 : 1
19:53:24.100 [AsyncHttpClient-1-1] DEBUG org.asynchttpclient.netty.channel.DefaultChannelPool - Entry count for : http://localhost:65447 : 1
19:53:25.202 [AsyncHttpClient-1-1] DEBUG org.asynchttpclient.netty.channel.DefaultChannelPool - Entry count for : http://localhost:65447 : 1
19:53:26.301 [AsyncHttpClient-1-1] DEBUG org.asynchttpclient.netty.channel.DefaultChannelPool - Entry count for : http://localhost:65447 : 1
19:53:27.409 [AsyncHttpClient-1-1] DEBUG org.asynchttpclient.netty.channel.DefaultChannelPool - Entry count for : http://localhost:65447 : 1
19:53:28.508 [AsyncHttpClient-1-1] DEBUG org.asynchttpclient.netty.channel.DefaultChannelPool - Entry count for : http://localhost:65447 : 1
19:53:29.606 [AsyncHttpClient-1-1] DEBUG org.asynchttpclient.netty.channel.DefaultChannelPool - Entry count for : http://localhost:65447 : 1
19:53:30.704 [AsyncHttpClient-1-1] DEBUG org.asynchttpclient.netty.channel.DefaultChannelPool - Entry count for : http://localhost:65447 : 1
19:53:31.808 [AsyncHttpClient-1-1] DEBUG org.asynchttpclient.netty.channel.DefaultChannelPool - Entry count for : http://localhost:65447 : 1
19:53:32.901 [AsyncHttpClient-1-1] DEBUG org.asynchttpclient.netty.channel.DefaultChannelPool - Entry count for : http://localhost:65447 : 1
19:53:34.003 [AsyncHttpClient-1-1] DEBUG org.asynchttpclient.netty.channel.DefaultChannelPool - Entry count for : http://localhost:65447 : 1
19:53:35.110 [AsyncHttpClient-1-1] DEBUG org.asynchttpclient.netty.channel.DefaultChannelPool - Entry count for : http://localhost:65447 : 1
19:53:36.200 [AsyncHttpClient-1-1] DEBUG org.asynchttpclient.netty.channel.DefaultChannelPool - Entry count for : http://localhost:65447 : 1
19:53:36.200 [AsyncHttpClient-1-1] DEBUG org.asynchttpclient.netty.channel.DefaultChannelPool - Adding Candidate expired Channel [id: 0xcff7417e, L:/127.0.0.1:65454 - R:localhost/127.0.0.1:65447] isIdleTimeoutExpired=true isRemotelyClosed=false isTtlExpired=false
19:53:36.200 [AsyncHttpClient-1-1] DEBUG org.asynchttpclient.netty.channel.DefaultChannelPool - Closing Idle Channel [id: 0xcff7417e, L:/127.0.0.1:65454 - R:localhost/127.0.0.1:65447]
19:53:36.200 [AsyncHttpClient-1-1] DEBUG org.asynchttpclient.netty.channel.DefaultChannelPool - Closed 1 connections out of 1 in 0 ms
19:53:36.200 [AsyncHttpClient-1-4] DEBUG org.asynchttpclient.netty.handler.HttpHandler - Channel Closed: [id: 0xcff7417e, L:/127.0.0.1:65454 ! R:localhost/127.0.0.1:65447] with attribute DISCARD
19:53:37.704 [AsyncHttpClient-1-3] DEBUG org.asynchttpclient.netty.handler.HttpHandler - 

Request DefaultHttpRequest(decodeResult: success, version: HTTP/1.1)
POST /session/3c66741b55dda6e5626b711f8bfdc52b/url HTTP/1.1
User-Agent: selenium/4.1.2 (java windows)
Content-Length: 59
Content-Type: application/json; charset=utf-8
host: localhost:61470
accept: */*

Response DefaultHttpResponse(decodeResult: success, version: HTTP/1.1)
HTTP/1.1 200 OK
Content-Type: application/json; charset=utf-8
cache-control: no-cache
content-length: 14

19:53:37.704 [AsyncHttpClient-1-3] DEBUG org.asynchttpclient.netty.channel.ChannelManager - Adding key: http://localhost:61470 for channel [id: 0x5fce67c4, L:/127.0.0.1:65446 - R:localhost/127.0.0.1:61470]
19:53:37.706 [Forwarding setTimeout on session 3c66741b55dda6e5626b711f8bfdc52b to remote] DEBUG org.asynchttpclient.netty.request.NettyRequestSender - Using pooled Channel '[id: 0x5fce67c4, L:/127.0.0.1:65446 - R:localhost/127.0.0.1:61470]' for 'POST' to 'http://localhost:61470/session/3c66741b55dda6e5626b711f8bfdc52b/timeouts'
19:53:37.706 [Forwarding setTimeout on session 3c66741b55dda6e5626b711f8bfdc52b to remote] DEBUG org.asynchttpclient.netty.request.NettyRequestSender - Using open Channel [id: 0x5fce67c4, L:/127.0.0.1:65446 - R:localhost/127.0.0.1:61470] for POST '/session/3c66741b55dda6e5626b711f8bfdc52b/timeouts'
19:53:37.709 [AsyncHttpClient-1-3] DEBUG org.asynchttpclient.netty.handler.HttpHandler - 

Request DefaultHttpRequest(decodeResult: success, version: HTTP/1.1)
POST /session/3c66741b55dda6e5626b711f8bfdc52b/timeouts HTTP/1.1
User-Agent: selenium/4.1.2 (java windows)
Content-Length: 22
Content-Type: application/json; charset=utf-8
host: localhost:61470
accept: */*

Response DefaultHttpResponse(decodeResult: success, version: HTTP/1.1)
HTTP/1.1 200 OK
Content-Type: application/json; charset=utf-8
cache-control: no-cache
content-length: 14

19:53:37.709 [AsyncHttpClient-1-3] DEBUG org.asynchttpclient.netty.channel.ChannelManager - Adding key: http://localhost:61470 for channel [id: 0x5fce67c4, L:/127.0.0.1:65446 - R:localhost/127.0.0.1:61470]
19:53:37.716 [Forwarding getCurrentUrl on session 3c66741b55dda6e5626b711f8bfdc52b to remote] DEBUG org.asynchttpclient.netty.request.NettyRequestSender - Using pooled Channel '[id: 0x5fce67c4, L:/127.0.0.1:65446 - R:localhost/127.0.0.1:61470]' for 'GET' to 'http://localhost:61470/session/3c66741b55dda6e5626b711f8bfdc52b/url'
19:53:37.716 [Forwarding getCurrentUrl on session 3c66741b55dda6e5626b711f8bfdc52b to remote] DEBUG org.asynchttpclient.netty.request.NettyRequestSender - Using open Channel [id: 0x5fce67c4, L:/127.0.0.1:65446 - R:localhost/127.0.0.1:61470] for GET '/session/3c66741b55dda6e5626b711f8bfdc52b/url'
19:53:37.730 [AsyncHttpClient-1-3] DEBUG org.asynchttpclient.netty.handler.HttpHandler - 

Request DefaultFullHttpRequest(decodeResult: success, version: HTTP/1.1, content: EmptyByteBufBE)
GET /session/3c66741b55dda6e5626b711f8bfdc52b/url HTTP/1.1
User-Agent: selenium/4.1.2 (java windows)
Cache-Control: no-cache
Content-Type: application/json; charset=utf-8
host: localhost:61470
accept: */*

Response DefaultHttpResponse(decodeResult: success, version: HTTP/1.1)
HTTP/1.1 200 OK
Content-Type: application/json; charset=utf-8
cache-control: no-cache
content-length: 41

19:53:37.730 [AsyncHttpClient-1-3] DEBUG org.asynchttpclient.netty.channel.ChannelManager - Adding key: http://localhost:61470 for channel [id: 0x5fce67c4, L:/127.0.0.1:65446 - R:localhost/127.0.0.1:61470]
  &amp#27;[32mGiven &amp#27;[0m&amp#27;[32mI open the website&amp#27;[0m               &amp#27;[90m# starter.steps.RegistrationStep.iOpenTheWebsite()&amp#27;[0m
19:53:37.734 [Forwarding screenshot on session 3c66741b55dda6e5626b711f8bfdc52b to remote] DEBUG org.asynchttpclient.netty.request.NettyRequestSender - Using pooled Channel '[id: 0x5fce67c4, L:/127.0.0.1:65446 - R:localhost/127.0.0.1:61470]' for 'GET' to 'http://localhost:61470/session/3c66741b55dda6e5626b711f8bfdc52b/screenshot'
19:53:37.734 [Forwarding screenshot on session 3c66741b55dda6e5626b711f8bfdc52b to remote] DEBUG org.asynchttpclient.netty.request.NettyRequestSender - Using open Channel [id: 0x5fce67c4, L:/127.0.0.1:65446 - R:localhost/127.0.0.1:61470] for GET '/session/3c66741b55dda6e5626b711f8bfdc52b/screenshot'
19:53:37.882 [AsyncHttpClient-1-3] DEBUG org.asynchttpclient.netty.handler.HttpHandler - 

Request DefaultFullHttpRequest(decodeResult: success, version: HTTP/1.1, content: EmptyByteBufBE)
GET /session/3c66741b55dda6e5626b711f8bfdc52b/screenshot HTTP/1.1
User-Agent: selenium/4.1.2 (java windows)
Cache-Control: no-cache
Content-Type: application/json; charset=utf-8
host: localhost:61470
accept: */*

Response DefaultHttpResponse(decodeResult: success, version: HTTP/1.1)
HTTP/1.1 200 OK
Content-Type: application/json; charset=utf-8
cache-control: no-cache
content-length: 69584

19:53:37.885 [AsyncHttpClient-1-3] DEBUG org.asynchttpclient.netty.channel.ChannelManager - Adding key: http://localhost:61470 for channel [id: 0x5fce67c4, L:/127.0.0.1:65446 - R:localhost/127.0.0.1:61470]
19:53:37.887 [main] DEBUG net.serenitybdd.core.photography.Darkroom - Send negative for processing for target\site\serenity\5297bd387dc3249e00c2d6656fb13e2699af90824ba878fd382afd24108abb14.png
19:53:37.892 [Forwarding findElement on session 3c66741b55dda6e5626b711f8bfdc52b to remote] DEBUG org.asynchttpclient.netty.request.NettyRequestSender - Using pooled Channel '[id: 0x5fce67c4, L:/127.0.0.1:65446 - R:localhost/127.0.0.1:61470]' for 'POST' to 'http://localhost:61470/session/3c66741b55dda6e5626b711f8bfdc52b/element'
19:53:37.892 [Forwarding findElement on session 3c66741b55dda6e5626b711f8bfdc52b to remote] DEBUG org.asynchttpclient.netty.request.NettyRequestSender - Using open Channel [id: 0x5fce67c4, L:/127.0.0.1:65446 - R:localhost/127.0.0.1:61470] for POST '/session/3c66741b55dda6e5626b711f8bfdc52b/element'
19:53:37.917 [AsyncHttpClient-1-3] DEBUG org.asynchttpclient.netty.handler.HttpHandler - 

Request DefaultHttpRequest(decodeResult: success, version: HTTP/1.1)
POST /session/3c66741b55dda6e5626b711f8bfdc52b/element HTTP/1.1
User-Agent: selenium/4.1.2 (java windows)
Content-Length: 97
Content-Type: application/json; charset=utf-8
host: localhost:61470
accept: */*

Response DefaultHttpResponse(decodeResult: success, version: HTTP/1.1)
HTTP/1.1 200 OK
Content-Type: application/json; charset=utf-8
cache-control: no-cache
content-length: 88

19:53:37.917 [AsyncHttpClient-1-3] DEBUG org.asynchttpclient.netty.channel.ChannelManager - Adding key: http://localhost:61470 for channel [id: 0x5fce67c4, L:/127.0.0.1:65446 - R:localhost/127.0.0.1:61470]
19:53:37.920 [Forwarding getElementTagName on session 3c66741b55dda6e5626b711f8bfdc52b to remote] DEBUG org.asynchttpclient.netty.request.NettyRequestSender - Using pooled Channel '[id: 0x5fce67c4, L:/127.0.0.1:65446 - R:localhost/127.0.0.1:61470]' for 'GET' to 'http://localhost:61470/session/3c66741b55dda6e5626b711f8bfdc52b/element/c5d5b5ae-d452-4dd8-b7b5-45f8c047c89a/name'
19:53:37.920 [Forwarding getElementTagName on session 3c66741b55dda6e5626b711f8bfdc52b to remote] DEBUG org.asynchttpclient.netty.request.NettyRequestSender - Using open Channel [id: 0x5fce67c4, L:/127.0.0.1:65446 - R:localhost/127.0.0.1:61470] for GET '/session/3c66741b55dda6e5626b711f8bfdc52b/element/c5d5b5ae-d452-4dd8-b7b5-45f8c047c89a/name'
19:53:37.924 [AsyncHttpClient-1-3] DEBUG org.asynchttpclient.netty.handler.HttpHandler - 

Request DefaultFullHttpRequest(decodeResult: success, version: HTTP/1.1, content: EmptyByteBufBE)
GET /session/3c66741b55dda6e5626b711f8bfdc52b/element/c5d5b5ae-d452-4dd8-b7b5-45f8c047c89a/name HTTP/1.1
User-Agent: selenium/4.1.2 (java windows)
Cache-Control: no-cache
Content-Type: application/json; charset=utf-8
host: localhost:61470
accept: */*

Response DefaultHttpResponse(decodeResult: success, version: HTTP/1.1)
HTTP/1.1 200 OK
Content-Type: application/json; charset=utf-8
cache-control: no-cache
content-length: 13

19:53:37.924 [AsyncHttpClient-1-3] DEBUG org.asynchttpclient.netty.channel.ChannelManager - Adding key: http://localhost:61470 for channel [id: 0x5fce67c4, L:/127.0.0.1:65446 - R:localhost/127.0.0.1:61470]
19:53:37.927 [Forwarding getElementTagName on session 3c66741b55dda6e5626b711f8bfdc52b to remote] DEBUG org.asynchttpclient.netty.request.NettyRequestSender - Using pooled Channel '[id: 0x5fce67c4, L:/127.0.0.1:65446 - R:localhost/127.0.0.1:61470]' for 'GET' to 'http://localhost:61470/session/3c66741b55dda6e5626b711f8bfdc52b/element/c5d5b5ae-d452-4dd8-b7b5-45f8c047c89a/name'
19:53:37.927 [Forwarding getElementTagName on session 3c66741b55dda6e5626b711f8bfdc52b to remote] DEBUG org.asynchttpclient.netty.request.NettyRequestSender - Using open Channel [id: 0x5fce67c4, L:/127.0.0.1:65446 - R:localhost/127.0.0.1:61470] for GET '/session/3c66741b55dda6e5626b711f8bfdc52b/element/c5d5b5ae-d452-4dd8-b7b5-45f8c047c89a/name'
19:53:37.938 [AsyncHttpClient-1-3] DEBUG org.asynchttpclient.netty.handler.HttpHandler - 

Request DefaultFullHttpRequest(decodeResult: success, version: HTTP/1.1, content: EmptyByteBufBE)
GET /session/3c66741b55dda6e5626b711f8bfdc52b/element/c5d5b5ae-d452-4dd8-b7b5-45f8c047c89a/name HTTP/1.1
User-Agent: selenium/4.1.2 (java windows)
Cache-Control: no-cache
Content-Type: application/json; charset=utf-8
host: localhost:61470
accept: */*

Response DefaultHttpResponse(decodeResult: success, version: HTTP/1.1)
HTTP/1.1 200 OK
Content-Type: application/json; charset=utf-8
cache-control: no-cache
content-length: 13

19:53:37.938 [AsyncHttpClient-1-3] DEBUG org.asynchttpclient.netty.channel.ChannelManager - Adding key: http://localhost:61470 for channel [id: 0x5fce67c4, L:/127.0.0.1:65446 - R:localhost/127.0.0.1:61470]
19:53:37.945 [Forwarding findElement on session 3c66741b55dda6e5626b711f8bfdc52b to remote] DEBUG org.asynchttpclient.netty.request.NettyRequestSender - Using pooled Channel '[id: 0x5fce67c4, L:/127.0.0.1:65446 - R:localhost/127.0.0.1:61470]' for 'POST' to 'http://localhost:61470/session/3c66741b55dda6e5626b711f8bfdc52b/element'
19:53:37.945 [Forwarding findElement on session 3c66741b55dda6e5626b711f8bfdc52b to remote] DEBUG org.asynchttpclient.netty.request.NettyRequestSender - Using open Channel [id: 0x5fce67c4, L:/127.0.0.1:65446 - R:localhost/127.0.0.1:61470] for POST '/session/3c66741b55dda6e5626b711f8bfdc52b/element'
19:53:37.957 [AsyncHttpClient-1-3] DEBUG org.asynchttpclient.netty.handler.HttpHandler - 

Request DefaultHttpRequest(decodeResult: success, version: HTTP/1.1)
POST /session/3c66741b55dda6e5626b711f8bfdc52b/element HTTP/1.1
User-Agent: selenium/4.1.2 (java windows)
Content-Length: 97
Content-Type: application/json; charset=utf-8
host: localhost:61470
accept: */*

Response DefaultHttpResponse(decodeResult: success, version: HTTP/1.1)
HTTP/1.1 200 OK
Content-Type: application/json; charset=utf-8
cache-control: no-cache
content-length: 88

19:53:37.958 [AsyncHttpClient-1-3] DEBUG org.asynchttpclient.netty.channel.ChannelManager - Adding key: http://localhost:61470 for channel [id: 0x5fce67c4, L:/127.0.0.1:65446 - R:localhost/127.0.0.1:61470]
19:53:37.961 [Forwarding clickElement on session 3c66741b55dda6e5626b711f8bfdc52b to remote] DEBUG org.asynchttpclient.netty.request.NettyRequestSender - Using pooled Channel '[id: 0x5fce67c4, L:/127.0.0.1:65446 - R:localhost/127.0.0.1:61470]' for 'POST' to 'http://localhost:61470/session/3c66741b55dda6e5626b711f8bfdc52b/element/c5d5b5ae-d452-4dd8-b7b5-45f8c047c89a/click'
19:53:37.961 [Forwarding clickElement on session 3c66741b55dda6e5626b711f8bfdc52b to remote] DEBUG org.asynchttpclient.netty.request.NettyRequestSender - Using open Channel [id: 0x5fce67c4, L:/127.0.0.1:65446 - R:localhost/127.0.0.1:61470] for POST '/session/3c66741b55dda6e5626b711f8bfdc52b/element/c5d5b5ae-d452-4dd8-b7b5-45f8c047c89a/click'
19:53:38.060 [AsyncHttpClient-1-3] DEBUG org.asynchttpclient.netty.handler.HttpHandler - 

Request DefaultHttpRequest(decodeResult: success, version: HTTP/1.1)
POST /session/3c66741b55dda6e5626b711f8bfdc52b/element/c5d5b5ae-d452-4dd8-b7b5-45f8c047c89a/click HTTP/1.1
User-Agent: selenium/4.1.2 (java windows)
Content-Length: 50
Content-Type: application/json; charset=utf-8
host: localhost:61470
accept: */*

Response DefaultHttpResponse(decodeResult: success, version: HTTP/1.1)
HTTP/1.1 200 OK
Content-Type: application/json; charset=utf-8
cache-control: no-cache
content-length: 14

19:53:38.060 [AsyncHttpClient-1-3] DEBUG org.asynchttpclient.netty.channel.ChannelManager - Adding key: http://localhost:61470 for channel [id: 0x5fce67c4, L:/127.0.0.1:65446 - R:localhost/127.0.0.1:61470]
  &amp#27;[32mWhen &amp#27;[0m&amp#27;[32mI click sign in button&amp#27;[0m            &amp#27;[90m# starter.steps.RegistrationStep.iClickSignInButton()&amp#27;[0m
19:53:38.085 [Forwarding screenshot on session 3c66741b55dda6e5626b711f8bfdc52b to remote] DEBUG org.asynchttpclient.netty.request.NettyRequestSender - Using pooled Channel '[id: 0x5fce67c4, L:/127.0.0.1:65446 - R:localhost/127.0.0.1:61470]' for 'GET' to 'http://localhost:61470/session/3c66741b55dda6e5626b711f8bfdc52b/screenshot'
19:53:38.085 [Forwarding screenshot on session 3c66741b55dda6e5626b711f8bfdc52b to remote] DEBUG org.asynchttpclient.netty.request.NettyRequestSender - Using open Channel [id: 0x5fce67c4, L:/127.0.0.1:65446 - R:localhost/127.0.0.1:61470] for GET '/session/3c66741b55dda6e5626b711f8bfdc52b/screenshot'
19:53:38.295 [AsyncHttpClient-1-3] DEBUG org.asynchttpclient.netty.handler.HttpHandler - 

Request DefaultFullHttpRequest(decodeResult: success, version: HTTP/1.1, content: EmptyByteBufBE)
GET /session/3c66741b55dda6e5626b711f8bfdc52b/screenshot HTTP/1.1
User-Agent: selenium/4.1.2 (java windows)
Cache-Control: no-cache
Content-Type: application/json; charset=utf-8
host: localhost:61470
accept: */*

Response DefaultHttpResponse(decodeResult: success, version: HTTP/1.1)
HTTP/1.1 200 OK
Content-Type: application/json; charset=utf-8
cache-control: no-cache
content-length: 40204

19:53:38.295 [AsyncHttpClient-1-3] DEBUG org.asynchttpclient.netty.channel.ChannelManager - Adding key: http://localhost:61470 for channel [id: 0x5fce67c4, L:/127.0.0.1:65446 - R:localhost/127.0.0.1:61470]
19:53:38.297 [main] DEBUG net.serenitybdd.core.photography.Darkroom - Send negative for processing for target\site\serenity\8b85144ad30c276e2bdf5065e4cdfdebda13b82b1c078d30120827c5ed6ff4c1.png
19:53:38.297 [Darkroom Processing Line] DEBUG net.serenitybdd.core.photography.DarkroomProcessingLine - Processing screenshot image in /var/screenshots/screenshot-8296085973573628723
19:53:38.297 [Darkroom Processing Line] DEBUG net.serenitybdd.core.photography.DarkroomProcessingLine - Saving screenshot to target\site\serenity\8b85144ad30c276e2bdf5065e4cdfdebda13b82b1c078d30120827c5ed6ff4c1.png
19:53:38.306 [Forwarding findElement on session 3c66741b55dda6e5626b711f8bfdc52b to remote] DEBUG org.asynchttpclient.netty.request.NettyRequestSender - Using pooled Channel '[id: 0x5fce67c4, L:/127.0.0.1:65446 - R:localhost/127.0.0.1:61470]' for 'POST' to 'http://localhost:61470/session/3c66741b55dda6e5626b711f8bfdc52b/element'
19:53:38.306 [Forwarding findElement on session 3c66741b55dda6e5626b711f8bfdc52b to remote] DEBUG org.asynchttpclient.netty.request.NettyRequestSender - Using open Channel [id: 0x5fce67c4, L:/127.0.0.1:65446 - R:localhost/127.0.0.1:61470] for POST '/session/3c66741b55dda6e5626b711f8bfdc52b/element'
19:53:38.319 [AsyncHttpClient-1-3] DEBUG org.asynchttpclient.netty.handler.HttpHandler - 

Request DefaultHttpRequest(decodeResult: success, version: HTTP/1.1)
POST /session/3c66741b55dda6e5626b711f8bfdc52b/element HTTP/1.1
User-Agent: selenium/4.1.2 (java windows)
Content-Length: 84
Content-Type: application/json; charset=utf-8
host: localhost:61470
accept: */*

Response DefaultHttpResponse(decodeResult: success, version: HTTP/1.1)
HTTP/1.1 200 OK
Content-Type: application/json; charset=utf-8
cache-control: no-cache
content-length: 88

19:53:38.319 [AsyncHttpClient-1-3] DEBUG org.asynchttpclient.netty.channel.ChannelManager - Adding key: http://localhost:61470 for channel [id: 0x5fce67c4, L:/127.0.0.1:65446 - R:localhost/127.0.0.1:61470]
19:53:38.321 [Forwarding getElementTagName on session 3c66741b55dda6e5626b711f8bfdc52b to remote] DEBUG org.asynchttpclient.netty.request.NettyRequestSender - Using pooled Channel '[id: 0x5fce67c4, L:/127.0.0.1:65446 - R:localhost/127.0.0.1:61470]' for 'GET' to 'http://localhost:61470/session/3c66741b55dda6e5626b711f8bfdc52b/element/094d2113-5ab2-449c-ad12-6de2709c177d/name'
19:53:38.321 [Forwarding getElementTagName on session 3c66741b55dda6e5626b711f8bfdc52b to remote] DEBUG org.asynchttpclient.netty.request.NettyRequestSender - Using open Channel [id: 0x5fce67c4, L:/127.0.0.1:65446 - R:localhost/127.0.0.1:61470] for GET '/session/3c66741b55dda6e5626b711f8bfdc52b/element/094d2113-5ab2-449c-ad12-6de2709c177d/name'
19:53:38.323 [AsyncHttpClient-1-3] DEBUG org.asynchttpclient.netty.handler.HttpHandler - 

Request DefaultFullHttpRequest(decodeResult: success, version: HTTP/1.1, content: EmptyByteBufBE)
GET /session/3c66741b55dda6e5626b711f8bfdc52b/element/094d2113-5ab2-449c-ad12-6de2709c177d/name HTTP/1.1
User-Agent: selenium/4.1.2 (java windows)
Cache-Control: no-cache
Content-Type: application/json; charset=utf-8
host: localhost:61470
accept: */*

Response DefaultHttpResponse(decodeResult: success, version: HTTP/1.1)
HTTP/1.1 200 OK
Content-Type: application/json; charset=utf-8
cache-control: no-cache
content-length: 13

19:53:38.323 [AsyncHttpClient-1-3] DEBUG org.asynchttpclient.netty.channel.ChannelManager - Adding key: http://localhost:61470 for channel [id: 0x5fce67c4, L:/127.0.0.1:65446 - R:localhost/127.0.0.1:61470]
19:53:38.324 [Forwarding getElementTagName on session 3c66741b55dda6e5626b711f8bfdc52b to remote] DEBUG org.asynchttpclient.netty.request.NettyRequestSender - Using pooled Channel '[id: 0x5fce67c4, L:/127.0.0.1:65446 - R:localhost/127.0.0.1:61470]' for 'GET' to 'http://localhost:61470/session/3c66741b55dda6e5626b711f8bfdc52b/element/094d2113-5ab2-449c-ad12-6de2709c177d/name'
19:53:38.324 [Forwarding getElementTagName on session 3c66741b55dda6e5626b711f8bfdc52b to remote] DEBUG org.asynchttpclient.netty.request.NettyRequestSender - Using open Channel [id: 0x5fce67c4, L:/127.0.0.1:65446 - R:localhost/127.0.0.1:61470] for GET '/session/3c66741b55dda6e5626b711f8bfdc52b/element/094d2113-5ab2-449c-ad12-6de2709c177d/name'
19:53:38.326 [AsyncHttpClient-1-3] DEBUG org.asynchttpclient.netty.handler.HttpHandler - 

Request DefaultFullHttpRequest(decodeResult: success, version: HTTP/1.1, content: EmptyByteBufBE)
GET /session/3c66741b55dda6e5626b711f8bfdc52b/element/094d2113-5ab2-449c-ad12-6de2709c177d/name HTTP/1.1
User-Agent: selenium/4.1.2 (java windows)
Cache-Control: no-cache
Content-Type: application/json; charset=utf-8
host: localhost:61470
accept: */*

Response DefaultHttpResponse(decodeResult: success, version: HTTP/1.1)
HTTP/1.1 200 OK
Content-Type: application/json; charset=utf-8
cache-control: no-cache
content-length: 13

19:53:38.326 [AsyncHttpClient-1-3] DEBUG org.asynchttpclient.netty.channel.ChannelManager - Adding key: http://localhost:61470 for channel [id: 0x5fce67c4, L:/127.0.0.1:65446 - R:localhost/127.0.0.1:61470]
19:53:38.329 [Forwarding findElement on session 3c66741b55dda6e5626b711f8bfdc52b to remote] DEBUG org.asynchttpclient.netty.request.NettyRequestSender - Using pooled Channel '[id: 0x5fce67c4, L:/127.0.0.1:65446 - R:localhost/127.0.0.1:61470]' for 'POST' to 'http://localhost:61470/session/3c66741b55dda6e5626b711f8bfdc52b/element'
19:53:38.329 [Forwarding findElement on session 3c66741b55dda6e5626b711f8bfdc52b to remote] DEBUG org.asynchttpclient.netty.request.NettyRequestSender - Using open Channel [id: 0x5fce67c4, L:/127.0.0.1:65446 - R:localhost/127.0.0.1:61470] for POST '/session/3c66741b55dda6e5626b711f8bfdc52b/element'
19:53:38.336 [AsyncHttpClient-1-3] DEBUG org.asynchttpclient.netty.handler.HttpHandler - 

Request DefaultHttpRequest(decodeResult: success, version: HTTP/1.1)
POST /session/3c66741b55dda6e5626b711f8bfdc52b/element HTTP/1.1
User-Agent: selenium/4.1.2 (java windows)
Content-Length: 84
Content-Type: application/json; charset=utf-8
host: localhost:61470
accept: */*

Response DefaultHttpResponse(decodeResult: success, version: HTTP/1.1)
HTTP/1.1 200 OK
Content-Type: application/json; charset=utf-8
cache-control: no-cache
content-length: 88

19:53:38.336 [AsyncHttpClient-1-3] DEBUG org.asynchttpclient.netty.channel.ChannelManager - Adding key: http://localhost:61470 for channel [id: 0x5fce67c4, L:/127.0.0.1:65446 - R:localhost/127.0.0.1:61470]
19:53:38.337 [Forwarding clickElement on session 3c66741b55dda6e5626b711f8bfdc52b to remote] DEBUG org.asynchttpclient.netty.request.NettyRequestSender - Using pooled Channel '[id: 0x5fce67c4, L:/127.0.0.1:65446 - R:localhost/127.0.0.1:61470]' for 'POST' to 'http://localhost:61470/session/3c66741b55dda6e5626b711f8bfdc52b/element/094d2113-5ab2-449c-ad12-6de2709c177d/click'
19:53:38.337 [Forwarding clickElement on session 3c66741b55dda6e5626b711f8bfdc52b to remote] DEBUG org.asynchttpclient.netty.request.NettyRequestSender - Using open Channel [id: 0x5fce67c4, L:/127.0.0.1:65446 - R:localhost/127.0.0.1:61470] for POST '/session/3c66741b55dda6e5626b711f8bfdc52b/element/094d2113-5ab2-449c-ad12-6de2709c177d/click'
19:53:38.359 [AsyncHttpClient-1-3] DEBUG org.asynchttpclient.netty.handler.HttpHandler - 

Request DefaultHttpRequest(decodeResult: success, version: HTTP/1.1)
POST /session/3c66741b55dda6e5626b711f8bfdc52b/element/094d2113-5ab2-449c-ad12-6de2709c177d/click HTTP/1.1
User-Agent: selenium/4.1.2 (java windows)
Content-Length: 50
Content-Type: application/json; charset=utf-8
host: localhost:61470
accept: */*

Response DefaultHttpResponse(decodeResult: success, version: HTTP/1.1)
HTTP/1.1 200 OK
Content-Type: application/json; charset=utf-8
cache-control: no-cache
content-length: 14

19:53:38.359 [AsyncHttpClient-1-3] DEBUG org.asynchttpclient.netty.channel.ChannelManager - Adding key: http://localhost:61470 for channel [id: 0x5fce67c4, L:/127.0.0.1:65446 - R:localhost/127.0.0.1:61470]
  &amp#27;[32mAnd &amp#27;[0m&amp#27;[32mI click register link&amp#27;[0m              &amp#27;[90m# starter.steps.RegistrationStep.iClickRegisterLink()&amp#27;[0m
19:53:38.367 [Forwarding screenshot on session 3c66741b55dda6e5626b711f8bfdc52b to remote] DEBUG org.asynchttpclient.netty.request.NettyRequestSender - Using pooled Channel '[id: 0x5fce67c4, L:/127.0.0.1:65446 - R:localhost/127.0.0.1:61470]' for 'GET' to 'http://localhost:61470/session/3c66741b55dda6e5626b711f8bfdc52b/screenshot'
19:53:38.367 [Forwarding screenshot on session 3c66741b55dda6e5626b711f8bfdc52b to remote] DEBUG org.asynchttpclient.netty.request.NettyRequestSender - Using open Channel [id: 0x5fce67c4, L:/127.0.0.1:65446 - R:localhost/127.0.0.1:61470] for GET '/session/3c66741b55dda6e5626b711f8bfdc52b/screenshot'
19:53:38.547 [AsyncHttpClient-1-3] DEBUG org.asynchttpclient.netty.handler.HttpHandler - 

Request DefaultFullHttpRequest(decodeResult: success, version: HTTP/1.1, content: EmptyByteBufBE)
GET /session/3c66741b55dda6e5626b711f8bfdc52b/screenshot HTTP/1.1
User-Agent: selenium/4.1.2 (java windows)
Cache-Control: no-cache
Content-Type: application/json; charset=utf-8
host: localhost:61470
accept: */*

Response DefaultHttpResponse(decodeResult: success, version: HTTP/1.1)
HTTP/1.1 200 OK
Content-Type: application/json; charset=utf-8
cache-control: no-cache
content-length: 46468

19:53:38.548 [AsyncHttpClient-1-3] DEBUG org.asynchttpclient.netty.channel.ChannelManager - Adding key: http://localhost:61470 for channel [id: 0x5fce67c4, L:/127.0.0.1:65446 - R:localhost/127.0.0.1:61470]
19:53:38.552 [main] DEBUG net.serenitybdd.core.photography.Darkroom - Send negative for processing for target\site\serenity\fd740febc6c2b4a681b15d7aa1d25b2491ae84a117d6f9d3cafecac59432b5f8.png
19:53:38.552 [Darkroom Processing Line] DEBUG net.serenitybdd.core.photography.DarkroomProcessingLine - Processing screenshot image in /var/screenshots/screenshot-10990118433616234891
19:53:38.552 [Darkroom Processing Line] DEBUG net.serenitybdd.core.photography.DarkroomProcessingLine - Saving screenshot to target\site\serenity\fd740febc6c2b4a681b15d7aa1d25b2491ae84a117d6f9d3cafecac59432b5f8.png
19:53:38.557 [Forwarding findElement on session 3c66741b55dda6e5626b711f8bfdc52b to remote] DEBUG org.asynchttpclient.netty.request.NettyRequestSender - Using pooled Channel '[id: 0x5fce67c4, L:/127.0.0.1:65446 - R:localhost/127.0.0.1:61470]' for 'POST' to 'http://localhost:61470/session/3c66741b55dda6e5626b711f8bfdc52b/element'
19:53:38.557 [Forwarding findElement on session 3c66741b55dda6e5626b711f8bfdc52b to remote] DEBUG org.asynchttpclient.netty.request.NettyRequestSender - Using open Channel [id: 0x5fce67c4, L:/127.0.0.1:65446 - R:localhost/127.0.0.1:61470] for POST '/session/3c66741b55dda6e5626b711f8bfdc52b/element'
19:53:38.569 [AsyncHttpClient-1-3] DEBUG org.asynchttpclient.netty.handler.HttpHandler - 

Request DefaultHttpRequest(decodeResult: success, version: HTTP/1.1)
POST /session/3c66741b55dda6e5626b711f8bfdc52b/element HTTP/1.1
User-Agent: selenium/4.1.2 (java windows)
Content-Length: 93
Content-Type: application/json; charset=utf-8
host: localhost:61470
accept: */*

Response DefaultHttpResponse(decodeResult: success, version: HTTP/1.1)
HTTP/1.1 200 OK
Content-Type: application/json; charset=utf-8
cache-control: no-cache
content-length: 88

19:53:38.569 [AsyncHttpClient-1-3] DEBUG org.asynchttpclient.netty.channel.ChannelManager - Adding key: http://localhost:61470 for channel [id: 0x5fce67c4, L:/127.0.0.1:65446 - R:localhost/127.0.0.1:61470]
19:53:38.570 [Forwarding clearElement on session 3c66741b55dda6e5626b711f8bfdc52b to remote] DEBUG org.asynchttpclient.netty.request.NettyRequestSender - Using pooled Channel '[id: 0x5fce67c4, L:/127.0.0.1:65446 - R:localhost/127.0.0.1:61470]' for 'POST' to 'http://localhost:61470/session/3c66741b55dda6e5626b711f8bfdc52b/element/a04ab1ac-27fa-495e-8a5c-c1db3ba2e453/clear'
19:53:38.570 [Forwarding clearElement on session 3c66741b55dda6e5626b711f8bfdc52b to remote] DEBUG org.asynchttpclient.netty.request.NettyRequestSender - Using open Channel [id: 0x5fce67c4, L:/127.0.0.1:65446 - R:localhost/127.0.0.1:61470] for POST '/session/3c66741b55dda6e5626b711f8bfdc52b/element/a04ab1ac-27fa-495e-8a5c-c1db3ba2e453/clear'
19:53:38.596 [AsyncHttpClient-1-3] DEBUG org.asynchttpclient.netty.handler.HttpHandler - 

Request DefaultHttpRequest(decodeResult: success, version: HTTP/1.1)
POST /session/3c66741b55dda6e5626b711f8bfdc52b/element/a04ab1ac-27fa-495e-8a5c-c1db3ba2e453/clear HTTP/1.1
User-Agent: selenium/4.1.2 (java windows)
Content-Length: 50
Content-Type: application/json; charset=utf-8
host: localhost:61470
accept: */*

Response DefaultHttpResponse(decodeResult: success, version: HTTP/1.1)
HTTP/1.1 200 OK
Content-Type: application/json; charset=utf-8
cache-control: no-cache
content-length: 14

19:53:38.596 [AsyncHttpClient-1-3] DEBUG org.asynchttpclient.netty.channel.ChannelManager - Adding key: http://localhost:61470 for channel [id: 0x5fce67c4, L:/127.0.0.1:65446 - R:localhost/127.0.0.1:61470]
19:53:38.597 [Forwarding sendKeysToElement on session 3c66741b55dda6e5626b711f8bfdc52b to remote] DEBUG org.asynchttpclient.netty.request.NettyRequestSender - Using pooled Channel '[id: 0x5fce67c4, L:/127.0.0.1:65446 - R:localhost/127.0.0.1:61470]' for 'POST' to 'http://localhost:61470/session/3c66741b55dda6e5626b711f8bfdc52b/element/a04ab1ac-27fa-495e-8a5c-c1db3ba2e453/value'
19:53:38.597 [Forwarding sendKeysToElement on session 3c66741b55dda6e5626b711f8bfdc52b to remote] DEBUG org.asynchttpclient.netty.request.NettyRequestSender - Using open Channel [id: 0x5fce67c4, L:/127.0.0.1:65446 - R:localhost/127.0.0.1:61470] for POST '/session/3c66741b55dda6e5626b711f8bfdc52b/element/a04ab1ac-27fa-495e-8a5c-c1db3ba2e453/value'
19:53:38.627 [AsyncHttpClient-1-3] DEBUG org.asynchttpclient.netty.handler.HttpHandler - 

Request DefaultHttpRequest(decodeResult: success, version: HTTP/1.1)
POST /session/3c66741b55dda6e5626b711f8bfdc52b/element/a04ab1ac-27fa-495e-8a5c-c1db3ba2e453/value HTTP/1.1
User-Agent: selenium/4.1.2 (java windows)
Content-Length: 82
Content-Type: application/json; charset=utf-8
host: localhost:61470
accept: */*

Response DefaultHttpResponse(decodeResult: success, version: HTTP/1.1)
HTTP/1.1 200 OK
Content-Type: application/json; charset=utf-8
cache-control: no-cache
content-length: 14

19:53:38.627 [AsyncHttpClient-1-3] DEBUG org.asynchttpclient.netty.channel.ChannelManager - Adding key: http://localhost:61470 for channel [id: 0x5fce67c4, L:/127.0.0.1:65446 - R:localhost/127.0.0.1:61470]
  &amp#27;[32mAnd &amp#27;[0m&amp#27;[32mI input &amp#27;[0m&amp#27;[32m&amp#27;[1m""&amp#27;[0m&amp#27;[32m fullname&amp#27;[0m                &amp#27;[90m# starter.steps.RegistrationStep.iInputFullname(java.lang.String)&amp#27;[0m
19:53:38.631 [Forwarding screenshot on session 3c66741b55dda6e5626b711f8bfdc52b to remote] DEBUG org.asynchttpclient.netty.request.NettyRequestSender - Using pooled Channel '[id: 0x5fce67c4, L:/127.0.0.1:65446 - R:localhost/127.0.0.1:61470]' for 'GET' to 'http://localhost:61470/session/3c66741b55dda6e5626b711f8bfdc52b/screenshot'
19:53:38.631 [Forwarding screenshot on session 3c66741b55dda6e5626b711f8bfdc52b to remote] DEBUG org.asynchttpclient.netty.request.NettyRequestSender - Using open Channel [id: 0x5fce67c4, L:/127.0.0.1:65446 - R:localhost/127.0.0.1:61470] for GET '/session/3c66741b55dda6e5626b711f8bfdc52b/screenshot'
19:53:38.905 [AsyncHttpClient-1-3] DEBUG org.asynchttpclient.netty.handler.HttpHandler - 

Request DefaultFullHttpRequest(decodeResult: success, version: HTTP/1.1, content: EmptyByteBufBE)
GET /session/3c66741b55dda6e5626b711f8bfdc52b/screenshot HTTP/1.1
User-Agent: selenium/4.1.2 (java windows)
Cache-Control: no-cache
Content-Type: application/json; charset=utf-8
host: localhost:61470
accept: */*

Response DefaultHttpResponse(decodeResult: success, version: HTTP/1.1)
HTTP/1.1 200 OK
Content-Type: application/json; charset=utf-8
cache-control: no-cache
content-length: 44624

19:53:38.905 [AsyncHttpClient-1-3] DEBUG org.asynchttpclient.netty.channel.ChannelManager - Adding key: http://localhost:61470 for channel [id: 0x5fce67c4, L:/127.0.0.1:65446 - R:localhost/127.0.0.1:61470]
19:53:38.907 [main] DEBUG net.serenitybdd.core.photography.Darkroom - Send negative for processing for target\site\serenity\6d06a1b4a7148c8be0c62b571d9e2c26c830fe2823c0b4a847bb7326292604b6.png
19:53:38.908 [Darkroom Processing Line] DEBUG net.serenitybdd.core.photography.DarkroomProcessingLine - Processing screenshot image in /var/screenshots/screenshot-9340966163122915535
19:53:38.908 [Darkroom Processing Line] DEBUG net.serenitybdd.core.photography.DarkroomProcessingLine - Saving screenshot to target\site\serenity\6d06a1b4a7148c8be0c62b571d9e2c26c830fe2823c0b4a847bb7326292604b6.png
19:53:38.913 [Forwarding findElement on session 3c66741b55dda6e5626b711f8bfdc52b to remote] DEBUG org.asynchttpclient.netty.request.NettyRequestSender - Using pooled Channel '[id: 0x5fce67c4, L:/127.0.0.1:65446 - R:localhost/127.0.0.1:61470]' for 'POST' to 'http://localhost:61470/session/3c66741b55dda6e5626b711f8bfdc52b/element'
19:53:38.913 [Forwarding findElement on session 3c66741b55dda6e5626b711f8bfdc52b to remote] DEBUG org.asynchttpclient.netty.request.NettyRequestSender - Using open Channel [id: 0x5fce67c4, L:/127.0.0.1:65446 - R:localhost/127.0.0.1:61470] for POST '/session/3c66741b55dda6e5626b711f8bfdc52b/element'
19:53:38.929 [AsyncHttpClient-1-3] DEBUG org.asynchttpclient.netty.handler.HttpHandler - 

Request DefaultHttpRequest(decodeResult: success, version: HTTP/1.1)
POST /session/3c66741b55dda6e5626b711f8bfdc52b/element HTTP/1.1
User-Agent: selenium/4.1.2 (java windows)
Content-Length: 86
Content-Type: application/json; charset=utf-8
host: localhost:61470
accept: */*

Response DefaultHttpResponse(decodeResult: success, version: HTTP/1.1)
HTTP/1.1 200 OK
Content-Type: application/json; charset=utf-8
cache-control: no-cache
content-length: 88

19:53:38.929 [AsyncHttpClient-1-3] DEBUG org.asynchttpclient.netty.channel.ChannelManager - Adding key: http://localhost:61470 for channel [id: 0x5fce67c4, L:/127.0.0.1:65446 - R:localhost/127.0.0.1:61470]
19:53:38.930 [Forwarding clearElement on session 3c66741b55dda6e5626b711f8bfdc52b to remote] DEBUG org.asynchttpclient.netty.request.NettyRequestSender - Using pooled Channel '[id: 0x5fce67c4, L:/127.0.0.1:65446 - R:localhost/127.0.0.1:61470]' for 'POST' to 'http://localhost:61470/session/3c66741b55dda6e5626b711f8bfdc52b/element/a13c5a3c-10f9-4594-98b4-fdd85455a422/clear'
19:53:38.930 [Forwarding clearElement on session 3c66741b55dda6e5626b711f8bfdc52b to remote] DEBUG org.asynchttpclient.netty.request.NettyRequestSender - Using open Channel [id: 0x5fce67c4, L:/127.0.0.1:65446 - R:localhost/127.0.0.1:61470] for POST '/session/3c66741b55dda6e5626b711f8bfdc52b/element/a13c5a3c-10f9-4594-98b4-fdd85455a422/clear'
19:53:38.962 [AsyncHttpClient-1-3] DEBUG org.asynchttpclient.netty.handler.HttpHandler - 

Request DefaultHttpRequest(decodeResult: success, version: HTTP/1.1)
POST /session/3c66741b55dda6e5626b711f8bfdc52b/element/a13c5a3c-10f9-4594-98b4-fdd85455a422/clear HTTP/1.1
User-Agent: selenium/4.1.2 (java windows)
Content-Length: 50
Content-Type: application/json; charset=utf-8
host: localhost:61470
accept: */*

Response DefaultHttpResponse(decodeResult: success, version: HTTP/1.1)
HTTP/1.1 200 OK
Content-Type: application/json; charset=utf-8
cache-control: no-cache
content-length: 14

19:53:38.962 [AsyncHttpClient-1-3] DEBUG org.asynchttpclient.netty.channel.ChannelManager - Adding key: http://localhost:61470 for channel [id: 0x5fce67c4, L:/127.0.0.1:65446 - R:localhost/127.0.0.1:61470]
19:53:38.963 [Forwarding sendKeysToElement on session 3c66741b55dda6e5626b711f8bfdc52b to remote] DEBUG org.asynchttpclient.netty.request.NettyRequestSender - Using pooled Channel '[id: 0x5fce67c4, L:/127.0.0.1:65446 - R:localhost/127.0.0.1:61470]' for 'POST' to 'http://localhost:61470/session/3c66741b55dda6e5626b711f8bfdc52b/element/a13c5a3c-10f9-4594-98b4-fdd85455a422/value'
19:53:38.963 [Forwarding sendKeysToElement on session 3c66741b55dda6e5626b711f8bfdc52b to remote] DEBUG org.asynchttpclient.netty.request.NettyRequestSender - Using open Channel [id: 0x5fce67c4, L:/127.0.0.1:65446 - R:localhost/127.0.0.1:61470] for POST '/session/3c66741b55dda6e5626b711f8bfdc52b/element/a13c5a3c-10f9-4594-98b4-fdd85455a422/value'
19:53:39.106 [AsyncHttpClient-1-3] DEBUG org.asynchttpclient.netty.handler.HttpHandler - 

Request DefaultHttpRequest(decodeResult: success, version: HTTP/1.1)
POST /session/3c66741b55dda6e5626b711f8bfdc52b/element/a13c5a3c-10f9-4594-98b4-fdd85455a422/value HTTP/1.1
User-Agent: selenium/4.1.2 (java windows)
Content-Length: 221
Content-Type: application/json; charset=utf-8
host: localhost:61470
accept: */*

Response DefaultHttpResponse(decodeResult: success, version: HTTP/1.1)
HTTP/1.1 200 OK
Content-Type: application/json; charset=utf-8
cache-control: no-cache
content-length: 14

19:53:39.106 [AsyncHttpClient-1-3] DEBUG org.asynchttpclient.netty.channel.ChannelManager - Adding key: http://localhost:61470 for channel [id: 0x5fce67c4, L:/127.0.0.1:65446 - R:localhost/127.0.0.1:61470]
  &amp#27;[32mAnd &amp#27;[0m&amp#27;[32mI input &amp#27;[0m&amp#27;[32m&amp#27;[1m"may1@gmail.com"&amp#27;[0m&amp#27;[32m new email&amp#27;[0m &amp#27;[90m# starter.steps.RegistrationStep.iInputNewEmail(java.lang.String)&amp#27;[0m
19:53:39.112 [Forwarding screenshot on session 3c66741b55dda6e5626b711f8bfdc52b to remote] DEBUG org.asynchttpclient.netty.request.NettyRequestSender - Using pooled Channel '[id: 0x5fce67c4, L:/127.0.0.1:65446 - R:localhost/127.0.0.1:61470]' for 'GET' to 'http://localhost:61470/session/3c66741b55dda6e5626b711f8bfdc52b/screenshot'
19:53:39.112 [Forwarding screenshot on session 3c66741b55dda6e5626b711f8bfdc52b to remote] DEBUG org.asynchttpclient.netty.request.NettyRequestSender - Using open Channel [id: 0x5fce67c4, L:/127.0.0.1:65446 - R:localhost/127.0.0.1:61470] for GET '/session/3c66741b55dda6e5626b711f8bfdc52b/screenshot'
19:53:39.363 [AsyncHttpClient-1-3] DEBUG org.asynchttpclient.netty.handler.HttpHandler - 

Request DefaultFullHttpRequest(decodeResult: success, version: HTTP/1.1, content: EmptyByteBufBE)
GET /session/3c66741b55dda6e5626b711f8bfdc52b/screenshot HTTP/1.1
User-Agent: selenium/4.1.2 (java windows)
Cache-Control: no-cache
Content-Type: application/json; charset=utf-8
host: localhost:61470
accept: */*

Response DefaultHttpResponse(decodeResult: success, version: HTTP/1.1)
HTTP/1.1 200 OK
Content-Type: application/json; charset=utf-8
cache-control: no-cache
content-length: 52492

19:53:39.363 [AsyncHttpClient-1-3] DEBUG org.asynchttpclient.netty.channel.ChannelManager - Adding key: http://localhost:61470 for channel [id: 0x5fce67c4, L:/127.0.0.1:65446 - R:localhost/127.0.0.1:61470]
19:53:39.368 [main] DEBUG net.serenitybdd.core.photography.Darkroom - Send negative for processing for target\site\serenity\41e6e61b2acc94b3f382b6a97417cf700ff8374eca0c78b91e50855618c12840.png
19:53:39.368 [Darkroom Processing Line] DEBUG net.serenitybdd.core.photography.DarkroomProcessingLine - Processing screenshot image in /var/screenshots/screenshot-9254126918782008226
19:53:39.368 [Darkroom Processing Line] DEBUG net.serenitybdd.core.photography.DarkroomProcessingLine - Saving screenshot to target\site\serenity\41e6e61b2acc94b3f382b6a97417cf700ff8374eca0c78b91e50855618c12840.png
19:53:39.374 [Forwarding findElement on session 3c66741b55dda6e5626b711f8bfdc52b to remote] DEBUG org.asynchttpclient.netty.request.NettyRequestSender - Using pooled Channel '[id: 0x5fce67c4, L:/127.0.0.1:65446 - R:localhost/127.0.0.1:61470]' for 'POST' to 'http://localhost:61470/session/3c66741b55dda6e5626b711f8bfdc52b/element'
19:53:39.374 [Forwarding findElement on session 3c66741b55dda6e5626b711f8bfdc52b to remote] DEBUG org.asynchttpclient.netty.request.NettyRequestSender - Using open Channel [id: 0x5fce67c4, L:/127.0.0.1:65446 - R:localhost/127.0.0.1:61470] for POST '/session/3c66741b55dda6e5626b711f8bfdc52b/element'
19:53:39.383 [AsyncHttpClient-1-3] DEBUG org.asynchttpclient.netty.handler.HttpHandler - 

Request DefaultHttpRequest(decodeResult: success, version: HTTP/1.1)
POST /session/3c66741b55dda6e5626b711f8bfdc52b/element HTTP/1.1
User-Agent: selenium/4.1.2 (java windows)
Content-Length: 89
Content-Type: application/json; charset=utf-8
host: localhost:61470
accept: */*

Response DefaultHttpResponse(decodeResult: success, version: HTTP/1.1)
HTTP/1.1 200 OK
Content-Type: application/json; charset=utf-8
cache-control: no-cache
content-length: 88

19:53:39.384 [AsyncHttpClient-1-3] DEBUG org.asynchttpclient.netty.channel.ChannelManager - Adding key: http://localhost:61470 for channel [id: 0x5fce67c4, L:/127.0.0.1:65446 - R:localhost/127.0.0.1:61470]
19:53:39.385 [Forwarding clearElement on session 3c66741b55dda6e5626b711f8bfdc52b to remote] DEBUG org.asynchttpclient.netty.request.NettyRequestSender - Using pooled Channel '[id: 0x5fce67c4, L:/127.0.0.1:65446 - R:localhost/127.0.0.1:61470]' for 'POST' to 'http://localhost:61470/session/3c66741b55dda6e5626b711f8bfdc52b/element/fbb4ec62-bb53-4dc1-a4c8-9f16b52b853f/clear'
19:53:39.385 [Forwarding clearElement on session 3c66741b55dda6e5626b711f8bfdc52b to remote] DEBUG org.asynchttpclient.netty.request.NettyRequestSender - Using open Channel [id: 0x5fce67c4, L:/127.0.0.1:65446 - R:localhost/127.0.0.1:61470] for POST '/session/3c66741b55dda6e5626b711f8bfdc52b/element/fbb4ec62-bb53-4dc1-a4c8-9f16b52b853f/clear'
19:53:39.427 [AsyncHttpClient-1-3] DEBUG org.asynchttpclient.netty.handler.HttpHandler - 

Request DefaultHttpRequest(decodeResult: success, version: HTTP/1.1)
POST /session/3c66741b55dda6e5626b711f8bfdc52b/element/fbb4ec62-bb53-4dc1-a4c8-9f16b52b853f/clear HTTP/1.1
User-Agent: selenium/4.1.2 (java windows)
Content-Length: 50
Content-Type: application/json; charset=utf-8
host: localhost:61470
accept: */*

Response DefaultHttpResponse(decodeResult: success, version: HTTP/1.1)
HTTP/1.1 200 OK
Content-Type: application/json; charset=utf-8
cache-control: no-cache
content-length: 14

19:53:39.427 [AsyncHttpClient-1-3] DEBUG org.asynchttpclient.netty.channel.ChannelManager - Adding key: http://localhost:61470 for channel [id: 0x5fce67c4, L:/127.0.0.1:65446 - R:localhost/127.0.0.1:61470]
19:53:39.429 [Forwarding sendKeysToElement on session 3c66741b55dda6e5626b711f8bfdc52b to remote] DEBUG org.asynchttpclient.netty.request.NettyRequestSender - Using pooled Channel '[id: 0x5fce67c4, L:/127.0.0.1:65446 - R:localhost/127.0.0.1:61470]' for 'POST' to 'http://localhost:61470/session/3c66741b55dda6e5626b711f8bfdc52b/element/fbb4ec62-bb53-4dc1-a4c8-9f16b52b853f/value'
19:53:39.429 [Forwarding sendKeysToElement on session 3c66741b55dda6e5626b711f8bfdc52b to remote] DEBUG org.asynchttpclient.netty.request.NettyRequestSender - Using open Channel [id: 0x5fce67c4, L:/127.0.0.1:65446 - R:localhost/127.0.0.1:61470] for POST '/session/3c66741b55dda6e5626b711f8bfdc52b/element/fbb4ec62-bb53-4dc1-a4c8-9f16b52b853f/value'
19:53:39.459 [AsyncHttpClient-1-3] DEBUG org.asynchttpclient.netty.handler.HttpHandler - 

Request DefaultHttpRequest(decodeResult: success, version: HTTP/1.1)
POST /session/3c66741b55dda6e5626b711f8bfdc52b/element/fbb4ec62-bb53-4dc1-a4c8-9f16b52b853f/value HTTP/1.1
User-Agent: selenium/4.1.2 (java windows)
Content-Length: 82
Content-Type: application/json; charset=utf-8
host: localhost:61470
accept: */*

Response DefaultHttpResponse(decodeResult: success, version: HTTP/1.1)
HTTP/1.1 200 OK
Content-Type: application/json; charset=utf-8
cache-control: no-cache
content-length: 14

19:53:39.459 [AsyncHttpClient-1-3] DEBUG org.asynchttpclient.netty.channel.ChannelManager - Adding key: http://localhost:61470 for channel [id: 0x5fce67c4, L:/127.0.0.1:65446 - R:localhost/127.0.0.1:61470]
  &amp#27;[32mAnd &amp#27;[0m&amp#27;[32mI input &amp#27;[0m&amp#27;[32m&amp#27;[1m""&amp#27;[0m&amp#27;[32m new password&amp#27;[0m            &amp#27;[90m# starter.steps.RegistrationStep.iInputNewPassword(java.lang.String)&amp#27;[0m
19:53:39.463 [Forwarding screenshot on session 3c66741b55dda6e5626b711f8bfdc52b to remote] DEBUG org.asynchttpclient.netty.request.NettyRequestSender - Using pooled Channel '[id: 0x5fce67c4, L:/127.0.0.1:65446 - R:localhost/127.0.0.1:61470]' for 'GET' to 'http://localhost:61470/session/3c66741b55dda6e5626b711f8bfdc52b/screenshot'
19:53:39.463 [Forwarding screenshot on session 3c66741b55dda6e5626b711f8bfdc52b to remote] DEBUG org.asynchttpclient.netty.request.NettyRequestSender - Using open Channel [id: 0x5fce67c4, L:/127.0.0.1:65446 - R:localhost/127.0.0.1:61470] for GET '/session/3c66741b55dda6e5626b711f8bfdc52b/screenshot'
19:53:39.688 [AsyncHttpClient-1-3] DEBUG org.asynchttpclient.netty.handler.HttpHandler - 

Request DefaultFullHttpRequest(decodeResult: success, version: HTTP/1.1, content: EmptyByteBufBE)
GET /session/3c66741b55dda6e5626b711f8bfdc52b/screenshot HTTP/1.1
User-Agent: selenium/4.1.2 (java windows)
Cache-Control: no-cache
Content-Type: application/json; charset=utf-8
host: localhost:61470
accept: */*

Response DefaultHttpResponse(decodeResult: success, version: HTTP/1.1)
HTTP/1.1 200 OK
Content-Type: application/json; charset=utf-8
cache-control: no-cache
content-length: 50964

19:53:39.688 [AsyncHttpClient-1-3] DEBUG org.asynchttpclient.netty.channel.ChannelManager - Adding key: http://localhost:61470 for channel [id: 0x5fce67c4, L:/127.0.0.1:65446 - R:localhost/127.0.0.1:61470]
19:53:39.689 [main] DEBUG net.serenitybdd.core.photography.Darkroom - Send negative for processing for target\site\serenity\d8866edd642e29b7d2c8f7a375c7f1f92ddcd489592c8f26b23f829a4864e68f.png
19:53:39.690 [Darkroom Processing Line] DEBUG net.serenitybdd.core.photography.DarkroomProcessingLine - Processing screenshot image in /var/screenshots/screenshot-17170859207035824743
19:53:39.690 [Darkroom Processing Line] DEBUG net.serenitybdd.core.photography.DarkroomProcessingLine - Saving screenshot to target\site\serenity\d8866edd642e29b7d2c8f7a375c7f1f92ddcd489592c8f26b23f829a4864e68f.png
19:53:39.697 [Forwarding findElement on session 3c66741b55dda6e5626b711f8bfdc52b to remote] DEBUG org.asynchttpclient.netty.request.NettyRequestSender - Using pooled Channel '[id: 0x5fce67c4, L:/127.0.0.1:65446 - R:localhost/127.0.0.1:61470]' for 'POST' to 'http://localhost:61470/session/3c66741b55dda6e5626b711f8bfdc52b/element'
19:53:39.697 [Forwarding findElement on session 3c66741b55dda6e5626b711f8bfdc52b to remote] DEBUG org.asynchttpclient.netty.request.NettyRequestSender - Using open Channel [id: 0x5fce67c4, L:/127.0.0.1:65446 - R:localhost/127.0.0.1:61470] for POST '/session/3c66741b55dda6e5626b711f8bfdc52b/element'
19:53:39.710 [AsyncHttpClient-1-3] DEBUG org.asynchttpclient.netty.handler.HttpHandler - 

Request DefaultHttpRequest(decodeResult: success, version: HTTP/1.1)
POST /session/3c66741b55dda6e5626b711f8bfdc52b/element HTTP/1.1
User-Agent: selenium/4.1.2 (java windows)
Content-Length: 141
Content-Type: application/json; charset=utf-8
host: localhost:61470
accept: */*

Response DefaultHttpResponse(decodeResult: success, version: HTTP/1.1)
HTTP/1.1 200 OK
Content-Type: application/json; charset=utf-8
cache-control: no-cache
content-length: 88

19:53:39.710 [AsyncHttpClient-1-3] DEBUG org.asynchttpclient.netty.channel.ChannelManager - Adding key: http://localhost:61470 for channel [id: 0x5fce67c4, L:/127.0.0.1:65446 - R:localhost/127.0.0.1:61470]
19:53:39.711 [Forwarding getElementTagName on session 3c66741b55dda6e5626b711f8bfdc52b to remote] DEBUG org.asynchttpclient.netty.request.NettyRequestSender - Using pooled Channel '[id: 0x5fce67c4, L:/127.0.0.1:65446 - R:localhost/127.0.0.1:61470]' for 'GET' to 'http://localhost:61470/session/3c66741b55dda6e5626b711f8bfdc52b/element/0aeb772c-a1db-4293-b20d-812c1334581e/name'
19:53:39.711 [Forwarding getElementTagName on session 3c66741b55dda6e5626b711f8bfdc52b to remote] DEBUG org.asynchttpclient.netty.request.NettyRequestSender - Using open Channel [id: 0x5fce67c4, L:/127.0.0.1:65446 - R:localhost/127.0.0.1:61470] for GET '/session/3c66741b55dda6e5626b711f8bfdc52b/element/0aeb772c-a1db-4293-b20d-812c1334581e/name'
19:53:39.722 [AsyncHttpClient-1-3] DEBUG org.asynchttpclient.netty.handler.HttpHandler - 

Request DefaultFullHttpRequest(decodeResult: success, version: HTTP/1.1, content: EmptyByteBufBE)
GET /session/3c66741b55dda6e5626b711f8bfdc52b/element/0aeb772c-a1db-4293-b20d-812c1334581e/name HTTP/1.1
User-Agent: selenium/4.1.2 (java windows)
Cache-Control: no-cache
Content-Type: application/json; charset=utf-8
host: localhost:61470
accept: */*

Response DefaultHttpResponse(decodeResult: success, version: HTTP/1.1)
HTTP/1.1 200 OK
Content-Type: application/json; charset=utf-8
cache-control: no-cache
content-length: 18

19:53:39.724 [AsyncHttpClient-1-3] DEBUG org.asynchttpclient.netty.channel.ChannelManager - Adding key: http://localhost:61470 for channel [id: 0x5fce67c4, L:/127.0.0.1:65446 - R:localhost/127.0.0.1:61470]
19:53:39.728 [Forwarding getElementTagName on session 3c66741b55dda6e5626b711f8bfdc52b to remote] DEBUG org.asynchttpclient.netty.request.NettyRequestSender - Using pooled Channel '[id: 0x5fce67c4, L:/127.0.0.1:65446 - R:localhost/127.0.0.1:61470]' for 'GET' to 'http://localhost:61470/session/3c66741b55dda6e5626b711f8bfdc52b/element/0aeb772c-a1db-4293-b20d-812c1334581e/name'
19:53:39.728 [Forwarding getElementTagName on session 3c66741b55dda6e5626b711f8bfdc52b to remote] DEBUG org.asynchttpclient.netty.request.NettyRequestSender - Using open Channel [id: 0x5fce67c4, L:/127.0.0.1:65446 - R:localhost/127.0.0.1:61470] for GET '/session/3c66741b55dda6e5626b711f8bfdc52b/element/0aeb772c-a1db-4293-b20d-812c1334581e/name'
19:53:39.737 [AsyncHttpClient-1-3] DEBUG org.asynchttpclient.netty.handler.HttpHandler - 

Request DefaultFullHttpRequest(decodeResult: success, version: HTTP/1.1, content: EmptyByteBufBE)
GET /session/3c66741b55dda6e5626b711f8bfdc52b/element/0aeb772c-a1db-4293-b20d-812c1334581e/name HTTP/1.1
User-Agent: selenium/4.1.2 (java windows)
Cache-Control: no-cache
Content-Type: application/json; charset=utf-8
host: localhost:61470
accept: */*

Response DefaultHttpResponse(decodeResult: success, version: HTTP/1.1)
HTTP/1.1 200 OK
Content-Type: application/json; charset=utf-8
cache-control: no-cache
content-length: 18

19:53:39.737 [AsyncHttpClient-1-3] DEBUG org.asynchttpclient.netty.channel.ChannelManager - Adding key: http://localhost:61470 for channel [id: 0x5fce67c4, L:/127.0.0.1:65446 - R:localhost/127.0.0.1:61470]
19:53:39.742 [Forwarding isElementEnabled on session 3c66741b55dda6e5626b711f8bfdc52b to remote] DEBUG org.asynchttpclient.netty.request.NettyRequestSender - Using pooled Channel '[id: 0x5fce67c4, L:/127.0.0.1:65446 - R:localhost/127.0.0.1:61470]' for 'GET' to 'http://localhost:61470/session/3c66741b55dda6e5626b711f8bfdc52b/element/0aeb772c-a1db-4293-b20d-812c1334581e/enabled'
19:53:39.742 [Forwarding isElementEnabled on session 3c66741b55dda6e5626b711f8bfdc52b to remote] DEBUG org.asynchttpclient.netty.request.NettyRequestSender - Using open Channel [id: 0x5fce67c4, L:/127.0.0.1:65446 - R:localhost/127.0.0.1:61470] for GET '/session/3c66741b55dda6e5626b711f8bfdc52b/element/0aeb772c-a1db-4293-b20d-812c1334581e/enabled'
19:53:39.749 [AsyncHttpClient-1-3] DEBUG org.asynchttpclient.netty.handler.HttpHandler - 

Request DefaultFullHttpRequest(decodeResult: success, version: HTTP/1.1, content: EmptyByteBufBE)
GET /session/3c66741b55dda6e5626b711f8bfdc52b/element/0aeb772c-a1db-4293-b20d-812c1334581e/enabled HTTP/1.1
User-Agent: selenium/4.1.2 (java windows)
Cache-Control: no-cache
Content-Type: application/json; charset=utf-8
host: localhost:61470
accept: */*

Response DefaultHttpResponse(decodeResult: success, version: HTTP/1.1)
HTTP/1.1 200 OK
Content-Type: application/json; charset=utf-8
cache-control: no-cache
content-length: 14

19:53:39.749 [AsyncHttpClient-1-3] DEBUG org.asynchttpclient.netty.channel.ChannelManager - Adding key: http://localhost:61470 for channel [id: 0x5fce67c4, L:/127.0.0.1:65446 - R:localhost/127.0.0.1:61470]
19:53:39.755 [Forwarding isElementEnabled on session 3c66741b55dda6e5626b711f8bfdc52b to remote] DEBUG org.asynchttpclient.netty.request.NettyRequestSender - Using pooled Channel '[id: 0x5fce67c4, L:/127.0.0.1:65446 - R:localhost/127.0.0.1:61470]' for 'GET' to 'http://localhost:61470/session/3c66741b55dda6e5626b711f8bfdc52b/element/0aeb772c-a1db-4293-b20d-812c1334581e/enabled'
19:53:39.755 [Forwarding isElementEnabled on session 3c66741b55dda6e5626b711f8bfdc52b to remote] DEBUG org.asynchttpclient.netty.request.NettyRequestSender - Using open Channel [id: 0x5fce67c4, L:/127.0.0.1:65446 - R:localhost/127.0.0.1:61470] for GET '/session/3c66741b55dda6e5626b711f8bfdc52b/element/0aeb772c-a1db-4293-b20d-812c1334581e/enabled'
19:53:39.762 [AsyncHttpClient-1-3] DEBUG org.asynchttpclient.netty.handler.HttpHandler - 

Request DefaultFullHttpRequest(decodeResult: success, version: HTTP/1.1, content: EmptyByteBufBE)
GET /session/3c66741b55dda6e5626b711f8bfdc52b/element/0aeb772c-a1db-4293-b20d-812c1334581e/enabled HTTP/1.1
User-Agent: selenium/4.1.2 (java windows)
Cache-Control: no-cache
Content-Type: application/json; charset=utf-8
host: localhost:61470
accept: */*

Response DefaultHttpResponse(decodeResult: success, version: HTTP/1.1)
HTTP/1.1 200 OK
Content-Type: application/json; charset=utf-8
cache-control: no-cache
content-length: 14

19:53:39.763 [AsyncHttpClient-1-3] DEBUG org.asynchttpclient.netty.channel.ChannelManager - Adding key: http://localhost:61470 for channel [id: 0x5fce67c4, L:/127.0.0.1:65446 - R:localhost/127.0.0.1:61470]
19:53:39.775 [Forwarding findElement on session 3c66741b55dda6e5626b711f8bfdc52b to remote] DEBUG org.asynchttpclient.netty.request.NettyRequestSender - Using pooled Channel '[id: 0x5fce67c4, L:/127.0.0.1:65446 - R:localhost/127.0.0.1:61470]' for 'POST' to 'http://localhost:61470/session/3c66741b55dda6e5626b711f8bfdc52b/element'
19:53:39.775 [Forwarding findElement on session 3c66741b55dda6e5626b711f8bfdc52b to remote] DEBUG org.asynchttpclient.netty.request.NettyRequestSender - Using open Channel [id: 0x5fce67c4, L:/127.0.0.1:65446 - R:localhost/127.0.0.1:61470] for POST '/session/3c66741b55dda6e5626b711f8bfdc52b/element'
19:53:39.781 [AsyncHttpClient-1-3] DEBUG org.asynchttpclient.netty.handler.HttpHandler - 

Request DefaultHttpRequest(decodeResult: success, version: HTTP/1.1)
POST /session/3c66741b55dda6e5626b711f8bfdc52b/element HTTP/1.1
User-Agent: selenium/4.1.2 (java windows)
Content-Length: 141
Content-Type: application/json; charset=utf-8
host: localhost:61470
accept: */*

Response DefaultHttpResponse(decodeResult: success, version: HTTP/1.1)
HTTP/1.1 200 OK
Content-Type: application/json; charset=utf-8
cache-control: no-cache
content-length: 88

19:53:39.781 [AsyncHttpClient-1-3] DEBUG org.asynchttpclient.netty.channel.ChannelManager - Adding key: http://localhost:61470 for channel [id: 0x5fce67c4, L:/127.0.0.1:65446 - R:localhost/127.0.0.1:61470]
19:53:39.785 [Forwarding clickElement on session 3c66741b55dda6e5626b711f8bfdc52b to remote] DEBUG org.asynchttpclient.netty.request.NettyRequestSender - Using pooled Channel '[id: 0x5fce67c4, L:/127.0.0.1:65446 - R:localhost/127.0.0.1:61470]' for 'POST' to 'http://localhost:61470/session/3c66741b55dda6e5626b711f8bfdc52b/element/0aeb772c-a1db-4293-b20d-812c1334581e/click'
19:53:39.786 [Forwarding clickElement on session 3c66741b55dda6e5626b711f8bfdc52b to remote] DEBUG org.asynchttpclient.netty.request.NettyRequestSender - Using open Channel [id: 0x5fce67c4, L:/127.0.0.1:65446 - R:localhost/127.0.0.1:61470] for POST '/session/3c66741b55dda6e5626b711f8bfdc52b/element/0aeb772c-a1db-4293-b20d-812c1334581e/click'
19:53:39.824 [AsyncHttpClient-1-3] DEBUG org.asynchttpclient.netty.handler.HttpHandler - 

Request DefaultHttpRequest(decodeResult: success, version: HTTP/1.1)
POST /session/3c66741b55dda6e5626b711f8bfdc52b/element/0aeb772c-a1db-4293-b20d-812c1334581e/click HTTP/1.1
User-Agent: selenium/4.1.2 (java windows)
Content-Length: 50
Content-Type: application/json; charset=utf-8
host: localhost:61470
accept: */*

Response DefaultHttpResponse(decodeResult: success, version: HTTP/1.1)
HTTP/1.1 200 OK
Content-Type: application/json; charset=utf-8
cache-control: no-cache
content-length: 14

19:53:39.825 [AsyncHttpClient-1-3] DEBUG org.asynchttpclient.netty.channel.ChannelManager - Adding key: http://localhost:61470 for channel [id: 0x5fce67c4, L:/127.0.0.1:65446 - R:localhost/127.0.0.1:61470]
  &amp#27;[32mAnd &amp#27;[0m&amp#27;[32mI click register button&amp#27;[0m            &amp#27;[90m# starter.steps.RegistrationStep.iClickRegisterButton()&amp#27;[0m
19:53:39.829 [Forwarding screenshot on session 3c66741b55dda6e5626b711f8bfdc52b to remote] DEBUG org.asynchttpclient.netty.request.NettyRequestSender - Using pooled Channel '[id: 0x5fce67c4, L:/127.0.0.1:65446 - R:localhost/127.0.0.1:61470]' for 'GET' to 'http://localhost:61470/session/3c66741b55dda6e5626b711f8bfdc52b/screenshot'
19:53:39.829 [Forwarding screenshot on session 3c66741b55dda6e5626b711f8bfdc52b to remote] DEBUG org.asynchttpclient.netty.request.NettyRequestSender - Using open Channel [id: 0x5fce67c4, L:/127.0.0.1:65446 - R:localhost/127.0.0.1:61470] for GET '/session/3c66741b55dda6e5626b711f8bfdc52b/screenshot'
19:53:40.041 [AsyncHttpClient-1-3] DEBUG org.asynchttpclient.netty.handler.HttpHandler - 

Request DefaultFullHttpRequest(decodeResult: success, version: HTTP/1.1, content: EmptyByteBufBE)
GET /session/3c66741b55dda6e5626b711f8bfdc52b/screenshot HTTP/1.1
User-Agent: selenium/4.1.2 (java windows)
Cache-Control: no-cache
Content-Type: application/json; charset=utf-8
host: localhost:61470
accept: */*

Response DefaultHttpResponse(decodeResult: success, version: HTTP/1.1)
HTTP/1.1 200 OK
Content-Type: application/json; charset=utf-8
cache-control: no-cache
content-length: 51476

19:53:40.042 [AsyncHttpClient-1-3] DEBUG org.asynchttpclient.netty.channel.ChannelManager - Adding key: http://localhost:61470 for channel [id: 0x5fce67c4, L:/127.0.0.1:65446 - R:localhost/127.0.0.1:61470]
19:53:40.043 [main] DEBUG net.serenitybdd.core.photography.Darkroom - Send negative for processing for target\site\serenity\2a99145ea8d38c9c306053ca3d9907202e74736bf0136012e88b4e43da60aca7.png
19:53:40.043 [Darkroom Processing Line] DEBUG net.serenitybdd.core.photography.DarkroomProcessingLine - Processing screenshot image in /var/screenshots/screenshot-10295864887133832362
19:53:40.044 [Darkroom Processing Line] DEBUG net.serenitybdd.core.photography.DarkroomProcessingLine - Saving screenshot to target\site\serenity\2a99145ea8d38c9c306053ca3d9907202e74736bf0136012e88b4e43da60aca7.png
19:53:40.048 [Forwarding findElement on session 3c66741b55dda6e5626b711f8bfdc52b to remote] DEBUG org.asynchttpclient.netty.request.NettyRequestSender - Using pooled Channel '[id: 0x5fce67c4, L:/127.0.0.1:65446 - R:localhost/127.0.0.1:61470]' for 'POST' to 'http://localhost:61470/session/3c66741b55dda6e5626b711f8bfdc52b/element'
19:53:40.049 [Forwarding findElement on session 3c66741b55dda6e5626b711f8bfdc52b to remote] DEBUG org.asynchttpclient.netty.request.NettyRequestSender - Using open Channel [id: 0x5fce67c4, L:/127.0.0.1:65446 - R:localhost/127.0.0.1:61470] for POST '/session/3c66741b55dda6e5626b711f8bfdc52b/element'
19:53:40.981 [AsyncHttpClient-1-3] DEBUG org.asynchttpclient.netty.handler.HttpHandler - 

Request DefaultHttpRequest(decodeResult: success, version: HTTP/1.1)
POST /session/3c66741b55dda6e5626b711f8bfdc52b/element HTTP/1.1
User-Agent: selenium/4.1.2 (java windows)
Content-Length: 79
Content-Type: application/json; charset=utf-8
host: localhost:61470
accept: */*

Response DefaultHttpResponse(decodeResult: success, version: HTTP/1.1)
HTTP/1.1 200 OK
Content-Type: application/json; charset=utf-8
cache-control: no-cache
content-length: 88

19:53:40.981 [AsyncHttpClient-1-3] DEBUG org.asynchttpclient.netty.channel.ChannelManager - Adding key: http://localhost:61470 for channel [id: 0x5fce67c4, L:/127.0.0.1:65446 - R:localhost/127.0.0.1:61470]
19:53:40.986 [Forwarding isElementDisplayed on session 3c66741b55dda6e5626b711f8bfdc52b to remote] DEBUG org.asynchttpclient.netty.request.NettyRequestSender - Using pooled Channel '[id: 0x5fce67c4, L:/127.0.0.1:65446 - R:localhost/127.0.0.1:61470]' for 'POST' to 'http://localhost:61470/session/3c66741b55dda6e5626b711f8bfdc52b/execute/sync'
19:53:40.986 [Forwarding isElementDisplayed on session 3c66741b55dda6e5626b711f8bfdc52b to remote] DEBUG org.asynchttpclient.netty.request.NettyRequestSender - Using open Channel [id: 0x5fce67c4, L:/127.0.0.1:65446 - R:localhost/127.0.0.1:61470] for POST '/session/3c66741b55dda6e5626b711f8bfdc52b/execute/sync'
19:53:41.010 [AsyncHttpClient-1-3] DEBUG org.asynchttpclient.netty.handler.HttpHandler - 

Request DefaultHttpRequest(decodeResult: success, version: HTTP/1.1)
POST /session/3c66741b55dda6e5626b711f8bfdc52b/execute/sync HTTP/1.1
User-Agent: selenium/4.1.2 (java windows)
Content-Length: 48780
Content-Type: application/json; charset=utf-8
host: localhost:61470
accept: */*

Response DefaultHttpResponse(decodeResult: success, version: HTTP/1.1)
HTTP/1.1 200 OK
Content-Type: application/json; charset=utf-8
cache-control: no-cache
content-length: 14

19:53:41.011 [AsyncHttpClient-1-3] DEBUG org.asynchttpclient.netty.channel.ChannelManager - Adding key: http://localhost:61470 for channel [id: 0x5fce67c4, L:/127.0.0.1:65446 - R:localhost/127.0.0.1:61470]
  &amp#27;[32mThen &amp#27;[0m&amp#27;[32mI can &amp#27;[0m&amp#27;[32m&amp#27;[1m"cant regis"&amp#27;[0m&amp#27;[32m register&amp#27;[0m       &amp#27;[90m# starter.steps.RegistrationStep.iCanRegister(java.lang.String)&amp#27;[0m
19:53:41.014 [Forwarding screenshot on session 3c66741b55dda6e5626b711f8bfdc52b to remote] DEBUG org.asynchttpclient.netty.request.NettyRequestSender - Using pooled Channel '[id: 0x5fce67c4, L:/127.0.0.1:65446 - R:localhost/127.0.0.1:61470]' for 'GET' to 'http://localhost:61470/session/3c66741b55dda6e5626b711f8bfdc52b/screenshot'
19:53:41.014 [Forwarding screenshot on session 3c66741b55dda6e5626b711f8bfdc52b to remote] DEBUG org.asynchttpclient.netty.request.NettyRequestSender - Using open Channel [id: 0x5fce67c4, L:/127.0.0.1:65446 - R:localhost/127.0.0.1:61470] for GET '/session/3c66741b55dda6e5626b711f8bfdc52b/screenshot'
19:53:41.227 [AsyncHttpClient-1-3] DEBUG org.asynchttpclient.netty.handler.HttpHandler - 

Request DefaultFullHttpRequest(decodeResult: success, version: HTTP/1.1, content: EmptyByteBufBE)
GET /session/3c66741b55dda6e5626b711f8bfdc52b/screenshot HTTP/1.1
User-Agent: selenium/4.1.2 (java windows)
Cache-Control: no-cache
Content-Type: application/json; charset=utf-8
host: localhost:61470
accept: */*

Response DefaultHttpResponse(decodeResult: success, version: HTTP/1.1)
HTTP/1.1 200 OK
Content-Type: application/json; charset=utf-8
cache-control: no-cache
content-length: 52908

19:53:41.227 [AsyncHttpClient-1-3] DEBUG org.asynchttpclient.netty.channel.ChannelManager - Adding key: http://localhost:61470 for channel [id: 0x5fce67c4, L:/127.0.0.1:65446 - R:localhost/127.0.0.1:61470]
19:53:41.229 [main] DEBUG net.serenitybdd.core.photography.Darkroom - Send negative for processing for target\site\serenity\432474c4b95694d0862421bfa6f2c4a28564b95a1f125d86bffea05f1623457f.png
19:53:41.230 [Darkroom Processing Line] DEBUG net.serenitybdd.core.photography.DarkroomProcessingLine - Processing screenshot image in /var/screenshots/screenshot-884251453862147766
19:53:41.230 [Darkroom Processing Line] DEBUG net.serenitybdd.core.photography.DarkroomProcessingLine - Saving screenshot to target\site\serenity\432474c4b95694d0862421bfa6f2c4a28564b95a1f125d86bffea05f1623457f.png
19:53:41.234 [AsyncHttpClient-1-5] DEBUG org.asynchttpclient.netty.handler.WebSocketHandler - Channel Closed: [id: 0x65937fa8, L:/127.0.0.1:65455 ! R:localhost/127.0.0.1:65447] with attribute NettyResponseFuture{currentRetry=5,
	isDone=1,
	isCancelled=0,
	asyncHandler=org.asynchttpclient.ws.WebSocketUpgradeHandler@68c1c430,
	nettyRequest=org.asynchttpclient.netty.request.NettyRequest@aa51aa2,
	future=java.util.concurrent.CompletableFuture@97383ae[Completed normally],
	uri=ws://localhost:65447/devtools/browser/3563e246-c39f-4abe-bc6d-e467c7a8167a,
	keepAlive=true,
	redirectCount=0,
	timeoutsHolder=null,
	inAuth=0,
	touch=1667220756005}
19:53:41.234 [AsyncHttpClient-1-5] DEBUG org.asynchttpclient.netty.channel.ChannelManager - Closing Channel [id: 0x65937fa8, L:/127.0.0.1:65455 ! R:localhost/127.0.0.1:65447] 
19:53:41.240 [Driver Command Executor] DEBUG org.asynchttpclient.netty.request.NettyRequestSender - Using pooled Channel '[id: 0x5fce67c4, L:/127.0.0.1:65446 - R:localhost/127.0.0.1:61470]' for 'DELETE' to 'http://localhost:61470/session/3c66741b55dda6e5626b711f8bfdc52b'
19:53:41.240 [Driver Command Executor] DEBUG org.asynchttpclient.netty.request.NettyRequestSender - Using open Channel [id: 0x5fce67c4, L:/127.0.0.1:65446 - R:localhost/127.0.0.1:61470] for DELETE '/session/3c66741b55dda6e5626b711f8bfdc52b'
19:53:41.417 [AsyncHttpClient-1-3] DEBUG org.asynchttpclient.netty.handler.HttpHandler - 

Request DefaultFullHttpRequest(decodeResult: success, version: HTTP/1.1, content: EmptyByteBufBE)
DELETE /session/3c66741b55dda6e5626b711f8bfdc52b HTTP/1.1
User-Agent: selenium/4.1.2 (java windows)
Content-Type: application/json; charset=utf-8
host: localhost:61470
accept: */*

Response DefaultHttpResponse(decodeResult: success, version: HTTP/1.1)
HTTP/1.1 200 OK
Content-Type: application/json; charset=utf-8
cache-control: no-cache
content-length: 14

19:53:41.417 [AsyncHttpClient-1-3] DEBUG org.asynchttpclient.netty.channel.ChannelManager - Adding key: http://localhost:61470 for channel [id: 0x5fce67c4, L:/127.0.0.1:65446 - R:localhost/127.0.0.1:61470]
19:53:41.451 [AsyncHttpClient-1-3] DEBUG org.asynchttpclient.netty.handler.HttpHandler - Channel Closed: [id: 0x5fce67c4, L:/127.0.0.1:65446 ! R:localhost/127.0.0.1:61470] with attribute DISCARD
]]></system-out>
    <system-err><![CDATA[Starting ChromeDriver 106.0.5249.61 (511755355844955cd3e264779baf0dd38212a4d0-refs/branch-heads/5249@{#569}) on port 61470
Only local connections are allowed.
Please see https://chromedriver.chromium.org/security-considerations for suggestions on keeping ChromeDriver safe.
ChromeDriver was started successfully.
Oct 31, 2022 7:52:35 PM org.openqa.selenium.remote.ProtocolHandshake createSession
INFO: Detected dialect: W3C
Oct 31, 2022 7:52:36 PM org.openqa.selenium.devtools.CdpVersionFinder findNearestMatch
WARNING: Unable to find an exact match for CDP version 106, so returning the closest version found: a no-op implementation
Oct 31, 2022 7:52:36 PM org.openqa.selenium.devtools.CdpVersionFinder findNearestMatch
INFO: Unable to find CDP implementation matching 106.
Oct 31, 2022 7:52:36 PM org.openqa.selenium.chromium.ChromiumDriver lambda$new$3
WARNING: Unable to find version of CDP to use for . You may need to include a dependency on a specific version of the CDP using something similar to `org.seleniumhq.selenium:selenium-devtools-v86:4.1.2` where the version ("v86") matches the version of the chromium-based browser you're using and the version number of the artifact is the same as Selenium's.
]]></system-err>
  </testcase>
  <testcase name="login with email and password #1" classname="Login" time="35.634">
    <system-out><![CDATA[19:53:41.489 [main] INFO io.cucumber.core.plugin.SerenityReporter - Running feature from file:///D:/TIC/Kampus%20Merdeka/MSIB/Studi%20Independen/Alterra/MiniProject/MiniProjWeb/src/test/resources/features/login/login.feature
19:53:41.491 [main] DEBUG net.thucydides.core.steps.StepEventBus - Test suite started for story net.thucydides.core.model.Story@ffd74702
19:53:41.492 [main] INFO  - Test Suite Started: Login

@Login
Scenario Outline: login with email and password &amp#27;[90m# src/test/resources/features/login/login.feature:16&amp#27;[0m
19:53:41.498 [main] INFO io.cucumber.core.plugin.SerenityReporter - Running feature from file:///D:/TIC/Kampus%20Merdeka/MSIB/Studi%20Independen/Alterra/MiniProject/MiniProjWeb/src/test/resources/features/login/login.feature
19:53:41.499 [main] INFO  - 
  _____   ___   ___   _____     ___   _____     _     ___   _____   ___   ___  
 |_   _| | __| / __| |_   _|   / __| |_   _|   /_\   | _ \ |_   _| | __| |   \ 
   | |   | _|  \__ \   | |     \__ \   | |    / _ \  |   /   | |   | _|  | |) |
   |_|   |___| |___/   |_|     |___/   |_|   /_/ \_\ |_|_\   |_|   |___| |___/ 

login with email and password(login;login-with-email-and-password)
--------------------------------------------------------------------------------
19:53:41.517 [main] INFO net.serenitybdd.core.webdriver.driverproviders.ChromeDriverProvider - Using automatically driver download
19:53:41.631 [main] DEBUG io.github.bonigarcia.wdm.cache.ResolutionCache - Resolution chrome=106 in cache (valid until 20:51:33 31/10/2022 ICT)
19:53:41.633 [main] DEBUG io.github.bonigarcia.wdm.cache.ResolutionCache - Resolution chrome106=106.0.5249.61 in cache (valid until 17:34:34 01/11/2022 ICT)
19:53:41.634 [main] INFO io.github.bonigarcia.wdm.WebDriverManager - Using chromedriver 106.0.5249.61 (resolved driver for Chrome 106)
19:53:41.644 [main] DEBUG io.github.bonigarcia.wdm.WebDriverManager - Driver chromedriver 106.0.5249.61 found in cache
19:53:41.644 [main] INFO io.github.bonigarcia.wdm.WebDriverManager - Exporting webdriver.chrome.driver as C:\Users\user\.cache\selenium\chromedriver\win32\106.0.5249.61\chromedriver.exe
19:53:41.711 [AsyncHttpClient-1-1] DEBUG org.asynchttpclient.netty.channel.DefaultChannelPool - Entry count for : http://localhost:61470 : 1
19:53:41.711 [AsyncHttpClient-1-1] DEBUG org.asynchttpclient.netty.channel.DefaultChannelPool - Adding Candidate expired Channel [id: 0x5fce67c4, L:/127.0.0.1:65446 ! R:localhost/127.0.0.1:61470] isIdleTimeoutExpired=false isRemotelyClosed=true isTtlExpired=false
19:53:41.711 [AsyncHttpClient-1-1] DEBUG org.asynchttpclient.netty.channel.DefaultChannelPool - Closing Idle Channel [id: 0x5fce67c4, L:/127.0.0.1:65446 ! R:localhost/127.0.0.1:61470]
19:53:41.711 [AsyncHttpClient-1-1] DEBUG org.asynchttpclient.netty.channel.DefaultChannelPool - Closed 1 connections out of 1 in 0 ms
19:53:41.782 [main] DEBUG net.serenitybdd.core.webdriver.driverproviders.ProvideNewDriver - Instantiating driver
19:53:41.782 [main] DEBUG net.serenitybdd.core.webdriver.driverproviders.ProvideNewDriver - Driver capabilities: Capabilities {acceptInsecureCerts: false, base.url: https://alta-shop.vercel.app, browserName: chrome, chrome.driver: src/test/resources/webdrive..., driver: chrome, goog:chromeOptions: {args: [], extensions: []}, wait.for.timeout: 500}
19:53:41.883 [AsyncHttpClient-1-6] DEBUG org.asynchttpclient.netty.channel.NettyConnectListener - Using new Channel '[id: 0xfcb935af, L:/127.0.0.1:49170 - R:localhost/127.0.0.1:54222]' for 'POST' to '/session'
19:53:42.782 [AsyncHttpClient-1-6] DEBUG org.asynchttpclient.netty.handler.HttpHandler - 

Request DefaultHttpRequest(decodeResult: success, version: HTTP/1.1)
POST /session HTTP/1.1
User-Agent: selenium/4.1.2 (java windows)
Content-Length: 638
Content-Type: application/json; charset=utf-8
host: localhost:54222
accept: */*

Response DefaultHttpResponse(decodeResult: success, version: HTTP/1.1)
HTTP/1.1 200 OK
Content-Type: application/json; charset=utf-8
cache-control: no-cache
content-length: 790

19:53:42.782 [AsyncHttpClient-1-6] DEBUG org.asynchttpclient.netty.channel.ChannelManager - Adding key: http://localhost:54222 for channel [id: 0xfcb935af, L:/127.0.0.1:49170 - R:localhost/127.0.0.1:54222]
19:53:42.798 [AsyncHttpClient-1-7] DEBUG org.asynchttpclient.netty.channel.NettyConnectListener - Using new Channel '[id: 0x13ab5a7e, L:/127.0.0.1:49178 - R:localhost/127.0.0.1:49171]' for 'GET' to '/json/version'
19:53:42.799 [AsyncHttpClient-1-7] DEBUG org.asynchttpclient.netty.handler.HttpHandler - 

Request DefaultFullHttpRequest(decodeResult: success, version: HTTP/1.1, content: EmptyByteBufBE)
GET /json/version HTTP/1.1
User-Agent: selenium/4.1.2 (java windows)
host: localhost:49171
accept: */*

Response DefaultHttpResponse(decodeResult: success, version: HTTP/1.1)
HTTP/1.1 200 OK
Content-Type: application/json; charset=UTF-8
content-length: 424

19:53:42.799 [AsyncHttpClient-1-7] DEBUG org.asynchttpclient.netty.channel.ChannelManager - Adding key: http://localhost:49171 for channel [id: 0x13ab5a7e, L:/127.0.0.1:49178 - R:localhost/127.0.0.1:49171]
19:53:42.805 [AsyncHttpClient-1-8] DEBUG org.asynchttpclient.netty.channel.NettyConnectListener - Using new Channel '[id: 0xd89d8388, L:/127.0.0.1:49179 - R:localhost/127.0.0.1:49171]' for 'GET' to '/devtools/browser/d5f83e13-0e92-49f0-a1c1-7af5b04205ef'
19:53:42.806 [AsyncHttpClient-1-8] DEBUG org.asynchttpclient.netty.handler.WebSocketHandler - 

Request DefaultFullHttpRequest(decodeResult: success, version: HTTP/1.1, content: EmptyByteBufBE)
GET /devtools/browser/d5f83e13-0e92-49f0-a1c1-7af5b04205ef HTTP/1.1
upgrade: websocket
connection: upgrade
sec-websocket-key: hYXV1OSqaR/ED/Sv+fV1bA==
sec-websocket-version: 13
origin: http://localhost:49171
host: localhost:49171
accept: */*
user-agent: AHC/2.1

Response DefaultHttpResponse(decodeResult: success, version: HTTP/1.1)
HTTP/1.1 101 WebSocket Protocol Handshake
Upgrade: WebSocket
Connection: Upgrade
Sec-WebSocket-Accept: 4x1U2uLZabnrtZiiqjePCFZkbtE=

19:53:42.809 [AsyncHttpClient-1-1] DEBUG org.asynchttpclient.netty.channel.DefaultChannelPool - Entry count for : http://localhost:54222 : 1
19:53:42.809 [AsyncHttpClient-1-1] DEBUG org.asynchttpclient.netty.channel.DefaultChannelPool - Entry count for : http://localhost:49171 : 1
19:53:42.812 [Forwarding get on session 5f85e2e1ea8bbc53d786d6a941085c94 to remote] DEBUG org.asynchttpclient.netty.request.NettyRequestSender - Using pooled Channel '[id: 0xfcb935af, L:/127.0.0.1:49170 - R:localhost/127.0.0.1:54222]' for 'POST' to 'http://localhost:54222/session/5f85e2e1ea8bbc53d786d6a941085c94/url'
19:53:42.812 [Forwarding get on session 5f85e2e1ea8bbc53d786d6a941085c94 to remote] DEBUG org.asynchttpclient.netty.request.NettyRequestSender - Using open Channel [id: 0xfcb935af, L:/127.0.0.1:49170 - R:localhost/127.0.0.1:54222] for POST '/session/5f85e2e1ea8bbc53d786d6a941085c94/url'
19:53:43.909 [AsyncHttpClient-1-1] DEBUG org.asynchttpclient.netty.channel.DefaultChannelPool - Entry count for : http://localhost:49171 : 1
19:53:45.012 [AsyncHttpClient-1-1] DEBUG org.asynchttpclient.netty.channel.DefaultChannelPool - Entry count for : http://localhost:49171 : 1
19:53:46.101 [AsyncHttpClient-1-1] DEBUG org.asynchttpclient.netty.channel.DefaultChannelPool - Entry count for : http://localhost:49171 : 1
19:53:47.206 [AsyncHttpClient-1-1] DEBUG org.asynchttpclient.netty.channel.DefaultChannelPool - Entry count for : http://localhost:49171 : 1
19:53:48.306 [AsyncHttpClient-1-1] DEBUG org.asynchttpclient.netty.channel.DefaultChannelPool - Entry count for : http://localhost:49171 : 1
19:53:49.412 [AsyncHttpClient-1-1] DEBUG org.asynchttpclient.netty.channel.DefaultChannelPool - Entry count for : http://localhost:49171 : 1
19:53:50.500 [AsyncHttpClient-1-1] DEBUG org.asynchttpclient.netty.channel.DefaultChannelPool - Entry count for : http://localhost:49171 : 1
19:53:51.610 [AsyncHttpClient-1-1] DEBUG org.asynchttpclient.netty.channel.DefaultChannelPool - Entry count for : http://localhost:49171 : 1
19:53:52.701 [AsyncHttpClient-1-1] DEBUG org.asynchttpclient.netty.channel.DefaultChannelPool - Entry count for : http://localhost:49171 : 1
19:53:53.798 [AsyncHttpClient-1-1] DEBUG org.asynchttpclient.netty.channel.DefaultChannelPool - Entry count for : http://localhost:49171 : 1
19:53:54.905 [AsyncHttpClient-1-1] DEBUG org.asynchttpclient.netty.channel.DefaultChannelPool - Entry count for : http://localhost:49171 : 1
19:53:56.009 [AsyncHttpClient-1-1] DEBUG org.asynchttpclient.netty.channel.DefaultChannelPool - Entry count for : http://localhost:49171 : 1
19:53:57.101 [AsyncHttpClient-1-1] DEBUG org.asynchttpclient.netty.channel.DefaultChannelPool - Entry count for : http://localhost:49171 : 1
19:53:58.209 [AsyncHttpClient-1-1] DEBUG org.asynchttpclient.netty.channel.DefaultChannelPool - Entry count for : http://localhost:49171 : 1
19:53:59.302 [AsyncHttpClient-1-1] DEBUG org.asynchttpclient.netty.channel.DefaultChannelPool - Entry count for : http://localhost:49171 : 1
19:54:00.405 [AsyncHttpClient-1-1] DEBUG org.asynchttpclient.netty.channel.DefaultChannelPool - Entry count for : http://localhost:49171 : 1
19:54:01.502 [AsyncHttpClient-1-1] DEBUG org.asynchttpclient.netty.channel.DefaultChannelPool - Entry count for : http://localhost:49171 : 1
19:54:02.601 [AsyncHttpClient-1-1] DEBUG org.asynchttpclient.netty.channel.DefaultChannelPool - Entry count for : http://localhost:49171 : 1
19:54:03.709 [AsyncHttpClient-1-1] DEBUG org.asynchttpclient.netty.channel.DefaultChannelPool - Entry count for : http://localhost:49171 : 1
19:54:04.814 [AsyncHttpClient-1-1] DEBUG org.asynchttpclient.netty.channel.DefaultChannelPool - Entry count for : http://localhost:49171 : 1
19:54:05.898 [AsyncHttpClient-1-1] DEBUG org.asynchttpclient.netty.channel.DefaultChannelPool - Entry count for : http://localhost:49171 : 1
19:54:07.002 [AsyncHttpClient-1-1] DEBUG org.asynchttpclient.netty.channel.DefaultChannelPool - Entry count for : http://localhost:49171 : 1
19:54:08.108 [AsyncHttpClient-1-1] DEBUG org.asynchttpclient.netty.channel.DefaultChannelPool - Entry count for : http://localhost:49171 : 1
19:54:09.208 [AsyncHttpClient-1-1] DEBUG org.asynchttpclient.netty.channel.DefaultChannelPool - Entry count for : http://localhost:49171 : 1
19:54:10.298 [AsyncHttpClient-1-1] DEBUG org.asynchttpclient.netty.channel.DefaultChannelPool - Entry count for : http://localhost:49171 : 1
19:54:11.404 [AsyncHttpClient-1-1] DEBUG org.asynchttpclient.netty.channel.DefaultChannelPool - Entry count for : http://localhost:49171 : 1
19:54:12.510 [AsyncHttpClient-1-1] DEBUG org.asynchttpclient.netty.channel.DefaultChannelPool - Entry count for : http://localhost:49171 : 1
19:54:13.600 [AsyncHttpClient-1-1] DEBUG org.asynchttpclient.netty.channel.DefaultChannelPool - Entry count for : http://localhost:49171 : 1
19:54:14.706 [AsyncHttpClient-1-1] DEBUG org.asynchttpclient.netty.channel.DefaultChannelPool - Entry count for : http://localhost:49171 : 1
19:54:14.949 [AsyncHttpClient-1-6] DEBUG org.asynchttpclient.netty.handler.HttpHandler - 

Request DefaultHttpRequest(decodeResult: success, version: HTTP/1.1)
POST /session/5f85e2e1ea8bbc53d786d6a941085c94/url HTTP/1.1
User-Agent: selenium/4.1.2 (java windows)
Content-Length: 59
Content-Type: application/json; charset=utf-8
host: localhost:54222
accept: */*

Response DefaultHttpResponse(decodeResult: success, version: HTTP/1.1)
HTTP/1.1 200 OK
Content-Type: application/json; charset=utf-8
cache-control: no-cache
content-length: 14

19:54:14.949 [AsyncHttpClient-1-6] DEBUG org.asynchttpclient.netty.channel.ChannelManager - Adding key: http://localhost:54222 for channel [id: 0xfcb935af, L:/127.0.0.1:49170 - R:localhost/127.0.0.1:54222]
19:54:14.950 [Forwarding setTimeout on session 5f85e2e1ea8bbc53d786d6a941085c94 to remote] DEBUG org.asynchttpclient.netty.request.NettyRequestSender - Using pooled Channel '[id: 0xfcb935af, L:/127.0.0.1:49170 - R:localhost/127.0.0.1:54222]' for 'POST' to 'http://localhost:54222/session/5f85e2e1ea8bbc53d786d6a941085c94/timeouts'
19:54:14.950 [Forwarding setTimeout on session 5f85e2e1ea8bbc53d786d6a941085c94 to remote] DEBUG org.asynchttpclient.netty.request.NettyRequestSender - Using open Channel [id: 0xfcb935af, L:/127.0.0.1:49170 - R:localhost/127.0.0.1:54222] for POST '/session/5f85e2e1ea8bbc53d786d6a941085c94/timeouts'
19:54:14.952 [AsyncHttpClient-1-6] DEBUG org.asynchttpclient.netty.handler.HttpHandler - 

Request DefaultHttpRequest(decodeResult: success, version: HTTP/1.1)
POST /session/5f85e2e1ea8bbc53d786d6a941085c94/timeouts HTTP/1.1
User-Agent: selenium/4.1.2 (java windows)
Content-Length: 22
Content-Type: application/json; charset=utf-8
host: localhost:54222
accept: */*

Response DefaultHttpResponse(decodeResult: success, version: HTTP/1.1)
HTTP/1.1 200 OK
Content-Type: application/json; charset=utf-8
cache-control: no-cache
content-length: 14

19:54:14.952 [AsyncHttpClient-1-6] DEBUG org.asynchttpclient.netty.channel.ChannelManager - Adding key: http://localhost:54222 for channel [id: 0xfcb935af, L:/127.0.0.1:49170 - R:localhost/127.0.0.1:54222]
19:54:14.956 [Forwarding getCurrentUrl on session 5f85e2e1ea8bbc53d786d6a941085c94 to remote] DEBUG org.asynchttpclient.netty.request.NettyRequestSender - Using pooled Channel '[id: 0xfcb935af, L:/127.0.0.1:49170 - R:localhost/127.0.0.1:54222]' for 'GET' to 'http://localhost:54222/session/5f85e2e1ea8bbc53d786d6a941085c94/url'
19:54:14.956 [Forwarding getCurrentUrl on session 5f85e2e1ea8bbc53d786d6a941085c94 to remote] DEBUG org.asynchttpclient.netty.request.NettyRequestSender - Using open Channel [id: 0xfcb935af, L:/127.0.0.1:49170 - R:localhost/127.0.0.1:54222] for GET '/session/5f85e2e1ea8bbc53d786d6a941085c94/url'
19:54:14.960 [AsyncHttpClient-1-6] DEBUG org.asynchttpclient.netty.handler.HttpHandler - 

Request DefaultFullHttpRequest(decodeResult: success, version: HTTP/1.1, content: EmptyByteBufBE)
GET /session/5f85e2e1ea8bbc53d786d6a941085c94/url HTTP/1.1
User-Agent: selenium/4.1.2 (java windows)
Cache-Control: no-cache
Content-Type: application/json; charset=utf-8
host: localhost:54222
accept: */*

Response DefaultHttpResponse(decodeResult: success, version: HTTP/1.1)
HTTP/1.1 200 OK
Content-Type: application/json; charset=utf-8
cache-control: no-cache
content-length: 41

19:54:14.960 [AsyncHttpClient-1-6] DEBUG org.asynchttpclient.netty.channel.ChannelManager - Adding key: http://localhost:54222 for channel [id: 0xfcb935af, L:/127.0.0.1:49170 - R:localhost/127.0.0.1:54222]
  &amp#27;[32mGiven &amp#27;[0m&amp#27;[32mI open the website&amp#27;[0m                      &amp#27;[90m# starter.steps.RegistrationStep.iOpenTheWebsite()&amp#27;[0m
19:54:14.964 [main] DEBUG net.serenitybdd.core.photography.Darkroom - Opening darkroom
19:54:14.965 [Darkroom Processing Line] DEBUG net.serenitybdd.core.photography.DarkroomProcessingLine - Darkroom processing line starting up
19:54:14.965 [Forwarding screenshot on session 5f85e2e1ea8bbc53d786d6a941085c94 to remote] DEBUG org.asynchttpclient.netty.request.NettyRequestSender - Using pooled Channel '[id: 0xfcb935af, L:/127.0.0.1:49170 - R:localhost/127.0.0.1:54222]' for 'GET' to 'http://localhost:54222/session/5f85e2e1ea8bbc53d786d6a941085c94/screenshot'
19:54:14.965 [Forwarding screenshot on session 5f85e2e1ea8bbc53d786d6a941085c94 to remote] DEBUG org.asynchttpclient.netty.request.NettyRequestSender - Using open Channel [id: 0xfcb935af, L:/127.0.0.1:49170 - R:localhost/127.0.0.1:54222] for GET '/session/5f85e2e1ea8bbc53d786d6a941085c94/screenshot'
19:54:15.091 [AsyncHttpClient-1-6] DEBUG org.asynchttpclient.netty.handler.HttpHandler - 

Request DefaultFullHttpRequest(decodeResult: success, version: HTTP/1.1, content: EmptyByteBufBE)
GET /session/5f85e2e1ea8bbc53d786d6a941085c94/screenshot HTTP/1.1
User-Agent: selenium/4.1.2 (java windows)
Cache-Control: no-cache
Content-Type: application/json; charset=utf-8
host: localhost:54222
accept: */*

Response DefaultHttpResponse(decodeResult: success, version: HTTP/1.1)
HTTP/1.1 200 OK
Content-Type: application/json; charset=utf-8
cache-control: no-cache
content-length: 69584

19:54:15.092 [AsyncHttpClient-1-6] DEBUG org.asynchttpclient.netty.channel.ChannelManager - Adding key: http://localhost:54222 for channel [id: 0xfcb935af, L:/127.0.0.1:49170 - R:localhost/127.0.0.1:54222]
19:54:15.093 [main] DEBUG net.serenitybdd.core.photography.Darkroom - Send negative for processing for target\site\serenity\5297bd387dc3249e00c2d6656fb13e2699af90824ba878fd382afd24108abb14.png
19:54:15.098 [Forwarding findElement on session 5f85e2e1ea8bbc53d786d6a941085c94 to remote] DEBUG org.asynchttpclient.netty.request.NettyRequestSender - Using pooled Channel '[id: 0xfcb935af, L:/127.0.0.1:49170 - R:localhost/127.0.0.1:54222]' for 'POST' to 'http://localhost:54222/session/5f85e2e1ea8bbc53d786d6a941085c94/element'
19:54:15.098 [Forwarding findElement on session 5f85e2e1ea8bbc53d786d6a941085c94 to remote] DEBUG org.asynchttpclient.netty.request.NettyRequestSender - Using open Channel [id: 0xfcb935af, L:/127.0.0.1:49170 - R:localhost/127.0.0.1:54222] for POST '/session/5f85e2e1ea8bbc53d786d6a941085c94/element'
19:54:15.116 [AsyncHttpClient-1-6] DEBUG org.asynchttpclient.netty.handler.HttpHandler - 

Request DefaultHttpRequest(decodeResult: success, version: HTTP/1.1)
POST /session/5f85e2e1ea8bbc53d786d6a941085c94/element HTTP/1.1
User-Agent: selenium/4.1.2 (java windows)
Content-Length: 97
Content-Type: application/json; charset=utf-8
host: localhost:54222
accept: */*

Response DefaultHttpResponse(decodeResult: success, version: HTTP/1.1)
HTTP/1.1 200 OK
Content-Type: application/json; charset=utf-8
cache-control: no-cache
content-length: 88

19:54:15.116 [AsyncHttpClient-1-6] DEBUG org.asynchttpclient.netty.channel.ChannelManager - Adding key: http://localhost:54222 for channel [id: 0xfcb935af, L:/127.0.0.1:49170 - R:localhost/127.0.0.1:54222]
19:54:15.117 [Forwarding getElementTagName on session 5f85e2e1ea8bbc53d786d6a941085c94 to remote] DEBUG org.asynchttpclient.netty.request.NettyRequestSender - Using pooled Channel '[id: 0xfcb935af, L:/127.0.0.1:49170 - R:localhost/127.0.0.1:54222]' for 'GET' to 'http://localhost:54222/session/5f85e2e1ea8bbc53d786d6a941085c94/element/f74d5820-4e8e-41dd-8bec-4e6ae0feb2fe/name'
19:54:15.117 [Forwarding getElementTagName on session 5f85e2e1ea8bbc53d786d6a941085c94 to remote] DEBUG org.asynchttpclient.netty.request.NettyRequestSender - Using open Channel [id: 0xfcb935af, L:/127.0.0.1:49170 - R:localhost/127.0.0.1:54222] for GET '/session/5f85e2e1ea8bbc53d786d6a941085c94/element/f74d5820-4e8e-41dd-8bec-4e6ae0feb2fe/name'
19:54:15.119 [AsyncHttpClient-1-6] DEBUG org.asynchttpclient.netty.handler.HttpHandler - 

Request DefaultFullHttpRequest(decodeResult: success, version: HTTP/1.1, content: EmptyByteBufBE)
GET /session/5f85e2e1ea8bbc53d786d6a941085c94/element/f74d5820-4e8e-41dd-8bec-4e6ae0feb2fe/name HTTP/1.1
User-Agent: selenium/4.1.2 (java windows)
Cache-Control: no-cache
Content-Type: application/json; charset=utf-8
host: localhost:54222
accept: */*

Response DefaultHttpResponse(decodeResult: success, version: HTTP/1.1)
HTTP/1.1 200 OK
Content-Type: application/json; charset=utf-8
cache-control: no-cache
content-length: 13

19:54:15.119 [AsyncHttpClient-1-6] DEBUG org.asynchttpclient.netty.channel.ChannelManager - Adding key: http://localhost:54222 for channel [id: 0xfcb935af, L:/127.0.0.1:49170 - R:localhost/127.0.0.1:54222]
19:54:15.120 [Forwarding getElementTagName on session 5f85e2e1ea8bbc53d786d6a941085c94 to remote] DEBUG org.asynchttpclient.netty.request.NettyRequestSender - Using pooled Channel '[id: 0xfcb935af, L:/127.0.0.1:49170 - R:localhost/127.0.0.1:54222]' for 'GET' to 'http://localhost:54222/session/5f85e2e1ea8bbc53d786d6a941085c94/element/f74d5820-4e8e-41dd-8bec-4e6ae0feb2fe/name'
19:54:15.120 [Forwarding getElementTagName on session 5f85e2e1ea8bbc53d786d6a941085c94 to remote] DEBUG org.asynchttpclient.netty.request.NettyRequestSender - Using open Channel [id: 0xfcb935af, L:/127.0.0.1:49170 - R:localhost/127.0.0.1:54222] for GET '/session/5f85e2e1ea8bbc53d786d6a941085c94/element/f74d5820-4e8e-41dd-8bec-4e6ae0feb2fe/name'
19:54:15.122 [AsyncHttpClient-1-6] DEBUG org.asynchttpclient.netty.handler.HttpHandler - 

Request DefaultFullHttpRequest(decodeResult: success, version: HTTP/1.1, content: EmptyByteBufBE)
GET /session/5f85e2e1ea8bbc53d786d6a941085c94/element/f74d5820-4e8e-41dd-8bec-4e6ae0feb2fe/name HTTP/1.1
User-Agent: selenium/4.1.2 (java windows)
Cache-Control: no-cache
Content-Type: application/json; charset=utf-8
host: localhost:54222
accept: */*

Response DefaultHttpResponse(decodeResult: success, version: HTTP/1.1)
HTTP/1.1 200 OK
Content-Type: application/json; charset=utf-8
cache-control: no-cache
content-length: 13

19:54:15.122 [AsyncHttpClient-1-6] DEBUG org.asynchttpclient.netty.channel.ChannelManager - Adding key: http://localhost:54222 for channel [id: 0xfcb935af, L:/127.0.0.1:49170 - R:localhost/127.0.0.1:54222]
19:54:15.124 [Forwarding findElement on session 5f85e2e1ea8bbc53d786d6a941085c94 to remote] DEBUG org.asynchttpclient.netty.request.NettyRequestSender - Using pooled Channel '[id: 0xfcb935af, L:/127.0.0.1:49170 - R:localhost/127.0.0.1:54222]' for 'POST' to 'http://localhost:54222/session/5f85e2e1ea8bbc53d786d6a941085c94/element'
19:54:15.124 [Forwarding findElement on session 5f85e2e1ea8bbc53d786d6a941085c94 to remote] DEBUG org.asynchttpclient.netty.request.NettyRequestSender - Using open Channel [id: 0xfcb935af, L:/127.0.0.1:49170 - R:localhost/127.0.0.1:54222] for POST '/session/5f85e2e1ea8bbc53d786d6a941085c94/element'
19:54:15.129 [AsyncHttpClient-1-6] DEBUG org.asynchttpclient.netty.handler.HttpHandler - 

Request DefaultHttpRequest(decodeResult: success, version: HTTP/1.1)
POST /session/5f85e2e1ea8bbc53d786d6a941085c94/element HTTP/1.1
User-Agent: selenium/4.1.2 (java windows)
Content-Length: 97
Content-Type: application/json; charset=utf-8
host: localhost:54222
accept: */*

Response DefaultHttpResponse(decodeResult: success, version: HTTP/1.1)
HTTP/1.1 200 OK
Content-Type: application/json; charset=utf-8
cache-control: no-cache
content-length: 88

19:54:15.129 [AsyncHttpClient-1-6] DEBUG org.asynchttpclient.netty.channel.ChannelManager - Adding key: http://localhost:54222 for channel [id: 0xfcb935af, L:/127.0.0.1:49170 - R:localhost/127.0.0.1:54222]
19:54:15.129 [Forwarding clickElement on session 5f85e2e1ea8bbc53d786d6a941085c94 to remote] DEBUG org.asynchttpclient.netty.request.NettyRequestSender - Using pooled Channel '[id: 0xfcb935af, L:/127.0.0.1:49170 - R:localhost/127.0.0.1:54222]' for 'POST' to 'http://localhost:54222/session/5f85e2e1ea8bbc53d786d6a941085c94/element/f74d5820-4e8e-41dd-8bec-4e6ae0feb2fe/click'
19:54:15.129 [Forwarding clickElement on session 5f85e2e1ea8bbc53d786d6a941085c94 to remote] DEBUG org.asynchttpclient.netty.request.NettyRequestSender - Using open Channel [id: 0xfcb935af, L:/127.0.0.1:49170 - R:localhost/127.0.0.1:54222] for POST '/session/5f85e2e1ea8bbc53d786d6a941085c94/element/f74d5820-4e8e-41dd-8bec-4e6ae0feb2fe/click'
19:54:15.198 [AsyncHttpClient-1-6] DEBUG org.asynchttpclient.netty.handler.HttpHandler - 

Request DefaultHttpRequest(decodeResult: success, version: HTTP/1.1)
POST /session/5f85e2e1ea8bbc53d786d6a941085c94/element/f74d5820-4e8e-41dd-8bec-4e6ae0feb2fe/click HTTP/1.1
User-Agent: selenium/4.1.2 (java windows)
Content-Length: 50
Content-Type: application/json; charset=utf-8
host: localhost:54222
accept: */*

Response DefaultHttpResponse(decodeResult: success, version: HTTP/1.1)
HTTP/1.1 200 OK
Content-Type: application/json; charset=utf-8
cache-control: no-cache
content-length: 14

19:54:15.199 [AsyncHttpClient-1-6] DEBUG org.asynchttpclient.netty.channel.ChannelManager - Adding key: http://localhost:54222 for channel [id: 0xfcb935af, L:/127.0.0.1:49170 - R:localhost/127.0.0.1:54222]
  &amp#27;[32mWhen &amp#27;[0m&amp#27;[32mI click sign in button&amp#27;[0m                   &amp#27;[90m# starter.steps.RegistrationStep.iClickSignInButton()&amp#27;[0m
19:54:15.203 [Forwarding screenshot on session 5f85e2e1ea8bbc53d786d6a941085c94 to remote] DEBUG org.asynchttpclient.netty.request.NettyRequestSender - Using pooled Channel '[id: 0xfcb935af, L:/127.0.0.1:49170 - R:localhost/127.0.0.1:54222]' for 'GET' to 'http://localhost:54222/session/5f85e2e1ea8bbc53d786d6a941085c94/screenshot'
19:54:15.203 [Forwarding screenshot on session 5f85e2e1ea8bbc53d786d6a941085c94 to remote] DEBUG org.asynchttpclient.netty.request.NettyRequestSender - Using open Channel [id: 0xfcb935af, L:/127.0.0.1:49170 - R:localhost/127.0.0.1:54222] for GET '/session/5f85e2e1ea8bbc53d786d6a941085c94/screenshot'
19:54:15.577 [AsyncHttpClient-1-6] DEBUG org.asynchttpclient.netty.handler.HttpHandler - 

Request DefaultFullHttpRequest(decodeResult: success, version: HTTP/1.1, content: EmptyByteBufBE)
GET /session/5f85e2e1ea8bbc53d786d6a941085c94/screenshot HTTP/1.1
User-Agent: selenium/4.1.2 (java windows)
Cache-Control: no-cache
Content-Type: application/json; charset=utf-8
host: localhost:54222
accept: */*

Response DefaultHttpResponse(decodeResult: success, version: HTTP/1.1)
HTTP/1.1 200 OK
Content-Type: application/json; charset=utf-8
cache-control: no-cache
content-length: 40072

19:54:15.579 [AsyncHttpClient-1-6] DEBUG org.asynchttpclient.netty.channel.ChannelManager - Adding key: http://localhost:54222 for channel [id: 0xfcb935af, L:/127.0.0.1:49170 - R:localhost/127.0.0.1:54222]
19:54:15.580 [main] DEBUG net.serenitybdd.core.photography.Darkroom - Send negative for processing for target\site\serenity\3e1f2fc384ed442aa67205b51500f5f63282e9056211636d5c9c2ad1d1a267d4.png
19:54:15.580 [Darkroom Processing Line] DEBUG net.serenitybdd.core.photography.DarkroomProcessingLine - Processing screenshot image in /var/screenshots/screenshot-10386216387577323792
19:54:15.580 [Darkroom Processing Line] DEBUG net.serenitybdd.core.photography.DarkroomProcessingLine - Saving screenshot to target\site\serenity\3e1f2fc384ed442aa67205b51500f5f63282e9056211636d5c9c2ad1d1a267d4.png
19:54:15.667 [Forwarding findElement on session 5f85e2e1ea8bbc53d786d6a941085c94 to remote] DEBUG org.asynchttpclient.netty.request.NettyRequestSender - Using pooled Channel '[id: 0xfcb935af, L:/127.0.0.1:49170 - R:localhost/127.0.0.1:54222]' for 'POST' to 'http://localhost:54222/session/5f85e2e1ea8bbc53d786d6a941085c94/element'
19:54:15.668 [Forwarding findElement on session 5f85e2e1ea8bbc53d786d6a941085c94 to remote] DEBUG org.asynchttpclient.netty.request.NettyRequestSender - Using open Channel [id: 0xfcb935af, L:/127.0.0.1:49170 - R:localhost/127.0.0.1:54222] for POST '/session/5f85e2e1ea8bbc53d786d6a941085c94/element'
19:54:15.682 [AsyncHttpClient-1-6] DEBUG org.asynchttpclient.netty.handler.HttpHandler - 

Request DefaultHttpRequest(decodeResult: success, version: HTTP/1.1)
POST /session/5f85e2e1ea8bbc53d786d6a941085c94/element HTTP/1.1
User-Agent: selenium/4.1.2 (java windows)
Content-Length: 87
Content-Type: application/json; charset=utf-8
host: localhost:54222
accept: */*

Response DefaultHttpResponse(decodeResult: success, version: HTTP/1.1)
HTTP/1.1 200 OK
Content-Type: application/json; charset=utf-8
cache-control: no-cache
content-length: 88

19:54:15.682 [AsyncHttpClient-1-6] DEBUG org.asynchttpclient.netty.channel.ChannelManager - Adding key: http://localhost:54222 for channel [id: 0xfcb935af, L:/127.0.0.1:49170 - R:localhost/127.0.0.1:54222]
19:54:15.683 [Forwarding clearElement on session 5f85e2e1ea8bbc53d786d6a941085c94 to remote] DEBUG org.asynchttpclient.netty.request.NettyRequestSender - Using pooled Channel '[id: 0xfcb935af, L:/127.0.0.1:49170 - R:localhost/127.0.0.1:54222]' for 'POST' to 'http://localhost:54222/session/5f85e2e1ea8bbc53d786d6a941085c94/element/4dc61643-bd42-49f7-aad3-151d3be3c008/clear'
19:54:15.683 [Forwarding clearElement on session 5f85e2e1ea8bbc53d786d6a941085c94 to remote] DEBUG org.asynchttpclient.netty.request.NettyRequestSender - Using open Channel [id: 0xfcb935af, L:/127.0.0.1:49170 - R:localhost/127.0.0.1:54222] for POST '/session/5f85e2e1ea8bbc53d786d6a941085c94/element/4dc61643-bd42-49f7-aad3-151d3be3c008/clear'
19:54:15.743 [AsyncHttpClient-1-6] DEBUG org.asynchttpclient.netty.handler.HttpHandler - 

Request DefaultHttpRequest(decodeResult: success, version: HTTP/1.1)
POST /session/5f85e2e1ea8bbc53d786d6a941085c94/element/4dc61643-bd42-49f7-aad3-151d3be3c008/clear HTTP/1.1
User-Agent: selenium/4.1.2 (java windows)
Content-Length: 50
Content-Type: application/json; charset=utf-8
host: localhost:54222
accept: */*

Response DefaultHttpResponse(decodeResult: success, version: HTTP/1.1)
HTTP/1.1 200 OK
Content-Type: application/json; charset=utf-8
cache-control: no-cache
content-length: 14

19:54:15.743 [AsyncHttpClient-1-6] DEBUG org.asynchttpclient.netty.channel.ChannelManager - Adding key: http://localhost:54222 for channel [id: 0xfcb935af, L:/127.0.0.1:49170 - R:localhost/127.0.0.1:54222]
19:54:15.744 [Forwarding sendKeysToElement on session 5f85e2e1ea8bbc53d786d6a941085c94 to remote] DEBUG org.asynchttpclient.netty.request.NettyRequestSender - Using pooled Channel '[id: 0xfcb935af, L:/127.0.0.1:49170 - R:localhost/127.0.0.1:54222]' for 'POST' to 'http://localhost:54222/session/5f85e2e1ea8bbc53d786d6a941085c94/element/4dc61643-bd42-49f7-aad3-151d3be3c008/value'
19:54:15.745 [Forwarding sendKeysToElement on session 5f85e2e1ea8bbc53d786d6a941085c94 to remote] DEBUG org.asynchttpclient.netty.request.NettyRequestSender - Using open Channel [id: 0xfcb935af, L:/127.0.0.1:49170 - R:localhost/127.0.0.1:54222] for POST '/session/5f85e2e1ea8bbc53d786d6a941085c94/element/4dc61643-bd42-49f7-aad3-151d3be3c008/value'
19:54:15.830 [AsyncHttpClient-1-1] DEBUG org.asynchttpclient.netty.channel.DefaultChannelPool - Entry count for : http://localhost:49171 : 1
19:54:16.066 [AsyncHttpClient-1-6] DEBUG org.asynchttpclient.netty.handler.HttpHandler - 

Request DefaultHttpRequest(decodeResult: success, version: HTTP/1.1)
POST /session/5f85e2e1ea8bbc53d786d6a941085c94/element/4dc61643-bd42-49f7-aad3-151d3be3c008/value HTTP/1.1
User-Agent: selenium/4.1.2 (java windows)
Content-Length: 291
Content-Type: application/json; charset=utf-8
host: localhost:54222
accept: */*

Response DefaultHttpResponse(decodeResult: success, version: HTTP/1.1)
HTTP/1.1 200 OK
Content-Type: application/json; charset=utf-8
cache-control: no-cache
content-length: 14

19:54:16.066 [AsyncHttpClient-1-6] DEBUG org.asynchttpclient.netty.channel.ChannelManager - Adding key: http://localhost:54222 for channel [id: 0xfcb935af, L:/127.0.0.1:49170 - R:localhost/127.0.0.1:54222]
  &amp#27;[32mAnd &amp#27;[0m&amp#27;[32mI input &amp#27;[0m&amp#27;[32m&amp#27;[1m"maylananggi@gmail.com"&amp#27;[0m&amp#27;[32m email&amp#27;[0m     &amp#27;[90m# starter.steps.LoginStep.iInputEmail(java.lang.String)&amp#27;[0m
19:54:16.075 [Forwarding screenshot on session 5f85e2e1ea8bbc53d786d6a941085c94 to remote] DEBUG org.asynchttpclient.netty.request.NettyRequestSender - Using pooled Channel '[id: 0xfcb935af, L:/127.0.0.1:49170 - R:localhost/127.0.0.1:54222]' for 'GET' to 'http://localhost:54222/session/5f85e2e1ea8bbc53d786d6a941085c94/screenshot'
19:54:16.075 [Forwarding screenshot on session 5f85e2e1ea8bbc53d786d6a941085c94 to remote] DEBUG org.asynchttpclient.netty.request.NettyRequestSender - Using open Channel [id: 0xfcb935af, L:/127.0.0.1:49170 - R:localhost/127.0.0.1:54222] for GET '/session/5f85e2e1ea8bbc53d786d6a941085c94/screenshot'
19:54:16.234 [AsyncHttpClient-1-6] DEBUG org.asynchttpclient.netty.handler.HttpHandler - 

Request DefaultFullHttpRequest(decodeResult: success, version: HTTP/1.1, content: EmptyByteBufBE)
GET /session/5f85e2e1ea8bbc53d786d6a941085c94/screenshot HTTP/1.1
User-Agent: selenium/4.1.2 (java windows)
Cache-Control: no-cache
Content-Type: application/json; charset=utf-8
host: localhost:54222
accept: */*

Response DefaultHttpResponse(decodeResult: success, version: HTTP/1.1)
HTTP/1.1 200 OK
Content-Type: application/json; charset=utf-8
cache-control: no-cache
content-length: 47572

19:54:16.235 [AsyncHttpClient-1-6] DEBUG org.asynchttpclient.netty.channel.ChannelManager - Adding key: http://localhost:54222 for channel [id: 0xfcb935af, L:/127.0.0.1:49170 - R:localhost/127.0.0.1:54222]
19:54:16.239 [main] DEBUG net.serenitybdd.core.photography.Darkroom - Send negative for processing for target\site\serenity\e81b1794cea986d45fa85f761a71d1a8a59d424d477aa6b9c414f44b963b0734.png
19:54:16.239 [Darkroom Processing Line] DEBUG net.serenitybdd.core.photography.DarkroomProcessingLine - Processing screenshot image in /var/screenshots/screenshot-12857639787231365026
19:54:16.239 [Darkroom Processing Line] DEBUG net.serenitybdd.core.photography.DarkroomProcessingLine - Saving screenshot to target\site\serenity\e81b1794cea986d45fa85f761a71d1a8a59d424d477aa6b9c414f44b963b0734.png
19:54:16.245 [Forwarding findElement on session 5f85e2e1ea8bbc53d786d6a941085c94 to remote] DEBUG org.asynchttpclient.netty.request.NettyRequestSender - Using pooled Channel '[id: 0xfcb935af, L:/127.0.0.1:49170 - R:localhost/127.0.0.1:54222]' for 'POST' to 'http://localhost:54222/session/5f85e2e1ea8bbc53d786d6a941085c94/element'
19:54:16.245 [Forwarding findElement on session 5f85e2e1ea8bbc53d786d6a941085c94 to remote] DEBUG org.asynchttpclient.netty.request.NettyRequestSender - Using open Channel [id: 0xfcb935af, L:/127.0.0.1:49170 - R:localhost/127.0.0.1:54222] for POST '/session/5f85e2e1ea8bbc53d786d6a941085c94/element'
19:54:16.254 [AsyncHttpClient-1-6] DEBUG org.asynchttpclient.netty.handler.HttpHandler - 

Request DefaultHttpRequest(decodeResult: success, version: HTTP/1.1)
POST /session/5f85e2e1ea8bbc53d786d6a941085c94/element HTTP/1.1
User-Agent: selenium/4.1.2 (java windows)
Content-Length: 89
Content-Type: application/json; charset=utf-8
host: localhost:54222
accept: */*

Response DefaultHttpResponse(decodeResult: success, version: HTTP/1.1)
HTTP/1.1 200 OK
Content-Type: application/json; charset=utf-8
cache-control: no-cache
content-length: 88

19:54:16.254 [AsyncHttpClient-1-6] DEBUG org.asynchttpclient.netty.channel.ChannelManager - Adding key: http://localhost:54222 for channel [id: 0xfcb935af, L:/127.0.0.1:49170 - R:localhost/127.0.0.1:54222]
19:54:16.254 [Forwarding clearElement on session 5f85e2e1ea8bbc53d786d6a941085c94 to remote] DEBUG org.asynchttpclient.netty.request.NettyRequestSender - Using pooled Channel '[id: 0xfcb935af, L:/127.0.0.1:49170 - R:localhost/127.0.0.1:54222]' for 'POST' to 'http://localhost:54222/session/5f85e2e1ea8bbc53d786d6a941085c94/element/a499811e-4544-4c26-bba6-c549dd26dc72/clear'
19:54:16.254 [Forwarding clearElement on session 5f85e2e1ea8bbc53d786d6a941085c94 to remote] DEBUG org.asynchttpclient.netty.request.NettyRequestSender - Using open Channel [id: 0xfcb935af, L:/127.0.0.1:49170 - R:localhost/127.0.0.1:54222] for POST '/session/5f85e2e1ea8bbc53d786d6a941085c94/element/a499811e-4544-4c26-bba6-c549dd26dc72/clear'
19:54:16.284 [AsyncHttpClient-1-6] DEBUG org.asynchttpclient.netty.handler.HttpHandler - 

Request DefaultHttpRequest(decodeResult: success, version: HTTP/1.1)
POST /session/5f85e2e1ea8bbc53d786d6a941085c94/element/a499811e-4544-4c26-bba6-c549dd26dc72/clear HTTP/1.1
User-Agent: selenium/4.1.2 (java windows)
Content-Length: 50
Content-Type: application/json; charset=utf-8
host: localhost:54222
accept: */*

Response DefaultHttpResponse(decodeResult: success, version: HTTP/1.1)
HTTP/1.1 200 OK
Content-Type: application/json; charset=utf-8
cache-control: no-cache
content-length: 14

19:54:16.284 [AsyncHttpClient-1-6] DEBUG org.asynchttpclient.netty.channel.ChannelManager - Adding key: http://localhost:54222 for channel [id: 0xfcb935af, L:/127.0.0.1:49170 - R:localhost/127.0.0.1:54222]
19:54:16.286 [Forwarding sendKeysToElement on session 5f85e2e1ea8bbc53d786d6a941085c94 to remote] DEBUG org.asynchttpclient.netty.request.NettyRequestSender - Using pooled Channel '[id: 0xfcb935af, L:/127.0.0.1:49170 - R:localhost/127.0.0.1:54222]' for 'POST' to 'http://localhost:54222/session/5f85e2e1ea8bbc53d786d6a941085c94/element/a499811e-4544-4c26-bba6-c549dd26dc72/value'
19:54:16.286 [Forwarding sendKeysToElement on session 5f85e2e1ea8bbc53d786d6a941085c94 to remote] DEBUG org.asynchttpclient.netty.request.NettyRequestSender - Using open Channel [id: 0xfcb935af, L:/127.0.0.1:49170 - R:localhost/127.0.0.1:54222] for POST '/session/5f85e2e1ea8bbc53d786d6a941085c94/element/a499811e-4544-4c26-bba6-c549dd26dc72/value'
19:54:16.400 [AsyncHttpClient-1-6] DEBUG org.asynchttpclient.netty.handler.HttpHandler - 

Request DefaultHttpRequest(decodeResult: success, version: HTTP/1.1)
POST /session/5f85e2e1ea8bbc53d786d6a941085c94/element/a499811e-4544-4c26-bba6-c549dd26dc72/value HTTP/1.1
User-Agent: selenium/4.1.2 (java windows)
Content-Length: 181
Content-Type: application/json; charset=utf-8
host: localhost:54222
accept: */*

Response DefaultHttpResponse(decodeResult: success, version: HTTP/1.1)
HTTP/1.1 200 OK
Content-Type: application/json; charset=utf-8
cache-control: no-cache
content-length: 14

19:54:16.400 [AsyncHttpClient-1-6] DEBUG org.asynchttpclient.netty.channel.ChannelManager - Adding key: http://localhost:54222 for channel [id: 0xfcb935af, L:/127.0.0.1:49170 - R:localhost/127.0.0.1:54222]
  &amp#27;[32mAnd &amp#27;[0m&amp#27;[32mI input &amp#27;[0m&amp#27;[32m&amp#27;[1m"maylanqe22"&amp#27;[0m&amp#27;[32m password&amp#27;[0m             &amp#27;[90m# starter.steps.LoginStep.iInputPassword(java.lang.String)&amp#27;[0m
19:54:16.404 [Forwarding screenshot on session 5f85e2e1ea8bbc53d786d6a941085c94 to remote] DEBUG org.asynchttpclient.netty.request.NettyRequestSender - Using pooled Channel '[id: 0xfcb935af, L:/127.0.0.1:49170 - R:localhost/127.0.0.1:54222]' for 'GET' to 'http://localhost:54222/session/5f85e2e1ea8bbc53d786d6a941085c94/screenshot'
19:54:16.404 [Forwarding screenshot on session 5f85e2e1ea8bbc53d786d6a941085c94 to remote] DEBUG org.asynchttpclient.netty.request.NettyRequestSender - Using open Channel [id: 0xfcb935af, L:/127.0.0.1:49170 - R:localhost/127.0.0.1:54222] for GET '/session/5f85e2e1ea8bbc53d786d6a941085c94/screenshot'
19:54:16.560 [AsyncHttpClient-1-6] DEBUG org.asynchttpclient.netty.handler.HttpHandler - 

Request DefaultFullHttpRequest(decodeResult: success, version: HTTP/1.1, content: EmptyByteBufBE)
GET /session/5f85e2e1ea8bbc53d786d6a941085c94/screenshot HTTP/1.1
User-Agent: selenium/4.1.2 (java windows)
Cache-Control: no-cache
Content-Type: application/json; charset=utf-8
host: localhost:54222
accept: */*

Response DefaultHttpResponse(decodeResult: success, version: HTTP/1.1)
HTTP/1.1 200 OK
Content-Type: application/json; charset=utf-8
cache-control: no-cache
content-length: 51928

19:54:16.560 [AsyncHttpClient-1-6] DEBUG org.asynchttpclient.netty.channel.ChannelManager - Adding key: http://localhost:54222 for channel [id: 0xfcb935af, L:/127.0.0.1:49170 - R:localhost/127.0.0.1:54222]
19:54:16.562 [main] DEBUG net.serenitybdd.core.photography.Darkroom - Send negative for processing for target\site\serenity\c33a3f4fb9191b849d1682b44e6fece06c553a8c1ce9522fc86b4ef1f0881e08.png
19:54:16.562 [Darkroom Processing Line] DEBUG net.serenitybdd.core.photography.DarkroomProcessingLine - Processing screenshot image in /var/screenshots/screenshot-12456567623077853661
19:54:16.562 [Darkroom Processing Line] DEBUG net.serenitybdd.core.photography.DarkroomProcessingLine - Saving screenshot to target\site\serenity\c33a3f4fb9191b849d1682b44e6fece06c553a8c1ce9522fc86b4ef1f0881e08.png
19:54:16.569 [Forwarding findElement on session 5f85e2e1ea8bbc53d786d6a941085c94 to remote] DEBUG org.asynchttpclient.netty.request.NettyRequestSender - Using pooled Channel '[id: 0xfcb935af, L:/127.0.0.1:49170 - R:localhost/127.0.0.1:54222]' for 'POST' to 'http://localhost:54222/session/5f85e2e1ea8bbc53d786d6a941085c94/element'
19:54:16.569 [Forwarding findElement on session 5f85e2e1ea8bbc53d786d6a941085c94 to remote] DEBUG org.asynchttpclient.netty.request.NettyRequestSender - Using open Channel [id: 0xfcb935af, L:/127.0.0.1:49170 - R:localhost/127.0.0.1:54222] for POST '/session/5f85e2e1ea8bbc53d786d6a941085c94/element'
19:54:16.580 [AsyncHttpClient-1-6] DEBUG org.asynchttpclient.netty.handler.HttpHandler - 

Request DefaultHttpRequest(decodeResult: success, version: HTTP/1.1)
POST /session/5f85e2e1ea8bbc53d786d6a941085c94/element HTTP/1.1
User-Agent: selenium/4.1.2 (java windows)
Content-Length: 141
Content-Type: application/json; charset=utf-8
host: localhost:54222
accept: */*

Response DefaultHttpResponse(decodeResult: success, version: HTTP/1.1)
HTTP/1.1 200 OK
Content-Type: application/json; charset=utf-8
cache-control: no-cache
content-length: 88

19:54:16.580 [AsyncHttpClient-1-6] DEBUG org.asynchttpclient.netty.channel.ChannelManager - Adding key: http://localhost:54222 for channel [id: 0xfcb935af, L:/127.0.0.1:49170 - R:localhost/127.0.0.1:54222]
19:54:16.581 [Forwarding getElementTagName on session 5f85e2e1ea8bbc53d786d6a941085c94 to remote] DEBUG org.asynchttpclient.netty.request.NettyRequestSender - Using pooled Channel '[id: 0xfcb935af, L:/127.0.0.1:49170 - R:localhost/127.0.0.1:54222]' for 'GET' to 'http://localhost:54222/session/5f85e2e1ea8bbc53d786d6a941085c94/element/c5fd9816-67dd-42c4-aff4-36d027d5235c/name'
19:54:16.581 [Forwarding getElementTagName on session 5f85e2e1ea8bbc53d786d6a941085c94 to remote] DEBUG org.asynchttpclient.netty.request.NettyRequestSender - Using open Channel [id: 0xfcb935af, L:/127.0.0.1:49170 - R:localhost/127.0.0.1:54222] for GET '/session/5f85e2e1ea8bbc53d786d6a941085c94/element/c5fd9816-67dd-42c4-aff4-36d027d5235c/name'
19:54:16.585 [AsyncHttpClient-1-6] DEBUG org.asynchttpclient.netty.handler.HttpHandler - 

Request DefaultFullHttpRequest(decodeResult: success, version: HTTP/1.1, content: EmptyByteBufBE)
GET /session/5f85e2e1ea8bbc53d786d6a941085c94/element/c5fd9816-67dd-42c4-aff4-36d027d5235c/name HTTP/1.1
User-Agent: selenium/4.1.2 (java windows)
Cache-Control: no-cache
Content-Type: application/json; charset=utf-8
host: localhost:54222
accept: */*

Response DefaultHttpResponse(decodeResult: success, version: HTTP/1.1)
HTTP/1.1 200 OK
Content-Type: application/json; charset=utf-8
cache-control: no-cache
content-length: 18

19:54:16.585 [AsyncHttpClient-1-6] DEBUG org.asynchttpclient.netty.channel.ChannelManager - Adding key: http://localhost:54222 for channel [id: 0xfcb935af, L:/127.0.0.1:49170 - R:localhost/127.0.0.1:54222]
19:54:16.585 [Forwarding getElementTagName on session 5f85e2e1ea8bbc53d786d6a941085c94 to remote] DEBUG org.asynchttpclient.netty.request.NettyRequestSender - Using pooled Channel '[id: 0xfcb935af, L:/127.0.0.1:49170 - R:localhost/127.0.0.1:54222]' for 'GET' to 'http://localhost:54222/session/5f85e2e1ea8bbc53d786d6a941085c94/element/c5fd9816-67dd-42c4-aff4-36d027d5235c/name'
19:54:16.585 [Forwarding getElementTagName on session 5f85e2e1ea8bbc53d786d6a941085c94 to remote] DEBUG org.asynchttpclient.netty.request.NettyRequestSender - Using open Channel [id: 0xfcb935af, L:/127.0.0.1:49170 - R:localhost/127.0.0.1:54222] for GET '/session/5f85e2e1ea8bbc53d786d6a941085c94/element/c5fd9816-67dd-42c4-aff4-36d027d5235c/name'
19:54:16.587 [AsyncHttpClient-1-6] DEBUG org.asynchttpclient.netty.handler.HttpHandler - 

Request DefaultFullHttpRequest(decodeResult: success, version: HTTP/1.1, content: EmptyByteBufBE)
GET /session/5f85e2e1ea8bbc53d786d6a941085c94/element/c5fd9816-67dd-42c4-aff4-36d027d5235c/name HTTP/1.1
User-Agent: selenium/4.1.2 (java windows)
Cache-Control: no-cache
Content-Type: application/json; charset=utf-8
host: localhost:54222
accept: */*

Response DefaultHttpResponse(decodeResult: success, version: HTTP/1.1)
HTTP/1.1 200 OK
Content-Type: application/json; charset=utf-8
cache-control: no-cache
content-length: 18

19:54:16.587 [AsyncHttpClient-1-6] DEBUG org.asynchttpclient.netty.channel.ChannelManager - Adding key: http://localhost:54222 for channel [id: 0xfcb935af, L:/127.0.0.1:49170 - R:localhost/127.0.0.1:54222]
19:54:16.589 [Forwarding isElementEnabled on session 5f85e2e1ea8bbc53d786d6a941085c94 to remote] DEBUG org.asynchttpclient.netty.request.NettyRequestSender - Using pooled Channel '[id: 0xfcb935af, L:/127.0.0.1:49170 - R:localhost/127.0.0.1:54222]' for 'GET' to 'http://localhost:54222/session/5f85e2e1ea8bbc53d786d6a941085c94/element/c5fd9816-67dd-42c4-aff4-36d027d5235c/enabled'
19:54:16.589 [Forwarding isElementEnabled on session 5f85e2e1ea8bbc53d786d6a941085c94 to remote] DEBUG org.asynchttpclient.netty.request.NettyRequestSender - Using open Channel [id: 0xfcb935af, L:/127.0.0.1:49170 - R:localhost/127.0.0.1:54222] for GET '/session/5f85e2e1ea8bbc53d786d6a941085c94/element/c5fd9816-67dd-42c4-aff4-36d027d5235c/enabled'
19:54:16.598 [AsyncHttpClient-1-6] DEBUG org.asynchttpclient.netty.handler.HttpHandler - 

Request DefaultFullHttpRequest(decodeResult: success, version: HTTP/1.1, content: EmptyByteBufBE)
GET /session/5f85e2e1ea8bbc53d786d6a941085c94/element/c5fd9816-67dd-42c4-aff4-36d027d5235c/enabled HTTP/1.1
User-Agent: selenium/4.1.2 (java windows)
Cache-Control: no-cache
Content-Type: application/json; charset=utf-8
host: localhost:54222
accept: */*

Response DefaultHttpResponse(decodeResult: success, version: HTTP/1.1)
HTTP/1.1 200 OK
Content-Type: application/json; charset=utf-8
cache-control: no-cache
content-length: 14

19:54:16.598 [AsyncHttpClient-1-6] DEBUG org.asynchttpclient.netty.channel.ChannelManager - Adding key: http://localhost:54222 for channel [id: 0xfcb935af, L:/127.0.0.1:49170 - R:localhost/127.0.0.1:54222]
19:54:16.599 [Forwarding isElementEnabled on session 5f85e2e1ea8bbc53d786d6a941085c94 to remote] DEBUG org.asynchttpclient.netty.request.NettyRequestSender - Using pooled Channel '[id: 0xfcb935af, L:/127.0.0.1:49170 - R:localhost/127.0.0.1:54222]' for 'GET' to 'http://localhost:54222/session/5f85e2e1ea8bbc53d786d6a941085c94/element/c5fd9816-67dd-42c4-aff4-36d027d5235c/enabled'
19:54:16.599 [Forwarding isElementEnabled on session 5f85e2e1ea8bbc53d786d6a941085c94 to remote] DEBUG org.asynchttpclient.netty.request.NettyRequestSender - Using open Channel [id: 0xfcb935af, L:/127.0.0.1:49170 - R:localhost/127.0.0.1:54222] for GET '/session/5f85e2e1ea8bbc53d786d6a941085c94/element/c5fd9816-67dd-42c4-aff4-36d027d5235c/enabled'
19:54:16.603 [AsyncHttpClient-1-6] DEBUG org.asynchttpclient.netty.handler.HttpHandler - 

Request DefaultFullHttpRequest(decodeResult: success, version: HTTP/1.1, content: EmptyByteBufBE)
GET /session/5f85e2e1ea8bbc53d786d6a941085c94/element/c5fd9816-67dd-42c4-aff4-36d027d5235c/enabled HTTP/1.1
User-Agent: selenium/4.1.2 (java windows)
Cache-Control: no-cache
Content-Type: application/json; charset=utf-8
host: localhost:54222
accept: */*

Response DefaultHttpResponse(decodeResult: success, version: HTTP/1.1)
HTTP/1.1 200 OK
Content-Type: application/json; charset=utf-8
cache-control: no-cache
content-length: 14

19:54:16.603 [AsyncHttpClient-1-6] DEBUG org.asynchttpclient.netty.channel.ChannelManager - Adding key: http://localhost:54222 for channel [id: 0xfcb935af, L:/127.0.0.1:49170 - R:localhost/127.0.0.1:54222]
19:54:16.605 [Forwarding findElement on session 5f85e2e1ea8bbc53d786d6a941085c94 to remote] DEBUG org.asynchttpclient.netty.request.NettyRequestSender - Using pooled Channel '[id: 0xfcb935af, L:/127.0.0.1:49170 - R:localhost/127.0.0.1:54222]' for 'POST' to 'http://localhost:54222/session/5f85e2e1ea8bbc53d786d6a941085c94/element'
19:54:16.605 [Forwarding findElement on session 5f85e2e1ea8bbc53d786d6a941085c94 to remote] DEBUG org.asynchttpclient.netty.request.NettyRequestSender - Using open Channel [id: 0xfcb935af, L:/127.0.0.1:49170 - R:localhost/127.0.0.1:54222] for POST '/session/5f85e2e1ea8bbc53d786d6a941085c94/element'
19:54:16.614 [AsyncHttpClient-1-6] DEBUG org.asynchttpclient.netty.handler.HttpHandler - 

Request DefaultHttpRequest(decodeResult: success, version: HTTP/1.1)
POST /session/5f85e2e1ea8bbc53d786d6a941085c94/element HTTP/1.1
User-Agent: selenium/4.1.2 (java windows)
Content-Length: 141
Content-Type: application/json; charset=utf-8
host: localhost:54222
accept: */*

Response DefaultHttpResponse(decodeResult: success, version: HTTP/1.1)
HTTP/1.1 200 OK
Content-Type: application/json; charset=utf-8
cache-control: no-cache
content-length: 88

19:54:16.614 [AsyncHttpClient-1-6] DEBUG org.asynchttpclient.netty.channel.ChannelManager - Adding key: http://localhost:54222 for channel [id: 0xfcb935af, L:/127.0.0.1:49170 - R:localhost/127.0.0.1:54222]
19:54:16.615 [Forwarding clickElement on session 5f85e2e1ea8bbc53d786d6a941085c94 to remote] DEBUG org.asynchttpclient.netty.request.NettyRequestSender - Using pooled Channel '[id: 0xfcb935af, L:/127.0.0.1:49170 - R:localhost/127.0.0.1:54222]' for 'POST' to 'http://localhost:54222/session/5f85e2e1ea8bbc53d786d6a941085c94/element/c5fd9816-67dd-42c4-aff4-36d027d5235c/click'
19:54:16.615 [Forwarding clickElement on session 5f85e2e1ea8bbc53d786d6a941085c94 to remote] DEBUG org.asynchttpclient.netty.request.NettyRequestSender - Using open Channel [id: 0xfcb935af, L:/127.0.0.1:49170 - R:localhost/127.0.0.1:54222] for POST '/session/5f85e2e1ea8bbc53d786d6a941085c94/element/c5fd9816-67dd-42c4-aff4-36d027d5235c/click'
19:54:16.672 [AsyncHttpClient-1-6] DEBUG org.asynchttpclient.netty.handler.HttpHandler - 

Request DefaultHttpRequest(decodeResult: success, version: HTTP/1.1)
POST /session/5f85e2e1ea8bbc53d786d6a941085c94/element/c5fd9816-67dd-42c4-aff4-36d027d5235c/click HTTP/1.1
User-Agent: selenium/4.1.2 (java windows)
Content-Length: 50
Content-Type: application/json; charset=utf-8
host: localhost:54222
accept: */*

Response DefaultHttpResponse(decodeResult: success, version: HTTP/1.1)
HTTP/1.1 200 OK
Content-Type: application/json; charset=utf-8
cache-control: no-cache
content-length: 14

19:54:16.672 [AsyncHttpClient-1-6] DEBUG org.asynchttpclient.netty.channel.ChannelManager - Adding key: http://localhost:54222 for channel [id: 0xfcb935af, L:/127.0.0.1:49170 - R:localhost/127.0.0.1:54222]
  &amp#27;[32mAnd &amp#27;[0m&amp#27;[32mI click login button&amp#27;[0m                      &amp#27;[90m# starter.steps.LoginStep.iClickLoginButton()&amp#27;[0m
19:54:16.682 [Forwarding screenshot on session 5f85e2e1ea8bbc53d786d6a941085c94 to remote] DEBUG org.asynchttpclient.netty.request.NettyRequestSender - Using pooled Channel '[id: 0xfcb935af, L:/127.0.0.1:49170 - R:localhost/127.0.0.1:54222]' for 'GET' to 'http://localhost:54222/session/5f85e2e1ea8bbc53d786d6a941085c94/screenshot'
19:54:16.682 [Forwarding screenshot on session 5f85e2e1ea8bbc53d786d6a941085c94 to remote] DEBUG org.asynchttpclient.netty.request.NettyRequestSender - Using open Channel [id: 0xfcb935af, L:/127.0.0.1:49170 - R:localhost/127.0.0.1:54222] for GET '/session/5f85e2e1ea8bbc53d786d6a941085c94/screenshot'
19:54:16.903 [AsyncHttpClient-1-6] DEBUG org.asynchttpclient.netty.handler.HttpHandler - 

Request DefaultFullHttpRequest(decodeResult: success, version: HTTP/1.1, content: EmptyByteBufBE)
GET /session/5f85e2e1ea8bbc53d786d6a941085c94/screenshot HTTP/1.1
User-Agent: selenium/4.1.2 (java windows)
Cache-Control: no-cache
Content-Type: application/json; charset=utf-8
host: localhost:54222
accept: */*

Response DefaultHttpResponse(decodeResult: success, version: HTTP/1.1)
HTTP/1.1 200 OK
Content-Type: application/json; charset=utf-8
cache-control: no-cache
content-length: 51140

19:54:16.903 [AsyncHttpClient-1-6] DEBUG org.asynchttpclient.netty.channel.ChannelManager - Adding key: http://localhost:54222 for channel [id: 0xfcb935af, L:/127.0.0.1:49170 - R:localhost/127.0.0.1:54222]
19:54:16.904 [main] DEBUG net.serenitybdd.core.photography.Darkroom - Send negative for processing for target\site\serenity\4841f17d90bbe5faa6ad97398bb6f9e4c0bca360281c3d413205a43ed080d539.png
19:54:16.913 [Darkroom Processing Line] DEBUG net.serenitybdd.core.photography.DarkroomProcessingLine - Processing screenshot image in /var/screenshots/screenshot-8364005899373483235
19:54:16.913 [Darkroom Processing Line] DEBUG net.serenitybdd.core.photography.DarkroomProcessingLine - Saving screenshot to target\site\serenity\4841f17d90bbe5faa6ad97398bb6f9e4c0bca360281c3d413205a43ed080d539.png
19:54:16.913 [AsyncHttpClient-1-1] DEBUG org.asynchttpclient.netty.channel.DefaultChannelPool - Entry count for : http://localhost:54222 : 1
19:54:16.913 [AsyncHttpClient-1-1] DEBUG org.asynchttpclient.netty.channel.DefaultChannelPool - Entry count for : http://localhost:49171 : 1
19:54:16.914 [Forwarding findElement on session 5f85e2e1ea8bbc53d786d6a941085c94 to remote] DEBUG org.asynchttpclient.netty.request.NettyRequestSender - Using pooled Channel '[id: 0xfcb935af, L:/127.0.0.1:49170 - R:localhost/127.0.0.1:54222]' for 'POST' to 'http://localhost:54222/session/5f85e2e1ea8bbc53d786d6a941085c94/element'
19:54:16.914 [Forwarding findElement on session 5f85e2e1ea8bbc53d786d6a941085c94 to remote] DEBUG org.asynchttpclient.netty.request.NettyRequestSender - Using open Channel [id: 0xfcb935af, L:/127.0.0.1:49170 - R:localhost/127.0.0.1:54222] for POST '/session/5f85e2e1ea8bbc53d786d6a941085c94/element'
19:54:16.927 [AsyncHttpClient-1-6] DEBUG org.asynchttpclient.netty.handler.HttpHandler - 

Request DefaultHttpRequest(decodeResult: success, version: HTTP/1.1)
POST /session/5f85e2e1ea8bbc53d786d6a941085c94/element HTTP/1.1
User-Agent: selenium/4.1.2 (java windows)
Content-Length: 108
Content-Type: application/json; charset=utf-8
host: localhost:54222
accept: */*

Response DefaultHttpResponse(decodeResult: success, version: HTTP/1.1)
HTTP/1.1 200 OK
Content-Type: application/json; charset=utf-8
cache-control: no-cache
content-length: 88

19:54:16.927 [AsyncHttpClient-1-6] DEBUG org.asynchttpclient.netty.channel.ChannelManager - Adding key: http://localhost:54222 for channel [id: 0xfcb935af, L:/127.0.0.1:49170 - R:localhost/127.0.0.1:54222]
19:54:16.927 [Forwarding isElementEnabled on session 5f85e2e1ea8bbc53d786d6a941085c94 to remote] DEBUG org.asynchttpclient.netty.request.NettyRequestSender - Using pooled Channel '[id: 0xfcb935af, L:/127.0.0.1:49170 - R:localhost/127.0.0.1:54222]' for 'GET' to 'http://localhost:54222/session/5f85e2e1ea8bbc53d786d6a941085c94/element/2d48458e-3cba-4851-889b-58dc49b63d59/enabled'
19:54:16.927 [Forwarding isElementEnabled on session 5f85e2e1ea8bbc53d786d6a941085c94 to remote] DEBUG org.asynchttpclient.netty.request.NettyRequestSender - Using open Channel [id: 0xfcb935af, L:/127.0.0.1:49170 - R:localhost/127.0.0.1:54222] for GET '/session/5f85e2e1ea8bbc53d786d6a941085c94/element/2d48458e-3cba-4851-889b-58dc49b63d59/enabled'
19:54:16.934 [AsyncHttpClient-1-6] DEBUG org.asynchttpclient.netty.handler.HttpHandler - 

Request DefaultFullHttpRequest(decodeResult: success, version: HTTP/1.1, content: EmptyByteBufBE)
GET /session/5f85e2e1ea8bbc53d786d6a941085c94/element/2d48458e-3cba-4851-889b-58dc49b63d59/enabled HTTP/1.1
User-Agent: selenium/4.1.2 (java windows)
Cache-Control: no-cache
Content-Type: application/json; charset=utf-8
host: localhost:54222
accept: */*

Response DefaultHttpResponse(decodeResult: success, version: HTTP/1.1)
HTTP/1.1 200 OK
Content-Type: application/json; charset=utf-8
cache-control: no-cache
content-length: 14

19:54:16.934 [AsyncHttpClient-1-6] DEBUG org.asynchttpclient.netty.channel.ChannelManager - Adding key: http://localhost:54222 for channel [id: 0xfcb935af, L:/127.0.0.1:49170 - R:localhost/127.0.0.1:54222]
  &amp#27;[32mThen &amp#27;[0m&amp#27;[32mi get &amp#27;[0m&amp#27;[32m&amp#27;[1m"can login"&amp#27;[0m&amp#27;[32m result&amp#27;[0m                 &amp#27;[90m# starter.steps.LoginStep.iGetResult(java.lang.String)&amp#27;[0m
19:54:16.945 [AsyncHttpClient-1-8] DEBUG org.asynchttpclient.netty.handler.WebSocketHandler - Channel Closed: [id: 0xd89d8388, L:/127.0.0.1:49179 ! R:localhost/127.0.0.1:49171] with attribute NettyResponseFuture{currentRetry=5,
	isDone=1,
	isCancelled=0,
	asyncHandler=org.asynchttpclient.ws.WebSocketUpgradeHandler@5125a4d9,
	nettyRequest=org.asynchttpclient.netty.request.NettyRequest@51e09821,
	future=java.util.concurrent.CompletableFuture@ce2a71f[Completed normally],
	uri=ws://localhost:49171/devtools/browser/d5f83e13-0e92-49f0-a1c1-7af5b04205ef,
	keepAlive=true,
	redirectCount=0,
	timeoutsHolder=null,
	inAuth=0,
	touch=1667220822807}
19:54:16.945 [AsyncHttpClient-1-8] DEBUG org.asynchttpclient.netty.channel.ChannelManager - Closing Channel [id: 0xd89d8388, L:/127.0.0.1:49179 ! R:localhost/127.0.0.1:49171] 
19:54:16.945 [Driver Command Executor] DEBUG org.asynchttpclient.netty.request.NettyRequestSender - Using pooled Channel '[id: 0xfcb935af, L:/127.0.0.1:49170 - R:localhost/127.0.0.1:54222]' for 'DELETE' to 'http://localhost:54222/session/5f85e2e1ea8bbc53d786d6a941085c94'
19:54:16.945 [Driver Command Executor] DEBUG org.asynchttpclient.netty.request.NettyRequestSender - Using open Channel [id: 0xfcb935af, L:/127.0.0.1:49170 - R:localhost/127.0.0.1:54222] for DELETE '/session/5f85e2e1ea8bbc53d786d6a941085c94'
19:54:16.995 [AsyncHttpClient-1-7] DEBUG org.asynchttpclient.netty.handler.HttpHandler - Unexpected I/O exception on channel [id: 0x13ab5a7e, L:/127.0.0.1:49178 - R:localhost/127.0.0.1:49171]
java.io.IOException: An existing connection was forcibly closed by the remote host
	at java.base/sun.nio.ch.SocketDispatcher.read0(Native Method)
	at java.base/sun.nio.ch.SocketDispatcher.read(SocketDispatcher.java:43)
	at java.base/sun.nio.ch.IOUtil.readIntoNativeBuffer(IOUtil.java:276)
	at java.base/sun.nio.ch.IOUtil.read(IOUtil.java:233)
	at java.base/sun.nio.ch.IOUtil.read(IOUtil.java:223)
	at java.base/sun.nio.ch.SocketChannelImpl.read(SocketChannelImpl.java:358)
	at io.netty.buffer.PooledByteBuf.setBytes(PooledByteBuf.java:258)
	at io.netty.buffer.AbstractByteBuf.writeBytes(AbstractByteBuf.java:1132)
	at io.netty.channel.socket.nio.NioSocketChannel.doReadBytes(NioSocketChannel.java:350)
	at io.netty.channel.nio.AbstractNioByteChannel$NioByteUnsafe.read(AbstractNioByteChannel.java:151)
	at io.netty.channel.nio.NioEventLoop.processSelectedKey(NioEventLoop.java:722)
	at io.netty.channel.nio.NioEventLoop.processSelectedKeysOptimized(NioEventLoop.java:658)
	at io.netty.channel.nio.NioEventLoop.processSelectedKeys(NioEventLoop.java:584)
	at io.netty.channel.nio.NioEventLoop.run(NioEventLoop.java:496)
	at io.netty.util.concurrent.SingleThreadEventExecutor$4.run(SingleThreadEventExecutor.java:986)
	at io.netty.util.internal.ThreadExecutorMap$2.run(ThreadExecutorMap.java:74)
	at io.netty.util.concurrent.FastThreadLocalRunnable.run(FastThreadLocalRunnable.java:30)
	at java.base/java.lang.Thread.run(Thread.java:834)
19:54:16.995 [AsyncHttpClient-1-7] DEBUG org.asynchttpclient.netty.channel.ChannelManager - Closing Channel [id: 0x13ab5a7e, L:/127.0.0.1:49178 - R:localhost/127.0.0.1:49171] 
19:54:16.996 [AsyncHttpClient-1-7] DEBUG org.asynchttpclient.netty.handler.HttpHandler - Channel Closed: [id: 0x13ab5a7e, L:/127.0.0.1:49178 ! R:localhost/127.0.0.1:49171] with attribute DISCARD
19:54:17.063 [AsyncHttpClient-1-6] DEBUG org.asynchttpclient.netty.handler.HttpHandler - 

Request DefaultFullHttpRequest(decodeResult: success, version: HTTP/1.1, content: EmptyByteBufBE)
DELETE /session/5f85e2e1ea8bbc53d786d6a941085c94 HTTP/1.1
User-Agent: selenium/4.1.2 (java windows)
Content-Type: application/json; charset=utf-8
host: localhost:54222
accept: */*

Response DefaultHttpResponse(decodeResult: success, version: HTTP/1.1)
HTTP/1.1 200 OK
Content-Type: application/json; charset=utf-8
cache-control: no-cache
content-length: 14

19:54:17.063 [AsyncHttpClient-1-6] DEBUG org.asynchttpclient.netty.channel.ChannelManager - Adding key: http://localhost:54222 for channel [id: 0xfcb935af, L:/127.0.0.1:49170 - R:localhost/127.0.0.1:54222]
19:54:17.099 [AsyncHttpClient-1-6] DEBUG org.asynchttpclient.netty.handler.HttpHandler - Channel Closed: [id: 0xfcb935af, L:/127.0.0.1:49170 ! R:localhost/127.0.0.1:54222] with attribute DISCARD
19:54:17.126 [main] INFO  - 
  _____   ___   ___   _____     ___     _     ___   ___   ___   ___  
 |_   _| | __| / __| |_   _|   | _ \   /_\   / __| / __| | __| |   \ 
   | |   | _|  \__ \   | |     |  _/  / _ \  \__ \ \__ \ | _|  | |) |
   |_|   |___| |___/   |_|     |_|   /_/ \_\ |___/ |___/ |___| |___/ 

login with email and password
----------------------------------------------------------------------
]]></system-out>
    <system-err><![CDATA[Starting ChromeDriver 106.0.5249.61 (511755355844955cd3e264779baf0dd38212a4d0-refs/branch-heads/5249@{#569}) on port 54222
Only local connections are allowed.
Please see https://chromedriver.chromium.org/security-considerations for suggestions on keeping ChromeDriver safe.
ChromeDriver was started successfully.
Oct 31, 2022 7:53:42 PM org.openqa.selenium.remote.ProtocolHandshake createSession
INFO: Detected dialect: W3C
Oct 31, 2022 7:53:42 PM org.openqa.selenium.devtools.CdpVersionFinder findNearestMatch
WARNING: Unable to find an exact match for CDP version 106, so returning the closest version found: a no-op implementation
Oct 31, 2022 7:53:42 PM org.openqa.selenium.devtools.CdpVersionFinder findNearestMatch
INFO: Unable to find CDP implementation matching 106.
Oct 31, 2022 7:53:42 PM org.openqa.selenium.chromium.ChromiumDriver lambda$new$3
WARNING: Unable to find version of CDP to use for . You may need to include a dependency on a specific version of the CDP using something similar to `org.seleniumhq.selenium:selenium-devtools-v86:4.1.2` where the version ("v86") matches the version of the chromium-based browser you're using and the version number of the artifact is the same as Selenium's.
]]></system-err>
  </testcase>
  <testcase name="login with email and password #2" classname="Login" time="46.692">
    <system-out><![CDATA[
@Login
Scenario Outline: login with email and password &amp#27;[90m# src/test/resources/features/login/login.feature:17&amp#27;[0m
19:54:17.133 [main] INFO io.cucumber.core.plugin.SerenityReporter - Running feature from file:///D:/TIC/Kampus%20Merdeka/MSIB/Studi%20Independen/Alterra/MiniProject/MiniProjWeb/src/test/resources/features/login/login.feature
19:54:17.147 [main] INFO net.serenitybdd.core.webdriver.driverproviders.ChromeDriverProvider - Using automatically driver download
19:54:17.236 [main] DEBUG io.github.bonigarcia.wdm.cache.ResolutionCache - Resolution chrome=106 in cache (valid until 20:51:33 31/10/2022 ICT)
19:54:17.237 [main] DEBUG io.github.bonigarcia.wdm.cache.ResolutionCache - Resolution chrome106=106.0.5249.61 in cache (valid until 17:34:34 01/11/2022 ICT)
19:54:17.239 [main] INFO io.github.bonigarcia.wdm.WebDriverManager - Using chromedriver 106.0.5249.61 (resolved driver for Chrome 106)
19:54:17.250 [main] DEBUG io.github.bonigarcia.wdm.WebDriverManager - Driver chromedriver 106.0.5249.61 found in cache
19:54:17.251 [main] INFO io.github.bonigarcia.wdm.WebDriverManager - Exporting webdriver.chrome.driver as C:\Users\user\.cache\selenium\chromedriver\win32\106.0.5249.61\chromedriver.exe
19:54:17.356 [main] DEBUG net.serenitybdd.core.webdriver.driverproviders.ProvideNewDriver - Instantiating driver
19:54:17.357 [main] DEBUG net.serenitybdd.core.webdriver.driverproviders.ProvideNewDriver - Driver capabilities: Capabilities {acceptInsecureCerts: false, base.url: https://alta-shop.vercel.app, browserName: chrome, chrome.driver: src/test/resources/webdrive..., driver: chrome, goog:chromeOptions: {args: [], extensions: []}, wait.for.timeout: 500}
19:54:17.428 [AsyncHttpClient-1-9] DEBUG org.asynchttpclient.netty.channel.NettyConnectListener - Using new Channel '[id: 0xc90bd7b3, L:/127.0.0.1:49235 - R:localhost/127.0.0.1:53248]' for 'POST' to '/session'
19:54:17.998 [AsyncHttpClient-1-1] DEBUG org.asynchttpclient.netty.channel.DefaultChannelPool - Entry count for : http://localhost:54222 : 1
19:54:17.998 [AsyncHttpClient-1-1] DEBUG org.asynchttpclient.netty.channel.DefaultChannelPool - Entry count for : http://localhost:49171 : 1
19:54:17.998 [AsyncHttpClient-1-1] DEBUG org.asynchttpclient.netty.channel.DefaultChannelPool - Adding Candidate expired Channel [id: 0xfcb935af, L:/127.0.0.1:49170 ! R:localhost/127.0.0.1:54222] isIdleTimeoutExpired=false isRemotelyClosed=true isTtlExpired=false
19:54:17.998 [AsyncHttpClient-1-1] DEBUG org.asynchttpclient.netty.channel.DefaultChannelPool - Closing Idle Channel [id: 0xfcb935af, L:/127.0.0.1:49170 ! R:localhost/127.0.0.1:54222]
19:54:17.998 [AsyncHttpClient-1-1] DEBUG org.asynchttpclient.netty.channel.DefaultChannelPool - Adding Candidate expired Channel [id: 0x13ab5a7e, L:/127.0.0.1:49178 ! R:localhost/127.0.0.1:49171] isIdleTimeoutExpired=false isRemotelyClosed=true isTtlExpired=false
19:54:17.998 [AsyncHttpClient-1-1] DEBUG org.asynchttpclient.netty.channel.DefaultChannelPool - Closing Idle Channel [id: 0x13ab5a7e, L:/127.0.0.1:49178 ! R:localhost/127.0.0.1:49171]
19:54:17.998 [AsyncHttpClient-1-1] DEBUG org.asynchttpclient.netty.channel.DefaultChannelPool - Closed 2 connections out of 2 in 0 ms
19:54:18.212 [AsyncHttpClient-1-9] DEBUG org.asynchttpclient.netty.handler.HttpHandler - 

Request DefaultHttpRequest(decodeResult: success, version: HTTP/1.1)
POST /session HTTP/1.1
User-Agent: selenium/4.1.2 (java windows)
Content-Length: 638
Content-Type: application/json; charset=utf-8
host: localhost:53248
accept: */*

Response DefaultHttpResponse(decodeResult: success, version: HTTP/1.1)
HTTP/1.1 200 OK
Content-Type: application/json; charset=utf-8
cache-control: no-cache
content-length: 790

19:54:18.212 [AsyncHttpClient-1-9] DEBUG org.asynchttpclient.netty.channel.ChannelManager - Adding key: http://localhost:53248 for channel [id: 0xc90bd7b3, L:/127.0.0.1:49235 - R:localhost/127.0.0.1:53248]
19:54:18.223 [AsyncHttpClient-1-2] DEBUG org.asynchttpclient.netty.channel.NettyConnectListener - Using new Channel '[id: 0x74dc5d9a, L:/127.0.0.1:49242 - R:localhost/127.0.0.1:49236]' for 'GET' to '/json/version'
19:54:18.223 [AsyncHttpClient-1-2] DEBUG org.asynchttpclient.netty.handler.HttpHandler - 

Request DefaultFullHttpRequest(decodeResult: success, version: HTTP/1.1, content: EmptyByteBufBE)
GET /json/version HTTP/1.1
User-Agent: selenium/4.1.2 (java windows)
host: localhost:49236
accept: */*

Response DefaultHttpResponse(decodeResult: success, version: HTTP/1.1)
HTTP/1.1 200 OK
Content-Type: application/json; charset=UTF-8
content-length: 424

19:54:18.223 [AsyncHttpClient-1-2] DEBUG org.asynchttpclient.netty.channel.ChannelManager - Adding key: http://localhost:49236 for channel [id: 0x74dc5d9a, L:/127.0.0.1:49242 - R:localhost/127.0.0.1:49236]
19:54:18.226 [AsyncHttpClient-1-3] DEBUG org.asynchttpclient.netty.channel.NettyConnectListener - Using new Channel '[id: 0xbfe7e8b0, L:/127.0.0.1:49243 - R:localhost/127.0.0.1:49236]' for 'GET' to '/devtools/browser/545d13eb-e42c-4458-abbd-5531cf515309'
19:54:18.227 [AsyncHttpClient-1-3] DEBUG org.asynchttpclient.netty.handler.WebSocketHandler - 

Request DefaultFullHttpRequest(decodeResult: success, version: HTTP/1.1, content: EmptyByteBufBE)
GET /devtools/browser/545d13eb-e42c-4458-abbd-5531cf515309 HTTP/1.1
upgrade: websocket
connection: upgrade
sec-websocket-key: kDmnC00tNdk+jNK2u1NShQ==
sec-websocket-version: 13
origin: http://localhost:49236
host: localhost:49236
accept: */*
user-agent: AHC/2.1

Response DefaultHttpResponse(decodeResult: success, version: HTTP/1.1)
HTTP/1.1 101 WebSocket Protocol Handshake
Upgrade: WebSocket
Connection: Upgrade
Sec-WebSocket-Accept: SS0kctGjiagZB0LgRCdT4LIIfTs=

19:54:18.231 [Forwarding get on session 6ef431d00bc598df208039eb4bc33326 to remote] DEBUG org.asynchttpclient.netty.request.NettyRequestSender - Using pooled Channel '[id: 0xc90bd7b3, L:/127.0.0.1:49235 - R:localhost/127.0.0.1:53248]' for 'POST' to 'http://localhost:53248/session/6ef431d00bc598df208039eb4bc33326/url'
19:54:18.231 [Forwarding get on session 6ef431d00bc598df208039eb4bc33326 to remote] DEBUG org.asynchttpclient.netty.request.NettyRequestSender - Using open Channel [id: 0xc90bd7b3, L:/127.0.0.1:49235 - R:localhost/127.0.0.1:53248] for POST '/session/6ef431d00bc598df208039eb4bc33326/url'
19:54:19.106 [AsyncHttpClient-1-1] DEBUG org.asynchttpclient.netty.channel.DefaultChannelPool - Entry count for : http://localhost:49236 : 1
19:54:20.210 [AsyncHttpClient-1-1] DEBUG org.asynchttpclient.netty.channel.DefaultChannelPool - Entry count for : http://localhost:49236 : 1
19:54:21.304 [AsyncHttpClient-1-1] DEBUG org.asynchttpclient.netty.channel.DefaultChannelPool - Entry count for : http://localhost:49236 : 1
19:54:22.404 [AsyncHttpClient-1-1] DEBUG org.asynchttpclient.netty.channel.DefaultChannelPool - Entry count for : http://localhost:49236 : 1
19:54:23.503 [AsyncHttpClient-1-1] DEBUG org.asynchttpclient.netty.channel.DefaultChannelPool - Entry count for : http://localhost:49236 : 1
19:54:24.604 [AsyncHttpClient-1-1] DEBUG org.asynchttpclient.netty.channel.DefaultChannelPool - Entry count for : http://localhost:49236 : 1
19:54:25.708 [AsyncHttpClient-1-1] DEBUG org.asynchttpclient.netty.channel.DefaultChannelPool - Entry count for : http://localhost:49236 : 1
19:54:26.809 [AsyncHttpClient-1-1] DEBUG org.asynchttpclient.netty.channel.DefaultChannelPool - Entry count for : http://localhost:49236 : 1
19:54:27.898 [AsyncHttpClient-1-1] DEBUG org.asynchttpclient.netty.channel.DefaultChannelPool - Entry count for : http://localhost:49236 : 1
19:54:29.001 [AsyncHttpClient-1-1] DEBUG org.asynchttpclient.netty.channel.DefaultChannelPool - Entry count for : http://localhost:49236 : 1
19:54:30.105 [AsyncHttpClient-1-1] DEBUG org.asynchttpclient.netty.channel.DefaultChannelPool - Entry count for : http://localhost:49236 : 1
19:54:31.210 [AsyncHttpClient-1-1] DEBUG org.asynchttpclient.netty.channel.DefaultChannelPool - Entry count for : http://localhost:49236 : 1
19:54:32.309 [AsyncHttpClient-1-1] DEBUG org.asynchttpclient.netty.channel.DefaultChannelPool - Entry count for : http://localhost:49236 : 1
19:54:33.398 [AsyncHttpClient-1-1] DEBUG org.asynchttpclient.netty.channel.DefaultChannelPool - Entry count for : http://localhost:49236 : 1
19:54:34.507 [AsyncHttpClient-1-1] DEBUG org.asynchttpclient.netty.channel.DefaultChannelPool - Entry count for : http://localhost:49236 : 1
19:54:35.607 [AsyncHttpClient-1-1] DEBUG org.asynchttpclient.netty.channel.DefaultChannelPool - Entry count for : http://localhost:49236 : 1
19:54:36.698 [AsyncHttpClient-1-1] DEBUG org.asynchttpclient.netty.channel.DefaultChannelPool - Entry count for : http://localhost:49236 : 1
19:54:37.800 [AsyncHttpClient-1-1] DEBUG org.asynchttpclient.netty.channel.DefaultChannelPool - Entry count for : http://localhost:49236 : 1
19:54:38.903 [AsyncHttpClient-1-1] DEBUG org.asynchttpclient.netty.channel.DefaultChannelPool - Entry count for : http://localhost:49236 : 1
19:54:40.006 [AsyncHttpClient-1-1] DEBUG org.asynchttpclient.netty.channel.DefaultChannelPool - Entry count for : http://localhost:49236 : 1
19:54:41.097 [AsyncHttpClient-1-1] DEBUG org.asynchttpclient.netty.channel.DefaultChannelPool - Entry count for : http://localhost:49236 : 1
19:54:42.211 [AsyncHttpClient-1-1] DEBUG org.asynchttpclient.netty.channel.DefaultChannelPool - Entry count for : http://localhost:49236 : 1
19:54:43.298 [AsyncHttpClient-1-1] DEBUG org.asynchttpclient.netty.channel.DefaultChannelPool - Entry count for : http://localhost:49236 : 1
19:54:44.403 [AsyncHttpClient-1-1] DEBUG org.asynchttpclient.netty.channel.DefaultChannelPool - Entry count for : http://localhost:49236 : 1
19:54:45.504 [AsyncHttpClient-1-1] DEBUG org.asynchttpclient.netty.channel.DefaultChannelPool - Entry count for : http://localhost:49236 : 1
19:54:46.605 [AsyncHttpClient-1-1] DEBUG org.asynchttpclient.netty.channel.DefaultChannelPool - Entry count for : http://localhost:49236 : 1
19:54:47.709 [AsyncHttpClient-1-1] DEBUG org.asynchttpclient.netty.channel.DefaultChannelPool - Entry count for : http://localhost:49236 : 1
19:54:48.798 [AsyncHttpClient-1-1] DEBUG org.asynchttpclient.netty.channel.DefaultChannelPool - Entry count for : http://localhost:49236 : 1
19:54:49.901 [AsyncHttpClient-1-1] DEBUG org.asynchttpclient.netty.channel.DefaultChannelPool - Entry count for : http://localhost:49236 : 1
19:54:51.006 [AsyncHttpClient-1-1] DEBUG org.asynchttpclient.netty.channel.DefaultChannelPool - Entry count for : http://localhost:49236 : 1
19:54:52.112 [AsyncHttpClient-1-1] DEBUG org.asynchttpclient.netty.channel.DefaultChannelPool - Entry count for : http://localhost:49236 : 1
19:54:53.200 [AsyncHttpClient-1-1] DEBUG org.asynchttpclient.netty.channel.DefaultChannelPool - Entry count for : http://localhost:49236 : 1
19:54:54.304 [AsyncHttpClient-1-1] DEBUG org.asynchttpclient.netty.channel.DefaultChannelPool - Entry count for : http://localhost:49236 : 1
19:54:55.406 [AsyncHttpClient-1-1] DEBUG org.asynchttpclient.netty.channel.DefaultChannelPool - Entry count for : http://localhost:49236 : 1
19:54:56.498 [AsyncHttpClient-1-1] DEBUG org.asynchttpclient.netty.channel.DefaultChannelPool - Entry count for : http://localhost:49236 : 1
19:54:57.604 [AsyncHttpClient-1-1] DEBUG org.asynchttpclient.netty.channel.DefaultChannelPool - Entry count for : http://localhost:49236 : 1
19:54:58.712 [AsyncHttpClient-1-1] DEBUG org.asynchttpclient.netty.channel.DefaultChannelPool - Entry count for : http://localhost:49236 : 1
19:54:59.810 [AsyncHttpClient-1-1] DEBUG org.asynchttpclient.netty.channel.DefaultChannelPool - Entry count for : http://localhost:49236 : 1
19:55:00.350 [AsyncHttpClient-1-9] DEBUG org.asynchttpclient.netty.handler.HttpHandler - 

Request DefaultHttpRequest(decodeResult: success, version: HTTP/1.1)
POST /session/6ef431d00bc598df208039eb4bc33326/url HTTP/1.1
User-Agent: selenium/4.1.2 (java windows)
Content-Length: 59
Content-Type: application/json; charset=utf-8
host: localhost:53248
accept: */*

Response DefaultHttpResponse(decodeResult: success, version: HTTP/1.1)
HTTP/1.1 200 OK
Content-Type: application/json; charset=utf-8
cache-control: no-cache
content-length: 14

19:55:00.350 [AsyncHttpClient-1-9] DEBUG org.asynchttpclient.netty.channel.ChannelManager - Adding key: http://localhost:53248 for channel [id: 0xc90bd7b3, L:/127.0.0.1:49235 - R:localhost/127.0.0.1:53248]
19:55:00.352 [Forwarding setTimeout on session 6ef431d00bc598df208039eb4bc33326 to remote] DEBUG org.asynchttpclient.netty.request.NettyRequestSender - Using pooled Channel '[id: 0xc90bd7b3, L:/127.0.0.1:49235 - R:localhost/127.0.0.1:53248]' for 'POST' to 'http://localhost:53248/session/6ef431d00bc598df208039eb4bc33326/timeouts'
19:55:00.352 [Forwarding setTimeout on session 6ef431d00bc598df208039eb4bc33326 to remote] DEBUG org.asynchttpclient.netty.request.NettyRequestSender - Using open Channel [id: 0xc90bd7b3, L:/127.0.0.1:49235 - R:localhost/127.0.0.1:53248] for POST '/session/6ef431d00bc598df208039eb4bc33326/timeouts'
19:55:00.352 [AsyncHttpClient-1-9] DEBUG org.asynchttpclient.netty.handler.HttpHandler - 

Request DefaultHttpRequest(decodeResult: success, version: HTTP/1.1)
POST /session/6ef431d00bc598df208039eb4bc33326/timeouts HTTP/1.1
User-Agent: selenium/4.1.2 (java windows)
Content-Length: 22
Content-Type: application/json; charset=utf-8
host: localhost:53248
accept: */*

Response DefaultHttpResponse(decodeResult: success, version: HTTP/1.1)
HTTP/1.1 200 OK
Content-Type: application/json; charset=utf-8
cache-control: no-cache
content-length: 14

19:55:00.352 [AsyncHttpClient-1-9] DEBUG org.asynchttpclient.netty.channel.ChannelManager - Adding key: http://localhost:53248 for channel [id: 0xc90bd7b3, L:/127.0.0.1:49235 - R:localhost/127.0.0.1:53248]
19:55:00.357 [Forwarding getCurrentUrl on session 6ef431d00bc598df208039eb4bc33326 to remote] DEBUG org.asynchttpclient.netty.request.NettyRequestSender - Using pooled Channel '[id: 0xc90bd7b3, L:/127.0.0.1:49235 - R:localhost/127.0.0.1:53248]' for 'GET' to 'http://localhost:53248/session/6ef431d00bc598df208039eb4bc33326/url'
19:55:00.357 [Forwarding getCurrentUrl on session 6ef431d00bc598df208039eb4bc33326 to remote] DEBUG org.asynchttpclient.netty.request.NettyRequestSender - Using open Channel [id: 0xc90bd7b3, L:/127.0.0.1:49235 - R:localhost/127.0.0.1:53248] for GET '/session/6ef431d00bc598df208039eb4bc33326/url'
19:55:00.363 [AsyncHttpClient-1-9] DEBUG org.asynchttpclient.netty.handler.HttpHandler - 

Request DefaultFullHttpRequest(decodeResult: success, version: HTTP/1.1, content: EmptyByteBufBE)
GET /session/6ef431d00bc598df208039eb4bc33326/url HTTP/1.1
User-Agent: selenium/4.1.2 (java windows)
Cache-Control: no-cache
Content-Type: application/json; charset=utf-8
host: localhost:53248
accept: */*

Response DefaultHttpResponse(decodeResult: success, version: HTTP/1.1)
HTTP/1.1 200 OK
Content-Type: application/json; charset=utf-8
cache-control: no-cache
content-length: 41

19:55:00.364 [AsyncHttpClient-1-9] DEBUG org.asynchttpclient.netty.channel.ChannelManager - Adding key: http://localhost:53248 for channel [id: 0xc90bd7b3, L:/127.0.0.1:49235 - R:localhost/127.0.0.1:53248]
  &amp#27;[32mGiven &amp#27;[0m&amp#27;[32mI open the website&amp#27;[0m                      &amp#27;[90m# starter.steps.RegistrationStep.iOpenTheWebsite()&amp#27;[0m
19:55:00.367 [Forwarding screenshot on session 6ef431d00bc598df208039eb4bc33326 to remote] DEBUG org.asynchttpclient.netty.request.NettyRequestSender - Using pooled Channel '[id: 0xc90bd7b3, L:/127.0.0.1:49235 - R:localhost/127.0.0.1:53248]' for 'GET' to 'http://localhost:53248/session/6ef431d00bc598df208039eb4bc33326/screenshot'
19:55:00.367 [Forwarding screenshot on session 6ef431d00bc598df208039eb4bc33326 to remote] DEBUG org.asynchttpclient.netty.request.NettyRequestSender - Using open Channel [id: 0xc90bd7b3, L:/127.0.0.1:49235 - R:localhost/127.0.0.1:53248] for GET '/session/6ef431d00bc598df208039eb4bc33326/screenshot'
19:55:00.470 [AsyncHttpClient-1-9] DEBUG org.asynchttpclient.netty.handler.HttpHandler - 

Request DefaultFullHttpRequest(decodeResult: success, version: HTTP/1.1, content: EmptyByteBufBE)
GET /session/6ef431d00bc598df208039eb4bc33326/screenshot HTTP/1.1
User-Agent: selenium/4.1.2 (java windows)
Cache-Control: no-cache
Content-Type: application/json; charset=utf-8
host: localhost:53248
accept: */*

Response DefaultHttpResponse(decodeResult: success, version: HTTP/1.1)
HTTP/1.1 200 OK
Content-Type: application/json; charset=utf-8
cache-control: no-cache
content-length: 69584

19:55:00.475 [AsyncHttpClient-1-9] DEBUG org.asynchttpclient.netty.channel.ChannelManager - Adding key: http://localhost:53248 for channel [id: 0xc90bd7b3, L:/127.0.0.1:49235 - R:localhost/127.0.0.1:53248]
19:55:00.477 [main] DEBUG net.serenitybdd.core.photography.Darkroom - Send negative for processing for target\site\serenity\5297bd387dc3249e00c2d6656fb13e2699af90824ba878fd382afd24108abb14.png
19:55:00.486 [Forwarding findElement on session 6ef431d00bc598df208039eb4bc33326 to remote] DEBUG org.asynchttpclient.netty.request.NettyRequestSender - Using pooled Channel '[id: 0xc90bd7b3, L:/127.0.0.1:49235 - R:localhost/127.0.0.1:53248]' for 'POST' to 'http://localhost:53248/session/6ef431d00bc598df208039eb4bc33326/element'
19:55:00.486 [Forwarding findElement on session 6ef431d00bc598df208039eb4bc33326 to remote] DEBUG org.asynchttpclient.netty.request.NettyRequestSender - Using open Channel [id: 0xc90bd7b3, L:/127.0.0.1:49235 - R:localhost/127.0.0.1:53248] for POST '/session/6ef431d00bc598df208039eb4bc33326/element'
19:55:00.503 [AsyncHttpClient-1-9] DEBUG org.asynchttpclient.netty.handler.HttpHandler - 

Request DefaultHttpRequest(decodeResult: success, version: HTTP/1.1)
POST /session/6ef431d00bc598df208039eb4bc33326/element HTTP/1.1
User-Agent: selenium/4.1.2 (java windows)
Content-Length: 97
Content-Type: application/json; charset=utf-8
host: localhost:53248
accept: */*

Response DefaultHttpResponse(decodeResult: success, version: HTTP/1.1)
HTTP/1.1 200 OK
Content-Type: application/json; charset=utf-8
cache-control: no-cache
content-length: 88

19:55:00.503 [AsyncHttpClient-1-9] DEBUG org.asynchttpclient.netty.channel.ChannelManager - Adding key: http://localhost:53248 for channel [id: 0xc90bd7b3, L:/127.0.0.1:49235 - R:localhost/127.0.0.1:53248]
19:55:00.506 [Forwarding getElementTagName on session 6ef431d00bc598df208039eb4bc33326 to remote] DEBUG org.asynchttpclient.netty.request.NettyRequestSender - Using pooled Channel '[id: 0xc90bd7b3, L:/127.0.0.1:49235 - R:localhost/127.0.0.1:53248]' for 'GET' to 'http://localhost:53248/session/6ef431d00bc598df208039eb4bc33326/element/98cb26f3-850e-496c-99ba-60418d73e2e1/name'
19:55:00.506 [Forwarding getElementTagName on session 6ef431d00bc598df208039eb4bc33326 to remote] DEBUG org.asynchttpclient.netty.request.NettyRequestSender - Using open Channel [id: 0xc90bd7b3, L:/127.0.0.1:49235 - R:localhost/127.0.0.1:53248] for GET '/session/6ef431d00bc598df208039eb4bc33326/element/98cb26f3-850e-496c-99ba-60418d73e2e1/name'
19:55:00.512 [AsyncHttpClient-1-9] DEBUG org.asynchttpclient.netty.handler.HttpHandler - 

Request DefaultFullHttpRequest(decodeResult: success, version: HTTP/1.1, content: EmptyByteBufBE)
GET /session/6ef431d00bc598df208039eb4bc33326/element/98cb26f3-850e-496c-99ba-60418d73e2e1/name HTTP/1.1
User-Agent: selenium/4.1.2 (java windows)
Cache-Control: no-cache
Content-Type: application/json; charset=utf-8
host: localhost:53248
accept: */*

Response DefaultHttpResponse(decodeResult: success, version: HTTP/1.1)
HTTP/1.1 200 OK
Content-Type: application/json; charset=utf-8
cache-control: no-cache
content-length: 13

19:55:00.512 [AsyncHttpClient-1-9] DEBUG org.asynchttpclient.netty.channel.ChannelManager - Adding key: http://localhost:53248 for channel [id: 0xc90bd7b3, L:/127.0.0.1:49235 - R:localhost/127.0.0.1:53248]
19:55:00.514 [Forwarding getElementTagName on session 6ef431d00bc598df208039eb4bc33326 to remote] DEBUG org.asynchttpclient.netty.request.NettyRequestSender - Using pooled Channel '[id: 0xc90bd7b3, L:/127.0.0.1:49235 - R:localhost/127.0.0.1:53248]' for 'GET' to 'http://localhost:53248/session/6ef431d00bc598df208039eb4bc33326/element/98cb26f3-850e-496c-99ba-60418d73e2e1/name'
19:55:00.514 [Forwarding getElementTagName on session 6ef431d00bc598df208039eb4bc33326 to remote] DEBUG org.asynchttpclient.netty.request.NettyRequestSender - Using open Channel [id: 0xc90bd7b3, L:/127.0.0.1:49235 - R:localhost/127.0.0.1:53248] for GET '/session/6ef431d00bc598df208039eb4bc33326/element/98cb26f3-850e-496c-99ba-60418d73e2e1/name'
19:55:00.516 [AsyncHttpClient-1-9] DEBUG org.asynchttpclient.netty.handler.HttpHandler - 

Request DefaultFullHttpRequest(decodeResult: success, version: HTTP/1.1, content: EmptyByteBufBE)
GET /session/6ef431d00bc598df208039eb4bc33326/element/98cb26f3-850e-496c-99ba-60418d73e2e1/name HTTP/1.1
User-Agent: selenium/4.1.2 (java windows)
Cache-Control: no-cache
Content-Type: application/json; charset=utf-8
host: localhost:53248
accept: */*

Response DefaultHttpResponse(decodeResult: success, version: HTTP/1.1)
HTTP/1.1 200 OK
Content-Type: application/json; charset=utf-8
cache-control: no-cache
content-length: 13

19:55:00.516 [AsyncHttpClient-1-9] DEBUG org.asynchttpclient.netty.channel.ChannelManager - Adding key: http://localhost:53248 for channel [id: 0xc90bd7b3, L:/127.0.0.1:49235 - R:localhost/127.0.0.1:53248]
19:55:00.517 [Forwarding findElement on session 6ef431d00bc598df208039eb4bc33326 to remote] DEBUG org.asynchttpclient.netty.request.NettyRequestSender - Using pooled Channel '[id: 0xc90bd7b3, L:/127.0.0.1:49235 - R:localhost/127.0.0.1:53248]' for 'POST' to 'http://localhost:53248/session/6ef431d00bc598df208039eb4bc33326/element'
19:55:00.517 [Forwarding findElement on session 6ef431d00bc598df208039eb4bc33326 to remote] DEBUG org.asynchttpclient.netty.request.NettyRequestSender - Using open Channel [id: 0xc90bd7b3, L:/127.0.0.1:49235 - R:localhost/127.0.0.1:53248] for POST '/session/6ef431d00bc598df208039eb4bc33326/element'
19:55:00.530 [AsyncHttpClient-1-9] DEBUG org.asynchttpclient.netty.handler.HttpHandler - 

Request DefaultHttpRequest(decodeResult: success, version: HTTP/1.1)
POST /session/6ef431d00bc598df208039eb4bc33326/element HTTP/1.1
User-Agent: selenium/4.1.2 (java windows)
Content-Length: 97
Content-Type: application/json; charset=utf-8
host: localhost:53248
accept: */*

Response DefaultHttpResponse(decodeResult: success, version: HTTP/1.1)
HTTP/1.1 200 OK
Content-Type: application/json; charset=utf-8
cache-control: no-cache
content-length: 88

19:55:00.530 [AsyncHttpClient-1-9] DEBUG org.asynchttpclient.netty.channel.ChannelManager - Adding key: http://localhost:53248 for channel [id: 0xc90bd7b3, L:/127.0.0.1:49235 - R:localhost/127.0.0.1:53248]
19:55:00.531 [Forwarding clickElement on session 6ef431d00bc598df208039eb4bc33326 to remote] DEBUG org.asynchttpclient.netty.request.NettyRequestSender - Using pooled Channel '[id: 0xc90bd7b3, L:/127.0.0.1:49235 - R:localhost/127.0.0.1:53248]' for 'POST' to 'http://localhost:53248/session/6ef431d00bc598df208039eb4bc33326/element/98cb26f3-850e-496c-99ba-60418d73e2e1/click'
19:55:00.531 [Forwarding clickElement on session 6ef431d00bc598df208039eb4bc33326 to remote] DEBUG org.asynchttpclient.netty.request.NettyRequestSender - Using open Channel [id: 0xc90bd7b3, L:/127.0.0.1:49235 - R:localhost/127.0.0.1:53248] for POST '/session/6ef431d00bc598df208039eb4bc33326/element/98cb26f3-850e-496c-99ba-60418d73e2e1/click'
19:55:00.595 [AsyncHttpClient-1-9] DEBUG org.asynchttpclient.netty.handler.HttpHandler - 

Request DefaultHttpRequest(decodeResult: success, version: HTTP/1.1)
POST /session/6ef431d00bc598df208039eb4bc33326/element/98cb26f3-850e-496c-99ba-60418d73e2e1/click HTTP/1.1
User-Agent: selenium/4.1.2 (java windows)
Content-Length: 50
Content-Type: application/json; charset=utf-8
host: localhost:53248
accept: */*

Response DefaultHttpResponse(decodeResult: success, version: HTTP/1.1)
HTTP/1.1 200 OK
Content-Type: application/json; charset=utf-8
cache-control: no-cache
content-length: 14

19:55:00.595 [AsyncHttpClient-1-9] DEBUG org.asynchttpclient.netty.channel.ChannelManager - Adding key: http://localhost:53248 for channel [id: 0xc90bd7b3, L:/127.0.0.1:49235 - R:localhost/127.0.0.1:53248]
  &amp#27;[32mWhen &amp#27;[0m&amp#27;[32mI click sign in button&amp#27;[0m                   &amp#27;[90m# starter.steps.RegistrationStep.iClickSignInButton()&amp#27;[0m
19:55:00.614 [Forwarding screenshot on session 6ef431d00bc598df208039eb4bc33326 to remote] DEBUG org.asynchttpclient.netty.request.NettyRequestSender - Using pooled Channel '[id: 0xc90bd7b3, L:/127.0.0.1:49235 - R:localhost/127.0.0.1:53248]' for 'GET' to 'http://localhost:53248/session/6ef431d00bc598df208039eb4bc33326/screenshot'
19:55:00.614 [Forwarding screenshot on session 6ef431d00bc598df208039eb4bc33326 to remote] DEBUG org.asynchttpclient.netty.request.NettyRequestSender - Using open Channel [id: 0xc90bd7b3, L:/127.0.0.1:49235 - R:localhost/127.0.0.1:53248] for GET '/session/6ef431d00bc598df208039eb4bc33326/screenshot'
19:55:00.900 [AsyncHttpClient-1-1] DEBUG org.asynchttpclient.netty.channel.DefaultChannelPool - Entry count for : http://localhost:49236 : 1
19:55:00.997 [AsyncHttpClient-1-9] DEBUG org.asynchttpclient.netty.handler.HttpHandler - 

Request DefaultFullHttpRequest(decodeResult: success, version: HTTP/1.1, content: EmptyByteBufBE)
GET /session/6ef431d00bc598df208039eb4bc33326/screenshot HTTP/1.1
User-Agent: selenium/4.1.2 (java windows)
Cache-Control: no-cache
Content-Type: application/json; charset=utf-8
host: localhost:53248
accept: */*

Response DefaultHttpResponse(decodeResult: success, version: HTTP/1.1)
HTTP/1.1 200 OK
Content-Type: application/json; charset=utf-8
cache-control: no-cache
content-length: 41156

19:55:00.997 [AsyncHttpClient-1-9] DEBUG org.asynchttpclient.netty.channel.ChannelManager - Adding key: http://localhost:53248 for channel [id: 0xc90bd7b3, L:/127.0.0.1:49235 - R:localhost/127.0.0.1:53248]
19:55:00.999 [main] DEBUG net.serenitybdd.core.photography.Darkroom - Send negative for processing for target\site\serenity\5aff5772b4fd79933162a5d3aab67ab533ad9063277ab44b808e62ce81897543.png
19:55:00.999 [Darkroom Processing Line] DEBUG net.serenitybdd.core.photography.DarkroomProcessingLine - Processing screenshot image in /var/screenshots/screenshot-14609974678236776963
19:55:00.999 [Darkroom Processing Line] DEBUG net.serenitybdd.core.photography.DarkroomProcessingLine - Saving screenshot to target\site\serenity\5aff5772b4fd79933162a5d3aab67ab533ad9063277ab44b808e62ce81897543.png
19:55:01.010 [Forwarding findElement on session 6ef431d00bc598df208039eb4bc33326 to remote] DEBUG org.asynchttpclient.netty.request.NettyRequestSender - Using pooled Channel '[id: 0xc90bd7b3, L:/127.0.0.1:49235 - R:localhost/127.0.0.1:53248]' for 'POST' to 'http://localhost:53248/session/6ef431d00bc598df208039eb4bc33326/element'
19:55:01.010 [Forwarding findElement on session 6ef431d00bc598df208039eb4bc33326 to remote] DEBUG org.asynchttpclient.netty.request.NettyRequestSender - Using open Channel [id: 0xc90bd7b3, L:/127.0.0.1:49235 - R:localhost/127.0.0.1:53248] for POST '/session/6ef431d00bc598df208039eb4bc33326/element'
19:55:01.020 [AsyncHttpClient-1-9] DEBUG org.asynchttpclient.netty.handler.HttpHandler - 

Request DefaultHttpRequest(decodeResult: success, version: HTTP/1.1)
POST /session/6ef431d00bc598df208039eb4bc33326/element HTTP/1.1
User-Agent: selenium/4.1.2 (java windows)
Content-Length: 87
Content-Type: application/json; charset=utf-8
host: localhost:53248
accept: */*

Response DefaultHttpResponse(decodeResult: success, version: HTTP/1.1)
HTTP/1.1 200 OK
Content-Type: application/json; charset=utf-8
cache-control: no-cache
content-length: 88

19:55:01.020 [AsyncHttpClient-1-9] DEBUG org.asynchttpclient.netty.channel.ChannelManager - Adding key: http://localhost:53248 for channel [id: 0xc90bd7b3, L:/127.0.0.1:49235 - R:localhost/127.0.0.1:53248]
19:55:01.020 [Forwarding clearElement on session 6ef431d00bc598df208039eb4bc33326 to remote] DEBUG org.asynchttpclient.netty.request.NettyRequestSender - Using pooled Channel '[id: 0xc90bd7b3, L:/127.0.0.1:49235 - R:localhost/127.0.0.1:53248]' for 'POST' to 'http://localhost:53248/session/6ef431d00bc598df208039eb4bc33326/element/3aad52a8-61be-4fea-9b41-b511d5eea1b1/clear'
19:55:01.020 [Forwarding clearElement on session 6ef431d00bc598df208039eb4bc33326 to remote] DEBUG org.asynchttpclient.netty.request.NettyRequestSender - Using open Channel [id: 0xc90bd7b3, L:/127.0.0.1:49235 - R:localhost/127.0.0.1:53248] for POST '/session/6ef431d00bc598df208039eb4bc33326/element/3aad52a8-61be-4fea-9b41-b511d5eea1b1/clear'
19:55:01.066 [AsyncHttpClient-1-9] DEBUG org.asynchttpclient.netty.handler.HttpHandler - 

Request DefaultHttpRequest(decodeResult: success, version: HTTP/1.1)
POST /session/6ef431d00bc598df208039eb4bc33326/element/3aad52a8-61be-4fea-9b41-b511d5eea1b1/clear HTTP/1.1
User-Agent: selenium/4.1.2 (java windows)
Content-Length: 50
Content-Type: application/json; charset=utf-8
host: localhost:53248
accept: */*

Response DefaultHttpResponse(decodeResult: success, version: HTTP/1.1)
HTTP/1.1 200 OK
Content-Type: application/json; charset=utf-8
cache-control: no-cache
content-length: 14

19:55:01.066 [AsyncHttpClient-1-9] DEBUG org.asynchttpclient.netty.channel.ChannelManager - Adding key: http://localhost:53248 for channel [id: 0xc90bd7b3, L:/127.0.0.1:49235 - R:localhost/127.0.0.1:53248]
19:55:01.067 [Forwarding sendKeysToElement on session 6ef431d00bc598df208039eb4bc33326 to remote] DEBUG org.asynchttpclient.netty.request.NettyRequestSender - Using pooled Channel '[id: 0xc90bd7b3, L:/127.0.0.1:49235 - R:localhost/127.0.0.1:53248]' for 'POST' to 'http://localhost:53248/session/6ef431d00bc598df208039eb4bc33326/element/3aad52a8-61be-4fea-9b41-b511d5eea1b1/value'
19:55:01.067 [Forwarding sendKeysToElement on session 6ef431d00bc598df208039eb4bc33326 to remote] DEBUG org.asynchttpclient.netty.request.NettyRequestSender - Using open Channel [id: 0xc90bd7b3, L:/127.0.0.1:49235 - R:localhost/127.0.0.1:53248] for POST '/session/6ef431d00bc598df208039eb4bc33326/element/3aad52a8-61be-4fea-9b41-b511d5eea1b1/value'
19:55:01.175 [AsyncHttpClient-1-9] DEBUG org.asynchttpclient.netty.handler.HttpHandler - 

Request DefaultHttpRequest(decodeResult: success, version: HTTP/1.1)
POST /session/6ef431d00bc598df208039eb4bc33326/element/3aad52a8-61be-4fea-9b41-b511d5eea1b1/value HTTP/1.1
User-Agent: selenium/4.1.2 (java windows)
Content-Length: 291
Content-Type: application/json; charset=utf-8
host: localhost:53248
accept: */*

Response DefaultHttpResponse(decodeResult: success, version: HTTP/1.1)
HTTP/1.1 200 OK
Content-Type: application/json; charset=utf-8
cache-control: no-cache
content-length: 14

19:55:01.175 [AsyncHttpClient-1-9] DEBUG org.asynchttpclient.netty.channel.ChannelManager - Adding key: http://localhost:53248 for channel [id: 0xc90bd7b3, L:/127.0.0.1:49235 - R:localhost/127.0.0.1:53248]
  &amp#27;[32mAnd &amp#27;[0m&amp#27;[32mI input &amp#27;[0m&amp#27;[32m&amp#27;[1m"maylananggi@gmail.com"&amp#27;[0m&amp#27;[32m email&amp#27;[0m     &amp#27;[90m# starter.steps.LoginStep.iInputEmail(java.lang.String)&amp#27;[0m
19:55:01.185 [Forwarding screenshot on session 6ef431d00bc598df208039eb4bc33326 to remote] DEBUG org.asynchttpclient.netty.request.NettyRequestSender - Using pooled Channel '[id: 0xc90bd7b3, L:/127.0.0.1:49235 - R:localhost/127.0.0.1:53248]' for 'GET' to 'http://localhost:53248/session/6ef431d00bc598df208039eb4bc33326/screenshot'
19:55:01.185 [Forwarding screenshot on session 6ef431d00bc598df208039eb4bc33326 to remote] DEBUG org.asynchttpclient.netty.request.NettyRequestSender - Using open Channel [id: 0xc90bd7b3, L:/127.0.0.1:49235 - R:localhost/127.0.0.1:53248] for GET '/session/6ef431d00bc598df208039eb4bc33326/screenshot'
19:55:01.387 [AsyncHttpClient-1-9] DEBUG org.asynchttpclient.netty.handler.HttpHandler - 

Request DefaultFullHttpRequest(decodeResult: success, version: HTTP/1.1, content: EmptyByteBufBE)
GET /session/6ef431d00bc598df208039eb4bc33326/screenshot HTTP/1.1
User-Agent: selenium/4.1.2 (java windows)
Cache-Control: no-cache
Content-Type: application/json; charset=utf-8
host: localhost:53248
accept: */*

Response DefaultHttpResponse(decodeResult: success, version: HTTP/1.1)
HTTP/1.1 200 OK
Content-Type: application/json; charset=utf-8
cache-control: no-cache
content-length: 48244

19:55:01.387 [AsyncHttpClient-1-9] DEBUG org.asynchttpclient.netty.channel.ChannelManager - Adding key: http://localhost:53248 for channel [id: 0xc90bd7b3, L:/127.0.0.1:49235 - R:localhost/127.0.0.1:53248]
19:55:01.391 [main] DEBUG net.serenitybdd.core.photography.Darkroom - Send negative for processing for target\site\serenity\8944b59e1556349598ab59bc449752016814c636c3608097e7eca0312f4e04a5.png
19:55:01.398 [Darkroom Processing Line] DEBUG net.serenitybdd.core.photography.DarkroomProcessingLine - Processing screenshot image in /var/screenshots/screenshot-9241519483515632529
19:55:01.398 [Darkroom Processing Line] DEBUG net.serenitybdd.core.photography.DarkroomProcessingLine - Saving screenshot to target\site\serenity\8944b59e1556349598ab59bc449752016814c636c3608097e7eca0312f4e04a5.png
19:55:01.399 [Forwarding findElement on session 6ef431d00bc598df208039eb4bc33326 to remote] DEBUG org.asynchttpclient.netty.request.NettyRequestSender - Using pooled Channel '[id: 0xc90bd7b3, L:/127.0.0.1:49235 - R:localhost/127.0.0.1:53248]' for 'POST' to 'http://localhost:53248/session/6ef431d00bc598df208039eb4bc33326/element'
19:55:01.399 [Forwarding findElement on session 6ef431d00bc598df208039eb4bc33326 to remote] DEBUG org.asynchttpclient.netty.request.NettyRequestSender - Using open Channel [id: 0xc90bd7b3, L:/127.0.0.1:49235 - R:localhost/127.0.0.1:53248] for POST '/session/6ef431d00bc598df208039eb4bc33326/element'
19:55:01.420 [AsyncHttpClient-1-9] DEBUG org.asynchttpclient.netty.handler.HttpHandler - 

Request DefaultHttpRequest(decodeResult: success, version: HTTP/1.1)
POST /session/6ef431d00bc598df208039eb4bc33326/element HTTP/1.1
User-Agent: selenium/4.1.2 (java windows)
Content-Length: 89
Content-Type: application/json; charset=utf-8
host: localhost:53248
accept: */*

Response DefaultHttpResponse(decodeResult: success, version: HTTP/1.1)
HTTP/1.1 200 OK
Content-Type: application/json; charset=utf-8
cache-control: no-cache
content-length: 88

19:55:01.420 [AsyncHttpClient-1-9] DEBUG org.asynchttpclient.netty.channel.ChannelManager - Adding key: http://localhost:53248 for channel [id: 0xc90bd7b3, L:/127.0.0.1:49235 - R:localhost/127.0.0.1:53248]
19:55:01.421 [Forwarding clearElement on session 6ef431d00bc598df208039eb4bc33326 to remote] DEBUG org.asynchttpclient.netty.request.NettyRequestSender - Using pooled Channel '[id: 0xc90bd7b3, L:/127.0.0.1:49235 - R:localhost/127.0.0.1:53248]' for 'POST' to 'http://localhost:53248/session/6ef431d00bc598df208039eb4bc33326/element/8050f03a-f682-4df4-8938-f629d2aff01e/clear'
19:55:01.421 [Forwarding clearElement on session 6ef431d00bc598df208039eb4bc33326 to remote] DEBUG org.asynchttpclient.netty.request.NettyRequestSender - Using open Channel [id: 0xc90bd7b3, L:/127.0.0.1:49235 - R:localhost/127.0.0.1:53248] for POST '/session/6ef431d00bc598df208039eb4bc33326/element/8050f03a-f682-4df4-8938-f629d2aff01e/clear'
19:55:01.463 [AsyncHttpClient-1-9] DEBUG org.asynchttpclient.netty.handler.HttpHandler - 

Request DefaultHttpRequest(decodeResult: success, version: HTTP/1.1)
POST /session/6ef431d00bc598df208039eb4bc33326/element/8050f03a-f682-4df4-8938-f629d2aff01e/clear HTTP/1.1
User-Agent: selenium/4.1.2 (java windows)
Content-Length: 50
Content-Type: application/json; charset=utf-8
host: localhost:53248
accept: */*

Response DefaultHttpResponse(decodeResult: success, version: HTTP/1.1)
HTTP/1.1 200 OK
Content-Type: application/json; charset=utf-8
cache-control: no-cache
content-length: 14

19:55:01.463 [AsyncHttpClient-1-9] DEBUG org.asynchttpclient.netty.channel.ChannelManager - Adding key: http://localhost:53248 for channel [id: 0xc90bd7b3, L:/127.0.0.1:49235 - R:localhost/127.0.0.1:53248]
19:55:01.464 [Forwarding sendKeysToElement on session 6ef431d00bc598df208039eb4bc33326 to remote] DEBUG org.asynchttpclient.netty.request.NettyRequestSender - Using pooled Channel '[id: 0xc90bd7b3, L:/127.0.0.1:49235 - R:localhost/127.0.0.1:53248]' for 'POST' to 'http://localhost:53248/session/6ef431d00bc598df208039eb4bc33326/element/8050f03a-f682-4df4-8938-f629d2aff01e/value'
19:55:01.464 [Forwarding sendKeysToElement on session 6ef431d00bc598df208039eb4bc33326 to remote] DEBUG org.asynchttpclient.netty.request.NettyRequestSender - Using open Channel [id: 0xc90bd7b3, L:/127.0.0.1:49235 - R:localhost/127.0.0.1:53248] for POST '/session/6ef431d00bc598df208039eb4bc33326/element/8050f03a-f682-4df4-8938-f629d2aff01e/value'
19:55:01.548 [AsyncHttpClient-1-9] DEBUG org.asynchttpclient.netty.handler.HttpHandler - 

Request DefaultHttpRequest(decodeResult: success, version: HTTP/1.1)
POST /session/6ef431d00bc598df208039eb4bc33326/element/8050f03a-f682-4df4-8938-f629d2aff01e/value HTTP/1.1
User-Agent: selenium/4.1.2 (java windows)
Content-Length: 221
Content-Type: application/json; charset=utf-8
host: localhost:53248
accept: */*

Response DefaultHttpResponse(decodeResult: success, version: HTTP/1.1)
HTTP/1.1 200 OK
Content-Type: application/json; charset=utf-8
cache-control: no-cache
content-length: 14

19:55:01.548 [AsyncHttpClient-1-9] DEBUG org.asynchttpclient.netty.channel.ChannelManager - Adding key: http://localhost:53248 for channel [id: 0xc90bd7b3, L:/127.0.0.1:49235 - R:localhost/127.0.0.1:53248]
  &amp#27;[32mAnd &amp#27;[0m&amp#27;[32mI input &amp#27;[0m&amp#27;[32m&amp#27;[1m"passwordmaylan"&amp#27;[0m&amp#27;[32m password&amp#27;[0m         &amp#27;[90m# starter.steps.LoginStep.iInputPassword(java.lang.String)&amp#27;[0m
19:55:01.552 [Forwarding screenshot on session 6ef431d00bc598df208039eb4bc33326 to remote] DEBUG org.asynchttpclient.netty.request.NettyRequestSender - Using pooled Channel '[id: 0xc90bd7b3, L:/127.0.0.1:49235 - R:localhost/127.0.0.1:53248]' for 'GET' to 'http://localhost:53248/session/6ef431d00bc598df208039eb4bc33326/screenshot'
19:55:01.552 [Forwarding screenshot on session 6ef431d00bc598df208039eb4bc33326 to remote] DEBUG org.asynchttpclient.netty.request.NettyRequestSender - Using open Channel [id: 0xc90bd7b3, L:/127.0.0.1:49235 - R:localhost/127.0.0.1:53248] for GET '/session/6ef431d00bc598df208039eb4bc33326/screenshot'
19:55:01.803 [AsyncHttpClient-1-9] DEBUG org.asynchttpclient.netty.handler.HttpHandler - 

Request DefaultFullHttpRequest(decodeResult: success, version: HTTP/1.1, content: EmptyByteBufBE)
GET /session/6ef431d00bc598df208039eb4bc33326/screenshot HTTP/1.1
User-Agent: selenium/4.1.2 (java windows)
Cache-Control: no-cache
Content-Type: application/json; charset=utf-8
host: localhost:53248
accept: */*

Response DefaultHttpResponse(decodeResult: success, version: HTTP/1.1)
HTTP/1.1 200 OK
Content-Type: application/json; charset=utf-8
cache-control: no-cache
content-length: 53468

19:55:01.804 [AsyncHttpClient-1-9] DEBUG org.asynchttpclient.netty.channel.ChannelManager - Adding key: http://localhost:53248 for channel [id: 0xc90bd7b3, L:/127.0.0.1:49235 - R:localhost/127.0.0.1:53248]
19:55:01.805 [main] DEBUG net.serenitybdd.core.photography.Darkroom - Send negative for processing for target\site\serenity\6e58cdba26216a4a22a420c3b5e890d9fae8987357a4d97bab778ed6b4f953b6.png
19:55:01.805 [Darkroom Processing Line] DEBUG net.serenitybdd.core.photography.DarkroomProcessingLine - Processing screenshot image in /var/screenshots/screenshot-11257427170670375871
19:55:01.805 [Darkroom Processing Line] DEBUG net.serenitybdd.core.photography.DarkroomProcessingLine - Saving screenshot to target\site\serenity\6e58cdba26216a4a22a420c3b5e890d9fae8987357a4d97bab778ed6b4f953b6.png
19:55:01.812 [Forwarding findElement on session 6ef431d00bc598df208039eb4bc33326 to remote] DEBUG org.asynchttpclient.netty.request.NettyRequestSender - Using pooled Channel '[id: 0xc90bd7b3, L:/127.0.0.1:49235 - R:localhost/127.0.0.1:53248]' for 'POST' to 'http://localhost:53248/session/6ef431d00bc598df208039eb4bc33326/element'
19:55:01.812 [Forwarding findElement on session 6ef431d00bc598df208039eb4bc33326 to remote] DEBUG org.asynchttpclient.netty.request.NettyRequestSender - Using open Channel [id: 0xc90bd7b3, L:/127.0.0.1:49235 - R:localhost/127.0.0.1:53248] for POST '/session/6ef431d00bc598df208039eb4bc33326/element'
19:55:01.821 [AsyncHttpClient-1-9] DEBUG org.asynchttpclient.netty.handler.HttpHandler - 

Request DefaultHttpRequest(decodeResult: success, version: HTTP/1.1)
POST /session/6ef431d00bc598df208039eb4bc33326/element HTTP/1.1
User-Agent: selenium/4.1.2 (java windows)
Content-Length: 141
Content-Type: application/json; charset=utf-8
host: localhost:53248
accept: */*

Response DefaultHttpResponse(decodeResult: success, version: HTTP/1.1)
HTTP/1.1 200 OK
Content-Type: application/json; charset=utf-8
cache-control: no-cache
content-length: 88

19:55:01.821 [AsyncHttpClient-1-9] DEBUG org.asynchttpclient.netty.channel.ChannelManager - Adding key: http://localhost:53248 for channel [id: 0xc90bd7b3, L:/127.0.0.1:49235 - R:localhost/127.0.0.1:53248]
19:55:01.822 [Forwarding getElementTagName on session 6ef431d00bc598df208039eb4bc33326 to remote] DEBUG org.asynchttpclient.netty.request.NettyRequestSender - Using pooled Channel '[id: 0xc90bd7b3, L:/127.0.0.1:49235 - R:localhost/127.0.0.1:53248]' for 'GET' to 'http://localhost:53248/session/6ef431d00bc598df208039eb4bc33326/element/db4331ca-b77c-442a-b60e-31efad29c81b/name'
19:55:01.822 [Forwarding getElementTagName on session 6ef431d00bc598df208039eb4bc33326 to remote] DEBUG org.asynchttpclient.netty.request.NettyRequestSender - Using open Channel [id: 0xc90bd7b3, L:/127.0.0.1:49235 - R:localhost/127.0.0.1:53248] for GET '/session/6ef431d00bc598df208039eb4bc33326/element/db4331ca-b77c-442a-b60e-31efad29c81b/name'
19:55:01.828 [AsyncHttpClient-1-9] DEBUG org.asynchttpclient.netty.handler.HttpHandler - 

Request DefaultFullHttpRequest(decodeResult: success, version: HTTP/1.1, content: EmptyByteBufBE)
GET /session/6ef431d00bc598df208039eb4bc33326/element/db4331ca-b77c-442a-b60e-31efad29c81b/name HTTP/1.1
User-Agent: selenium/4.1.2 (java windows)
Cache-Control: no-cache
Content-Type: application/json; charset=utf-8
host: localhost:53248
accept: */*

Response DefaultHttpResponse(decodeResult: success, version: HTTP/1.1)
HTTP/1.1 200 OK
Content-Type: application/json; charset=utf-8
cache-control: no-cache
content-length: 18

19:55:01.829 [AsyncHttpClient-1-9] DEBUG org.asynchttpclient.netty.channel.ChannelManager - Adding key: http://localhost:53248 for channel [id: 0xc90bd7b3, L:/127.0.0.1:49235 - R:localhost/127.0.0.1:53248]
19:55:01.831 [Forwarding getElementTagName on session 6ef431d00bc598df208039eb4bc33326 to remote] DEBUG org.asynchttpclient.netty.request.NettyRequestSender - Using pooled Channel '[id: 0xc90bd7b3, L:/127.0.0.1:49235 - R:localhost/127.0.0.1:53248]' for 'GET' to 'http://localhost:53248/session/6ef431d00bc598df208039eb4bc33326/element/db4331ca-b77c-442a-b60e-31efad29c81b/name'
19:55:01.831 [Forwarding getElementTagName on session 6ef431d00bc598df208039eb4bc33326 to remote] DEBUG org.asynchttpclient.netty.request.NettyRequestSender - Using open Channel [id: 0xc90bd7b3, L:/127.0.0.1:49235 - R:localhost/127.0.0.1:53248] for GET '/session/6ef431d00bc598df208039eb4bc33326/element/db4331ca-b77c-442a-b60e-31efad29c81b/name'
19:55:01.835 [AsyncHttpClient-1-9] DEBUG org.asynchttpclient.netty.handler.HttpHandler - 

Request DefaultFullHttpRequest(decodeResult: success, version: HTTP/1.1, content: EmptyByteBufBE)
GET /session/6ef431d00bc598df208039eb4bc33326/element/db4331ca-b77c-442a-b60e-31efad29c81b/name HTTP/1.1
User-Agent: selenium/4.1.2 (java windows)
Cache-Control: no-cache
Content-Type: application/json; charset=utf-8
host: localhost:53248
accept: */*

Response DefaultHttpResponse(decodeResult: success, version: HTTP/1.1)
HTTP/1.1 200 OK
Content-Type: application/json; charset=utf-8
cache-control: no-cache
content-length: 18

19:55:01.835 [AsyncHttpClient-1-9] DEBUG org.asynchttpclient.netty.channel.ChannelManager - Adding key: http://localhost:53248 for channel [id: 0xc90bd7b3, L:/127.0.0.1:49235 - R:localhost/127.0.0.1:53248]
19:55:01.836 [Forwarding isElementEnabled on session 6ef431d00bc598df208039eb4bc33326 to remote] DEBUG org.asynchttpclient.netty.request.NettyRequestSender - Using pooled Channel '[id: 0xc90bd7b3, L:/127.0.0.1:49235 - R:localhost/127.0.0.1:53248]' for 'GET' to 'http://localhost:53248/session/6ef431d00bc598df208039eb4bc33326/element/db4331ca-b77c-442a-b60e-31efad29c81b/enabled'
19:55:01.836 [Forwarding isElementEnabled on session 6ef431d00bc598df208039eb4bc33326 to remote] DEBUG org.asynchttpclient.netty.request.NettyRequestSender - Using open Channel [id: 0xc90bd7b3, L:/127.0.0.1:49235 - R:localhost/127.0.0.1:53248] for GET '/session/6ef431d00bc598df208039eb4bc33326/element/db4331ca-b77c-442a-b60e-31efad29c81b/enabled'
19:55:01.845 [AsyncHttpClient-1-9] DEBUG org.asynchttpclient.netty.handler.HttpHandler - 

Request DefaultFullHttpRequest(decodeResult: success, version: HTTP/1.1, content: EmptyByteBufBE)
GET /session/6ef431d00bc598df208039eb4bc33326/element/db4331ca-b77c-442a-b60e-31efad29c81b/enabled HTTP/1.1
User-Agent: selenium/4.1.2 (java windows)
Cache-Control: no-cache
Content-Type: application/json; charset=utf-8
host: localhost:53248
accept: */*

Response DefaultHttpResponse(decodeResult: success, version: HTTP/1.1)
HTTP/1.1 200 OK
Content-Type: application/json; charset=utf-8
cache-control: no-cache
content-length: 14

19:55:01.845 [AsyncHttpClient-1-9] DEBUG org.asynchttpclient.netty.channel.ChannelManager - Adding key: http://localhost:53248 for channel [id: 0xc90bd7b3, L:/127.0.0.1:49235 - R:localhost/127.0.0.1:53248]
19:55:01.846 [Forwarding isElementEnabled on session 6ef431d00bc598df208039eb4bc33326 to remote] DEBUG org.asynchttpclient.netty.request.NettyRequestSender - Using pooled Channel '[id: 0xc90bd7b3, L:/127.0.0.1:49235 - R:localhost/127.0.0.1:53248]' for 'GET' to 'http://localhost:53248/session/6ef431d00bc598df208039eb4bc33326/element/db4331ca-b77c-442a-b60e-31efad29c81b/enabled'
19:55:01.846 [Forwarding isElementEnabled on session 6ef431d00bc598df208039eb4bc33326 to remote] DEBUG org.asynchttpclient.netty.request.NettyRequestSender - Using open Channel [id: 0xc90bd7b3, L:/127.0.0.1:49235 - R:localhost/127.0.0.1:53248] for GET '/session/6ef431d00bc598df208039eb4bc33326/element/db4331ca-b77c-442a-b60e-31efad29c81b/enabled'
19:55:01.850 [AsyncHttpClient-1-9] DEBUG org.asynchttpclient.netty.handler.HttpHandler - 

Request DefaultFullHttpRequest(decodeResult: success, version: HTTP/1.1, content: EmptyByteBufBE)
GET /session/6ef431d00bc598df208039eb4bc33326/element/db4331ca-b77c-442a-b60e-31efad29c81b/enabled HTTP/1.1
User-Agent: selenium/4.1.2 (java windows)
Cache-Control: no-cache
Content-Type: application/json; charset=utf-8
host: localhost:53248
accept: */*

Response DefaultHttpResponse(decodeResult: success, version: HTTP/1.1)
HTTP/1.1 200 OK
Content-Type: application/json; charset=utf-8
cache-control: no-cache
content-length: 14

19:55:01.850 [AsyncHttpClient-1-9] DEBUG org.asynchttpclient.netty.channel.ChannelManager - Adding key: http://localhost:53248 for channel [id: 0xc90bd7b3, L:/127.0.0.1:49235 - R:localhost/127.0.0.1:53248]
19:55:01.852 [Forwarding findElement on session 6ef431d00bc598df208039eb4bc33326 to remote] DEBUG org.asynchttpclient.netty.request.NettyRequestSender - Using pooled Channel '[id: 0xc90bd7b3, L:/127.0.0.1:49235 - R:localhost/127.0.0.1:53248]' for 'POST' to 'http://localhost:53248/session/6ef431d00bc598df208039eb4bc33326/element'
19:55:01.852 [Forwarding findElement on session 6ef431d00bc598df208039eb4bc33326 to remote] DEBUG org.asynchttpclient.netty.request.NettyRequestSender - Using open Channel [id: 0xc90bd7b3, L:/127.0.0.1:49235 - R:localhost/127.0.0.1:53248] for POST '/session/6ef431d00bc598df208039eb4bc33326/element'
19:55:01.861 [AsyncHttpClient-1-9] DEBUG org.asynchttpclient.netty.handler.HttpHandler - 

Request DefaultHttpRequest(decodeResult: success, version: HTTP/1.1)
POST /session/6ef431d00bc598df208039eb4bc33326/element HTTP/1.1
User-Agent: selenium/4.1.2 (java windows)
Content-Length: 141
Content-Type: application/json; charset=utf-8
host: localhost:53248
accept: */*

Response DefaultHttpResponse(decodeResult: success, version: HTTP/1.1)
HTTP/1.1 200 OK
Content-Type: application/json; charset=utf-8
cache-control: no-cache
content-length: 88

19:55:01.861 [AsyncHttpClient-1-9] DEBUG org.asynchttpclient.netty.channel.ChannelManager - Adding key: http://localhost:53248 for channel [id: 0xc90bd7b3, L:/127.0.0.1:49235 - R:localhost/127.0.0.1:53248]
19:55:01.862 [Forwarding clickElement on session 6ef431d00bc598df208039eb4bc33326 to remote] DEBUG org.asynchttpclient.netty.request.NettyRequestSender - Using pooled Channel '[id: 0xc90bd7b3, L:/127.0.0.1:49235 - R:localhost/127.0.0.1:53248]' for 'POST' to 'http://localhost:53248/session/6ef431d00bc598df208039eb4bc33326/element/db4331ca-b77c-442a-b60e-31efad29c81b/click'
19:55:01.862 [Forwarding clickElement on session 6ef431d00bc598df208039eb4bc33326 to remote] DEBUG org.asynchttpclient.netty.request.NettyRequestSender - Using open Channel [id: 0xc90bd7b3, L:/127.0.0.1:49235 - R:localhost/127.0.0.1:53248] for POST '/session/6ef431d00bc598df208039eb4bc33326/element/db4331ca-b77c-442a-b60e-31efad29c81b/click'
19:55:01.920 [AsyncHttpClient-1-9] DEBUG org.asynchttpclient.netty.handler.HttpHandler - 

Request DefaultHttpRequest(decodeResult: success, version: HTTP/1.1)
POST /session/6ef431d00bc598df208039eb4bc33326/element/db4331ca-b77c-442a-b60e-31efad29c81b/click HTTP/1.1
User-Agent: selenium/4.1.2 (java windows)
Content-Length: 50
Content-Type: application/json; charset=utf-8
host: localhost:53248
accept: */*

Response DefaultHttpResponse(decodeResult: success, version: HTTP/1.1)
HTTP/1.1 200 OK
Content-Type: application/json; charset=utf-8
cache-control: no-cache
content-length: 14

19:55:01.920 [AsyncHttpClient-1-9] DEBUG org.asynchttpclient.netty.channel.ChannelManager - Adding key: http://localhost:53248 for channel [id: 0xc90bd7b3, L:/127.0.0.1:49235 - R:localhost/127.0.0.1:53248]
  &amp#27;[32mAnd &amp#27;[0m&amp#27;[32mI click login button&amp#27;[0m                      &amp#27;[90m# starter.steps.LoginStep.iClickLoginButton()&amp#27;[0m
19:55:01.926 [Forwarding screenshot on session 6ef431d00bc598df208039eb4bc33326 to remote] DEBUG org.asynchttpclient.netty.request.NettyRequestSender - Using pooled Channel '[id: 0xc90bd7b3, L:/127.0.0.1:49235 - R:localhost/127.0.0.1:53248]' for 'GET' to 'http://localhost:53248/session/6ef431d00bc598df208039eb4bc33326/screenshot'
19:55:01.926 [Forwarding screenshot on session 6ef431d00bc598df208039eb4bc33326 to remote] DEBUG org.asynchttpclient.netty.request.NettyRequestSender - Using open Channel [id: 0xc90bd7b3, L:/127.0.0.1:49235 - R:localhost/127.0.0.1:53248] for GET '/session/6ef431d00bc598df208039eb4bc33326/screenshot'
19:55:02.005 [AsyncHttpClient-1-1] DEBUG org.asynchttpclient.netty.channel.DefaultChannelPool - Entry count for : http://localhost:49236 : 1
19:55:02.147 [AsyncHttpClient-1-9] DEBUG org.asynchttpclient.netty.handler.HttpHandler - 

Request DefaultFullHttpRequest(decodeResult: success, version: HTTP/1.1, content: EmptyByteBufBE)
GET /session/6ef431d00bc598df208039eb4bc33326/screenshot HTTP/1.1
User-Agent: selenium/4.1.2 (java windows)
Cache-Control: no-cache
Content-Type: application/json; charset=utf-8
host: localhost:53248
accept: */*

Response DefaultHttpResponse(decodeResult: success, version: HTTP/1.1)
HTTP/1.1 200 OK
Content-Type: application/json; charset=utf-8
cache-control: no-cache
content-length: 52332

19:55:02.147 [AsyncHttpClient-1-9] DEBUG org.asynchttpclient.netty.channel.ChannelManager - Adding key: http://localhost:53248 for channel [id: 0xc90bd7b3, L:/127.0.0.1:49235 - R:localhost/127.0.0.1:53248]
19:55:02.151 [main] DEBUG net.serenitybdd.core.photography.Darkroom - Send negative for processing for target\site\serenity\b1e6aca7f1915481722ffff0ad72bd7fcff13fe72757dd16686bce656444c7e3.png
19:55:02.152 [Darkroom Processing Line] DEBUG net.serenitybdd.core.photography.DarkroomProcessingLine - Processing screenshot image in /var/screenshots/screenshot-9574911590900083690
19:55:02.152 [Darkroom Processing Line] DEBUG net.serenitybdd.core.photography.DarkroomProcessingLine - Saving screenshot to target\site\serenity\b1e6aca7f1915481722ffff0ad72bd7fcff13fe72757dd16686bce656444c7e3.png
19:55:02.156 [Forwarding findElement on session 6ef431d00bc598df208039eb4bc33326 to remote] DEBUG org.asynchttpclient.netty.request.NettyRequestSender - Using pooled Channel '[id: 0xc90bd7b3, L:/127.0.0.1:49235 - R:localhost/127.0.0.1:53248]' for 'POST' to 'http://localhost:53248/session/6ef431d00bc598df208039eb4bc33326/element'
19:55:02.156 [Forwarding findElement on session 6ef431d00bc598df208039eb4bc33326 to remote] DEBUG org.asynchttpclient.netty.request.NettyRequestSender - Using open Channel [id: 0xc90bd7b3, L:/127.0.0.1:49235 - R:localhost/127.0.0.1:53248] for POST '/session/6ef431d00bc598df208039eb4bc33326/element'
19:55:03.098 [AsyncHttpClient-1-1] DEBUG org.asynchttpclient.netty.channel.DefaultChannelPool - Entry count for : http://localhost:49236 : 1
19:55:03.105 [AsyncHttpClient-1-9] DEBUG org.asynchttpclient.netty.handler.HttpHandler - 

Request DefaultHttpRequest(decodeResult: success, version: HTTP/1.1)
POST /session/6ef431d00bc598df208039eb4bc33326/element HTTP/1.1
User-Agent: selenium/4.1.2 (java windows)
Content-Length: 79
Content-Type: application/json; charset=utf-8
host: localhost:53248
accept: */*

Response DefaultHttpResponse(decodeResult: success, version: HTTP/1.1)
HTTP/1.1 200 OK
Content-Type: application/json; charset=utf-8
cache-control: no-cache
content-length: 88

19:55:03.105 [AsyncHttpClient-1-9] DEBUG org.asynchttpclient.netty.channel.ChannelManager - Adding key: http://localhost:53248 for channel [id: 0xc90bd7b3, L:/127.0.0.1:49235 - R:localhost/127.0.0.1:53248]
19:55:03.111 [Forwarding isElementDisplayed on session 6ef431d00bc598df208039eb4bc33326 to remote] DEBUG org.asynchttpclient.netty.request.NettyRequestSender - Using pooled Channel '[id: 0xc90bd7b3, L:/127.0.0.1:49235 - R:localhost/127.0.0.1:53248]' for 'POST' to 'http://localhost:53248/session/6ef431d00bc598df208039eb4bc33326/execute/sync'
19:55:03.112 [Forwarding isElementDisplayed on session 6ef431d00bc598df208039eb4bc33326 to remote] DEBUG org.asynchttpclient.netty.request.NettyRequestSender - Using open Channel [id: 0xc90bd7b3, L:/127.0.0.1:49235 - R:localhost/127.0.0.1:53248] for POST '/session/6ef431d00bc598df208039eb4bc33326/execute/sync'
19:55:03.132 [AsyncHttpClient-1-9] DEBUG org.asynchttpclient.netty.handler.HttpHandler - 

Request DefaultHttpRequest(decodeResult: success, version: HTTP/1.1)
POST /session/6ef431d00bc598df208039eb4bc33326/execute/sync HTTP/1.1
User-Agent: selenium/4.1.2 (java windows)
Content-Length: 48780
Content-Type: application/json; charset=utf-8
host: localhost:53248
accept: */*

Response DefaultHttpResponse(decodeResult: success, version: HTTP/1.1)
HTTP/1.1 200 OK
Content-Type: application/json; charset=utf-8
cache-control: no-cache
content-length: 14

19:55:03.132 [AsyncHttpClient-1-9] DEBUG org.asynchttpclient.netty.channel.ChannelManager - Adding key: http://localhost:53248 for channel [id: 0xc90bd7b3, L:/127.0.0.1:49235 - R:localhost/127.0.0.1:53248]
  &amp#27;[32mThen &amp#27;[0m&amp#27;[32mi get &amp#27;[0m&amp#27;[32m&amp#27;[1m"error message"&amp#27;[0m&amp#27;[32m result&amp#27;[0m             &amp#27;[90m# starter.steps.LoginStep.iGetResult(java.lang.String)&amp#27;[0m
19:55:03.135 [Forwarding screenshot on session 6ef431d00bc598df208039eb4bc33326 to remote] DEBUG org.asynchttpclient.netty.request.NettyRequestSender - Using pooled Channel '[id: 0xc90bd7b3, L:/127.0.0.1:49235 - R:localhost/127.0.0.1:53248]' for 'GET' to 'http://localhost:53248/session/6ef431d00bc598df208039eb4bc33326/screenshot'
19:55:03.135 [Forwarding screenshot on session 6ef431d00bc598df208039eb4bc33326 to remote] DEBUG org.asynchttpclient.netty.request.NettyRequestSender - Using open Channel [id: 0xc90bd7b3, L:/127.0.0.1:49235 - R:localhost/127.0.0.1:53248] for GET '/session/6ef431d00bc598df208039eb4bc33326/screenshot'
19:55:03.323 [AsyncHttpClient-1-9] DEBUG org.asynchttpclient.netty.handler.HttpHandler - 

Request DefaultFullHttpRequest(decodeResult: success, version: HTTP/1.1, content: EmptyByteBufBE)
GET /session/6ef431d00bc598df208039eb4bc33326/screenshot HTTP/1.1
User-Agent: selenium/4.1.2 (java windows)
Cache-Control: no-cache
Content-Type: application/json; charset=utf-8
host: localhost:53248
accept: */*

Response DefaultHttpResponse(decodeResult: success, version: HTTP/1.1)
HTTP/1.1 200 OK
Content-Type: application/json; charset=utf-8
cache-control: no-cache
content-length: 60708

19:55:03.323 [AsyncHttpClient-1-9] DEBUG org.asynchttpclient.netty.channel.ChannelManager - Adding key: http://localhost:53248 for channel [id: 0xc90bd7b3, L:/127.0.0.1:49235 - R:localhost/127.0.0.1:53248]
19:55:03.328 [main] DEBUG net.serenitybdd.core.photography.Darkroom - Send negative for processing for target\site\serenity\355d535e9422126283b6f28952ba321f8a30ac3be66c9bbc3e3f7993b085099c.png
19:55:03.328 [Darkroom Processing Line] DEBUG net.serenitybdd.core.photography.DarkroomProcessingLine - Processing screenshot image in /var/screenshots/screenshot-5925108391172973212
19:55:03.328 [Darkroom Processing Line] DEBUG net.serenitybdd.core.photography.DarkroomProcessingLine - Saving screenshot to target\site\serenity\355d535e9422126283b6f28952ba321f8a30ac3be66c9bbc3e3f7993b085099c.png
19:55:03.333 [AsyncHttpClient-1-3] DEBUG org.asynchttpclient.netty.handler.WebSocketHandler - Channel Closed: [id: 0xbfe7e8b0, L:/127.0.0.1:49243 ! R:localhost/127.0.0.1:49236] with attribute NettyResponseFuture{currentRetry=5,
	isDone=1,
	isCancelled=0,
	asyncHandler=org.asynchttpclient.ws.WebSocketUpgradeHandler@4060602f,
	nettyRequest=org.asynchttpclient.netty.request.NettyRequest@255d5e15,
	future=java.util.concurrent.CompletableFuture@1a491d09[Completed normally],
	uri=ws://localhost:49236/devtools/browser/545d13eb-e42c-4458-abbd-5531cf515309,
	keepAlive=true,
	redirectCount=0,
	timeoutsHolder=null,
	inAuth=0,
	touch=1667220858227}
19:55:03.333 [AsyncHttpClient-1-3] DEBUG org.asynchttpclient.netty.channel.ChannelManager - Closing Channel [id: 0xbfe7e8b0, L:/127.0.0.1:49243 ! R:localhost/127.0.0.1:49236] 
19:55:03.335 [Driver Command Executor] DEBUG org.asynchttpclient.netty.request.NettyRequestSender - Using pooled Channel '[id: 0xc90bd7b3, L:/127.0.0.1:49235 - R:localhost/127.0.0.1:53248]' for 'DELETE' to 'http://localhost:53248/session/6ef431d00bc598df208039eb4bc33326'
19:55:03.335 [Driver Command Executor] DEBUG org.asynchttpclient.netty.request.NettyRequestSender - Using open Channel [id: 0xc90bd7b3, L:/127.0.0.1:49235 - R:localhost/127.0.0.1:53248] for DELETE '/session/6ef431d00bc598df208039eb4bc33326'
19:55:03.504 [AsyncHttpClient-1-2] DEBUG org.asynchttpclient.netty.handler.HttpHandler - Unexpected I/O exception on channel [id: 0x74dc5d9a, L:/127.0.0.1:49242 - R:localhost/127.0.0.1:49236]
java.io.IOException: An existing connection was forcibly closed by the remote host
	at java.base/sun.nio.ch.SocketDispatcher.read0(Native Method)
	at java.base/sun.nio.ch.SocketDispatcher.read(SocketDispatcher.java:43)
	at java.base/sun.nio.ch.IOUtil.readIntoNativeBuffer(IOUtil.java:276)
	at java.base/sun.nio.ch.IOUtil.read(IOUtil.java:233)
	at java.base/sun.nio.ch.IOUtil.read(IOUtil.java:223)
	at java.base/sun.nio.ch.SocketChannelImpl.read(SocketChannelImpl.java:358)
	at io.netty.buffer.PooledByteBuf.setBytes(PooledByteBuf.java:258)
	at io.netty.buffer.AbstractByteBuf.writeBytes(AbstractByteBuf.java:1132)
	at io.netty.channel.socket.nio.NioSocketChannel.doReadBytes(NioSocketChannel.java:350)
	at io.netty.channel.nio.AbstractNioByteChannel$NioByteUnsafe.read(AbstractNioByteChannel.java:151)
	at io.netty.channel.nio.NioEventLoop.processSelectedKey(NioEventLoop.java:722)
	at io.netty.channel.nio.NioEventLoop.processSelectedKeysOptimized(NioEventLoop.java:658)
	at io.netty.channel.nio.NioEventLoop.processSelectedKeys(NioEventLoop.java:584)
	at io.netty.channel.nio.NioEventLoop.run(NioEventLoop.java:496)
	at io.netty.util.concurrent.SingleThreadEventExecutor$4.run(SingleThreadEventExecutor.java:986)
	at io.netty.util.internal.ThreadExecutorMap$2.run(ThreadExecutorMap.java:74)
	at io.netty.util.concurrent.FastThreadLocalRunnable.run(FastThreadLocalRunnable.java:30)
	at java.base/java.lang.Thread.run(Thread.java:834)
19:55:03.504 [AsyncHttpClient-1-2] DEBUG org.asynchttpclient.netty.channel.ChannelManager - Closing Channel [id: 0x74dc5d9a, L:/127.0.0.1:49242 - R:localhost/127.0.0.1:49236] 
19:55:03.504 [AsyncHttpClient-1-2] DEBUG org.asynchttpclient.netty.handler.HttpHandler - Channel Closed: [id: 0x74dc5d9a, L:/127.0.0.1:49242 ! R:localhost/127.0.0.1:49236] with attribute DISCARD
19:55:03.614 [AsyncHttpClient-1-9] DEBUG org.asynchttpclient.netty.handler.HttpHandler - 

Request DefaultFullHttpRequest(decodeResult: success, version: HTTP/1.1, content: EmptyByteBufBE)
DELETE /session/6ef431d00bc598df208039eb4bc33326 HTTP/1.1
User-Agent: selenium/4.1.2 (java windows)
Content-Type: application/json; charset=utf-8
host: localhost:53248
accept: */*

Response DefaultHttpResponse(decodeResult: success, version: HTTP/1.1)
HTTP/1.1 200 OK
Content-Type: application/json; charset=utf-8
cache-control: no-cache
content-length: 14

19:55:03.614 [AsyncHttpClient-1-9] DEBUG org.asynchttpclient.netty.channel.ChannelManager - Adding key: http://localhost:53248 for channel [id: 0xc90bd7b3, L:/127.0.0.1:49235 - R:localhost/127.0.0.1:53248]
19:55:03.734 [AsyncHttpClient-1-9] DEBUG org.asynchttpclient.netty.handler.HttpHandler - Channel Closed: [id: 0xc90bd7b3, L:/127.0.0.1:49235 ! R:localhost/127.0.0.1:53248] with attribute DISCARD
19:55:03.819 [main] INFO  - 
  _____   ___   ___   _____     ___     _     ___   ___   ___   ___  
 |_   _| | __| / __| |_   _|   | _ \   /_\   / __| / __| | __| |   \ 
   | |   | _|  \__ \   | |     |  _/  / _ \  \__ \ \__ \ | _|  | |) |
   |_|   |___| |___/   |_|     |_|   /_/ \_\ |___/ |___/ |___| |___/ 

login with email and password
----------------------------------------------------------------------
]]></system-out>
    <system-err><![CDATA[Starting ChromeDriver 106.0.5249.61 (511755355844955cd3e264779baf0dd38212a4d0-refs/branch-heads/5249@{#569}) on port 53248
Only local connections are allowed.
Please see https://chromedriver.chromium.org/security-considerations for suggestions on keeping ChromeDriver safe.
ChromeDriver was started successfully.
Oct 31, 2022 7:54:18 PM org.openqa.selenium.remote.ProtocolHandshake createSession
INFO: Detected dialect: W3C
Oct 31, 2022 7:54:18 PM org.openqa.selenium.devtools.CdpVersionFinder findNearestMatch
WARNING: Unable to find an exact match for CDP version 106, so returning the closest version found: a no-op implementation
Oct 31, 2022 7:54:18 PM org.openqa.selenium.devtools.CdpVersionFinder findNearestMatch
INFO: Unable to find CDP implementation matching 106.
Oct 31, 2022 7:54:18 PM org.openqa.selenium.chromium.ChromiumDriver lambda$new$3
WARNING: Unable to find version of CDP to use for . You may need to include a dependency on a specific version of the CDP using something similar to `org.seleniumhq.selenium:selenium-devtools-v86:4.1.2` where the version ("v86") matches the version of the chromium-based browser you're using and the version number of the artifact is the same as Selenium's.
]]></system-err>
  </testcase>
  <testcase name="login with email and password #3" classname="Login" time="349.13">
    <system-out><![CDATA[
@Login
Scenario Outline: login with email and password &amp#27;[90m# src/test/resources/features/login/login.feature:18&amp#27;[0m
19:55:03.834 [main] INFO io.cucumber.core.plugin.SerenityReporter - Running feature from file:///D:/TIC/Kampus%20Merdeka/MSIB/Studi%20Independen/Alterra/MiniProject/MiniProjWeb/src/test/resources/features/login/login.feature
19:55:03.849 [main] INFO net.serenitybdd.core.webdriver.driverproviders.ChromeDriverProvider - Using automatically driver download
19:55:04.090 [main] DEBUG io.github.bonigarcia.wdm.cache.ResolutionCache - Resolution chrome=106 in cache (valid until 20:51:33 31/10/2022 ICT)
19:55:04.094 [main] DEBUG io.github.bonigarcia.wdm.cache.ResolutionCache - Resolution chrome106=106.0.5249.61 in cache (valid until 17:34:34 01/11/2022 ICT)
19:55:04.100 [main] INFO io.github.bonigarcia.wdm.WebDriverManager - Using chromedriver 106.0.5249.61 (resolved driver for Chrome 106)
19:55:04.127 [main] DEBUG io.github.bonigarcia.wdm.WebDriverManager - Driver chromedriver 106.0.5249.61 found in cache
19:55:04.128 [main] INFO io.github.bonigarcia.wdm.WebDriverManager - Exporting webdriver.chrome.driver as C:\Users\user\.cache\selenium\chromedriver\win32\106.0.5249.61\chromedriver.exe
19:55:04.205 [AsyncHttpClient-1-1] DEBUG org.asynchttpclient.netty.channel.DefaultChannelPool - Entry count for : http://localhost:49236 : 1
19:55:04.205 [AsyncHttpClient-1-1] DEBUG org.asynchttpclient.netty.channel.DefaultChannelPool - Entry count for : http://localhost:53248 : 1
19:55:04.205 [AsyncHttpClient-1-1] DEBUG org.asynchttpclient.netty.channel.DefaultChannelPool - Adding Candidate expired Channel [id: 0x74dc5d9a, L:/127.0.0.1:49242 ! R:localhost/127.0.0.1:49236] isIdleTimeoutExpired=false isRemotelyClosed=true isTtlExpired=false
19:55:04.205 [AsyncHttpClient-1-1] DEBUG org.asynchttpclient.netty.channel.DefaultChannelPool - Closing Idle Channel [id: 0x74dc5d9a, L:/127.0.0.1:49242 ! R:localhost/127.0.0.1:49236]
19:55:04.205 [AsyncHttpClient-1-1] DEBUG org.asynchttpclient.netty.channel.DefaultChannelPool - Adding Candidate expired Channel [id: 0xc90bd7b3, L:/127.0.0.1:49235 ! R:localhost/127.0.0.1:53248] isIdleTimeoutExpired=false isRemotelyClosed=true isTtlExpired=false
19:55:04.205 [AsyncHttpClient-1-1] DEBUG org.asynchttpclient.netty.channel.DefaultChannelPool - Closing Idle Channel [id: 0xc90bd7b3, L:/127.0.0.1:49235 ! R:localhost/127.0.0.1:53248]
19:55:04.205 [AsyncHttpClient-1-1] DEBUG org.asynchttpclient.netty.channel.DefaultChannelPool - Closed 2 connections out of 2 in 0 ms
19:55:04.272 [main] DEBUG net.serenitybdd.core.webdriver.driverproviders.ProvideNewDriver - Instantiating driver
19:55:04.272 [main] DEBUG net.serenitybdd.core.webdriver.driverproviders.ProvideNewDriver - Driver capabilities: Capabilities {acceptInsecureCerts: false, base.url: https://alta-shop.vercel.app, browserName: chrome, chrome.driver: src/test/resources/webdrive..., driver: chrome, goog:chromeOptions: {args: [], extensions: []}, wait.for.timeout: 500}
19:55:04.476 [AsyncHttpClient-1-4] DEBUG org.asynchttpclient.netty.channel.NettyConnectListener - Using new Channel '[id: 0xbbcdfdf3, L:/127.0.0.1:49313 - R:localhost/127.0.0.1:56607]' for 'POST' to '/session'
19:55:05.405 [AsyncHttpClient-1-4] DEBUG org.asynchttpclient.netty.handler.HttpHandler - 

Request DefaultHttpRequest(decodeResult: success, version: HTTP/1.1)
POST /session HTTP/1.1
User-Agent: selenium/4.1.2 (java windows)
Content-Length: 638
Content-Type: application/json; charset=utf-8
host: localhost:56607
accept: */*

Response DefaultHttpResponse(decodeResult: success, version: HTTP/1.1)
HTTP/1.1 200 OK
Content-Type: application/json; charset=utf-8
cache-control: no-cache
content-length: 789

19:55:05.405 [AsyncHttpClient-1-4] DEBUG org.asynchttpclient.netty.channel.ChannelManager - Adding key: http://localhost:56607 for channel [id: 0xbbcdfdf3, L:/127.0.0.1:49313 - R:localhost/127.0.0.1:56607]
19:55:05.413 [AsyncHttpClient-1-5] DEBUG org.asynchttpclient.netty.channel.NettyConnectListener - Using new Channel '[id: 0xdc89a471, L:/127.0.0.1:49322 - R:localhost/127.0.0.1:49315]' for 'GET' to '/json/version'
19:55:05.416 [AsyncHttpClient-1-5] DEBUG org.asynchttpclient.netty.handler.HttpHandler - 

Request DefaultFullHttpRequest(decodeResult: success, version: HTTP/1.1, content: EmptyByteBufBE)
GET /json/version HTTP/1.1
User-Agent: selenium/4.1.2 (java windows)
host: localhost:49315
accept: */*

Response DefaultHttpResponse(decodeResult: success, version: HTTP/1.1)
HTTP/1.1 200 OK
Content-Type: application/json; charset=UTF-8
content-length: 424

19:55:05.416 [AsyncHttpClient-1-5] DEBUG org.asynchttpclient.netty.channel.ChannelManager - Adding key: http://localhost:49315 for channel [id: 0xdc89a471, L:/127.0.0.1:49322 - R:localhost/127.0.0.1:49315]
19:55:05.418 [AsyncHttpClient-1-6] DEBUG org.asynchttpclient.netty.channel.NettyConnectListener - Using new Channel '[id: 0xa4913f81, L:/127.0.0.1:49323 - R:localhost/127.0.0.1:49315]' for 'GET' to '/devtools/browser/dc9ff673-8be6-43e5-ac59-165964138e66'
19:55:05.420 [AsyncHttpClient-1-6] DEBUG org.asynchttpclient.netty.handler.WebSocketHandler - 

Request DefaultFullHttpRequest(decodeResult: success, version: HTTP/1.1, content: EmptyByteBufBE)
GET /devtools/browser/dc9ff673-8be6-43e5-ac59-165964138e66 HTTP/1.1
upgrade: websocket
connection: upgrade
sec-websocket-key: cV8qd77yzr62ETFxefZQKQ==
sec-websocket-version: 13
origin: http://localhost:49315
host: localhost:49315
accept: */*
user-agent: AHC/2.1

Response DefaultHttpResponse(decodeResult: success, version: HTTP/1.1)
HTTP/1.1 101 WebSocket Protocol Handshake
Upgrade: WebSocket
Connection: Upgrade
Sec-WebSocket-Accept: HtMlVFeU0mbrRyYq540ofmVDTtQ=

19:55:05.424 [Forwarding get on session 4f9335fd1d2c3bf8da17b44d7cc6a7af to remote] DEBUG org.asynchttpclient.netty.request.NettyRequestSender - Using pooled Channel '[id: 0xbbcdfdf3, L:/127.0.0.1:49313 - R:localhost/127.0.0.1:56607]' for 'POST' to 'http://localhost:56607/session/4f9335fd1d2c3bf8da17b44d7cc6a7af/url'
19:55:05.424 [Forwarding get on session 4f9335fd1d2c3bf8da17b44d7cc6a7af to remote] DEBUG org.asynchttpclient.netty.request.NettyRequestSender - Using open Channel [id: 0xbbcdfdf3, L:/127.0.0.1:49313 - R:localhost/127.0.0.1:56607] for POST '/session/4f9335fd1d2c3bf8da17b44d7cc6a7af/url'
19:55:06.407 [AsyncHttpClient-1-1] DEBUG org.asynchttpclient.netty.channel.DefaultChannelPool - Entry count for : http://localhost:49315 : 1
19:55:07.512 [AsyncHttpClient-1-1] DEBUG org.asynchttpclient.netty.channel.DefaultChannelPool - Entry count for : http://localhost:49315 : 1
19:55:08.603 [AsyncHttpClient-1-1] DEBUG org.asynchttpclient.netty.channel.DefaultChannelPool - Entry count for : http://localhost:49315 : 1
19:55:09.705 [AsyncHttpClient-1-1] DEBUG org.asynchttpclient.netty.channel.DefaultChannelPool - Entry count for : http://localhost:49315 : 1
19:55:10.805 [AsyncHttpClient-1-1] DEBUG org.asynchttpclient.netty.channel.DefaultChannelPool - Entry count for : http://localhost:49315 : 1
19:55:11.901 [AsyncHttpClient-1-1] DEBUG org.asynchttpclient.netty.channel.DefaultChannelPool - Entry count for : http://localhost:49315 : 1
19:55:13.005 [AsyncHttpClient-1-1] DEBUG org.asynchttpclient.netty.channel.DefaultChannelPool - Entry count for : http://localhost:49315 : 1
19:55:14.111 [AsyncHttpClient-1-1] DEBUG org.asynchttpclient.netty.channel.DefaultChannelPool - Entry count for : http://localhost:49315 : 1
19:55:15.205 [AsyncHttpClient-1-1] DEBUG org.asynchttpclient.netty.channel.DefaultChannelPool - Entry count for : http://localhost:49315 : 1
19:55:16.299 [AsyncHttpClient-1-1] DEBUG org.asynchttpclient.netty.channel.DefaultChannelPool - Entry count for : http://localhost:49315 : 1
19:55:17.404 [AsyncHttpClient-1-1] DEBUG org.asynchttpclient.netty.channel.DefaultChannelPool - Entry count for : http://localhost:49315 : 1
19:55:18.502 [AsyncHttpClient-1-1] DEBUG org.asynchttpclient.netty.channel.DefaultChannelPool - Entry count for : http://localhost:49315 : 1
19:55:19.610 [AsyncHttpClient-1-1] DEBUG org.asynchttpclient.netty.channel.DefaultChannelPool - Entry count for : http://localhost:49315 : 1
19:55:20.704 [AsyncHttpClient-1-1] DEBUG org.asynchttpclient.netty.channel.DefaultChannelPool - Entry count for : http://localhost:49315 : 1
19:55:21.810 [AsyncHttpClient-1-1] DEBUG org.asynchttpclient.netty.channel.DefaultChannelPool - Entry count for : http://localhost:49315 : 1
19:55:22.905 [AsyncHttpClient-1-1] DEBUG org.asynchttpclient.netty.channel.DefaultChannelPool - Entry count for : http://localhost:49315 : 1
19:55:24.005 [AsyncHttpClient-1-1] DEBUG org.asynchttpclient.netty.channel.DefaultChannelPool - Entry count for : http://localhost:49315 : 1
19:55:25.109 [AsyncHttpClient-1-1] DEBUG org.asynchttpclient.netty.channel.DefaultChannelPool - Entry count for : http://localhost:49315 : 1
19:55:26.201 [AsyncHttpClient-1-1] DEBUG org.asynchttpclient.netty.channel.DefaultChannelPool - Entry count for : http://localhost:49315 : 1
19:55:27.307 [AsyncHttpClient-1-1] DEBUG org.asynchttpclient.netty.channel.DefaultChannelPool - Entry count for : http://localhost:49315 : 1
19:55:28.411 [AsyncHttpClient-1-1] DEBUG org.asynchttpclient.netty.channel.DefaultChannelPool - Entry count for : http://localhost:49315 : 1
19:55:29.503 [AsyncHttpClient-1-1] DEBUG org.asynchttpclient.netty.channel.DefaultChannelPool - Entry count for : http://localhost:49315 : 1
19:55:30.607 [AsyncHttpClient-1-1] DEBUG org.asynchttpclient.netty.channel.DefaultChannelPool - Entry count for : http://localhost:49315 : 1
19:55:31.700 [AsyncHttpClient-1-1] DEBUG org.asynchttpclient.netty.channel.DefaultChannelPool - Entry count for : http://localhost:49315 : 1
19:55:32.809 [AsyncHttpClient-1-1] DEBUG org.asynchttpclient.netty.channel.DefaultChannelPool - Entry count for : http://localhost:49315 : 1
19:55:33.899 [AsyncHttpClient-1-1] DEBUG org.asynchttpclient.netty.channel.DefaultChannelPool - Entry count for : http://localhost:49315 : 1
19:55:34.999 [AsyncHttpClient-1-1] DEBUG org.asynchttpclient.netty.channel.DefaultChannelPool - Entry count for : http://localhost:49315 : 1
19:55:36.104 [AsyncHttpClient-1-1] DEBUG org.asynchttpclient.netty.channel.DefaultChannelPool - Entry count for : http://localhost:49315 : 1
19:55:37.200 [AsyncHttpClient-1-1] DEBUG org.asynchttpclient.netty.channel.DefaultChannelPool - Entry count for : http://localhost:49315 : 1
19:55:38.299 [AsyncHttpClient-1-1] DEBUG org.asynchttpclient.netty.channel.DefaultChannelPool - Entry count for : http://localhost:49315 : 1
19:55:39.401 [AsyncHttpClient-1-1] DEBUG org.asynchttpclient.netty.channel.DefaultChannelPool - Entry count for : http://localhost:49315 : 1
19:55:40.502 [AsyncHttpClient-1-1] DEBUG org.asynchttpclient.netty.channel.DefaultChannelPool - Entry count for : http://localhost:49315 : 1
19:55:41.602 [AsyncHttpClient-1-1] DEBUG org.asynchttpclient.netty.channel.DefaultChannelPool - Entry count for : http://localhost:49315 : 1
19:55:42.708 [AsyncHttpClient-1-1] DEBUG org.asynchttpclient.netty.channel.DefaultChannelPool - Entry count for : http://localhost:49315 : 1
19:55:43.799 [AsyncHttpClient-1-1] DEBUG org.asynchttpclient.netty.channel.DefaultChannelPool - Entry count for : http://localhost:49315 : 1
19:55:44.905 [AsyncHttpClient-1-1] DEBUG org.asynchttpclient.netty.channel.DefaultChannelPool - Entry count for : http://localhost:49315 : 1
19:55:46.006 [AsyncHttpClient-1-1] DEBUG org.asynchttpclient.netty.channel.DefaultChannelPool - Entry count for : http://localhost:49315 : 1
19:55:47.112 [AsyncHttpClient-1-1] DEBUG org.asynchttpclient.netty.channel.DefaultChannelPool - Entry count for : http://localhost:49315 : 1
19:55:48.204 [AsyncHttpClient-1-1] DEBUG org.asynchttpclient.netty.channel.DefaultChannelPool - Entry count for : http://localhost:49315 : 1
19:55:49.310 [AsyncHttpClient-1-1] DEBUG org.asynchttpclient.netty.channel.DefaultChannelPool - Entry count for : http://localhost:49315 : 1
19:55:50.400 [AsyncHttpClient-1-1] DEBUG org.asynchttpclient.netty.channel.DefaultChannelPool - Entry count for : http://localhost:49315 : 1
19:55:51.502 [AsyncHttpClient-1-1] DEBUG org.asynchttpclient.netty.channel.DefaultChannelPool - Entry count for : http://localhost:49315 : 1
19:55:52.607 [AsyncHttpClient-1-1] DEBUG org.asynchttpclient.netty.channel.DefaultChannelPool - Entry count for : http://localhost:49315 : 1
19:55:53.699 [AsyncHttpClient-1-1] DEBUG org.asynchttpclient.netty.channel.DefaultChannelPool - Entry count for : http://localhost:49315 : 1
19:55:54.804 [AsyncHttpClient-1-1] DEBUG org.asynchttpclient.netty.channel.DefaultChannelPool - Entry count for : http://localhost:49315 : 1
19:55:55.905 [AsyncHttpClient-1-1] DEBUG org.asynchttpclient.netty.channel.DefaultChannelPool - Entry count for : http://localhost:49315 : 1
19:55:57.007 [AsyncHttpClient-1-1] DEBUG org.asynchttpclient.netty.channel.DefaultChannelPool - Entry count for : http://localhost:49315 : 1
19:55:58.099 [AsyncHttpClient-1-1] DEBUG org.asynchttpclient.netty.channel.DefaultChannelPool - Entry count for : http://localhost:49315 : 1
19:55:59.203 [AsyncHttpClient-1-1] DEBUG org.asynchttpclient.netty.channel.DefaultChannelPool - Entry count for : http://localhost:49315 : 1
19:56:00.298 [AsyncHttpClient-1-1] DEBUG org.asynchttpclient.netty.channel.DefaultChannelPool - Entry count for : http://localhost:49315 : 1
19:56:01.402 [AsyncHttpClient-1-1] DEBUG org.asynchttpclient.netty.channel.DefaultChannelPool - Entry count for : http://localhost:49315 : 1
19:56:02.509 [AsyncHttpClient-1-1] DEBUG org.asynchttpclient.netty.channel.DefaultChannelPool - Entry count for : http://localhost:49315 : 1
19:56:03.600 [AsyncHttpClient-1-1] DEBUG org.asynchttpclient.netty.channel.DefaultChannelPool - Entry count for : http://localhost:49315 : 1
19:56:04.703 [AsyncHttpClient-1-1] DEBUG org.asynchttpclient.netty.channel.DefaultChannelPool - Entry count for : http://localhost:49315 : 1
19:56:05.807 [AsyncHttpClient-1-1] DEBUG org.asynchttpclient.netty.channel.DefaultChannelPool - Entry count for : http://localhost:49315 : 1
19:56:05.807 [AsyncHttpClient-1-1] DEBUG org.asynchttpclient.netty.channel.DefaultChannelPool - Adding Candidate expired Channel [id: 0xdc89a471, L:/127.0.0.1:49322 - R:localhost/127.0.0.1:49315] isIdleTimeoutExpired=true isRemotelyClosed=false isTtlExpired=false
19:56:05.807 [AsyncHttpClient-1-1] DEBUG org.asynchttpclient.netty.channel.DefaultChannelPool - Closing Idle Channel [id: 0xdc89a471, L:/127.0.0.1:49322 - R:localhost/127.0.0.1:49315]
19:56:05.807 [AsyncHttpClient-1-1] DEBUG org.asynchttpclient.netty.channel.DefaultChannelPool - Closed 1 connections out of 1 in 0 ms
19:56:05.807 [AsyncHttpClient-1-5] DEBUG org.asynchttpclient.netty.handler.HttpHandler - Channel Closed: [id: 0xdc89a471, L:/127.0.0.1:49322 ! R:localhost/127.0.0.1:49315] with attribute DISCARD
19:58:05.511 [AsyncHttpClient-1-1] DEBUG org.asynchttpclient.netty.timeout.TimeoutTimerTask - Request timeout to localhost/127.0.0.1:56607 after 180000 ms for NettyResponseFuture{currentRetry=0,
	isDone=0,
	isCancelled=0,
	asyncHandler=org.asynchttpclient.AsyncCompletionHandlerBase@1bfecba9,
	nettyRequest=org.asynchttpclient.netty.request.NettyRequest@6216d598,
	future=java.util.concurrent.CompletableFuture@2da4ee37[Not completed],
	uri=http://localhost:56607/session/4f9335fd1d2c3bf8da17b44d7cc6a7af/url,
	keepAlive=true,
	redirectCount=0,
	timeoutsHolder=org.asynchttpclient.netty.timeout.TimeoutsHolder@5d797fc1,
	inAuth=0,
	touch=1667220905424} after 180087 ms
19:58:05.512 [AsyncHttpClient-1-1] DEBUG org.asynchttpclient.netty.channel.ChannelManager - Closing Channel [id: 0xbbcdfdf3, L:/127.0.0.1:49313 - R:localhost/127.0.0.1:56607] 
19:58:05.512 [AsyncHttpClient-1-1] DEBUG org.asynchttpclient.netty.request.NettyRequestSender - Aborting Future NettyResponseFuture{currentRetry=0,
	isDone=0,
	isCancelled=0,
	asyncHandler=org.asynchttpclient.AsyncCompletionHandlerBase@1bfecba9,
	nettyRequest=org.asynchttpclient.netty.request.NettyRequest@6216d598,
	future=java.util.concurrent.CompletableFuture@2da4ee37[Not completed],
	uri=http://localhost:56607/session/4f9335fd1d2c3bf8da17b44d7cc6a7af/url,
	keepAlive=true,
	redirectCount=0,
	timeoutsHolder=org.asynchttpclient.netty.timeout.TimeoutsHolder@5d797fc1,
	inAuth=0,
	touch=1667220905424}

19:58:05.512 [AsyncHttpClient-1-1] DEBUG org.asynchttpclient.netty.request.NettyRequestSender - Request timeout to localhost/127.0.0.1:56607 after 180000 ms
java.util.concurrent.TimeoutException: Request timeout to localhost/127.0.0.1:56607 after 180000 ms
	at org.asynchttpclient.netty.timeout.TimeoutTimerTask.expire(TimeoutTimerTask.java:43)
	at org.asynchttpclient.netty.timeout.RequestTimeoutTimerTask.run(RequestTimeoutTimerTask.java:50)
	at io.netty.util.HashedWheelTimer$HashedWheelTimeout.run(HashedWheelTimer.java:715)
	at io.netty.util.concurrent.ImmediateExecutor.execute(ImmediateExecutor.java:34)
	at io.netty.util.HashedWheelTimer$HashedWheelTimeout.expire(HashedWheelTimer.java:703)
	at io.netty.util.HashedWheelTimer$HashedWheelBucket.expireTimeouts(HashedWheelTimer.java:790)
	at io.netty.util.HashedWheelTimer$Worker.run(HashedWheelTimer.java:503)
	at io.netty.util.concurrent.FastThreadLocalRunnable.run(FastThreadLocalRunnable.java:30)
	at java.base/java.lang.Thread.run(Thread.java:834)
19:58:05.512 [AsyncHttpClient-1-1] DEBUG org.asynchttpclient.AsyncCompletionHandler - Request timeout to localhost/127.0.0.1:56607 after 180000 ms
java.util.concurrent.TimeoutException: Request timeout to localhost/127.0.0.1:56607 after 180000 ms
	at org.asynchttpclient.netty.timeout.TimeoutTimerTask.expire(TimeoutTimerTask.java:43)
	at org.asynchttpclient.netty.timeout.RequestTimeoutTimerTask.run(RequestTimeoutTimerTask.java:50)
	at io.netty.util.HashedWheelTimer$HashedWheelTimeout.run(HashedWheelTimer.java:715)
	at io.netty.util.concurrent.ImmediateExecutor.execute(ImmediateExecutor.java:34)
	at io.netty.util.HashedWheelTimer$HashedWheelTimeout.expire(HashedWheelTimer.java:703)
	at io.netty.util.HashedWheelTimer$HashedWheelBucket.expireTimeouts(HashedWheelTimer.java:790)
	at io.netty.util.HashedWheelTimer$Worker.run(HashedWheelTimer.java:503)
	at io.netty.util.concurrent.FastThreadLocalRunnable.run(FastThreadLocalRunnable.java:30)
	at java.base/java.lang.Thread.run(Thread.java:834)
19:58:05.512 [AsyncHttpClient-1-4] DEBUG org.asynchttpclient.netty.handler.HttpHandler - Channel Closed: [id: 0xbbcdfdf3, L:/127.0.0.1:49313 ! R:localhost/127.0.0.1:56607] with attribute DISCARD
19:58:06.449 [AsyncHttpClient-1-7] DEBUG org.asynchttpclient.netty.channel.NettyConnectListener - Using new Channel '[id: 0x257791bb, L:/127.0.0.1:49777 - R:localhost/127.0.0.1:56607]' for 'POST' to '/session/4f9335fd1d2c3bf8da17b44d7cc6a7af/url'
20:00:50.755 [AsyncHttpClient-1-7] DEBUG org.asynchttpclient.netty.handler.HttpHandler - 

Request DefaultHttpRequest(decodeResult: success, version: HTTP/1.1)
POST /session/4f9335fd1d2c3bf8da17b44d7cc6a7af/url HTTP/1.1
User-Agent: selenium/4.1.2 (java windows)
Content-Length: 59
Content-Type: application/json; charset=utf-8
host: localhost:56607
accept: */*

Response DefaultHttpResponse(decodeResult: success, version: HTTP/1.1)
HTTP/1.1 200 OK
Content-Type: application/json; charset=utf-8
cache-control: no-cache
content-length: 14

20:00:50.755 [AsyncHttpClient-1-7] DEBUG org.asynchttpclient.netty.channel.ChannelManager - Adding key: http://localhost:56607 for channel [id: 0x257791bb, L:/127.0.0.1:49777 - R:localhost/127.0.0.1:56607]
20:00:50.756 [Forwarding setTimeout on session 4f9335fd1d2c3bf8da17b44d7cc6a7af to remote] DEBUG org.asynchttpclient.netty.request.NettyRequestSender - Using pooled Channel '[id: 0x257791bb, L:/127.0.0.1:49777 - R:localhost/127.0.0.1:56607]' for 'POST' to 'http://localhost:56607/session/4f9335fd1d2c3bf8da17b44d7cc6a7af/timeouts'
20:00:50.756 [Forwarding setTimeout on session 4f9335fd1d2c3bf8da17b44d7cc6a7af to remote] DEBUG org.asynchttpclient.netty.request.NettyRequestSender - Using open Channel [id: 0x257791bb, L:/127.0.0.1:49777 - R:localhost/127.0.0.1:56607] for POST '/session/4f9335fd1d2c3bf8da17b44d7cc6a7af/timeouts'
20:00:50.761 [AsyncHttpClient-1-7] DEBUG org.asynchttpclient.netty.handler.HttpHandler - 

Request DefaultHttpRequest(decodeResult: success, version: HTTP/1.1)
POST /session/4f9335fd1d2c3bf8da17b44d7cc6a7af/timeouts HTTP/1.1
User-Agent: selenium/4.1.2 (java windows)
Content-Length: 22
Content-Type: application/json; charset=utf-8
host: localhost:56607
accept: */*

Response DefaultHttpResponse(decodeResult: success, version: HTTP/1.1)
HTTP/1.1 200 OK
Content-Type: application/json; charset=utf-8
cache-control: no-cache
content-length: 14

20:00:50.761 [AsyncHttpClient-1-7] DEBUG org.asynchttpclient.netty.channel.ChannelManager - Adding key: http://localhost:56607 for channel [id: 0x257791bb, L:/127.0.0.1:49777 - R:localhost/127.0.0.1:56607]
20:00:50.762 [Forwarding getCurrentUrl on session 4f9335fd1d2c3bf8da17b44d7cc6a7af to remote] DEBUG org.asynchttpclient.netty.request.NettyRequestSender - Using pooled Channel '[id: 0x257791bb, L:/127.0.0.1:49777 - R:localhost/127.0.0.1:56607]' for 'GET' to 'http://localhost:56607/session/4f9335fd1d2c3bf8da17b44d7cc6a7af/url'
20:00:50.762 [Forwarding getCurrentUrl on session 4f9335fd1d2c3bf8da17b44d7cc6a7af to remote] DEBUG org.asynchttpclient.netty.request.NettyRequestSender - Using open Channel [id: 0x257791bb, L:/127.0.0.1:49777 - R:localhost/127.0.0.1:56607] for GET '/session/4f9335fd1d2c3bf8da17b44d7cc6a7af/url'
20:00:50.768 [AsyncHttpClient-1-7] DEBUG org.asynchttpclient.netty.handler.HttpHandler - 

Request DefaultFullHttpRequest(decodeResult: success, version: HTTP/1.1, content: EmptyByteBufBE)
GET /session/4f9335fd1d2c3bf8da17b44d7cc6a7af/url HTTP/1.1
User-Agent: selenium/4.1.2 (java windows)
Cache-Control: no-cache
Content-Type: application/json; charset=utf-8
host: localhost:56607
accept: */*

Response DefaultHttpResponse(decodeResult: success, version: HTTP/1.1)
HTTP/1.1 200 OK
Content-Type: application/json; charset=utf-8
cache-control: no-cache
content-length: 41

20:00:50.768 [AsyncHttpClient-1-7] DEBUG org.asynchttpclient.netty.channel.ChannelManager - Adding key: http://localhost:56607 for channel [id: 0x257791bb, L:/127.0.0.1:49777 - R:localhost/127.0.0.1:56607]
  &amp#27;[32mGiven &amp#27;[0m&amp#27;[32mI open the website&amp#27;[0m                      &amp#27;[90m# starter.steps.RegistrationStep.iOpenTheWebsite()&amp#27;[0m
20:00:50.776 [Forwarding screenshot on session 4f9335fd1d2c3bf8da17b44d7cc6a7af to remote] DEBUG org.asynchttpclient.netty.request.NettyRequestSender - Using pooled Channel '[id: 0x257791bb, L:/127.0.0.1:49777 - R:localhost/127.0.0.1:56607]' for 'GET' to 'http://localhost:56607/session/4f9335fd1d2c3bf8da17b44d7cc6a7af/screenshot'
20:00:50.776 [Forwarding screenshot on session 4f9335fd1d2c3bf8da17b44d7cc6a7af to remote] DEBUG org.asynchttpclient.netty.request.NettyRequestSender - Using open Channel [id: 0x257791bb, L:/127.0.0.1:49777 - R:localhost/127.0.0.1:56607] for GET '/session/4f9335fd1d2c3bf8da17b44d7cc6a7af/screenshot'
20:00:50.891 [AsyncHttpClient-1-7] DEBUG org.asynchttpclient.netty.handler.HttpHandler - 

Request DefaultFullHttpRequest(decodeResult: success, version: HTTP/1.1, content: EmptyByteBufBE)
GET /session/4f9335fd1d2c3bf8da17b44d7cc6a7af/screenshot HTTP/1.1
User-Agent: selenium/4.1.2 (java windows)
Cache-Control: no-cache
Content-Type: application/json; charset=utf-8
host: localhost:56607
accept: */*

Response DefaultHttpResponse(decodeResult: success, version: HTTP/1.1)
HTTP/1.1 200 OK
Content-Type: application/json; charset=utf-8
cache-control: no-cache
content-length: 69584

20:00:50.892 [AsyncHttpClient-1-7] DEBUG org.asynchttpclient.netty.channel.ChannelManager - Adding key: http://localhost:56607 for channel [id: 0x257791bb, L:/127.0.0.1:49777 - R:localhost/127.0.0.1:56607]
20:00:50.894 [main] DEBUG net.serenitybdd.core.photography.Darkroom - Send negative for processing for target\site\serenity\5297bd387dc3249e00c2d6656fb13e2699af90824ba878fd382afd24108abb14.png
20:00:50.899 [Forwarding findElement on session 4f9335fd1d2c3bf8da17b44d7cc6a7af to remote] DEBUG org.asynchttpclient.netty.request.NettyRequestSender - Using pooled Channel '[id: 0x257791bb, L:/127.0.0.1:49777 - R:localhost/127.0.0.1:56607]' for 'POST' to 'http://localhost:56607/session/4f9335fd1d2c3bf8da17b44d7cc6a7af/element'
20:00:50.899 [Forwarding findElement on session 4f9335fd1d2c3bf8da17b44d7cc6a7af to remote] DEBUG org.asynchttpclient.netty.request.NettyRequestSender - Using open Channel [id: 0x257791bb, L:/127.0.0.1:49777 - R:localhost/127.0.0.1:56607] for POST '/session/4f9335fd1d2c3bf8da17b44d7cc6a7af/element'
20:00:50.912 [AsyncHttpClient-1-7] DEBUG org.asynchttpclient.netty.handler.HttpHandler - 

Request DefaultHttpRequest(decodeResult: success, version: HTTP/1.1)
POST /session/4f9335fd1d2c3bf8da17b44d7cc6a7af/element HTTP/1.1
User-Agent: selenium/4.1.2 (java windows)
Content-Length: 97
Content-Type: application/json; charset=utf-8
host: localhost:56607
accept: */*

Response DefaultHttpResponse(decodeResult: success, version: HTTP/1.1)
HTTP/1.1 200 OK
Content-Type: application/json; charset=utf-8
cache-control: no-cache
content-length: 88

20:00:50.912 [AsyncHttpClient-1-7] DEBUG org.asynchttpclient.netty.channel.ChannelManager - Adding key: http://localhost:56607 for channel [id: 0x257791bb, L:/127.0.0.1:49777 - R:localhost/127.0.0.1:56607]
20:00:50.913 [Forwarding getElementTagName on session 4f9335fd1d2c3bf8da17b44d7cc6a7af to remote] DEBUG org.asynchttpclient.netty.request.NettyRequestSender - Using pooled Channel '[id: 0x257791bb, L:/127.0.0.1:49777 - R:localhost/127.0.0.1:56607]' for 'GET' to 'http://localhost:56607/session/4f9335fd1d2c3bf8da17b44d7cc6a7af/element/063d69f2-9682-49da-baf5-939065ecbb40/name'
20:00:50.913 [Forwarding getElementTagName on session 4f9335fd1d2c3bf8da17b44d7cc6a7af to remote] DEBUG org.asynchttpclient.netty.request.NettyRequestSender - Using open Channel [id: 0x257791bb, L:/127.0.0.1:49777 - R:localhost/127.0.0.1:56607] for GET '/session/4f9335fd1d2c3bf8da17b44d7cc6a7af/element/063d69f2-9682-49da-baf5-939065ecbb40/name'
20:00:50.916 [AsyncHttpClient-1-7] DEBUG org.asynchttpclient.netty.handler.HttpHandler - 

Request DefaultFullHttpRequest(decodeResult: success, version: HTTP/1.1, content: EmptyByteBufBE)
GET /session/4f9335fd1d2c3bf8da17b44d7cc6a7af/element/063d69f2-9682-49da-baf5-939065ecbb40/name HTTP/1.1
User-Agent: selenium/4.1.2 (java windows)
Cache-Control: no-cache
Content-Type: application/json; charset=utf-8
host: localhost:56607
accept: */*

Response DefaultHttpResponse(decodeResult: success, version: HTTP/1.1)
HTTP/1.1 200 OK
Content-Type: application/json; charset=utf-8
cache-control: no-cache
content-length: 13

20:00:50.916 [AsyncHttpClient-1-7] DEBUG org.asynchttpclient.netty.channel.ChannelManager - Adding key: http://localhost:56607 for channel [id: 0x257791bb, L:/127.0.0.1:49777 - R:localhost/127.0.0.1:56607]
20:00:50.917 [Forwarding getElementTagName on session 4f9335fd1d2c3bf8da17b44d7cc6a7af to remote] DEBUG org.asynchttpclient.netty.request.NettyRequestSender - Using pooled Channel '[id: 0x257791bb, L:/127.0.0.1:49777 - R:localhost/127.0.0.1:56607]' for 'GET' to 'http://localhost:56607/session/4f9335fd1d2c3bf8da17b44d7cc6a7af/element/063d69f2-9682-49da-baf5-939065ecbb40/name'
20:00:50.917 [Forwarding getElementTagName on session 4f9335fd1d2c3bf8da17b44d7cc6a7af to remote] DEBUG org.asynchttpclient.netty.request.NettyRequestSender - Using open Channel [id: 0x257791bb, L:/127.0.0.1:49777 - R:localhost/127.0.0.1:56607] for GET '/session/4f9335fd1d2c3bf8da17b44d7cc6a7af/element/063d69f2-9682-49da-baf5-939065ecbb40/name'
20:00:50.919 [AsyncHttpClient-1-7] DEBUG org.asynchttpclient.netty.handler.HttpHandler - 

Request DefaultFullHttpRequest(decodeResult: success, version: HTTP/1.1, content: EmptyByteBufBE)
GET /session/4f9335fd1d2c3bf8da17b44d7cc6a7af/element/063d69f2-9682-49da-baf5-939065ecbb40/name HTTP/1.1
User-Agent: selenium/4.1.2 (java windows)
Cache-Control: no-cache
Content-Type: application/json; charset=utf-8
host: localhost:56607
accept: */*

Response DefaultHttpResponse(decodeResult: success, version: HTTP/1.1)
HTTP/1.1 200 OK
Content-Type: application/json; charset=utf-8
cache-control: no-cache
content-length: 13

20:00:50.919 [AsyncHttpClient-1-7] DEBUG org.asynchttpclient.netty.channel.ChannelManager - Adding key: http://localhost:56607 for channel [id: 0x257791bb, L:/127.0.0.1:49777 - R:localhost/127.0.0.1:56607]
20:00:50.920 [Forwarding findElement on session 4f9335fd1d2c3bf8da17b44d7cc6a7af to remote] DEBUG org.asynchttpclient.netty.request.NettyRequestSender - Using pooled Channel '[id: 0x257791bb, L:/127.0.0.1:49777 - R:localhost/127.0.0.1:56607]' for 'POST' to 'http://localhost:56607/session/4f9335fd1d2c3bf8da17b44d7cc6a7af/element'
20:00:50.920 [Forwarding findElement on session 4f9335fd1d2c3bf8da17b44d7cc6a7af to remote] DEBUG org.asynchttpclient.netty.request.NettyRequestSender - Using open Channel [id: 0x257791bb, L:/127.0.0.1:49777 - R:localhost/127.0.0.1:56607] for POST '/session/4f9335fd1d2c3bf8da17b44d7cc6a7af/element'
20:00:50.927 [AsyncHttpClient-1-7] DEBUG org.asynchttpclient.netty.handler.HttpHandler - 

Request DefaultHttpRequest(decodeResult: success, version: HTTP/1.1)
POST /session/4f9335fd1d2c3bf8da17b44d7cc6a7af/element HTTP/1.1
User-Agent: selenium/4.1.2 (java windows)
Content-Length: 97
Content-Type: application/json; charset=utf-8
host: localhost:56607
accept: */*

Response DefaultHttpResponse(decodeResult: success, version: HTTP/1.1)
HTTP/1.1 200 OK
Content-Type: application/json; charset=utf-8
cache-control: no-cache
content-length: 88

20:00:50.927 [AsyncHttpClient-1-7] DEBUG org.asynchttpclient.netty.channel.ChannelManager - Adding key: http://localhost:56607 for channel [id: 0x257791bb, L:/127.0.0.1:49777 - R:localhost/127.0.0.1:56607]
20:00:50.928 [Forwarding clickElement on session 4f9335fd1d2c3bf8da17b44d7cc6a7af to remote] DEBUG org.asynchttpclient.netty.request.NettyRequestSender - Using pooled Channel '[id: 0x257791bb, L:/127.0.0.1:49777 - R:localhost/127.0.0.1:56607]' for 'POST' to 'http://localhost:56607/session/4f9335fd1d2c3bf8da17b44d7cc6a7af/element/063d69f2-9682-49da-baf5-939065ecbb40/click'
20:00:50.928 [Forwarding clickElement on session 4f9335fd1d2c3bf8da17b44d7cc6a7af to remote] DEBUG org.asynchttpclient.netty.request.NettyRequestSender - Using open Channel [id: 0x257791bb, L:/127.0.0.1:49777 - R:localhost/127.0.0.1:56607] for POST '/session/4f9335fd1d2c3bf8da17b44d7cc6a7af/element/063d69f2-9682-49da-baf5-939065ecbb40/click'
20:00:50.963 [AsyncHttpClient-1-7] DEBUG org.asynchttpclient.netty.handler.HttpHandler - 

Request DefaultHttpRequest(decodeResult: success, version: HTTP/1.1)
POST /session/4f9335fd1d2c3bf8da17b44d7cc6a7af/element/063d69f2-9682-49da-baf5-939065ecbb40/click HTTP/1.1
User-Agent: selenium/4.1.2 (java windows)
Content-Length: 50
Content-Type: application/json; charset=utf-8
host: localhost:56607
accept: */*

Response DefaultHttpResponse(decodeResult: success, version: HTTP/1.1)
HTTP/1.1 200 OK
Content-Type: application/json; charset=utf-8
cache-control: no-cache
content-length: 14

20:00:50.964 [AsyncHttpClient-1-7] DEBUG org.asynchttpclient.netty.channel.ChannelManager - Adding key: http://localhost:56607 for channel [id: 0x257791bb, L:/127.0.0.1:49777 - R:localhost/127.0.0.1:56607]
  &amp#27;[32mWhen &amp#27;[0m&amp#27;[32mI click sign in button&amp#27;[0m                   &amp#27;[90m# starter.steps.RegistrationStep.iClickSignInButton()&amp#27;[0m
20:00:50.972 [Forwarding screenshot on session 4f9335fd1d2c3bf8da17b44d7cc6a7af to remote] DEBUG org.asynchttpclient.netty.request.NettyRequestSender - Using pooled Channel '[id: 0x257791bb, L:/127.0.0.1:49777 - R:localhost/127.0.0.1:56607]' for 'GET' to 'http://localhost:56607/session/4f9335fd1d2c3bf8da17b44d7cc6a7af/screenshot'
20:00:50.972 [Forwarding screenshot on session 4f9335fd1d2c3bf8da17b44d7cc6a7af to remote] DEBUG org.asynchttpclient.netty.request.NettyRequestSender - Using open Channel [id: 0x257791bb, L:/127.0.0.1:49777 - R:localhost/127.0.0.1:56607] for GET '/session/4f9335fd1d2c3bf8da17b44d7cc6a7af/screenshot'
20:00:51.205 [AsyncHttpClient-1-7] DEBUG org.asynchttpclient.netty.handler.HttpHandler - 

Request DefaultFullHttpRequest(decodeResult: success, version: HTTP/1.1, content: EmptyByteBufBE)
GET /session/4f9335fd1d2c3bf8da17b44d7cc6a7af/screenshot HTTP/1.1
User-Agent: selenium/4.1.2 (java windows)
Cache-Control: no-cache
Content-Type: application/json; charset=utf-8
host: localhost:56607
accept: */*

Response DefaultHttpResponse(decodeResult: success, version: HTTP/1.1)
HTTP/1.1 200 OK
Content-Type: application/json; charset=utf-8
cache-control: no-cache
content-length: 40220

20:00:51.205 [AsyncHttpClient-1-7] DEBUG org.asynchttpclient.netty.channel.ChannelManager - Adding key: http://localhost:56607 for channel [id: 0x257791bb, L:/127.0.0.1:49777 - R:localhost/127.0.0.1:56607]
20:00:51.206 [main] DEBUG net.serenitybdd.core.photography.Darkroom - Send negative for processing for target\site\serenity\a9b4736c4a6cdadbce043c9aa7481eb018adee5246e1be37f56e3902a4b084fd.png
20:00:51.206 [Darkroom Processing Line] DEBUG net.serenitybdd.core.photography.DarkroomProcessingLine - Processing screenshot image in /var/screenshots/screenshot-3342414282562516259
20:00:51.206 [Darkroom Processing Line] DEBUG net.serenitybdd.core.photography.DarkroomProcessingLine - Saving screenshot to target\site\serenity\a9b4736c4a6cdadbce043c9aa7481eb018adee5246e1be37f56e3902a4b084fd.png
20:00:51.217 [Forwarding findElement on session 4f9335fd1d2c3bf8da17b44d7cc6a7af to remote] DEBUG org.asynchttpclient.netty.request.NettyRequestSender - Using pooled Channel '[id: 0x257791bb, L:/127.0.0.1:49777 - R:localhost/127.0.0.1:56607]' for 'POST' to 'http://localhost:56607/session/4f9335fd1d2c3bf8da17b44d7cc6a7af/element'
20:00:51.218 [Forwarding findElement on session 4f9335fd1d2c3bf8da17b44d7cc6a7af to remote] DEBUG org.asynchttpclient.netty.request.NettyRequestSender - Using open Channel [id: 0x257791bb, L:/127.0.0.1:49777 - R:localhost/127.0.0.1:56607] for POST '/session/4f9335fd1d2c3bf8da17b44d7cc6a7af/element'
20:00:51.228 [AsyncHttpClient-1-7] DEBUG org.asynchttpclient.netty.handler.HttpHandler - 

Request DefaultHttpRequest(decodeResult: success, version: HTTP/1.1)
POST /session/4f9335fd1d2c3bf8da17b44d7cc6a7af/element HTTP/1.1
User-Agent: selenium/4.1.2 (java windows)
Content-Length: 87
Content-Type: application/json; charset=utf-8
host: localhost:56607
accept: */*

Response DefaultHttpResponse(decodeResult: success, version: HTTP/1.1)
HTTP/1.1 200 OK
Content-Type: application/json; charset=utf-8
cache-control: no-cache
content-length: 88

20:00:51.228 [AsyncHttpClient-1-7] DEBUG org.asynchttpclient.netty.channel.ChannelManager - Adding key: http://localhost:56607 for channel [id: 0x257791bb, L:/127.0.0.1:49777 - R:localhost/127.0.0.1:56607]
20:00:51.228 [Forwarding clearElement on session 4f9335fd1d2c3bf8da17b44d7cc6a7af to remote] DEBUG org.asynchttpclient.netty.request.NettyRequestSender - Using pooled Channel '[id: 0x257791bb, L:/127.0.0.1:49777 - R:localhost/127.0.0.1:56607]' for 'POST' to 'http://localhost:56607/session/4f9335fd1d2c3bf8da17b44d7cc6a7af/element/5099e1e5-e542-412f-9e2c-5f7f980bc353/clear'
20:00:51.228 [Forwarding clearElement on session 4f9335fd1d2c3bf8da17b44d7cc6a7af to remote] DEBUG org.asynchttpclient.netty.request.NettyRequestSender - Using open Channel [id: 0x257791bb, L:/127.0.0.1:49777 - R:localhost/127.0.0.1:56607] for POST '/session/4f9335fd1d2c3bf8da17b44d7cc6a7af/element/5099e1e5-e542-412f-9e2c-5f7f980bc353/clear'
20:00:51.262 [AsyncHttpClient-1-7] DEBUG org.asynchttpclient.netty.handler.HttpHandler - 

Request DefaultHttpRequest(decodeResult: success, version: HTTP/1.1)
POST /session/4f9335fd1d2c3bf8da17b44d7cc6a7af/element/5099e1e5-e542-412f-9e2c-5f7f980bc353/clear HTTP/1.1
User-Agent: selenium/4.1.2 (java windows)
Content-Length: 50
Content-Type: application/json; charset=utf-8
host: localhost:56607
accept: */*

Response DefaultHttpResponse(decodeResult: success, version: HTTP/1.1)
HTTP/1.1 200 OK
Content-Type: application/json; charset=utf-8
cache-control: no-cache
content-length: 14

20:00:51.262 [AsyncHttpClient-1-7] DEBUG org.asynchttpclient.netty.channel.ChannelManager - Adding key: http://localhost:56607 for channel [id: 0x257791bb, L:/127.0.0.1:49777 - R:localhost/127.0.0.1:56607]
20:00:51.262 [Forwarding sendKeysToElement on session 4f9335fd1d2c3bf8da17b44d7cc6a7af to remote] DEBUG org.asynchttpclient.netty.request.NettyRequestSender - Using pooled Channel '[id: 0x257791bb, L:/127.0.0.1:49777 - R:localhost/127.0.0.1:56607]' for 'POST' to 'http://localhost:56607/session/4f9335fd1d2c3bf8da17b44d7cc6a7af/element/5099e1e5-e542-412f-9e2c-5f7f980bc353/value'
20:00:51.262 [Forwarding sendKeysToElement on session 4f9335fd1d2c3bf8da17b44d7cc6a7af to remote] DEBUG org.asynchttpclient.netty.request.NettyRequestSender - Using open Channel [id: 0x257791bb, L:/127.0.0.1:49777 - R:localhost/127.0.0.1:56607] for POST '/session/4f9335fd1d2c3bf8da17b44d7cc6a7af/element/5099e1e5-e542-412f-9e2c-5f7f980bc353/value'
20:00:51.382 [AsyncHttpClient-1-7] DEBUG org.asynchttpclient.netty.handler.HttpHandler - 

Request DefaultHttpRequest(decodeResult: success, version: HTTP/1.1)
POST /session/4f9335fd1d2c3bf8da17b44d7cc6a7af/element/5099e1e5-e542-412f-9e2c-5f7f980bc353/value HTTP/1.1
User-Agent: selenium/4.1.2 (java windows)
Content-Length: 271
Content-Type: application/json; charset=utf-8
host: localhost:56607
accept: */*

Response DefaultHttpResponse(decodeResult: success, version: HTTP/1.1)
HTTP/1.1 200 OK
Content-Type: application/json; charset=utf-8
cache-control: no-cache
content-length: 14

20:00:51.382 [AsyncHttpClient-1-7] DEBUG org.asynchttpclient.netty.channel.ChannelManager - Adding key: http://localhost:56607 for channel [id: 0x257791bb, L:/127.0.0.1:49777 - R:localhost/127.0.0.1:56607]
  &amp#27;[32mAnd &amp#27;[0m&amp#27;[32mI input &amp#27;[0m&amp#27;[32m&amp#27;[1m"akumaylan@gmail.com"&amp#27;[0m&amp#27;[32m email&amp#27;[0m       &amp#27;[90m# starter.steps.LoginStep.iInputEmail(java.lang.String)&amp#27;[0m
20:00:51.386 [Forwarding screenshot on session 4f9335fd1d2c3bf8da17b44d7cc6a7af to remote] DEBUG org.asynchttpclient.netty.request.NettyRequestSender - Using pooled Channel '[id: 0x257791bb, L:/127.0.0.1:49777 - R:localhost/127.0.0.1:56607]' for 'GET' to 'http://localhost:56607/session/4f9335fd1d2c3bf8da17b44d7cc6a7af/screenshot'
20:00:51.386 [Forwarding screenshot on session 4f9335fd1d2c3bf8da17b44d7cc6a7af to remote] DEBUG org.asynchttpclient.netty.request.NettyRequestSender - Using open Channel [id: 0x257791bb, L:/127.0.0.1:49777 - R:localhost/127.0.0.1:56607] for GET '/session/4f9335fd1d2c3bf8da17b44d7cc6a7af/screenshot'
20:00:51.535 [AsyncHttpClient-1-7] DEBUG org.asynchttpclient.netty.handler.HttpHandler - 

Request DefaultFullHttpRequest(decodeResult: success, version: HTTP/1.1, content: EmptyByteBufBE)
GET /session/4f9335fd1d2c3bf8da17b44d7cc6a7af/screenshot HTTP/1.1
User-Agent: selenium/4.1.2 (java windows)
Cache-Control: no-cache
Content-Type: application/json; charset=utf-8
host: localhost:56607
accept: */*

Response DefaultHttpResponse(decodeResult: success, version: HTTP/1.1)
HTTP/1.1 200 OK
Content-Type: application/json; charset=utf-8
cache-control: no-cache
content-length: 47280

20:00:51.537 [AsyncHttpClient-1-7] DEBUG org.asynchttpclient.netty.channel.ChannelManager - Adding key: http://localhost:56607 for channel [id: 0x257791bb, L:/127.0.0.1:49777 - R:localhost/127.0.0.1:56607]
20:00:51.537 [main] DEBUG net.serenitybdd.core.photography.Darkroom - Send negative for processing for target\site\serenity\38e39b5ee0ce994ec032f7371e55b9836c5a8d040ef5c7ac1ac2bcd3e5809dad.png
20:00:51.539 [Darkroom Processing Line] DEBUG net.serenitybdd.core.photography.DarkroomProcessingLine - Processing screenshot image in /var/screenshots/screenshot-9638383153448757177
20:00:51.539 [Darkroom Processing Line] DEBUG net.serenitybdd.core.photography.DarkroomProcessingLine - Saving screenshot to target\site\serenity\38e39b5ee0ce994ec032f7371e55b9836c5a8d040ef5c7ac1ac2bcd3e5809dad.png
20:00:51.551 [Forwarding findElement on session 4f9335fd1d2c3bf8da17b44d7cc6a7af to remote] DEBUG org.asynchttpclient.netty.request.NettyRequestSender - Using pooled Channel '[id: 0x257791bb, L:/127.0.0.1:49777 - R:localhost/127.0.0.1:56607]' for 'POST' to 'http://localhost:56607/session/4f9335fd1d2c3bf8da17b44d7cc6a7af/element'
20:00:51.551 [Forwarding findElement on session 4f9335fd1d2c3bf8da17b44d7cc6a7af to remote] DEBUG org.asynchttpclient.netty.request.NettyRequestSender - Using open Channel [id: 0x257791bb, L:/127.0.0.1:49777 - R:localhost/127.0.0.1:56607] for POST '/session/4f9335fd1d2c3bf8da17b44d7cc6a7af/element'
20:00:51.560 [AsyncHttpClient-1-7] DEBUG org.asynchttpclient.netty.handler.HttpHandler - 

Request DefaultHttpRequest(decodeResult: success, version: HTTP/1.1)
POST /session/4f9335fd1d2c3bf8da17b44d7cc6a7af/element HTTP/1.1
User-Agent: selenium/4.1.2 (java windows)
Content-Length: 89
Content-Type: application/json; charset=utf-8
host: localhost:56607
accept: */*

Response DefaultHttpResponse(decodeResult: success, version: HTTP/1.1)
HTTP/1.1 200 OK
Content-Type: application/json; charset=utf-8
cache-control: no-cache
content-length: 88

20:00:51.560 [AsyncHttpClient-1-7] DEBUG org.asynchttpclient.netty.channel.ChannelManager - Adding key: http://localhost:56607 for channel [id: 0x257791bb, L:/127.0.0.1:49777 - R:localhost/127.0.0.1:56607]
20:00:51.561 [Forwarding clearElement on session 4f9335fd1d2c3bf8da17b44d7cc6a7af to remote] DEBUG org.asynchttpclient.netty.request.NettyRequestSender - Using pooled Channel '[id: 0x257791bb, L:/127.0.0.1:49777 - R:localhost/127.0.0.1:56607]' for 'POST' to 'http://localhost:56607/session/4f9335fd1d2c3bf8da17b44d7cc6a7af/element/4f07f446-c76c-4c08-884d-73bc7351fb24/clear'
20:00:51.561 [Forwarding clearElement on session 4f9335fd1d2c3bf8da17b44d7cc6a7af to remote] DEBUG org.asynchttpclient.netty.request.NettyRequestSender - Using open Channel [id: 0x257791bb, L:/127.0.0.1:49777 - R:localhost/127.0.0.1:56607] for POST '/session/4f9335fd1d2c3bf8da17b44d7cc6a7af/element/4f07f446-c76c-4c08-884d-73bc7351fb24/clear'
20:00:51.583 [AsyncHttpClient-1-7] DEBUG org.asynchttpclient.netty.handler.HttpHandler - 

Request DefaultHttpRequest(decodeResult: success, version: HTTP/1.1)
POST /session/4f9335fd1d2c3bf8da17b44d7cc6a7af/element/4f07f446-c76c-4c08-884d-73bc7351fb24/clear HTTP/1.1
User-Agent: selenium/4.1.2 (java windows)
Content-Length: 50
Content-Type: application/json; charset=utf-8
host: localhost:56607
accept: */*

Response DefaultHttpResponse(decodeResult: success, version: HTTP/1.1)
HTTP/1.1 200 OK
Content-Type: application/json; charset=utf-8
cache-control: no-cache
content-length: 14

20:00:51.583 [AsyncHttpClient-1-7] DEBUG org.asynchttpclient.netty.channel.ChannelManager - Adding key: http://localhost:56607 for channel [id: 0x257791bb, L:/127.0.0.1:49777 - R:localhost/127.0.0.1:56607]
20:00:51.584 [Forwarding sendKeysToElement on session 4f9335fd1d2c3bf8da17b44d7cc6a7af to remote] DEBUG org.asynchttpclient.netty.request.NettyRequestSender - Using pooled Channel '[id: 0x257791bb, L:/127.0.0.1:49777 - R:localhost/127.0.0.1:56607]' for 'POST' to 'http://localhost:56607/session/4f9335fd1d2c3bf8da17b44d7cc6a7af/element/4f07f446-c76c-4c08-884d-73bc7351fb24/value'
20:00:51.584 [Forwarding sendKeysToElement on session 4f9335fd1d2c3bf8da17b44d7cc6a7af to remote] DEBUG org.asynchttpclient.netty.request.NettyRequestSender - Using open Channel [id: 0x257791bb, L:/127.0.0.1:49777 - R:localhost/127.0.0.1:56607] for POST '/session/4f9335fd1d2c3bf8da17b44d7cc6a7af/element/4f07f446-c76c-4c08-884d-73bc7351fb24/value'
20:00:51.643 [AsyncHttpClient-1-7] DEBUG org.asynchttpclient.netty.handler.HttpHandler - 

Request DefaultHttpRequest(decodeResult: success, version: HTTP/1.1)
POST /session/4f9335fd1d2c3bf8da17b44d7cc6a7af/element/4f07f446-c76c-4c08-884d-73bc7351fb24/value HTTP/1.1
User-Agent: selenium/4.1.2 (java windows)
Content-Length: 181
Content-Type: application/json; charset=utf-8
host: localhost:56607
accept: */*

Response DefaultHttpResponse(decodeResult: success, version: HTTP/1.1)
HTTP/1.1 200 OK
Content-Type: application/json; charset=utf-8
cache-control: no-cache
content-length: 14

20:00:51.643 [AsyncHttpClient-1-7] DEBUG org.asynchttpclient.netty.channel.ChannelManager - Adding key: http://localhost:56607 for channel [id: 0x257791bb, L:/127.0.0.1:49777 - R:localhost/127.0.0.1:56607]
  &amp#27;[32mAnd &amp#27;[0m&amp#27;[32mI input &amp#27;[0m&amp#27;[32m&amp#27;[1m"maylanqe22"&amp#27;[0m&amp#27;[32m password&amp#27;[0m             &amp#27;[90m# starter.steps.LoginStep.iInputPassword(java.lang.String)&amp#27;[0m
20:00:51.648 [Forwarding screenshot on session 4f9335fd1d2c3bf8da17b44d7cc6a7af to remote] DEBUG org.asynchttpclient.netty.request.NettyRequestSender - Using pooled Channel '[id: 0x257791bb, L:/127.0.0.1:49777 - R:localhost/127.0.0.1:56607]' for 'GET' to 'http://localhost:56607/session/4f9335fd1d2c3bf8da17b44d7cc6a7af/screenshot'
20:00:51.648 [Forwarding screenshot on session 4f9335fd1d2c3bf8da17b44d7cc6a7af to remote] DEBUG org.asynchttpclient.netty.request.NettyRequestSender - Using open Channel [id: 0x257791bb, L:/127.0.0.1:49777 - R:localhost/127.0.0.1:56607] for GET '/session/4f9335fd1d2c3bf8da17b44d7cc6a7af/screenshot'
20:00:51.805 [AsyncHttpClient-1-7] DEBUG org.asynchttpclient.netty.handler.HttpHandler - 

Request DefaultFullHttpRequest(decodeResult: success, version: HTTP/1.1, content: EmptyByteBufBE)
GET /session/4f9335fd1d2c3bf8da17b44d7cc6a7af/screenshot HTTP/1.1
User-Agent: selenium/4.1.2 (java windows)
Cache-Control: no-cache
Content-Type: application/json; charset=utf-8
host: localhost:56607
accept: */*

Response DefaultHttpResponse(decodeResult: success, version: HTTP/1.1)
HTTP/1.1 200 OK
Content-Type: application/json; charset=utf-8
cache-control: no-cache
content-length: 51048

20:00:51.805 [AsyncHttpClient-1-7] DEBUG org.asynchttpclient.netty.channel.ChannelManager - Adding key: http://localhost:56607 for channel [id: 0x257791bb, L:/127.0.0.1:49777 - R:localhost/127.0.0.1:56607]
20:00:51.805 [main] DEBUG net.serenitybdd.core.photography.Darkroom - Send negative for processing for target\site\serenity\5493188568eb52da20b2c7afcc7f91a195504526a5e6dd1f89a789949301c1ee.png
20:00:51.806 [Darkroom Processing Line] DEBUG net.serenitybdd.core.photography.DarkroomProcessingLine - Processing screenshot image in /var/screenshots/screenshot-3125363103354799196
20:00:51.806 [Darkroom Processing Line] DEBUG net.serenitybdd.core.photography.DarkroomProcessingLine - Saving screenshot to target\site\serenity\5493188568eb52da20b2c7afcc7f91a195504526a5e6dd1f89a789949301c1ee.png
20:00:51.814 [Forwarding findElement on session 4f9335fd1d2c3bf8da17b44d7cc6a7af to remote] DEBUG org.asynchttpclient.netty.request.NettyRequestSender - Using pooled Channel '[id: 0x257791bb, L:/127.0.0.1:49777 - R:localhost/127.0.0.1:56607]' for 'POST' to 'http://localhost:56607/session/4f9335fd1d2c3bf8da17b44d7cc6a7af/element'
20:00:51.814 [Forwarding findElement on session 4f9335fd1d2c3bf8da17b44d7cc6a7af to remote] DEBUG org.asynchttpclient.netty.request.NettyRequestSender - Using open Channel [id: 0x257791bb, L:/127.0.0.1:49777 - R:localhost/127.0.0.1:56607] for POST '/session/4f9335fd1d2c3bf8da17b44d7cc6a7af/element'
20:00:51.822 [AsyncHttpClient-1-7] DEBUG org.asynchttpclient.netty.handler.HttpHandler - 

Request DefaultHttpRequest(decodeResult: success, version: HTTP/1.1)
POST /session/4f9335fd1d2c3bf8da17b44d7cc6a7af/element HTTP/1.1
User-Agent: selenium/4.1.2 (java windows)
Content-Length: 141
Content-Type: application/json; charset=utf-8
host: localhost:56607
accept: */*

Response DefaultHttpResponse(decodeResult: success, version: HTTP/1.1)
HTTP/1.1 200 OK
Content-Type: application/json; charset=utf-8
cache-control: no-cache
content-length: 88

20:00:51.822 [AsyncHttpClient-1-7] DEBUG org.asynchttpclient.netty.channel.ChannelManager - Adding key: http://localhost:56607 for channel [id: 0x257791bb, L:/127.0.0.1:49777 - R:localhost/127.0.0.1:56607]
20:00:51.822 [Forwarding getElementTagName on session 4f9335fd1d2c3bf8da17b44d7cc6a7af to remote] DEBUG org.asynchttpclient.netty.request.NettyRequestSender - Using pooled Channel '[id: 0x257791bb, L:/127.0.0.1:49777 - R:localhost/127.0.0.1:56607]' for 'GET' to 'http://localhost:56607/session/4f9335fd1d2c3bf8da17b44d7cc6a7af/element/f2109691-ec3f-421d-9f9c-8e91061a92de/name'
20:00:51.822 [Forwarding getElementTagName on session 4f9335fd1d2c3bf8da17b44d7cc6a7af to remote] DEBUG org.asynchttpclient.netty.request.NettyRequestSender - Using open Channel [id: 0x257791bb, L:/127.0.0.1:49777 - R:localhost/127.0.0.1:56607] for GET '/session/4f9335fd1d2c3bf8da17b44d7cc6a7af/element/f2109691-ec3f-421d-9f9c-8e91061a92de/name'
20:00:51.828 [AsyncHttpClient-1-7] DEBUG org.asynchttpclient.netty.handler.HttpHandler - 

Request DefaultFullHttpRequest(decodeResult: success, version: HTTP/1.1, content: EmptyByteBufBE)
GET /session/4f9335fd1d2c3bf8da17b44d7cc6a7af/element/f2109691-ec3f-421d-9f9c-8e91061a92de/name HTTP/1.1
User-Agent: selenium/4.1.2 (java windows)
Cache-Control: no-cache
Content-Type: application/json; charset=utf-8
host: localhost:56607
accept: */*

Response DefaultHttpResponse(decodeResult: success, version: HTTP/1.1)
HTTP/1.1 200 OK
Content-Type: application/json; charset=utf-8
cache-control: no-cache
content-length: 18

20:00:51.828 [AsyncHttpClient-1-7] DEBUG org.asynchttpclient.netty.channel.ChannelManager - Adding key: http://localhost:56607 for channel [id: 0x257791bb, L:/127.0.0.1:49777 - R:localhost/127.0.0.1:56607]
20:00:51.829 [Forwarding getElementTagName on session 4f9335fd1d2c3bf8da17b44d7cc6a7af to remote] DEBUG org.asynchttpclient.netty.request.NettyRequestSender - Using pooled Channel '[id: 0x257791bb, L:/127.0.0.1:49777 - R:localhost/127.0.0.1:56607]' for 'GET' to 'http://localhost:56607/session/4f9335fd1d2c3bf8da17b44d7cc6a7af/element/f2109691-ec3f-421d-9f9c-8e91061a92de/name'
20:00:51.829 [Forwarding getElementTagName on session 4f9335fd1d2c3bf8da17b44d7cc6a7af to remote] DEBUG org.asynchttpclient.netty.request.NettyRequestSender - Using open Channel [id: 0x257791bb, L:/127.0.0.1:49777 - R:localhost/127.0.0.1:56607] for GET '/session/4f9335fd1d2c3bf8da17b44d7cc6a7af/element/f2109691-ec3f-421d-9f9c-8e91061a92de/name'
20:00:51.832 [AsyncHttpClient-1-7] DEBUG org.asynchttpclient.netty.handler.HttpHandler - 

Request DefaultFullHttpRequest(decodeResult: success, version: HTTP/1.1, content: EmptyByteBufBE)
GET /session/4f9335fd1d2c3bf8da17b44d7cc6a7af/element/f2109691-ec3f-421d-9f9c-8e91061a92de/name HTTP/1.1
User-Agent: selenium/4.1.2 (java windows)
Cache-Control: no-cache
Content-Type: application/json; charset=utf-8
host: localhost:56607
accept: */*

Response DefaultHttpResponse(decodeResult: success, version: HTTP/1.1)
HTTP/1.1 200 OK
Content-Type: application/json; charset=utf-8
cache-control: no-cache
content-length: 18

20:00:51.832 [AsyncHttpClient-1-7] DEBUG org.asynchttpclient.netty.channel.ChannelManager - Adding key: http://localhost:56607 for channel [id: 0x257791bb, L:/127.0.0.1:49777 - R:localhost/127.0.0.1:56607]
20:00:51.833 [Forwarding isElementEnabled on session 4f9335fd1d2c3bf8da17b44d7cc6a7af to remote] DEBUG org.asynchttpclient.netty.request.NettyRequestSender - Using pooled Channel '[id: 0x257791bb, L:/127.0.0.1:49777 - R:localhost/127.0.0.1:56607]' for 'GET' to 'http://localhost:56607/session/4f9335fd1d2c3bf8da17b44d7cc6a7af/element/f2109691-ec3f-421d-9f9c-8e91061a92de/enabled'
20:00:51.833 [Forwarding isElementEnabled on session 4f9335fd1d2c3bf8da17b44d7cc6a7af to remote] DEBUG org.asynchttpclient.netty.request.NettyRequestSender - Using open Channel [id: 0x257791bb, L:/127.0.0.1:49777 - R:localhost/127.0.0.1:56607] for GET '/session/4f9335fd1d2c3bf8da17b44d7cc6a7af/element/f2109691-ec3f-421d-9f9c-8e91061a92de/enabled'
20:00:51.839 [AsyncHttpClient-1-7] DEBUG org.asynchttpclient.netty.handler.HttpHandler - 

Request DefaultFullHttpRequest(decodeResult: success, version: HTTP/1.1, content: EmptyByteBufBE)
GET /session/4f9335fd1d2c3bf8da17b44d7cc6a7af/element/f2109691-ec3f-421d-9f9c-8e91061a92de/enabled HTTP/1.1
User-Agent: selenium/4.1.2 (java windows)
Cache-Control: no-cache
Content-Type: application/json; charset=utf-8
host: localhost:56607
accept: */*

Response DefaultHttpResponse(decodeResult: success, version: HTTP/1.1)
HTTP/1.1 200 OK
Content-Type: application/json; charset=utf-8
cache-control: no-cache
content-length: 14

20:00:51.839 [AsyncHttpClient-1-7] DEBUG org.asynchttpclient.netty.channel.ChannelManager - Adding key: http://localhost:56607 for channel [id: 0x257791bb, L:/127.0.0.1:49777 - R:localhost/127.0.0.1:56607]
20:00:51.839 [Forwarding isElementEnabled on session 4f9335fd1d2c3bf8da17b44d7cc6a7af to remote] DEBUG org.asynchttpclient.netty.request.NettyRequestSender - Using pooled Channel '[id: 0x257791bb, L:/127.0.0.1:49777 - R:localhost/127.0.0.1:56607]' for 'GET' to 'http://localhost:56607/session/4f9335fd1d2c3bf8da17b44d7cc6a7af/element/f2109691-ec3f-421d-9f9c-8e91061a92de/enabled'
20:00:51.839 [Forwarding isElementEnabled on session 4f9335fd1d2c3bf8da17b44d7cc6a7af to remote] DEBUG org.asynchttpclient.netty.request.NettyRequestSender - Using open Channel [id: 0x257791bb, L:/127.0.0.1:49777 - R:localhost/127.0.0.1:56607] for GET '/session/4f9335fd1d2c3bf8da17b44d7cc6a7af/element/f2109691-ec3f-421d-9f9c-8e91061a92de/enabled'
20:00:51.846 [AsyncHttpClient-1-7] DEBUG org.asynchttpclient.netty.handler.HttpHandler - 

Request DefaultFullHttpRequest(decodeResult: success, version: HTTP/1.1, content: EmptyByteBufBE)
GET /session/4f9335fd1d2c3bf8da17b44d7cc6a7af/element/f2109691-ec3f-421d-9f9c-8e91061a92de/enabled HTTP/1.1
User-Agent: selenium/4.1.2 (java windows)
Cache-Control: no-cache
Content-Type: application/json; charset=utf-8
host: localhost:56607
accept: */*

Response DefaultHttpResponse(decodeResult: success, version: HTTP/1.1)
HTTP/1.1 200 OK
Content-Type: application/json; charset=utf-8
cache-control: no-cache
content-length: 14

20:00:51.846 [AsyncHttpClient-1-7] DEBUG org.asynchttpclient.netty.channel.ChannelManager - Adding key: http://localhost:56607 for channel [id: 0x257791bb, L:/127.0.0.1:49777 - R:localhost/127.0.0.1:56607]
20:00:51.849 [Forwarding findElement on session 4f9335fd1d2c3bf8da17b44d7cc6a7af to remote] DEBUG org.asynchttpclient.netty.request.NettyRequestSender - Using pooled Channel '[id: 0x257791bb, L:/127.0.0.1:49777 - R:localhost/127.0.0.1:56607]' for 'POST' to 'http://localhost:56607/session/4f9335fd1d2c3bf8da17b44d7cc6a7af/element'
20:00:51.849 [Forwarding findElement on session 4f9335fd1d2c3bf8da17b44d7cc6a7af to remote] DEBUG org.asynchttpclient.netty.request.NettyRequestSender - Using open Channel [id: 0x257791bb, L:/127.0.0.1:49777 - R:localhost/127.0.0.1:56607] for POST '/session/4f9335fd1d2c3bf8da17b44d7cc6a7af/element'
20:00:51.854 [AsyncHttpClient-1-7] DEBUG org.asynchttpclient.netty.handler.HttpHandler - 

Request DefaultHttpRequest(decodeResult: success, version: HTTP/1.1)
POST /session/4f9335fd1d2c3bf8da17b44d7cc6a7af/element HTTP/1.1
User-Agent: selenium/4.1.2 (java windows)
Content-Length: 141
Content-Type: application/json; charset=utf-8
host: localhost:56607
accept: */*

Response DefaultHttpResponse(decodeResult: success, version: HTTP/1.1)
HTTP/1.1 200 OK
Content-Type: application/json; charset=utf-8
cache-control: no-cache
content-length: 88

20:00:51.854 [AsyncHttpClient-1-7] DEBUG org.asynchttpclient.netty.channel.ChannelManager - Adding key: http://localhost:56607 for channel [id: 0x257791bb, L:/127.0.0.1:49777 - R:localhost/127.0.0.1:56607]
20:00:51.854 [Forwarding clickElement on session 4f9335fd1d2c3bf8da17b44d7cc6a7af to remote] DEBUG org.asynchttpclient.netty.request.NettyRequestSender - Using pooled Channel '[id: 0x257791bb, L:/127.0.0.1:49777 - R:localhost/127.0.0.1:56607]' for 'POST' to 'http://localhost:56607/session/4f9335fd1d2c3bf8da17b44d7cc6a7af/element/f2109691-ec3f-421d-9f9c-8e91061a92de/click'
20:00:51.854 [Forwarding clickElement on session 4f9335fd1d2c3bf8da17b44d7cc6a7af to remote] DEBUG org.asynchttpclient.netty.request.NettyRequestSender - Using open Channel [id: 0x257791bb, L:/127.0.0.1:49777 - R:localhost/127.0.0.1:56607] for POST '/session/4f9335fd1d2c3bf8da17b44d7cc6a7af/element/f2109691-ec3f-421d-9f9c-8e91061a92de/click'
20:00:51.885 [AsyncHttpClient-1-7] DEBUG org.asynchttpclient.netty.handler.HttpHandler - 

Request DefaultHttpRequest(decodeResult: success, version: HTTP/1.1)
POST /session/4f9335fd1d2c3bf8da17b44d7cc6a7af/element/f2109691-ec3f-421d-9f9c-8e91061a92de/click HTTP/1.1
User-Agent: selenium/4.1.2 (java windows)
Content-Length: 50
Content-Type: application/json; charset=utf-8
host: localhost:56607
accept: */*

Response DefaultHttpResponse(decodeResult: success, version: HTTP/1.1)
HTTP/1.1 200 OK
Content-Type: application/json; charset=utf-8
cache-control: no-cache
content-length: 14

20:00:51.885 [AsyncHttpClient-1-7] DEBUG org.asynchttpclient.netty.channel.ChannelManager - Adding key: http://localhost:56607 for channel [id: 0x257791bb, L:/127.0.0.1:49777 - R:localhost/127.0.0.1:56607]
  &amp#27;[32mAnd &amp#27;[0m&amp#27;[32mI click login button&amp#27;[0m                      &amp#27;[90m# starter.steps.LoginStep.iClickLoginButton()&amp#27;[0m
20:00:51.892 [Forwarding screenshot on session 4f9335fd1d2c3bf8da17b44d7cc6a7af to remote] DEBUG org.asynchttpclient.netty.request.NettyRequestSender - Using pooled Channel '[id: 0x257791bb, L:/127.0.0.1:49777 - R:localhost/127.0.0.1:56607]' for 'GET' to 'http://localhost:56607/session/4f9335fd1d2c3bf8da17b44d7cc6a7af/screenshot'
20:00:51.892 [Forwarding screenshot on session 4f9335fd1d2c3bf8da17b44d7cc6a7af to remote] DEBUG org.asynchttpclient.netty.request.NettyRequestSender - Using open Channel [id: 0x257791bb, L:/127.0.0.1:49777 - R:localhost/127.0.0.1:56607] for GET '/session/4f9335fd1d2c3bf8da17b44d7cc6a7af/screenshot'
20:00:52.106 [AsyncHttpClient-1-7] DEBUG org.asynchttpclient.netty.handler.HttpHandler - 

Request DefaultFullHttpRequest(decodeResult: success, version: HTTP/1.1, content: EmptyByteBufBE)
GET /session/4f9335fd1d2c3bf8da17b44d7cc6a7af/screenshot HTTP/1.1
User-Agent: selenium/4.1.2 (java windows)
Cache-Control: no-cache
Content-Type: application/json; charset=utf-8
host: localhost:56607
accept: */*

Response DefaultHttpResponse(decodeResult: success, version: HTTP/1.1)
HTTP/1.1 200 OK
Content-Type: application/json; charset=utf-8
cache-control: no-cache
content-length: 49816

20:00:52.106 [AsyncHttpClient-1-7] DEBUG org.asynchttpclient.netty.channel.ChannelManager - Adding key: http://localhost:56607 for channel [id: 0x257791bb, L:/127.0.0.1:49777 - R:localhost/127.0.0.1:56607]
20:00:52.107 [main] DEBUG net.serenitybdd.core.photography.Darkroom - Send negative for processing for target\site\serenity\5f6433fbb26e1f1e135c1cdb7d5a9880c749fe4adab492742e9effd150901877.png
20:00:52.107 [Darkroom Processing Line] DEBUG net.serenitybdd.core.photography.DarkroomProcessingLine - Processing screenshot image in /var/screenshots/screenshot-1500223958435945701
20:00:52.107 [Darkroom Processing Line] DEBUG net.serenitybdd.core.photography.DarkroomProcessingLine - Saving screenshot to target\site\serenity\5f6433fbb26e1f1e135c1cdb7d5a9880c749fe4adab492742e9effd150901877.png
20:00:52.115 [Forwarding findElement on session 4f9335fd1d2c3bf8da17b44d7cc6a7af to remote] DEBUG org.asynchttpclient.netty.request.NettyRequestSender - Using pooled Channel '[id: 0x257791bb, L:/127.0.0.1:49777 - R:localhost/127.0.0.1:56607]' for 'POST' to 'http://localhost:56607/session/4f9335fd1d2c3bf8da17b44d7cc6a7af/element'
20:00:52.115 [Forwarding findElement on session 4f9335fd1d2c3bf8da17b44d7cc6a7af to remote] DEBUG org.asynchttpclient.netty.request.NettyRequestSender - Using open Channel [id: 0x257791bb, L:/127.0.0.1:49777 - R:localhost/127.0.0.1:56607] for POST '/session/4f9335fd1d2c3bf8da17b44d7cc6a7af/element'
20:00:52.505 [AsyncHttpClient-1-7] DEBUG org.asynchttpclient.netty.handler.HttpHandler - 

Request DefaultHttpRequest(decodeResult: success, version: HTTP/1.1)
POST /session/4f9335fd1d2c3bf8da17b44d7cc6a7af/element HTTP/1.1
User-Agent: selenium/4.1.2 (java windows)
Content-Length: 79
Content-Type: application/json; charset=utf-8
host: localhost:56607
accept: */*

Response DefaultHttpResponse(decodeResult: success, version: HTTP/1.1)
HTTP/1.1 200 OK
Content-Type: application/json; charset=utf-8
cache-control: no-cache
content-length: 88

20:00:52.505 [AsyncHttpClient-1-7] DEBUG org.asynchttpclient.netty.channel.ChannelManager - Adding key: http://localhost:56607 for channel [id: 0x257791bb, L:/127.0.0.1:49777 - R:localhost/127.0.0.1:56607]
20:00:52.508 [Forwarding isElementDisplayed on session 4f9335fd1d2c3bf8da17b44d7cc6a7af to remote] DEBUG org.asynchttpclient.netty.request.NettyRequestSender - Using pooled Channel '[id: 0x257791bb, L:/127.0.0.1:49777 - R:localhost/127.0.0.1:56607]' for 'POST' to 'http://localhost:56607/session/4f9335fd1d2c3bf8da17b44d7cc6a7af/execute/sync'
20:00:52.508 [Forwarding isElementDisplayed on session 4f9335fd1d2c3bf8da17b44d7cc6a7af to remote] DEBUG org.asynchttpclient.netty.request.NettyRequestSender - Using open Channel [id: 0x257791bb, L:/127.0.0.1:49777 - R:localhost/127.0.0.1:56607] for POST '/session/4f9335fd1d2c3bf8da17b44d7cc6a7af/execute/sync'
20:00:52.521 [AsyncHttpClient-1-7] DEBUG org.asynchttpclient.netty.handler.HttpHandler - 

Request DefaultHttpRequest(decodeResult: success, version: HTTP/1.1)
POST /session/4f9335fd1d2c3bf8da17b44d7cc6a7af/execute/sync HTTP/1.1
User-Agent: selenium/4.1.2 (java windows)
Content-Length: 48780
Content-Type: application/json; charset=utf-8
host: localhost:56607
accept: */*

Response DefaultHttpResponse(decodeResult: success, version: HTTP/1.1)
HTTP/1.1 200 OK
Content-Type: application/json; charset=utf-8
cache-control: no-cache
content-length: 14

20:00:52.521 [AsyncHttpClient-1-7] DEBUG org.asynchttpclient.netty.channel.ChannelManager - Adding key: http://localhost:56607 for channel [id: 0x257791bb, L:/127.0.0.1:49777 - R:localhost/127.0.0.1:56607]
  &amp#27;[32mThen &amp#27;[0m&amp#27;[32mi get &amp#27;[0m&amp#27;[32m&amp#27;[1m"error message"&amp#27;[0m&amp#27;[32m result&amp#27;[0m             &amp#27;[90m# starter.steps.LoginStep.iGetResult(java.lang.String)&amp#27;[0m
20:00:52.523 [Forwarding screenshot on session 4f9335fd1d2c3bf8da17b44d7cc6a7af to remote] DEBUG org.asynchttpclient.netty.request.NettyRequestSender - Using pooled Channel '[id: 0x257791bb, L:/127.0.0.1:49777 - R:localhost/127.0.0.1:56607]' for 'GET' to 'http://localhost:56607/session/4f9335fd1d2c3bf8da17b44d7cc6a7af/screenshot'
20:00:52.523 [Forwarding screenshot on session 4f9335fd1d2c3bf8da17b44d7cc6a7af to remote] DEBUG org.asynchttpclient.netty.request.NettyRequestSender - Using open Channel [id: 0x257791bb, L:/127.0.0.1:49777 - R:localhost/127.0.0.1:56607] for GET '/session/4f9335fd1d2c3bf8da17b44d7cc6a7af/screenshot'
20:00:52.758 [AsyncHttpClient-1-7] DEBUG org.asynchttpclient.netty.handler.HttpHandler - 

Request DefaultFullHttpRequest(decodeResult: success, version: HTTP/1.1, content: EmptyByteBufBE)
GET /session/4f9335fd1d2c3bf8da17b44d7cc6a7af/screenshot HTTP/1.1
User-Agent: selenium/4.1.2 (java windows)
Cache-Control: no-cache
Content-Type: application/json; charset=utf-8
host: localhost:56607
accept: */*

Response DefaultHttpResponse(decodeResult: success, version: HTTP/1.1)
HTTP/1.1 200 OK
Content-Type: application/json; charset=utf-8
cache-control: no-cache
content-length: 54616

20:00:52.758 [AsyncHttpClient-1-7] DEBUG org.asynchttpclient.netty.channel.ChannelManager - Adding key: http://localhost:56607 for channel [id: 0x257791bb, L:/127.0.0.1:49777 - R:localhost/127.0.0.1:56607]
20:00:52.761 [main] DEBUG net.serenitybdd.core.photography.Darkroom - Send negative for processing for target\site\serenity\a4f9fcfa6239fc032f66805e56efb327b0565bb2da90f96c601ba3fda5471088.png
20:00:52.762 [Darkroom Processing Line] DEBUG net.serenitybdd.core.photography.DarkroomProcessingLine - Processing screenshot image in /var/screenshots/screenshot-11275778117378012233
20:00:52.762 [Darkroom Processing Line] DEBUG net.serenitybdd.core.photography.DarkroomProcessingLine - Saving screenshot to target\site\serenity\a4f9fcfa6239fc032f66805e56efb327b0565bb2da90f96c601ba3fda5471088.png
20:00:52.766 [AsyncHttpClient-1-6] DEBUG org.asynchttpclient.netty.handler.WebSocketHandler - Channel Closed: [id: 0xa4913f81, L:/127.0.0.1:49323 ! R:localhost/127.0.0.1:49315] with attribute NettyResponseFuture{currentRetry=5,
	isDone=1,
	isCancelled=0,
	asyncHandler=org.asynchttpclient.ws.WebSocketUpgradeHandler@7869ca54,
	nettyRequest=org.asynchttpclient.netty.request.NettyRequest@460f423f,
	future=java.util.concurrent.CompletableFuture@1510b55c[Completed normally],
	uri=ws://localhost:49315/devtools/browser/dc9ff673-8be6-43e5-ac59-165964138e66,
	keepAlive=true,
	redirectCount=0,
	timeoutsHolder=null,
	inAuth=0,
	touch=1667220905421}
20:00:52.766 [Driver Command Executor] DEBUG org.asynchttpclient.netty.request.NettyRequestSender - Using pooled Channel '[id: 0x257791bb, L:/127.0.0.1:49777 - R:localhost/127.0.0.1:56607]' for 'DELETE' to 'http://localhost:56607/session/4f9335fd1d2c3bf8da17b44d7cc6a7af'
20:00:52.766 [Driver Command Executor] DEBUG org.asynchttpclient.netty.request.NettyRequestSender - Using open Channel [id: 0x257791bb, L:/127.0.0.1:49777 - R:localhost/127.0.0.1:56607] for DELETE '/session/4f9335fd1d2c3bf8da17b44d7cc6a7af'
20:00:52.766 [AsyncHttpClient-1-6] DEBUG org.asynchttpclient.netty.channel.ChannelManager - Closing Channel [id: 0xa4913f81, L:/127.0.0.1:49323 ! R:localhost/127.0.0.1:49315] 
20:00:52.863 [AsyncHttpClient-1-7] DEBUG org.asynchttpclient.netty.handler.HttpHandler - 

Request DefaultFullHttpRequest(decodeResult: success, version: HTTP/1.1, content: EmptyByteBufBE)
DELETE /session/4f9335fd1d2c3bf8da17b44d7cc6a7af HTTP/1.1
User-Agent: selenium/4.1.2 (java windows)
Content-Type: application/json; charset=utf-8
host: localhost:56607
accept: */*

Response DefaultHttpResponse(decodeResult: success, version: HTTP/1.1)
HTTP/1.1 200 OK
Content-Type: application/json; charset=utf-8
cache-control: no-cache
content-length: 14

20:00:52.863 [AsyncHttpClient-1-7] DEBUG org.asynchttpclient.netty.channel.ChannelManager - Adding key: http://localhost:56607 for channel [id: 0x257791bb, L:/127.0.0.1:49777 - R:localhost/127.0.0.1:56607]
20:00:52.903 [AsyncHttpClient-1-1] DEBUG org.asynchttpclient.netty.channel.DefaultChannelPool - Entry count for : http://localhost:56607 : 1
20:00:52.926 [AsyncHttpClient-1-7] DEBUG org.asynchttpclient.netty.handler.HttpHandler - Channel Closed: [id: 0x257791bb, L:/127.0.0.1:49777 ! R:localhost/127.0.0.1:56607] with attribute DISCARD
]]></system-out>
    <system-err><![CDATA[Starting ChromeDriver 106.0.5249.61 (511755355844955cd3e264779baf0dd38212a4d0-refs/branch-heads/5249@{#569}) on port 56607
Only local connections are allowed.
Please see https://chromedriver.chromium.org/security-considerations for suggestions on keeping ChromeDriver safe.
ChromeDriver was started successfully.
Oct 31, 2022 7:55:05 PM org.openqa.selenium.remote.ProtocolHandshake createSession
INFO: Detected dialect: W3C
Oct 31, 2022 7:55:05 PM org.openqa.selenium.devtools.CdpVersionFinder findNearestMatch
WARNING: Unable to find an exact match for CDP version 106, so returning the closest version found: a no-op implementation
Oct 31, 2022 7:55:05 PM org.openqa.selenium.devtools.CdpVersionFinder findNearestMatch
INFO: Unable to find CDP implementation matching 106.
Oct 31, 2022 7:55:05 PM org.openqa.selenium.chromium.ChromiumDriver lambda$new$3
WARNING: Unable to find version of CDP to use for . You may need to include a dependency on a specific version of the CDP using something similar to `org.seleniumhq.selenium:selenium-devtools-v86:4.1.2` where the version ("v86") matches the version of the chromium-based browser you're using and the version number of the artifact is the same as Selenium's.
[1667221205.435][SEVERE]: Timed out receiving message from renderer: 299.434
[1667221205.436][SEVERE]: Timed out receiving message from renderer: 299.434
]]></system-err>
  </testcase>
  <testcase name="login with email and password #4" classname="Login" time="37.58">
    <system-out><![CDATA[
@Login
Scenario Outline: login with email and password &amp#27;[90m# src/test/resources/features/login/login.feature:19&amp#27;[0m
20:00:52.956 [main] INFO io.cucumber.core.plugin.SerenityReporter - Running feature from file:///D:/TIC/Kampus%20Merdeka/MSIB/Studi%20Independen/Alterra/MiniProject/MiniProjWeb/src/test/resources/features/login/login.feature
20:00:52.963 [main] INFO net.serenitybdd.core.webdriver.driverproviders.ChromeDriverProvider - Using automatically driver download
20:00:53.054 [main] DEBUG io.github.bonigarcia.wdm.cache.ResolutionCache - Resolution chrome=106 in cache (valid until 20:51:33 31/10/2022 ICT)
20:00:53.056 [main] DEBUG io.github.bonigarcia.wdm.cache.ResolutionCache - Resolution chrome106=106.0.5249.61 in cache (valid until 17:34:34 01/11/2022 ICT)
20:00:53.064 [main] INFO io.github.bonigarcia.wdm.WebDriverManager - Using chromedriver 106.0.5249.61 (resolved driver for Chrome 106)
20:00:53.072 [main] DEBUG io.github.bonigarcia.wdm.WebDriverManager - Driver chromedriver 106.0.5249.61 found in cache
20:00:53.073 [main] INFO io.github.bonigarcia.wdm.WebDriverManager - Exporting webdriver.chrome.driver as C:\Users\user\.cache\selenium\chromedriver\win32\106.0.5249.61\chromedriver.exe
20:00:53.178 [main] DEBUG net.serenitybdd.core.webdriver.driverproviders.ProvideNewDriver - Instantiating driver
20:00:53.178 [main] DEBUG net.serenitybdd.core.webdriver.driverproviders.ProvideNewDriver - Driver capabilities: Capabilities {acceptInsecureCerts: false, base.url: https://alta-shop.vercel.app, browserName: chrome, chrome.driver: src/test/resources/webdrive..., driver: chrome, goog:chromeOptions: {args: [], extensions: []}, wait.for.timeout: 500}
20:00:53.234 [AsyncHttpClient-1-8] DEBUG org.asynchttpclient.netty.channel.NettyConnectListener - Using new Channel '[id: 0x87855991, L:/127.0.0.1:49956 - R:localhost/127.0.0.1:56847]' for 'POST' to '/session'
20:00:53.953 [AsyncHttpClient-1-8] DEBUG org.asynchttpclient.netty.handler.HttpHandler - 

Request DefaultHttpRequest(decodeResult: success, version: HTTP/1.1)
POST /session HTTP/1.1
User-Agent: selenium/4.1.2 (java windows)
Content-Length: 638
Content-Type: application/json; charset=utf-8
host: localhost:56847
accept: */*

Response DefaultHttpResponse(decodeResult: success, version: HTTP/1.1)
HTTP/1.1 200 OK
Content-Type: application/json; charset=utf-8
cache-control: no-cache
content-length: 789

20:00:53.953 [AsyncHttpClient-1-8] DEBUG org.asynchttpclient.netty.channel.ChannelManager - Adding key: http://localhost:56847 for channel [id: 0x87855991, L:/127.0.0.1:49956 - R:localhost/127.0.0.1:56847]
20:00:53.956 [AsyncHttpClient-1-9] DEBUG org.asynchttpclient.netty.channel.NettyConnectListener - Using new Channel '[id: 0x2dcc3788, L:/127.0.0.1:49965 - R:localhost/127.0.0.1:49957]' for 'GET' to '/json/version'
20:00:53.956 [AsyncHttpClient-1-9] DEBUG org.asynchttpclient.netty.handler.HttpHandler - 

Request DefaultFullHttpRequest(decodeResult: success, version: HTTP/1.1, content: EmptyByteBufBE)
GET /json/version HTTP/1.1
User-Agent: selenium/4.1.2 (java windows)
host: localhost:49957
accept: */*

Response DefaultHttpResponse(decodeResult: success, version: HTTP/1.1)
HTTP/1.1 200 OK
Content-Type: application/json; charset=UTF-8
content-length: 424

20:00:53.956 [AsyncHttpClient-1-9] DEBUG org.asynchttpclient.netty.channel.ChannelManager - Adding key: http://localhost:49957 for channel [id: 0x2dcc3788, L:/127.0.0.1:49965 - R:localhost/127.0.0.1:49957]
20:00:53.958 [AsyncHttpClient-1-2] DEBUG org.asynchttpclient.netty.channel.NettyConnectListener - Using new Channel '[id: 0x23e68626, L:/127.0.0.1:49966 - R:localhost/127.0.0.1:49957]' for 'GET' to '/devtools/browser/f6a2f92d-a61c-457a-aa53-246205e1b094'
20:00:53.959 [AsyncHttpClient-1-2] DEBUG org.asynchttpclient.netty.handler.WebSocketHandler - 

Request DefaultFullHttpRequest(decodeResult: success, version: HTTP/1.1, content: EmptyByteBufBE)
GET /devtools/browser/f6a2f92d-a61c-457a-aa53-246205e1b094 HTTP/1.1
upgrade: websocket
connection: upgrade
sec-websocket-key: /4WYIueRlrrFjsgzAGGs3w==
sec-websocket-version: 13
origin: http://localhost:49957
host: localhost:49957
accept: */*
user-agent: AHC/2.1

Response DefaultHttpResponse(decodeResult: success, version: HTTP/1.1)
HTTP/1.1 101 WebSocket Protocol Handshake
Upgrade: WebSocket
Connection: Upgrade
Sec-WebSocket-Accept: W4iM4/WpYQlEJlaTF0kOrkvSLY4=

20:00:53.961 [Forwarding get on session 6a18dcb2d9cfb6bade19da5a482596b2 to remote] DEBUG org.asynchttpclient.netty.request.NettyRequestSender - Using pooled Channel '[id: 0x87855991, L:/127.0.0.1:49956 - R:localhost/127.0.0.1:56847]' for 'POST' to 'http://localhost:56847/session/6a18dcb2d9cfb6bade19da5a482596b2/url'
20:00:53.962 [Forwarding get on session 6a18dcb2d9cfb6bade19da5a482596b2 to remote] DEBUG org.asynchttpclient.netty.request.NettyRequestSender - Using open Channel [id: 0x87855991, L:/127.0.0.1:49956 - R:localhost/127.0.0.1:56847] for POST '/session/6a18dcb2d9cfb6bade19da5a482596b2/url'
20:00:54.004 [AsyncHttpClient-1-1] DEBUG org.asynchttpclient.netty.channel.DefaultChannelPool - Entry count for : http://localhost:49957 : 1
20:00:54.005 [AsyncHttpClient-1-1] DEBUG org.asynchttpclient.netty.channel.DefaultChannelPool - Entry count for : http://localhost:56607 : 1
20:00:54.005 [AsyncHttpClient-1-1] DEBUG org.asynchttpclient.netty.channel.DefaultChannelPool - Adding Candidate expired Channel [id: 0x257791bb, L:/127.0.0.1:49777 ! R:localhost/127.0.0.1:56607] isIdleTimeoutExpired=false isRemotelyClosed=true isTtlExpired=false
20:00:54.005 [AsyncHttpClient-1-1] DEBUG org.asynchttpclient.netty.channel.DefaultChannelPool - Closing Idle Channel [id: 0x257791bb, L:/127.0.0.1:49777 ! R:localhost/127.0.0.1:56607]
20:00:54.005 [AsyncHttpClient-1-1] DEBUG org.asynchttpclient.netty.channel.DefaultChannelPool - Closed 1 connections out of 2 in 0 ms
20:00:55.108 [AsyncHttpClient-1-1] DEBUG org.asynchttpclient.netty.channel.DefaultChannelPool - Entry count for : http://localhost:49957 : 1
20:00:56.198 [AsyncHttpClient-1-1] DEBUG org.asynchttpclient.netty.channel.DefaultChannelPool - Entry count for : http://localhost:49957 : 1
20:00:57.299 [AsyncHttpClient-1-1] DEBUG org.asynchttpclient.netty.channel.DefaultChannelPool - Entry count for : http://localhost:49957 : 1
20:00:58.406 [AsyncHttpClient-1-1] DEBUG org.asynchttpclient.netty.channel.DefaultChannelPool - Entry count for : http://localhost:49957 : 1
20:00:59.511 [AsyncHttpClient-1-1] DEBUG org.asynchttpclient.netty.channel.DefaultChannelPool - Entry count for : http://localhost:49957 : 1
20:01:00.598 [AsyncHttpClient-1-1] DEBUG org.asynchttpclient.netty.channel.DefaultChannelPool - Entry count for : http://localhost:49957 : 1
20:01:01.703 [AsyncHttpClient-1-1] DEBUG org.asynchttpclient.netty.channel.DefaultChannelPool - Entry count for : http://localhost:49957 : 1
20:01:02.804 [AsyncHttpClient-1-1] DEBUG org.asynchttpclient.netty.channel.DefaultChannelPool - Entry count for : http://localhost:49957 : 1
20:01:03.908 [AsyncHttpClient-1-1] DEBUG org.asynchttpclient.netty.channel.DefaultChannelPool - Entry count for : http://localhost:49957 : 1
20:01:05.008 [AsyncHttpClient-1-1] DEBUG org.asynchttpclient.netty.channel.DefaultChannelPool - Entry count for : http://localhost:49957 : 1
20:01:06.110 [AsyncHttpClient-1-1] DEBUG org.asynchttpclient.netty.channel.DefaultChannelPool - Entry count for : http://localhost:49957 : 1
20:01:07.205 [AsyncHttpClient-1-1] DEBUG org.asynchttpclient.netty.channel.DefaultChannelPool - Entry count for : http://localhost:49957 : 1
20:01:08.305 [AsyncHttpClient-1-1] DEBUG org.asynchttpclient.netty.channel.DefaultChannelPool - Entry count for : http://localhost:49957 : 1
20:01:09.401 [AsyncHttpClient-1-1] DEBUG org.asynchttpclient.netty.channel.DefaultChannelPool - Entry count for : http://localhost:49957 : 1
20:01:10.500 [AsyncHttpClient-1-1] DEBUG org.asynchttpclient.netty.channel.DefaultChannelPool - Entry count for : http://localhost:49957 : 1
20:01:11.602 [AsyncHttpClient-1-1] DEBUG org.asynchttpclient.netty.channel.DefaultChannelPool - Entry count for : http://localhost:49957 : 1
20:01:12.707 [AsyncHttpClient-1-1] DEBUG org.asynchttpclient.netty.channel.DefaultChannelPool - Entry count for : http://localhost:49957 : 1
20:01:13.806 [AsyncHttpClient-1-1] DEBUG org.asynchttpclient.netty.channel.DefaultChannelPool - Entry count for : http://localhost:49957 : 1
20:01:14.903 [AsyncHttpClient-1-1] DEBUG org.asynchttpclient.netty.channel.DefaultChannelPool - Entry count for : http://localhost:49957 : 1
20:01:16.004 [AsyncHttpClient-1-1] DEBUG org.asynchttpclient.netty.channel.DefaultChannelPool - Entry count for : http://localhost:49957 : 1
20:01:17.109 [AsyncHttpClient-1-1] DEBUG org.asynchttpclient.netty.channel.DefaultChannelPool - Entry count for : http://localhost:49957 : 1
20:01:18.210 [AsyncHttpClient-1-1] DEBUG org.asynchttpclient.netty.channel.DefaultChannelPool - Entry count for : http://localhost:49957 : 1
20:01:19.298 [AsyncHttpClient-1-1] DEBUG org.asynchttpclient.netty.channel.DefaultChannelPool - Entry count for : http://localhost:49957 : 1
20:01:20.405 [AsyncHttpClient-1-1] DEBUG org.asynchttpclient.netty.channel.DefaultChannelPool - Entry count for : http://localhost:49957 : 1
20:01:21.509 [AsyncHttpClient-1-1] DEBUG org.asynchttpclient.netty.channel.DefaultChannelPool - Entry count for : http://localhost:49957 : 1
20:01:22.609 [AsyncHttpClient-1-1] DEBUG org.asynchttpclient.netty.channel.DefaultChannelPool - Entry count for : http://localhost:49957 : 1
20:01:23.712 [AsyncHttpClient-1-1] DEBUG org.asynchttpclient.netty.channel.DefaultChannelPool - Entry count for : http://localhost:49957 : 1
20:01:24.800 [AsyncHttpClient-1-1] DEBUG org.asynchttpclient.netty.channel.DefaultChannelPool - Entry count for : http://localhost:49957 : 1
20:01:25.898 [AsyncHttpClient-1-1] DEBUG org.asynchttpclient.netty.channel.DefaultChannelPool - Entry count for : http://localhost:49957 : 1
20:01:27.001 [AsyncHttpClient-1-1] DEBUG org.asynchttpclient.netty.channel.DefaultChannelPool - Entry count for : http://localhost:49957 : 1
20:01:28.108 [AsyncHttpClient-1-1] DEBUG org.asynchttpclient.netty.channel.DefaultChannelPool - Entry count for : http://localhost:49957 : 1
20:01:28.215 [AsyncHttpClient-1-8] DEBUG org.asynchttpclient.netty.handler.HttpHandler - 

Request DefaultHttpRequest(decodeResult: success, version: HTTP/1.1)
POST /session/6a18dcb2d9cfb6bade19da5a482596b2/url HTTP/1.1
User-Agent: selenium/4.1.2 (java windows)
Content-Length: 59
Content-Type: application/json; charset=utf-8
host: localhost:56847
accept: */*

Response DefaultHttpResponse(decodeResult: success, version: HTTP/1.1)
HTTP/1.1 200 OK
Content-Type: application/json; charset=utf-8
cache-control: no-cache
content-length: 14

20:01:28.215 [AsyncHttpClient-1-8] DEBUG org.asynchttpclient.netty.channel.ChannelManager - Adding key: http://localhost:56847 for channel [id: 0x87855991, L:/127.0.0.1:49956 - R:localhost/127.0.0.1:56847]
20:01:28.220 [Forwarding setTimeout on session 6a18dcb2d9cfb6bade19da5a482596b2 to remote] DEBUG org.asynchttpclient.netty.request.NettyRequestSender - Using pooled Channel '[id: 0x87855991, L:/127.0.0.1:49956 - R:localhost/127.0.0.1:56847]' for 'POST' to 'http://localhost:56847/session/6a18dcb2d9cfb6bade19da5a482596b2/timeouts'
20:01:28.220 [Forwarding setTimeout on session 6a18dcb2d9cfb6bade19da5a482596b2 to remote] DEBUG org.asynchttpclient.netty.request.NettyRequestSender - Using open Channel [id: 0x87855991, L:/127.0.0.1:49956 - R:localhost/127.0.0.1:56847] for POST '/session/6a18dcb2d9cfb6bade19da5a482596b2/timeouts'
20:01:28.222 [AsyncHttpClient-1-8] DEBUG org.asynchttpclient.netty.handler.HttpHandler - 

Request DefaultHttpRequest(decodeResult: success, version: HTTP/1.1)
POST /session/6a18dcb2d9cfb6bade19da5a482596b2/timeouts HTTP/1.1
User-Agent: selenium/4.1.2 (java windows)
Content-Length: 22
Content-Type: application/json; charset=utf-8
host: localhost:56847
accept: */*

Response DefaultHttpResponse(decodeResult: success, version: HTTP/1.1)
HTTP/1.1 200 OK
Content-Type: application/json; charset=utf-8
cache-control: no-cache
content-length: 14

20:01:28.223 [AsyncHttpClient-1-8] DEBUG org.asynchttpclient.netty.channel.ChannelManager - Adding key: http://localhost:56847 for channel [id: 0x87855991, L:/127.0.0.1:49956 - R:localhost/127.0.0.1:56847]
20:01:28.226 [Forwarding getCurrentUrl on session 6a18dcb2d9cfb6bade19da5a482596b2 to remote] DEBUG org.asynchttpclient.netty.request.NettyRequestSender - Using pooled Channel '[id: 0x87855991, L:/127.0.0.1:49956 - R:localhost/127.0.0.1:56847]' for 'GET' to 'http://localhost:56847/session/6a18dcb2d9cfb6bade19da5a482596b2/url'
20:01:28.226 [Forwarding getCurrentUrl on session 6a18dcb2d9cfb6bade19da5a482596b2 to remote] DEBUG org.asynchttpclient.netty.request.NettyRequestSender - Using open Channel [id: 0x87855991, L:/127.0.0.1:49956 - R:localhost/127.0.0.1:56847] for GET '/session/6a18dcb2d9cfb6bade19da5a482596b2/url'
20:01:28.231 [AsyncHttpClient-1-8] DEBUG org.asynchttpclient.netty.handler.HttpHandler - 

Request DefaultFullHttpRequest(decodeResult: success, version: HTTP/1.1, content: EmptyByteBufBE)
GET /session/6a18dcb2d9cfb6bade19da5a482596b2/url HTTP/1.1
User-Agent: selenium/4.1.2 (java windows)
Cache-Control: no-cache
Content-Type: application/json; charset=utf-8
host: localhost:56847
accept: */*

Response DefaultHttpResponse(decodeResult: success, version: HTTP/1.1)
HTTP/1.1 200 OK
Content-Type: application/json; charset=utf-8
cache-control: no-cache
content-length: 41

20:01:28.232 [AsyncHttpClient-1-8] DEBUG org.asynchttpclient.netty.channel.ChannelManager - Adding key: http://localhost:56847 for channel [id: 0x87855991, L:/127.0.0.1:49956 - R:localhost/127.0.0.1:56847]
  &amp#27;[32mGiven &amp#27;[0m&amp#27;[32mI open the website&amp#27;[0m                      &amp#27;[90m# starter.steps.RegistrationStep.iOpenTheWebsite()&amp#27;[0m
20:01:28.240 [Forwarding screenshot on session 6a18dcb2d9cfb6bade19da5a482596b2 to remote] DEBUG org.asynchttpclient.netty.request.NettyRequestSender - Using pooled Channel '[id: 0x87855991, L:/127.0.0.1:49956 - R:localhost/127.0.0.1:56847]' for 'GET' to 'http://localhost:56847/session/6a18dcb2d9cfb6bade19da5a482596b2/screenshot'
20:01:28.240 [Forwarding screenshot on session 6a18dcb2d9cfb6bade19da5a482596b2 to remote] DEBUG org.asynchttpclient.netty.request.NettyRequestSender - Using open Channel [id: 0x87855991, L:/127.0.0.1:49956 - R:localhost/127.0.0.1:56847] for GET '/session/6a18dcb2d9cfb6bade19da5a482596b2/screenshot'
20:01:28.350 [AsyncHttpClient-1-8] DEBUG org.asynchttpclient.netty.handler.HttpHandler - 

Request DefaultFullHttpRequest(decodeResult: success, version: HTTP/1.1, content: EmptyByteBufBE)
GET /session/6a18dcb2d9cfb6bade19da5a482596b2/screenshot HTTP/1.1
User-Agent: selenium/4.1.2 (java windows)
Cache-Control: no-cache
Content-Type: application/json; charset=utf-8
host: localhost:56847
accept: */*

Response DefaultHttpResponse(decodeResult: success, version: HTTP/1.1)
HTTP/1.1 200 OK
Content-Type: application/json; charset=utf-8
cache-control: no-cache
content-length: 69584

20:01:28.350 [AsyncHttpClient-1-8] DEBUG org.asynchttpclient.netty.channel.ChannelManager - Adding key: http://localhost:56847 for channel [id: 0x87855991, L:/127.0.0.1:49956 - R:localhost/127.0.0.1:56847]
20:01:28.352 [main] DEBUG net.serenitybdd.core.photography.Darkroom - Send negative for processing for target\site\serenity\5297bd387dc3249e00c2d6656fb13e2699af90824ba878fd382afd24108abb14.png
20:01:28.364 [Forwarding findElement on session 6a18dcb2d9cfb6bade19da5a482596b2 to remote] DEBUG org.asynchttpclient.netty.request.NettyRequestSender - Using pooled Channel '[id: 0x87855991, L:/127.0.0.1:49956 - R:localhost/127.0.0.1:56847]' for 'POST' to 'http://localhost:56847/session/6a18dcb2d9cfb6bade19da5a482596b2/element'
20:01:28.364 [Forwarding findElement on session 6a18dcb2d9cfb6bade19da5a482596b2 to remote] DEBUG org.asynchttpclient.netty.request.NettyRequestSender - Using open Channel [id: 0x87855991, L:/127.0.0.1:49956 - R:localhost/127.0.0.1:56847] for POST '/session/6a18dcb2d9cfb6bade19da5a482596b2/element'
20:01:28.375 [AsyncHttpClient-1-8] DEBUG org.asynchttpclient.netty.handler.HttpHandler - 

Request DefaultHttpRequest(decodeResult: success, version: HTTP/1.1)
POST /session/6a18dcb2d9cfb6bade19da5a482596b2/element HTTP/1.1
User-Agent: selenium/4.1.2 (java windows)
Content-Length: 97
Content-Type: application/json; charset=utf-8
host: localhost:56847
accept: */*

Response DefaultHttpResponse(decodeResult: success, version: HTTP/1.1)
HTTP/1.1 200 OK
Content-Type: application/json; charset=utf-8
cache-control: no-cache
content-length: 88

20:01:28.375 [AsyncHttpClient-1-8] DEBUG org.asynchttpclient.netty.channel.ChannelManager - Adding key: http://localhost:56847 for channel [id: 0x87855991, L:/127.0.0.1:49956 - R:localhost/127.0.0.1:56847]
20:01:28.376 [Forwarding getElementTagName on session 6a18dcb2d9cfb6bade19da5a482596b2 to remote] DEBUG org.asynchttpclient.netty.request.NettyRequestSender - Using pooled Channel '[id: 0x87855991, L:/127.0.0.1:49956 - R:localhost/127.0.0.1:56847]' for 'GET' to 'http://localhost:56847/session/6a18dcb2d9cfb6bade19da5a482596b2/element/9948e946-3195-439d-9c65-5950567dbec8/name'
20:01:28.376 [Forwarding getElementTagName on session 6a18dcb2d9cfb6bade19da5a482596b2 to remote] DEBUG org.asynchttpclient.netty.request.NettyRequestSender - Using open Channel [id: 0x87855991, L:/127.0.0.1:49956 - R:localhost/127.0.0.1:56847] for GET '/session/6a18dcb2d9cfb6bade19da5a482596b2/element/9948e946-3195-439d-9c65-5950567dbec8/name'
20:01:28.379 [AsyncHttpClient-1-8] DEBUG org.asynchttpclient.netty.handler.HttpHandler - 

Request DefaultFullHttpRequest(decodeResult: success, version: HTTP/1.1, content: EmptyByteBufBE)
GET /session/6a18dcb2d9cfb6bade19da5a482596b2/element/9948e946-3195-439d-9c65-5950567dbec8/name HTTP/1.1
User-Agent: selenium/4.1.2 (java windows)
Cache-Control: no-cache
Content-Type: application/json; charset=utf-8
host: localhost:56847
accept: */*

Response DefaultHttpResponse(decodeResult: success, version: HTTP/1.1)
HTTP/1.1 200 OK
Content-Type: application/json; charset=utf-8
cache-control: no-cache
content-length: 13

20:01:28.379 [AsyncHttpClient-1-8] DEBUG org.asynchttpclient.netty.channel.ChannelManager - Adding key: http://localhost:56847 for channel [id: 0x87855991, L:/127.0.0.1:49956 - R:localhost/127.0.0.1:56847]
20:01:28.383 [Forwarding getElementTagName on session 6a18dcb2d9cfb6bade19da5a482596b2 to remote] DEBUG org.asynchttpclient.netty.request.NettyRequestSender - Using pooled Channel '[id: 0x87855991, L:/127.0.0.1:49956 - R:localhost/127.0.0.1:56847]' for 'GET' to 'http://localhost:56847/session/6a18dcb2d9cfb6bade19da5a482596b2/element/9948e946-3195-439d-9c65-5950567dbec8/name'
20:01:28.383 [Forwarding getElementTagName on session 6a18dcb2d9cfb6bade19da5a482596b2 to remote] DEBUG org.asynchttpclient.netty.request.NettyRequestSender - Using open Channel [id: 0x87855991, L:/127.0.0.1:49956 - R:localhost/127.0.0.1:56847] for GET '/session/6a18dcb2d9cfb6bade19da5a482596b2/element/9948e946-3195-439d-9c65-5950567dbec8/name'
20:01:28.387 [AsyncHttpClient-1-8] DEBUG org.asynchttpclient.netty.handler.HttpHandler - 

Request DefaultFullHttpRequest(decodeResult: success, version: HTTP/1.1, content: EmptyByteBufBE)
GET /session/6a18dcb2d9cfb6bade19da5a482596b2/element/9948e946-3195-439d-9c65-5950567dbec8/name HTTP/1.1
User-Agent: selenium/4.1.2 (java windows)
Cache-Control: no-cache
Content-Type: application/json; charset=utf-8
host: localhost:56847
accept: */*

Response DefaultHttpResponse(decodeResult: success, version: HTTP/1.1)
HTTP/1.1 200 OK
Content-Type: application/json; charset=utf-8
cache-control: no-cache
content-length: 13

20:01:28.387 [AsyncHttpClient-1-8] DEBUG org.asynchttpclient.netty.channel.ChannelManager - Adding key: http://localhost:56847 for channel [id: 0x87855991, L:/127.0.0.1:49956 - R:localhost/127.0.0.1:56847]
20:01:28.389 [Forwarding findElement on session 6a18dcb2d9cfb6bade19da5a482596b2 to remote] DEBUG org.asynchttpclient.netty.request.NettyRequestSender - Using pooled Channel '[id: 0x87855991, L:/127.0.0.1:49956 - R:localhost/127.0.0.1:56847]' for 'POST' to 'http://localhost:56847/session/6a18dcb2d9cfb6bade19da5a482596b2/element'
20:01:28.389 [Forwarding findElement on session 6a18dcb2d9cfb6bade19da5a482596b2 to remote] DEBUG org.asynchttpclient.netty.request.NettyRequestSender - Using open Channel [id: 0x87855991, L:/127.0.0.1:49956 - R:localhost/127.0.0.1:56847] for POST '/session/6a18dcb2d9cfb6bade19da5a482596b2/element'
20:01:28.394 [AsyncHttpClient-1-8] DEBUG org.asynchttpclient.netty.handler.HttpHandler - 

Request DefaultHttpRequest(decodeResult: success, version: HTTP/1.1)
POST /session/6a18dcb2d9cfb6bade19da5a482596b2/element HTTP/1.1
User-Agent: selenium/4.1.2 (java windows)
Content-Length: 97
Content-Type: application/json; charset=utf-8
host: localhost:56847
accept: */*

Response DefaultHttpResponse(decodeResult: success, version: HTTP/1.1)
HTTP/1.1 200 OK
Content-Type: application/json; charset=utf-8
cache-control: no-cache
content-length: 88

20:01:28.394 [AsyncHttpClient-1-8] DEBUG org.asynchttpclient.netty.channel.ChannelManager - Adding key: http://localhost:56847 for channel [id: 0x87855991, L:/127.0.0.1:49956 - R:localhost/127.0.0.1:56847]
20:01:28.394 [Forwarding clickElement on session 6a18dcb2d9cfb6bade19da5a482596b2 to remote] DEBUG org.asynchttpclient.netty.request.NettyRequestSender - Using pooled Channel '[id: 0x87855991, L:/127.0.0.1:49956 - R:localhost/127.0.0.1:56847]' for 'POST' to 'http://localhost:56847/session/6a18dcb2d9cfb6bade19da5a482596b2/element/9948e946-3195-439d-9c65-5950567dbec8/click'
20:01:28.394 [Forwarding clickElement on session 6a18dcb2d9cfb6bade19da5a482596b2 to remote] DEBUG org.asynchttpclient.netty.request.NettyRequestSender - Using open Channel [id: 0x87855991, L:/127.0.0.1:49956 - R:localhost/127.0.0.1:56847] for POST '/session/6a18dcb2d9cfb6bade19da5a482596b2/element/9948e946-3195-439d-9c65-5950567dbec8/click'
20:01:28.446 [AsyncHttpClient-1-8] DEBUG org.asynchttpclient.netty.handler.HttpHandler - 

Request DefaultHttpRequest(decodeResult: success, version: HTTP/1.1)
POST /session/6a18dcb2d9cfb6bade19da5a482596b2/element/9948e946-3195-439d-9c65-5950567dbec8/click HTTP/1.1
User-Agent: selenium/4.1.2 (java windows)
Content-Length: 50
Content-Type: application/json; charset=utf-8
host: localhost:56847
accept: */*

Response DefaultHttpResponse(decodeResult: success, version: HTTP/1.1)
HTTP/1.1 200 OK
Content-Type: application/json; charset=utf-8
cache-control: no-cache
content-length: 14

20:01:28.448 [AsyncHttpClient-1-8] DEBUG org.asynchttpclient.netty.channel.ChannelManager - Adding key: http://localhost:56847 for channel [id: 0x87855991, L:/127.0.0.1:49956 - R:localhost/127.0.0.1:56847]
  &amp#27;[32mWhen &amp#27;[0m&amp#27;[32mI click sign in button&amp#27;[0m                   &amp#27;[90m# starter.steps.RegistrationStep.iClickSignInButton()&amp#27;[0m
20:01:28.458 [Forwarding screenshot on session 6a18dcb2d9cfb6bade19da5a482596b2 to remote] DEBUG org.asynchttpclient.netty.request.NettyRequestSender - Using pooled Channel '[id: 0x87855991, L:/127.0.0.1:49956 - R:localhost/127.0.0.1:56847]' for 'GET' to 'http://localhost:56847/session/6a18dcb2d9cfb6bade19da5a482596b2/screenshot'
20:01:28.458 [Forwarding screenshot on session 6a18dcb2d9cfb6bade19da5a482596b2 to remote] DEBUG org.asynchttpclient.netty.request.NettyRequestSender - Using open Channel [id: 0x87855991, L:/127.0.0.1:49956 - R:localhost/127.0.0.1:56847] for GET '/session/6a18dcb2d9cfb6bade19da5a482596b2/screenshot'
20:01:28.635 [AsyncHttpClient-1-8] DEBUG org.asynchttpclient.netty.handler.HttpHandler - 

Request DefaultFullHttpRequest(decodeResult: success, version: HTTP/1.1, content: EmptyByteBufBE)
GET /session/6a18dcb2d9cfb6bade19da5a482596b2/screenshot HTTP/1.1
User-Agent: selenium/4.1.2 (java windows)
Cache-Control: no-cache
Content-Type: application/json; charset=utf-8
host: localhost:56847
accept: */*

Response DefaultHttpResponse(decodeResult: success, version: HTTP/1.1)
HTTP/1.1 200 OK
Content-Type: application/json; charset=utf-8
cache-control: no-cache
content-length: 40920

20:01:28.635 [AsyncHttpClient-1-8] DEBUG org.asynchttpclient.netty.channel.ChannelManager - Adding key: http://localhost:56847 for channel [id: 0x87855991, L:/127.0.0.1:49956 - R:localhost/127.0.0.1:56847]
20:01:28.636 [main] DEBUG net.serenitybdd.core.photography.Darkroom - Send negative for processing for target\site\serenity\d5b8bb2f128fe605a421c249a8eecf9d0aef47db34bf0a86736e8680b16dadb2.png
20:01:28.636 [Darkroom Processing Line] DEBUG net.serenitybdd.core.photography.DarkroomProcessingLine - Processing screenshot image in /var/screenshots/screenshot-6453985785327959587
20:01:28.636 [Darkroom Processing Line] DEBUG net.serenitybdd.core.photography.DarkroomProcessingLine - Saving screenshot to target\site\serenity\d5b8bb2f128fe605a421c249a8eecf9d0aef47db34bf0a86736e8680b16dadb2.png
20:01:28.644 [Forwarding findElement on session 6a18dcb2d9cfb6bade19da5a482596b2 to remote] DEBUG org.asynchttpclient.netty.request.NettyRequestSender - Using pooled Channel '[id: 0x87855991, L:/127.0.0.1:49956 - R:localhost/127.0.0.1:56847]' for 'POST' to 'http://localhost:56847/session/6a18dcb2d9cfb6bade19da5a482596b2/element'
20:01:28.644 [Forwarding findElement on session 6a18dcb2d9cfb6bade19da5a482596b2 to remote] DEBUG org.asynchttpclient.netty.request.NettyRequestSender - Using open Channel [id: 0x87855991, L:/127.0.0.1:49956 - R:localhost/127.0.0.1:56847] for POST '/session/6a18dcb2d9cfb6bade19da5a482596b2/element'
20:01:28.654 [AsyncHttpClient-1-8] DEBUG org.asynchttpclient.netty.handler.HttpHandler - 

Request DefaultHttpRequest(decodeResult: success, version: HTTP/1.1)
POST /session/6a18dcb2d9cfb6bade19da5a482596b2/element HTTP/1.1
User-Agent: selenium/4.1.2 (java windows)
Content-Length: 87
Content-Type: application/json; charset=utf-8
host: localhost:56847
accept: */*

Response DefaultHttpResponse(decodeResult: success, version: HTTP/1.1)
HTTP/1.1 200 OK
Content-Type: application/json; charset=utf-8
cache-control: no-cache
content-length: 88

20:01:28.654 [AsyncHttpClient-1-8] DEBUG org.asynchttpclient.netty.channel.ChannelManager - Adding key: http://localhost:56847 for channel [id: 0x87855991, L:/127.0.0.1:49956 - R:localhost/127.0.0.1:56847]
20:01:28.655 [Forwarding clearElement on session 6a18dcb2d9cfb6bade19da5a482596b2 to remote] DEBUG org.asynchttpclient.netty.request.NettyRequestSender - Using pooled Channel '[id: 0x87855991, L:/127.0.0.1:49956 - R:localhost/127.0.0.1:56847]' for 'POST' to 'http://localhost:56847/session/6a18dcb2d9cfb6bade19da5a482596b2/element/8a05c9d7-e10d-4aad-a561-97106a5479fa/clear'
20:01:28.655 [Forwarding clearElement on session 6a18dcb2d9cfb6bade19da5a482596b2 to remote] DEBUG org.asynchttpclient.netty.request.NettyRequestSender - Using open Channel [id: 0x87855991, L:/127.0.0.1:49956 - R:localhost/127.0.0.1:56847] for POST '/session/6a18dcb2d9cfb6bade19da5a482596b2/element/8a05c9d7-e10d-4aad-a561-97106a5479fa/clear'
20:01:28.678 [AsyncHttpClient-1-8] DEBUG org.asynchttpclient.netty.handler.HttpHandler - 

Request DefaultHttpRequest(decodeResult: success, version: HTTP/1.1)
POST /session/6a18dcb2d9cfb6bade19da5a482596b2/element/8a05c9d7-e10d-4aad-a561-97106a5479fa/clear HTTP/1.1
User-Agent: selenium/4.1.2 (java windows)
Content-Length: 50
Content-Type: application/json; charset=utf-8
host: localhost:56847
accept: */*

Response DefaultHttpResponse(decodeResult: success, version: HTTP/1.1)
HTTP/1.1 200 OK
Content-Type: application/json; charset=utf-8
cache-control: no-cache
content-length: 14

20:01:28.679 [AsyncHttpClient-1-8] DEBUG org.asynchttpclient.netty.channel.ChannelManager - Adding key: http://localhost:56847 for channel [id: 0x87855991, L:/127.0.0.1:49956 - R:localhost/127.0.0.1:56847]
20:01:28.680 [Forwarding sendKeysToElement on session 6a18dcb2d9cfb6bade19da5a482596b2 to remote] DEBUG org.asynchttpclient.netty.request.NettyRequestSender - Using pooled Channel '[id: 0x87855991, L:/127.0.0.1:49956 - R:localhost/127.0.0.1:56847]' for 'POST' to 'http://localhost:56847/session/6a18dcb2d9cfb6bade19da5a482596b2/element/8a05c9d7-e10d-4aad-a561-97106a5479fa/value'
20:01:28.680 [Forwarding sendKeysToElement on session 6a18dcb2d9cfb6bade19da5a482596b2 to remote] DEBUG org.asynchttpclient.netty.request.NettyRequestSender - Using open Channel [id: 0x87855991, L:/127.0.0.1:49956 - R:localhost/127.0.0.1:56847] for POST '/session/6a18dcb2d9cfb6bade19da5a482596b2/element/8a05c9d7-e10d-4aad-a561-97106a5479fa/value'
20:01:28.802 [AsyncHttpClient-1-8] DEBUG org.asynchttpclient.netty.handler.HttpHandler - 

Request DefaultHttpRequest(decodeResult: success, version: HTTP/1.1)
POST /session/6a18dcb2d9cfb6bade19da5a482596b2/element/8a05c9d7-e10d-4aad-a561-97106a5479fa/value HTTP/1.1
User-Agent: selenium/4.1.2 (java windows)
Content-Length: 271
Content-Type: application/json; charset=utf-8
host: localhost:56847
accept: */*

Response DefaultHttpResponse(decodeResult: success, version: HTTP/1.1)
HTTP/1.1 200 OK
Content-Type: application/json; charset=utf-8
cache-control: no-cache
content-length: 14

20:01:28.803 [AsyncHttpClient-1-8] DEBUG org.asynchttpclient.netty.channel.ChannelManager - Adding key: http://localhost:56847 for channel [id: 0x87855991, L:/127.0.0.1:49956 - R:localhost/127.0.0.1:56847]
  &amp#27;[32mAnd &amp#27;[0m&amp#27;[32mI input &amp#27;[0m&amp#27;[32m&amp#27;[1m"akumaylan@gmail.com"&amp#27;[0m&amp#27;[32m email&amp#27;[0m       &amp#27;[90m# starter.steps.LoginStep.iInputEmail(java.lang.String)&amp#27;[0m
20:01:28.810 [Forwarding screenshot on session 6a18dcb2d9cfb6bade19da5a482596b2 to remote] DEBUG org.asynchttpclient.netty.request.NettyRequestSender - Using pooled Channel '[id: 0x87855991, L:/127.0.0.1:49956 - R:localhost/127.0.0.1:56847]' for 'GET' to 'http://localhost:56847/session/6a18dcb2d9cfb6bade19da5a482596b2/screenshot'
20:01:28.810 [Forwarding screenshot on session 6a18dcb2d9cfb6bade19da5a482596b2 to remote] DEBUG org.asynchttpclient.netty.request.NettyRequestSender - Using open Channel [id: 0x87855991, L:/127.0.0.1:49956 - R:localhost/127.0.0.1:56847] for GET '/session/6a18dcb2d9cfb6bade19da5a482596b2/screenshot'
20:01:29.140 [AsyncHttpClient-1-8] DEBUG org.asynchttpclient.netty.handler.HttpHandler - 

Request DefaultFullHttpRequest(decodeResult: success, version: HTTP/1.1, content: EmptyByteBufBE)
GET /session/6a18dcb2d9cfb6bade19da5a482596b2/screenshot HTTP/1.1
User-Agent: selenium/4.1.2 (java windows)
Cache-Control: no-cache
Content-Type: application/json; charset=utf-8
host: localhost:56847
accept: */*

Response DefaultHttpResponse(decodeResult: success, version: HTTP/1.1)
HTTP/1.1 200 OK
Content-Type: application/json; charset=utf-8
cache-control: no-cache
content-length: 47176

20:01:29.141 [AsyncHttpClient-1-8] DEBUG org.asynchttpclient.netty.channel.ChannelManager - Adding key: http://localhost:56847 for channel [id: 0x87855991, L:/127.0.0.1:49956 - R:localhost/127.0.0.1:56847]
20:01:29.142 [main] DEBUG net.serenitybdd.core.photography.Darkroom - Send negative for processing for target\site\serenity\5f843e6d57a909c35a9844517aa59d17fcda697e39cf4d48c3bdac5055c0bbc0.png
20:01:29.142 [Darkroom Processing Line] DEBUG net.serenitybdd.core.photography.DarkroomProcessingLine - Processing screenshot image in /var/screenshots/screenshot-12839177792863054496
20:01:29.142 [Darkroom Processing Line] DEBUG net.serenitybdd.core.photography.DarkroomProcessingLine - Saving screenshot to target\site\serenity\5f843e6d57a909c35a9844517aa59d17fcda697e39cf4d48c3bdac5055c0bbc0.png
20:01:29.147 [Forwarding findElement on session 6a18dcb2d9cfb6bade19da5a482596b2 to remote] DEBUG org.asynchttpclient.netty.request.NettyRequestSender - Using pooled Channel '[id: 0x87855991, L:/127.0.0.1:49956 - R:localhost/127.0.0.1:56847]' for 'POST' to 'http://localhost:56847/session/6a18dcb2d9cfb6bade19da5a482596b2/element'
20:01:29.147 [Forwarding findElement on session 6a18dcb2d9cfb6bade19da5a482596b2 to remote] DEBUG org.asynchttpclient.netty.request.NettyRequestSender - Using open Channel [id: 0x87855991, L:/127.0.0.1:49956 - R:localhost/127.0.0.1:56847] for POST '/session/6a18dcb2d9cfb6bade19da5a482596b2/element'
20:01:29.158 [AsyncHttpClient-1-8] DEBUG org.asynchttpclient.netty.handler.HttpHandler - 

Request DefaultHttpRequest(decodeResult: success, version: HTTP/1.1)
POST /session/6a18dcb2d9cfb6bade19da5a482596b2/element HTTP/1.1
User-Agent: selenium/4.1.2 (java windows)
Content-Length: 89
Content-Type: application/json; charset=utf-8
host: localhost:56847
accept: */*

Response DefaultHttpResponse(decodeResult: success, version: HTTP/1.1)
HTTP/1.1 200 OK
Content-Type: application/json; charset=utf-8
cache-control: no-cache
content-length: 88

20:01:29.158 [AsyncHttpClient-1-8] DEBUG org.asynchttpclient.netty.channel.ChannelManager - Adding key: http://localhost:56847 for channel [id: 0x87855991, L:/127.0.0.1:49956 - R:localhost/127.0.0.1:56847]
20:01:29.158 [Forwarding clearElement on session 6a18dcb2d9cfb6bade19da5a482596b2 to remote] DEBUG org.asynchttpclient.netty.request.NettyRequestSender - Using pooled Channel '[id: 0x87855991, L:/127.0.0.1:49956 - R:localhost/127.0.0.1:56847]' for 'POST' to 'http://localhost:56847/session/6a18dcb2d9cfb6bade19da5a482596b2/element/fe6ee5c2-870d-443a-b407-6c77a3312ecf/clear'
20:01:29.158 [Forwarding clearElement on session 6a18dcb2d9cfb6bade19da5a482596b2 to remote] DEBUG org.asynchttpclient.netty.request.NettyRequestSender - Using open Channel [id: 0x87855991, L:/127.0.0.1:49956 - R:localhost/127.0.0.1:56847] for POST '/session/6a18dcb2d9cfb6bade19da5a482596b2/element/fe6ee5c2-870d-443a-b407-6c77a3312ecf/clear'
20:01:29.187 [AsyncHttpClient-1-8] DEBUG org.asynchttpclient.netty.handler.HttpHandler - 

Request DefaultHttpRequest(decodeResult: success, version: HTTP/1.1)
POST /session/6a18dcb2d9cfb6bade19da5a482596b2/element/fe6ee5c2-870d-443a-b407-6c77a3312ecf/clear HTTP/1.1
User-Agent: selenium/4.1.2 (java windows)
Content-Length: 50
Content-Type: application/json; charset=utf-8
host: localhost:56847
accept: */*

Response DefaultHttpResponse(decodeResult: success, version: HTTP/1.1)
HTTP/1.1 200 OK
Content-Type: application/json; charset=utf-8
cache-control: no-cache
content-length: 14

20:01:29.187 [AsyncHttpClient-1-8] DEBUG org.asynchttpclient.netty.channel.ChannelManager - Adding key: http://localhost:56847 for channel [id: 0x87855991, L:/127.0.0.1:49956 - R:localhost/127.0.0.1:56847]
20:01:29.189 [Forwarding sendKeysToElement on session 6a18dcb2d9cfb6bade19da5a482596b2 to remote] DEBUG org.asynchttpclient.netty.request.NettyRequestSender - Using pooled Channel '[id: 0x87855991, L:/127.0.0.1:49956 - R:localhost/127.0.0.1:56847]' for 'POST' to 'http://localhost:56847/session/6a18dcb2d9cfb6bade19da5a482596b2/element/fe6ee5c2-870d-443a-b407-6c77a3312ecf/value'
20:01:29.189 [Forwarding sendKeysToElement on session 6a18dcb2d9cfb6bade19da5a482596b2 to remote] DEBUG org.asynchttpclient.netty.request.NettyRequestSender - Using open Channel [id: 0x87855991, L:/127.0.0.1:49956 - R:localhost/127.0.0.1:56847] for POST '/session/6a18dcb2d9cfb6bade19da5a482596b2/element/fe6ee5c2-870d-443a-b407-6c77a3312ecf/value'
20:01:29.209 [AsyncHttpClient-1-1] DEBUG org.asynchttpclient.netty.channel.DefaultChannelPool - Entry count for : http://localhost:49957 : 1
20:01:29.265 [AsyncHttpClient-1-8] DEBUG org.asynchttpclient.netty.handler.HttpHandler - 

Request DefaultHttpRequest(decodeResult: success, version: HTTP/1.1)
POST /session/6a18dcb2d9cfb6bade19da5a482596b2/element/fe6ee5c2-870d-443a-b407-6c77a3312ecf/value HTTP/1.1
User-Agent: selenium/4.1.2 (java windows)
Content-Length: 221
Content-Type: application/json; charset=utf-8
host: localhost:56847
accept: */*

Response DefaultHttpResponse(decodeResult: success, version: HTTP/1.1)
HTTP/1.1 200 OK
Content-Type: application/json; charset=utf-8
cache-control: no-cache
content-length: 14

20:01:29.265 [AsyncHttpClient-1-8] DEBUG org.asynchttpclient.netty.channel.ChannelManager - Adding key: http://localhost:56847 for channel [id: 0x87855991, L:/127.0.0.1:49956 - R:localhost/127.0.0.1:56847]
  &amp#27;[32mAnd &amp#27;[0m&amp#27;[32mI input &amp#27;[0m&amp#27;[32m&amp#27;[1m"passwordmaylan"&amp#27;[0m&amp#27;[32m password&amp#27;[0m         &amp#27;[90m# starter.steps.LoginStep.iInputPassword(java.lang.String)&amp#27;[0m
20:01:29.270 [Forwarding screenshot on session 6a18dcb2d9cfb6bade19da5a482596b2 to remote] DEBUG org.asynchttpclient.netty.request.NettyRequestSender - Using pooled Channel '[id: 0x87855991, L:/127.0.0.1:49956 - R:localhost/127.0.0.1:56847]' for 'GET' to 'http://localhost:56847/session/6a18dcb2d9cfb6bade19da5a482596b2/screenshot'
20:01:29.270 [Forwarding screenshot on session 6a18dcb2d9cfb6bade19da5a482596b2 to remote] DEBUG org.asynchttpclient.netty.request.NettyRequestSender - Using open Channel [id: 0x87855991, L:/127.0.0.1:49956 - R:localhost/127.0.0.1:56847] for GET '/session/6a18dcb2d9cfb6bade19da5a482596b2/screenshot'
20:01:29.508 [AsyncHttpClient-1-8] DEBUG org.asynchttpclient.netty.handler.HttpHandler - 

Request DefaultFullHttpRequest(decodeResult: success, version: HTTP/1.1, content: EmptyByteBufBE)
GET /session/6a18dcb2d9cfb6bade19da5a482596b2/screenshot HTTP/1.1
User-Agent: selenium/4.1.2 (java windows)
Cache-Control: no-cache
Content-Type: application/json; charset=utf-8
host: localhost:56847
accept: */*

Response DefaultHttpResponse(decodeResult: success, version: HTTP/1.1)
HTTP/1.1 200 OK
Content-Type: application/json; charset=utf-8
cache-control: no-cache
content-length: 52348

20:01:29.508 [AsyncHttpClient-1-8] DEBUG org.asynchttpclient.netty.channel.ChannelManager - Adding key: http://localhost:56847 for channel [id: 0x87855991, L:/127.0.0.1:49956 - R:localhost/127.0.0.1:56847]
20:01:29.509 [main] DEBUG net.serenitybdd.core.photography.Darkroom - Send negative for processing for target\site\serenity\ec082f4f0f994ab3362a4cb8e72f83bd153c1a5754a315fb5e00900a8bf7680e.png
20:01:29.510 [Darkroom Processing Line] DEBUG net.serenitybdd.core.photography.DarkroomProcessingLine - Processing screenshot image in /var/screenshots/screenshot-9304721016147912703
20:01:29.510 [Darkroom Processing Line] DEBUG net.serenitybdd.core.photography.DarkroomProcessingLine - Saving screenshot to target\site\serenity\ec082f4f0f994ab3362a4cb8e72f83bd153c1a5754a315fb5e00900a8bf7680e.png
20:01:29.520 [Forwarding findElement on session 6a18dcb2d9cfb6bade19da5a482596b2 to remote] DEBUG org.asynchttpclient.netty.request.NettyRequestSender - Using pooled Channel '[id: 0x87855991, L:/127.0.0.1:49956 - R:localhost/127.0.0.1:56847]' for 'POST' to 'http://localhost:56847/session/6a18dcb2d9cfb6bade19da5a482596b2/element'
20:01:29.520 [Forwarding findElement on session 6a18dcb2d9cfb6bade19da5a482596b2 to remote] DEBUG org.asynchttpclient.netty.request.NettyRequestSender - Using open Channel [id: 0x87855991, L:/127.0.0.1:49956 - R:localhost/127.0.0.1:56847] for POST '/session/6a18dcb2d9cfb6bade19da5a482596b2/element'
20:01:29.532 [AsyncHttpClient-1-8] DEBUG org.asynchttpclient.netty.handler.HttpHandler - 

Request DefaultHttpRequest(decodeResult: success, version: HTTP/1.1)
POST /session/6a18dcb2d9cfb6bade19da5a482596b2/element HTTP/1.1
User-Agent: selenium/4.1.2 (java windows)
Content-Length: 141
Content-Type: application/json; charset=utf-8
host: localhost:56847
accept: */*

Response DefaultHttpResponse(decodeResult: success, version: HTTP/1.1)
HTTP/1.1 200 OK
Content-Type: application/json; charset=utf-8
cache-control: no-cache
content-length: 88

20:01:29.532 [AsyncHttpClient-1-8] DEBUG org.asynchttpclient.netty.channel.ChannelManager - Adding key: http://localhost:56847 for channel [id: 0x87855991, L:/127.0.0.1:49956 - R:localhost/127.0.0.1:56847]
20:01:29.532 [Forwarding getElementTagName on session 6a18dcb2d9cfb6bade19da5a482596b2 to remote] DEBUG org.asynchttpclient.netty.request.NettyRequestSender - Using pooled Channel '[id: 0x87855991, L:/127.0.0.1:49956 - R:localhost/127.0.0.1:56847]' for 'GET' to 'http://localhost:56847/session/6a18dcb2d9cfb6bade19da5a482596b2/element/2a782251-f6c9-4919-84e1-6b55d5afe19c/name'
20:01:29.532 [Forwarding getElementTagName on session 6a18dcb2d9cfb6bade19da5a482596b2 to remote] DEBUG org.asynchttpclient.netty.request.NettyRequestSender - Using open Channel [id: 0x87855991, L:/127.0.0.1:49956 - R:localhost/127.0.0.1:56847] for GET '/session/6a18dcb2d9cfb6bade19da5a482596b2/element/2a782251-f6c9-4919-84e1-6b55d5afe19c/name'
20:01:29.540 [AsyncHttpClient-1-8] DEBUG org.asynchttpclient.netty.handler.HttpHandler - 

Request DefaultFullHttpRequest(decodeResult: success, version: HTTP/1.1, content: EmptyByteBufBE)
GET /session/6a18dcb2d9cfb6bade19da5a482596b2/element/2a782251-f6c9-4919-84e1-6b55d5afe19c/name HTTP/1.1
User-Agent: selenium/4.1.2 (java windows)
Cache-Control: no-cache
Content-Type: application/json; charset=utf-8
host: localhost:56847
accept: */*

Response DefaultHttpResponse(decodeResult: success, version: HTTP/1.1)
HTTP/1.1 200 OK
Content-Type: application/json; charset=utf-8
cache-control: no-cache
content-length: 18

20:01:29.540 [AsyncHttpClient-1-8] DEBUG org.asynchttpclient.netty.channel.ChannelManager - Adding key: http://localhost:56847 for channel [id: 0x87855991, L:/127.0.0.1:49956 - R:localhost/127.0.0.1:56847]
20:01:29.541 [Forwarding getElementTagName on session 6a18dcb2d9cfb6bade19da5a482596b2 to remote] DEBUG org.asynchttpclient.netty.request.NettyRequestSender - Using pooled Channel '[id: 0x87855991, L:/127.0.0.1:49956 - R:localhost/127.0.0.1:56847]' for 'GET' to 'http://localhost:56847/session/6a18dcb2d9cfb6bade19da5a482596b2/element/2a782251-f6c9-4919-84e1-6b55d5afe19c/name'
20:01:29.541 [Forwarding getElementTagName on session 6a18dcb2d9cfb6bade19da5a482596b2 to remote] DEBUG org.asynchttpclient.netty.request.NettyRequestSender - Using open Channel [id: 0x87855991, L:/127.0.0.1:49956 - R:localhost/127.0.0.1:56847] for GET '/session/6a18dcb2d9cfb6bade19da5a482596b2/element/2a782251-f6c9-4919-84e1-6b55d5afe19c/name'
20:01:29.544 [AsyncHttpClient-1-8] DEBUG org.asynchttpclient.netty.handler.HttpHandler - 

Request DefaultFullHttpRequest(decodeResult: success, version: HTTP/1.1, content: EmptyByteBufBE)
GET /session/6a18dcb2d9cfb6bade19da5a482596b2/element/2a782251-f6c9-4919-84e1-6b55d5afe19c/name HTTP/1.1
User-Agent: selenium/4.1.2 (java windows)
Cache-Control: no-cache
Content-Type: application/json; charset=utf-8
host: localhost:56847
accept: */*

Response DefaultHttpResponse(decodeResult: success, version: HTTP/1.1)
HTTP/1.1 200 OK
Content-Type: application/json; charset=utf-8
cache-control: no-cache
content-length: 18

20:01:29.544 [AsyncHttpClient-1-8] DEBUG org.asynchttpclient.netty.channel.ChannelManager - Adding key: http://localhost:56847 for channel [id: 0x87855991, L:/127.0.0.1:49956 - R:localhost/127.0.0.1:56847]
20:01:29.545 [Forwarding isElementEnabled on session 6a18dcb2d9cfb6bade19da5a482596b2 to remote] DEBUG org.asynchttpclient.netty.request.NettyRequestSender - Using pooled Channel '[id: 0x87855991, L:/127.0.0.1:49956 - R:localhost/127.0.0.1:56847]' for 'GET' to 'http://localhost:56847/session/6a18dcb2d9cfb6bade19da5a482596b2/element/2a782251-f6c9-4919-84e1-6b55d5afe19c/enabled'
20:01:29.546 [Forwarding isElementEnabled on session 6a18dcb2d9cfb6bade19da5a482596b2 to remote] DEBUG org.asynchttpclient.netty.request.NettyRequestSender - Using open Channel [id: 0x87855991, L:/127.0.0.1:49956 - R:localhost/127.0.0.1:56847] for GET '/session/6a18dcb2d9cfb6bade19da5a482596b2/element/2a782251-f6c9-4919-84e1-6b55d5afe19c/enabled'
20:01:29.556 [AsyncHttpClient-1-8] DEBUG org.asynchttpclient.netty.handler.HttpHandler - 

Request DefaultFullHttpRequest(decodeResult: success, version: HTTP/1.1, content: EmptyByteBufBE)
GET /session/6a18dcb2d9cfb6bade19da5a482596b2/element/2a782251-f6c9-4919-84e1-6b55d5afe19c/enabled HTTP/1.1
User-Agent: selenium/4.1.2 (java windows)
Cache-Control: no-cache
Content-Type: application/json; charset=utf-8
host: localhost:56847
accept: */*

Response DefaultHttpResponse(decodeResult: success, version: HTTP/1.1)
HTTP/1.1 200 OK
Content-Type: application/json; charset=utf-8
cache-control: no-cache
content-length: 14

20:01:29.557 [AsyncHttpClient-1-8] DEBUG org.asynchttpclient.netty.channel.ChannelManager - Adding key: http://localhost:56847 for channel [id: 0x87855991, L:/127.0.0.1:49956 - R:localhost/127.0.0.1:56847]
20:01:29.558 [Forwarding isElementEnabled on session 6a18dcb2d9cfb6bade19da5a482596b2 to remote] DEBUG org.asynchttpclient.netty.request.NettyRequestSender - Using pooled Channel '[id: 0x87855991, L:/127.0.0.1:49956 - R:localhost/127.0.0.1:56847]' for 'GET' to 'http://localhost:56847/session/6a18dcb2d9cfb6bade19da5a482596b2/element/2a782251-f6c9-4919-84e1-6b55d5afe19c/enabled'
20:01:29.558 [Forwarding isElementEnabled on session 6a18dcb2d9cfb6bade19da5a482596b2 to remote] DEBUG org.asynchttpclient.netty.request.NettyRequestSender - Using open Channel [id: 0x87855991, L:/127.0.0.1:49956 - R:localhost/127.0.0.1:56847] for GET '/session/6a18dcb2d9cfb6bade19da5a482596b2/element/2a782251-f6c9-4919-84e1-6b55d5afe19c/enabled'
20:01:29.562 [AsyncHttpClient-1-8] DEBUG org.asynchttpclient.netty.handler.HttpHandler - 

Request DefaultFullHttpRequest(decodeResult: success, version: HTTP/1.1, content: EmptyByteBufBE)
GET /session/6a18dcb2d9cfb6bade19da5a482596b2/element/2a782251-f6c9-4919-84e1-6b55d5afe19c/enabled HTTP/1.1
User-Agent: selenium/4.1.2 (java windows)
Cache-Control: no-cache
Content-Type: application/json; charset=utf-8
host: localhost:56847
accept: */*

Response DefaultHttpResponse(decodeResult: success, version: HTTP/1.1)
HTTP/1.1 200 OK
Content-Type: application/json; charset=utf-8
cache-control: no-cache
content-length: 14

20:01:29.562 [AsyncHttpClient-1-8] DEBUG org.asynchttpclient.netty.channel.ChannelManager - Adding key: http://localhost:56847 for channel [id: 0x87855991, L:/127.0.0.1:49956 - R:localhost/127.0.0.1:56847]
20:01:29.575 [Forwarding findElement on session 6a18dcb2d9cfb6bade19da5a482596b2 to remote] DEBUG org.asynchttpclient.netty.request.NettyRequestSender - Using pooled Channel '[id: 0x87855991, L:/127.0.0.1:49956 - R:localhost/127.0.0.1:56847]' for 'POST' to 'http://localhost:56847/session/6a18dcb2d9cfb6bade19da5a482596b2/element'
20:01:29.575 [Forwarding findElement on session 6a18dcb2d9cfb6bade19da5a482596b2 to remote] DEBUG org.asynchttpclient.netty.request.NettyRequestSender - Using open Channel [id: 0x87855991, L:/127.0.0.1:49956 - R:localhost/127.0.0.1:56847] for POST '/session/6a18dcb2d9cfb6bade19da5a482596b2/element'
20:01:29.583 [AsyncHttpClient-1-8] DEBUG org.asynchttpclient.netty.handler.HttpHandler - 

Request DefaultHttpRequest(decodeResult: success, version: HTTP/1.1)
POST /session/6a18dcb2d9cfb6bade19da5a482596b2/element HTTP/1.1
User-Agent: selenium/4.1.2 (java windows)
Content-Length: 141
Content-Type: application/json; charset=utf-8
host: localhost:56847
accept: */*

Response DefaultHttpResponse(decodeResult: success, version: HTTP/1.1)
HTTP/1.1 200 OK
Content-Type: application/json; charset=utf-8
cache-control: no-cache
content-length: 88

20:01:29.583 [AsyncHttpClient-1-8] DEBUG org.asynchttpclient.netty.channel.ChannelManager - Adding key: http://localhost:56847 for channel [id: 0x87855991, L:/127.0.0.1:49956 - R:localhost/127.0.0.1:56847]
20:01:29.586 [Forwarding clickElement on session 6a18dcb2d9cfb6bade19da5a482596b2 to remote] DEBUG org.asynchttpclient.netty.request.NettyRequestSender - Using pooled Channel '[id: 0x87855991, L:/127.0.0.1:49956 - R:localhost/127.0.0.1:56847]' for 'POST' to 'http://localhost:56847/session/6a18dcb2d9cfb6bade19da5a482596b2/element/2a782251-f6c9-4919-84e1-6b55d5afe19c/click'
20:01:29.586 [Forwarding clickElement on session 6a18dcb2d9cfb6bade19da5a482596b2 to remote] DEBUG org.asynchttpclient.netty.request.NettyRequestSender - Using open Channel [id: 0x87855991, L:/127.0.0.1:49956 - R:localhost/127.0.0.1:56847] for POST '/session/6a18dcb2d9cfb6bade19da5a482596b2/element/2a782251-f6c9-4919-84e1-6b55d5afe19c/click'
20:01:29.623 [AsyncHttpClient-1-8] DEBUG org.asynchttpclient.netty.handler.HttpHandler - 

Request DefaultHttpRequest(decodeResult: success, version: HTTP/1.1)
POST /session/6a18dcb2d9cfb6bade19da5a482596b2/element/2a782251-f6c9-4919-84e1-6b55d5afe19c/click HTTP/1.1
User-Agent: selenium/4.1.2 (java windows)
Content-Length: 50
Content-Type: application/json; charset=utf-8
host: localhost:56847
accept: */*

Response DefaultHttpResponse(decodeResult: success, version: HTTP/1.1)
HTTP/1.1 200 OK
Content-Type: application/json; charset=utf-8
cache-control: no-cache
content-length: 14

20:01:29.623 [AsyncHttpClient-1-8] DEBUG org.asynchttpclient.netty.channel.ChannelManager - Adding key: http://localhost:56847 for channel [id: 0x87855991, L:/127.0.0.1:49956 - R:localhost/127.0.0.1:56847]
  &amp#27;[32mAnd &amp#27;[0m&amp#27;[32mI click login button&amp#27;[0m                      &amp#27;[90m# starter.steps.LoginStep.iClickLoginButton()&amp#27;[0m
20:01:29.626 [Forwarding screenshot on session 6a18dcb2d9cfb6bade19da5a482596b2 to remote] DEBUG org.asynchttpclient.netty.request.NettyRequestSender - Using pooled Channel '[id: 0x87855991, L:/127.0.0.1:49956 - R:localhost/127.0.0.1:56847]' for 'GET' to 'http://localhost:56847/session/6a18dcb2d9cfb6bade19da5a482596b2/screenshot'
20:01:29.626 [Forwarding screenshot on session 6a18dcb2d9cfb6bade19da5a482596b2 to remote] DEBUG org.asynchttpclient.netty.request.NettyRequestSender - Using open Channel [id: 0x87855991, L:/127.0.0.1:49956 - R:localhost/127.0.0.1:56847] for GET '/session/6a18dcb2d9cfb6bade19da5a482596b2/screenshot'
20:01:29.841 [AsyncHttpClient-1-8] DEBUG org.asynchttpclient.netty.handler.HttpHandler - 

Request DefaultFullHttpRequest(decodeResult: success, version: HTTP/1.1, content: EmptyByteBufBE)
GET /session/6a18dcb2d9cfb6bade19da5a482596b2/screenshot HTTP/1.1
User-Agent: selenium/4.1.2 (java windows)
Cache-Control: no-cache
Content-Type: application/json; charset=utf-8
host: localhost:56847
accept: */*

Response DefaultHttpResponse(decodeResult: success, version: HTTP/1.1)
HTTP/1.1 200 OK
Content-Type: application/json; charset=utf-8
cache-control: no-cache
content-length: 51272

20:01:29.841 [AsyncHttpClient-1-8] DEBUG org.asynchttpclient.netty.channel.ChannelManager - Adding key: http://localhost:56847 for channel [id: 0x87855991, L:/127.0.0.1:49956 - R:localhost/127.0.0.1:56847]
20:01:29.843 [main] DEBUG net.serenitybdd.core.photography.Darkroom - Send negative for processing for target\site\serenity\799b68e4f9f46692a3499c5957c326d019179fe9235fb5a32b0d429e835ac905.png
20:01:29.845 [Darkroom Processing Line] DEBUG net.serenitybdd.core.photography.DarkroomProcessingLine - Processing screenshot image in /var/screenshots/screenshot-840602796514798578
20:01:29.845 [Darkroom Processing Line] DEBUG net.serenitybdd.core.photography.DarkroomProcessingLine - Saving screenshot to target\site\serenity\799b68e4f9f46692a3499c5957c326d019179fe9235fb5a32b0d429e835ac905.png
20:01:29.853 [Forwarding findElement on session 6a18dcb2d9cfb6bade19da5a482596b2 to remote] DEBUG org.asynchttpclient.netty.request.NettyRequestSender - Using pooled Channel '[id: 0x87855991, L:/127.0.0.1:49956 - R:localhost/127.0.0.1:56847]' for 'POST' to 'http://localhost:56847/session/6a18dcb2d9cfb6bade19da5a482596b2/element'
20:01:29.853 [Forwarding findElement on session 6a18dcb2d9cfb6bade19da5a482596b2 to remote] DEBUG org.asynchttpclient.netty.request.NettyRequestSender - Using open Channel [id: 0x87855991, L:/127.0.0.1:49956 - R:localhost/127.0.0.1:56847] for POST '/session/6a18dcb2d9cfb6bade19da5a482596b2/element'
20:01:30.178 [AsyncHttpClient-1-8] DEBUG org.asynchttpclient.netty.handler.HttpHandler - 

Request DefaultHttpRequest(decodeResult: success, version: HTTP/1.1)
POST /session/6a18dcb2d9cfb6bade19da5a482596b2/element HTTP/1.1
User-Agent: selenium/4.1.2 (java windows)
Content-Length: 79
Content-Type: application/json; charset=utf-8
host: localhost:56847
accept: */*

Response DefaultHttpResponse(decodeResult: success, version: HTTP/1.1)
HTTP/1.1 200 OK
Content-Type: application/json; charset=utf-8
cache-control: no-cache
content-length: 88

20:01:30.178 [AsyncHttpClient-1-8] DEBUG org.asynchttpclient.netty.channel.ChannelManager - Adding key: http://localhost:56847 for channel [id: 0x87855991, L:/127.0.0.1:49956 - R:localhost/127.0.0.1:56847]
20:01:30.180 [Forwarding isElementDisplayed on session 6a18dcb2d9cfb6bade19da5a482596b2 to remote] DEBUG org.asynchttpclient.netty.request.NettyRequestSender - Using pooled Channel '[id: 0x87855991, L:/127.0.0.1:49956 - R:localhost/127.0.0.1:56847]' for 'POST' to 'http://localhost:56847/session/6a18dcb2d9cfb6bade19da5a482596b2/execute/sync'
20:01:30.180 [Forwarding isElementDisplayed on session 6a18dcb2d9cfb6bade19da5a482596b2 to remote] DEBUG org.asynchttpclient.netty.request.NettyRequestSender - Using open Channel [id: 0x87855991, L:/127.0.0.1:49956 - R:localhost/127.0.0.1:56847] for POST '/session/6a18dcb2d9cfb6bade19da5a482596b2/execute/sync'
20:01:30.194 [AsyncHttpClient-1-8] DEBUG org.asynchttpclient.netty.handler.HttpHandler - 

Request DefaultHttpRequest(decodeResult: success, version: HTTP/1.1)
POST /session/6a18dcb2d9cfb6bade19da5a482596b2/execute/sync HTTP/1.1
User-Agent: selenium/4.1.2 (java windows)
Content-Length: 48780
Content-Type: application/json; charset=utf-8
host: localhost:56847
accept: */*

Response DefaultHttpResponse(decodeResult: success, version: HTTP/1.1)
HTTP/1.1 200 OK
Content-Type: application/json; charset=utf-8
cache-control: no-cache
content-length: 14

20:01:30.194 [AsyncHttpClient-1-8] DEBUG org.asynchttpclient.netty.channel.ChannelManager - Adding key: http://localhost:56847 for channel [id: 0x87855991, L:/127.0.0.1:49956 - R:localhost/127.0.0.1:56847]
  &amp#27;[32mThen &amp#27;[0m&amp#27;[32mi get &amp#27;[0m&amp#27;[32m&amp#27;[1m"error message"&amp#27;[0m&amp#27;[32m result&amp#27;[0m             &amp#27;[90m# starter.steps.LoginStep.iGetResult(java.lang.String)&amp#27;[0m
20:01:30.198 [Forwarding screenshot on session 6a18dcb2d9cfb6bade19da5a482596b2 to remote] DEBUG org.asynchttpclient.netty.request.NettyRequestSender - Using pooled Channel '[id: 0x87855991, L:/127.0.0.1:49956 - R:localhost/127.0.0.1:56847]' for 'GET' to 'http://localhost:56847/session/6a18dcb2d9cfb6bade19da5a482596b2/screenshot'
20:01:30.198 [Forwarding screenshot on session 6a18dcb2d9cfb6bade19da5a482596b2 to remote] DEBUG org.asynchttpclient.netty.request.NettyRequestSender - Using open Channel [id: 0x87855991, L:/127.0.0.1:49956 - R:localhost/127.0.0.1:56847] for GET '/session/6a18dcb2d9cfb6bade19da5a482596b2/screenshot'
20:01:30.310 [AsyncHttpClient-1-1] DEBUG org.asynchttpclient.netty.channel.DefaultChannelPool - Entry count for : http://localhost:49957 : 1
20:01:30.405 [AsyncHttpClient-1-8] DEBUG org.asynchttpclient.netty.handler.HttpHandler - 

Request DefaultFullHttpRequest(decodeResult: success, version: HTTP/1.1, content: EmptyByteBufBE)
GET /session/6a18dcb2d9cfb6bade19da5a482596b2/screenshot HTTP/1.1
User-Agent: selenium/4.1.2 (java windows)
Cache-Control: no-cache
Content-Type: application/json; charset=utf-8
host: localhost:56847
accept: */*

Response DefaultHttpResponse(decodeResult: success, version: HTTP/1.1)
HTTP/1.1 200 OK
Content-Type: application/json; charset=utf-8
cache-control: no-cache
content-length: 56204

20:01:30.405 [AsyncHttpClient-1-8] DEBUG org.asynchttpclient.netty.channel.ChannelManager - Adding key: http://localhost:56847 for channel [id: 0x87855991, L:/127.0.0.1:49956 - R:localhost/127.0.0.1:56847]
20:01:30.408 [main] DEBUG net.serenitybdd.core.photography.Darkroom - Send negative for processing for target\site\serenity\37ea7905e674a6a3278252a5777ea9bafe506af7803f3e4bb124e68f2b0e1d1a.png
20:01:30.408 [Darkroom Processing Line] DEBUG net.serenitybdd.core.photography.DarkroomProcessingLine - Processing screenshot image in /var/screenshots/screenshot-182643206319723029
20:01:30.408 [Darkroom Processing Line] DEBUG net.serenitybdd.core.photography.DarkroomProcessingLine - Saving screenshot to target\site\serenity\37ea7905e674a6a3278252a5777ea9bafe506af7803f3e4bb124e68f2b0e1d1a.png
20:01:30.414 [AsyncHttpClient-1-2] DEBUG org.asynchttpclient.netty.handler.WebSocketHandler - Channel Closed: [id: 0x23e68626, L:/127.0.0.1:49966 ! R:localhost/127.0.0.1:49957] with attribute NettyResponseFuture{currentRetry=5,
	isDone=1,
	isCancelled=0,
	asyncHandler=org.asynchttpclient.ws.WebSocketUpgradeHandler@6dd69aa0,
	nettyRequest=org.asynchttpclient.netty.request.NettyRequest@5f8db778,
	future=java.util.concurrent.CompletableFuture@1719718c[Completed normally],
	uri=ws://localhost:49957/devtools/browser/f6a2f92d-a61c-457a-aa53-246205e1b094,
	keepAlive=true,
	redirectCount=0,
	timeoutsHolder=null,
	inAuth=0,
	touch=1667221253959}
20:01:30.414 [AsyncHttpClient-1-2] DEBUG org.asynchttpclient.netty.channel.ChannelManager - Closing Channel [id: 0x23e68626, L:/127.0.0.1:49966 ! R:localhost/127.0.0.1:49957] 
20:01:30.415 [Driver Command Executor] DEBUG org.asynchttpclient.netty.request.NettyRequestSender - Using pooled Channel '[id: 0x87855991, L:/127.0.0.1:49956 - R:localhost/127.0.0.1:56847]' for 'DELETE' to 'http://localhost:56847/session/6a18dcb2d9cfb6bade19da5a482596b2'
20:01:30.415 [Driver Command Executor] DEBUG org.asynchttpclient.netty.request.NettyRequestSender - Using open Channel [id: 0x87855991, L:/127.0.0.1:49956 - R:localhost/127.0.0.1:56847] for DELETE '/session/6a18dcb2d9cfb6bade19da5a482596b2'
20:01:30.453 [AsyncHttpClient-1-9] DEBUG org.asynchttpclient.netty.handler.HttpHandler - Unexpected I/O exception on channel [id: 0x2dcc3788, L:/127.0.0.1:49965 - R:localhost/127.0.0.1:49957]
java.io.IOException: An existing connection was forcibly closed by the remote host
	at java.base/sun.nio.ch.SocketDispatcher.read0(Native Method)
	at java.base/sun.nio.ch.SocketDispatcher.read(SocketDispatcher.java:43)
	at java.base/sun.nio.ch.IOUtil.readIntoNativeBuffer(IOUtil.java:276)
	at java.base/sun.nio.ch.IOUtil.read(IOUtil.java:233)
	at java.base/sun.nio.ch.IOUtil.read(IOUtil.java:223)
	at java.base/sun.nio.ch.SocketChannelImpl.read(SocketChannelImpl.java:358)
	at io.netty.buffer.PooledByteBuf.setBytes(PooledByteBuf.java:258)
	at io.netty.buffer.AbstractByteBuf.writeBytes(AbstractByteBuf.java:1132)
	at io.netty.channel.socket.nio.NioSocketChannel.doReadBytes(NioSocketChannel.java:350)
	at io.netty.channel.nio.AbstractNioByteChannel$NioByteUnsafe.read(AbstractNioByteChannel.java:151)
	at io.netty.channel.nio.NioEventLoop.processSelectedKey(NioEventLoop.java:722)
	at io.netty.channel.nio.NioEventLoop.processSelectedKeysOptimized(NioEventLoop.java:658)
	at io.netty.channel.nio.NioEventLoop.processSelectedKeys(NioEventLoop.java:584)
	at io.netty.channel.nio.NioEventLoop.run(NioEventLoop.java:496)
	at io.netty.util.concurrent.SingleThreadEventExecutor$4.run(SingleThreadEventExecutor.java:986)
	at io.netty.util.internal.ThreadExecutorMap$2.run(ThreadExecutorMap.java:74)
	at io.netty.util.concurrent.FastThreadLocalRunnable.run(FastThreadLocalRunnable.java:30)
	at java.base/java.lang.Thread.run(Thread.java:834)
20:01:30.453 [AsyncHttpClient-1-9] DEBUG org.asynchttpclient.netty.channel.ChannelManager - Closing Channel [id: 0x2dcc3788, L:/127.0.0.1:49965 - R:localhost/127.0.0.1:49957] 
20:01:30.453 [AsyncHttpClient-1-9] DEBUG org.asynchttpclient.netty.handler.HttpHandler - Channel Closed: [id: 0x2dcc3788, L:/127.0.0.1:49965 ! R:localhost/127.0.0.1:49957] with attribute DISCARD
20:01:30.475 [AsyncHttpClient-1-8] DEBUG org.asynchttpclient.netty.handler.HttpHandler - 

Request DefaultFullHttpRequest(decodeResult: success, version: HTTP/1.1, content: EmptyByteBufBE)
DELETE /session/6a18dcb2d9cfb6bade19da5a482596b2 HTTP/1.1
User-Agent: selenium/4.1.2 (java windows)
Content-Type: application/json; charset=utf-8
host: localhost:56847
accept: */*

Response DefaultHttpResponse(decodeResult: success, version: HTTP/1.1)
HTTP/1.1 200 OK
Content-Type: application/json; charset=utf-8
cache-control: no-cache
content-length: 14

20:01:30.475 [AsyncHttpClient-1-8] DEBUG org.asynchttpclient.netty.channel.ChannelManager - Adding key: http://localhost:56847 for channel [id: 0x87855991, L:/127.0.0.1:49956 - R:localhost/127.0.0.1:56847]
20:01:30.511 [AsyncHttpClient-1-8] DEBUG org.asynchttpclient.netty.handler.HttpHandler - Channel Closed: [id: 0x87855991, L:/127.0.0.1:49956 ! R:localhost/127.0.0.1:56847] with attribute DISCARD
]]></system-out>
    <system-err><![CDATA[Starting ChromeDriver 106.0.5249.61 (511755355844955cd3e264779baf0dd38212a4d0-refs/branch-heads/5249@{#569}) on port 56847
Only local connections are allowed.
Please see https://chromedriver.chromium.org/security-considerations for suggestions on keeping ChromeDriver safe.
ChromeDriver was started successfully.
Oct 31, 2022 8:00:53 PM org.openqa.selenium.remote.ProtocolHandshake createSession
INFO: Detected dialect: W3C
Oct 31, 2022 8:00:53 PM org.openqa.selenium.devtools.CdpVersionFinder findNearestMatch
WARNING: Unable to find an exact match for CDP version 106, so returning the closest version found: a no-op implementation
Oct 31, 2022 8:00:53 PM org.openqa.selenium.devtools.CdpVersionFinder findNearestMatch
INFO: Unable to find CDP implementation matching 106.
Oct 31, 2022 8:00:53 PM org.openqa.selenium.chromium.ChromiumDriver lambda$new$3
WARNING: Unable to find version of CDP to use for . You may need to include a dependency on a specific version of the CDP using something similar to `org.seleniumhq.selenium:selenium-devtools-v86:4.1.2` where the version ("v86") matches the version of the chromium-based browser you're using and the version number of the artifact is the same as Selenium's.
]]></system-err>
  </testcase>
  <testcase name="login with email and password #5" classname="Login" time="45.337">
    <system-out><![CDATA[
@Login
Scenario Outline: login with email and password &amp#27;[90m# src/test/resources/features/login/login.feature:20&amp#27;[0m
20:01:30.540 [main] INFO io.cucumber.core.plugin.SerenityReporter - Running feature from file:///D:/TIC/Kampus%20Merdeka/MSIB/Studi%20Independen/Alterra/MiniProject/MiniProjWeb/src/test/resources/features/login/login.feature
20:01:30.553 [main] INFO net.serenitybdd.core.webdriver.driverproviders.ChromeDriverProvider - Using automatically driver download
20:01:30.672 [main] DEBUG io.github.bonigarcia.wdm.cache.ResolutionCache - Resolution chrome=106 in cache (valid until 20:51:33 31/10/2022 ICT)
20:01:30.675 [main] DEBUG io.github.bonigarcia.wdm.cache.ResolutionCache - Resolution chrome106=106.0.5249.61 in cache (valid until 17:34:34 01/11/2022 ICT)
20:01:30.675 [main] INFO io.github.bonigarcia.wdm.WebDriverManager - Using chromedriver 106.0.5249.61 (resolved driver for Chrome 106)
20:01:30.686 [main] DEBUG io.github.bonigarcia.wdm.WebDriverManager - Driver chromedriver 106.0.5249.61 found in cache
20:01:30.686 [main] INFO io.github.bonigarcia.wdm.WebDriverManager - Exporting webdriver.chrome.driver as C:\Users\user\.cache\selenium\chromedriver\win32\106.0.5249.61\chromedriver.exe
20:01:30.765 [main] DEBUG net.serenitybdd.core.webdriver.driverproviders.ProvideNewDriver - Instantiating driver
20:01:30.766 [main] DEBUG net.serenitybdd.core.webdriver.driverproviders.ProvideNewDriver - Driver capabilities: Capabilities {acceptInsecureCerts: false, base.url: https://alta-shop.vercel.app, browserName: chrome, chrome.driver: src/test/resources/webdrive..., driver: chrome, goog:chromeOptions: {args: [], extensions: []}, wait.for.timeout: 500}
20:01:30.830 [AsyncHttpClient-1-3] DEBUG org.asynchttpclient.netty.channel.NettyConnectListener - Using new Channel '[id: 0x7185fd32, L:/127.0.0.1:50018 - R:localhost/127.0.0.1:50042]' for 'POST' to '/session'
20:01:31.403 [AsyncHttpClient-1-1] DEBUG org.asynchttpclient.netty.channel.DefaultChannelPool - Entry count for : http://localhost:49957 : 1
20:01:31.403 [AsyncHttpClient-1-1] DEBUG org.asynchttpclient.netty.channel.DefaultChannelPool - Entry count for : http://localhost:56847 : 1
20:01:31.403 [AsyncHttpClient-1-1] DEBUG org.asynchttpclient.netty.channel.DefaultChannelPool - Adding Candidate expired Channel [id: 0x2dcc3788, L:/127.0.0.1:49965 ! R:localhost/127.0.0.1:49957] isIdleTimeoutExpired=false isRemotelyClosed=true isTtlExpired=false
20:01:31.403 [AsyncHttpClient-1-1] DEBUG org.asynchttpclient.netty.channel.DefaultChannelPool - Closing Idle Channel [id: 0x2dcc3788, L:/127.0.0.1:49965 ! R:localhost/127.0.0.1:49957]
20:01:31.403 [AsyncHttpClient-1-1] DEBUG org.asynchttpclient.netty.channel.DefaultChannelPool - Adding Candidate expired Channel [id: 0x87855991, L:/127.0.0.1:49956 ! R:localhost/127.0.0.1:56847] isIdleTimeoutExpired=false isRemotelyClosed=true isTtlExpired=false
20:01:31.403 [AsyncHttpClient-1-1] DEBUG org.asynchttpclient.netty.channel.DefaultChannelPool - Closing Idle Channel [id: 0x87855991, L:/127.0.0.1:49956 ! R:localhost/127.0.0.1:56847]
20:01:31.404 [AsyncHttpClient-1-1] DEBUG org.asynchttpclient.netty.channel.DefaultChannelPool - Closed 2 connections out of 2 in 1 ms
20:01:31.550 [AsyncHttpClient-1-3] DEBUG org.asynchttpclient.netty.handler.HttpHandler - 

Request DefaultHttpRequest(decodeResult: success, version: HTTP/1.1)
POST /session HTTP/1.1
User-Agent: selenium/4.1.2 (java windows)
Content-Length: 638
Content-Type: application/json; charset=utf-8
host: localhost:50042
accept: */*

Response DefaultHttpResponse(decodeResult: success, version: HTTP/1.1)
HTTP/1.1 200 OK
Content-Type: application/json; charset=utf-8
cache-control: no-cache
content-length: 789

20:01:31.550 [AsyncHttpClient-1-3] DEBUG org.asynchttpclient.netty.channel.ChannelManager - Adding key: http://localhost:50042 for channel [id: 0x7185fd32, L:/127.0.0.1:50018 - R:localhost/127.0.0.1:50042]
20:01:31.555 [AsyncHttpClient-1-4] DEBUG org.asynchttpclient.netty.channel.NettyConnectListener - Using new Channel '[id: 0x2f796c82, L:/127.0.0.1:50025 - R:localhost/127.0.0.1:50019]' for 'GET' to '/json/version'
20:01:31.555 [AsyncHttpClient-1-4] DEBUG org.asynchttpclient.netty.handler.HttpHandler - 

Request DefaultFullHttpRequest(decodeResult: success, version: HTTP/1.1, content: EmptyByteBufBE)
GET /json/version HTTP/1.1
User-Agent: selenium/4.1.2 (java windows)
host: localhost:50019
accept: */*

Response DefaultHttpResponse(decodeResult: success, version: HTTP/1.1)
HTTP/1.1 200 OK
Content-Type: application/json; charset=UTF-8
content-length: 424

20:01:31.555 [AsyncHttpClient-1-4] DEBUG org.asynchttpclient.netty.channel.ChannelManager - Adding key: http://localhost:50019 for channel [id: 0x2f796c82, L:/127.0.0.1:50025 - R:localhost/127.0.0.1:50019]
20:01:31.558 [AsyncHttpClient-1-5] DEBUG org.asynchttpclient.netty.channel.NettyConnectListener - Using new Channel '[id: 0xdc61b699, L:/127.0.0.1:50026 - R:localhost/127.0.0.1:50019]' for 'GET' to '/devtools/browser/d90470b6-1710-4ace-b7e8-6cf0cdc44faa'
20:01:31.558 [AsyncHttpClient-1-5] DEBUG org.asynchttpclient.netty.handler.WebSocketHandler - 

Request DefaultFullHttpRequest(decodeResult: success, version: HTTP/1.1, content: EmptyByteBufBE)
GET /devtools/browser/d90470b6-1710-4ace-b7e8-6cf0cdc44faa HTTP/1.1
upgrade: websocket
connection: upgrade
sec-websocket-key: hDMqp8l56lzEOWPJWhX4ag==
sec-websocket-version: 13
origin: http://localhost:50019
host: localhost:50019
accept: */*
user-agent: AHC/2.1

Response DefaultHttpResponse(decodeResult: success, version: HTTP/1.1)
HTTP/1.1 101 WebSocket Protocol Handshake
Upgrade: WebSocket
Connection: Upgrade
Sec-WebSocket-Accept: 4g2/H729gQBIHejN9/kw0Yuvr8o=

20:01:31.561 [Forwarding get on session 15327fbe52cc6419b0d87954511908a2 to remote] DEBUG org.asynchttpclient.netty.request.NettyRequestSender - Using pooled Channel '[id: 0x7185fd32, L:/127.0.0.1:50018 - R:localhost/127.0.0.1:50042]' for 'POST' to 'http://localhost:50042/session/15327fbe52cc6419b0d87954511908a2/url'
20:01:31.561 [Forwarding get on session 15327fbe52cc6419b0d87954511908a2 to remote] DEBUG org.asynchttpclient.netty.request.NettyRequestSender - Using open Channel [id: 0x7185fd32, L:/127.0.0.1:50018 - R:localhost/127.0.0.1:50042] for POST '/session/15327fbe52cc6419b0d87954511908a2/url'
20:01:32.498 [AsyncHttpClient-1-1] DEBUG org.asynchttpclient.netty.channel.DefaultChannelPool - Entry count for : http://localhost:50019 : 1
20:01:33.613 [AsyncHttpClient-1-1] DEBUG org.asynchttpclient.netty.channel.DefaultChannelPool - Entry count for : http://localhost:50019 : 1
20:01:34.701 [AsyncHttpClient-1-1] DEBUG org.asynchttpclient.netty.channel.DefaultChannelPool - Entry count for : http://localhost:50019 : 1
20:01:35.800 [AsyncHttpClient-1-1] DEBUG org.asynchttpclient.netty.channel.DefaultChannelPool - Entry count for : http://localhost:50019 : 1
20:01:36.902 [AsyncHttpClient-1-1] DEBUG org.asynchttpclient.netty.channel.DefaultChannelPool - Entry count for : http://localhost:50019 : 1
20:01:38.013 [AsyncHttpClient-1-1] DEBUG org.asynchttpclient.netty.channel.DefaultChannelPool - Entry count for : http://localhost:50019 : 1
20:01:39.108 [AsyncHttpClient-1-1] DEBUG org.asynchttpclient.netty.channel.DefaultChannelPool - Entry count for : http://localhost:50019 : 1
20:01:40.212 [AsyncHttpClient-1-1] DEBUG org.asynchttpclient.netty.channel.DefaultChannelPool - Entry count for : http://localhost:50019 : 1
20:01:41.298 [AsyncHttpClient-1-1] DEBUG org.asynchttpclient.netty.channel.DefaultChannelPool - Entry count for : http://localhost:50019 : 1
20:01:42.398 [AsyncHttpClient-1-1] DEBUG org.asynchttpclient.netty.channel.DefaultChannelPool - Entry count for : http://localhost:50019 : 1
20:01:43.503 [AsyncHttpClient-1-1] DEBUG org.asynchttpclient.netty.channel.DefaultChannelPool - Entry count for : http://localhost:50019 : 1
20:01:44.608 [AsyncHttpClient-1-1] DEBUG org.asynchttpclient.netty.channel.DefaultChannelPool - Entry count for : http://localhost:50019 : 1
20:01:45.698 [AsyncHttpClient-1-1] DEBUG org.asynchttpclient.netty.channel.DefaultChannelPool - Entry count for : http://localhost:50019 : 1
20:01:46.802 [AsyncHttpClient-1-1] DEBUG org.asynchttpclient.netty.channel.DefaultChannelPool - Entry count for : http://localhost:50019 : 1
20:01:47.909 [AsyncHttpClient-1-1] DEBUG org.asynchttpclient.netty.channel.DefaultChannelPool - Entry count for : http://localhost:50019 : 1
20:01:49.011 [AsyncHttpClient-1-1] DEBUG org.asynchttpclient.netty.channel.DefaultChannelPool - Entry count for : http://localhost:50019 : 1
20:01:50.111 [AsyncHttpClient-1-1] DEBUG org.asynchttpclient.netty.channel.DefaultChannelPool - Entry count for : http://localhost:50019 : 1
20:01:51.212 [AsyncHttpClient-1-1] DEBUG org.asynchttpclient.netty.channel.DefaultChannelPool - Entry count for : http://localhost:50019 : 1
20:01:52.304 [AsyncHttpClient-1-1] DEBUG org.asynchttpclient.netty.channel.DefaultChannelPool - Entry count for : http://localhost:50019 : 1
20:01:53.411 [AsyncHttpClient-1-1] DEBUG org.asynchttpclient.netty.channel.DefaultChannelPool - Entry count for : http://localhost:50019 : 1
20:01:54.506 [AsyncHttpClient-1-1] DEBUG org.asynchttpclient.netty.channel.DefaultChannelPool - Entry count for : http://localhost:50019 : 1
20:01:55.606 [AsyncHttpClient-1-1] DEBUG org.asynchttpclient.netty.channel.DefaultChannelPool - Entry count for : http://localhost:50019 : 1
20:01:56.700 [AsyncHttpClient-1-1] DEBUG org.asynchttpclient.netty.channel.DefaultChannelPool - Entry count for : http://localhost:50019 : 1
20:01:57.803 [AsyncHttpClient-1-1] DEBUG org.asynchttpclient.netty.channel.DefaultChannelPool - Entry count for : http://localhost:50019 : 1
20:01:58.906 [AsyncHttpClient-1-1] DEBUG org.asynchttpclient.netty.channel.DefaultChannelPool - Entry count for : http://localhost:50019 : 1
20:01:59.998 [AsyncHttpClient-1-1] DEBUG org.asynchttpclient.netty.channel.DefaultChannelPool - Entry count for : http://localhost:50019 : 1
20:02:01.105 [AsyncHttpClient-1-1] DEBUG org.asynchttpclient.netty.channel.DefaultChannelPool - Entry count for : http://localhost:50019 : 1
20:02:02.204 [AsyncHttpClient-1-1] DEBUG org.asynchttpclient.netty.channel.DefaultChannelPool - Entry count for : http://localhost:50019 : 1
20:02:03.314 [AsyncHttpClient-1-1] DEBUG org.asynchttpclient.netty.channel.DefaultChannelPool - Entry count for : http://localhost:50019 : 1
20:02:04.409 [AsyncHttpClient-1-1] DEBUG org.asynchttpclient.netty.channel.DefaultChannelPool - Entry count for : http://localhost:50019 : 1
20:02:05.511 [AsyncHttpClient-1-1] DEBUG org.asynchttpclient.netty.channel.DefaultChannelPool - Entry count for : http://localhost:50019 : 1
20:02:06.609 [AsyncHttpClient-1-1] DEBUG org.asynchttpclient.netty.channel.DefaultChannelPool - Entry count for : http://localhost:50019 : 1
20:02:07.708 [AsyncHttpClient-1-1] DEBUG org.asynchttpclient.netty.channel.DefaultChannelPool - Entry count for : http://localhost:50019 : 1
20:02:08.811 [AsyncHttpClient-1-1] DEBUG org.asynchttpclient.netty.channel.DefaultChannelPool - Entry count for : http://localhost:50019 : 1
20:02:09.911 [AsyncHttpClient-1-1] DEBUG org.asynchttpclient.netty.channel.DefaultChannelPool - Entry count for : http://localhost:50019 : 1
20:02:10.999 [AsyncHttpClient-1-1] DEBUG org.asynchttpclient.netty.channel.DefaultChannelPool - Entry count for : http://localhost:50019 : 1
20:02:11.922 [AsyncHttpClient-1-3] DEBUG org.asynchttpclient.netty.handler.HttpHandler - 

Request DefaultHttpRequest(decodeResult: success, version: HTTP/1.1)
POST /session/15327fbe52cc6419b0d87954511908a2/url HTTP/1.1
User-Agent: selenium/4.1.2 (java windows)
Content-Length: 59
Content-Type: application/json; charset=utf-8
host: localhost:50042
accept: */*

Response DefaultHttpResponse(decodeResult: success, version: HTTP/1.1)
HTTP/1.1 200 OK
Content-Type: application/json; charset=utf-8
cache-control: no-cache
content-length: 14

20:02:11.922 [AsyncHttpClient-1-3] DEBUG org.asynchttpclient.netty.channel.ChannelManager - Adding key: http://localhost:50042 for channel [id: 0x7185fd32, L:/127.0.0.1:50018 - R:localhost/127.0.0.1:50042]
20:02:11.924 [Forwarding setTimeout on session 15327fbe52cc6419b0d87954511908a2 to remote] DEBUG org.asynchttpclient.netty.request.NettyRequestSender - Using pooled Channel '[id: 0x7185fd32, L:/127.0.0.1:50018 - R:localhost/127.0.0.1:50042]' for 'POST' to 'http://localhost:50042/session/15327fbe52cc6419b0d87954511908a2/timeouts'
20:02:11.924 [Forwarding setTimeout on session 15327fbe52cc6419b0d87954511908a2 to remote] DEBUG org.asynchttpclient.netty.request.NettyRequestSender - Using open Channel [id: 0x7185fd32, L:/127.0.0.1:50018 - R:localhost/127.0.0.1:50042] for POST '/session/15327fbe52cc6419b0d87954511908a2/timeouts'
20:02:11.924 [AsyncHttpClient-1-3] DEBUG org.asynchttpclient.netty.handler.HttpHandler - 

Request DefaultHttpRequest(decodeResult: success, version: HTTP/1.1)
POST /session/15327fbe52cc6419b0d87954511908a2/timeouts HTTP/1.1
User-Agent: selenium/4.1.2 (java windows)
Content-Length: 22
Content-Type: application/json; charset=utf-8
host: localhost:50042
accept: */*

Response DefaultHttpResponse(decodeResult: success, version: HTTP/1.1)
HTTP/1.1 200 OK
Content-Type: application/json; charset=utf-8
cache-control: no-cache
content-length: 14

20:02:11.924 [AsyncHttpClient-1-3] DEBUG org.asynchttpclient.netty.channel.ChannelManager - Adding key: http://localhost:50042 for channel [id: 0x7185fd32, L:/127.0.0.1:50018 - R:localhost/127.0.0.1:50042]
20:02:11.931 [Forwarding getCurrentUrl on session 15327fbe52cc6419b0d87954511908a2 to remote] DEBUG org.asynchttpclient.netty.request.NettyRequestSender - Using pooled Channel '[id: 0x7185fd32, L:/127.0.0.1:50018 - R:localhost/127.0.0.1:50042]' for 'GET' to 'http://localhost:50042/session/15327fbe52cc6419b0d87954511908a2/url'
20:02:11.931 [Forwarding getCurrentUrl on session 15327fbe52cc6419b0d87954511908a2 to remote] DEBUG org.asynchttpclient.netty.request.NettyRequestSender - Using open Channel [id: 0x7185fd32, L:/127.0.0.1:50018 - R:localhost/127.0.0.1:50042] for GET '/session/15327fbe52cc6419b0d87954511908a2/url'
20:02:11.935 [AsyncHttpClient-1-3] DEBUG org.asynchttpclient.netty.handler.HttpHandler - 

Request DefaultFullHttpRequest(decodeResult: success, version: HTTP/1.1, content: EmptyByteBufBE)
GET /session/15327fbe52cc6419b0d87954511908a2/url HTTP/1.1
User-Agent: selenium/4.1.2 (java windows)
Cache-Control: no-cache
Content-Type: application/json; charset=utf-8
host: localhost:50042
accept: */*

Response DefaultHttpResponse(decodeResult: success, version: HTTP/1.1)
HTTP/1.1 200 OK
Content-Type: application/json; charset=utf-8
cache-control: no-cache
content-length: 41

20:02:11.935 [AsyncHttpClient-1-3] DEBUG org.asynchttpclient.netty.channel.ChannelManager - Adding key: http://localhost:50042 for channel [id: 0x7185fd32, L:/127.0.0.1:50018 - R:localhost/127.0.0.1:50042]
  &amp#27;[32mGiven &amp#27;[0m&amp#27;[32mI open the website&amp#27;[0m                      &amp#27;[90m# starter.steps.RegistrationStep.iOpenTheWebsite()&amp#27;[0m
20:02:11.940 [Forwarding screenshot on session 15327fbe52cc6419b0d87954511908a2 to remote] DEBUG org.asynchttpclient.netty.request.NettyRequestSender - Using pooled Channel '[id: 0x7185fd32, L:/127.0.0.1:50018 - R:localhost/127.0.0.1:50042]' for 'GET' to 'http://localhost:50042/session/15327fbe52cc6419b0d87954511908a2/screenshot'
20:02:11.940 [Forwarding screenshot on session 15327fbe52cc6419b0d87954511908a2 to remote] DEBUG org.asynchttpclient.netty.request.NettyRequestSender - Using open Channel [id: 0x7185fd32, L:/127.0.0.1:50018 - R:localhost/127.0.0.1:50042] for GET '/session/15327fbe52cc6419b0d87954511908a2/screenshot'
20:02:12.046 [AsyncHttpClient-1-3] DEBUG org.asynchttpclient.netty.handler.HttpHandler - 

Request DefaultFullHttpRequest(decodeResult: success, version: HTTP/1.1, content: EmptyByteBufBE)
GET /session/15327fbe52cc6419b0d87954511908a2/screenshot HTTP/1.1
User-Agent: selenium/4.1.2 (java windows)
Cache-Control: no-cache
Content-Type: application/json; charset=utf-8
host: localhost:50042
accept: */*

Response DefaultHttpResponse(decodeResult: success, version: HTTP/1.1)
HTTP/1.1 200 OK
Content-Type: application/json; charset=utf-8
cache-control: no-cache
content-length: 69584

20:02:12.046 [AsyncHttpClient-1-3] DEBUG org.asynchttpclient.netty.channel.ChannelManager - Adding key: http://localhost:50042 for channel [id: 0x7185fd32, L:/127.0.0.1:50018 - R:localhost/127.0.0.1:50042]
20:02:12.048 [main] DEBUG net.serenitybdd.core.photography.Darkroom - Send negative for processing for target\site\serenity\5297bd387dc3249e00c2d6656fb13e2699af90824ba878fd382afd24108abb14.png
20:02:12.054 [Forwarding findElement on session 15327fbe52cc6419b0d87954511908a2 to remote] DEBUG org.asynchttpclient.netty.request.NettyRequestSender - Using pooled Channel '[id: 0x7185fd32, L:/127.0.0.1:50018 - R:localhost/127.0.0.1:50042]' for 'POST' to 'http://localhost:50042/session/15327fbe52cc6419b0d87954511908a2/element'
20:02:12.055 [Forwarding findElement on session 15327fbe52cc6419b0d87954511908a2 to remote] DEBUG org.asynchttpclient.netty.request.NettyRequestSender - Using open Channel [id: 0x7185fd32, L:/127.0.0.1:50018 - R:localhost/127.0.0.1:50042] for POST '/session/15327fbe52cc6419b0d87954511908a2/element'
20:02:12.062 [AsyncHttpClient-1-3] DEBUG org.asynchttpclient.netty.handler.HttpHandler - 

Request DefaultHttpRequest(decodeResult: success, version: HTTP/1.1)
POST /session/15327fbe52cc6419b0d87954511908a2/element HTTP/1.1
User-Agent: selenium/4.1.2 (java windows)
Content-Length: 97
Content-Type: application/json; charset=utf-8
host: localhost:50042
accept: */*

Response DefaultHttpResponse(decodeResult: success, version: HTTP/1.1)
HTTP/1.1 200 OK
Content-Type: application/json; charset=utf-8
cache-control: no-cache
content-length: 88

20:02:12.062 [AsyncHttpClient-1-3] DEBUG org.asynchttpclient.netty.channel.ChannelManager - Adding key: http://localhost:50042 for channel [id: 0x7185fd32, L:/127.0.0.1:50018 - R:localhost/127.0.0.1:50042]
20:02:12.064 [Forwarding getElementTagName on session 15327fbe52cc6419b0d87954511908a2 to remote] DEBUG org.asynchttpclient.netty.request.NettyRequestSender - Using pooled Channel '[id: 0x7185fd32, L:/127.0.0.1:50018 - R:localhost/127.0.0.1:50042]' for 'GET' to 'http://localhost:50042/session/15327fbe52cc6419b0d87954511908a2/element/759d3812-236d-4bc2-afa2-da1a62b07177/name'
20:02:12.064 [Forwarding getElementTagName on session 15327fbe52cc6419b0d87954511908a2 to remote] DEBUG org.asynchttpclient.netty.request.NettyRequestSender - Using open Channel [id: 0x7185fd32, L:/127.0.0.1:50018 - R:localhost/127.0.0.1:50042] for GET '/session/15327fbe52cc6419b0d87954511908a2/element/759d3812-236d-4bc2-afa2-da1a62b07177/name'
20:02:12.068 [AsyncHttpClient-1-3] DEBUG org.asynchttpclient.netty.handler.HttpHandler - 

Request DefaultFullHttpRequest(decodeResult: success, version: HTTP/1.1, content: EmptyByteBufBE)
GET /session/15327fbe52cc6419b0d87954511908a2/element/759d3812-236d-4bc2-afa2-da1a62b07177/name HTTP/1.1
User-Agent: selenium/4.1.2 (java windows)
Cache-Control: no-cache
Content-Type: application/json; charset=utf-8
host: localhost:50042
accept: */*

Response DefaultHttpResponse(decodeResult: success, version: HTTP/1.1)
HTTP/1.1 200 OK
Content-Type: application/json; charset=utf-8
cache-control: no-cache
content-length: 13

20:02:12.068 [AsyncHttpClient-1-3] DEBUG org.asynchttpclient.netty.channel.ChannelManager - Adding key: http://localhost:50042 for channel [id: 0x7185fd32, L:/127.0.0.1:50018 - R:localhost/127.0.0.1:50042]
20:02:12.068 [Forwarding getElementTagName on session 15327fbe52cc6419b0d87954511908a2 to remote] DEBUG org.asynchttpclient.netty.request.NettyRequestSender - Using pooled Channel '[id: 0x7185fd32, L:/127.0.0.1:50018 - R:localhost/127.0.0.1:50042]' for 'GET' to 'http://localhost:50042/session/15327fbe52cc6419b0d87954511908a2/element/759d3812-236d-4bc2-afa2-da1a62b07177/name'
20:02:12.068 [Forwarding getElementTagName on session 15327fbe52cc6419b0d87954511908a2 to remote] DEBUG org.asynchttpclient.netty.request.NettyRequestSender - Using open Channel [id: 0x7185fd32, L:/127.0.0.1:50018 - R:localhost/127.0.0.1:50042] for GET '/session/15327fbe52cc6419b0d87954511908a2/element/759d3812-236d-4bc2-afa2-da1a62b07177/name'
20:02:12.070 [AsyncHttpClient-1-3] DEBUG org.asynchttpclient.netty.handler.HttpHandler - 

Request DefaultFullHttpRequest(decodeResult: success, version: HTTP/1.1, content: EmptyByteBufBE)
GET /session/15327fbe52cc6419b0d87954511908a2/element/759d3812-236d-4bc2-afa2-da1a62b07177/name HTTP/1.1
User-Agent: selenium/4.1.2 (java windows)
Cache-Control: no-cache
Content-Type: application/json; charset=utf-8
host: localhost:50042
accept: */*

Response DefaultHttpResponse(decodeResult: success, version: HTTP/1.1)
HTTP/1.1 200 OK
Content-Type: application/json; charset=utf-8
cache-control: no-cache
content-length: 13

20:02:12.070 [AsyncHttpClient-1-3] DEBUG org.asynchttpclient.netty.channel.ChannelManager - Adding key: http://localhost:50042 for channel [id: 0x7185fd32, L:/127.0.0.1:50018 - R:localhost/127.0.0.1:50042]
20:02:12.071 [Forwarding findElement on session 15327fbe52cc6419b0d87954511908a2 to remote] DEBUG org.asynchttpclient.netty.request.NettyRequestSender - Using pooled Channel '[id: 0x7185fd32, L:/127.0.0.1:50018 - R:localhost/127.0.0.1:50042]' for 'POST' to 'http://localhost:50042/session/15327fbe52cc6419b0d87954511908a2/element'
20:02:12.071 [Forwarding findElement on session 15327fbe52cc6419b0d87954511908a2 to remote] DEBUG org.asynchttpclient.netty.request.NettyRequestSender - Using open Channel [id: 0x7185fd32, L:/127.0.0.1:50018 - R:localhost/127.0.0.1:50042] for POST '/session/15327fbe52cc6419b0d87954511908a2/element'
20:02:12.076 [AsyncHttpClient-1-3] DEBUG org.asynchttpclient.netty.handler.HttpHandler - 

Request DefaultHttpRequest(decodeResult: success, version: HTTP/1.1)
POST /session/15327fbe52cc6419b0d87954511908a2/element HTTP/1.1
User-Agent: selenium/4.1.2 (java windows)
Content-Length: 97
Content-Type: application/json; charset=utf-8
host: localhost:50042
accept: */*

Response DefaultHttpResponse(decodeResult: success, version: HTTP/1.1)
HTTP/1.1 200 OK
Content-Type: application/json; charset=utf-8
cache-control: no-cache
content-length: 88

20:02:12.076 [AsyncHttpClient-1-3] DEBUG org.asynchttpclient.netty.channel.ChannelManager - Adding key: http://localhost:50042 for channel [id: 0x7185fd32, L:/127.0.0.1:50018 - R:localhost/127.0.0.1:50042]
20:02:12.076 [Forwarding clickElement on session 15327fbe52cc6419b0d87954511908a2 to remote] DEBUG org.asynchttpclient.netty.request.NettyRequestSender - Using pooled Channel '[id: 0x7185fd32, L:/127.0.0.1:50018 - R:localhost/127.0.0.1:50042]' for 'POST' to 'http://localhost:50042/session/15327fbe52cc6419b0d87954511908a2/element/759d3812-236d-4bc2-afa2-da1a62b07177/click'
20:02:12.076 [Forwarding clickElement on session 15327fbe52cc6419b0d87954511908a2 to remote] DEBUG org.asynchttpclient.netty.request.NettyRequestSender - Using open Channel [id: 0x7185fd32, L:/127.0.0.1:50018 - R:localhost/127.0.0.1:50042] for POST '/session/15327fbe52cc6419b0d87954511908a2/element/759d3812-236d-4bc2-afa2-da1a62b07177/click'
20:02:12.102 [AsyncHttpClient-1-1] DEBUG org.asynchttpclient.netty.channel.DefaultChannelPool - Entry count for : http://localhost:50019 : 1
20:02:12.106 [AsyncHttpClient-1-3] DEBUG org.asynchttpclient.netty.handler.HttpHandler - 

Request DefaultHttpRequest(decodeResult: success, version: HTTP/1.1)
POST /session/15327fbe52cc6419b0d87954511908a2/element/759d3812-236d-4bc2-afa2-da1a62b07177/click HTTP/1.1
User-Agent: selenium/4.1.2 (java windows)
Content-Length: 50
Content-Type: application/json; charset=utf-8
host: localhost:50042
accept: */*

Response DefaultHttpResponse(decodeResult: success, version: HTTP/1.1)
HTTP/1.1 200 OK
Content-Type: application/json; charset=utf-8
cache-control: no-cache
content-length: 14

20:02:12.106 [AsyncHttpClient-1-3] DEBUG org.asynchttpclient.netty.channel.ChannelManager - Adding key: http://localhost:50042 for channel [id: 0x7185fd32, L:/127.0.0.1:50018 - R:localhost/127.0.0.1:50042]
  &amp#27;[32mWhen &amp#27;[0m&amp#27;[32mI click sign in button&amp#27;[0m                   &amp#27;[90m# starter.steps.RegistrationStep.iClickSignInButton()&amp#27;[0m
20:02:12.112 [Forwarding screenshot on session 15327fbe52cc6419b0d87954511908a2 to remote] DEBUG org.asynchttpclient.netty.request.NettyRequestSender - Using pooled Channel '[id: 0x7185fd32, L:/127.0.0.1:50018 - R:localhost/127.0.0.1:50042]' for 'GET' to 'http://localhost:50042/session/15327fbe52cc6419b0d87954511908a2/screenshot'
20:02:12.112 [Forwarding screenshot on session 15327fbe52cc6419b0d87954511908a2 to remote] DEBUG org.asynchttpclient.netty.request.NettyRequestSender - Using open Channel [id: 0x7185fd32, L:/127.0.0.1:50018 - R:localhost/127.0.0.1:50042] for GET '/session/15327fbe52cc6419b0d87954511908a2/screenshot'
20:02:12.398 [AsyncHttpClient-1-3] DEBUG org.asynchttpclient.netty.handler.HttpHandler - 

Request DefaultFullHttpRequest(decodeResult: success, version: HTTP/1.1, content: EmptyByteBufBE)
GET /session/15327fbe52cc6419b0d87954511908a2/screenshot HTTP/1.1
User-Agent: selenium/4.1.2 (java windows)
Cache-Control: no-cache
Content-Type: application/json; charset=utf-8
host: localhost:50042
accept: */*

Response DefaultHttpResponse(decodeResult: success, version: HTTP/1.1)
HTTP/1.1 200 OK
Content-Type: application/json; charset=utf-8
cache-control: no-cache
content-length: 40072

20:02:12.398 [AsyncHttpClient-1-3] DEBUG org.asynchttpclient.netty.channel.ChannelManager - Adding key: http://localhost:50042 for channel [id: 0x7185fd32, L:/127.0.0.1:50018 - R:localhost/127.0.0.1:50042]
20:02:12.400 [main] DEBUG net.serenitybdd.core.photography.Darkroom - Send negative for processing for target\site\serenity\ef1014c3adb271c6436756b0dbcd47a7a349b1948a945d5137c8feb208fe5e83.png
20:02:12.400 [Darkroom Processing Line] DEBUG net.serenitybdd.core.photography.DarkroomProcessingLine - Processing screenshot image in /var/screenshots/screenshot-13679756685286851862
20:02:12.400 [Darkroom Processing Line] DEBUG net.serenitybdd.core.photography.DarkroomProcessingLine - Saving screenshot to target\site\serenity\ef1014c3adb271c6436756b0dbcd47a7a349b1948a945d5137c8feb208fe5e83.png
20:02:12.416 [Forwarding findElement on session 15327fbe52cc6419b0d87954511908a2 to remote] DEBUG org.asynchttpclient.netty.request.NettyRequestSender - Using pooled Channel '[id: 0x7185fd32, L:/127.0.0.1:50018 - R:localhost/127.0.0.1:50042]' for 'POST' to 'http://localhost:50042/session/15327fbe52cc6419b0d87954511908a2/element'
20:02:12.416 [Forwarding findElement on session 15327fbe52cc6419b0d87954511908a2 to remote] DEBUG org.asynchttpclient.netty.request.NettyRequestSender - Using open Channel [id: 0x7185fd32, L:/127.0.0.1:50018 - R:localhost/127.0.0.1:50042] for POST '/session/15327fbe52cc6419b0d87954511908a2/element'
20:02:12.680 [AsyncHttpClient-1-3] DEBUG org.asynchttpclient.netty.handler.HttpHandler - 

Request DefaultHttpRequest(decodeResult: success, version: HTTP/1.1)
POST /session/15327fbe52cc6419b0d87954511908a2/element HTTP/1.1
User-Agent: selenium/4.1.2 (java windows)
Content-Length: 87
Content-Type: application/json; charset=utf-8
host: localhost:50042
accept: */*

Response DefaultHttpResponse(decodeResult: success, version: HTTP/1.1)
HTTP/1.1 200 OK
Content-Type: application/json; charset=utf-8
cache-control: no-cache
content-length: 88

20:02:12.680 [AsyncHttpClient-1-3] DEBUG org.asynchttpclient.netty.channel.ChannelManager - Adding key: http://localhost:50042 for channel [id: 0x7185fd32, L:/127.0.0.1:50018 - R:localhost/127.0.0.1:50042]
20:02:12.682 [Forwarding clearElement on session 15327fbe52cc6419b0d87954511908a2 to remote] DEBUG org.asynchttpclient.netty.request.NettyRequestSender - Using pooled Channel '[id: 0x7185fd32, L:/127.0.0.1:50018 - R:localhost/127.0.0.1:50042]' for 'POST' to 'http://localhost:50042/session/15327fbe52cc6419b0d87954511908a2/element/a0900d6a-d8ac-4041-b8fa-36b8517770c8/clear'
20:02:12.682 [Forwarding clearElement on session 15327fbe52cc6419b0d87954511908a2 to remote] DEBUG org.asynchttpclient.netty.request.NettyRequestSender - Using open Channel [id: 0x7185fd32, L:/127.0.0.1:50018 - R:localhost/127.0.0.1:50042] for POST '/session/15327fbe52cc6419b0d87954511908a2/element/a0900d6a-d8ac-4041-b8fa-36b8517770c8/clear'
20:02:12.737 [AsyncHttpClient-1-3] DEBUG org.asynchttpclient.netty.handler.HttpHandler - 

Request DefaultHttpRequest(decodeResult: success, version: HTTP/1.1)
POST /session/15327fbe52cc6419b0d87954511908a2/element/a0900d6a-d8ac-4041-b8fa-36b8517770c8/clear HTTP/1.1
User-Agent: selenium/4.1.2 (java windows)
Content-Length: 50
Content-Type: application/json; charset=utf-8
host: localhost:50042
accept: */*

Response DefaultHttpResponse(decodeResult: success, version: HTTP/1.1)
HTTP/1.1 200 OK
Content-Type: application/json; charset=utf-8
cache-control: no-cache
content-length: 14

20:02:12.737 [AsyncHttpClient-1-3] DEBUG org.asynchttpclient.netty.channel.ChannelManager - Adding key: http://localhost:50042 for channel [id: 0x7185fd32, L:/127.0.0.1:50018 - R:localhost/127.0.0.1:50042]
20:02:12.740 [Forwarding sendKeysToElement on session 15327fbe52cc6419b0d87954511908a2 to remote] DEBUG org.asynchttpclient.netty.request.NettyRequestSender - Using pooled Channel '[id: 0x7185fd32, L:/127.0.0.1:50018 - R:localhost/127.0.0.1:50042]' for 'POST' to 'http://localhost:50042/session/15327fbe52cc6419b0d87954511908a2/element/a0900d6a-d8ac-4041-b8fa-36b8517770c8/value'
20:02:12.740 [Forwarding sendKeysToElement on session 15327fbe52cc6419b0d87954511908a2 to remote] DEBUG org.asynchttpclient.netty.request.NettyRequestSender - Using open Channel [id: 0x7185fd32, L:/127.0.0.1:50018 - R:localhost/127.0.0.1:50042] for POST '/session/15327fbe52cc6419b0d87954511908a2/element/a0900d6a-d8ac-4041-b8fa-36b8517770c8/value'
20:02:12.861 [AsyncHttpClient-1-3] DEBUG org.asynchttpclient.netty.handler.HttpHandler - 

Request DefaultHttpRequest(decodeResult: success, version: HTTP/1.1)
POST /session/15327fbe52cc6419b0d87954511908a2/element/a0900d6a-d8ac-4041-b8fa-36b8517770c8/value HTTP/1.1
User-Agent: selenium/4.1.2 (java windows)
Content-Length: 82
Content-Type: application/json; charset=utf-8
host: localhost:50042
accept: */*

Response DefaultHttpResponse(decodeResult: success, version: HTTP/1.1)
HTTP/1.1 200 OK
Content-Type: application/json; charset=utf-8
cache-control: no-cache
content-length: 14

20:02:12.861 [AsyncHttpClient-1-3] DEBUG org.asynchttpclient.netty.channel.ChannelManager - Adding key: http://localhost:50042 for channel [id: 0x7185fd32, L:/127.0.0.1:50018 - R:localhost/127.0.0.1:50042]
  &amp#27;[32mAnd &amp#27;[0m&amp#27;[32mI input &amp#27;[0m&amp#27;[32m&amp#27;[1m""&amp#27;[0m&amp#27;[32m email&amp#27;[0m                          &amp#27;[90m# starter.steps.LoginStep.iInputEmail(java.lang.String)&amp#27;[0m
20:02:12.875 [Forwarding screenshot on session 15327fbe52cc6419b0d87954511908a2 to remote] DEBUG org.asynchttpclient.netty.request.NettyRequestSender - Using pooled Channel '[id: 0x7185fd32, L:/127.0.0.1:50018 - R:localhost/127.0.0.1:50042]' for 'GET' to 'http://localhost:50042/session/15327fbe52cc6419b0d87954511908a2/screenshot'
20:02:12.875 [Forwarding screenshot on session 15327fbe52cc6419b0d87954511908a2 to remote] DEBUG org.asynchttpclient.netty.request.NettyRequestSender - Using open Channel [id: 0x7185fd32, L:/127.0.0.1:50018 - R:localhost/127.0.0.1:50042] for GET '/session/15327fbe52cc6419b0d87954511908a2/screenshot'
20:02:13.045 [AsyncHttpClient-1-3] DEBUG org.asynchttpclient.netty.handler.HttpHandler - 

Request DefaultFullHttpRequest(decodeResult: success, version: HTTP/1.1, content: EmptyByteBufBE)
GET /session/15327fbe52cc6419b0d87954511908a2/screenshot HTTP/1.1
User-Agent: selenium/4.1.2 (java windows)
Cache-Control: no-cache
Content-Type: application/json; charset=utf-8
host: localhost:50042
accept: */*

Response DefaultHttpResponse(decodeResult: success, version: HTTP/1.1)
HTTP/1.1 200 OK
Content-Type: application/json; charset=utf-8
cache-control: no-cache
content-length: 39692

20:02:13.045 [AsyncHttpClient-1-3] DEBUG org.asynchttpclient.netty.channel.ChannelManager - Adding key: http://localhost:50042 for channel [id: 0x7185fd32, L:/127.0.0.1:50018 - R:localhost/127.0.0.1:50042]
20:02:13.050 [main] DEBUG net.serenitybdd.core.photography.Darkroom - Send negative for processing for target\site\serenity\1ea6ec41b3ad08ac3d884ca371e3663fe3111901d0f9e22e27d6d1c3d9df953f.png
20:02:13.051 [Darkroom Processing Line] DEBUG net.serenitybdd.core.photography.DarkroomProcessingLine - Processing screenshot image in /var/screenshots/screenshot-14173215587466795787
20:02:13.052 [Darkroom Processing Line] DEBUG net.serenitybdd.core.photography.DarkroomProcessingLine - Saving screenshot to target\site\serenity\1ea6ec41b3ad08ac3d884ca371e3663fe3111901d0f9e22e27d6d1c3d9df953f.png
20:02:13.060 [Forwarding findElement on session 15327fbe52cc6419b0d87954511908a2 to remote] DEBUG org.asynchttpclient.netty.request.NettyRequestSender - Using pooled Channel '[id: 0x7185fd32, L:/127.0.0.1:50018 - R:localhost/127.0.0.1:50042]' for 'POST' to 'http://localhost:50042/session/15327fbe52cc6419b0d87954511908a2/element'
20:02:13.060 [Forwarding findElement on session 15327fbe52cc6419b0d87954511908a2 to remote] DEBUG org.asynchttpclient.netty.request.NettyRequestSender - Using open Channel [id: 0x7185fd32, L:/127.0.0.1:50018 - R:localhost/127.0.0.1:50042] for POST '/session/15327fbe52cc6419b0d87954511908a2/element'
20:02:13.077 [AsyncHttpClient-1-3] DEBUG org.asynchttpclient.netty.handler.HttpHandler - 

Request DefaultHttpRequest(decodeResult: success, version: HTTP/1.1)
POST /session/15327fbe52cc6419b0d87954511908a2/element HTTP/1.1
User-Agent: selenium/4.1.2 (java windows)
Content-Length: 89
Content-Type: application/json; charset=utf-8
host: localhost:50042
accept: */*

Response DefaultHttpResponse(decodeResult: success, version: HTTP/1.1)
HTTP/1.1 200 OK
Content-Type: application/json; charset=utf-8
cache-control: no-cache
content-length: 88

20:02:13.077 [AsyncHttpClient-1-3] DEBUG org.asynchttpclient.netty.channel.ChannelManager - Adding key: http://localhost:50042 for channel [id: 0x7185fd32, L:/127.0.0.1:50018 - R:localhost/127.0.0.1:50042]
20:02:13.077 [Forwarding clearElement on session 15327fbe52cc6419b0d87954511908a2 to remote] DEBUG org.asynchttpclient.netty.request.NettyRequestSender - Using pooled Channel '[id: 0x7185fd32, L:/127.0.0.1:50018 - R:localhost/127.0.0.1:50042]' for 'POST' to 'http://localhost:50042/session/15327fbe52cc6419b0d87954511908a2/element/fc410ee9-db5f-4df3-8fcd-105a9d41e437/clear'
20:02:13.077 [Forwarding clearElement on session 15327fbe52cc6419b0d87954511908a2 to remote] DEBUG org.asynchttpclient.netty.request.NettyRequestSender - Using open Channel [id: 0x7185fd32, L:/127.0.0.1:50018 - R:localhost/127.0.0.1:50042] for POST '/session/15327fbe52cc6419b0d87954511908a2/element/fc410ee9-db5f-4df3-8fcd-105a9d41e437/clear'
20:02:13.105 [AsyncHttpClient-1-3] DEBUG org.asynchttpclient.netty.handler.HttpHandler - 

Request DefaultHttpRequest(decodeResult: success, version: HTTP/1.1)
POST /session/15327fbe52cc6419b0d87954511908a2/element/fc410ee9-db5f-4df3-8fcd-105a9d41e437/clear HTTP/1.1
User-Agent: selenium/4.1.2 (java windows)
Content-Length: 50
Content-Type: application/json; charset=utf-8
host: localhost:50042
accept: */*

Response DefaultHttpResponse(decodeResult: success, version: HTTP/1.1)
HTTP/1.1 200 OK
Content-Type: application/json; charset=utf-8
cache-control: no-cache
content-length: 14

20:02:13.105 [AsyncHttpClient-1-3] DEBUG org.asynchttpclient.netty.channel.ChannelManager - Adding key: http://localhost:50042 for channel [id: 0x7185fd32, L:/127.0.0.1:50018 - R:localhost/127.0.0.1:50042]
20:02:13.107 [Forwarding sendKeysToElement on session 15327fbe52cc6419b0d87954511908a2 to remote] DEBUG org.asynchttpclient.netty.request.NettyRequestSender - Using pooled Channel '[id: 0x7185fd32, L:/127.0.0.1:50018 - R:localhost/127.0.0.1:50042]' for 'POST' to 'http://localhost:50042/session/15327fbe52cc6419b0d87954511908a2/element/fc410ee9-db5f-4df3-8fcd-105a9d41e437/value'
20:02:13.108 [Forwarding sendKeysToElement on session 15327fbe52cc6419b0d87954511908a2 to remote] DEBUG org.asynchttpclient.netty.request.NettyRequestSender - Using open Channel [id: 0x7185fd32, L:/127.0.0.1:50018 - R:localhost/127.0.0.1:50042] for POST '/session/15327fbe52cc6419b0d87954511908a2/element/fc410ee9-db5f-4df3-8fcd-105a9d41e437/value'
20:02:13.161 [AsyncHttpClient-1-3] DEBUG org.asynchttpclient.netty.handler.HttpHandler - 

Request DefaultHttpRequest(decodeResult: success, version: HTTP/1.1)
POST /session/15327fbe52cc6419b0d87954511908a2/element/fc410ee9-db5f-4df3-8fcd-105a9d41e437/value HTTP/1.1
User-Agent: selenium/4.1.2 (java windows)
Content-Length: 82
Content-Type: application/json; charset=utf-8
host: localhost:50042
accept: */*

Response DefaultHttpResponse(decodeResult: success, version: HTTP/1.1)
HTTP/1.1 200 OK
Content-Type: application/json; charset=utf-8
cache-control: no-cache
content-length: 14

20:02:13.162 [AsyncHttpClient-1-3] DEBUG org.asynchttpclient.netty.channel.ChannelManager - Adding key: http://localhost:50042 for channel [id: 0x7185fd32, L:/127.0.0.1:50018 - R:localhost/127.0.0.1:50042]
  &amp#27;[32mAnd &amp#27;[0m&amp#27;[32mI input &amp#27;[0m&amp#27;[32m&amp#27;[1m""&amp#27;[0m&amp#27;[32m password&amp#27;[0m                       &amp#27;[90m# starter.steps.LoginStep.iInputPassword(java.lang.String)&amp#27;[0m
20:02:13.176 [Forwarding screenshot on session 15327fbe52cc6419b0d87954511908a2 to remote] DEBUG org.asynchttpclient.netty.request.NettyRequestSender - Using pooled Channel '[id: 0x7185fd32, L:/127.0.0.1:50018 - R:localhost/127.0.0.1:50042]' for 'GET' to 'http://localhost:50042/session/15327fbe52cc6419b0d87954511908a2/screenshot'
20:02:13.176 [Forwarding screenshot on session 15327fbe52cc6419b0d87954511908a2 to remote] DEBUG org.asynchttpclient.netty.request.NettyRequestSender - Using open Channel [id: 0x7185fd32, L:/127.0.0.1:50018 - R:localhost/127.0.0.1:50042] for GET '/session/15327fbe52cc6419b0d87954511908a2/screenshot'
20:02:13.256 [AsyncHttpClient-1-1] DEBUG org.asynchttpclient.netty.channel.DefaultChannelPool - Entry count for : http://localhost:50019 : 1
20:02:13.478 [AsyncHttpClient-1-3] DEBUG org.asynchttpclient.netty.handler.HttpHandler - 

Request DefaultFullHttpRequest(decodeResult: success, version: HTTP/1.1, content: EmptyByteBufBE)
GET /session/15327fbe52cc6419b0d87954511908a2/screenshot HTTP/1.1
User-Agent: selenium/4.1.2 (java windows)
Cache-Control: no-cache
Content-Type: application/json; charset=utf-8
host: localhost:50042
accept: */*

Response DefaultHttpResponse(decodeResult: success, version: HTTP/1.1)
HTTP/1.1 200 OK
Content-Type: application/json; charset=utf-8
cache-control: no-cache
content-length: 39604

20:02:13.478 [AsyncHttpClient-1-3] DEBUG org.asynchttpclient.netty.channel.ChannelManager - Adding key: http://localhost:50042 for channel [id: 0x7185fd32, L:/127.0.0.1:50018 - R:localhost/127.0.0.1:50042]
20:02:13.480 [main] DEBUG net.serenitybdd.core.photography.Darkroom - Send negative for processing for target\site\serenity\13da8f592c18bcd0b947adc6aa9c1554842162fbe6082468eaf778de0ecdefaf.png
20:02:13.491 [Forwarding findElement on session 15327fbe52cc6419b0d87954511908a2 to remote] DEBUG org.asynchttpclient.netty.request.NettyRequestSender - Using pooled Channel '[id: 0x7185fd32, L:/127.0.0.1:50018 - R:localhost/127.0.0.1:50042]' for 'POST' to 'http://localhost:50042/session/15327fbe52cc6419b0d87954511908a2/element'
20:02:13.491 [Forwarding findElement on session 15327fbe52cc6419b0d87954511908a2 to remote] DEBUG org.asynchttpclient.netty.request.NettyRequestSender - Using open Channel [id: 0x7185fd32, L:/127.0.0.1:50018 - R:localhost/127.0.0.1:50042] for POST '/session/15327fbe52cc6419b0d87954511908a2/element'
20:02:13.492 [Darkroom Processing Line] DEBUG net.serenitybdd.core.photography.DarkroomProcessingLine - Processing screenshot image in /var/screenshots/screenshot-11830459175801560937
20:02:13.492 [Darkroom Processing Line] DEBUG net.serenitybdd.core.photography.DarkroomProcessingLine - Saving screenshot to target\site\serenity\13da8f592c18bcd0b947adc6aa9c1554842162fbe6082468eaf778de0ecdefaf.png
20:02:13.524 [AsyncHttpClient-1-3] DEBUG org.asynchttpclient.netty.handler.HttpHandler - 

Request DefaultHttpRequest(decodeResult: success, version: HTTP/1.1)
POST /session/15327fbe52cc6419b0d87954511908a2/element HTTP/1.1
User-Agent: selenium/4.1.2 (java windows)
Content-Length: 141
Content-Type: application/json; charset=utf-8
host: localhost:50042
accept: */*

Response DefaultHttpResponse(decodeResult: success, version: HTTP/1.1)
HTTP/1.1 200 OK
Content-Type: application/json; charset=utf-8
cache-control: no-cache
content-length: 88

20:02:13.524 [AsyncHttpClient-1-3] DEBUG org.asynchttpclient.netty.channel.ChannelManager - Adding key: http://localhost:50042 for channel [id: 0x7185fd32, L:/127.0.0.1:50018 - R:localhost/127.0.0.1:50042]
20:02:13.525 [Forwarding getElementTagName on session 15327fbe52cc6419b0d87954511908a2 to remote] DEBUG org.asynchttpclient.netty.request.NettyRequestSender - Using pooled Channel '[id: 0x7185fd32, L:/127.0.0.1:50018 - R:localhost/127.0.0.1:50042]' for 'GET' to 'http://localhost:50042/session/15327fbe52cc6419b0d87954511908a2/element/bc01f1ab-dab3-499f-95b7-089269981c66/name'
20:02:13.525 [Forwarding getElementTagName on session 15327fbe52cc6419b0d87954511908a2 to remote] DEBUG org.asynchttpclient.netty.request.NettyRequestSender - Using open Channel [id: 0x7185fd32, L:/127.0.0.1:50018 - R:localhost/127.0.0.1:50042] for GET '/session/15327fbe52cc6419b0d87954511908a2/element/bc01f1ab-dab3-499f-95b7-089269981c66/name'
20:02:13.538 [AsyncHttpClient-1-3] DEBUG org.asynchttpclient.netty.handler.HttpHandler - 

Request DefaultFullHttpRequest(decodeResult: success, version: HTTP/1.1, content: EmptyByteBufBE)
GET /session/15327fbe52cc6419b0d87954511908a2/element/bc01f1ab-dab3-499f-95b7-089269981c66/name HTTP/1.1
User-Agent: selenium/4.1.2 (java windows)
Cache-Control: no-cache
Content-Type: application/json; charset=utf-8
host: localhost:50042
accept: */*

Response DefaultHttpResponse(decodeResult: success, version: HTTP/1.1)
HTTP/1.1 200 OK
Content-Type: application/json; charset=utf-8
cache-control: no-cache
content-length: 18

20:02:13.538 [AsyncHttpClient-1-3] DEBUG org.asynchttpclient.netty.channel.ChannelManager - Adding key: http://localhost:50042 for channel [id: 0x7185fd32, L:/127.0.0.1:50018 - R:localhost/127.0.0.1:50042]
20:02:13.539 [Forwarding getElementTagName on session 15327fbe52cc6419b0d87954511908a2 to remote] DEBUG org.asynchttpclient.netty.request.NettyRequestSender - Using pooled Channel '[id: 0x7185fd32, L:/127.0.0.1:50018 - R:localhost/127.0.0.1:50042]' for 'GET' to 'http://localhost:50042/session/15327fbe52cc6419b0d87954511908a2/element/bc01f1ab-dab3-499f-95b7-089269981c66/name'
20:02:13.539 [Forwarding getElementTagName on session 15327fbe52cc6419b0d87954511908a2 to remote] DEBUG org.asynchttpclient.netty.request.NettyRequestSender - Using open Channel [id: 0x7185fd32, L:/127.0.0.1:50018 - R:localhost/127.0.0.1:50042] for GET '/session/15327fbe52cc6419b0d87954511908a2/element/bc01f1ab-dab3-499f-95b7-089269981c66/name'
20:02:13.542 [AsyncHttpClient-1-3] DEBUG org.asynchttpclient.netty.handler.HttpHandler - 

Request DefaultFullHttpRequest(decodeResult: success, version: HTTP/1.1, content: EmptyByteBufBE)
GET /session/15327fbe52cc6419b0d87954511908a2/element/bc01f1ab-dab3-499f-95b7-089269981c66/name HTTP/1.1
User-Agent: selenium/4.1.2 (java windows)
Cache-Control: no-cache
Content-Type: application/json; charset=utf-8
host: localhost:50042
accept: */*

Response DefaultHttpResponse(decodeResult: success, version: HTTP/1.1)
HTTP/1.1 200 OK
Content-Type: application/json; charset=utf-8
cache-control: no-cache
content-length: 18

20:02:13.542 [AsyncHttpClient-1-3] DEBUG org.asynchttpclient.netty.channel.ChannelManager - Adding key: http://localhost:50042 for channel [id: 0x7185fd32, L:/127.0.0.1:50018 - R:localhost/127.0.0.1:50042]
20:02:13.544 [Forwarding isElementEnabled on session 15327fbe52cc6419b0d87954511908a2 to remote] DEBUG org.asynchttpclient.netty.request.NettyRequestSender - Using pooled Channel '[id: 0x7185fd32, L:/127.0.0.1:50018 - R:localhost/127.0.0.1:50042]' for 'GET' to 'http://localhost:50042/session/15327fbe52cc6419b0d87954511908a2/element/bc01f1ab-dab3-499f-95b7-089269981c66/enabled'
20:02:13.544 [Forwarding isElementEnabled on session 15327fbe52cc6419b0d87954511908a2 to remote] DEBUG org.asynchttpclient.netty.request.NettyRequestSender - Using open Channel [id: 0x7185fd32, L:/127.0.0.1:50018 - R:localhost/127.0.0.1:50042] for GET '/session/15327fbe52cc6419b0d87954511908a2/element/bc01f1ab-dab3-499f-95b7-089269981c66/enabled'
20:02:13.555 [AsyncHttpClient-1-3] DEBUG org.asynchttpclient.netty.handler.HttpHandler - 

Request DefaultFullHttpRequest(decodeResult: success, version: HTTP/1.1, content: EmptyByteBufBE)
GET /session/15327fbe52cc6419b0d87954511908a2/element/bc01f1ab-dab3-499f-95b7-089269981c66/enabled HTTP/1.1
User-Agent: selenium/4.1.2 (java windows)
Cache-Control: no-cache
Content-Type: application/json; charset=utf-8
host: localhost:50042
accept: */*

Response DefaultHttpResponse(decodeResult: success, version: HTTP/1.1)
HTTP/1.1 200 OK
Content-Type: application/json; charset=utf-8
cache-control: no-cache
content-length: 14

20:02:13.556 [AsyncHttpClient-1-3] DEBUG org.asynchttpclient.netty.channel.ChannelManager - Adding key: http://localhost:50042 for channel [id: 0x7185fd32, L:/127.0.0.1:50018 - R:localhost/127.0.0.1:50042]
20:02:13.557 [Forwarding isElementEnabled on session 15327fbe52cc6419b0d87954511908a2 to remote] DEBUG org.asynchttpclient.netty.request.NettyRequestSender - Using pooled Channel '[id: 0x7185fd32, L:/127.0.0.1:50018 - R:localhost/127.0.0.1:50042]' for 'GET' to 'http://localhost:50042/session/15327fbe52cc6419b0d87954511908a2/element/bc01f1ab-dab3-499f-95b7-089269981c66/enabled'
20:02:13.557 [Forwarding isElementEnabled on session 15327fbe52cc6419b0d87954511908a2 to remote] DEBUG org.asynchttpclient.netty.request.NettyRequestSender - Using open Channel [id: 0x7185fd32, L:/127.0.0.1:50018 - R:localhost/127.0.0.1:50042] for GET '/session/15327fbe52cc6419b0d87954511908a2/element/bc01f1ab-dab3-499f-95b7-089269981c66/enabled'
20:02:13.571 [AsyncHttpClient-1-3] DEBUG org.asynchttpclient.netty.handler.HttpHandler - 

Request DefaultFullHttpRequest(decodeResult: success, version: HTTP/1.1, content: EmptyByteBufBE)
GET /session/15327fbe52cc6419b0d87954511908a2/element/bc01f1ab-dab3-499f-95b7-089269981c66/enabled HTTP/1.1
User-Agent: selenium/4.1.2 (java windows)
Cache-Control: no-cache
Content-Type: application/json; charset=utf-8
host: localhost:50042
accept: */*

Response DefaultHttpResponse(decodeResult: success, version: HTTP/1.1)
HTTP/1.1 200 OK
Content-Type: application/json; charset=utf-8
cache-control: no-cache
content-length: 14

20:02:13.571 [AsyncHttpClient-1-3] DEBUG org.asynchttpclient.netty.channel.ChannelManager - Adding key: http://localhost:50042 for channel [id: 0x7185fd32, L:/127.0.0.1:50018 - R:localhost/127.0.0.1:50042]
20:02:13.572 [Forwarding findElement on session 15327fbe52cc6419b0d87954511908a2 to remote] DEBUG org.asynchttpclient.netty.request.NettyRequestSender - Using pooled Channel '[id: 0x7185fd32, L:/127.0.0.1:50018 - R:localhost/127.0.0.1:50042]' for 'POST' to 'http://localhost:50042/session/15327fbe52cc6419b0d87954511908a2/element'
20:02:13.572 [Forwarding findElement on session 15327fbe52cc6419b0d87954511908a2 to remote] DEBUG org.asynchttpclient.netty.request.NettyRequestSender - Using open Channel [id: 0x7185fd32, L:/127.0.0.1:50018 - R:localhost/127.0.0.1:50042] for POST '/session/15327fbe52cc6419b0d87954511908a2/element'
20:02:13.586 [AsyncHttpClient-1-3] DEBUG org.asynchttpclient.netty.handler.HttpHandler - 

Request DefaultHttpRequest(decodeResult: success, version: HTTP/1.1)
POST /session/15327fbe52cc6419b0d87954511908a2/element HTTP/1.1
User-Agent: selenium/4.1.2 (java windows)
Content-Length: 141
Content-Type: application/json; charset=utf-8
host: localhost:50042
accept: */*

Response DefaultHttpResponse(decodeResult: success, version: HTTP/1.1)
HTTP/1.1 200 OK
Content-Type: application/json; charset=utf-8
cache-control: no-cache
content-length: 88

20:02:13.586 [AsyncHttpClient-1-3] DEBUG org.asynchttpclient.netty.channel.ChannelManager - Adding key: http://localhost:50042 for channel [id: 0x7185fd32, L:/127.0.0.1:50018 - R:localhost/127.0.0.1:50042]
20:02:13.586 [Forwarding clickElement on session 15327fbe52cc6419b0d87954511908a2 to remote] DEBUG org.asynchttpclient.netty.request.NettyRequestSender - Using pooled Channel '[id: 0x7185fd32, L:/127.0.0.1:50018 - R:localhost/127.0.0.1:50042]' for 'POST' to 'http://localhost:50042/session/15327fbe52cc6419b0d87954511908a2/element/bc01f1ab-dab3-499f-95b7-089269981c66/click'
20:02:13.586 [Forwarding clickElement on session 15327fbe52cc6419b0d87954511908a2 to remote] DEBUG org.asynchttpclient.netty.request.NettyRequestSender - Using open Channel [id: 0x7185fd32, L:/127.0.0.1:50018 - R:localhost/127.0.0.1:50042] for POST '/session/15327fbe52cc6419b0d87954511908a2/element/bc01f1ab-dab3-499f-95b7-089269981c66/click'
20:02:13.644 [AsyncHttpClient-1-3] DEBUG org.asynchttpclient.netty.handler.HttpHandler - 

Request DefaultHttpRequest(decodeResult: success, version: HTTP/1.1)
POST /session/15327fbe52cc6419b0d87954511908a2/element/bc01f1ab-dab3-499f-95b7-089269981c66/click HTTP/1.1
User-Agent: selenium/4.1.2 (java windows)
Content-Length: 50
Content-Type: application/json; charset=utf-8
host: localhost:50042
accept: */*

Response DefaultHttpResponse(decodeResult: success, version: HTTP/1.1)
HTTP/1.1 200 OK
Content-Type: application/json; charset=utf-8
cache-control: no-cache
content-length: 14

20:02:13.644 [AsyncHttpClient-1-3] DEBUG org.asynchttpclient.netty.channel.ChannelManager - Adding key: http://localhost:50042 for channel [id: 0x7185fd32, L:/127.0.0.1:50018 - R:localhost/127.0.0.1:50042]
  &amp#27;[32mAnd &amp#27;[0m&amp#27;[32mI click login button&amp#27;[0m                      &amp#27;[90m# starter.steps.LoginStep.iClickLoginButton()&amp#27;[0m
20:02:13.653 [Forwarding screenshot on session 15327fbe52cc6419b0d87954511908a2 to remote] DEBUG org.asynchttpclient.netty.request.NettyRequestSender - Using pooled Channel '[id: 0x7185fd32, L:/127.0.0.1:50018 - R:localhost/127.0.0.1:50042]' for 'GET' to 'http://localhost:50042/session/15327fbe52cc6419b0d87954511908a2/screenshot'
20:02:13.653 [Forwarding screenshot on session 15327fbe52cc6419b0d87954511908a2 to remote] DEBUG org.asynchttpclient.netty.request.NettyRequestSender - Using open Channel [id: 0x7185fd32, L:/127.0.0.1:50018 - R:localhost/127.0.0.1:50042] for GET '/session/15327fbe52cc6419b0d87954511908a2/screenshot'
20:02:13.897 [AsyncHttpClient-1-3] DEBUG org.asynchttpclient.netty.handler.HttpHandler - 

Request DefaultFullHttpRequest(decodeResult: success, version: HTTP/1.1, content: EmptyByteBufBE)
GET /session/15327fbe52cc6419b0d87954511908a2/screenshot HTTP/1.1
User-Agent: selenium/4.1.2 (java windows)
Cache-Control: no-cache
Content-Type: application/json; charset=utf-8
host: localhost:50042
accept: */*

Response DefaultHttpResponse(decodeResult: success, version: HTTP/1.1)
HTTP/1.1 200 OK
Content-Type: application/json; charset=utf-8
cache-control: no-cache
content-length: 40012

20:02:13.898 [AsyncHttpClient-1-3] DEBUG org.asynchttpclient.netty.channel.ChannelManager - Adding key: http://localhost:50042 for channel [id: 0x7185fd32, L:/127.0.0.1:50018 - R:localhost/127.0.0.1:50042]
20:02:13.904 [main] DEBUG net.serenitybdd.core.photography.Darkroom - Send negative for processing for target\site\serenity\35575ffb4d8eb866f2b483ce794489b4b5c865cded19341887d94478d8a0c5da.png
20:02:13.906 [Darkroom Processing Line] DEBUG net.serenitybdd.core.photography.DarkroomProcessingLine - Processing screenshot image in /var/screenshots/screenshot-7728374627754383311
20:02:13.906 [Darkroom Processing Line] DEBUG net.serenitybdd.core.photography.DarkroomProcessingLine - Saving screenshot to target\site\serenity\35575ffb4d8eb866f2b483ce794489b4b5c865cded19341887d94478d8a0c5da.png
20:02:13.920 [Forwarding findElement on session 15327fbe52cc6419b0d87954511908a2 to remote] DEBUG org.asynchttpclient.netty.request.NettyRequestSender - Using pooled Channel '[id: 0x7185fd32, L:/127.0.0.1:50018 - R:localhost/127.0.0.1:50042]' for 'POST' to 'http://localhost:50042/session/15327fbe52cc6419b0d87954511908a2/element'
20:02:13.920 [Forwarding findElement on session 15327fbe52cc6419b0d87954511908a2 to remote] DEBUG org.asynchttpclient.netty.request.NettyRequestSender - Using open Channel [id: 0x7185fd32, L:/127.0.0.1:50018 - R:localhost/127.0.0.1:50042] for POST '/session/15327fbe52cc6419b0d87954511908a2/element'
20:02:14.299 [AsyncHttpClient-1-1] DEBUG org.asynchttpclient.netty.channel.DefaultChannelPool - Entry count for : http://localhost:50019 : 1
20:02:15.196 [AsyncHttpClient-1-3] DEBUG org.asynchttpclient.netty.handler.HttpHandler - 

Request DefaultHttpRequest(decodeResult: success, version: HTTP/1.1)
POST /session/15327fbe52cc6419b0d87954511908a2/element HTTP/1.1
User-Agent: selenium/4.1.2 (java windows)
Content-Length: 79
Content-Type: application/json; charset=utf-8
host: localhost:50042
accept: */*

Response DefaultHttpResponse(decodeResult: success, version: HTTP/1.1)
HTTP/1.1 200 OK
Content-Type: application/json; charset=utf-8
cache-control: no-cache
content-length: 88

20:02:15.196 [AsyncHttpClient-1-3] DEBUG org.asynchttpclient.netty.channel.ChannelManager - Adding key: http://localhost:50042 for channel [id: 0x7185fd32, L:/127.0.0.1:50018 - R:localhost/127.0.0.1:50042]
20:02:15.201 [Forwarding isElementDisplayed on session 15327fbe52cc6419b0d87954511908a2 to remote] DEBUG org.asynchttpclient.netty.request.NettyRequestSender - Using pooled Channel '[id: 0x7185fd32, L:/127.0.0.1:50018 - R:localhost/127.0.0.1:50042]' for 'POST' to 'http://localhost:50042/session/15327fbe52cc6419b0d87954511908a2/execute/sync'
20:02:15.201 [Forwarding isElementDisplayed on session 15327fbe52cc6419b0d87954511908a2 to remote] DEBUG org.asynchttpclient.netty.request.NettyRequestSender - Using open Channel [id: 0x7185fd32, L:/127.0.0.1:50018 - R:localhost/127.0.0.1:50042] for POST '/session/15327fbe52cc6419b0d87954511908a2/execute/sync'
20:02:15.225 [AsyncHttpClient-1-3] DEBUG org.asynchttpclient.netty.handler.HttpHandler - 

Request DefaultHttpRequest(decodeResult: success, version: HTTP/1.1)
POST /session/15327fbe52cc6419b0d87954511908a2/execute/sync HTTP/1.1
User-Agent: selenium/4.1.2 (java windows)
Content-Length: 48780
Content-Type: application/json; charset=utf-8
host: localhost:50042
accept: */*

Response DefaultHttpResponse(decodeResult: success, version: HTTP/1.1)
HTTP/1.1 200 OK
Content-Type: application/json; charset=utf-8
cache-control: no-cache
content-length: 14

20:02:15.225 [AsyncHttpClient-1-3] DEBUG org.asynchttpclient.netty.channel.ChannelManager - Adding key: http://localhost:50042 for channel [id: 0x7185fd32, L:/127.0.0.1:50018 - R:localhost/127.0.0.1:50042]
  &amp#27;[32mThen &amp#27;[0m&amp#27;[32mi get &amp#27;[0m&amp#27;[32m&amp#27;[1m"error message"&amp#27;[0m&amp#27;[32m result&amp#27;[0m             &amp#27;[90m# starter.steps.LoginStep.iGetResult(java.lang.String)&amp#27;[0m
20:02:15.231 [Forwarding screenshot on session 15327fbe52cc6419b0d87954511908a2 to remote] DEBUG org.asynchttpclient.netty.request.NettyRequestSender - Using pooled Channel '[id: 0x7185fd32, L:/127.0.0.1:50018 - R:localhost/127.0.0.1:50042]' for 'GET' to 'http://localhost:50042/session/15327fbe52cc6419b0d87954511908a2/screenshot'
20:02:15.231 [Forwarding screenshot on session 15327fbe52cc6419b0d87954511908a2 to remote] DEBUG org.asynchttpclient.netty.request.NettyRequestSender - Using open Channel [id: 0x7185fd32, L:/127.0.0.1:50018 - R:localhost/127.0.0.1:50042] for GET '/session/15327fbe52cc6419b0d87954511908a2/screenshot'
20:02:15.399 [AsyncHttpClient-1-1] DEBUG org.asynchttpclient.netty.channel.DefaultChannelPool - Entry count for : http://localhost:50019 : 1
20:02:15.406 [AsyncHttpClient-1-3] DEBUG org.asynchttpclient.netty.handler.HttpHandler - 

Request DefaultFullHttpRequest(decodeResult: success, version: HTTP/1.1, content: EmptyByteBufBE)
GET /session/15327fbe52cc6419b0d87954511908a2/screenshot HTTP/1.1
User-Agent: selenium/4.1.2 (java windows)
Cache-Control: no-cache
Content-Type: application/json; charset=utf-8
host: localhost:50042
accept: */*

Response DefaultHttpResponse(decodeResult: success, version: HTTP/1.1)
HTTP/1.1 200 OK
Content-Type: application/json; charset=utf-8
cache-control: no-cache
content-length: 44300

20:02:15.406 [AsyncHttpClient-1-3] DEBUG org.asynchttpclient.netty.channel.ChannelManager - Adding key: http://localhost:50042 for channel [id: 0x7185fd32, L:/127.0.0.1:50018 - R:localhost/127.0.0.1:50042]
20:02:15.408 [main] DEBUG net.serenitybdd.core.photography.Darkroom - Send negative for processing for target\site\serenity\f85db5e486f1fbe002467fb23a52c5c4cd14019ba96a8ebecf53d496e0adacb1.png
20:02:15.409 [Darkroom Processing Line] DEBUG net.serenitybdd.core.photography.DarkroomProcessingLine - Processing screenshot image in /var/screenshots/screenshot-3076862306410809250
20:02:15.409 [Darkroom Processing Line] DEBUG net.serenitybdd.core.photography.DarkroomProcessingLine - Saving screenshot to target\site\serenity\f85db5e486f1fbe002467fb23a52c5c4cd14019ba96a8ebecf53d496e0adacb1.png
20:02:15.418 [AsyncHttpClient-1-5] DEBUG org.asynchttpclient.netty.handler.WebSocketHandler - Channel Closed: [id: 0xdc61b699, L:/127.0.0.1:50026 ! R:localhost/127.0.0.1:50019] with attribute NettyResponseFuture{currentRetry=5,
	isDone=1,
	isCancelled=0,
	asyncHandler=org.asynchttpclient.ws.WebSocketUpgradeHandler@c014a99,
	nettyRequest=org.asynchttpclient.netty.request.NettyRequest@4d7d7408,
	future=java.util.concurrent.CompletableFuture@3d1e3b64[Completed normally],
	uri=ws://localhost:50019/devtools/browser/d90470b6-1710-4ace-b7e8-6cf0cdc44faa,
	keepAlive=true,
	redirectCount=0,
	timeoutsHolder=null,
	inAuth=0,
	touch=1667221291558}
20:02:15.418 [AsyncHttpClient-1-5] DEBUG org.asynchttpclient.netty.channel.ChannelManager - Closing Channel [id: 0xdc61b699, L:/127.0.0.1:50026 ! R:localhost/127.0.0.1:50019] 
20:02:15.420 [Driver Command Executor] DEBUG org.asynchttpclient.netty.request.NettyRequestSender - Using pooled Channel '[id: 0x7185fd32, L:/127.0.0.1:50018 - R:localhost/127.0.0.1:50042]' for 'DELETE' to 'http://localhost:50042/session/15327fbe52cc6419b0d87954511908a2'
20:02:15.421 [Driver Command Executor] DEBUG org.asynchttpclient.netty.request.NettyRequestSender - Using open Channel [id: 0x7185fd32, L:/127.0.0.1:50018 - R:localhost/127.0.0.1:50042] for DELETE '/session/15327fbe52cc6419b0d87954511908a2'
20:02:15.557 [AsyncHttpClient-1-4] DEBUG org.asynchttpclient.netty.handler.HttpHandler - Unexpected I/O exception on channel [id: 0x2f796c82, L:/127.0.0.1:50025 - R:localhost/127.0.0.1:50019]
java.io.IOException: An existing connection was forcibly closed by the remote host
	at java.base/sun.nio.ch.SocketDispatcher.read0(Native Method)
	at java.base/sun.nio.ch.SocketDispatcher.read(SocketDispatcher.java:43)
	at java.base/sun.nio.ch.IOUtil.readIntoNativeBuffer(IOUtil.java:276)
	at java.base/sun.nio.ch.IOUtil.read(IOUtil.java:233)
	at java.base/sun.nio.ch.IOUtil.read(IOUtil.java:223)
	at java.base/sun.nio.ch.SocketChannelImpl.read(SocketChannelImpl.java:358)
	at io.netty.buffer.PooledByteBuf.setBytes(PooledByteBuf.java:258)
	at io.netty.buffer.AbstractByteBuf.writeBytes(AbstractByteBuf.java:1132)
	at io.netty.channel.socket.nio.NioSocketChannel.doReadBytes(NioSocketChannel.java:350)
	at io.netty.channel.nio.AbstractNioByteChannel$NioByteUnsafe.read(AbstractNioByteChannel.java:151)
	at io.netty.channel.nio.NioEventLoop.processSelectedKey(NioEventLoop.java:722)
	at io.netty.channel.nio.NioEventLoop.processSelectedKeysOptimized(NioEventLoop.java:658)
	at io.netty.channel.nio.NioEventLoop.processSelectedKeys(NioEventLoop.java:584)
	at io.netty.channel.nio.NioEventLoop.run(NioEventLoop.java:496)
	at io.netty.util.concurrent.SingleThreadEventExecutor$4.run(SingleThreadEventExecutor.java:986)
	at io.netty.util.internal.ThreadExecutorMap$2.run(ThreadExecutorMap.java:74)
	at io.netty.util.concurrent.FastThreadLocalRunnable.run(FastThreadLocalRunnable.java:30)
	at java.base/java.lang.Thread.run(Thread.java:834)
20:02:15.557 [AsyncHttpClient-1-4] DEBUG org.asynchttpclient.netty.channel.ChannelManager - Closing Channel [id: 0x2f796c82, L:/127.0.0.1:50025 - R:localhost/127.0.0.1:50019] 
20:02:15.557 [AsyncHttpClient-1-4] DEBUG org.asynchttpclient.netty.handler.HttpHandler - Channel Closed: [id: 0x2f796c82, L:/127.0.0.1:50025 ! R:localhost/127.0.0.1:50019] with attribute DISCARD
20:02:15.749 [AsyncHttpClient-1-3] DEBUG org.asynchttpclient.netty.handler.HttpHandler - 

Request DefaultFullHttpRequest(decodeResult: success, version: HTTP/1.1, content: EmptyByteBufBE)
DELETE /session/15327fbe52cc6419b0d87954511908a2 HTTP/1.1
User-Agent: selenium/4.1.2 (java windows)
Content-Type: application/json; charset=utf-8
host: localhost:50042
accept: */*

Response DefaultHttpResponse(decodeResult: success, version: HTTP/1.1)
HTTP/1.1 200 OK
Content-Type: application/json; charset=utf-8
cache-control: no-cache
content-length: 14

20:02:15.749 [AsyncHttpClient-1-3] DEBUG org.asynchttpclient.netty.channel.ChannelManager - Adding key: http://localhost:50042 for channel [id: 0x7185fd32, L:/127.0.0.1:50018 - R:localhost/127.0.0.1:50042]
20:02:15.782 [AsyncHttpClient-1-3] DEBUG org.asynchttpclient.netty.handler.HttpHandler - Channel Closed: [id: 0x7185fd32, L:/127.0.0.1:50018 ! R:localhost/127.0.0.1:50042] with attribute DISCARD
]]></system-out>
    <system-err><![CDATA[Starting ChromeDriver 106.0.5249.61 (511755355844955cd3e264779baf0dd38212a4d0-refs/branch-heads/5249@{#569}) on port 50042
Only local connections are allowed.
Please see https://chromedriver.chromium.org/security-considerations for suggestions on keeping ChromeDriver safe.
ChromeDriver was started successfully.
Oct 31, 2022 8:01:31 PM org.openqa.selenium.remote.ProtocolHandshake createSession
INFO: Detected dialect: W3C
Oct 31, 2022 8:01:31 PM org.openqa.selenium.devtools.CdpVersionFinder findNearestMatch
WARNING: Unable to find an exact match for CDP version 106, so returning the closest version found: a no-op implementation
Oct 31, 2022 8:01:31 PM org.openqa.selenium.devtools.CdpVersionFinder findNearestMatch
INFO: Unable to find CDP implementation matching 106.
Oct 31, 2022 8:01:31 PM org.openqa.selenium.chromium.ChromiumDriver lambda$new$3
WARNING: Unable to find version of CDP to use for . You may need to include a dependency on a specific version of the CDP using something similar to `org.seleniumhq.selenium:selenium-devtools-v86:4.1.2` where the version ("v86") matches the version of the chromium-based browser you're using and the version number of the artifact is the same as Selenium's.
]]></system-err>
  </testcase>
  <testcase name="login with email and password #6" classname="Login" time="53.871">
    <system-out><![CDATA[
@Login
Scenario Outline: login with email and password &amp#27;[90m# src/test/resources/features/login/login.feature:21&amp#27;[0m
20:02:15.878 [main] INFO io.cucumber.core.plugin.SerenityReporter - Running feature from file:///D:/TIC/Kampus%20Merdeka/MSIB/Studi%20Independen/Alterra/MiniProject/MiniProjWeb/src/test/resources/features/login/login.feature
20:02:15.903 [main] INFO net.serenitybdd.core.webdriver.driverproviders.ChromeDriverProvider - Using automatically driver download
20:02:16.053 [main] DEBUG io.github.bonigarcia.wdm.cache.ResolutionCache - Resolution chrome=106 in cache (valid until 20:51:33 31/10/2022 ICT)
20:02:16.055 [main] DEBUG io.github.bonigarcia.wdm.cache.ResolutionCache - Resolution chrome106=106.0.5249.61 in cache (valid until 17:34:34 01/11/2022 ICT)
20:02:16.056 [main] INFO io.github.bonigarcia.wdm.WebDriverManager - Using chromedriver 106.0.5249.61 (resolved driver for Chrome 106)
20:02:16.063 [main] DEBUG io.github.bonigarcia.wdm.WebDriverManager - Driver chromedriver 106.0.5249.61 found in cache
20:02:16.064 [main] INFO io.github.bonigarcia.wdm.WebDriverManager - Exporting webdriver.chrome.driver as C:\Users\user\.cache\selenium\chromedriver\win32\106.0.5249.61\chromedriver.exe
20:02:16.249 [main] DEBUG net.serenitybdd.core.webdriver.driverproviders.ProvideNewDriver - Instantiating driver
20:02:16.249 [main] DEBUG net.serenitybdd.core.webdriver.driverproviders.ProvideNewDriver - Driver capabilities: Capabilities {acceptInsecureCerts: false, base.url: https://alta-shop.vercel.app, browserName: chrome, chrome.driver: src/test/resources/webdrive..., driver: chrome, goog:chromeOptions: {args: [], extensions: []}, wait.for.timeout: 500}
20:02:16.373 [AsyncHttpClient-1-6] DEBUG org.asynchttpclient.netty.channel.NettyConnectListener - Using new Channel '[id: 0x76e9b4c2, L:/127.0.0.1:50102 - R:localhost/127.0.0.1:56212]' for 'POST' to '/session'
20:02:16.504 [AsyncHttpClient-1-1] DEBUG org.asynchttpclient.netty.channel.DefaultChannelPool - Entry count for : http://localhost:50042 : 1
20:02:16.504 [AsyncHttpClient-1-1] DEBUG org.asynchttpclient.netty.channel.DefaultChannelPool - Entry count for : http://localhost:50019 : 1
20:02:16.504 [AsyncHttpClient-1-1] DEBUG org.asynchttpclient.netty.channel.DefaultChannelPool - Adding Candidate expired Channel [id: 0x7185fd32, L:/127.0.0.1:50018 ! R:localhost/127.0.0.1:50042] isIdleTimeoutExpired=false isRemotelyClosed=true isTtlExpired=false
20:02:16.504 [AsyncHttpClient-1-1] DEBUG org.asynchttpclient.netty.channel.DefaultChannelPool - Closing Idle Channel [id: 0x7185fd32, L:/127.0.0.1:50018 ! R:localhost/127.0.0.1:50042]
20:02:16.504 [AsyncHttpClient-1-1] DEBUG org.asynchttpclient.netty.channel.DefaultChannelPool - Adding Candidate expired Channel [id: 0x2f796c82, L:/127.0.0.1:50025 ! R:localhost/127.0.0.1:50019] isIdleTimeoutExpired=false isRemotelyClosed=true isTtlExpired=false
20:02:16.504 [AsyncHttpClient-1-1] DEBUG org.asynchttpclient.netty.channel.DefaultChannelPool - Closing Idle Channel [id: 0x2f796c82, L:/127.0.0.1:50025 ! R:localhost/127.0.0.1:50019]
20:02:16.504 [AsyncHttpClient-1-1] DEBUG org.asynchttpclient.netty.channel.DefaultChannelPool - Closed 2 connections out of 2 in 0 ms
20:02:17.280 [AsyncHttpClient-1-6] DEBUG org.asynchttpclient.netty.handler.HttpHandler - 

Request DefaultHttpRequest(decodeResult: success, version: HTTP/1.1)
POST /session HTTP/1.1
User-Agent: selenium/4.1.2 (java windows)
Content-Length: 638
Content-Type: application/json; charset=utf-8
host: localhost:56212
accept: */*

Response DefaultHttpResponse(decodeResult: success, version: HTTP/1.1)
HTTP/1.1 200 OK
Content-Type: application/json; charset=utf-8
cache-control: no-cache
content-length: 790

20:02:17.280 [AsyncHttpClient-1-6] DEBUG org.asynchttpclient.netty.channel.ChannelManager - Adding key: http://localhost:56212 for channel [id: 0x76e9b4c2, L:/127.0.0.1:50102 - R:localhost/127.0.0.1:56212]
20:02:17.296 [AsyncHttpClient-1-7] DEBUG org.asynchttpclient.netty.channel.NettyConnectListener - Using new Channel '[id: 0xdb4dd96a, L:/127.0.0.1:50110 - R:localhost/127.0.0.1:50103]' for 'GET' to '/json/version'
20:02:17.296 [AsyncHttpClient-1-7] DEBUG org.asynchttpclient.netty.handler.HttpHandler - 

Request DefaultFullHttpRequest(decodeResult: success, version: HTTP/1.1, content: EmptyByteBufBE)
GET /json/version HTTP/1.1
User-Agent: selenium/4.1.2 (java windows)
host: localhost:50103
accept: */*

Response DefaultHttpResponse(decodeResult: success, version: HTTP/1.1)
HTTP/1.1 200 OK
Content-Type: application/json; charset=UTF-8
content-length: 424

20:02:17.297 [AsyncHttpClient-1-7] DEBUG org.asynchttpclient.netty.channel.ChannelManager - Adding key: http://localhost:50103 for channel [id: 0xdb4dd96a, L:/127.0.0.1:50110 - R:localhost/127.0.0.1:50103]
20:02:17.301 [AsyncHttpClient-1-8] DEBUG org.asynchttpclient.netty.channel.NettyConnectListener - Using new Channel '[id: 0x9819bbda, L:/127.0.0.1:50111 - R:localhost/127.0.0.1:50103]' for 'GET' to '/devtools/browser/fe0786f3-fc48-4f26-ae7e-00ac60eed2d0'
20:02:17.304 [AsyncHttpClient-1-8] DEBUG org.asynchttpclient.netty.handler.WebSocketHandler - 

Request DefaultFullHttpRequest(decodeResult: success, version: HTTP/1.1, content: EmptyByteBufBE)
GET /devtools/browser/fe0786f3-fc48-4f26-ae7e-00ac60eed2d0 HTTP/1.1
upgrade: websocket
connection: upgrade
sec-websocket-key: 78BtEFtDOWAqbdC57CIuwA==
sec-websocket-version: 13
origin: http://localhost:50103
host: localhost:50103
accept: */*
user-agent: AHC/2.1

Response DefaultHttpResponse(decodeResult: success, version: HTTP/1.1)
HTTP/1.1 101 WebSocket Protocol Handshake
Upgrade: WebSocket
Connection: Upgrade
Sec-WebSocket-Accept: hz7WCHKXq55cdpGTOVtsm4/UnaA=

20:02:17.315 [Forwarding get on session 99f06235f229039898cff1ede8553b7e to remote] DEBUG org.asynchttpclient.netty.request.NettyRequestSender - Using pooled Channel '[id: 0x76e9b4c2, L:/127.0.0.1:50102 - R:localhost/127.0.0.1:56212]' for 'POST' to 'http://localhost:56212/session/99f06235f229039898cff1ede8553b7e/url'
20:02:17.315 [Forwarding get on session 99f06235f229039898cff1ede8553b7e to remote] DEBUG org.asynchttpclient.netty.request.NettyRequestSender - Using open Channel [id: 0x76e9b4c2, L:/127.0.0.1:50102 - R:localhost/127.0.0.1:56212] for POST '/session/99f06235f229039898cff1ede8553b7e/url'
20:02:17.610 [AsyncHttpClient-1-1] DEBUG org.asynchttpclient.netty.channel.DefaultChannelPool - Entry count for : http://localhost:50103 : 1
20:02:18.700 [AsyncHttpClient-1-1] DEBUG org.asynchttpclient.netty.channel.DefaultChannelPool - Entry count for : http://localhost:50103 : 1
20:02:19.801 [AsyncHttpClient-1-1] DEBUG org.asynchttpclient.netty.channel.DefaultChannelPool - Entry count for : http://localhost:50103 : 1
20:02:20.904 [AsyncHttpClient-1-1] DEBUG org.asynchttpclient.netty.channel.DefaultChannelPool - Entry count for : http://localhost:50103 : 1
20:02:22.011 [AsyncHttpClient-1-1] DEBUG org.asynchttpclient.netty.channel.DefaultChannelPool - Entry count for : http://localhost:50103 : 1
20:02:23.110 [AsyncHttpClient-1-1] DEBUG org.asynchttpclient.netty.channel.DefaultChannelPool - Entry count for : http://localhost:50103 : 1
20:02:24.201 [AsyncHttpClient-1-1] DEBUG org.asynchttpclient.netty.channel.DefaultChannelPool - Entry count for : http://localhost:50103 : 1
20:02:25.308 [AsyncHttpClient-1-1] DEBUG org.asynchttpclient.netty.channel.DefaultChannelPool - Entry count for : http://localhost:50103 : 1
20:02:26.405 [AsyncHttpClient-1-1] DEBUG org.asynchttpclient.netty.channel.DefaultChannelPool - Entry count for : http://localhost:50103 : 1
20:02:27.504 [AsyncHttpClient-1-1] DEBUG org.asynchttpclient.netty.channel.DefaultChannelPool - Entry count for : http://localhost:50103 : 1
20:02:28.609 [AsyncHttpClient-1-1] DEBUG org.asynchttpclient.netty.channel.DefaultChannelPool - Entry count for : http://localhost:50103 : 1
20:02:29.700 [AsyncHttpClient-1-1] DEBUG org.asynchttpclient.netty.channel.DefaultChannelPool - Entry count for : http://localhost:50103 : 1
20:02:30.802 [AsyncHttpClient-1-1] DEBUG org.asynchttpclient.netty.channel.DefaultChannelPool - Entry count for : http://localhost:50103 : 1
20:02:31.907 [AsyncHttpClient-1-1] DEBUG org.asynchttpclient.netty.channel.DefaultChannelPool - Entry count for : http://localhost:50103 : 1
20:02:33.004 [AsyncHttpClient-1-1] DEBUG org.asynchttpclient.netty.channel.DefaultChannelPool - Entry count for : http://localhost:50103 : 1
20:02:34.104 [AsyncHttpClient-1-1] DEBUG org.asynchttpclient.netty.channel.DefaultChannelPool - Entry count for : http://localhost:50103 : 1
20:02:35.210 [AsyncHttpClient-1-1] DEBUG org.asynchttpclient.netty.channel.DefaultChannelPool - Entry count for : http://localhost:50103 : 1
20:02:36.311 [AsyncHttpClient-1-1] DEBUG org.asynchttpclient.netty.channel.DefaultChannelPool - Entry count for : http://localhost:50103 : 1
20:02:37.400 [AsyncHttpClient-1-1] DEBUG org.asynchttpclient.netty.channel.DefaultChannelPool - Entry count for : http://localhost:50103 : 1
20:02:38.509 [AsyncHttpClient-1-1] DEBUG org.asynchttpclient.netty.channel.DefaultChannelPool - Entry count for : http://localhost:50103 : 1
20:02:39.609 [AsyncHttpClient-1-1] DEBUG org.asynchttpclient.netty.channel.DefaultChannelPool - Entry count for : http://localhost:50103 : 1
20:02:40.709 [AsyncHttpClient-1-1] DEBUG org.asynchttpclient.netty.channel.DefaultChannelPool - Entry count for : http://localhost:50103 : 1
20:02:41.801 [AsyncHttpClient-1-1] DEBUG org.asynchttpclient.netty.channel.DefaultChannelPool - Entry count for : http://localhost:50103 : 1
20:02:42.903 [AsyncHttpClient-1-1] DEBUG org.asynchttpclient.netty.channel.DefaultChannelPool - Entry count for : http://localhost:50103 : 1
20:02:44.003 [AsyncHttpClient-1-1] DEBUG org.asynchttpclient.netty.channel.DefaultChannelPool - Entry count for : http://localhost:50103 : 1
20:02:45.105 [AsyncHttpClient-1-1] DEBUG org.asynchttpclient.netty.channel.DefaultChannelPool - Entry count for : http://localhost:50103 : 1
20:02:46.212 [AsyncHttpClient-1-1] DEBUG org.asynchttpclient.netty.channel.DefaultChannelPool - Entry count for : http://localhost:50103 : 1
20:02:47.300 [AsyncHttpClient-1-1] DEBUG org.asynchttpclient.netty.channel.DefaultChannelPool - Entry count for : http://localhost:50103 : 1
20:02:48.403 [AsyncHttpClient-1-1] DEBUG org.asynchttpclient.netty.channel.DefaultChannelPool - Entry count for : http://localhost:50103 : 1
20:02:49.508 [AsyncHttpClient-1-1] DEBUG org.asynchttpclient.netty.channel.DefaultChannelPool - Entry count for : http://localhost:50103 : 1
20:02:50.617 [AsyncHttpClient-1-1] DEBUG org.asynchttpclient.netty.channel.DefaultChannelPool - Entry count for : http://localhost:50103 : 1
20:02:51.712 [AsyncHttpClient-1-1] DEBUG org.asynchttpclient.netty.channel.DefaultChannelPool - Entry count for : http://localhost:50103 : 1
20:02:52.800 [AsyncHttpClient-1-1] DEBUG org.asynchttpclient.netty.channel.DefaultChannelPool - Entry count for : http://localhost:50103 : 1
20:02:53.905 [AsyncHttpClient-1-1] DEBUG org.asynchttpclient.netty.channel.DefaultChannelPool - Entry count for : http://localhost:50103 : 1
20:02:54.998 [AsyncHttpClient-1-1] DEBUG org.asynchttpclient.netty.channel.DefaultChannelPool - Entry count for : http://localhost:50103 : 1
20:02:56.102 [AsyncHttpClient-1-1] DEBUG org.asynchttpclient.netty.channel.DefaultChannelPool - Entry count for : http://localhost:50103 : 1
20:02:57.206 [AsyncHttpClient-1-1] DEBUG org.asynchttpclient.netty.channel.DefaultChannelPool - Entry count for : http://localhost:50103 : 1
20:02:58.310 [AsyncHttpClient-1-1] DEBUG org.asynchttpclient.netty.channel.DefaultChannelPool - Entry count for : http://localhost:50103 : 1
20:02:59.398 [AsyncHttpClient-1-1] DEBUG org.asynchttpclient.netty.channel.DefaultChannelPool - Entry count for : http://localhost:50103 : 1
20:03:00.513 [AsyncHttpClient-1-1] DEBUG org.asynchttpclient.netty.channel.DefaultChannelPool - Entry count for : http://localhost:50103 : 1
20:03:01.602 [AsyncHttpClient-1-1] DEBUG org.asynchttpclient.netty.channel.DefaultChannelPool - Entry count for : http://localhost:50103 : 1
20:03:02.704 [AsyncHttpClient-1-1] DEBUG org.asynchttpclient.netty.channel.DefaultChannelPool - Entry count for : http://localhost:50103 : 1
20:03:03.800 [AsyncHttpClient-1-1] DEBUG org.asynchttpclient.netty.channel.DefaultChannelPool - Entry count for : http://localhost:50103 : 1
20:03:04.903 [AsyncHttpClient-1-1] DEBUG org.asynchttpclient.netty.channel.DefaultChannelPool - Entry count for : http://localhost:50103 : 1
20:03:06.004 [AsyncHttpClient-1-1] DEBUG org.asynchttpclient.netty.channel.DefaultChannelPool - Entry count for : http://localhost:50103 : 1
20:03:06.712 [AsyncHttpClient-1-6] DEBUG org.asynchttpclient.netty.handler.HttpHandler - 

Request DefaultHttpRequest(decodeResult: success, version: HTTP/1.1)
POST /session/99f06235f229039898cff1ede8553b7e/url HTTP/1.1
User-Agent: selenium/4.1.2 (java windows)
Content-Length: 59
Content-Type: application/json; charset=utf-8
host: localhost:56212
accept: */*

Response DefaultHttpResponse(decodeResult: success, version: HTTP/1.1)
HTTP/1.1 200 OK
Content-Type: application/json; charset=utf-8
cache-control: no-cache
content-length: 14

20:03:06.713 [AsyncHttpClient-1-6] DEBUG org.asynchttpclient.netty.channel.ChannelManager - Adding key: http://localhost:56212 for channel [id: 0x76e9b4c2, L:/127.0.0.1:50102 - R:localhost/127.0.0.1:56212]
20:03:06.714 [Forwarding setTimeout on session 99f06235f229039898cff1ede8553b7e to remote] DEBUG org.asynchttpclient.netty.request.NettyRequestSender - Using pooled Channel '[id: 0x76e9b4c2, L:/127.0.0.1:50102 - R:localhost/127.0.0.1:56212]' for 'POST' to 'http://localhost:56212/session/99f06235f229039898cff1ede8553b7e/timeouts'
20:03:06.714 [Forwarding setTimeout on session 99f06235f229039898cff1ede8553b7e to remote] DEBUG org.asynchttpclient.netty.request.NettyRequestSender - Using open Channel [id: 0x76e9b4c2, L:/127.0.0.1:50102 - R:localhost/127.0.0.1:56212] for POST '/session/99f06235f229039898cff1ede8553b7e/timeouts'
20:03:06.715 [AsyncHttpClient-1-6] DEBUG org.asynchttpclient.netty.handler.HttpHandler - 

Request DefaultHttpRequest(decodeResult: success, version: HTTP/1.1)
POST /session/99f06235f229039898cff1ede8553b7e/timeouts HTTP/1.1
User-Agent: selenium/4.1.2 (java windows)
Content-Length: 22
Content-Type: application/json; charset=utf-8
host: localhost:56212
accept: */*

Response DefaultHttpResponse(decodeResult: success, version: HTTP/1.1)
HTTP/1.1 200 OK
Content-Type: application/json; charset=utf-8
cache-control: no-cache
content-length: 14

20:03:06.715 [AsyncHttpClient-1-6] DEBUG org.asynchttpclient.netty.channel.ChannelManager - Adding key: http://localhost:56212 for channel [id: 0x76e9b4c2, L:/127.0.0.1:50102 - R:localhost/127.0.0.1:56212]
20:03:06.717 [Forwarding getCurrentUrl on session 99f06235f229039898cff1ede8553b7e to remote] DEBUG org.asynchttpclient.netty.request.NettyRequestSender - Using pooled Channel '[id: 0x76e9b4c2, L:/127.0.0.1:50102 - R:localhost/127.0.0.1:56212]' for 'GET' to 'http://localhost:56212/session/99f06235f229039898cff1ede8553b7e/url'
20:03:06.718 [Forwarding getCurrentUrl on session 99f06235f229039898cff1ede8553b7e to remote] DEBUG org.asynchttpclient.netty.request.NettyRequestSender - Using open Channel [id: 0x76e9b4c2, L:/127.0.0.1:50102 - R:localhost/127.0.0.1:56212] for GET '/session/99f06235f229039898cff1ede8553b7e/url'
20:03:06.723 [AsyncHttpClient-1-6] DEBUG org.asynchttpclient.netty.handler.HttpHandler - 

Request DefaultFullHttpRequest(decodeResult: success, version: HTTP/1.1, content: EmptyByteBufBE)
GET /session/99f06235f229039898cff1ede8553b7e/url HTTP/1.1
User-Agent: selenium/4.1.2 (java windows)
Cache-Control: no-cache
Content-Type: application/json; charset=utf-8
host: localhost:56212
accept: */*

Response DefaultHttpResponse(decodeResult: success, version: HTTP/1.1)
HTTP/1.1 200 OK
Content-Type: application/json; charset=utf-8
cache-control: no-cache
content-length: 41

20:03:06.723 [AsyncHttpClient-1-6] DEBUG org.asynchttpclient.netty.channel.ChannelManager - Adding key: http://localhost:56212 for channel [id: 0x76e9b4c2, L:/127.0.0.1:50102 - R:localhost/127.0.0.1:56212]
  &amp#27;[32mGiven &amp#27;[0m&amp#27;[32mI open the website&amp#27;[0m                      &amp#27;[90m# starter.steps.RegistrationStep.iOpenTheWebsite()&amp#27;[0m
20:03:06.727 [Forwarding screenshot on session 99f06235f229039898cff1ede8553b7e to remote] DEBUG org.asynchttpclient.netty.request.NettyRequestSender - Using pooled Channel '[id: 0x76e9b4c2, L:/127.0.0.1:50102 - R:localhost/127.0.0.1:56212]' for 'GET' to 'http://localhost:56212/session/99f06235f229039898cff1ede8553b7e/screenshot'
20:03:06.727 [Forwarding screenshot on session 99f06235f229039898cff1ede8553b7e to remote] DEBUG org.asynchttpclient.netty.request.NettyRequestSender - Using open Channel [id: 0x76e9b4c2, L:/127.0.0.1:50102 - R:localhost/127.0.0.1:56212] for GET '/session/99f06235f229039898cff1ede8553b7e/screenshot'
20:03:06.854 [AsyncHttpClient-1-6] DEBUG org.asynchttpclient.netty.handler.HttpHandler - 

Request DefaultFullHttpRequest(decodeResult: success, version: HTTP/1.1, content: EmptyByteBufBE)
GET /session/99f06235f229039898cff1ede8553b7e/screenshot HTTP/1.1
User-Agent: selenium/4.1.2 (java windows)
Cache-Control: no-cache
Content-Type: application/json; charset=utf-8
host: localhost:56212
accept: */*

Response DefaultHttpResponse(decodeResult: success, version: HTTP/1.1)
HTTP/1.1 200 OK
Content-Type: application/json; charset=utf-8
cache-control: no-cache
content-length: 69584

20:03:06.855 [AsyncHttpClient-1-6] DEBUG org.asynchttpclient.netty.channel.ChannelManager - Adding key: http://localhost:56212 for channel [id: 0x76e9b4c2, L:/127.0.0.1:50102 - R:localhost/127.0.0.1:56212]
20:03:06.860 [main] DEBUG net.serenitybdd.core.photography.Darkroom - Send negative for processing for target\site\serenity\5297bd387dc3249e00c2d6656fb13e2699af90824ba878fd382afd24108abb14.png
20:03:06.868 [Forwarding findElement on session 99f06235f229039898cff1ede8553b7e to remote] DEBUG org.asynchttpclient.netty.request.NettyRequestSender - Using pooled Channel '[id: 0x76e9b4c2, L:/127.0.0.1:50102 - R:localhost/127.0.0.1:56212]' for 'POST' to 'http://localhost:56212/session/99f06235f229039898cff1ede8553b7e/element'
20:03:06.868 [Forwarding findElement on session 99f06235f229039898cff1ede8553b7e to remote] DEBUG org.asynchttpclient.netty.request.NettyRequestSender - Using open Channel [id: 0x76e9b4c2, L:/127.0.0.1:50102 - R:localhost/127.0.0.1:56212] for POST '/session/99f06235f229039898cff1ede8553b7e/element'
20:03:06.900 [AsyncHttpClient-1-6] DEBUG org.asynchttpclient.netty.handler.HttpHandler - 

Request DefaultHttpRequest(decodeResult: success, version: HTTP/1.1)
POST /session/99f06235f229039898cff1ede8553b7e/element HTTP/1.1
User-Agent: selenium/4.1.2 (java windows)
Content-Length: 97
Content-Type: application/json; charset=utf-8
host: localhost:56212
accept: */*

Response DefaultHttpResponse(decodeResult: success, version: HTTP/1.1)
HTTP/1.1 200 OK
Content-Type: application/json; charset=utf-8
cache-control: no-cache
content-length: 88

20:03:06.900 [AsyncHttpClient-1-6] DEBUG org.asynchttpclient.netty.channel.ChannelManager - Adding key: http://localhost:56212 for channel [id: 0x76e9b4c2, L:/127.0.0.1:50102 - R:localhost/127.0.0.1:56212]
20:03:06.901 [Forwarding getElementTagName on session 99f06235f229039898cff1ede8553b7e to remote] DEBUG org.asynchttpclient.netty.request.NettyRequestSender - Using pooled Channel '[id: 0x76e9b4c2, L:/127.0.0.1:50102 - R:localhost/127.0.0.1:56212]' for 'GET' to 'http://localhost:56212/session/99f06235f229039898cff1ede8553b7e/element/4f7eadee-a973-4b36-af44-d351a8ef63d0/name'
20:03:06.901 [Forwarding getElementTagName on session 99f06235f229039898cff1ede8553b7e to remote] DEBUG org.asynchttpclient.netty.request.NettyRequestSender - Using open Channel [id: 0x76e9b4c2, L:/127.0.0.1:50102 - R:localhost/127.0.0.1:56212] for GET '/session/99f06235f229039898cff1ede8553b7e/element/4f7eadee-a973-4b36-af44-d351a8ef63d0/name'
20:03:06.906 [AsyncHttpClient-1-6] DEBUG org.asynchttpclient.netty.handler.HttpHandler - 

Request DefaultFullHttpRequest(decodeResult: success, version: HTTP/1.1, content: EmptyByteBufBE)
GET /session/99f06235f229039898cff1ede8553b7e/element/4f7eadee-a973-4b36-af44-d351a8ef63d0/name HTTP/1.1
User-Agent: selenium/4.1.2 (java windows)
Cache-Control: no-cache
Content-Type: application/json; charset=utf-8
host: localhost:56212
accept: */*

Response DefaultHttpResponse(decodeResult: success, version: HTTP/1.1)
HTTP/1.1 200 OK
Content-Type: application/json; charset=utf-8
cache-control: no-cache
content-length: 13

20:03:06.911 [AsyncHttpClient-1-6] DEBUG org.asynchttpclient.netty.channel.ChannelManager - Adding key: http://localhost:56212 for channel [id: 0x76e9b4c2, L:/127.0.0.1:50102 - R:localhost/127.0.0.1:56212]
20:03:06.913 [Forwarding getElementTagName on session 99f06235f229039898cff1ede8553b7e to remote] DEBUG org.asynchttpclient.netty.request.NettyRequestSender - Using pooled Channel '[id: 0x76e9b4c2, L:/127.0.0.1:50102 - R:localhost/127.0.0.1:56212]' for 'GET' to 'http://localhost:56212/session/99f06235f229039898cff1ede8553b7e/element/4f7eadee-a973-4b36-af44-d351a8ef63d0/name'
20:03:06.913 [Forwarding getElementTagName on session 99f06235f229039898cff1ede8553b7e to remote] DEBUG org.asynchttpclient.netty.request.NettyRequestSender - Using open Channel [id: 0x76e9b4c2, L:/127.0.0.1:50102 - R:localhost/127.0.0.1:56212] for GET '/session/99f06235f229039898cff1ede8553b7e/element/4f7eadee-a973-4b36-af44-d351a8ef63d0/name'
20:03:06.916 [AsyncHttpClient-1-6] DEBUG org.asynchttpclient.netty.handler.HttpHandler - 

Request DefaultFullHttpRequest(decodeResult: success, version: HTTP/1.1, content: EmptyByteBufBE)
GET /session/99f06235f229039898cff1ede8553b7e/element/4f7eadee-a973-4b36-af44-d351a8ef63d0/name HTTP/1.1
User-Agent: selenium/4.1.2 (java windows)
Cache-Control: no-cache
Content-Type: application/json; charset=utf-8
host: localhost:56212
accept: */*

Response DefaultHttpResponse(decodeResult: success, version: HTTP/1.1)
HTTP/1.1 200 OK
Content-Type: application/json; charset=utf-8
cache-control: no-cache
content-length: 13

20:03:06.916 [AsyncHttpClient-1-6] DEBUG org.asynchttpclient.netty.channel.ChannelManager - Adding key: http://localhost:56212 for channel [id: 0x76e9b4c2, L:/127.0.0.1:50102 - R:localhost/127.0.0.1:56212]
20:03:06.916 [Forwarding findElement on session 99f06235f229039898cff1ede8553b7e to remote] DEBUG org.asynchttpclient.netty.request.NettyRequestSender - Using pooled Channel '[id: 0x76e9b4c2, L:/127.0.0.1:50102 - R:localhost/127.0.0.1:56212]' for 'POST' to 'http://localhost:56212/session/99f06235f229039898cff1ede8553b7e/element'
20:03:06.916 [Forwarding findElement on session 99f06235f229039898cff1ede8553b7e to remote] DEBUG org.asynchttpclient.netty.request.NettyRequestSender - Using open Channel [id: 0x76e9b4c2, L:/127.0.0.1:50102 - R:localhost/127.0.0.1:56212] for POST '/session/99f06235f229039898cff1ede8553b7e/element'
20:03:06.923 [AsyncHttpClient-1-6] DEBUG org.asynchttpclient.netty.handler.HttpHandler - 

Request DefaultHttpRequest(decodeResult: success, version: HTTP/1.1)
POST /session/99f06235f229039898cff1ede8553b7e/element HTTP/1.1
User-Agent: selenium/4.1.2 (java windows)
Content-Length: 97
Content-Type: application/json; charset=utf-8
host: localhost:56212
accept: */*

Response DefaultHttpResponse(decodeResult: success, version: HTTP/1.1)
HTTP/1.1 200 OK
Content-Type: application/json; charset=utf-8
cache-control: no-cache
content-length: 88

20:03:06.923 [AsyncHttpClient-1-6] DEBUG org.asynchttpclient.netty.channel.ChannelManager - Adding key: http://localhost:56212 for channel [id: 0x76e9b4c2, L:/127.0.0.1:50102 - R:localhost/127.0.0.1:56212]
20:03:06.925 [Forwarding clickElement on session 99f06235f229039898cff1ede8553b7e to remote] DEBUG org.asynchttpclient.netty.request.NettyRequestSender - Using pooled Channel '[id: 0x76e9b4c2, L:/127.0.0.1:50102 - R:localhost/127.0.0.1:56212]' for 'POST' to 'http://localhost:56212/session/99f06235f229039898cff1ede8553b7e/element/4f7eadee-a973-4b36-af44-d351a8ef63d0/click'
20:03:06.925 [Forwarding clickElement on session 99f06235f229039898cff1ede8553b7e to remote] DEBUG org.asynchttpclient.netty.request.NettyRequestSender - Using open Channel [id: 0x76e9b4c2, L:/127.0.0.1:50102 - R:localhost/127.0.0.1:56212] for POST '/session/99f06235f229039898cff1ede8553b7e/element/4f7eadee-a973-4b36-af44-d351a8ef63d0/click'
20:03:07.099 [AsyncHttpClient-1-1] DEBUG org.asynchttpclient.netty.channel.DefaultChannelPool - Entry count for : http://localhost:50103 : 1
20:03:07.099 [AsyncHttpClient-1-6] DEBUG org.asynchttpclient.netty.handler.HttpHandler - 

Request DefaultHttpRequest(decodeResult: success, version: HTTP/1.1)
POST /session/99f06235f229039898cff1ede8553b7e/element/4f7eadee-a973-4b36-af44-d351a8ef63d0/click HTTP/1.1
User-Agent: selenium/4.1.2 (java windows)
Content-Length: 50
Content-Type: application/json; charset=utf-8
host: localhost:56212
accept: */*

Response DefaultHttpResponse(decodeResult: success, version: HTTP/1.1)
HTTP/1.1 200 OK
Content-Type: application/json; charset=utf-8
cache-control: no-cache
content-length: 14

20:03:07.099 [AsyncHttpClient-1-6] DEBUG org.asynchttpclient.netty.channel.ChannelManager - Adding key: http://localhost:56212 for channel [id: 0x76e9b4c2, L:/127.0.0.1:50102 - R:localhost/127.0.0.1:56212]
  &amp#27;[32mWhen &amp#27;[0m&amp#27;[32mI click sign in button&amp#27;[0m                   &amp#27;[90m# starter.steps.RegistrationStep.iClickSignInButton()&amp#27;[0m
20:03:07.106 [Forwarding screenshot on session 99f06235f229039898cff1ede8553b7e to remote] DEBUG org.asynchttpclient.netty.request.NettyRequestSender - Using pooled Channel '[id: 0x76e9b4c2, L:/127.0.0.1:50102 - R:localhost/127.0.0.1:56212]' for 'GET' to 'http://localhost:56212/session/99f06235f229039898cff1ede8553b7e/screenshot'
20:03:07.106 [Forwarding screenshot on session 99f06235f229039898cff1ede8553b7e to remote] DEBUG org.asynchttpclient.netty.request.NettyRequestSender - Using open Channel [id: 0x76e9b4c2, L:/127.0.0.1:50102 - R:localhost/127.0.0.1:56212] for GET '/session/99f06235f229039898cff1ede8553b7e/screenshot'
20:03:07.300 [AsyncHttpClient-1-6] DEBUG org.asynchttpclient.netty.handler.HttpHandler - 

Request DefaultFullHttpRequest(decodeResult: success, version: HTTP/1.1, content: EmptyByteBufBE)
GET /session/99f06235f229039898cff1ede8553b7e/screenshot HTTP/1.1
User-Agent: selenium/4.1.2 (java windows)
Cache-Control: no-cache
Content-Type: application/json; charset=utf-8
host: localhost:56212
accept: */*

Response DefaultHttpResponse(decodeResult: success, version: HTTP/1.1)
HTTP/1.1 200 OK
Content-Type: application/json; charset=utf-8
cache-control: no-cache
content-length: 41032

20:03:07.300 [AsyncHttpClient-1-6] DEBUG org.asynchttpclient.netty.channel.ChannelManager - Adding key: http://localhost:56212 for channel [id: 0x76e9b4c2, L:/127.0.0.1:50102 - R:localhost/127.0.0.1:56212]
20:03:07.301 [main] DEBUG net.serenitybdd.core.photography.Darkroom - Send negative for processing for target\site\serenity\32e86b48aeeb5e31f9d21c36982a0817a3cd456f3ac850f97e2d7379cbfcb643.png
20:03:07.302 [Darkroom Processing Line] DEBUG net.serenitybdd.core.photography.DarkroomProcessingLine - Processing screenshot image in /var/screenshots/screenshot-222610224068713182
20:03:07.302 [Darkroom Processing Line] DEBUG net.serenitybdd.core.photography.DarkroomProcessingLine - Saving screenshot to target\site\serenity\32e86b48aeeb5e31f9d21c36982a0817a3cd456f3ac850f97e2d7379cbfcb643.png
20:03:07.320 [Forwarding findElement on session 99f06235f229039898cff1ede8553b7e to remote] DEBUG org.asynchttpclient.netty.request.NettyRequestSender - Using pooled Channel '[id: 0x76e9b4c2, L:/127.0.0.1:50102 - R:localhost/127.0.0.1:56212]' for 'POST' to 'http://localhost:56212/session/99f06235f229039898cff1ede8553b7e/element'
20:03:07.320 [Forwarding findElement on session 99f06235f229039898cff1ede8553b7e to remote] DEBUG org.asynchttpclient.netty.request.NettyRequestSender - Using open Channel [id: 0x76e9b4c2, L:/127.0.0.1:50102 - R:localhost/127.0.0.1:56212] for POST '/session/99f06235f229039898cff1ede8553b7e/element'
20:03:07.335 [AsyncHttpClient-1-6] DEBUG org.asynchttpclient.netty.handler.HttpHandler - 

Request DefaultHttpRequest(decodeResult: success, version: HTTP/1.1)
POST /session/99f06235f229039898cff1ede8553b7e/element HTTP/1.1
User-Agent: selenium/4.1.2 (java windows)
Content-Length: 87
Content-Type: application/json; charset=utf-8
host: localhost:56212
accept: */*

Response DefaultHttpResponse(decodeResult: success, version: HTTP/1.1)
HTTP/1.1 200 OK
Content-Type: application/json; charset=utf-8
cache-control: no-cache
content-length: 88

20:03:07.336 [AsyncHttpClient-1-6] DEBUG org.asynchttpclient.netty.channel.ChannelManager - Adding key: http://localhost:56212 for channel [id: 0x76e9b4c2, L:/127.0.0.1:50102 - R:localhost/127.0.0.1:56212]
20:03:07.336 [Forwarding clearElement on session 99f06235f229039898cff1ede8553b7e to remote] DEBUG org.asynchttpclient.netty.request.NettyRequestSender - Using pooled Channel '[id: 0x76e9b4c2, L:/127.0.0.1:50102 - R:localhost/127.0.0.1:56212]' for 'POST' to 'http://localhost:56212/session/99f06235f229039898cff1ede8553b7e/element/53b33d55-297c-419f-9bb8-6e94e3661f16/clear'
20:03:07.336 [Forwarding clearElement on session 99f06235f229039898cff1ede8553b7e to remote] DEBUG org.asynchttpclient.netty.request.NettyRequestSender - Using open Channel [id: 0x76e9b4c2, L:/127.0.0.1:50102 - R:localhost/127.0.0.1:56212] for POST '/session/99f06235f229039898cff1ede8553b7e/element/53b33d55-297c-419f-9bb8-6e94e3661f16/clear'
20:03:07.422 [AsyncHttpClient-1-6] DEBUG org.asynchttpclient.netty.handler.HttpHandler - 

Request DefaultHttpRequest(decodeResult: success, version: HTTP/1.1)
POST /session/99f06235f229039898cff1ede8553b7e/element/53b33d55-297c-419f-9bb8-6e94e3661f16/clear HTTP/1.1
User-Agent: selenium/4.1.2 (java windows)
Content-Length: 50
Content-Type: application/json; charset=utf-8
host: localhost:56212
accept: */*

Response DefaultHttpResponse(decodeResult: success, version: HTTP/1.1)
HTTP/1.1 200 OK
Content-Type: application/json; charset=utf-8
cache-control: no-cache
content-length: 14

20:03:07.423 [AsyncHttpClient-1-6] DEBUG org.asynchttpclient.netty.channel.ChannelManager - Adding key: http://localhost:56212 for channel [id: 0x76e9b4c2, L:/127.0.0.1:50102 - R:localhost/127.0.0.1:56212]
20:03:07.429 [Forwarding sendKeysToElement on session 99f06235f229039898cff1ede8553b7e to remote] DEBUG org.asynchttpclient.netty.request.NettyRequestSender - Using pooled Channel '[id: 0x76e9b4c2, L:/127.0.0.1:50102 - R:localhost/127.0.0.1:56212]' for 'POST' to 'http://localhost:56212/session/99f06235f229039898cff1ede8553b7e/element/53b33d55-297c-419f-9bb8-6e94e3661f16/value'
20:03:07.429 [Forwarding sendKeysToElement on session 99f06235f229039898cff1ede8553b7e to remote] DEBUG org.asynchttpclient.netty.request.NettyRequestSender - Using open Channel [id: 0x76e9b4c2, L:/127.0.0.1:50102 - R:localhost/127.0.0.1:56212] for POST '/session/99f06235f229039898cff1ede8553b7e/element/53b33d55-297c-419f-9bb8-6e94e3661f16/value'
20:03:07.485 [AsyncHttpClient-1-6] DEBUG org.asynchttpclient.netty.handler.HttpHandler - 

Request DefaultHttpRequest(decodeResult: success, version: HTTP/1.1)
POST /session/99f06235f229039898cff1ede8553b7e/element/53b33d55-297c-419f-9bb8-6e94e3661f16/value HTTP/1.1
User-Agent: selenium/4.1.2 (java windows)
Content-Length: 82
Content-Type: application/json; charset=utf-8
host: localhost:56212
accept: */*

Response DefaultHttpResponse(decodeResult: success, version: HTTP/1.1)
HTTP/1.1 200 OK
Content-Type: application/json; charset=utf-8
cache-control: no-cache
content-length: 14

20:03:07.485 [AsyncHttpClient-1-6] DEBUG org.asynchttpclient.netty.channel.ChannelManager - Adding key: http://localhost:56212 for channel [id: 0x76e9b4c2, L:/127.0.0.1:50102 - R:localhost/127.0.0.1:56212]
  &amp#27;[32mAnd &amp#27;[0m&amp#27;[32mI input &amp#27;[0m&amp#27;[32m&amp#27;[1m""&amp#27;[0m&amp#27;[32m email&amp#27;[0m                          &amp#27;[90m# starter.steps.LoginStep.iInputEmail(java.lang.String)&amp#27;[0m
20:03:07.490 [Forwarding screenshot on session 99f06235f229039898cff1ede8553b7e to remote] DEBUG org.asynchttpclient.netty.request.NettyRequestSender - Using pooled Channel '[id: 0x76e9b4c2, L:/127.0.0.1:50102 - R:localhost/127.0.0.1:56212]' for 'GET' to 'http://localhost:56212/session/99f06235f229039898cff1ede8553b7e/screenshot'
20:03:07.490 [Forwarding screenshot on session 99f06235f229039898cff1ede8553b7e to remote] DEBUG org.asynchttpclient.netty.request.NettyRequestSender - Using open Channel [id: 0x76e9b4c2, L:/127.0.0.1:50102 - R:localhost/127.0.0.1:56212] for GET '/session/99f06235f229039898cff1ede8553b7e/screenshot'
20:03:07.661 [AsyncHttpClient-1-6] DEBUG org.asynchttpclient.netty.handler.HttpHandler - 

Request DefaultFullHttpRequest(decodeResult: success, version: HTTP/1.1, content: EmptyByteBufBE)
GET /session/99f06235f229039898cff1ede8553b7e/screenshot HTTP/1.1
User-Agent: selenium/4.1.2 (java windows)
Cache-Control: no-cache
Content-Type: application/json; charset=utf-8
host: localhost:56212
accept: */*

Response DefaultHttpResponse(decodeResult: success, version: HTTP/1.1)
HTTP/1.1 200 OK
Content-Type: application/json; charset=utf-8
cache-control: no-cache
content-length: 39824

20:03:07.661 [AsyncHttpClient-1-6] DEBUG org.asynchttpclient.netty.channel.ChannelManager - Adding key: http://localhost:56212 for channel [id: 0x76e9b4c2, L:/127.0.0.1:50102 - R:localhost/127.0.0.1:56212]
20:03:07.664 [main] DEBUG net.serenitybdd.core.photography.Darkroom - Send negative for processing for target\site\serenity\04373d9561047ed940cf9c6657431ab6fe0427d7c329821889405d79daadd81e.png
20:03:07.665 [Darkroom Processing Line] DEBUG net.serenitybdd.core.photography.DarkroomProcessingLine - Processing screenshot image in /var/screenshots/screenshot-1760328339536103004
20:03:07.665 [Darkroom Processing Line] DEBUG net.serenitybdd.core.photography.DarkroomProcessingLine - Saving screenshot to target\site\serenity\04373d9561047ed940cf9c6657431ab6fe0427d7c329821889405d79daadd81e.png
20:03:07.670 [Forwarding findElement on session 99f06235f229039898cff1ede8553b7e to remote] DEBUG org.asynchttpclient.netty.request.NettyRequestSender - Using pooled Channel '[id: 0x76e9b4c2, L:/127.0.0.1:50102 - R:localhost/127.0.0.1:56212]' for 'POST' to 'http://localhost:56212/session/99f06235f229039898cff1ede8553b7e/element'
20:03:07.670 [Forwarding findElement on session 99f06235f229039898cff1ede8553b7e to remote] DEBUG org.asynchttpclient.netty.request.NettyRequestSender - Using open Channel [id: 0x76e9b4c2, L:/127.0.0.1:50102 - R:localhost/127.0.0.1:56212] for POST '/session/99f06235f229039898cff1ede8553b7e/element'
20:03:07.682 [AsyncHttpClient-1-6] DEBUG org.asynchttpclient.netty.handler.HttpHandler - 

Request DefaultHttpRequest(decodeResult: success, version: HTTP/1.1)
POST /session/99f06235f229039898cff1ede8553b7e/element HTTP/1.1
User-Agent: selenium/4.1.2 (java windows)
Content-Length: 89
Content-Type: application/json; charset=utf-8
host: localhost:56212
accept: */*

Response DefaultHttpResponse(decodeResult: success, version: HTTP/1.1)
HTTP/1.1 200 OK
Content-Type: application/json; charset=utf-8
cache-control: no-cache
content-length: 88

20:03:07.682 [AsyncHttpClient-1-6] DEBUG org.asynchttpclient.netty.channel.ChannelManager - Adding key: http://localhost:56212 for channel [id: 0x76e9b4c2, L:/127.0.0.1:50102 - R:localhost/127.0.0.1:56212]
20:03:07.683 [Forwarding clearElement on session 99f06235f229039898cff1ede8553b7e to remote] DEBUG org.asynchttpclient.netty.request.NettyRequestSender - Using pooled Channel '[id: 0x76e9b4c2, L:/127.0.0.1:50102 - R:localhost/127.0.0.1:56212]' for 'POST' to 'http://localhost:56212/session/99f06235f229039898cff1ede8553b7e/element/2280f8ea-8e8e-4465-98f0-a7a237489c77/clear'
20:03:07.683 [Forwarding clearElement on session 99f06235f229039898cff1ede8553b7e to remote] DEBUG org.asynchttpclient.netty.request.NettyRequestSender - Using open Channel [id: 0x76e9b4c2, L:/127.0.0.1:50102 - R:localhost/127.0.0.1:56212] for POST '/session/99f06235f229039898cff1ede8553b7e/element/2280f8ea-8e8e-4465-98f0-a7a237489c77/clear'
20:03:07.720 [AsyncHttpClient-1-6] DEBUG org.asynchttpclient.netty.handler.HttpHandler - 

Request DefaultHttpRequest(decodeResult: success, version: HTTP/1.1)
POST /session/99f06235f229039898cff1ede8553b7e/element/2280f8ea-8e8e-4465-98f0-a7a237489c77/clear HTTP/1.1
User-Agent: selenium/4.1.2 (java windows)
Content-Length: 50
Content-Type: application/json; charset=utf-8
host: localhost:56212
accept: */*

Response DefaultHttpResponse(decodeResult: success, version: HTTP/1.1)
HTTP/1.1 200 OK
Content-Type: application/json; charset=utf-8
cache-control: no-cache
content-length: 14

20:03:07.720 [AsyncHttpClient-1-6] DEBUG org.asynchttpclient.netty.channel.ChannelManager - Adding key: http://localhost:56212 for channel [id: 0x76e9b4c2, L:/127.0.0.1:50102 - R:localhost/127.0.0.1:56212]
20:03:07.721 [Forwarding sendKeysToElement on session 99f06235f229039898cff1ede8553b7e to remote] DEBUG org.asynchttpclient.netty.request.NettyRequestSender - Using pooled Channel '[id: 0x76e9b4c2, L:/127.0.0.1:50102 - R:localhost/127.0.0.1:56212]' for 'POST' to 'http://localhost:56212/session/99f06235f229039898cff1ede8553b7e/element/2280f8ea-8e8e-4465-98f0-a7a237489c77/value'
20:03:07.722 [Forwarding sendKeysToElement on session 99f06235f229039898cff1ede8553b7e to remote] DEBUG org.asynchttpclient.netty.request.NettyRequestSender - Using open Channel [id: 0x76e9b4c2, L:/127.0.0.1:50102 - R:localhost/127.0.0.1:56212] for POST '/session/99f06235f229039898cff1ede8553b7e/element/2280f8ea-8e8e-4465-98f0-a7a237489c77/value'
20:03:07.877 [AsyncHttpClient-1-6] DEBUG org.asynchttpclient.netty.handler.HttpHandler - 

Request DefaultHttpRequest(decodeResult: success, version: HTTP/1.1)
POST /session/99f06235f229039898cff1ede8553b7e/element/2280f8ea-8e8e-4465-98f0-a7a237489c77/value HTTP/1.1
User-Agent: selenium/4.1.2 (java windows)
Content-Length: 181
Content-Type: application/json; charset=utf-8
host: localhost:56212
accept: */*

Response DefaultHttpResponse(decodeResult: success, version: HTTP/1.1)
HTTP/1.1 200 OK
Content-Type: application/json; charset=utf-8
cache-control: no-cache
content-length: 14

20:03:07.877 [AsyncHttpClient-1-6] DEBUG org.asynchttpclient.netty.channel.ChannelManager - Adding key: http://localhost:56212 for channel [id: 0x76e9b4c2, L:/127.0.0.1:50102 - R:localhost/127.0.0.1:56212]
  &amp#27;[32mAnd &amp#27;[0m&amp#27;[32mI input &amp#27;[0m&amp#27;[32m&amp#27;[1m"maylanqe22"&amp#27;[0m&amp#27;[32m password&amp#27;[0m             &amp#27;[90m# starter.steps.LoginStep.iInputPassword(java.lang.String)&amp#27;[0m
20:03:07.882 [Forwarding screenshot on session 99f06235f229039898cff1ede8553b7e to remote] DEBUG org.asynchttpclient.netty.request.NettyRequestSender - Using pooled Channel '[id: 0x76e9b4c2, L:/127.0.0.1:50102 - R:localhost/127.0.0.1:56212]' for 'GET' to 'http://localhost:56212/session/99f06235f229039898cff1ede8553b7e/screenshot'
20:03:07.882 [Forwarding screenshot on session 99f06235f229039898cff1ede8553b7e to remote] DEBUG org.asynchttpclient.netty.request.NettyRequestSender - Using open Channel [id: 0x76e9b4c2, L:/127.0.0.1:50102 - R:localhost/127.0.0.1:56212] for GET '/session/99f06235f229039898cff1ede8553b7e/screenshot'
20:03:08.015 [AsyncHttpClient-1-6] DEBUG org.asynchttpclient.netty.handler.HttpHandler - 

Request DefaultFullHttpRequest(decodeResult: success, version: HTTP/1.1, content: EmptyByteBufBE)
GET /session/99f06235f229039898cff1ede8553b7e/screenshot HTTP/1.1
User-Agent: selenium/4.1.2 (java windows)
Cache-Control: no-cache
Content-Type: application/json; charset=utf-8
host: localhost:56212
accept: */*

Response DefaultHttpResponse(decodeResult: success, version: HTTP/1.1)
HTTP/1.1 200 OK
Content-Type: application/json; charset=utf-8
cache-control: no-cache
content-length: 44684

20:03:08.015 [AsyncHttpClient-1-6] DEBUG org.asynchttpclient.netty.channel.ChannelManager - Adding key: http://localhost:56212 for channel [id: 0x76e9b4c2, L:/127.0.0.1:50102 - R:localhost/127.0.0.1:56212]
20:03:08.016 [main] DEBUG net.serenitybdd.core.photography.Darkroom - Send negative for processing for target\site\serenity\d475d9a8569cf6d0ccd5a2d86c92c3acfd1ee9351cb64fbd5f3b6299a71c42d8.png
20:03:08.016 [Darkroom Processing Line] DEBUG net.serenitybdd.core.photography.DarkroomProcessingLine - Processing screenshot image in /var/screenshots/screenshot-11662193436812264362
20:03:08.016 [Darkroom Processing Line] DEBUG net.serenitybdd.core.photography.DarkroomProcessingLine - Saving screenshot to target\site\serenity\d475d9a8569cf6d0ccd5a2d86c92c3acfd1ee9351cb64fbd5f3b6299a71c42d8.png
20:03:08.021 [Forwarding findElement on session 99f06235f229039898cff1ede8553b7e to remote] DEBUG org.asynchttpclient.netty.request.NettyRequestSender - Using pooled Channel '[id: 0x76e9b4c2, L:/127.0.0.1:50102 - R:localhost/127.0.0.1:56212]' for 'POST' to 'http://localhost:56212/session/99f06235f229039898cff1ede8553b7e/element'
20:03:08.021 [Forwarding findElement on session 99f06235f229039898cff1ede8553b7e to remote] DEBUG org.asynchttpclient.netty.request.NettyRequestSender - Using open Channel [id: 0x76e9b4c2, L:/127.0.0.1:50102 - R:localhost/127.0.0.1:56212] for POST '/session/99f06235f229039898cff1ede8553b7e/element'
20:03:08.032 [AsyncHttpClient-1-6] DEBUG org.asynchttpclient.netty.handler.HttpHandler - 

Request DefaultHttpRequest(decodeResult: success, version: HTTP/1.1)
POST /session/99f06235f229039898cff1ede8553b7e/element HTTP/1.1
User-Agent: selenium/4.1.2 (java windows)
Content-Length: 141
Content-Type: application/json; charset=utf-8
host: localhost:56212
accept: */*

Response DefaultHttpResponse(decodeResult: success, version: HTTP/1.1)
HTTP/1.1 200 OK
Content-Type: application/json; charset=utf-8
cache-control: no-cache
content-length: 88

20:03:08.032 [AsyncHttpClient-1-6] DEBUG org.asynchttpclient.netty.channel.ChannelManager - Adding key: http://localhost:56212 for channel [id: 0x76e9b4c2, L:/127.0.0.1:50102 - R:localhost/127.0.0.1:56212]
20:03:08.033 [Forwarding getElementTagName on session 99f06235f229039898cff1ede8553b7e to remote] DEBUG org.asynchttpclient.netty.request.NettyRequestSender - Using pooled Channel '[id: 0x76e9b4c2, L:/127.0.0.1:50102 - R:localhost/127.0.0.1:56212]' for 'GET' to 'http://localhost:56212/session/99f06235f229039898cff1ede8553b7e/element/21746706-181e-4bab-bd3d-9e2dccf0b279/name'
20:03:08.033 [Forwarding getElementTagName on session 99f06235f229039898cff1ede8553b7e to remote] DEBUG org.asynchttpclient.netty.request.NettyRequestSender - Using open Channel [id: 0x76e9b4c2, L:/127.0.0.1:50102 - R:localhost/127.0.0.1:56212] for GET '/session/99f06235f229039898cff1ede8553b7e/element/21746706-181e-4bab-bd3d-9e2dccf0b279/name'
20:03:08.035 [AsyncHttpClient-1-6] DEBUG org.asynchttpclient.netty.handler.HttpHandler - 

Request DefaultFullHttpRequest(decodeResult: success, version: HTTP/1.1, content: EmptyByteBufBE)
GET /session/99f06235f229039898cff1ede8553b7e/element/21746706-181e-4bab-bd3d-9e2dccf0b279/name HTTP/1.1
User-Agent: selenium/4.1.2 (java windows)
Cache-Control: no-cache
Content-Type: application/json; charset=utf-8
host: localhost:56212
accept: */*

Response DefaultHttpResponse(decodeResult: success, version: HTTP/1.1)
HTTP/1.1 200 OK
Content-Type: application/json; charset=utf-8
cache-control: no-cache
content-length: 18

20:03:08.035 [AsyncHttpClient-1-6] DEBUG org.asynchttpclient.netty.channel.ChannelManager - Adding key: http://localhost:56212 for channel [id: 0x76e9b4c2, L:/127.0.0.1:50102 - R:localhost/127.0.0.1:56212]
20:03:08.036 [Forwarding getElementTagName on session 99f06235f229039898cff1ede8553b7e to remote] DEBUG org.asynchttpclient.netty.request.NettyRequestSender - Using pooled Channel '[id: 0x76e9b4c2, L:/127.0.0.1:50102 - R:localhost/127.0.0.1:56212]' for 'GET' to 'http://localhost:56212/session/99f06235f229039898cff1ede8553b7e/element/21746706-181e-4bab-bd3d-9e2dccf0b279/name'
20:03:08.036 [Forwarding getElementTagName on session 99f06235f229039898cff1ede8553b7e to remote] DEBUG org.asynchttpclient.netty.request.NettyRequestSender - Using open Channel [id: 0x76e9b4c2, L:/127.0.0.1:50102 - R:localhost/127.0.0.1:56212] for GET '/session/99f06235f229039898cff1ede8553b7e/element/21746706-181e-4bab-bd3d-9e2dccf0b279/name'
20:03:08.039 [AsyncHttpClient-1-6] DEBUG org.asynchttpclient.netty.handler.HttpHandler - 

Request DefaultFullHttpRequest(decodeResult: success, version: HTTP/1.1, content: EmptyByteBufBE)
GET /session/99f06235f229039898cff1ede8553b7e/element/21746706-181e-4bab-bd3d-9e2dccf0b279/name HTTP/1.1
User-Agent: selenium/4.1.2 (java windows)
Cache-Control: no-cache
Content-Type: application/json; charset=utf-8
host: localhost:56212
accept: */*

Response DefaultHttpResponse(decodeResult: success, version: HTTP/1.1)
HTTP/1.1 200 OK
Content-Type: application/json; charset=utf-8
cache-control: no-cache
content-length: 18

20:03:08.039 [AsyncHttpClient-1-6] DEBUG org.asynchttpclient.netty.channel.ChannelManager - Adding key: http://localhost:56212 for channel [id: 0x76e9b4c2, L:/127.0.0.1:50102 - R:localhost/127.0.0.1:56212]
20:03:08.039 [Forwarding isElementEnabled on session 99f06235f229039898cff1ede8553b7e to remote] DEBUG org.asynchttpclient.netty.request.NettyRequestSender - Using pooled Channel '[id: 0x76e9b4c2, L:/127.0.0.1:50102 - R:localhost/127.0.0.1:56212]' for 'GET' to 'http://localhost:56212/session/99f06235f229039898cff1ede8553b7e/element/21746706-181e-4bab-bd3d-9e2dccf0b279/enabled'
20:03:08.039 [Forwarding isElementEnabled on session 99f06235f229039898cff1ede8553b7e to remote] DEBUG org.asynchttpclient.netty.request.NettyRequestSender - Using open Channel [id: 0x76e9b4c2, L:/127.0.0.1:50102 - R:localhost/127.0.0.1:56212] for GET '/session/99f06235f229039898cff1ede8553b7e/element/21746706-181e-4bab-bd3d-9e2dccf0b279/enabled'
20:03:08.049 [AsyncHttpClient-1-6] DEBUG org.asynchttpclient.netty.handler.HttpHandler - 

Request DefaultFullHttpRequest(decodeResult: success, version: HTTP/1.1, content: EmptyByteBufBE)
GET /session/99f06235f229039898cff1ede8553b7e/element/21746706-181e-4bab-bd3d-9e2dccf0b279/enabled HTTP/1.1
User-Agent: selenium/4.1.2 (java windows)
Cache-Control: no-cache
Content-Type: application/json; charset=utf-8
host: localhost:56212
accept: */*

Response DefaultHttpResponse(decodeResult: success, version: HTTP/1.1)
HTTP/1.1 200 OK
Content-Type: application/json; charset=utf-8
cache-control: no-cache
content-length: 14

20:03:08.049 [AsyncHttpClient-1-6] DEBUG org.asynchttpclient.netty.channel.ChannelManager - Adding key: http://localhost:56212 for channel [id: 0x76e9b4c2, L:/127.0.0.1:50102 - R:localhost/127.0.0.1:56212]
20:03:08.050 [Forwarding isElementEnabled on session 99f06235f229039898cff1ede8553b7e to remote] DEBUG org.asynchttpclient.netty.request.NettyRequestSender - Using pooled Channel '[id: 0x76e9b4c2, L:/127.0.0.1:50102 - R:localhost/127.0.0.1:56212]' for 'GET' to 'http://localhost:56212/session/99f06235f229039898cff1ede8553b7e/element/21746706-181e-4bab-bd3d-9e2dccf0b279/enabled'
20:03:08.050 [Forwarding isElementEnabled on session 99f06235f229039898cff1ede8553b7e to remote] DEBUG org.asynchttpclient.netty.request.NettyRequestSender - Using open Channel [id: 0x76e9b4c2, L:/127.0.0.1:50102 - R:localhost/127.0.0.1:56212] for GET '/session/99f06235f229039898cff1ede8553b7e/element/21746706-181e-4bab-bd3d-9e2dccf0b279/enabled'
20:03:08.063 [AsyncHttpClient-1-6] DEBUG org.asynchttpclient.netty.handler.HttpHandler - 

Request DefaultFullHttpRequest(decodeResult: success, version: HTTP/1.1, content: EmptyByteBufBE)
GET /session/99f06235f229039898cff1ede8553b7e/element/21746706-181e-4bab-bd3d-9e2dccf0b279/enabled HTTP/1.1
User-Agent: selenium/4.1.2 (java windows)
Cache-Control: no-cache
Content-Type: application/json; charset=utf-8
host: localhost:56212
accept: */*

Response DefaultHttpResponse(decodeResult: success, version: HTTP/1.1)
HTTP/1.1 200 OK
Content-Type: application/json; charset=utf-8
cache-control: no-cache
content-length: 14

20:03:08.063 [AsyncHttpClient-1-6] DEBUG org.asynchttpclient.netty.channel.ChannelManager - Adding key: http://localhost:56212 for channel [id: 0x76e9b4c2, L:/127.0.0.1:50102 - R:localhost/127.0.0.1:56212]
20:03:08.065 [Forwarding findElement on session 99f06235f229039898cff1ede8553b7e to remote] DEBUG org.asynchttpclient.netty.request.NettyRequestSender - Using pooled Channel '[id: 0x76e9b4c2, L:/127.0.0.1:50102 - R:localhost/127.0.0.1:56212]' for 'POST' to 'http://localhost:56212/session/99f06235f229039898cff1ede8553b7e/element'
20:03:08.065 [Forwarding findElement on session 99f06235f229039898cff1ede8553b7e to remote] DEBUG org.asynchttpclient.netty.request.NettyRequestSender - Using open Channel [id: 0x76e9b4c2, L:/127.0.0.1:50102 - R:localhost/127.0.0.1:56212] for POST '/session/99f06235f229039898cff1ede8553b7e/element'
20:03:08.073 [AsyncHttpClient-1-6] DEBUG org.asynchttpclient.netty.handler.HttpHandler - 

Request DefaultHttpRequest(decodeResult: success, version: HTTP/1.1)
POST /session/99f06235f229039898cff1ede8553b7e/element HTTP/1.1
User-Agent: selenium/4.1.2 (java windows)
Content-Length: 141
Content-Type: application/json; charset=utf-8
host: localhost:56212
accept: */*

Response DefaultHttpResponse(decodeResult: success, version: HTTP/1.1)
HTTP/1.1 200 OK
Content-Type: application/json; charset=utf-8
cache-control: no-cache
content-length: 88

20:03:08.073 [AsyncHttpClient-1-6] DEBUG org.asynchttpclient.netty.channel.ChannelManager - Adding key: http://localhost:56212 for channel [id: 0x76e9b4c2, L:/127.0.0.1:50102 - R:localhost/127.0.0.1:56212]
20:03:08.074 [Forwarding clickElement on session 99f06235f229039898cff1ede8553b7e to remote] DEBUG org.asynchttpclient.netty.request.NettyRequestSender - Using pooled Channel '[id: 0x76e9b4c2, L:/127.0.0.1:50102 - R:localhost/127.0.0.1:56212]' for 'POST' to 'http://localhost:56212/session/99f06235f229039898cff1ede8553b7e/element/21746706-181e-4bab-bd3d-9e2dccf0b279/click'
20:03:08.074 [Forwarding clickElement on session 99f06235f229039898cff1ede8553b7e to remote] DEBUG org.asynchttpclient.netty.request.NettyRequestSender - Using open Channel [id: 0x76e9b4c2, L:/127.0.0.1:50102 - R:localhost/127.0.0.1:56212] for POST '/session/99f06235f229039898cff1ede8553b7e/element/21746706-181e-4bab-bd3d-9e2dccf0b279/click'
20:03:08.146 [AsyncHttpClient-1-6] DEBUG org.asynchttpclient.netty.handler.HttpHandler - 

Request DefaultHttpRequest(decodeResult: success, version: HTTP/1.1)
POST /session/99f06235f229039898cff1ede8553b7e/element/21746706-181e-4bab-bd3d-9e2dccf0b279/click HTTP/1.1
User-Agent: selenium/4.1.2 (java windows)
Content-Length: 50
Content-Type: application/json; charset=utf-8
host: localhost:56212
accept: */*

Response DefaultHttpResponse(decodeResult: success, version: HTTP/1.1)
HTTP/1.1 200 OK
Content-Type: application/json; charset=utf-8
cache-control: no-cache
content-length: 14

20:03:08.146 [AsyncHttpClient-1-6] DEBUG org.asynchttpclient.netty.channel.ChannelManager - Adding key: http://localhost:56212 for channel [id: 0x76e9b4c2, L:/127.0.0.1:50102 - R:localhost/127.0.0.1:56212]
  &amp#27;[32mAnd &amp#27;[0m&amp#27;[32mI click login button&amp#27;[0m                      &amp#27;[90m# starter.steps.LoginStep.iClickLoginButton()&amp#27;[0m
20:03:08.152 [Forwarding screenshot on session 99f06235f229039898cff1ede8553b7e to remote] DEBUG org.asynchttpclient.netty.request.NettyRequestSender - Using pooled Channel '[id: 0x76e9b4c2, L:/127.0.0.1:50102 - R:localhost/127.0.0.1:56212]' for 'GET' to 'http://localhost:56212/session/99f06235f229039898cff1ede8553b7e/screenshot'
20:03:08.152 [Forwarding screenshot on session 99f06235f229039898cff1ede8553b7e to remote] DEBUG org.asynchttpclient.netty.request.NettyRequestSender - Using open Channel [id: 0x76e9b4c2, L:/127.0.0.1:50102 - R:localhost/127.0.0.1:56212] for GET '/session/99f06235f229039898cff1ede8553b7e/screenshot'
20:03:08.197 [AsyncHttpClient-1-1] DEBUG org.asynchttpclient.netty.channel.DefaultChannelPool - Entry count for : http://localhost:50103 : 1
20:03:08.323 [AsyncHttpClient-1-6] DEBUG org.asynchttpclient.netty.handler.HttpHandler - 

Request DefaultFullHttpRequest(decodeResult: success, version: HTTP/1.1, content: EmptyByteBufBE)
GET /session/99f06235f229039898cff1ede8553b7e/screenshot HTTP/1.1
User-Agent: selenium/4.1.2 (java windows)
Cache-Control: no-cache
Content-Type: application/json; charset=utf-8
host: localhost:56212
accept: */*

Response DefaultHttpResponse(decodeResult: success, version: HTTP/1.1)
HTTP/1.1 200 OK
Content-Type: application/json; charset=utf-8
cache-control: no-cache
content-length: 42820

20:03:08.323 [AsyncHttpClient-1-6] DEBUG org.asynchttpclient.netty.channel.ChannelManager - Adding key: http://localhost:56212 for channel [id: 0x76e9b4c2, L:/127.0.0.1:50102 - R:localhost/127.0.0.1:56212]
20:03:08.326 [main] DEBUG net.serenitybdd.core.photography.Darkroom - Send negative for processing for target\site\serenity\22b4554c97a1bb410222ad66f680168fc68c2d3d836a71374f302e13e0bb8353.png
20:03:08.336 [Forwarding findElement on session 99f06235f229039898cff1ede8553b7e to remote] DEBUG org.asynchttpclient.netty.request.NettyRequestSender - Using pooled Channel '[id: 0x76e9b4c2, L:/127.0.0.1:50102 - R:localhost/127.0.0.1:56212]' for 'POST' to 'http://localhost:56212/session/99f06235f229039898cff1ede8553b7e/element'
20:03:08.336 [Forwarding findElement on session 99f06235f229039898cff1ede8553b7e to remote] DEBUG org.asynchttpclient.netty.request.NettyRequestSender - Using open Channel [id: 0x76e9b4c2, L:/127.0.0.1:50102 - R:localhost/127.0.0.1:56212] for POST '/session/99f06235f229039898cff1ede8553b7e/element'
20:03:08.338 [Darkroom Processing Line] DEBUG net.serenitybdd.core.photography.DarkroomProcessingLine - Processing screenshot image in /var/screenshots/screenshot-5880967457850813717
20:03:08.339 [Darkroom Processing Line] DEBUG net.serenitybdd.core.photography.DarkroomProcessingLine - Saving screenshot to target\site\serenity\22b4554c97a1bb410222ad66f680168fc68c2d3d836a71374f302e13e0bb8353.png
20:03:09.304 [AsyncHttpClient-1-1] DEBUG org.asynchttpclient.netty.channel.DefaultChannelPool - Entry count for : http://localhost:50103 : 1
20:03:09.325 [AsyncHttpClient-1-6] DEBUG org.asynchttpclient.netty.handler.HttpHandler - 

Request DefaultHttpRequest(decodeResult: success, version: HTTP/1.1)
POST /session/99f06235f229039898cff1ede8553b7e/element HTTP/1.1
User-Agent: selenium/4.1.2 (java windows)
Content-Length: 79
Content-Type: application/json; charset=utf-8
host: localhost:56212
accept: */*

Response DefaultHttpResponse(decodeResult: success, version: HTTP/1.1)
HTTP/1.1 200 OK
Content-Type: application/json; charset=utf-8
cache-control: no-cache
content-length: 88

20:03:09.325 [AsyncHttpClient-1-6] DEBUG org.asynchttpclient.netty.channel.ChannelManager - Adding key: http://localhost:56212 for channel [id: 0x76e9b4c2, L:/127.0.0.1:50102 - R:localhost/127.0.0.1:56212]
20:03:09.329 [Forwarding isElementDisplayed on session 99f06235f229039898cff1ede8553b7e to remote] DEBUG org.asynchttpclient.netty.request.NettyRequestSender - Using pooled Channel '[id: 0x76e9b4c2, L:/127.0.0.1:50102 - R:localhost/127.0.0.1:56212]' for 'POST' to 'http://localhost:56212/session/99f06235f229039898cff1ede8553b7e/execute/sync'
20:03:09.329 [Forwarding isElementDisplayed on session 99f06235f229039898cff1ede8553b7e to remote] DEBUG org.asynchttpclient.netty.request.NettyRequestSender - Using open Channel [id: 0x76e9b4c2, L:/127.0.0.1:50102 - R:localhost/127.0.0.1:56212] for POST '/session/99f06235f229039898cff1ede8553b7e/execute/sync'
20:03:09.342 [AsyncHttpClient-1-6] DEBUG org.asynchttpclient.netty.handler.HttpHandler - 

Request DefaultHttpRequest(decodeResult: success, version: HTTP/1.1)
POST /session/99f06235f229039898cff1ede8553b7e/execute/sync HTTP/1.1
User-Agent: selenium/4.1.2 (java windows)
Content-Length: 48780
Content-Type: application/json; charset=utf-8
host: localhost:56212
accept: */*

Response DefaultHttpResponse(decodeResult: success, version: HTTP/1.1)
HTTP/1.1 200 OK
Content-Type: application/json; charset=utf-8
cache-control: no-cache
content-length: 14

20:03:09.342 [AsyncHttpClient-1-6] DEBUG org.asynchttpclient.netty.channel.ChannelManager - Adding key: http://localhost:56212 for channel [id: 0x76e9b4c2, L:/127.0.0.1:50102 - R:localhost/127.0.0.1:56212]
  &amp#27;[32mThen &amp#27;[0m&amp#27;[32mi get &amp#27;[0m&amp#27;[32m&amp#27;[1m"error message"&amp#27;[0m&amp#27;[32m result&amp#27;[0m             &amp#27;[90m# starter.steps.LoginStep.iGetResult(java.lang.String)&amp#27;[0m
20:03:09.348 [Forwarding screenshot on session 99f06235f229039898cff1ede8553b7e to remote] DEBUG org.asynchttpclient.netty.request.NettyRequestSender - Using pooled Channel '[id: 0x76e9b4c2, L:/127.0.0.1:50102 - R:localhost/127.0.0.1:56212]' for 'GET' to 'http://localhost:56212/session/99f06235f229039898cff1ede8553b7e/screenshot'
20:03:09.348 [Forwarding screenshot on session 99f06235f229039898cff1ede8553b7e to remote] DEBUG org.asynchttpclient.netty.request.NettyRequestSender - Using open Channel [id: 0x76e9b4c2, L:/127.0.0.1:50102 - R:localhost/127.0.0.1:56212] for GET '/session/99f06235f229039898cff1ede8553b7e/screenshot'
20:03:09.542 [AsyncHttpClient-1-6] DEBUG org.asynchttpclient.netty.handler.HttpHandler - 

Request DefaultFullHttpRequest(decodeResult: success, version: HTTP/1.1, content: EmptyByteBufBE)
GET /session/99f06235f229039898cff1ede8553b7e/screenshot HTTP/1.1
User-Agent: selenium/4.1.2 (java windows)
Cache-Control: no-cache
Content-Type: application/json; charset=utf-8
host: localhost:56212
accept: */*

Response DefaultHttpResponse(decodeResult: success, version: HTTP/1.1)
HTTP/1.1 200 OK
Content-Type: application/json; charset=utf-8
cache-control: no-cache
content-length: 47504

20:03:09.542 [AsyncHttpClient-1-6] DEBUG org.asynchttpclient.netty.channel.ChannelManager - Adding key: http://localhost:56212 for channel [id: 0x76e9b4c2, L:/127.0.0.1:50102 - R:localhost/127.0.0.1:56212]
20:03:09.544 [main] DEBUG net.serenitybdd.core.photography.Darkroom - Send negative for processing for target\site\serenity\23e4accba24c2357622104fd5355f6cc6e357fa59446f6dca70336efece774d5.png
20:03:09.546 [Darkroom Processing Line] DEBUG net.serenitybdd.core.photography.DarkroomProcessingLine - Processing screenshot image in /var/screenshots/screenshot-9465300250389490764
20:03:09.546 [Darkroom Processing Line] DEBUG net.serenitybdd.core.photography.DarkroomProcessingLine - Saving screenshot to target\site\serenity\23e4accba24c2357622104fd5355f6cc6e357fa59446f6dca70336efece774d5.png
20:03:09.554 [AsyncHttpClient-1-8] DEBUG org.asynchttpclient.netty.handler.WebSocketHandler - Channel Closed: [id: 0x9819bbda, L:/127.0.0.1:50111 ! R:localhost/127.0.0.1:50103] with attribute NettyResponseFuture{currentRetry=5,
	isDone=1,
	isCancelled=0,
	asyncHandler=org.asynchttpclient.ws.WebSocketUpgradeHandler@7d1453be,
	nettyRequest=org.asynchttpclient.netty.request.NettyRequest@2fe08ad1,
	future=java.util.concurrent.CompletableFuture@2a3beba0[Completed normally],
	uri=ws://localhost:50103/devtools/browser/fe0786f3-fc48-4f26-ae7e-00ac60eed2d0,
	keepAlive=true,
	redirectCount=0,
	timeoutsHolder=null,
	inAuth=0,
	touch=1667221337305}
20:03:09.554 [AsyncHttpClient-1-8] DEBUG org.asynchttpclient.netty.channel.ChannelManager - Closing Channel [id: 0x9819bbda, L:/127.0.0.1:50111 ! R:localhost/127.0.0.1:50103] 
20:03:09.555 [Driver Command Executor] DEBUG org.asynchttpclient.netty.request.NettyRequestSender - Using pooled Channel '[id: 0x76e9b4c2, L:/127.0.0.1:50102 - R:localhost/127.0.0.1:56212]' for 'DELETE' to 'http://localhost:56212/session/99f06235f229039898cff1ede8553b7e'
20:03:09.555 [Driver Command Executor] DEBUG org.asynchttpclient.netty.request.NettyRequestSender - Using open Channel [id: 0x76e9b4c2, L:/127.0.0.1:50102 - R:localhost/127.0.0.1:56212] for DELETE '/session/99f06235f229039898cff1ede8553b7e'
20:03:09.635 [AsyncHttpClient-1-7] DEBUG org.asynchttpclient.netty.handler.HttpHandler - Unexpected I/O exception on channel [id: 0xdb4dd96a, L:/127.0.0.1:50110 - R:localhost/127.0.0.1:50103]
java.io.IOException: An existing connection was forcibly closed by the remote host
	at java.base/sun.nio.ch.SocketDispatcher.read0(Native Method)
	at java.base/sun.nio.ch.SocketDispatcher.read(SocketDispatcher.java:43)
	at java.base/sun.nio.ch.IOUtil.readIntoNativeBuffer(IOUtil.java:276)
	at java.base/sun.nio.ch.IOUtil.read(IOUtil.java:233)
	at java.base/sun.nio.ch.IOUtil.read(IOUtil.java:223)
	at java.base/sun.nio.ch.SocketChannelImpl.read(SocketChannelImpl.java:358)
	at io.netty.buffer.PooledByteBuf.setBytes(PooledByteBuf.java:258)
	at io.netty.buffer.AbstractByteBuf.writeBytes(AbstractByteBuf.java:1132)
	at io.netty.channel.socket.nio.NioSocketChannel.doReadBytes(NioSocketChannel.java:350)
	at io.netty.channel.nio.AbstractNioByteChannel$NioByteUnsafe.read(AbstractNioByteChannel.java:151)
	at io.netty.channel.nio.NioEventLoop.processSelectedKey(NioEventLoop.java:722)
	at io.netty.channel.nio.NioEventLoop.processSelectedKeysOptimized(NioEventLoop.java:658)
	at io.netty.channel.nio.NioEventLoop.processSelectedKeys(NioEventLoop.java:584)
	at io.netty.channel.nio.NioEventLoop.run(NioEventLoop.java:496)
	at io.netty.util.concurrent.SingleThreadEventExecutor$4.run(SingleThreadEventExecutor.java:986)
	at io.netty.util.internal.ThreadExecutorMap$2.run(ThreadExecutorMap.java:74)
	at io.netty.util.concurrent.FastThreadLocalRunnable.run(FastThreadLocalRunnable.java:30)
	at java.base/java.lang.Thread.run(Thread.java:834)
20:03:09.635 [AsyncHttpClient-1-7] DEBUG org.asynchttpclient.netty.channel.ChannelManager - Closing Channel [id: 0xdb4dd96a, L:/127.0.0.1:50110 - R:localhost/127.0.0.1:50103] 
20:03:09.635 [AsyncHttpClient-1-7] DEBUG org.asynchttpclient.netty.handler.HttpHandler - Channel Closed: [id: 0xdb4dd96a, L:/127.0.0.1:50110 ! R:localhost/127.0.0.1:50103] with attribute DISCARD
20:03:09.672 [AsyncHttpClient-1-6] DEBUG org.asynchttpclient.netty.handler.HttpHandler - 

Request DefaultFullHttpRequest(decodeResult: success, version: HTTP/1.1, content: EmptyByteBufBE)
DELETE /session/99f06235f229039898cff1ede8553b7e HTTP/1.1
User-Agent: selenium/4.1.2 (java windows)
Content-Type: application/json; charset=utf-8
host: localhost:56212
accept: */*

Response DefaultHttpResponse(decodeResult: success, version: HTTP/1.1)
HTTP/1.1 200 OK
Content-Type: application/json; charset=utf-8
cache-control: no-cache
content-length: 14

20:03:09.672 [AsyncHttpClient-1-6] DEBUG org.asynchttpclient.netty.channel.ChannelManager - Adding key: http://localhost:56212 for channel [id: 0x76e9b4c2, L:/127.0.0.1:50102 - R:localhost/127.0.0.1:56212]
20:03:09.704 [AsyncHttpClient-1-6] DEBUG org.asynchttpclient.netty.handler.HttpHandler - Channel Closed: [id: 0x76e9b4c2, L:/127.0.0.1:50102 ! R:localhost/127.0.0.1:56212] with attribute DISCARD
]]></system-out>
    <system-err><![CDATA[Starting ChromeDriver 106.0.5249.61 (511755355844955cd3e264779baf0dd38212a4d0-refs/branch-heads/5249@{#569}) on port 56212
Only local connections are allowed.
Please see https://chromedriver.chromium.org/security-considerations for suggestions on keeping ChromeDriver safe.
ChromeDriver was started successfully.
Oct 31, 2022 8:02:17 PM org.openqa.selenium.remote.ProtocolHandshake createSession
INFO: Detected dialect: W3C
Oct 31, 2022 8:02:17 PM org.openqa.selenium.devtools.CdpVersionFinder findNearestMatch
WARNING: Unable to find an exact match for CDP version 106, so returning the closest version found: a no-op implementation
Oct 31, 2022 8:02:17 PM org.openqa.selenium.devtools.CdpVersionFinder findNearestMatch
INFO: Unable to find CDP implementation matching 106.
Oct 31, 2022 8:02:17 PM org.openqa.selenium.chromium.ChromiumDriver lambda$new$3
WARNING: Unable to find version of CDP to use for . You may need to include a dependency on a specific version of the CDP using something similar to `org.seleniumhq.selenium:selenium-devtools-v86:4.1.2` where the version ("v86") matches the version of the chromium-based browser you're using and the version number of the artifact is the same as Selenium's.
]]></system-err>
  </testcase>
  <testcase name="login with email and password #7" classname="Login" time="52.946">
    <system-out><![CDATA[
@Login
Scenario Outline: login with email and password &amp#27;[90m# src/test/resources/features/login/login.feature:22&amp#27;[0m
20:03:09.750 [main] INFO io.cucumber.core.plugin.SerenityReporter - Running feature from file:///D:/TIC/Kampus%20Merdeka/MSIB/Studi%20Independen/Alterra/MiniProject/MiniProjWeb/src/test/resources/features/login/login.feature
20:03:09.758 [main] INFO net.serenitybdd.core.webdriver.driverproviders.ChromeDriverProvider - Using automatically driver download
20:03:09.901 [main] DEBUG io.github.bonigarcia.wdm.cache.ResolutionCache - Resolution chrome=106 in cache (valid until 20:51:33 31/10/2022 ICT)
20:03:09.903 [main] DEBUG io.github.bonigarcia.wdm.cache.ResolutionCache - Resolution chrome106=106.0.5249.61 in cache (valid until 17:34:34 01/11/2022 ICT)
20:03:09.903 [main] INFO io.github.bonigarcia.wdm.WebDriverManager - Using chromedriver 106.0.5249.61 (resolved driver for Chrome 106)
20:03:09.915 [main] DEBUG io.github.bonigarcia.wdm.WebDriverManager - Driver chromedriver 106.0.5249.61 found in cache
20:03:09.916 [main] INFO io.github.bonigarcia.wdm.WebDriverManager - Exporting webdriver.chrome.driver as C:\Users\user\.cache\selenium\chromedriver\win32\106.0.5249.61\chromedriver.exe
20:03:10.014 [main] DEBUG net.serenitybdd.core.webdriver.driverproviders.ProvideNewDriver - Instantiating driver
20:03:10.014 [main] DEBUG net.serenitybdd.core.webdriver.driverproviders.ProvideNewDriver - Driver capabilities: Capabilities {acceptInsecureCerts: false, base.url: https://alta-shop.vercel.app, browserName: chrome, chrome.driver: src/test/resources/webdrive..., driver: chrome, goog:chromeOptions: {args: [], extensions: []}, wait.for.timeout: 500}
20:03:10.122 [AsyncHttpClient-1-9] DEBUG org.asynchttpclient.netty.channel.NettyConnectListener - Using new Channel '[id: 0xa1940ea4, L:/127.0.0.1:50192 - R:localhost/127.0.0.1:50132]' for 'POST' to '/session'
20:03:10.408 [AsyncHttpClient-1-1] DEBUG org.asynchttpclient.netty.channel.DefaultChannelPool - Entry count for : http://localhost:56212 : 1
20:03:10.408 [AsyncHttpClient-1-1] DEBUG org.asynchttpclient.netty.channel.DefaultChannelPool - Entry count for : http://localhost:50103 : 1
20:03:10.409 [AsyncHttpClient-1-1] DEBUG org.asynchttpclient.netty.channel.DefaultChannelPool - Adding Candidate expired Channel [id: 0x76e9b4c2, L:/127.0.0.1:50102 ! R:localhost/127.0.0.1:56212] isIdleTimeoutExpired=false isRemotelyClosed=true isTtlExpired=false
20:03:10.409 [AsyncHttpClient-1-1] DEBUG org.asynchttpclient.netty.channel.DefaultChannelPool - Closing Idle Channel [id: 0x76e9b4c2, L:/127.0.0.1:50102 ! R:localhost/127.0.0.1:56212]
20:03:10.409 [AsyncHttpClient-1-1] DEBUG org.asynchttpclient.netty.channel.DefaultChannelPool - Adding Candidate expired Channel [id: 0xdb4dd96a, L:/127.0.0.1:50110 ! R:localhost/127.0.0.1:50103] isIdleTimeoutExpired=false isRemotelyClosed=true isTtlExpired=false
20:03:10.409 [AsyncHttpClient-1-1] DEBUG org.asynchttpclient.netty.channel.DefaultChannelPool - Closing Idle Channel [id: 0xdb4dd96a, L:/127.0.0.1:50110 ! R:localhost/127.0.0.1:50103]
20:03:10.409 [AsyncHttpClient-1-1] DEBUG org.asynchttpclient.netty.channel.DefaultChannelPool - Closed 2 connections out of 2 in 0 ms
20:03:10.857 [AsyncHttpClient-1-9] DEBUG org.asynchttpclient.netty.handler.HttpHandler - 

Request DefaultHttpRequest(decodeResult: success, version: HTTP/1.1)
POST /session HTTP/1.1
User-Agent: selenium/4.1.2 (java windows)
Content-Length: 638
Content-Type: application/json; charset=utf-8
host: localhost:50132
accept: */*

Response DefaultHttpResponse(decodeResult: success, version: HTTP/1.1)
HTTP/1.1 200 OK
Content-Type: application/json; charset=utf-8
cache-control: no-cache
content-length: 789

20:03:10.858 [AsyncHttpClient-1-9] DEBUG org.asynchttpclient.netty.channel.ChannelManager - Adding key: http://localhost:50132 for channel [id: 0xa1940ea4, L:/127.0.0.1:50192 - R:localhost/127.0.0.1:50132]
20:03:10.871 [AsyncHttpClient-1-2] DEBUG org.asynchttpclient.netty.channel.NettyConnectListener - Using new Channel '[id: 0x919c7b88, L:/127.0.0.1:50199 - R:localhost/127.0.0.1:50193]' for 'GET' to '/json/version'
20:03:10.872 [AsyncHttpClient-1-2] DEBUG org.asynchttpclient.netty.handler.HttpHandler - 

Request DefaultFullHttpRequest(decodeResult: success, version: HTTP/1.1, content: EmptyByteBufBE)
GET /json/version HTTP/1.1
User-Agent: selenium/4.1.2 (java windows)
host: localhost:50193
accept: */*

Response DefaultHttpResponse(decodeResult: success, version: HTTP/1.1)
HTTP/1.1 200 OK
Content-Type: application/json; charset=UTF-8
content-length: 424

20:03:10.872 [AsyncHttpClient-1-2] DEBUG org.asynchttpclient.netty.channel.ChannelManager - Adding key: http://localhost:50193 for channel [id: 0x919c7b88, L:/127.0.0.1:50199 - R:localhost/127.0.0.1:50193]
20:03:10.874 [AsyncHttpClient-1-3] DEBUG org.asynchttpclient.netty.channel.NettyConnectListener - Using new Channel '[id: 0x0ccdc9cf, L:/127.0.0.1:50200 - R:localhost/127.0.0.1:50193]' for 'GET' to '/devtools/browser/eb84aea0-b616-4c28-8229-ed5138e499b6'
20:03:10.875 [AsyncHttpClient-1-3] DEBUG org.asynchttpclient.netty.handler.WebSocketHandler - 

Request DefaultFullHttpRequest(decodeResult: success, version: HTTP/1.1, content: EmptyByteBufBE)
GET /devtools/browser/eb84aea0-b616-4c28-8229-ed5138e499b6 HTTP/1.1
upgrade: websocket
connection: upgrade
sec-websocket-key: wNXSD52kQ9DUxLCT6W13EQ==
sec-websocket-version: 13
origin: http://localhost:50193
host: localhost:50193
accept: */*
user-agent: AHC/2.1

Response DefaultHttpResponse(decodeResult: success, version: HTTP/1.1)
HTTP/1.1 101 WebSocket Protocol Handshake
Upgrade: WebSocket
Connection: Upgrade
Sec-WebSocket-Accept: fJ1XA8OEqxPSLpOyr9xOmpLN/bY=

20:03:10.881 [Forwarding get on session 8f2789503986cc360110e6eb1dfcdb49 to remote] DEBUG org.asynchttpclient.netty.request.NettyRequestSender - Using pooled Channel '[id: 0xa1940ea4, L:/127.0.0.1:50192 - R:localhost/127.0.0.1:50132]' for 'POST' to 'http://localhost:50132/session/8f2789503986cc360110e6eb1dfcdb49/url'
20:03:10.882 [Forwarding get on session 8f2789503986cc360110e6eb1dfcdb49 to remote] DEBUG org.asynchttpclient.netty.request.NettyRequestSender - Using open Channel [id: 0xa1940ea4, L:/127.0.0.1:50192 - R:localhost/127.0.0.1:50132] for POST '/session/8f2789503986cc360110e6eb1dfcdb49/url'
20:03:11.509 [AsyncHttpClient-1-1] DEBUG org.asynchttpclient.netty.channel.DefaultChannelPool - Entry count for : http://localhost:50193 : 1
20:03:12.599 [AsyncHttpClient-1-1] DEBUG org.asynchttpclient.netty.channel.DefaultChannelPool - Entry count for : http://localhost:50193 : 1
20:03:13.712 [AsyncHttpClient-1-1] DEBUG org.asynchttpclient.netty.channel.DefaultChannelPool - Entry count for : http://localhost:50193 : 1
20:03:14.800 [AsyncHttpClient-1-1] DEBUG org.asynchttpclient.netty.channel.DefaultChannelPool - Entry count for : http://localhost:50193 : 1
20:03:15.900 [AsyncHttpClient-1-1] DEBUG org.asynchttpclient.netty.channel.DefaultChannelPool - Entry count for : http://localhost:50193 : 1
20:03:17.007 [AsyncHttpClient-1-1] DEBUG org.asynchttpclient.netty.channel.DefaultChannelPool - Entry count for : http://localhost:50193 : 1
20:03:18.111 [AsyncHttpClient-1-1] DEBUG org.asynchttpclient.netty.channel.DefaultChannelPool - Entry count for : http://localhost:50193 : 1
20:03:19.204 [AsyncHttpClient-1-1] DEBUG org.asynchttpclient.netty.channel.DefaultChannelPool - Entry count for : http://localhost:50193 : 1
20:03:20.305 [AsyncHttpClient-1-1] DEBUG org.asynchttpclient.netty.channel.DefaultChannelPool - Entry count for : http://localhost:50193 : 1
20:03:21.410 [AsyncHttpClient-1-1] DEBUG org.asynchttpclient.netty.channel.DefaultChannelPool - Entry count for : http://localhost:50193 : 1
20:03:22.500 [AsyncHttpClient-1-1] DEBUG org.asynchttpclient.netty.channel.DefaultChannelPool - Entry count for : http://localhost:50193 : 1
20:03:23.605 [AsyncHttpClient-1-1] DEBUG org.asynchttpclient.netty.channel.DefaultChannelPool - Entry count for : http://localhost:50193 : 1
20:03:24.710 [AsyncHttpClient-1-1] DEBUG org.asynchttpclient.netty.channel.DefaultChannelPool - Entry count for : http://localhost:50193 : 1
20:03:25.800 [AsyncHttpClient-1-1] DEBUG org.asynchttpclient.netty.channel.DefaultChannelPool - Entry count for : http://localhost:50193 : 1
20:03:26.906 [AsyncHttpClient-1-1] DEBUG org.asynchttpclient.netty.channel.DefaultChannelPool - Entry count for : http://localhost:50193 : 1
20:03:28.010 [AsyncHttpClient-1-1] DEBUG org.asynchttpclient.netty.channel.DefaultChannelPool - Entry count for : http://localhost:50193 : 1
20:03:29.112 [AsyncHttpClient-1-1] DEBUG org.asynchttpclient.netty.channel.DefaultChannelPool - Entry count for : http://localhost:50193 : 1
20:03:30.202 [AsyncHttpClient-1-1] DEBUG org.asynchttpclient.netty.channel.DefaultChannelPool - Entry count for : http://localhost:50193 : 1
20:03:31.302 [AsyncHttpClient-1-1] DEBUG org.asynchttpclient.netty.channel.DefaultChannelPool - Entry count for : http://localhost:50193 : 1
20:03:32.411 [AsyncHttpClient-1-1] DEBUG org.asynchttpclient.netty.channel.DefaultChannelPool - Entry count for : http://localhost:50193 : 1
20:03:33.498 [AsyncHttpClient-1-1] DEBUG org.asynchttpclient.netty.channel.DefaultChannelPool - Entry count for : http://localhost:50193 : 1
20:03:34.601 [AsyncHttpClient-1-1] DEBUG org.asynchttpclient.netty.channel.DefaultChannelPool - Entry count for : http://localhost:50193 : 1
20:03:35.705 [AsyncHttpClient-1-1] DEBUG org.asynchttpclient.netty.channel.DefaultChannelPool - Entry count for : http://localhost:50193 : 1
20:03:36.812 [AsyncHttpClient-1-1] DEBUG org.asynchttpclient.netty.channel.DefaultChannelPool - Entry count for : http://localhost:50193 : 1
20:03:37.903 [AsyncHttpClient-1-1] DEBUG org.asynchttpclient.netty.channel.DefaultChannelPool - Entry count for : http://localhost:50193 : 1
20:03:39.009 [AsyncHttpClient-1-1] DEBUG org.asynchttpclient.netty.channel.DefaultChannelPool - Entry count for : http://localhost:50193 : 1
20:03:40.099 [AsyncHttpClient-1-1] DEBUG org.asynchttpclient.netty.channel.DefaultChannelPool - Entry count for : http://localhost:50193 : 1
20:03:41.206 [AsyncHttpClient-1-1] DEBUG org.asynchttpclient.netty.channel.DefaultChannelPool - Entry count for : http://localhost:50193 : 1
20:03:42.309 [AsyncHttpClient-1-1] DEBUG org.asynchttpclient.netty.channel.DefaultChannelPool - Entry count for : http://localhost:50193 : 1
20:03:43.403 [AsyncHttpClient-1-1] DEBUG org.asynchttpclient.netty.channel.DefaultChannelPool - Entry count for : http://localhost:50193 : 1
20:03:44.503 [AsyncHttpClient-1-1] DEBUG org.asynchttpclient.netty.channel.DefaultChannelPool - Entry count for : http://localhost:50193 : 1
20:03:45.608 [AsyncHttpClient-1-1] DEBUG org.asynchttpclient.netty.channel.DefaultChannelPool - Entry count for : http://localhost:50193 : 1
20:03:46.697 [AsyncHttpClient-1-1] DEBUG org.asynchttpclient.netty.channel.DefaultChannelPool - Entry count for : http://localhost:50193 : 1
20:03:47.803 [AsyncHttpClient-1-1] DEBUG org.asynchttpclient.netty.channel.DefaultChannelPool - Entry count for : http://localhost:50193 : 1
20:03:48.904 [AsyncHttpClient-1-1] DEBUG org.asynchttpclient.netty.channel.DefaultChannelPool - Entry count for : http://localhost:50193 : 1
20:03:50.007 [AsyncHttpClient-1-1] DEBUG org.asynchttpclient.netty.channel.DefaultChannelPool - Entry count for : http://localhost:50193 : 1
20:03:51.111 [AsyncHttpClient-1-1] DEBUG org.asynchttpclient.netty.channel.DefaultChannelPool - Entry count for : http://localhost:50193 : 1
20:03:52.202 [AsyncHttpClient-1-1] DEBUG org.asynchttpclient.netty.channel.DefaultChannelPool - Entry count for : http://localhost:50193 : 1
20:03:53.305 [AsyncHttpClient-1-1] DEBUG org.asynchttpclient.netty.channel.DefaultChannelPool - Entry count for : http://localhost:50193 : 1
20:03:54.407 [AsyncHttpClient-1-1] DEBUG org.asynchttpclient.netty.channel.DefaultChannelPool - Entry count for : http://localhost:50193 : 1
20:03:55.512 [AsyncHttpClient-1-1] DEBUG org.asynchttpclient.netty.channel.DefaultChannelPool - Entry count for : http://localhost:50193 : 1
20:03:56.603 [AsyncHttpClient-1-1] DEBUG org.asynchttpclient.netty.channel.DefaultChannelPool - Entry count for : http://localhost:50193 : 1
20:03:57.697 [AsyncHttpClient-1-1] DEBUG org.asynchttpclient.netty.channel.DefaultChannelPool - Entry count for : http://localhost:50193 : 1
20:03:58.798 [AsyncHttpClient-1-1] DEBUG org.asynchttpclient.netty.channel.DefaultChannelPool - Entry count for : http://localhost:50193 : 1
20:03:59.898 [AsyncHttpClient-1-1] DEBUG org.asynchttpclient.netty.channel.DefaultChannelPool - Entry count for : http://localhost:50193 : 1
20:04:00.041 [AsyncHttpClient-1-9] DEBUG org.asynchttpclient.netty.handler.HttpHandler - 

Request DefaultHttpRequest(decodeResult: success, version: HTTP/1.1)
POST /session/8f2789503986cc360110e6eb1dfcdb49/url HTTP/1.1
User-Agent: selenium/4.1.2 (java windows)
Content-Length: 59
Content-Type: application/json; charset=utf-8
host: localhost:50132
accept: */*

Response DefaultHttpResponse(decodeResult: success, version: HTTP/1.1)
HTTP/1.1 200 OK
Content-Type: application/json; charset=utf-8
cache-control: no-cache
content-length: 14

20:04:00.041 [AsyncHttpClient-1-9] DEBUG org.asynchttpclient.netty.channel.ChannelManager - Adding key: http://localhost:50132 for channel [id: 0xa1940ea4, L:/127.0.0.1:50192 - R:localhost/127.0.0.1:50132]
20:04:00.042 [Forwarding setTimeout on session 8f2789503986cc360110e6eb1dfcdb49 to remote] DEBUG org.asynchttpclient.netty.request.NettyRequestSender - Using pooled Channel '[id: 0xa1940ea4, L:/127.0.0.1:50192 - R:localhost/127.0.0.1:50132]' for 'POST' to 'http://localhost:50132/session/8f2789503986cc360110e6eb1dfcdb49/timeouts'
20:04:00.042 [Forwarding setTimeout on session 8f2789503986cc360110e6eb1dfcdb49 to remote] DEBUG org.asynchttpclient.netty.request.NettyRequestSender - Using open Channel [id: 0xa1940ea4, L:/127.0.0.1:50192 - R:localhost/127.0.0.1:50132] for POST '/session/8f2789503986cc360110e6eb1dfcdb49/timeouts'
20:04:00.043 [AsyncHttpClient-1-9] DEBUG org.asynchttpclient.netty.handler.HttpHandler - 

Request DefaultHttpRequest(decodeResult: success, version: HTTP/1.1)
POST /session/8f2789503986cc360110e6eb1dfcdb49/timeouts HTTP/1.1
User-Agent: selenium/4.1.2 (java windows)
Content-Length: 22
Content-Type: application/json; charset=utf-8
host: localhost:50132
accept: */*

Response DefaultHttpResponse(decodeResult: success, version: HTTP/1.1)
HTTP/1.1 200 OK
Content-Type: application/json; charset=utf-8
cache-control: no-cache
content-length: 14

20:04:00.043 [AsyncHttpClient-1-9] DEBUG org.asynchttpclient.netty.channel.ChannelManager - Adding key: http://localhost:50132 for channel [id: 0xa1940ea4, L:/127.0.0.1:50192 - R:localhost/127.0.0.1:50132]
20:04:00.045 [Forwarding getCurrentUrl on session 8f2789503986cc360110e6eb1dfcdb49 to remote] DEBUG org.asynchttpclient.netty.request.NettyRequestSender - Using pooled Channel '[id: 0xa1940ea4, L:/127.0.0.1:50192 - R:localhost/127.0.0.1:50132]' for 'GET' to 'http://localhost:50132/session/8f2789503986cc360110e6eb1dfcdb49/url'
20:04:00.045 [Forwarding getCurrentUrl on session 8f2789503986cc360110e6eb1dfcdb49 to remote] DEBUG org.asynchttpclient.netty.request.NettyRequestSender - Using open Channel [id: 0xa1940ea4, L:/127.0.0.1:50192 - R:localhost/127.0.0.1:50132] for GET '/session/8f2789503986cc360110e6eb1dfcdb49/url'
20:04:00.048 [AsyncHttpClient-1-9] DEBUG org.asynchttpclient.netty.handler.HttpHandler - 

Request DefaultFullHttpRequest(decodeResult: success, version: HTTP/1.1, content: EmptyByteBufBE)
GET /session/8f2789503986cc360110e6eb1dfcdb49/url HTTP/1.1
User-Agent: selenium/4.1.2 (java windows)
Cache-Control: no-cache
Content-Type: application/json; charset=utf-8
host: localhost:50132
accept: */*

Response DefaultHttpResponse(decodeResult: success, version: HTTP/1.1)
HTTP/1.1 200 OK
Content-Type: application/json; charset=utf-8
cache-control: no-cache
content-length: 41

20:04:00.048 [AsyncHttpClient-1-9] DEBUG org.asynchttpclient.netty.channel.ChannelManager - Adding key: http://localhost:50132 for channel [id: 0xa1940ea4, L:/127.0.0.1:50192 - R:localhost/127.0.0.1:50132]
  &amp#27;[32mGiven &amp#27;[0m&amp#27;[32mI open the website&amp#27;[0m                      &amp#27;[90m# starter.steps.RegistrationStep.iOpenTheWebsite()&amp#27;[0m
20:04:00.052 [Forwarding screenshot on session 8f2789503986cc360110e6eb1dfcdb49 to remote] DEBUG org.asynchttpclient.netty.request.NettyRequestSender - Using pooled Channel '[id: 0xa1940ea4, L:/127.0.0.1:50192 - R:localhost/127.0.0.1:50132]' for 'GET' to 'http://localhost:50132/session/8f2789503986cc360110e6eb1dfcdb49/screenshot'
20:04:00.052 [Forwarding screenshot on session 8f2789503986cc360110e6eb1dfcdb49 to remote] DEBUG org.asynchttpclient.netty.request.NettyRequestSender - Using open Channel [id: 0xa1940ea4, L:/127.0.0.1:50192 - R:localhost/127.0.0.1:50132] for GET '/session/8f2789503986cc360110e6eb1dfcdb49/screenshot'
20:04:00.173 [AsyncHttpClient-1-9] DEBUG org.asynchttpclient.netty.handler.HttpHandler - 

Request DefaultFullHttpRequest(decodeResult: success, version: HTTP/1.1, content: EmptyByteBufBE)
GET /session/8f2789503986cc360110e6eb1dfcdb49/screenshot HTTP/1.1
User-Agent: selenium/4.1.2 (java windows)
Cache-Control: no-cache
Content-Type: application/json; charset=utf-8
host: localhost:50132
accept: */*

Response DefaultHttpResponse(decodeResult: success, version: HTTP/1.1)
HTTP/1.1 200 OK
Content-Type: application/json; charset=utf-8
cache-control: no-cache
content-length: 69584

20:04:00.173 [AsyncHttpClient-1-9] DEBUG org.asynchttpclient.netty.channel.ChannelManager - Adding key: http://localhost:50132 for channel [id: 0xa1940ea4, L:/127.0.0.1:50192 - R:localhost/127.0.0.1:50132]
20:04:00.179 [main] DEBUG net.serenitybdd.core.photography.Darkroom - Send negative for processing for target\site\serenity\5297bd387dc3249e00c2d6656fb13e2699af90824ba878fd382afd24108abb14.png
20:04:00.191 [Forwarding findElement on session 8f2789503986cc360110e6eb1dfcdb49 to remote] DEBUG org.asynchttpclient.netty.request.NettyRequestSender - Using pooled Channel '[id: 0xa1940ea4, L:/127.0.0.1:50192 - R:localhost/127.0.0.1:50132]' for 'POST' to 'http://localhost:50132/session/8f2789503986cc360110e6eb1dfcdb49/element'
20:04:00.191 [Forwarding findElement on session 8f2789503986cc360110e6eb1dfcdb49 to remote] DEBUG org.asynchttpclient.netty.request.NettyRequestSender - Using open Channel [id: 0xa1940ea4, L:/127.0.0.1:50192 - R:localhost/127.0.0.1:50132] for POST '/session/8f2789503986cc360110e6eb1dfcdb49/element'
20:04:00.201 [AsyncHttpClient-1-9] DEBUG org.asynchttpclient.netty.handler.HttpHandler - 

Request DefaultHttpRequest(decodeResult: success, version: HTTP/1.1)
POST /session/8f2789503986cc360110e6eb1dfcdb49/element HTTP/1.1
User-Agent: selenium/4.1.2 (java windows)
Content-Length: 97
Content-Type: application/json; charset=utf-8
host: localhost:50132
accept: */*

Response DefaultHttpResponse(decodeResult: success, version: HTTP/1.1)
HTTP/1.1 200 OK
Content-Type: application/json; charset=utf-8
cache-control: no-cache
content-length: 88

20:04:00.201 [AsyncHttpClient-1-9] DEBUG org.asynchttpclient.netty.channel.ChannelManager - Adding key: http://localhost:50132 for channel [id: 0xa1940ea4, L:/127.0.0.1:50192 - R:localhost/127.0.0.1:50132]
20:04:00.202 [Forwarding getElementTagName on session 8f2789503986cc360110e6eb1dfcdb49 to remote] DEBUG org.asynchttpclient.netty.request.NettyRequestSender - Using pooled Channel '[id: 0xa1940ea4, L:/127.0.0.1:50192 - R:localhost/127.0.0.1:50132]' for 'GET' to 'http://localhost:50132/session/8f2789503986cc360110e6eb1dfcdb49/element/826a9192-6106-491f-8b3d-a8c0f0425ca9/name'
20:04:00.202 [Forwarding getElementTagName on session 8f2789503986cc360110e6eb1dfcdb49 to remote] DEBUG org.asynchttpclient.netty.request.NettyRequestSender - Using open Channel [id: 0xa1940ea4, L:/127.0.0.1:50192 - R:localhost/127.0.0.1:50132] for GET '/session/8f2789503986cc360110e6eb1dfcdb49/element/826a9192-6106-491f-8b3d-a8c0f0425ca9/name'
20:04:00.205 [AsyncHttpClient-1-9] DEBUG org.asynchttpclient.netty.handler.HttpHandler - 

Request DefaultFullHttpRequest(decodeResult: success, version: HTTP/1.1, content: EmptyByteBufBE)
GET /session/8f2789503986cc360110e6eb1dfcdb49/element/826a9192-6106-491f-8b3d-a8c0f0425ca9/name HTTP/1.1
User-Agent: selenium/4.1.2 (java windows)
Cache-Control: no-cache
Content-Type: application/json; charset=utf-8
host: localhost:50132
accept: */*

Response DefaultHttpResponse(decodeResult: success, version: HTTP/1.1)
HTTP/1.1 200 OK
Content-Type: application/json; charset=utf-8
cache-control: no-cache
content-length: 13

20:04:00.205 [AsyncHttpClient-1-9] DEBUG org.asynchttpclient.netty.channel.ChannelManager - Adding key: http://localhost:50132 for channel [id: 0xa1940ea4, L:/127.0.0.1:50192 - R:localhost/127.0.0.1:50132]
20:04:00.206 [Forwarding getElementTagName on session 8f2789503986cc360110e6eb1dfcdb49 to remote] DEBUG org.asynchttpclient.netty.request.NettyRequestSender - Using pooled Channel '[id: 0xa1940ea4, L:/127.0.0.1:50192 - R:localhost/127.0.0.1:50132]' for 'GET' to 'http://localhost:50132/session/8f2789503986cc360110e6eb1dfcdb49/element/826a9192-6106-491f-8b3d-a8c0f0425ca9/name'
20:04:00.206 [Forwarding getElementTagName on session 8f2789503986cc360110e6eb1dfcdb49 to remote] DEBUG org.asynchttpclient.netty.request.NettyRequestSender - Using open Channel [id: 0xa1940ea4, L:/127.0.0.1:50192 - R:localhost/127.0.0.1:50132] for GET '/session/8f2789503986cc360110e6eb1dfcdb49/element/826a9192-6106-491f-8b3d-a8c0f0425ca9/name'
20:04:00.209 [AsyncHttpClient-1-9] DEBUG org.asynchttpclient.netty.handler.HttpHandler - 

Request DefaultFullHttpRequest(decodeResult: success, version: HTTP/1.1, content: EmptyByteBufBE)
GET /session/8f2789503986cc360110e6eb1dfcdb49/element/826a9192-6106-491f-8b3d-a8c0f0425ca9/name HTTP/1.1
User-Agent: selenium/4.1.2 (java windows)
Cache-Control: no-cache
Content-Type: application/json; charset=utf-8
host: localhost:50132
accept: */*

Response DefaultHttpResponse(decodeResult: success, version: HTTP/1.1)
HTTP/1.1 200 OK
Content-Type: application/json; charset=utf-8
cache-control: no-cache
content-length: 13

20:04:00.209 [AsyncHttpClient-1-9] DEBUG org.asynchttpclient.netty.channel.ChannelManager - Adding key: http://localhost:50132 for channel [id: 0xa1940ea4, L:/127.0.0.1:50192 - R:localhost/127.0.0.1:50132]
20:04:00.213 [Forwarding findElement on session 8f2789503986cc360110e6eb1dfcdb49 to remote] DEBUG org.asynchttpclient.netty.request.NettyRequestSender - Using pooled Channel '[id: 0xa1940ea4, L:/127.0.0.1:50192 - R:localhost/127.0.0.1:50132]' for 'POST' to 'http://localhost:50132/session/8f2789503986cc360110e6eb1dfcdb49/element'
20:04:00.213 [Forwarding findElement on session 8f2789503986cc360110e6eb1dfcdb49 to remote] DEBUG org.asynchttpclient.netty.request.NettyRequestSender - Using open Channel [id: 0xa1940ea4, L:/127.0.0.1:50192 - R:localhost/127.0.0.1:50132] for POST '/session/8f2789503986cc360110e6eb1dfcdb49/element'
20:04:00.219 [AsyncHttpClient-1-9] DEBUG org.asynchttpclient.netty.handler.HttpHandler - 

Request DefaultHttpRequest(decodeResult: success, version: HTTP/1.1)
POST /session/8f2789503986cc360110e6eb1dfcdb49/element HTTP/1.1
User-Agent: selenium/4.1.2 (java windows)
Content-Length: 97
Content-Type: application/json; charset=utf-8
host: localhost:50132
accept: */*

Response DefaultHttpResponse(decodeResult: success, version: HTTP/1.1)
HTTP/1.1 200 OK
Content-Type: application/json; charset=utf-8
cache-control: no-cache
content-length: 88

20:04:00.219 [AsyncHttpClient-1-9] DEBUG org.asynchttpclient.netty.channel.ChannelManager - Adding key: http://localhost:50132 for channel [id: 0xa1940ea4, L:/127.0.0.1:50192 - R:localhost/127.0.0.1:50132]
20:04:00.230 [Forwarding clickElement on session 8f2789503986cc360110e6eb1dfcdb49 to remote] DEBUG org.asynchttpclient.netty.request.NettyRequestSender - Using pooled Channel '[id: 0xa1940ea4, L:/127.0.0.1:50192 - R:localhost/127.0.0.1:50132]' for 'POST' to 'http://localhost:50132/session/8f2789503986cc360110e6eb1dfcdb49/element/826a9192-6106-491f-8b3d-a8c0f0425ca9/click'
20:04:00.230 [Forwarding clickElement on session 8f2789503986cc360110e6eb1dfcdb49 to remote] DEBUG org.asynchttpclient.netty.request.NettyRequestSender - Using open Channel [id: 0xa1940ea4, L:/127.0.0.1:50192 - R:localhost/127.0.0.1:50132] for POST '/session/8f2789503986cc360110e6eb1dfcdb49/element/826a9192-6106-491f-8b3d-a8c0f0425ca9/click'
20:04:00.267 [AsyncHttpClient-1-9] DEBUG org.asynchttpclient.netty.handler.HttpHandler - 

Request DefaultHttpRequest(decodeResult: success, version: HTTP/1.1)
POST /session/8f2789503986cc360110e6eb1dfcdb49/element/826a9192-6106-491f-8b3d-a8c0f0425ca9/click HTTP/1.1
User-Agent: selenium/4.1.2 (java windows)
Content-Length: 50
Content-Type: application/json; charset=utf-8
host: localhost:50132
accept: */*

Response DefaultHttpResponse(decodeResult: success, version: HTTP/1.1)
HTTP/1.1 200 OK
Content-Type: application/json; charset=utf-8
cache-control: no-cache
content-length: 14

20:04:00.267 [AsyncHttpClient-1-9] DEBUG org.asynchttpclient.netty.channel.ChannelManager - Adding key: http://localhost:50132 for channel [id: 0xa1940ea4, L:/127.0.0.1:50192 - R:localhost/127.0.0.1:50132]
  &amp#27;[32mWhen &amp#27;[0m&amp#27;[32mI click sign in button&amp#27;[0m                   &amp#27;[90m# starter.steps.RegistrationStep.iClickSignInButton()&amp#27;[0m
20:04:00.273 [Forwarding screenshot on session 8f2789503986cc360110e6eb1dfcdb49 to remote] DEBUG org.asynchttpclient.netty.request.NettyRequestSender - Using pooled Channel '[id: 0xa1940ea4, L:/127.0.0.1:50192 - R:localhost/127.0.0.1:50132]' for 'GET' to 'http://localhost:50132/session/8f2789503986cc360110e6eb1dfcdb49/screenshot'
20:04:00.273 [Forwarding screenshot on session 8f2789503986cc360110e6eb1dfcdb49 to remote] DEBUG org.asynchttpclient.netty.request.NettyRequestSender - Using open Channel [id: 0xa1940ea4, L:/127.0.0.1:50192 - R:localhost/127.0.0.1:50132] for GET '/session/8f2789503986cc360110e6eb1dfcdb49/screenshot'
20:04:00.497 [AsyncHttpClient-1-9] DEBUG org.asynchttpclient.netty.handler.HttpHandler - 

Request DefaultFullHttpRequest(decodeResult: success, version: HTTP/1.1, content: EmptyByteBufBE)
GET /session/8f2789503986cc360110e6eb1dfcdb49/screenshot HTTP/1.1
User-Agent: selenium/4.1.2 (java windows)
Cache-Control: no-cache
Content-Type: application/json; charset=utf-8
host: localhost:50132
accept: */*

Response DefaultHttpResponse(decodeResult: success, version: HTTP/1.1)
HTTP/1.1 200 OK
Content-Type: application/json; charset=utf-8
cache-control: no-cache
content-length: 41448

20:04:00.498 [AsyncHttpClient-1-9] DEBUG org.asynchttpclient.netty.channel.ChannelManager - Adding key: http://localhost:50132 for channel [id: 0xa1940ea4, L:/127.0.0.1:50192 - R:localhost/127.0.0.1:50132]
20:04:00.500 [main] DEBUG net.serenitybdd.core.photography.Darkroom - Send negative for processing for target\site\serenity\0bb2205263720995bc216658a0b58ae6301802e5b98f55f95c85b1ac46a08212.png
20:04:00.502 [Darkroom Processing Line] DEBUG net.serenitybdd.core.photography.DarkroomProcessingLine - Processing screenshot image in /var/screenshots/screenshot-18296965451552375823
20:04:00.502 [Darkroom Processing Line] DEBUG net.serenitybdd.core.photography.DarkroomProcessingLine - Saving screenshot to target\site\serenity\0bb2205263720995bc216658a0b58ae6301802e5b98f55f95c85b1ac46a08212.png
20:04:00.511 [Forwarding findElement on session 8f2789503986cc360110e6eb1dfcdb49 to remote] DEBUG org.asynchttpclient.netty.request.NettyRequestSender - Using pooled Channel '[id: 0xa1940ea4, L:/127.0.0.1:50192 - R:localhost/127.0.0.1:50132]' for 'POST' to 'http://localhost:50132/session/8f2789503986cc360110e6eb1dfcdb49/element'
20:04:00.511 [Forwarding findElement on session 8f2789503986cc360110e6eb1dfcdb49 to remote] DEBUG org.asynchttpclient.netty.request.NettyRequestSender - Using open Channel [id: 0xa1940ea4, L:/127.0.0.1:50192 - R:localhost/127.0.0.1:50132] for POST '/session/8f2789503986cc360110e6eb1dfcdb49/element'
20:04:00.523 [AsyncHttpClient-1-9] DEBUG org.asynchttpclient.netty.handler.HttpHandler - 

Request DefaultHttpRequest(decodeResult: success, version: HTTP/1.1)
POST /session/8f2789503986cc360110e6eb1dfcdb49/element HTTP/1.1
User-Agent: selenium/4.1.2 (java windows)
Content-Length: 87
Content-Type: application/json; charset=utf-8
host: localhost:50132
accept: */*

Response DefaultHttpResponse(decodeResult: success, version: HTTP/1.1)
HTTP/1.1 200 OK
Content-Type: application/json; charset=utf-8
cache-control: no-cache
content-length: 88

20:04:00.523 [AsyncHttpClient-1-9] DEBUG org.asynchttpclient.netty.channel.ChannelManager - Adding key: http://localhost:50132 for channel [id: 0xa1940ea4, L:/127.0.0.1:50192 - R:localhost/127.0.0.1:50132]
20:04:00.525 [Forwarding clearElement on session 8f2789503986cc360110e6eb1dfcdb49 to remote] DEBUG org.asynchttpclient.netty.request.NettyRequestSender - Using pooled Channel '[id: 0xa1940ea4, L:/127.0.0.1:50192 - R:localhost/127.0.0.1:50132]' for 'POST' to 'http://localhost:50132/session/8f2789503986cc360110e6eb1dfcdb49/element/588e808d-253e-484a-b391-7babe54fc26f/clear'
20:04:00.525 [Forwarding clearElement on session 8f2789503986cc360110e6eb1dfcdb49 to remote] DEBUG org.asynchttpclient.netty.request.NettyRequestSender - Using open Channel [id: 0xa1940ea4, L:/127.0.0.1:50192 - R:localhost/127.0.0.1:50132] for POST '/session/8f2789503986cc360110e6eb1dfcdb49/element/588e808d-253e-484a-b391-7babe54fc26f/clear'
20:04:00.563 [AsyncHttpClient-1-9] DEBUG org.asynchttpclient.netty.handler.HttpHandler - 

Request DefaultHttpRequest(decodeResult: success, version: HTTP/1.1)
POST /session/8f2789503986cc360110e6eb1dfcdb49/element/588e808d-253e-484a-b391-7babe54fc26f/clear HTTP/1.1
User-Agent: selenium/4.1.2 (java windows)
Content-Length: 50
Content-Type: application/json; charset=utf-8
host: localhost:50132
accept: */*

Response DefaultHttpResponse(decodeResult: success, version: HTTP/1.1)
HTTP/1.1 200 OK
Content-Type: application/json; charset=utf-8
cache-control: no-cache
content-length: 14

20:04:00.563 [AsyncHttpClient-1-9] DEBUG org.asynchttpclient.netty.channel.ChannelManager - Adding key: http://localhost:50132 for channel [id: 0xa1940ea4, L:/127.0.0.1:50192 - R:localhost/127.0.0.1:50132]
20:04:00.564 [Forwarding sendKeysToElement on session 8f2789503986cc360110e6eb1dfcdb49 to remote] DEBUG org.asynchttpclient.netty.request.NettyRequestSender - Using pooled Channel '[id: 0xa1940ea4, L:/127.0.0.1:50192 - R:localhost/127.0.0.1:50132]' for 'POST' to 'http://localhost:50132/session/8f2789503986cc360110e6eb1dfcdb49/element/588e808d-253e-484a-b391-7babe54fc26f/value'
20:04:00.564 [Forwarding sendKeysToElement on session 8f2789503986cc360110e6eb1dfcdb49 to remote] DEBUG org.asynchttpclient.netty.request.NettyRequestSender - Using open Channel [id: 0xa1940ea4, L:/127.0.0.1:50192 - R:localhost/127.0.0.1:50132] for POST '/session/8f2789503986cc360110e6eb1dfcdb49/element/588e808d-253e-484a-b391-7babe54fc26f/value'
20:04:00.593 [AsyncHttpClient-1-9] DEBUG org.asynchttpclient.netty.handler.HttpHandler - 

Request DefaultHttpRequest(decodeResult: success, version: HTTP/1.1)
POST /session/8f2789503986cc360110e6eb1dfcdb49/element/588e808d-253e-484a-b391-7babe54fc26f/value HTTP/1.1
User-Agent: selenium/4.1.2 (java windows)
Content-Length: 82
Content-Type: application/json; charset=utf-8
host: localhost:50132
accept: */*

Response DefaultHttpResponse(decodeResult: success, version: HTTP/1.1)
HTTP/1.1 200 OK
Content-Type: application/json; charset=utf-8
cache-control: no-cache
content-length: 14

20:04:00.594 [AsyncHttpClient-1-9] DEBUG org.asynchttpclient.netty.channel.ChannelManager - Adding key: http://localhost:50132 for channel [id: 0xa1940ea4, L:/127.0.0.1:50192 - R:localhost/127.0.0.1:50132]
  &amp#27;[32mAnd &amp#27;[0m&amp#27;[32mI input &amp#27;[0m&amp#27;[32m&amp#27;[1m""&amp#27;[0m&amp#27;[32m email&amp#27;[0m                          &amp#27;[90m# starter.steps.LoginStep.iInputEmail(java.lang.String)&amp#27;[0m
20:04:00.598 [Forwarding screenshot on session 8f2789503986cc360110e6eb1dfcdb49 to remote] DEBUG org.asynchttpclient.netty.request.NettyRequestSender - Using pooled Channel '[id: 0xa1940ea4, L:/127.0.0.1:50192 - R:localhost/127.0.0.1:50132]' for 'GET' to 'http://localhost:50132/session/8f2789503986cc360110e6eb1dfcdb49/screenshot'
20:04:00.598 [Forwarding screenshot on session 8f2789503986cc360110e6eb1dfcdb49 to remote] DEBUG org.asynchttpclient.netty.request.NettyRequestSender - Using open Channel [id: 0xa1940ea4, L:/127.0.0.1:50192 - R:localhost/127.0.0.1:50132] for GET '/session/8f2789503986cc360110e6eb1dfcdb49/screenshot'
20:04:00.745 [AsyncHttpClient-1-9] DEBUG org.asynchttpclient.netty.handler.HttpHandler - 

Request DefaultFullHttpRequest(decodeResult: success, version: HTTP/1.1, content: EmptyByteBufBE)
GET /session/8f2789503986cc360110e6eb1dfcdb49/screenshot HTTP/1.1
User-Agent: selenium/4.1.2 (java windows)
Cache-Control: no-cache
Content-Type: application/json; charset=utf-8
host: localhost:50132
accept: */*

Response DefaultHttpResponse(decodeResult: success, version: HTTP/1.1)
HTTP/1.1 200 OK
Content-Type: application/json; charset=utf-8
cache-control: no-cache
content-length: 40012

20:04:00.745 [AsyncHttpClient-1-9] DEBUG org.asynchttpclient.netty.channel.ChannelManager - Adding key: http://localhost:50132 for channel [id: 0xa1940ea4, L:/127.0.0.1:50192 - R:localhost/127.0.0.1:50132]
20:04:00.747 [main] DEBUG net.serenitybdd.core.photography.Darkroom - Send negative for processing for target\site\serenity\4fbc75036431a8a078f17d23c2b5be84f04efcad81907613cdf270ea9c81ff14.png
20:04:00.748 [Darkroom Processing Line] DEBUG net.serenitybdd.core.photography.DarkroomProcessingLine - Processing screenshot image in /var/screenshots/screenshot-284130331285542985
20:04:00.748 [Darkroom Processing Line] DEBUG net.serenitybdd.core.photography.DarkroomProcessingLine - Saving screenshot to target\site\serenity\4fbc75036431a8a078f17d23c2b5be84f04efcad81907613cdf270ea9c81ff14.png
20:04:00.757 [Forwarding findElement on session 8f2789503986cc360110e6eb1dfcdb49 to remote] DEBUG org.asynchttpclient.netty.request.NettyRequestSender - Using pooled Channel '[id: 0xa1940ea4, L:/127.0.0.1:50192 - R:localhost/127.0.0.1:50132]' for 'POST' to 'http://localhost:50132/session/8f2789503986cc360110e6eb1dfcdb49/element'
20:04:00.757 [Forwarding findElement on session 8f2789503986cc360110e6eb1dfcdb49 to remote] DEBUG org.asynchttpclient.netty.request.NettyRequestSender - Using open Channel [id: 0xa1940ea4, L:/127.0.0.1:50192 - R:localhost/127.0.0.1:50132] for POST '/session/8f2789503986cc360110e6eb1dfcdb49/element'
20:04:00.771 [AsyncHttpClient-1-9] DEBUG org.asynchttpclient.netty.handler.HttpHandler - 

Request DefaultHttpRequest(decodeResult: success, version: HTTP/1.1)
POST /session/8f2789503986cc360110e6eb1dfcdb49/element HTTP/1.1
User-Agent: selenium/4.1.2 (java windows)
Content-Length: 89
Content-Type: application/json; charset=utf-8
host: localhost:50132
accept: */*

Response DefaultHttpResponse(decodeResult: success, version: HTTP/1.1)
HTTP/1.1 200 OK
Content-Type: application/json; charset=utf-8
cache-control: no-cache
content-length: 88

20:04:00.771 [AsyncHttpClient-1-9] DEBUG org.asynchttpclient.netty.channel.ChannelManager - Adding key: http://localhost:50132 for channel [id: 0xa1940ea4, L:/127.0.0.1:50192 - R:localhost/127.0.0.1:50132]
20:04:00.772 [Forwarding clearElement on session 8f2789503986cc360110e6eb1dfcdb49 to remote] DEBUG org.asynchttpclient.netty.request.NettyRequestSender - Using pooled Channel '[id: 0xa1940ea4, L:/127.0.0.1:50192 - R:localhost/127.0.0.1:50132]' for 'POST' to 'http://localhost:50132/session/8f2789503986cc360110e6eb1dfcdb49/element/2d0c26e2-f74e-4b27-8bd5-880c16fe30f1/clear'
20:04:00.772 [Forwarding clearElement on session 8f2789503986cc360110e6eb1dfcdb49 to remote] DEBUG org.asynchttpclient.netty.request.NettyRequestSender - Using open Channel [id: 0xa1940ea4, L:/127.0.0.1:50192 - R:localhost/127.0.0.1:50132] for POST '/session/8f2789503986cc360110e6eb1dfcdb49/element/2d0c26e2-f74e-4b27-8bd5-880c16fe30f1/clear'
20:04:00.802 [AsyncHttpClient-1-9] DEBUG org.asynchttpclient.netty.handler.HttpHandler - 

Request DefaultHttpRequest(decodeResult: success, version: HTTP/1.1)
POST /session/8f2789503986cc360110e6eb1dfcdb49/element/2d0c26e2-f74e-4b27-8bd5-880c16fe30f1/clear HTTP/1.1
User-Agent: selenium/4.1.2 (java windows)
Content-Length: 50
Content-Type: application/json; charset=utf-8
host: localhost:50132
accept: */*

Response DefaultHttpResponse(decodeResult: success, version: HTTP/1.1)
HTTP/1.1 200 OK
Content-Type: application/json; charset=utf-8
cache-control: no-cache
content-length: 14

20:04:00.802 [AsyncHttpClient-1-9] DEBUG org.asynchttpclient.netty.channel.ChannelManager - Adding key: http://localhost:50132 for channel [id: 0xa1940ea4, L:/127.0.0.1:50192 - R:localhost/127.0.0.1:50132]
20:04:00.804 [Forwarding sendKeysToElement on session 8f2789503986cc360110e6eb1dfcdb49 to remote] DEBUG org.asynchttpclient.netty.request.NettyRequestSender - Using pooled Channel '[id: 0xa1940ea4, L:/127.0.0.1:50192 - R:localhost/127.0.0.1:50132]' for 'POST' to 'http://localhost:50132/session/8f2789503986cc360110e6eb1dfcdb49/element/2d0c26e2-f74e-4b27-8bd5-880c16fe30f1/value'
20:04:00.804 [Forwarding sendKeysToElement on session 8f2789503986cc360110e6eb1dfcdb49 to remote] DEBUG org.asynchttpclient.netty.request.NettyRequestSender - Using open Channel [id: 0xa1940ea4, L:/127.0.0.1:50192 - R:localhost/127.0.0.1:50132] for POST '/session/8f2789503986cc360110e6eb1dfcdb49/element/2d0c26e2-f74e-4b27-8bd5-880c16fe30f1/value'
20:04:00.942 [AsyncHttpClient-1-9] DEBUG org.asynchttpclient.netty.handler.HttpHandler - 

Request DefaultHttpRequest(decodeResult: success, version: HTTP/1.1)
POST /session/8f2789503986cc360110e6eb1dfcdb49/element/2d0c26e2-f74e-4b27-8bd5-880c16fe30f1/value HTTP/1.1
User-Agent: selenium/4.1.2 (java windows)
Content-Length: 221
Content-Type: application/json; charset=utf-8
host: localhost:50132
accept: */*

Response DefaultHttpResponse(decodeResult: success, version: HTTP/1.1)
HTTP/1.1 200 OK
Content-Type: application/json; charset=utf-8
cache-control: no-cache
content-length: 14

20:04:00.942 [AsyncHttpClient-1-9] DEBUG org.asynchttpclient.netty.channel.ChannelManager - Adding key: http://localhost:50132 for channel [id: 0xa1940ea4, L:/127.0.0.1:50192 - R:localhost/127.0.0.1:50132]
  &amp#27;[32mAnd &amp#27;[0m&amp#27;[32mI input &amp#27;[0m&amp#27;[32m&amp#27;[1m"passwordmaylan"&amp#27;[0m&amp#27;[32m password&amp#27;[0m         &amp#27;[90m# starter.steps.LoginStep.iInputPassword(java.lang.String)&amp#27;[0m
20:04:00.949 [Forwarding screenshot on session 8f2789503986cc360110e6eb1dfcdb49 to remote] DEBUG org.asynchttpclient.netty.request.NettyRequestSender - Using pooled Channel '[id: 0xa1940ea4, L:/127.0.0.1:50192 - R:localhost/127.0.0.1:50132]' for 'GET' to 'http://localhost:50132/session/8f2789503986cc360110e6eb1dfcdb49/screenshot'
20:04:00.949 [Forwarding screenshot on session 8f2789503986cc360110e6eb1dfcdb49 to remote] DEBUG org.asynchttpclient.netty.request.NettyRequestSender - Using open Channel [id: 0xa1940ea4, L:/127.0.0.1:50192 - R:localhost/127.0.0.1:50132] for GET '/session/8f2789503986cc360110e6eb1dfcdb49/screenshot'
20:04:01.002 [AsyncHttpClient-1-1] DEBUG org.asynchttpclient.netty.channel.DefaultChannelPool - Entry count for : http://localhost:50193 : 1
20:04:01.109 [AsyncHttpClient-1-9] DEBUG org.asynchttpclient.netty.handler.HttpHandler - 

Request DefaultFullHttpRequest(decodeResult: success, version: HTTP/1.1, content: EmptyByteBufBE)
GET /session/8f2789503986cc360110e6eb1dfcdb49/screenshot HTTP/1.1
User-Agent: selenium/4.1.2 (java windows)
Cache-Control: no-cache
Content-Type: application/json; charset=utf-8
host: localhost:50132
accept: */*

Response DefaultHttpResponse(decodeResult: success, version: HTTP/1.1)
HTTP/1.1 200 OK
Content-Type: application/json; charset=utf-8
cache-control: no-cache
content-length: 45764

20:04:01.109 [AsyncHttpClient-1-9] DEBUG org.asynchttpclient.netty.channel.ChannelManager - Adding key: http://localhost:50132 for channel [id: 0xa1940ea4, L:/127.0.0.1:50192 - R:localhost/127.0.0.1:50132]
20:04:01.110 [main] DEBUG net.serenitybdd.core.photography.Darkroom - Send negative for processing for target\site\serenity\639c4a2f6d1db9bf0ecda4e200c6a3dc10cc9c4fbea2d2cb4606b88584c9b846.png
20:04:01.111 [Darkroom Processing Line] DEBUG net.serenitybdd.core.photography.DarkroomProcessingLine - Processing screenshot image in /var/screenshots/screenshot-8424477562004151659
20:04:01.111 [Darkroom Processing Line] DEBUG net.serenitybdd.core.photography.DarkroomProcessingLine - Saving screenshot to target\site\serenity\639c4a2f6d1db9bf0ecda4e200c6a3dc10cc9c4fbea2d2cb4606b88584c9b846.png
20:04:01.122 [Forwarding findElement on session 8f2789503986cc360110e6eb1dfcdb49 to remote] DEBUG org.asynchttpclient.netty.request.NettyRequestSender - Using pooled Channel '[id: 0xa1940ea4, L:/127.0.0.1:50192 - R:localhost/127.0.0.1:50132]' for 'POST' to 'http://localhost:50132/session/8f2789503986cc360110e6eb1dfcdb49/element'
20:04:01.122 [Forwarding findElement on session 8f2789503986cc360110e6eb1dfcdb49 to remote] DEBUG org.asynchttpclient.netty.request.NettyRequestSender - Using open Channel [id: 0xa1940ea4, L:/127.0.0.1:50192 - R:localhost/127.0.0.1:50132] for POST '/session/8f2789503986cc360110e6eb1dfcdb49/element'
20:04:01.148 [AsyncHttpClient-1-9] DEBUG org.asynchttpclient.netty.handler.HttpHandler - 

Request DefaultHttpRequest(decodeResult: success, version: HTTP/1.1)
POST /session/8f2789503986cc360110e6eb1dfcdb49/element HTTP/1.1
User-Agent: selenium/4.1.2 (java windows)
Content-Length: 141
Content-Type: application/json; charset=utf-8
host: localhost:50132
accept: */*

Response DefaultHttpResponse(decodeResult: success, version: HTTP/1.1)
HTTP/1.1 200 OK
Content-Type: application/json; charset=utf-8
cache-control: no-cache
content-length: 88

20:04:01.148 [AsyncHttpClient-1-9] DEBUG org.asynchttpclient.netty.channel.ChannelManager - Adding key: http://localhost:50132 for channel [id: 0xa1940ea4, L:/127.0.0.1:50192 - R:localhost/127.0.0.1:50132]
20:04:01.149 [Forwarding getElementTagName on session 8f2789503986cc360110e6eb1dfcdb49 to remote] DEBUG org.asynchttpclient.netty.request.NettyRequestSender - Using pooled Channel '[id: 0xa1940ea4, L:/127.0.0.1:50192 - R:localhost/127.0.0.1:50132]' for 'GET' to 'http://localhost:50132/session/8f2789503986cc360110e6eb1dfcdb49/element/f25cbe7b-347f-46ca-8d93-7822ccb3ba5e/name'
20:04:01.149 [Forwarding getElementTagName on session 8f2789503986cc360110e6eb1dfcdb49 to remote] DEBUG org.asynchttpclient.netty.request.NettyRequestSender - Using open Channel [id: 0xa1940ea4, L:/127.0.0.1:50192 - R:localhost/127.0.0.1:50132] for GET '/session/8f2789503986cc360110e6eb1dfcdb49/element/f25cbe7b-347f-46ca-8d93-7822ccb3ba5e/name'
20:04:01.155 [AsyncHttpClient-1-9] DEBUG org.asynchttpclient.netty.handler.HttpHandler - 

Request DefaultFullHttpRequest(decodeResult: success, version: HTTP/1.1, content: EmptyByteBufBE)
GET /session/8f2789503986cc360110e6eb1dfcdb49/element/f25cbe7b-347f-46ca-8d93-7822ccb3ba5e/name HTTP/1.1
User-Agent: selenium/4.1.2 (java windows)
Cache-Control: no-cache
Content-Type: application/json; charset=utf-8
host: localhost:50132
accept: */*

Response DefaultHttpResponse(decodeResult: success, version: HTTP/1.1)
HTTP/1.1 200 OK
Content-Type: application/json; charset=utf-8
cache-control: no-cache
content-length: 18

20:04:01.155 [AsyncHttpClient-1-9] DEBUG org.asynchttpclient.netty.channel.ChannelManager - Adding key: http://localhost:50132 for channel [id: 0xa1940ea4, L:/127.0.0.1:50192 - R:localhost/127.0.0.1:50132]
20:04:01.156 [Forwarding getElementTagName on session 8f2789503986cc360110e6eb1dfcdb49 to remote] DEBUG org.asynchttpclient.netty.request.NettyRequestSender - Using pooled Channel '[id: 0xa1940ea4, L:/127.0.0.1:50192 - R:localhost/127.0.0.1:50132]' for 'GET' to 'http://localhost:50132/session/8f2789503986cc360110e6eb1dfcdb49/element/f25cbe7b-347f-46ca-8d93-7822ccb3ba5e/name'
20:04:01.156 [Forwarding getElementTagName on session 8f2789503986cc360110e6eb1dfcdb49 to remote] DEBUG org.asynchttpclient.netty.request.NettyRequestSender - Using open Channel [id: 0xa1940ea4, L:/127.0.0.1:50192 - R:localhost/127.0.0.1:50132] for GET '/session/8f2789503986cc360110e6eb1dfcdb49/element/f25cbe7b-347f-46ca-8d93-7822ccb3ba5e/name'
20:04:01.158 [AsyncHttpClient-1-9] DEBUG org.asynchttpclient.netty.handler.HttpHandler - 

Request DefaultFullHttpRequest(decodeResult: success, version: HTTP/1.1, content: EmptyByteBufBE)
GET /session/8f2789503986cc360110e6eb1dfcdb49/element/f25cbe7b-347f-46ca-8d93-7822ccb3ba5e/name HTTP/1.1
User-Agent: selenium/4.1.2 (java windows)
Cache-Control: no-cache
Content-Type: application/json; charset=utf-8
host: localhost:50132
accept: */*

Response DefaultHttpResponse(decodeResult: success, version: HTTP/1.1)
HTTP/1.1 200 OK
Content-Type: application/json; charset=utf-8
cache-control: no-cache
content-length: 18

20:04:01.159 [AsyncHttpClient-1-9] DEBUG org.asynchttpclient.netty.channel.ChannelManager - Adding key: http://localhost:50132 for channel [id: 0xa1940ea4, L:/127.0.0.1:50192 - R:localhost/127.0.0.1:50132]
20:04:01.160 [Forwarding isElementEnabled on session 8f2789503986cc360110e6eb1dfcdb49 to remote] DEBUG org.asynchttpclient.netty.request.NettyRequestSender - Using pooled Channel '[id: 0xa1940ea4, L:/127.0.0.1:50192 - R:localhost/127.0.0.1:50132]' for 'GET' to 'http://localhost:50132/session/8f2789503986cc360110e6eb1dfcdb49/element/f25cbe7b-347f-46ca-8d93-7822ccb3ba5e/enabled'
20:04:01.160 [Forwarding isElementEnabled on session 8f2789503986cc360110e6eb1dfcdb49 to remote] DEBUG org.asynchttpclient.netty.request.NettyRequestSender - Using open Channel [id: 0xa1940ea4, L:/127.0.0.1:50192 - R:localhost/127.0.0.1:50132] for GET '/session/8f2789503986cc360110e6eb1dfcdb49/element/f25cbe7b-347f-46ca-8d93-7822ccb3ba5e/enabled'
20:04:01.176 [AsyncHttpClient-1-9] DEBUG org.asynchttpclient.netty.handler.HttpHandler - 

Request DefaultFullHttpRequest(decodeResult: success, version: HTTP/1.1, content: EmptyByteBufBE)
GET /session/8f2789503986cc360110e6eb1dfcdb49/element/f25cbe7b-347f-46ca-8d93-7822ccb3ba5e/enabled HTTP/1.1
User-Agent: selenium/4.1.2 (java windows)
Cache-Control: no-cache
Content-Type: application/json; charset=utf-8
host: localhost:50132
accept: */*

Response DefaultHttpResponse(decodeResult: success, version: HTTP/1.1)
HTTP/1.1 200 OK
Content-Type: application/json; charset=utf-8
cache-control: no-cache
content-length: 14

20:04:01.176 [AsyncHttpClient-1-9] DEBUG org.asynchttpclient.netty.channel.ChannelManager - Adding key: http://localhost:50132 for channel [id: 0xa1940ea4, L:/127.0.0.1:50192 - R:localhost/127.0.0.1:50132]
20:04:01.177 [Forwarding isElementEnabled on session 8f2789503986cc360110e6eb1dfcdb49 to remote] DEBUG org.asynchttpclient.netty.request.NettyRequestSender - Using pooled Channel '[id: 0xa1940ea4, L:/127.0.0.1:50192 - R:localhost/127.0.0.1:50132]' for 'GET' to 'http://localhost:50132/session/8f2789503986cc360110e6eb1dfcdb49/element/f25cbe7b-347f-46ca-8d93-7822ccb3ba5e/enabled'
20:04:01.177 [Forwarding isElementEnabled on session 8f2789503986cc360110e6eb1dfcdb49 to remote] DEBUG org.asynchttpclient.netty.request.NettyRequestSender - Using open Channel [id: 0xa1940ea4, L:/127.0.0.1:50192 - R:localhost/127.0.0.1:50132] for GET '/session/8f2789503986cc360110e6eb1dfcdb49/element/f25cbe7b-347f-46ca-8d93-7822ccb3ba5e/enabled'
20:04:01.182 [AsyncHttpClient-1-9] DEBUG org.asynchttpclient.netty.handler.HttpHandler - 

Request DefaultFullHttpRequest(decodeResult: success, version: HTTP/1.1, content: EmptyByteBufBE)
GET /session/8f2789503986cc360110e6eb1dfcdb49/element/f25cbe7b-347f-46ca-8d93-7822ccb3ba5e/enabled HTTP/1.1
User-Agent: selenium/4.1.2 (java windows)
Cache-Control: no-cache
Content-Type: application/json; charset=utf-8
host: localhost:50132
accept: */*

Response DefaultHttpResponse(decodeResult: success, version: HTTP/1.1)
HTTP/1.1 200 OK
Content-Type: application/json; charset=utf-8
cache-control: no-cache
content-length: 14

20:04:01.182 [AsyncHttpClient-1-9] DEBUG org.asynchttpclient.netty.channel.ChannelManager - Adding key: http://localhost:50132 for channel [id: 0xa1940ea4, L:/127.0.0.1:50192 - R:localhost/127.0.0.1:50132]
20:04:01.183 [Forwarding findElement on session 8f2789503986cc360110e6eb1dfcdb49 to remote] DEBUG org.asynchttpclient.netty.request.NettyRequestSender - Using pooled Channel '[id: 0xa1940ea4, L:/127.0.0.1:50192 - R:localhost/127.0.0.1:50132]' for 'POST' to 'http://localhost:50132/session/8f2789503986cc360110e6eb1dfcdb49/element'
20:04:01.183 [Forwarding findElement on session 8f2789503986cc360110e6eb1dfcdb49 to remote] DEBUG org.asynchttpclient.netty.request.NettyRequestSender - Using open Channel [id: 0xa1940ea4, L:/127.0.0.1:50192 - R:localhost/127.0.0.1:50132] for POST '/session/8f2789503986cc360110e6eb1dfcdb49/element'
20:04:01.190 [AsyncHttpClient-1-9] DEBUG org.asynchttpclient.netty.handler.HttpHandler - 

Request DefaultHttpRequest(decodeResult: success, version: HTTP/1.1)
POST /session/8f2789503986cc360110e6eb1dfcdb49/element HTTP/1.1
User-Agent: selenium/4.1.2 (java windows)
Content-Length: 141
Content-Type: application/json; charset=utf-8
host: localhost:50132
accept: */*

Response DefaultHttpResponse(decodeResult: success, version: HTTP/1.1)
HTTP/1.1 200 OK
Content-Type: application/json; charset=utf-8
cache-control: no-cache
content-length: 88

20:04:01.190 [AsyncHttpClient-1-9] DEBUG org.asynchttpclient.netty.channel.ChannelManager - Adding key: http://localhost:50132 for channel [id: 0xa1940ea4, L:/127.0.0.1:50192 - R:localhost/127.0.0.1:50132]
20:04:01.191 [Forwarding clickElement on session 8f2789503986cc360110e6eb1dfcdb49 to remote] DEBUG org.asynchttpclient.netty.request.NettyRequestSender - Using pooled Channel '[id: 0xa1940ea4, L:/127.0.0.1:50192 - R:localhost/127.0.0.1:50132]' for 'POST' to 'http://localhost:50132/session/8f2789503986cc360110e6eb1dfcdb49/element/f25cbe7b-347f-46ca-8d93-7822ccb3ba5e/click'
20:04:01.191 [Forwarding clickElement on session 8f2789503986cc360110e6eb1dfcdb49 to remote] DEBUG org.asynchttpclient.netty.request.NettyRequestSender - Using open Channel [id: 0xa1940ea4, L:/127.0.0.1:50192 - R:localhost/127.0.0.1:50132] for POST '/session/8f2789503986cc360110e6eb1dfcdb49/element/f25cbe7b-347f-46ca-8d93-7822ccb3ba5e/click'
20:04:01.224 [AsyncHttpClient-1-9] DEBUG org.asynchttpclient.netty.handler.HttpHandler - 

Request DefaultHttpRequest(decodeResult: success, version: HTTP/1.1)
POST /session/8f2789503986cc360110e6eb1dfcdb49/element/f25cbe7b-347f-46ca-8d93-7822ccb3ba5e/click HTTP/1.1
User-Agent: selenium/4.1.2 (java windows)
Content-Length: 50
Content-Type: application/json; charset=utf-8
host: localhost:50132
accept: */*

Response DefaultHttpResponse(decodeResult: success, version: HTTP/1.1)
HTTP/1.1 200 OK
Content-Type: application/json; charset=utf-8
cache-control: no-cache
content-length: 14

20:04:01.224 [AsyncHttpClient-1-9] DEBUG org.asynchttpclient.netty.channel.ChannelManager - Adding key: http://localhost:50132 for channel [id: 0xa1940ea4, L:/127.0.0.1:50192 - R:localhost/127.0.0.1:50132]
  &amp#27;[32mAnd &amp#27;[0m&amp#27;[32mI click login button&amp#27;[0m                      &amp#27;[90m# starter.steps.LoginStep.iClickLoginButton()&amp#27;[0m
20:04:01.227 [Forwarding screenshot on session 8f2789503986cc360110e6eb1dfcdb49 to remote] DEBUG org.asynchttpclient.netty.request.NettyRequestSender - Using pooled Channel '[id: 0xa1940ea4, L:/127.0.0.1:50192 - R:localhost/127.0.0.1:50132]' for 'GET' to 'http://localhost:50132/session/8f2789503986cc360110e6eb1dfcdb49/screenshot'
20:04:01.227 [Forwarding screenshot on session 8f2789503986cc360110e6eb1dfcdb49 to remote] DEBUG org.asynchttpclient.netty.request.NettyRequestSender - Using open Channel [id: 0xa1940ea4, L:/127.0.0.1:50192 - R:localhost/127.0.0.1:50132] for GET '/session/8f2789503986cc360110e6eb1dfcdb49/screenshot'
20:04:01.414 [AsyncHttpClient-1-9] DEBUG org.asynchttpclient.netty.handler.HttpHandler - 

Request DefaultFullHttpRequest(decodeResult: success, version: HTTP/1.1, content: EmptyByteBufBE)
GET /session/8f2789503986cc360110e6eb1dfcdb49/screenshot HTTP/1.1
User-Agent: selenium/4.1.2 (java windows)
Cache-Control: no-cache
Content-Type: application/json; charset=utf-8
host: localhost:50132
accept: */*

Response DefaultHttpResponse(decodeResult: success, version: HTTP/1.1)
HTTP/1.1 200 OK
Content-Type: application/json; charset=utf-8
cache-control: no-cache
content-length: 44720

20:04:01.414 [AsyncHttpClient-1-9] DEBUG org.asynchttpclient.netty.channel.ChannelManager - Adding key: http://localhost:50132 for channel [id: 0xa1940ea4, L:/127.0.0.1:50192 - R:localhost/127.0.0.1:50132]
20:04:01.415 [main] DEBUG net.serenitybdd.core.photography.Darkroom - Send negative for processing for target\site\serenity\cca22b473e3a76211018cd2fb760e4103e9c241a4b6bf2f991420b4a84fdcc53.png
20:04:01.415 [Darkroom Processing Line] DEBUG net.serenitybdd.core.photography.DarkroomProcessingLine - Processing screenshot image in /var/screenshots/screenshot-10848066821242381073
20:04:01.415 [Darkroom Processing Line] DEBUG net.serenitybdd.core.photography.DarkroomProcessingLine - Saving screenshot to target\site\serenity\cca22b473e3a76211018cd2fb760e4103e9c241a4b6bf2f991420b4a84fdcc53.png
20:04:01.425 [Forwarding findElement on session 8f2789503986cc360110e6eb1dfcdb49 to remote] DEBUG org.asynchttpclient.netty.request.NettyRequestSender - Using pooled Channel '[id: 0xa1940ea4, L:/127.0.0.1:50192 - R:localhost/127.0.0.1:50132]' for 'POST' to 'http://localhost:50132/session/8f2789503986cc360110e6eb1dfcdb49/element'
20:04:01.425 [Forwarding findElement on session 8f2789503986cc360110e6eb1dfcdb49 to remote] DEBUG org.asynchttpclient.netty.request.NettyRequestSender - Using open Channel [id: 0xa1940ea4, L:/127.0.0.1:50192 - R:localhost/127.0.0.1:50132] for POST '/session/8f2789503986cc360110e6eb1dfcdb49/element'
20:04:02.106 [AsyncHttpClient-1-1] DEBUG org.asynchttpclient.netty.channel.DefaultChannelPool - Entry count for : http://localhost:50193 : 1
20:04:02.374 [AsyncHttpClient-1-9] DEBUG org.asynchttpclient.netty.handler.HttpHandler - 

Request DefaultHttpRequest(decodeResult: success, version: HTTP/1.1)
POST /session/8f2789503986cc360110e6eb1dfcdb49/element HTTP/1.1
User-Agent: selenium/4.1.2 (java windows)
Content-Length: 79
Content-Type: application/json; charset=utf-8
host: localhost:50132
accept: */*

Response DefaultHttpResponse(decodeResult: success, version: HTTP/1.1)
HTTP/1.1 200 OK
Content-Type: application/json; charset=utf-8
cache-control: no-cache
content-length: 88

20:04:02.374 [AsyncHttpClient-1-9] DEBUG org.asynchttpclient.netty.channel.ChannelManager - Adding key: http://localhost:50132 for channel [id: 0xa1940ea4, L:/127.0.0.1:50192 - R:localhost/127.0.0.1:50132]
20:04:02.378 [Forwarding isElementDisplayed on session 8f2789503986cc360110e6eb1dfcdb49 to remote] DEBUG org.asynchttpclient.netty.request.NettyRequestSender - Using pooled Channel '[id: 0xa1940ea4, L:/127.0.0.1:50192 - R:localhost/127.0.0.1:50132]' for 'POST' to 'http://localhost:50132/session/8f2789503986cc360110e6eb1dfcdb49/execute/sync'
20:04:02.378 [Forwarding isElementDisplayed on session 8f2789503986cc360110e6eb1dfcdb49 to remote] DEBUG org.asynchttpclient.netty.request.NettyRequestSender - Using open Channel [id: 0xa1940ea4, L:/127.0.0.1:50192 - R:localhost/127.0.0.1:50132] for POST '/session/8f2789503986cc360110e6eb1dfcdb49/execute/sync'
20:04:02.389 [AsyncHttpClient-1-9] DEBUG org.asynchttpclient.netty.handler.HttpHandler - 

Request DefaultHttpRequest(decodeResult: success, version: HTTP/1.1)
POST /session/8f2789503986cc360110e6eb1dfcdb49/execute/sync HTTP/1.1
User-Agent: selenium/4.1.2 (java windows)
Content-Length: 48780
Content-Type: application/json; charset=utf-8
host: localhost:50132
accept: */*

Response DefaultHttpResponse(decodeResult: success, version: HTTP/1.1)
HTTP/1.1 200 OK
Content-Type: application/json; charset=utf-8
cache-control: no-cache
content-length: 14

20:04:02.389 [AsyncHttpClient-1-9] DEBUG org.asynchttpclient.netty.channel.ChannelManager - Adding key: http://localhost:50132 for channel [id: 0xa1940ea4, L:/127.0.0.1:50192 - R:localhost/127.0.0.1:50132]
  &amp#27;[32mThen &amp#27;[0m&amp#27;[32mi get &amp#27;[0m&amp#27;[32m&amp#27;[1m"error message"&amp#27;[0m&amp#27;[32m result&amp#27;[0m             &amp#27;[90m# starter.steps.LoginStep.iGetResult(java.lang.String)&amp#27;[0m
20:04:02.392 [Forwarding screenshot on session 8f2789503986cc360110e6eb1dfcdb49 to remote] DEBUG org.asynchttpclient.netty.request.NettyRequestSender - Using pooled Channel '[id: 0xa1940ea4, L:/127.0.0.1:50192 - R:localhost/127.0.0.1:50132]' for 'GET' to 'http://localhost:50132/session/8f2789503986cc360110e6eb1dfcdb49/screenshot'
20:04:02.392 [Forwarding screenshot on session 8f2789503986cc360110e6eb1dfcdb49 to remote] DEBUG org.asynchttpclient.netty.request.NettyRequestSender - Using open Channel [id: 0xa1940ea4, L:/127.0.0.1:50192 - R:localhost/127.0.0.1:50132] for GET '/session/8f2789503986cc360110e6eb1dfcdb49/screenshot'
20:04:02.561 [AsyncHttpClient-1-9] DEBUG org.asynchttpclient.netty.handler.HttpHandler - 

Request DefaultFullHttpRequest(decodeResult: success, version: HTTP/1.1, content: EmptyByteBufBE)
GET /session/8f2789503986cc360110e6eb1dfcdb49/screenshot HTTP/1.1
User-Agent: selenium/4.1.2 (java windows)
Cache-Control: no-cache
Content-Type: application/json; charset=utf-8
host: localhost:50132
accept: */*

Response DefaultHttpResponse(decodeResult: success, version: HTTP/1.1)
HTTP/1.1 200 OK
Content-Type: application/json; charset=utf-8
cache-control: no-cache
content-length: 48900

20:04:02.561 [AsyncHttpClient-1-9] DEBUG org.asynchttpclient.netty.channel.ChannelManager - Adding key: http://localhost:50132 for channel [id: 0xa1940ea4, L:/127.0.0.1:50192 - R:localhost/127.0.0.1:50132]
20:04:02.562 [main] DEBUG net.serenitybdd.core.photography.Darkroom - Send negative for processing for target\site\serenity\a02319f8e36e51cfd2d6d62937d8ef09f13702331abfd28bfda80e03ea520e1d.png
20:04:02.562 [Darkroom Processing Line] DEBUG net.serenitybdd.core.photography.DarkroomProcessingLine - Processing screenshot image in /var/screenshots/screenshot-17050670715651776113
20:04:02.562 [Darkroom Processing Line] DEBUG net.serenitybdd.core.photography.DarkroomProcessingLine - Saving screenshot to target\site\serenity\a02319f8e36e51cfd2d6d62937d8ef09f13702331abfd28bfda80e03ea520e1d.png
20:04:02.565 [AsyncHttpClient-1-3] DEBUG org.asynchttpclient.netty.handler.WebSocketHandler - Channel Closed: [id: 0x0ccdc9cf, L:/127.0.0.1:50200 ! R:localhost/127.0.0.1:50193] with attribute NettyResponseFuture{currentRetry=5,
	isDone=1,
	isCancelled=0,
	asyncHandler=org.asynchttpclient.ws.WebSocketUpgradeHandler@37a025ec,
	nettyRequest=org.asynchttpclient.netty.request.NettyRequest@407ba14b,
	future=java.util.concurrent.CompletableFuture@6a4d511d[Completed normally],
	uri=ws://localhost:50193/devtools/browser/eb84aea0-b616-4c28-8229-ed5138e499b6,
	keepAlive=true,
	redirectCount=0,
	timeoutsHolder=null,
	inAuth=0,
	touch=1667221390875}
20:04:02.566 [AsyncHttpClient-1-3] DEBUG org.asynchttpclient.netty.channel.ChannelManager - Closing Channel [id: 0x0ccdc9cf, L:/127.0.0.1:50200 ! R:localhost/127.0.0.1:50193] 
20:04:02.566 [Driver Command Executor] DEBUG org.asynchttpclient.netty.request.NettyRequestSender - Using pooled Channel '[id: 0xa1940ea4, L:/127.0.0.1:50192 - R:localhost/127.0.0.1:50132]' for 'DELETE' to 'http://localhost:50132/session/8f2789503986cc360110e6eb1dfcdb49'
20:04:02.566 [Driver Command Executor] DEBUG org.asynchttpclient.netty.request.NettyRequestSender - Using open Channel [id: 0xa1940ea4, L:/127.0.0.1:50192 - R:localhost/127.0.0.1:50132] for DELETE '/session/8f2789503986cc360110e6eb1dfcdb49'
20:04:02.609 [AsyncHttpClient-1-2] DEBUG org.asynchttpclient.netty.handler.HttpHandler - Unexpected I/O exception on channel [id: 0x919c7b88, L:/127.0.0.1:50199 - R:localhost/127.0.0.1:50193]
java.io.IOException: An existing connection was forcibly closed by the remote host
	at java.base/sun.nio.ch.SocketDispatcher.read0(Native Method)
	at java.base/sun.nio.ch.SocketDispatcher.read(SocketDispatcher.java:43)
	at java.base/sun.nio.ch.IOUtil.readIntoNativeBuffer(IOUtil.java:276)
	at java.base/sun.nio.ch.IOUtil.read(IOUtil.java:233)
	at java.base/sun.nio.ch.IOUtil.read(IOUtil.java:223)
	at java.base/sun.nio.ch.SocketChannelImpl.read(SocketChannelImpl.java:358)
	at io.netty.buffer.PooledByteBuf.setBytes(PooledByteBuf.java:258)
	at io.netty.buffer.AbstractByteBuf.writeBytes(AbstractByteBuf.java:1132)
	at io.netty.channel.socket.nio.NioSocketChannel.doReadBytes(NioSocketChannel.java:350)
	at io.netty.channel.nio.AbstractNioByteChannel$NioByteUnsafe.read(AbstractNioByteChannel.java:151)
	at io.netty.channel.nio.NioEventLoop.processSelectedKey(NioEventLoop.java:722)
	at io.netty.channel.nio.NioEventLoop.processSelectedKeysOptimized(NioEventLoop.java:658)
	at io.netty.channel.nio.NioEventLoop.processSelectedKeys(NioEventLoop.java:584)
	at io.netty.channel.nio.NioEventLoop.run(NioEventLoop.java:496)
	at io.netty.util.concurrent.SingleThreadEventExecutor$4.run(SingleThreadEventExecutor.java:986)
	at io.netty.util.internal.ThreadExecutorMap$2.run(ThreadExecutorMap.java:74)
	at io.netty.util.concurrent.FastThreadLocalRunnable.run(FastThreadLocalRunnable.java:30)
	at java.base/java.lang.Thread.run(Thread.java:834)
20:04:02.609 [AsyncHttpClient-1-2] DEBUG org.asynchttpclient.netty.channel.ChannelManager - Closing Channel [id: 0x919c7b88, L:/127.0.0.1:50199 - R:localhost/127.0.0.1:50193] 
20:04:02.609 [AsyncHttpClient-1-2] DEBUG org.asynchttpclient.netty.handler.HttpHandler - Channel Closed: [id: 0x919c7b88, L:/127.0.0.1:50199 ! R:localhost/127.0.0.1:50193] with attribute DISCARD
20:04:02.628 [AsyncHttpClient-1-9] DEBUG org.asynchttpclient.netty.handler.HttpHandler - 

Request DefaultFullHttpRequest(decodeResult: success, version: HTTP/1.1, content: EmptyByteBufBE)
DELETE /session/8f2789503986cc360110e6eb1dfcdb49 HTTP/1.1
User-Agent: selenium/4.1.2 (java windows)
Content-Type: application/json; charset=utf-8
host: localhost:50132
accept: */*

Response DefaultHttpResponse(decodeResult: success, version: HTTP/1.1)
HTTP/1.1 200 OK
Content-Type: application/json; charset=utf-8
cache-control: no-cache
content-length: 14

20:04:02.628 [AsyncHttpClient-1-9] DEBUG org.asynchttpclient.netty.channel.ChannelManager - Adding key: http://localhost:50132 for channel [id: 0xa1940ea4, L:/127.0.0.1:50192 - R:localhost/127.0.0.1:50132]
20:04:02.664 [AsyncHttpClient-1-9] DEBUG org.asynchttpclient.netty.handler.HttpHandler - Channel Closed: [id: 0xa1940ea4, L:/127.0.0.1:50192 ! R:localhost/127.0.0.1:50132] with attribute DISCARD
]]></system-out>
    <system-err><![CDATA[Starting ChromeDriver 106.0.5249.61 (511755355844955cd3e264779baf0dd38212a4d0-refs/branch-heads/5249@{#569}) on port 50132
Only local connections are allowed.
Please see https://chromedriver.chromium.org/security-considerations for suggestions on keeping ChromeDriver safe.
ChromeDriver was started successfully.
Oct 31, 2022 8:03:10 PM org.openqa.selenium.remote.ProtocolHandshake createSession
INFO: Detected dialect: W3C
Oct 31, 2022 8:03:10 PM org.openqa.selenium.devtools.CdpVersionFinder findNearestMatch
WARNING: Unable to find an exact match for CDP version 106, so returning the closest version found: a no-op implementation
Oct 31, 2022 8:03:10 PM org.openqa.selenium.devtools.CdpVersionFinder findNearestMatch
INFO: Unable to find CDP implementation matching 106.
Oct 31, 2022 8:03:10 PM org.openqa.selenium.chromium.ChromiumDriver lambda$new$3
WARNING: Unable to find version of CDP to use for . You may need to include a dependency on a specific version of the CDP using something similar to `org.seleniumhq.selenium:selenium-devtools-v86:4.1.2` where the version ("v86") matches the version of the chromium-based browser you're using and the version number of the artifact is the same as Selenium's.
]]></system-err>
  </testcase>
  <testcase name="login with email and password #8" classname="Login" time="56.491">
    <system-out><![CDATA[
@Login
Scenario Outline: login with email and password &amp#27;[90m# src/test/resources/features/login/login.feature:23&amp#27;[0m
20:04:02.694 [main] INFO io.cucumber.core.plugin.SerenityReporter - Running feature from file:///D:/TIC/Kampus%20Merdeka/MSIB/Studi%20Independen/Alterra/MiniProject/MiniProjWeb/src/test/resources/features/login/login.feature
20:04:02.705 [main] INFO net.serenitybdd.core.webdriver.driverproviders.ChromeDriverProvider - Using automatically driver download
20:04:02.813 [main] DEBUG io.github.bonigarcia.wdm.cache.ResolutionCache - Resolution chrome=106 in cache (valid until 20:51:33 31/10/2022 ICT)
20:04:02.816 [main] DEBUG io.github.bonigarcia.wdm.cache.ResolutionCache - Resolution chrome106=106.0.5249.61 in cache (valid until 17:34:34 01/11/2022 ICT)
20:04:02.818 [main] INFO io.github.bonigarcia.wdm.WebDriverManager - Using chromedriver 106.0.5249.61 (resolved driver for Chrome 106)
20:04:02.823 [main] DEBUG io.github.bonigarcia.wdm.WebDriverManager - Driver chromedriver 106.0.5249.61 found in cache
20:04:02.823 [main] INFO io.github.bonigarcia.wdm.WebDriverManager - Exporting webdriver.chrome.driver as C:\Users\user\.cache\selenium\chromedriver\win32\106.0.5249.61\chromedriver.exe
20:04:02.896 [main] DEBUG net.serenitybdd.core.webdriver.driverproviders.ProvideNewDriver - Instantiating driver
20:04:02.896 [main] DEBUG net.serenitybdd.core.webdriver.driverproviders.ProvideNewDriver - Driver capabilities: Capabilities {acceptInsecureCerts: false, base.url: https://alta-shop.vercel.app, browserName: chrome, chrome.driver: src/test/resources/webdrive..., driver: chrome, goog:chromeOptions: {args: [], extensions: []}, wait.for.timeout: 500}
20:04:02.956 [AsyncHttpClient-1-4] DEBUG org.asynchttpclient.netty.channel.NettyConnectListener - Using new Channel '[id: 0xbbc5b9ab, L:/127.0.0.1:50279 - R:localhost/127.0.0.1:64971]' for 'POST' to '/session'
20:04:03.199 [AsyncHttpClient-1-1] DEBUG org.asynchttpclient.netty.channel.DefaultChannelPool - Entry count for : http://localhost:50193 : 1
20:04:03.199 [AsyncHttpClient-1-1] DEBUG org.asynchttpclient.netty.channel.DefaultChannelPool - Entry count for : http://localhost:50132 : 1
20:04:03.199 [AsyncHttpClient-1-1] DEBUG org.asynchttpclient.netty.channel.DefaultChannelPool - Adding Candidate expired Channel [id: 0x919c7b88, L:/127.0.0.1:50199 ! R:localhost/127.0.0.1:50193] isIdleTimeoutExpired=false isRemotelyClosed=true isTtlExpired=false
20:04:03.199 [AsyncHttpClient-1-1] DEBUG org.asynchttpclient.netty.channel.DefaultChannelPool - Closing Idle Channel [id: 0x919c7b88, L:/127.0.0.1:50199 ! R:localhost/127.0.0.1:50193]
20:04:03.199 [AsyncHttpClient-1-1] DEBUG org.asynchttpclient.netty.channel.DefaultChannelPool - Adding Candidate expired Channel [id: 0xa1940ea4, L:/127.0.0.1:50192 ! R:localhost/127.0.0.1:50132] isIdleTimeoutExpired=false isRemotelyClosed=true isTtlExpired=false
20:04:03.199 [AsyncHttpClient-1-1] DEBUG org.asynchttpclient.netty.channel.DefaultChannelPool - Closing Idle Channel [id: 0xa1940ea4, L:/127.0.0.1:50192 ! R:localhost/127.0.0.1:50132]
20:04:03.199 [AsyncHttpClient-1-1] DEBUG org.asynchttpclient.netty.channel.DefaultChannelPool - Closed 2 connections out of 2 in 0 ms
20:04:03.591 [AsyncHttpClient-1-4] DEBUG org.asynchttpclient.netty.handler.HttpHandler - 

Request DefaultHttpRequest(decodeResult: success, version: HTTP/1.1)
POST /session HTTP/1.1
User-Agent: selenium/4.1.2 (java windows)
Content-Length: 638
Content-Type: application/json; charset=utf-8
host: localhost:64971
accept: */*

Response DefaultHttpResponse(decodeResult: success, version: HTTP/1.1)
HTTP/1.1 200 OK
Content-Type: application/json; charset=utf-8
cache-control: no-cache
content-length: 790

20:04:03.591 [AsyncHttpClient-1-4] DEBUG org.asynchttpclient.netty.channel.ChannelManager - Adding key: http://localhost:64971 for channel [id: 0xbbc5b9ab, L:/127.0.0.1:50279 - R:localhost/127.0.0.1:64971]
20:04:03.614 [AsyncHttpClient-1-5] DEBUG org.asynchttpclient.netty.channel.NettyConnectListener - Using new Channel '[id: 0x7cfb69d5, L:/127.0.0.1:50286 - R:localhost/127.0.0.1:50280]' for 'GET' to '/json/version'
20:04:03.615 [AsyncHttpClient-1-5] DEBUG org.asynchttpclient.netty.handler.HttpHandler - 

Request DefaultFullHttpRequest(decodeResult: success, version: HTTP/1.1, content: EmptyByteBufBE)
GET /json/version HTTP/1.1
User-Agent: selenium/4.1.2 (java windows)
host: localhost:50280
accept: */*

Response DefaultHttpResponse(decodeResult: success, version: HTTP/1.1)
HTTP/1.1 200 OK
Content-Type: application/json; charset=UTF-8
content-length: 424

20:04:03.615 [AsyncHttpClient-1-5] DEBUG org.asynchttpclient.netty.channel.ChannelManager - Adding key: http://localhost:50280 for channel [id: 0x7cfb69d5, L:/127.0.0.1:50286 - R:localhost/127.0.0.1:50280]
20:04:03.616 [AsyncHttpClient-1-6] DEBUG org.asynchttpclient.netty.channel.NettyConnectListener - Using new Channel '[id: 0x17c33ec9, L:/127.0.0.1:50287 - R:localhost/127.0.0.1:50280]' for 'GET' to '/devtools/browser/e11a4d2c-c1ed-4e99-9418-467e3525606e'
20:04:03.616 [AsyncHttpClient-1-6] DEBUG org.asynchttpclient.netty.handler.WebSocketHandler - 

Request DefaultFullHttpRequest(decodeResult: success, version: HTTP/1.1, content: EmptyByteBufBE)
GET /devtools/browser/e11a4d2c-c1ed-4e99-9418-467e3525606e HTTP/1.1
upgrade: websocket
connection: upgrade
sec-websocket-key: 50IcA6+q/rQOFozfN17f+g==
sec-websocket-version: 13
origin: http://localhost:50280
host: localhost:50280
accept: */*
user-agent: AHC/2.1

Response DefaultHttpResponse(decodeResult: success, version: HTTP/1.1)
HTTP/1.1 101 WebSocket Protocol Handshake
Upgrade: WebSocket
Connection: Upgrade
Sec-WebSocket-Accept: WzdjH1FW8DGKGrQHLh9OrznQLag=

20:04:03.618 [Forwarding get on session 796d6d513dc1d99d17dfe58415359cc9 to remote] DEBUG org.asynchttpclient.netty.request.NettyRequestSender - Using pooled Channel '[id: 0xbbc5b9ab, L:/127.0.0.1:50279 - R:localhost/127.0.0.1:64971]' for 'POST' to 'http://localhost:64971/session/796d6d513dc1d99d17dfe58415359cc9/url'
20:04:03.618 [Forwarding get on session 796d6d513dc1d99d17dfe58415359cc9 to remote] DEBUG org.asynchttpclient.netty.request.NettyRequestSender - Using open Channel [id: 0xbbc5b9ab, L:/127.0.0.1:50279 - R:localhost/127.0.0.1:64971] for POST '/session/796d6d513dc1d99d17dfe58415359cc9/url'
20:04:04.300 [AsyncHttpClient-1-1] DEBUG org.asynchttpclient.netty.channel.DefaultChannelPool - Entry count for : http://localhost:50280 : 1
20:04:05.403 [AsyncHttpClient-1-1] DEBUG org.asynchttpclient.netty.channel.DefaultChannelPool - Entry count for : http://localhost:50280 : 1
20:04:06.506 [AsyncHttpClient-1-1] DEBUG org.asynchttpclient.netty.channel.DefaultChannelPool - Entry count for : http://localhost:50280 : 1
20:04:07.606 [AsyncHttpClient-1-1] DEBUG org.asynchttpclient.netty.channel.DefaultChannelPool - Entry count for : http://localhost:50280 : 1
20:04:08.705 [AsyncHttpClient-1-1] DEBUG org.asynchttpclient.netty.channel.DefaultChannelPool - Entry count for : http://localhost:50280 : 1
20:04:09.809 [AsyncHttpClient-1-1] DEBUG org.asynchttpclient.netty.channel.DefaultChannelPool - Entry count for : http://localhost:50280 : 1
20:04:10.904 [AsyncHttpClient-1-1] DEBUG org.asynchttpclient.netty.channel.DefaultChannelPool - Entry count for : http://localhost:50280 : 1
20:04:12.010 [AsyncHttpClient-1-1] DEBUG org.asynchttpclient.netty.channel.DefaultChannelPool - Entry count for : http://localhost:50280 : 1
20:04:13.111 [AsyncHttpClient-1-1] DEBUG org.asynchttpclient.netty.channel.DefaultChannelPool - Entry count for : http://localhost:50280 : 1
20:04:14.203 [AsyncHttpClient-1-1] DEBUG org.asynchttpclient.netty.channel.DefaultChannelPool - Entry count for : http://localhost:50280 : 1
20:04:15.305 [AsyncHttpClient-1-1] DEBUG org.asynchttpclient.netty.channel.DefaultChannelPool - Entry count for : http://localhost:50280 : 1
20:04:16.407 [AsyncHttpClient-1-1] DEBUG org.asynchttpclient.netty.channel.DefaultChannelPool - Entry count for : http://localhost:50280 : 1
20:04:17.511 [AsyncHttpClient-1-1] DEBUG org.asynchttpclient.netty.channel.DefaultChannelPool - Entry count for : http://localhost:50280 : 1
20:04:18.601 [AsyncHttpClient-1-1] DEBUG org.asynchttpclient.netty.channel.DefaultChannelPool - Entry count for : http://localhost:50280 : 1
20:04:19.704 [AsyncHttpClient-1-1] DEBUG org.asynchttpclient.netty.channel.DefaultChannelPool - Entry count for : http://localhost:50280 : 1
20:04:20.806 [AsyncHttpClient-1-1] DEBUG org.asynchttpclient.netty.channel.DefaultChannelPool - Entry count for : http://localhost:50280 : 1
20:04:21.910 [AsyncHttpClient-1-1] DEBUG org.asynchttpclient.netty.channel.DefaultChannelPool - Entry count for : http://localhost:50280 : 1
20:04:23.006 [AsyncHttpClient-1-1] DEBUG org.asynchttpclient.netty.channel.DefaultChannelPool - Entry count for : http://localhost:50280 : 1
20:04:24.105 [AsyncHttpClient-1-1] DEBUG org.asynchttpclient.netty.channel.DefaultChannelPool - Entry count for : http://localhost:50280 : 1
20:04:25.210 [AsyncHttpClient-1-1] DEBUG org.asynchttpclient.netty.channel.DefaultChannelPool - Entry count for : http://localhost:50280 : 1
20:04:26.300 [AsyncHttpClient-1-1] DEBUG org.asynchttpclient.netty.channel.DefaultChannelPool - Entry count for : http://localhost:50280 : 1
20:04:27.401 [AsyncHttpClient-1-1] DEBUG org.asynchttpclient.netty.channel.DefaultChannelPool - Entry count for : http://localhost:50280 : 1
20:04:28.497 [AsyncHttpClient-1-1] DEBUG org.asynchttpclient.netty.channel.DefaultChannelPool - Entry count for : http://localhost:50280 : 1
20:04:29.602 [AsyncHttpClient-1-1] DEBUG org.asynchttpclient.netty.channel.DefaultChannelPool - Entry count for : http://localhost:50280 : 1
20:04:30.706 [AsyncHttpClient-1-1] DEBUG org.asynchttpclient.netty.channel.DefaultChannelPool - Entry count for : http://localhost:50280 : 1
20:04:31.810 [AsyncHttpClient-1-1] DEBUG org.asynchttpclient.netty.channel.DefaultChannelPool - Entry count for : http://localhost:50280 : 1
20:04:32.912 [AsyncHttpClient-1-1] DEBUG org.asynchttpclient.netty.channel.DefaultChannelPool - Entry count for : http://localhost:50280 : 1
20:04:34.012 [AsyncHttpClient-1-1] DEBUG org.asynchttpclient.netty.channel.DefaultChannelPool - Entry count for : http://localhost:50280 : 1
20:04:35.105 [AsyncHttpClient-1-1] DEBUG org.asynchttpclient.netty.channel.DefaultChannelPool - Entry count for : http://localhost:50280 : 1
20:04:36.210 [AsyncHttpClient-1-1] DEBUG org.asynchttpclient.netty.channel.DefaultChannelPool - Entry count for : http://localhost:50280 : 1
20:04:37.297 [AsyncHttpClient-1-1] DEBUG org.asynchttpclient.netty.channel.DefaultChannelPool - Entry count for : http://localhost:50280 : 1
20:04:38.400 [AsyncHttpClient-1-1] DEBUG org.asynchttpclient.netty.channel.DefaultChannelPool - Entry count for : http://localhost:50280 : 1
20:04:39.504 [AsyncHttpClient-1-1] DEBUG org.asynchttpclient.netty.channel.DefaultChannelPool - Entry count for : http://localhost:50280 : 1
20:04:40.610 [AsyncHttpClient-1-1] DEBUG org.asynchttpclient.netty.channel.DefaultChannelPool - Entry count for : http://localhost:50280 : 1
20:04:41.702 [AsyncHttpClient-1-1] DEBUG org.asynchttpclient.netty.channel.DefaultChannelPool - Entry count for : http://localhost:50280 : 1
20:04:42.802 [AsyncHttpClient-1-1] DEBUG org.asynchttpclient.netty.channel.DefaultChannelPool - Entry count for : http://localhost:50280 : 1
20:04:43.908 [AsyncHttpClient-1-1] DEBUG org.asynchttpclient.netty.channel.DefaultChannelPool - Entry count for : http://localhost:50280 : 1
20:04:45.012 [AsyncHttpClient-1-1] DEBUG org.asynchttpclient.netty.channel.DefaultChannelPool - Entry count for : http://localhost:50280 : 1
20:04:46.097 [AsyncHttpClient-1-1] DEBUG org.asynchttpclient.netty.channel.DefaultChannelPool - Entry count for : http://localhost:50280 : 1
20:04:47.198 [AsyncHttpClient-1-1] DEBUG org.asynchttpclient.netty.channel.DefaultChannelPool - Entry count for : http://localhost:50280 : 1
20:04:48.311 [AsyncHttpClient-1-1] DEBUG org.asynchttpclient.netty.channel.DefaultChannelPool - Entry count for : http://localhost:50280 : 1
20:04:49.411 [AsyncHttpClient-1-1] DEBUG org.asynchttpclient.netty.channel.DefaultChannelPool - Entry count for : http://localhost:50280 : 1
20:04:50.497 [AsyncHttpClient-1-1] DEBUG org.asynchttpclient.netty.channel.DefaultChannelPool - Entry count for : http://localhost:50280 : 1
20:04:51.599 [AsyncHttpClient-1-1] DEBUG org.asynchttpclient.netty.channel.DefaultChannelPool - Entry count for : http://localhost:50280 : 1
20:04:52.703 [AsyncHttpClient-1-1] DEBUG org.asynchttpclient.netty.channel.DefaultChannelPool - Entry count for : http://localhost:50280 : 1
20:04:53.811 [AsyncHttpClient-1-1] DEBUG org.asynchttpclient.netty.channel.DefaultChannelPool - Entry count for : http://localhost:50280 : 1
20:04:54.897 [AsyncHttpClient-1-1] DEBUG org.asynchttpclient.netty.channel.DefaultChannelPool - Entry count for : http://localhost:50280 : 1
20:04:56.003 [AsyncHttpClient-1-1] DEBUG org.asynchttpclient.netty.channel.DefaultChannelPool - Entry count for : http://localhost:50280 : 1
20:04:56.266 [AsyncHttpClient-1-4] DEBUG org.asynchttpclient.netty.handler.HttpHandler - 

Request DefaultHttpRequest(decodeResult: success, version: HTTP/1.1)
POST /session/796d6d513dc1d99d17dfe58415359cc9/url HTTP/1.1
User-Agent: selenium/4.1.2 (java windows)
Content-Length: 59
Content-Type: application/json; charset=utf-8
host: localhost:64971
accept: */*

Response DefaultHttpResponse(decodeResult: success, version: HTTP/1.1)
HTTP/1.1 200 OK
Content-Type: application/json; charset=utf-8
cache-control: no-cache
content-length: 14

20:04:56.266 [AsyncHttpClient-1-4] DEBUG org.asynchttpclient.netty.channel.ChannelManager - Adding key: http://localhost:64971 for channel [id: 0xbbc5b9ab, L:/127.0.0.1:50279 - R:localhost/127.0.0.1:64971]
20:04:56.270 [Forwarding setTimeout on session 796d6d513dc1d99d17dfe58415359cc9 to remote] DEBUG org.asynchttpclient.netty.request.NettyRequestSender - Using pooled Channel '[id: 0xbbc5b9ab, L:/127.0.0.1:50279 - R:localhost/127.0.0.1:64971]' for 'POST' to 'http://localhost:64971/session/796d6d513dc1d99d17dfe58415359cc9/timeouts'
20:04:56.270 [Forwarding setTimeout on session 796d6d513dc1d99d17dfe58415359cc9 to remote] DEBUG org.asynchttpclient.netty.request.NettyRequestSender - Using open Channel [id: 0xbbc5b9ab, L:/127.0.0.1:50279 - R:localhost/127.0.0.1:64971] for POST '/session/796d6d513dc1d99d17dfe58415359cc9/timeouts'
20:04:56.274 [AsyncHttpClient-1-4] DEBUG org.asynchttpclient.netty.handler.HttpHandler - 

Request DefaultHttpRequest(decodeResult: success, version: HTTP/1.1)
POST /session/796d6d513dc1d99d17dfe58415359cc9/timeouts HTTP/1.1
User-Agent: selenium/4.1.2 (java windows)
Content-Length: 22
Content-Type: application/json; charset=utf-8
host: localhost:64971
accept: */*

Response DefaultHttpResponse(decodeResult: success, version: HTTP/1.1)
HTTP/1.1 200 OK
Content-Type: application/json; charset=utf-8
cache-control: no-cache
content-length: 14

20:04:56.274 [AsyncHttpClient-1-4] DEBUG org.asynchttpclient.netty.channel.ChannelManager - Adding key: http://localhost:64971 for channel [id: 0xbbc5b9ab, L:/127.0.0.1:50279 - R:localhost/127.0.0.1:64971]
20:04:56.277 [Forwarding getCurrentUrl on session 796d6d513dc1d99d17dfe58415359cc9 to remote] DEBUG org.asynchttpclient.netty.request.NettyRequestSender - Using pooled Channel '[id: 0xbbc5b9ab, L:/127.0.0.1:50279 - R:localhost/127.0.0.1:64971]' for 'GET' to 'http://localhost:64971/session/796d6d513dc1d99d17dfe58415359cc9/url'
20:04:56.277 [Forwarding getCurrentUrl on session 796d6d513dc1d99d17dfe58415359cc9 to remote] DEBUG org.asynchttpclient.netty.request.NettyRequestSender - Using open Channel [id: 0xbbc5b9ab, L:/127.0.0.1:50279 - R:localhost/127.0.0.1:64971] for GET '/session/796d6d513dc1d99d17dfe58415359cc9/url'
20:04:56.281 [AsyncHttpClient-1-4] DEBUG org.asynchttpclient.netty.handler.HttpHandler - 

Request DefaultFullHttpRequest(decodeResult: success, version: HTTP/1.1, content: EmptyByteBufBE)
GET /session/796d6d513dc1d99d17dfe58415359cc9/url HTTP/1.1
User-Agent: selenium/4.1.2 (java windows)
Cache-Control: no-cache
Content-Type: application/json; charset=utf-8
host: localhost:64971
accept: */*

Response DefaultHttpResponse(decodeResult: success, version: HTTP/1.1)
HTTP/1.1 200 OK
Content-Type: application/json; charset=utf-8
cache-control: no-cache
content-length: 41

20:04:56.281 [AsyncHttpClient-1-4] DEBUG org.asynchttpclient.netty.channel.ChannelManager - Adding key: http://localhost:64971 for channel [id: 0xbbc5b9ab, L:/127.0.0.1:50279 - R:localhost/127.0.0.1:64971]
  &amp#27;[32mGiven &amp#27;[0m&amp#27;[32mI open the website&amp#27;[0m                      &amp#27;[90m# starter.steps.RegistrationStep.iOpenTheWebsite()&amp#27;[0m
20:04:56.285 [Forwarding screenshot on session 796d6d513dc1d99d17dfe58415359cc9 to remote] DEBUG org.asynchttpclient.netty.request.NettyRequestSender - Using pooled Channel '[id: 0xbbc5b9ab, L:/127.0.0.1:50279 - R:localhost/127.0.0.1:64971]' for 'GET' to 'http://localhost:64971/session/796d6d513dc1d99d17dfe58415359cc9/screenshot'
20:04:56.285 [Forwarding screenshot on session 796d6d513dc1d99d17dfe58415359cc9 to remote] DEBUG org.asynchttpclient.netty.request.NettyRequestSender - Using open Channel [id: 0xbbc5b9ab, L:/127.0.0.1:50279 - R:localhost/127.0.0.1:64971] for GET '/session/796d6d513dc1d99d17dfe58415359cc9/screenshot'
20:04:56.421 [AsyncHttpClient-1-4] DEBUG org.asynchttpclient.netty.handler.HttpHandler - 

Request DefaultFullHttpRequest(decodeResult: success, version: HTTP/1.1, content: EmptyByteBufBE)
GET /session/796d6d513dc1d99d17dfe58415359cc9/screenshot HTTP/1.1
User-Agent: selenium/4.1.2 (java windows)
Cache-Control: no-cache
Content-Type: application/json; charset=utf-8
host: localhost:64971
accept: */*

Response DefaultHttpResponse(decodeResult: success, version: HTTP/1.1)
HTTP/1.1 200 OK
Content-Type: application/json; charset=utf-8
cache-control: no-cache
content-length: 69584

20:04:56.423 [AsyncHttpClient-1-4] DEBUG org.asynchttpclient.netty.channel.ChannelManager - Adding key: http://localhost:64971 for channel [id: 0xbbc5b9ab, L:/127.0.0.1:50279 - R:localhost/127.0.0.1:64971]
20:04:56.424 [main] DEBUG net.serenitybdd.core.photography.Darkroom - Send negative for processing for target\site\serenity\5297bd387dc3249e00c2d6656fb13e2699af90824ba878fd382afd24108abb14.png
20:04:56.430 [Forwarding findElement on session 796d6d513dc1d99d17dfe58415359cc9 to remote] DEBUG org.asynchttpclient.netty.request.NettyRequestSender - Using pooled Channel '[id: 0xbbc5b9ab, L:/127.0.0.1:50279 - R:localhost/127.0.0.1:64971]' for 'POST' to 'http://localhost:64971/session/796d6d513dc1d99d17dfe58415359cc9/element'
20:04:56.430 [Forwarding findElement on session 796d6d513dc1d99d17dfe58415359cc9 to remote] DEBUG org.asynchttpclient.netty.request.NettyRequestSender - Using open Channel [id: 0xbbc5b9ab, L:/127.0.0.1:50279 - R:localhost/127.0.0.1:64971] for POST '/session/796d6d513dc1d99d17dfe58415359cc9/element'
20:04:56.438 [AsyncHttpClient-1-4] DEBUG org.asynchttpclient.netty.handler.HttpHandler - 

Request DefaultHttpRequest(decodeResult: success, version: HTTP/1.1)
POST /session/796d6d513dc1d99d17dfe58415359cc9/element HTTP/1.1
User-Agent: selenium/4.1.2 (java windows)
Content-Length: 97
Content-Type: application/json; charset=utf-8
host: localhost:64971
accept: */*

Response DefaultHttpResponse(decodeResult: success, version: HTTP/1.1)
HTTP/1.1 200 OK
Content-Type: application/json; charset=utf-8
cache-control: no-cache
content-length: 88

20:04:56.438 [AsyncHttpClient-1-4] DEBUG org.asynchttpclient.netty.channel.ChannelManager - Adding key: http://localhost:64971 for channel [id: 0xbbc5b9ab, L:/127.0.0.1:50279 - R:localhost/127.0.0.1:64971]
20:04:56.439 [Forwarding getElementTagName on session 796d6d513dc1d99d17dfe58415359cc9 to remote] DEBUG org.asynchttpclient.netty.request.NettyRequestSender - Using pooled Channel '[id: 0xbbc5b9ab, L:/127.0.0.1:50279 - R:localhost/127.0.0.1:64971]' for 'GET' to 'http://localhost:64971/session/796d6d513dc1d99d17dfe58415359cc9/element/23e28aa9-20f6-4766-838b-5a58958a0c9a/name'
20:04:56.439 [Forwarding getElementTagName on session 796d6d513dc1d99d17dfe58415359cc9 to remote] DEBUG org.asynchttpclient.netty.request.NettyRequestSender - Using open Channel [id: 0xbbc5b9ab, L:/127.0.0.1:50279 - R:localhost/127.0.0.1:64971] for GET '/session/796d6d513dc1d99d17dfe58415359cc9/element/23e28aa9-20f6-4766-838b-5a58958a0c9a/name'
20:04:56.442 [AsyncHttpClient-1-4] DEBUG org.asynchttpclient.netty.handler.HttpHandler - 

Request DefaultFullHttpRequest(decodeResult: success, version: HTTP/1.1, content: EmptyByteBufBE)
GET /session/796d6d513dc1d99d17dfe58415359cc9/element/23e28aa9-20f6-4766-838b-5a58958a0c9a/name HTTP/1.1
User-Agent: selenium/4.1.2 (java windows)
Cache-Control: no-cache
Content-Type: application/json; charset=utf-8
host: localhost:64971
accept: */*

Response DefaultHttpResponse(decodeResult: success, version: HTTP/1.1)
HTTP/1.1 200 OK
Content-Type: application/json; charset=utf-8
cache-control: no-cache
content-length: 13

20:04:56.442 [AsyncHttpClient-1-4] DEBUG org.asynchttpclient.netty.channel.ChannelManager - Adding key: http://localhost:64971 for channel [id: 0xbbc5b9ab, L:/127.0.0.1:50279 - R:localhost/127.0.0.1:64971]
20:04:56.443 [Forwarding getElementTagName on session 796d6d513dc1d99d17dfe58415359cc9 to remote] DEBUG org.asynchttpclient.netty.request.NettyRequestSender - Using pooled Channel '[id: 0xbbc5b9ab, L:/127.0.0.1:50279 - R:localhost/127.0.0.1:64971]' for 'GET' to 'http://localhost:64971/session/796d6d513dc1d99d17dfe58415359cc9/element/23e28aa9-20f6-4766-838b-5a58958a0c9a/name'
20:04:56.443 [Forwarding getElementTagName on session 796d6d513dc1d99d17dfe58415359cc9 to remote] DEBUG org.asynchttpclient.netty.request.NettyRequestSender - Using open Channel [id: 0xbbc5b9ab, L:/127.0.0.1:50279 - R:localhost/127.0.0.1:64971] for GET '/session/796d6d513dc1d99d17dfe58415359cc9/element/23e28aa9-20f6-4766-838b-5a58958a0c9a/name'
20:04:56.445 [AsyncHttpClient-1-4] DEBUG org.asynchttpclient.netty.handler.HttpHandler - 

Request DefaultFullHttpRequest(decodeResult: success, version: HTTP/1.1, content: EmptyByteBufBE)
GET /session/796d6d513dc1d99d17dfe58415359cc9/element/23e28aa9-20f6-4766-838b-5a58958a0c9a/name HTTP/1.1
User-Agent: selenium/4.1.2 (java windows)
Cache-Control: no-cache
Content-Type: application/json; charset=utf-8
host: localhost:64971
accept: */*

Response DefaultHttpResponse(decodeResult: success, version: HTTP/1.1)
HTTP/1.1 200 OK
Content-Type: application/json; charset=utf-8
cache-control: no-cache
content-length: 13

20:04:56.445 [AsyncHttpClient-1-4] DEBUG org.asynchttpclient.netty.channel.ChannelManager - Adding key: http://localhost:64971 for channel [id: 0xbbc5b9ab, L:/127.0.0.1:50279 - R:localhost/127.0.0.1:64971]
20:04:56.446 [Forwarding findElement on session 796d6d513dc1d99d17dfe58415359cc9 to remote] DEBUG org.asynchttpclient.netty.request.NettyRequestSender - Using pooled Channel '[id: 0xbbc5b9ab, L:/127.0.0.1:50279 - R:localhost/127.0.0.1:64971]' for 'POST' to 'http://localhost:64971/session/796d6d513dc1d99d17dfe58415359cc9/element'
20:04:56.446 [Forwarding findElement on session 796d6d513dc1d99d17dfe58415359cc9 to remote] DEBUG org.asynchttpclient.netty.request.NettyRequestSender - Using open Channel [id: 0xbbc5b9ab, L:/127.0.0.1:50279 - R:localhost/127.0.0.1:64971] for POST '/session/796d6d513dc1d99d17dfe58415359cc9/element'
20:04:56.451 [AsyncHttpClient-1-4] DEBUG org.asynchttpclient.netty.handler.HttpHandler - 

Request DefaultHttpRequest(decodeResult: success, version: HTTP/1.1)
POST /session/796d6d513dc1d99d17dfe58415359cc9/element HTTP/1.1
User-Agent: selenium/4.1.2 (java windows)
Content-Length: 97
Content-Type: application/json; charset=utf-8
host: localhost:64971
accept: */*

Response DefaultHttpResponse(decodeResult: success, version: HTTP/1.1)
HTTP/1.1 200 OK
Content-Type: application/json; charset=utf-8
cache-control: no-cache
content-length: 88

20:04:56.451 [AsyncHttpClient-1-4] DEBUG org.asynchttpclient.netty.channel.ChannelManager - Adding key: http://localhost:64971 for channel [id: 0xbbc5b9ab, L:/127.0.0.1:50279 - R:localhost/127.0.0.1:64971]
20:04:56.452 [Forwarding clickElement on session 796d6d513dc1d99d17dfe58415359cc9 to remote] DEBUG org.asynchttpclient.netty.request.NettyRequestSender - Using pooled Channel '[id: 0xbbc5b9ab, L:/127.0.0.1:50279 - R:localhost/127.0.0.1:64971]' for 'POST' to 'http://localhost:64971/session/796d6d513dc1d99d17dfe58415359cc9/element/23e28aa9-20f6-4766-838b-5a58958a0c9a/click'
20:04:56.452 [Forwarding clickElement on session 796d6d513dc1d99d17dfe58415359cc9 to remote] DEBUG org.asynchttpclient.netty.request.NettyRequestSender - Using open Channel [id: 0xbbc5b9ab, L:/127.0.0.1:50279 - R:localhost/127.0.0.1:64971] for POST '/session/796d6d513dc1d99d17dfe58415359cc9/element/23e28aa9-20f6-4766-838b-5a58958a0c9a/click'
20:04:56.482 [AsyncHttpClient-1-4] DEBUG org.asynchttpclient.netty.handler.HttpHandler - 

Request DefaultHttpRequest(decodeResult: success, version: HTTP/1.1)
POST /session/796d6d513dc1d99d17dfe58415359cc9/element/23e28aa9-20f6-4766-838b-5a58958a0c9a/click HTTP/1.1
User-Agent: selenium/4.1.2 (java windows)
Content-Length: 50
Content-Type: application/json; charset=utf-8
host: localhost:64971
accept: */*

Response DefaultHttpResponse(decodeResult: success, version: HTTP/1.1)
HTTP/1.1 200 OK
Content-Type: application/json; charset=utf-8
cache-control: no-cache
content-length: 14

20:04:56.482 [AsyncHttpClient-1-4] DEBUG org.asynchttpclient.netty.channel.ChannelManager - Adding key: http://localhost:64971 for channel [id: 0xbbc5b9ab, L:/127.0.0.1:50279 - R:localhost/127.0.0.1:64971]
  &amp#27;[32mWhen &amp#27;[0m&amp#27;[32mI click sign in button&amp#27;[0m                   &amp#27;[90m# starter.steps.RegistrationStep.iClickSignInButton()&amp#27;[0m
20:04:56.491 [Forwarding screenshot on session 796d6d513dc1d99d17dfe58415359cc9 to remote] DEBUG org.asynchttpclient.netty.request.NettyRequestSender - Using pooled Channel '[id: 0xbbc5b9ab, L:/127.0.0.1:50279 - R:localhost/127.0.0.1:64971]' for 'GET' to 'http://localhost:64971/session/796d6d513dc1d99d17dfe58415359cc9/screenshot'
20:04:56.491 [Forwarding screenshot on session 796d6d513dc1d99d17dfe58415359cc9 to remote] DEBUG org.asynchttpclient.netty.request.NettyRequestSender - Using open Channel [id: 0xbbc5b9ab, L:/127.0.0.1:50279 - R:localhost/127.0.0.1:64971] for GET '/session/796d6d513dc1d99d17dfe58415359cc9/screenshot'
20:04:56.853 [AsyncHttpClient-1-4] DEBUG org.asynchttpclient.netty.handler.HttpHandler - 

Request DefaultFullHttpRequest(decodeResult: success, version: HTTP/1.1, content: EmptyByteBufBE)
GET /session/796d6d513dc1d99d17dfe58415359cc9/screenshot HTTP/1.1
User-Agent: selenium/4.1.2 (java windows)
Cache-Control: no-cache
Content-Type: application/json; charset=utf-8
host: localhost:64971
accept: */*

Response DefaultHttpResponse(decodeResult: success, version: HTTP/1.1)
HTTP/1.1 200 OK
Content-Type: application/json; charset=utf-8
cache-control: no-cache
content-length: 41004

20:04:56.853 [AsyncHttpClient-1-4] DEBUG org.asynchttpclient.netty.channel.ChannelManager - Adding key: http://localhost:64971 for channel [id: 0xbbc5b9ab, L:/127.0.0.1:50279 - R:localhost/127.0.0.1:64971]
20:04:56.854 [main] DEBUG net.serenitybdd.core.photography.Darkroom - Send negative for processing for target\site\serenity\c199bb2c78df3020248619202613b3212f465ba44de9333f0de429f70006059e.png
20:04:56.854 [Darkroom Processing Line] DEBUG net.serenitybdd.core.photography.DarkroomProcessingLine - Processing screenshot image in /var/screenshots/screenshot-7111726000733000124
20:04:56.854 [Darkroom Processing Line] DEBUG net.serenitybdd.core.photography.DarkroomProcessingLine - Saving screenshot to target\site\serenity\c199bb2c78df3020248619202613b3212f465ba44de9333f0de429f70006059e.png
20:04:56.865 [Forwarding findElement on session 796d6d513dc1d99d17dfe58415359cc9 to remote] DEBUG org.asynchttpclient.netty.request.NettyRequestSender - Using pooled Channel '[id: 0xbbc5b9ab, L:/127.0.0.1:50279 - R:localhost/127.0.0.1:64971]' for 'POST' to 'http://localhost:64971/session/796d6d513dc1d99d17dfe58415359cc9/element'
20:04:56.865 [Forwarding findElement on session 796d6d513dc1d99d17dfe58415359cc9 to remote] DEBUG org.asynchttpclient.netty.request.NettyRequestSender - Using open Channel [id: 0xbbc5b9ab, L:/127.0.0.1:50279 - R:localhost/127.0.0.1:64971] for POST '/session/796d6d513dc1d99d17dfe58415359cc9/element'
20:04:56.876 [AsyncHttpClient-1-4] DEBUG org.asynchttpclient.netty.handler.HttpHandler - 

Request DefaultHttpRequest(decodeResult: success, version: HTTP/1.1)
POST /session/796d6d513dc1d99d17dfe58415359cc9/element HTTP/1.1
User-Agent: selenium/4.1.2 (java windows)
Content-Length: 87
Content-Type: application/json; charset=utf-8
host: localhost:64971
accept: */*

Response DefaultHttpResponse(decodeResult: success, version: HTTP/1.1)
HTTP/1.1 200 OK
Content-Type: application/json; charset=utf-8
cache-control: no-cache
content-length: 88

20:04:56.876 [AsyncHttpClient-1-4] DEBUG org.asynchttpclient.netty.channel.ChannelManager - Adding key: http://localhost:64971 for channel [id: 0xbbc5b9ab, L:/127.0.0.1:50279 - R:localhost/127.0.0.1:64971]
20:04:56.876 [Forwarding clearElement on session 796d6d513dc1d99d17dfe58415359cc9 to remote] DEBUG org.asynchttpclient.netty.request.NettyRequestSender - Using pooled Channel '[id: 0xbbc5b9ab, L:/127.0.0.1:50279 - R:localhost/127.0.0.1:64971]' for 'POST' to 'http://localhost:64971/session/796d6d513dc1d99d17dfe58415359cc9/element/691c0a94-7f5c-45f0-bdec-f213aa93d65f/clear'
20:04:56.876 [Forwarding clearElement on session 796d6d513dc1d99d17dfe58415359cc9 to remote] DEBUG org.asynchttpclient.netty.request.NettyRequestSender - Using open Channel [id: 0xbbc5b9ab, L:/127.0.0.1:50279 - R:localhost/127.0.0.1:64971] for POST '/session/796d6d513dc1d99d17dfe58415359cc9/element/691c0a94-7f5c-45f0-bdec-f213aa93d65f/clear'
20:04:56.908 [AsyncHttpClient-1-4] DEBUG org.asynchttpclient.netty.handler.HttpHandler - 

Request DefaultHttpRequest(decodeResult: success, version: HTTP/1.1)
POST /session/796d6d513dc1d99d17dfe58415359cc9/element/691c0a94-7f5c-45f0-bdec-f213aa93d65f/clear HTTP/1.1
User-Agent: selenium/4.1.2 (java windows)
Content-Length: 50
Content-Type: application/json; charset=utf-8
host: localhost:64971
accept: */*

Response DefaultHttpResponse(decodeResult: success, version: HTTP/1.1)
HTTP/1.1 200 OK
Content-Type: application/json; charset=utf-8
cache-control: no-cache
content-length: 14

20:04:56.908 [AsyncHttpClient-1-4] DEBUG org.asynchttpclient.netty.channel.ChannelManager - Adding key: http://localhost:64971 for channel [id: 0xbbc5b9ab, L:/127.0.0.1:50279 - R:localhost/127.0.0.1:64971]
20:04:56.909 [Forwarding sendKeysToElement on session 796d6d513dc1d99d17dfe58415359cc9 to remote] DEBUG org.asynchttpclient.netty.request.NettyRequestSender - Using pooled Channel '[id: 0xbbc5b9ab, L:/127.0.0.1:50279 - R:localhost/127.0.0.1:64971]' for 'POST' to 'http://localhost:64971/session/796d6d513dc1d99d17dfe58415359cc9/element/691c0a94-7f5c-45f0-bdec-f213aa93d65f/value'
20:04:56.909 [Forwarding sendKeysToElement on session 796d6d513dc1d99d17dfe58415359cc9 to remote] DEBUG org.asynchttpclient.netty.request.NettyRequestSender - Using open Channel [id: 0xbbc5b9ab, L:/127.0.0.1:50279 - R:localhost/127.0.0.1:64971] for POST '/session/796d6d513dc1d99d17dfe58415359cc9/element/691c0a94-7f5c-45f0-bdec-f213aa93d65f/value'
20:04:57.021 [AsyncHttpClient-1-4] DEBUG org.asynchttpclient.netty.handler.HttpHandler - 

Request DefaultHttpRequest(decodeResult: success, version: HTTP/1.1)
POST /session/796d6d513dc1d99d17dfe58415359cc9/element/691c0a94-7f5c-45f0-bdec-f213aa93d65f/value HTTP/1.1
User-Agent: selenium/4.1.2 (java windows)
Content-Length: 291
Content-Type: application/json; charset=utf-8
host: localhost:64971
accept: */*

Response DefaultHttpResponse(decodeResult: success, version: HTTP/1.1)
HTTP/1.1 200 OK
Content-Type: application/json; charset=utf-8
cache-control: no-cache
content-length: 14

20:04:57.021 [AsyncHttpClient-1-4] DEBUG org.asynchttpclient.netty.channel.ChannelManager - Adding key: http://localhost:64971 for channel [id: 0xbbc5b9ab, L:/127.0.0.1:50279 - R:localhost/127.0.0.1:64971]
  &amp#27;[32mAnd &amp#27;[0m&amp#27;[32mI input &amp#27;[0m&amp#27;[32m&amp#27;[1m"maylananggi@gmail.com"&amp#27;[0m&amp#27;[32m email&amp#27;[0m     &amp#27;[90m# starter.steps.LoginStep.iInputEmail(java.lang.String)&amp#27;[0m
20:04:57.025 [Forwarding screenshot on session 796d6d513dc1d99d17dfe58415359cc9 to remote] DEBUG org.asynchttpclient.netty.request.NettyRequestSender - Using pooled Channel '[id: 0xbbc5b9ab, L:/127.0.0.1:50279 - R:localhost/127.0.0.1:64971]' for 'GET' to 'http://localhost:64971/session/796d6d513dc1d99d17dfe58415359cc9/screenshot'
20:04:57.025 [Forwarding screenshot on session 796d6d513dc1d99d17dfe58415359cc9 to remote] DEBUG org.asynchttpclient.netty.request.NettyRequestSender - Using open Channel [id: 0xbbc5b9ab, L:/127.0.0.1:50279 - R:localhost/127.0.0.1:64971] for GET '/session/796d6d513dc1d99d17dfe58415359cc9/screenshot'
20:04:57.110 [AsyncHttpClient-1-1] DEBUG org.asynchttpclient.netty.channel.DefaultChannelPool - Entry count for : http://localhost:50280 : 1
20:04:57.257 [AsyncHttpClient-1-4] DEBUG org.asynchttpclient.netty.handler.HttpHandler - 

Request DefaultFullHttpRequest(decodeResult: success, version: HTTP/1.1, content: EmptyByteBufBE)
GET /session/796d6d513dc1d99d17dfe58415359cc9/screenshot HTTP/1.1
User-Agent: selenium/4.1.2 (java windows)
Cache-Control: no-cache
Content-Type: application/json; charset=utf-8
host: localhost:64971
accept: */*

Response DefaultHttpResponse(decodeResult: success, version: HTTP/1.1)
HTTP/1.1 200 OK
Content-Type: application/json; charset=utf-8
cache-control: no-cache
content-length: 48236

20:04:57.257 [AsyncHttpClient-1-4] DEBUG org.asynchttpclient.netty.channel.ChannelManager - Adding key: http://localhost:64971 for channel [id: 0xbbc5b9ab, L:/127.0.0.1:50279 - R:localhost/127.0.0.1:64971]
20:04:57.259 [main] DEBUG net.serenitybdd.core.photography.Darkroom - Send negative for processing for target\site\serenity\447898067eff8d6e0a4315ab081126f836ad8921f1b50c662e390aca8e76c43c.png
20:04:57.259 [Darkroom Processing Line] DEBUG net.serenitybdd.core.photography.DarkroomProcessingLine - Processing screenshot image in /var/screenshots/screenshot-14609405678397449193
20:04:57.259 [Darkroom Processing Line] DEBUG net.serenitybdd.core.photography.DarkroomProcessingLine - Saving screenshot to target\site\serenity\447898067eff8d6e0a4315ab081126f836ad8921f1b50c662e390aca8e76c43c.png
20:04:57.270 [Forwarding findElement on session 796d6d513dc1d99d17dfe58415359cc9 to remote] DEBUG org.asynchttpclient.netty.request.NettyRequestSender - Using pooled Channel '[id: 0xbbc5b9ab, L:/127.0.0.1:50279 - R:localhost/127.0.0.1:64971]' for 'POST' to 'http://localhost:64971/session/796d6d513dc1d99d17dfe58415359cc9/element'
20:04:57.270 [Forwarding findElement on session 796d6d513dc1d99d17dfe58415359cc9 to remote] DEBUG org.asynchttpclient.netty.request.NettyRequestSender - Using open Channel [id: 0xbbc5b9ab, L:/127.0.0.1:50279 - R:localhost/127.0.0.1:64971] for POST '/session/796d6d513dc1d99d17dfe58415359cc9/element'
20:04:57.291 [AsyncHttpClient-1-4] DEBUG org.asynchttpclient.netty.handler.HttpHandler - 

Request DefaultHttpRequest(decodeResult: success, version: HTTP/1.1)
POST /session/796d6d513dc1d99d17dfe58415359cc9/element HTTP/1.1
User-Agent: selenium/4.1.2 (java windows)
Content-Length: 89
Content-Type: application/json; charset=utf-8
host: localhost:64971
accept: */*

Response DefaultHttpResponse(decodeResult: success, version: HTTP/1.1)
HTTP/1.1 200 OK
Content-Type: application/json; charset=utf-8
cache-control: no-cache
content-length: 88

20:04:57.291 [AsyncHttpClient-1-4] DEBUG org.asynchttpclient.netty.channel.ChannelManager - Adding key: http://localhost:64971 for channel [id: 0xbbc5b9ab, L:/127.0.0.1:50279 - R:localhost/127.0.0.1:64971]
20:04:57.292 [Forwarding clearElement on session 796d6d513dc1d99d17dfe58415359cc9 to remote] DEBUG org.asynchttpclient.netty.request.NettyRequestSender - Using pooled Channel '[id: 0xbbc5b9ab, L:/127.0.0.1:50279 - R:localhost/127.0.0.1:64971]' for 'POST' to 'http://localhost:64971/session/796d6d513dc1d99d17dfe58415359cc9/element/bd0cde85-059d-4f93-8792-3fc9626ac0c9/clear'
20:04:57.292 [Forwarding clearElement on session 796d6d513dc1d99d17dfe58415359cc9 to remote] DEBUG org.asynchttpclient.netty.request.NettyRequestSender - Using open Channel [id: 0xbbc5b9ab, L:/127.0.0.1:50279 - R:localhost/127.0.0.1:64971] for POST '/session/796d6d513dc1d99d17dfe58415359cc9/element/bd0cde85-059d-4f93-8792-3fc9626ac0c9/clear'
20:04:57.340 [AsyncHttpClient-1-4] DEBUG org.asynchttpclient.netty.handler.HttpHandler - 

Request DefaultHttpRequest(decodeResult: success, version: HTTP/1.1)
POST /session/796d6d513dc1d99d17dfe58415359cc9/element/bd0cde85-059d-4f93-8792-3fc9626ac0c9/clear HTTP/1.1
User-Agent: selenium/4.1.2 (java windows)
Content-Length: 50
Content-Type: application/json; charset=utf-8
host: localhost:64971
accept: */*

Response DefaultHttpResponse(decodeResult: success, version: HTTP/1.1)
HTTP/1.1 200 OK
Content-Type: application/json; charset=utf-8
cache-control: no-cache
content-length: 14

20:04:57.340 [AsyncHttpClient-1-4] DEBUG org.asynchttpclient.netty.channel.ChannelManager - Adding key: http://localhost:64971 for channel [id: 0xbbc5b9ab, L:/127.0.0.1:50279 - R:localhost/127.0.0.1:64971]
20:04:57.341 [Forwarding sendKeysToElement on session 796d6d513dc1d99d17dfe58415359cc9 to remote] DEBUG org.asynchttpclient.netty.request.NettyRequestSender - Using pooled Channel '[id: 0xbbc5b9ab, L:/127.0.0.1:50279 - R:localhost/127.0.0.1:64971]' for 'POST' to 'http://localhost:64971/session/796d6d513dc1d99d17dfe58415359cc9/element/bd0cde85-059d-4f93-8792-3fc9626ac0c9/value'
20:04:57.341 [Forwarding sendKeysToElement on session 796d6d513dc1d99d17dfe58415359cc9 to remote] DEBUG org.asynchttpclient.netty.request.NettyRequestSender - Using open Channel [id: 0xbbc5b9ab, L:/127.0.0.1:50279 - R:localhost/127.0.0.1:64971] for POST '/session/796d6d513dc1d99d17dfe58415359cc9/element/bd0cde85-059d-4f93-8792-3fc9626ac0c9/value'
20:04:57.374 [AsyncHttpClient-1-4] DEBUG org.asynchttpclient.netty.handler.HttpHandler - 

Request DefaultHttpRequest(decodeResult: success, version: HTTP/1.1)
POST /session/796d6d513dc1d99d17dfe58415359cc9/element/bd0cde85-059d-4f93-8792-3fc9626ac0c9/value HTTP/1.1
User-Agent: selenium/4.1.2 (java windows)
Content-Length: 82
Content-Type: application/json; charset=utf-8
host: localhost:64971
accept: */*

Response DefaultHttpResponse(decodeResult: success, version: HTTP/1.1)
HTTP/1.1 200 OK
Content-Type: application/json; charset=utf-8
cache-control: no-cache
content-length: 14

20:04:57.374 [AsyncHttpClient-1-4] DEBUG org.asynchttpclient.netty.channel.ChannelManager - Adding key: http://localhost:64971 for channel [id: 0xbbc5b9ab, L:/127.0.0.1:50279 - R:localhost/127.0.0.1:64971]
  &amp#27;[32mAnd &amp#27;[0m&amp#27;[32mI input &amp#27;[0m&amp#27;[32m&amp#27;[1m""&amp#27;[0m&amp#27;[32m password&amp#27;[0m                       &amp#27;[90m# starter.steps.LoginStep.iInputPassword(java.lang.String)&amp#27;[0m
20:04:57.382 [Forwarding screenshot on session 796d6d513dc1d99d17dfe58415359cc9 to remote] DEBUG org.asynchttpclient.netty.request.NettyRequestSender - Using pooled Channel '[id: 0xbbc5b9ab, L:/127.0.0.1:50279 - R:localhost/127.0.0.1:64971]' for 'GET' to 'http://localhost:64971/session/796d6d513dc1d99d17dfe58415359cc9/screenshot'
20:04:57.382 [Forwarding screenshot on session 796d6d513dc1d99d17dfe58415359cc9 to remote] DEBUG org.asynchttpclient.netty.request.NettyRequestSender - Using open Channel [id: 0xbbc5b9ab, L:/127.0.0.1:50279 - R:localhost/127.0.0.1:64971] for GET '/session/796d6d513dc1d99d17dfe58415359cc9/screenshot'
20:04:57.606 [AsyncHttpClient-1-4] DEBUG org.asynchttpclient.netty.handler.HttpHandler - 

Request DefaultFullHttpRequest(decodeResult: success, version: HTTP/1.1, content: EmptyByteBufBE)
GET /session/796d6d513dc1d99d17dfe58415359cc9/screenshot HTTP/1.1
User-Agent: selenium/4.1.2 (java windows)
Cache-Control: no-cache
Content-Type: application/json; charset=utf-8
host: localhost:64971
accept: */*

Response DefaultHttpResponse(decodeResult: success, version: HTTP/1.1)
HTTP/1.1 200 OK
Content-Type: application/json; charset=utf-8
cache-control: no-cache
content-length: 47936

20:04:57.607 [AsyncHttpClient-1-4] DEBUG org.asynchttpclient.netty.channel.ChannelManager - Adding key: http://localhost:64971 for channel [id: 0xbbc5b9ab, L:/127.0.0.1:50279 - R:localhost/127.0.0.1:64971]
20:04:57.608 [main] DEBUG net.serenitybdd.core.photography.Darkroom - Send negative for processing for target\site\serenity\c99c1e087b90ebec6487ca5159bc3e4d393d6a7b05f5acfcd999ba6cf84bc943.png
20:04:57.608 [Darkroom Processing Line] DEBUG net.serenitybdd.core.photography.DarkroomProcessingLine - Processing screenshot image in /var/screenshots/screenshot-7330218957577212537
20:04:57.608 [Darkroom Processing Line] DEBUG net.serenitybdd.core.photography.DarkroomProcessingLine - Saving screenshot to target\site\serenity\c99c1e087b90ebec6487ca5159bc3e4d393d6a7b05f5acfcd999ba6cf84bc943.png
20:04:57.615 [Forwarding findElement on session 796d6d513dc1d99d17dfe58415359cc9 to remote] DEBUG org.asynchttpclient.netty.request.NettyRequestSender - Using pooled Channel '[id: 0xbbc5b9ab, L:/127.0.0.1:50279 - R:localhost/127.0.0.1:64971]' for 'POST' to 'http://localhost:64971/session/796d6d513dc1d99d17dfe58415359cc9/element'
20:04:57.615 [Forwarding findElement on session 796d6d513dc1d99d17dfe58415359cc9 to remote] DEBUG org.asynchttpclient.netty.request.NettyRequestSender - Using open Channel [id: 0xbbc5b9ab, L:/127.0.0.1:50279 - R:localhost/127.0.0.1:64971] for POST '/session/796d6d513dc1d99d17dfe58415359cc9/element'
20:04:57.622 [AsyncHttpClient-1-4] DEBUG org.asynchttpclient.netty.handler.HttpHandler - 

Request DefaultHttpRequest(decodeResult: success, version: HTTP/1.1)
POST /session/796d6d513dc1d99d17dfe58415359cc9/element HTTP/1.1
User-Agent: selenium/4.1.2 (java windows)
Content-Length: 141
Content-Type: application/json; charset=utf-8
host: localhost:64971
accept: */*

Response DefaultHttpResponse(decodeResult: success, version: HTTP/1.1)
HTTP/1.1 200 OK
Content-Type: application/json; charset=utf-8
cache-control: no-cache
content-length: 88

20:04:57.622 [AsyncHttpClient-1-4] DEBUG org.asynchttpclient.netty.channel.ChannelManager - Adding key: http://localhost:64971 for channel [id: 0xbbc5b9ab, L:/127.0.0.1:50279 - R:localhost/127.0.0.1:64971]
20:04:57.623 [Forwarding getElementTagName on session 796d6d513dc1d99d17dfe58415359cc9 to remote] DEBUG org.asynchttpclient.netty.request.NettyRequestSender - Using pooled Channel '[id: 0xbbc5b9ab, L:/127.0.0.1:50279 - R:localhost/127.0.0.1:64971]' for 'GET' to 'http://localhost:64971/session/796d6d513dc1d99d17dfe58415359cc9/element/f553d42f-d795-4a53-a6a9-f90eb5de9475/name'
20:04:57.623 [Forwarding getElementTagName on session 796d6d513dc1d99d17dfe58415359cc9 to remote] DEBUG org.asynchttpclient.netty.request.NettyRequestSender - Using open Channel [id: 0xbbc5b9ab, L:/127.0.0.1:50279 - R:localhost/127.0.0.1:64971] for GET '/session/796d6d513dc1d99d17dfe58415359cc9/element/f553d42f-d795-4a53-a6a9-f90eb5de9475/name'
20:04:57.625 [AsyncHttpClient-1-4] DEBUG org.asynchttpclient.netty.handler.HttpHandler - 

Request DefaultFullHttpRequest(decodeResult: success, version: HTTP/1.1, content: EmptyByteBufBE)
GET /session/796d6d513dc1d99d17dfe58415359cc9/element/f553d42f-d795-4a53-a6a9-f90eb5de9475/name HTTP/1.1
User-Agent: selenium/4.1.2 (java windows)
Cache-Control: no-cache
Content-Type: application/json; charset=utf-8
host: localhost:64971
accept: */*

Response DefaultHttpResponse(decodeResult: success, version: HTTP/1.1)
HTTP/1.1 200 OK
Content-Type: application/json; charset=utf-8
cache-control: no-cache
content-length: 18

20:04:57.625 [AsyncHttpClient-1-4] DEBUG org.asynchttpclient.netty.channel.ChannelManager - Adding key: http://localhost:64971 for channel [id: 0xbbc5b9ab, L:/127.0.0.1:50279 - R:localhost/127.0.0.1:64971]
20:04:57.626 [Forwarding getElementTagName on session 796d6d513dc1d99d17dfe58415359cc9 to remote] DEBUG org.asynchttpclient.netty.request.NettyRequestSender - Using pooled Channel '[id: 0xbbc5b9ab, L:/127.0.0.1:50279 - R:localhost/127.0.0.1:64971]' for 'GET' to 'http://localhost:64971/session/796d6d513dc1d99d17dfe58415359cc9/element/f553d42f-d795-4a53-a6a9-f90eb5de9475/name'
20:04:57.626 [Forwarding getElementTagName on session 796d6d513dc1d99d17dfe58415359cc9 to remote] DEBUG org.asynchttpclient.netty.request.NettyRequestSender - Using open Channel [id: 0xbbc5b9ab, L:/127.0.0.1:50279 - R:localhost/127.0.0.1:64971] for GET '/session/796d6d513dc1d99d17dfe58415359cc9/element/f553d42f-d795-4a53-a6a9-f90eb5de9475/name'
20:04:57.628 [AsyncHttpClient-1-4] DEBUG org.asynchttpclient.netty.handler.HttpHandler - 

Request DefaultFullHttpRequest(decodeResult: success, version: HTTP/1.1, content: EmptyByteBufBE)
GET /session/796d6d513dc1d99d17dfe58415359cc9/element/f553d42f-d795-4a53-a6a9-f90eb5de9475/name HTTP/1.1
User-Agent: selenium/4.1.2 (java windows)
Cache-Control: no-cache
Content-Type: application/json; charset=utf-8
host: localhost:64971
accept: */*

Response DefaultHttpResponse(decodeResult: success, version: HTTP/1.1)
HTTP/1.1 200 OK
Content-Type: application/json; charset=utf-8
cache-control: no-cache
content-length: 18

20:04:57.628 [AsyncHttpClient-1-4] DEBUG org.asynchttpclient.netty.channel.ChannelManager - Adding key: http://localhost:64971 for channel [id: 0xbbc5b9ab, L:/127.0.0.1:50279 - R:localhost/127.0.0.1:64971]
20:04:57.631 [Forwarding isElementEnabled on session 796d6d513dc1d99d17dfe58415359cc9 to remote] DEBUG org.asynchttpclient.netty.request.NettyRequestSender - Using pooled Channel '[id: 0xbbc5b9ab, L:/127.0.0.1:50279 - R:localhost/127.0.0.1:64971]' for 'GET' to 'http://localhost:64971/session/796d6d513dc1d99d17dfe58415359cc9/element/f553d42f-d795-4a53-a6a9-f90eb5de9475/enabled'
20:04:57.631 [Forwarding isElementEnabled on session 796d6d513dc1d99d17dfe58415359cc9 to remote] DEBUG org.asynchttpclient.netty.request.NettyRequestSender - Using open Channel [id: 0xbbc5b9ab, L:/127.0.0.1:50279 - R:localhost/127.0.0.1:64971] for GET '/session/796d6d513dc1d99d17dfe58415359cc9/element/f553d42f-d795-4a53-a6a9-f90eb5de9475/enabled'
20:04:57.636 [AsyncHttpClient-1-4] DEBUG org.asynchttpclient.netty.handler.HttpHandler - 

Request DefaultFullHttpRequest(decodeResult: success, version: HTTP/1.1, content: EmptyByteBufBE)
GET /session/796d6d513dc1d99d17dfe58415359cc9/element/f553d42f-d795-4a53-a6a9-f90eb5de9475/enabled HTTP/1.1
User-Agent: selenium/4.1.2 (java windows)
Cache-Control: no-cache
Content-Type: application/json; charset=utf-8
host: localhost:64971
accept: */*

Response DefaultHttpResponse(decodeResult: success, version: HTTP/1.1)
HTTP/1.1 200 OK
Content-Type: application/json; charset=utf-8
cache-control: no-cache
content-length: 14

20:04:57.636 [AsyncHttpClient-1-4] DEBUG org.asynchttpclient.netty.channel.ChannelManager - Adding key: http://localhost:64971 for channel [id: 0xbbc5b9ab, L:/127.0.0.1:50279 - R:localhost/127.0.0.1:64971]
20:04:57.637 [Forwarding isElementEnabled on session 796d6d513dc1d99d17dfe58415359cc9 to remote] DEBUG org.asynchttpclient.netty.request.NettyRequestSender - Using pooled Channel '[id: 0xbbc5b9ab, L:/127.0.0.1:50279 - R:localhost/127.0.0.1:64971]' for 'GET' to 'http://localhost:64971/session/796d6d513dc1d99d17dfe58415359cc9/element/f553d42f-d795-4a53-a6a9-f90eb5de9475/enabled'
20:04:57.637 [Forwarding isElementEnabled on session 796d6d513dc1d99d17dfe58415359cc9 to remote] DEBUG org.asynchttpclient.netty.request.NettyRequestSender - Using open Channel [id: 0xbbc5b9ab, L:/127.0.0.1:50279 - R:localhost/127.0.0.1:64971] for GET '/session/796d6d513dc1d99d17dfe58415359cc9/element/f553d42f-d795-4a53-a6a9-f90eb5de9475/enabled'
20:04:57.640 [AsyncHttpClient-1-4] DEBUG org.asynchttpclient.netty.handler.HttpHandler - 

Request DefaultFullHttpRequest(decodeResult: success, version: HTTP/1.1, content: EmptyByteBufBE)
GET /session/796d6d513dc1d99d17dfe58415359cc9/element/f553d42f-d795-4a53-a6a9-f90eb5de9475/enabled HTTP/1.1
User-Agent: selenium/4.1.2 (java windows)
Cache-Control: no-cache
Content-Type: application/json; charset=utf-8
host: localhost:64971
accept: */*

Response DefaultHttpResponse(decodeResult: success, version: HTTP/1.1)
HTTP/1.1 200 OK
Content-Type: application/json; charset=utf-8
cache-control: no-cache
content-length: 14

20:04:57.640 [AsyncHttpClient-1-4] DEBUG org.asynchttpclient.netty.channel.ChannelManager - Adding key: http://localhost:64971 for channel [id: 0xbbc5b9ab, L:/127.0.0.1:50279 - R:localhost/127.0.0.1:64971]
20:04:57.641 [Forwarding findElement on session 796d6d513dc1d99d17dfe58415359cc9 to remote] DEBUG org.asynchttpclient.netty.request.NettyRequestSender - Using pooled Channel '[id: 0xbbc5b9ab, L:/127.0.0.1:50279 - R:localhost/127.0.0.1:64971]' for 'POST' to 'http://localhost:64971/session/796d6d513dc1d99d17dfe58415359cc9/element'
20:04:57.641 [Forwarding findElement on session 796d6d513dc1d99d17dfe58415359cc9 to remote] DEBUG org.asynchttpclient.netty.request.NettyRequestSender - Using open Channel [id: 0xbbc5b9ab, L:/127.0.0.1:50279 - R:localhost/127.0.0.1:64971] for POST '/session/796d6d513dc1d99d17dfe58415359cc9/element'
20:04:57.645 [AsyncHttpClient-1-4] DEBUG org.asynchttpclient.netty.handler.HttpHandler - 

Request DefaultHttpRequest(decodeResult: success, version: HTTP/1.1)
POST /session/796d6d513dc1d99d17dfe58415359cc9/element HTTP/1.1
User-Agent: selenium/4.1.2 (java windows)
Content-Length: 141
Content-Type: application/json; charset=utf-8
host: localhost:64971
accept: */*

Response DefaultHttpResponse(decodeResult: success, version: HTTP/1.1)
HTTP/1.1 200 OK
Content-Type: application/json; charset=utf-8
cache-control: no-cache
content-length: 88

20:04:57.645 [AsyncHttpClient-1-4] DEBUG org.asynchttpclient.netty.channel.ChannelManager - Adding key: http://localhost:64971 for channel [id: 0xbbc5b9ab, L:/127.0.0.1:50279 - R:localhost/127.0.0.1:64971]
20:04:57.648 [Forwarding clickElement on session 796d6d513dc1d99d17dfe58415359cc9 to remote] DEBUG org.asynchttpclient.netty.request.NettyRequestSender - Using pooled Channel '[id: 0xbbc5b9ab, L:/127.0.0.1:50279 - R:localhost/127.0.0.1:64971]' for 'POST' to 'http://localhost:64971/session/796d6d513dc1d99d17dfe58415359cc9/element/f553d42f-d795-4a53-a6a9-f90eb5de9475/click'
20:04:57.648 [Forwarding clickElement on session 796d6d513dc1d99d17dfe58415359cc9 to remote] DEBUG org.asynchttpclient.netty.request.NettyRequestSender - Using open Channel [id: 0xbbc5b9ab, L:/127.0.0.1:50279 - R:localhost/127.0.0.1:64971] for POST '/session/796d6d513dc1d99d17dfe58415359cc9/element/f553d42f-d795-4a53-a6a9-f90eb5de9475/click'
20:04:57.677 [AsyncHttpClient-1-4] DEBUG org.asynchttpclient.netty.handler.HttpHandler - 

Request DefaultHttpRequest(decodeResult: success, version: HTTP/1.1)
POST /session/796d6d513dc1d99d17dfe58415359cc9/element/f553d42f-d795-4a53-a6a9-f90eb5de9475/click HTTP/1.1
User-Agent: selenium/4.1.2 (java windows)
Content-Length: 50
Content-Type: application/json; charset=utf-8
host: localhost:64971
accept: */*

Response DefaultHttpResponse(decodeResult: success, version: HTTP/1.1)
HTTP/1.1 200 OK
Content-Type: application/json; charset=utf-8
cache-control: no-cache
content-length: 14

20:04:57.677 [AsyncHttpClient-1-4] DEBUG org.asynchttpclient.netty.channel.ChannelManager - Adding key: http://localhost:64971 for channel [id: 0xbbc5b9ab, L:/127.0.0.1:50279 - R:localhost/127.0.0.1:64971]
  &amp#27;[32mAnd &amp#27;[0m&amp#27;[32mI click login button&amp#27;[0m                      &amp#27;[90m# starter.steps.LoginStep.iClickLoginButton()&amp#27;[0m
20:04:57.684 [Forwarding screenshot on session 796d6d513dc1d99d17dfe58415359cc9 to remote] DEBUG org.asynchttpclient.netty.request.NettyRequestSender - Using pooled Channel '[id: 0xbbc5b9ab, L:/127.0.0.1:50279 - R:localhost/127.0.0.1:64971]' for 'GET' to 'http://localhost:64971/session/796d6d513dc1d99d17dfe58415359cc9/screenshot'
20:04:57.684 [Forwarding screenshot on session 796d6d513dc1d99d17dfe58415359cc9 to remote] DEBUG org.asynchttpclient.netty.request.NettyRequestSender - Using open Channel [id: 0xbbc5b9ab, L:/127.0.0.1:50279 - R:localhost/127.0.0.1:64971] for GET '/session/796d6d513dc1d99d17dfe58415359cc9/screenshot'
20:04:57.906 [AsyncHttpClient-1-4] DEBUG org.asynchttpclient.netty.handler.HttpHandler - 

Request DefaultFullHttpRequest(decodeResult: success, version: HTTP/1.1, content: EmptyByteBufBE)
GET /session/796d6d513dc1d99d17dfe58415359cc9/screenshot HTTP/1.1
User-Agent: selenium/4.1.2 (java windows)
Cache-Control: no-cache
Content-Type: application/json; charset=utf-8
host: localhost:64971
accept: */*

Response DefaultHttpResponse(decodeResult: success, version: HTTP/1.1)
HTTP/1.1 200 OK
Content-Type: application/json; charset=utf-8
cache-control: no-cache
content-length: 48368

20:04:57.907 [AsyncHttpClient-1-4] DEBUG org.asynchttpclient.netty.channel.ChannelManager - Adding key: http://localhost:64971 for channel [id: 0xbbc5b9ab, L:/127.0.0.1:50279 - R:localhost/127.0.0.1:64971]
20:04:57.908 [main] DEBUG net.serenitybdd.core.photography.Darkroom - Send negative for processing for target\site\serenity\2b7dfcbef0b6b007d64def7fb972ec5f5f3151ae76ebd2617da9005389bac603.png
20:04:57.908 [Darkroom Processing Line] DEBUG net.serenitybdd.core.photography.DarkroomProcessingLine - Processing screenshot image in /var/screenshots/screenshot-6190219603168586685
20:04:57.908 [Darkroom Processing Line] DEBUG net.serenitybdd.core.photography.DarkroomProcessingLine - Saving screenshot to target\site\serenity\2b7dfcbef0b6b007d64def7fb972ec5f5f3151ae76ebd2617da9005389bac603.png
20:04:57.914 [Forwarding findElement on session 796d6d513dc1d99d17dfe58415359cc9 to remote] DEBUG org.asynchttpclient.netty.request.NettyRequestSender - Using pooled Channel '[id: 0xbbc5b9ab, L:/127.0.0.1:50279 - R:localhost/127.0.0.1:64971]' for 'POST' to 'http://localhost:64971/session/796d6d513dc1d99d17dfe58415359cc9/element'
20:04:57.914 [Forwarding findElement on session 796d6d513dc1d99d17dfe58415359cc9 to remote] DEBUG org.asynchttpclient.netty.request.NettyRequestSender - Using open Channel [id: 0xbbc5b9ab, L:/127.0.0.1:50279 - R:localhost/127.0.0.1:64971] for POST '/session/796d6d513dc1d99d17dfe58415359cc9/element'
20:04:58.198 [AsyncHttpClient-1-1] DEBUG org.asynchttpclient.netty.channel.DefaultChannelPool - Entry count for : http://localhost:50280 : 1
20:04:58.811 [AsyncHttpClient-1-4] DEBUG org.asynchttpclient.netty.handler.HttpHandler - 

Request DefaultHttpRequest(decodeResult: success, version: HTTP/1.1)
POST /session/796d6d513dc1d99d17dfe58415359cc9/element HTTP/1.1
User-Agent: selenium/4.1.2 (java windows)
Content-Length: 79
Content-Type: application/json; charset=utf-8
host: localhost:64971
accept: */*

Response DefaultHttpResponse(decodeResult: success, version: HTTP/1.1)
HTTP/1.1 200 OK
Content-Type: application/json; charset=utf-8
cache-control: no-cache
content-length: 88

20:04:58.811 [AsyncHttpClient-1-4] DEBUG org.asynchttpclient.netty.channel.ChannelManager - Adding key: http://localhost:64971 for channel [id: 0xbbc5b9ab, L:/127.0.0.1:50279 - R:localhost/127.0.0.1:64971]
20:04:58.815 [Forwarding isElementDisplayed on session 796d6d513dc1d99d17dfe58415359cc9 to remote] DEBUG org.asynchttpclient.netty.request.NettyRequestSender - Using pooled Channel '[id: 0xbbc5b9ab, L:/127.0.0.1:50279 - R:localhost/127.0.0.1:64971]' for 'POST' to 'http://localhost:64971/session/796d6d513dc1d99d17dfe58415359cc9/execute/sync'
20:04:58.815 [Forwarding isElementDisplayed on session 796d6d513dc1d99d17dfe58415359cc9 to remote] DEBUG org.asynchttpclient.netty.request.NettyRequestSender - Using open Channel [id: 0xbbc5b9ab, L:/127.0.0.1:50279 - R:localhost/127.0.0.1:64971] for POST '/session/796d6d513dc1d99d17dfe58415359cc9/execute/sync'
20:04:58.831 [AsyncHttpClient-1-4] DEBUG org.asynchttpclient.netty.handler.HttpHandler - 

Request DefaultHttpRequest(decodeResult: success, version: HTTP/1.1)
POST /session/796d6d513dc1d99d17dfe58415359cc9/execute/sync HTTP/1.1
User-Agent: selenium/4.1.2 (java windows)
Content-Length: 48780
Content-Type: application/json; charset=utf-8
host: localhost:64971
accept: */*

Response DefaultHttpResponse(decodeResult: success, version: HTTP/1.1)
HTTP/1.1 200 OK
Content-Type: application/json; charset=utf-8
cache-control: no-cache
content-length: 14

20:04:58.831 [AsyncHttpClient-1-4] DEBUG org.asynchttpclient.netty.channel.ChannelManager - Adding key: http://localhost:64971 for channel [id: 0xbbc5b9ab, L:/127.0.0.1:50279 - R:localhost/127.0.0.1:64971]
  &amp#27;[32mThen &amp#27;[0m&amp#27;[32mi get &amp#27;[0m&amp#27;[32m&amp#27;[1m"error message"&amp#27;[0m&amp#27;[32m result&amp#27;[0m             &amp#27;[90m# starter.steps.LoginStep.iGetResult(java.lang.String)&amp#27;[0m
20:04:58.835 [Forwarding screenshot on session 796d6d513dc1d99d17dfe58415359cc9 to remote] DEBUG org.asynchttpclient.netty.request.NettyRequestSender - Using pooled Channel '[id: 0xbbc5b9ab, L:/127.0.0.1:50279 - R:localhost/127.0.0.1:64971]' for 'GET' to 'http://localhost:64971/session/796d6d513dc1d99d17dfe58415359cc9/screenshot'
20:04:58.835 [Forwarding screenshot on session 796d6d513dc1d99d17dfe58415359cc9 to remote] DEBUG org.asynchttpclient.netty.request.NettyRequestSender - Using open Channel [id: 0xbbc5b9ab, L:/127.0.0.1:50279 - R:localhost/127.0.0.1:64971] for GET '/session/796d6d513dc1d99d17dfe58415359cc9/screenshot'
20:04:58.986 [AsyncHttpClient-1-4] DEBUG org.asynchttpclient.netty.handler.HttpHandler - 

Request DefaultFullHttpRequest(decodeResult: success, version: HTTP/1.1, content: EmptyByteBufBE)
GET /session/796d6d513dc1d99d17dfe58415359cc9/screenshot HTTP/1.1
User-Agent: selenium/4.1.2 (java windows)
Cache-Control: no-cache
Content-Type: application/json; charset=utf-8
host: localhost:64971
accept: */*

Response DefaultHttpResponse(decodeResult: success, version: HTTP/1.1)
HTTP/1.1 200 OK
Content-Type: application/json; charset=utf-8
cache-control: no-cache
content-length: 54588

20:04:58.986 [AsyncHttpClient-1-4] DEBUG org.asynchttpclient.netty.channel.ChannelManager - Adding key: http://localhost:64971 for channel [id: 0xbbc5b9ab, L:/127.0.0.1:50279 - R:localhost/127.0.0.1:64971]
20:04:58.987 [main] DEBUG net.serenitybdd.core.photography.Darkroom - Send negative for processing for target\site\serenity\dd41ec6825d7edf5968a24867ce7e9af98eb46e79b36ccae7abca332545a76ef.png
20:04:58.988 [Darkroom Processing Line] DEBUG net.serenitybdd.core.photography.DarkroomProcessingLine - Processing screenshot image in /var/screenshots/screenshot-11573575973972183621
20:04:58.988 [Darkroom Processing Line] DEBUG net.serenitybdd.core.photography.DarkroomProcessingLine - Saving screenshot to target\site\serenity\dd41ec6825d7edf5968a24867ce7e9af98eb46e79b36ccae7abca332545a76ef.png
20:04:58.993 [AsyncHttpClient-1-6] DEBUG org.asynchttpclient.netty.handler.WebSocketHandler - Channel Closed: [id: 0x17c33ec9, L:/127.0.0.1:50287 ! R:localhost/127.0.0.1:50280] with attribute NettyResponseFuture{currentRetry=5,
	isDone=1,
	isCancelled=0,
	asyncHandler=org.asynchttpclient.ws.WebSocketUpgradeHandler@5114ad6,
	nettyRequest=org.asynchttpclient.netty.request.NettyRequest@1ff4a4ee,
	future=java.util.concurrent.CompletableFuture@5a379fa[Completed normally],
	uri=ws://localhost:50280/devtools/browser/e11a4d2c-c1ed-4e99-9418-467e3525606e,
	keepAlive=true,
	redirectCount=0,
	timeoutsHolder=null,
	inAuth=0,
	touch=1667221443616}
20:04:58.993 [AsyncHttpClient-1-6] DEBUG org.asynchttpclient.netty.channel.ChannelManager - Closing Channel [id: 0x17c33ec9, L:/127.0.0.1:50287 ! R:localhost/127.0.0.1:50280] 
20:04:58.993 [Driver Command Executor] DEBUG org.asynchttpclient.netty.request.NettyRequestSender - Using pooled Channel '[id: 0xbbc5b9ab, L:/127.0.0.1:50279 - R:localhost/127.0.0.1:64971]' for 'DELETE' to 'http://localhost:64971/session/796d6d513dc1d99d17dfe58415359cc9'
20:04:58.993 [Driver Command Executor] DEBUG org.asynchttpclient.netty.request.NettyRequestSender - Using open Channel [id: 0xbbc5b9ab, L:/127.0.0.1:50279 - R:localhost/127.0.0.1:64971] for DELETE '/session/796d6d513dc1d99d17dfe58415359cc9'
20:04:59.052 [AsyncHttpClient-1-5] DEBUG org.asynchttpclient.netty.handler.HttpHandler - Unexpected I/O exception on channel [id: 0x7cfb69d5, L:/127.0.0.1:50286 - R:localhost/127.0.0.1:50280]
java.io.IOException: An existing connection was forcibly closed by the remote host
	at java.base/sun.nio.ch.SocketDispatcher.read0(Native Method)
	at java.base/sun.nio.ch.SocketDispatcher.read(SocketDispatcher.java:43)
	at java.base/sun.nio.ch.IOUtil.readIntoNativeBuffer(IOUtil.java:276)
	at java.base/sun.nio.ch.IOUtil.read(IOUtil.java:233)
	at java.base/sun.nio.ch.IOUtil.read(IOUtil.java:223)
	at java.base/sun.nio.ch.SocketChannelImpl.read(SocketChannelImpl.java:358)
	at io.netty.buffer.PooledByteBuf.setBytes(PooledByteBuf.java:258)
	at io.netty.buffer.AbstractByteBuf.writeBytes(AbstractByteBuf.java:1132)
	at io.netty.channel.socket.nio.NioSocketChannel.doReadBytes(NioSocketChannel.java:350)
	at io.netty.channel.nio.AbstractNioByteChannel$NioByteUnsafe.read(AbstractNioByteChannel.java:151)
	at io.netty.channel.nio.NioEventLoop.processSelectedKey(NioEventLoop.java:722)
	at io.netty.channel.nio.NioEventLoop.processSelectedKeysOptimized(NioEventLoop.java:658)
	at io.netty.channel.nio.NioEventLoop.processSelectedKeys(NioEventLoop.java:584)
	at io.netty.channel.nio.NioEventLoop.run(NioEventLoop.java:496)
	at io.netty.util.concurrent.SingleThreadEventExecutor$4.run(SingleThreadEventExecutor.java:986)
	at io.netty.util.internal.ThreadExecutorMap$2.run(ThreadExecutorMap.java:74)
	at io.netty.util.concurrent.FastThreadLocalRunnable.run(FastThreadLocalRunnable.java:30)
	at java.base/java.lang.Thread.run(Thread.java:834)
20:04:59.052 [AsyncHttpClient-1-5] DEBUG org.asynchttpclient.netty.channel.ChannelManager - Closing Channel [id: 0x7cfb69d5, L:/127.0.0.1:50286 - R:localhost/127.0.0.1:50280] 
20:04:59.052 [AsyncHttpClient-1-5] DEBUG org.asynchttpclient.netty.handler.HttpHandler - Channel Closed: [id: 0x7cfb69d5, L:/127.0.0.1:50286 ! R:localhost/127.0.0.1:50280] with attribute DISCARD
20:04:59.081 [AsyncHttpClient-1-4] DEBUG org.asynchttpclient.netty.handler.HttpHandler - 

Request DefaultFullHttpRequest(decodeResult: success, version: HTTP/1.1, content: EmptyByteBufBE)
DELETE /session/796d6d513dc1d99d17dfe58415359cc9 HTTP/1.1
User-Agent: selenium/4.1.2 (java windows)
Content-Type: application/json; charset=utf-8
host: localhost:64971
accept: */*

Response DefaultHttpResponse(decodeResult: success, version: HTTP/1.1)
HTTP/1.1 200 OK
Content-Type: application/json; charset=utf-8
cache-control: no-cache
content-length: 14

20:04:59.081 [AsyncHttpClient-1-4] DEBUG org.asynchttpclient.netty.channel.ChannelManager - Adding key: http://localhost:64971 for channel [id: 0xbbc5b9ab, L:/127.0.0.1:50279 - R:localhost/127.0.0.1:64971]
20:04:59.141 [AsyncHttpClient-1-4] DEBUG org.asynchttpclient.netty.handler.HttpHandler - Channel Closed: [id: 0xbbc5b9ab, L:/127.0.0.1:50279 ! R:localhost/127.0.0.1:64971] with attribute DISCARD
]]></system-out>
    <system-err><![CDATA[Starting ChromeDriver 106.0.5249.61 (511755355844955cd3e264779baf0dd38212a4d0-refs/branch-heads/5249@{#569}) on port 64971
Only local connections are allowed.
Please see https://chromedriver.chromium.org/security-considerations for suggestions on keeping ChromeDriver safe.
ChromeDriver was started successfully.
Oct 31, 2022 8:04:03 PM org.openqa.selenium.remote.ProtocolHandshake createSession
INFO: Detected dialect: W3C
Oct 31, 2022 8:04:03 PM org.openqa.selenium.devtools.CdpVersionFinder findNearestMatch
WARNING: Unable to find an exact match for CDP version 106, so returning the closest version found: a no-op implementation
Oct 31, 2022 8:04:03 PM org.openqa.selenium.devtools.CdpVersionFinder findNearestMatch
INFO: Unable to find CDP implementation matching 106.
Oct 31, 2022 8:04:03 PM org.openqa.selenium.chromium.ChromiumDriver lambda$new$3
WARNING: Unable to find version of CDP to use for . You may need to include a dependency on a specific version of the CDP using something similar to `org.seleniumhq.selenium:selenium-devtools-v86:4.1.2` where the version ("v86") matches the version of the chromium-based browser you're using and the version number of the artifact is the same as Selenium's.
]]></system-err>
  </testcase>
  <testcase name="login with email and password #9" classname="Login" time="45.909">
    <system-out><![CDATA[
@Login
Scenario Outline: login with email and password &amp#27;[90m# src/test/resources/features/login/login.feature:24&amp#27;[0m
20:04:59.190 [main] INFO io.cucumber.core.plugin.SerenityReporter - Running feature from file:///D:/TIC/Kampus%20Merdeka/MSIB/Studi%20Independen/Alterra/MiniProject/MiniProjWeb/src/test/resources/features/login/login.feature
20:04:59.199 [main] INFO net.serenitybdd.core.webdriver.driverproviders.ChromeDriverProvider - Using automatically driver download
20:04:59.301 [AsyncHttpClient-1-1] DEBUG org.asynchttpclient.netty.channel.DefaultChannelPool - Entry count for : http://localhost:50280 : 1
20:04:59.301 [AsyncHttpClient-1-1] DEBUG org.asynchttpclient.netty.channel.DefaultChannelPool - Entry count for : http://localhost:64971 : 1
20:04:59.301 [AsyncHttpClient-1-1] DEBUG org.asynchttpclient.netty.channel.DefaultChannelPool - Adding Candidate expired Channel [id: 0x7cfb69d5, L:/127.0.0.1:50286 ! R:localhost/127.0.0.1:50280] isIdleTimeoutExpired=false isRemotelyClosed=true isTtlExpired=false
20:04:59.301 [AsyncHttpClient-1-1] DEBUG org.asynchttpclient.netty.channel.DefaultChannelPool - Closing Idle Channel [id: 0x7cfb69d5, L:/127.0.0.1:50286 ! R:localhost/127.0.0.1:50280]
20:04:59.301 [AsyncHttpClient-1-1] DEBUG org.asynchttpclient.netty.channel.DefaultChannelPool - Adding Candidate expired Channel [id: 0xbbc5b9ab, L:/127.0.0.1:50279 ! R:localhost/127.0.0.1:64971] isIdleTimeoutExpired=false isRemotelyClosed=true isTtlExpired=false
20:04:59.301 [AsyncHttpClient-1-1] DEBUG org.asynchttpclient.netty.channel.DefaultChannelPool - Closing Idle Channel [id: 0xbbc5b9ab, L:/127.0.0.1:50279 ! R:localhost/127.0.0.1:64971]
20:04:59.301 [AsyncHttpClient-1-1] DEBUG org.asynchttpclient.netty.channel.DefaultChannelPool - Closed 2 connections out of 2 in 0 ms
20:04:59.372 [main] DEBUG io.github.bonigarcia.wdm.cache.ResolutionCache - Resolution chrome=106 in cache (valid until 20:51:33 31/10/2022 ICT)
20:04:59.374 [main] DEBUG io.github.bonigarcia.wdm.cache.ResolutionCache - Resolution chrome106=106.0.5249.61 in cache (valid until 17:34:34 01/11/2022 ICT)
20:04:59.374 [main] INFO io.github.bonigarcia.wdm.WebDriverManager - Using chromedriver 106.0.5249.61 (resolved driver for Chrome 106)
20:04:59.380 [main] DEBUG io.github.bonigarcia.wdm.WebDriverManager - Driver chromedriver 106.0.5249.61 found in cache
20:04:59.380 [main] INFO io.github.bonigarcia.wdm.WebDriverManager - Exporting webdriver.chrome.driver as C:\Users\user\.cache\selenium\chromedriver\win32\106.0.5249.61\chromedriver.exe
20:04:59.506 [main] DEBUG net.serenitybdd.core.webdriver.driverproviders.ProvideNewDriver - Instantiating driver
20:04:59.506 [main] DEBUG net.serenitybdd.core.webdriver.driverproviders.ProvideNewDriver - Driver capabilities: Capabilities {acceptInsecureCerts: false, base.url: https://alta-shop.vercel.app, browserName: chrome, chrome.driver: src/test/resources/webdrive..., driver: chrome, goog:chromeOptions: {args: [], extensions: []}, wait.for.timeout: 500}
20:04:59.604 [AsyncHttpClient-1-7] DEBUG org.asynchttpclient.netty.channel.NettyConnectListener - Using new Channel '[id: 0xb448ef64, L:/127.0.0.1:50369 - R:localhost/127.0.0.1:56961]' for 'POST' to '/session'
20:05:00.589 [AsyncHttpClient-1-7] DEBUG org.asynchttpclient.netty.handler.HttpHandler - 

Request DefaultHttpRequest(decodeResult: success, version: HTTP/1.1)
POST /session HTTP/1.1
User-Agent: selenium/4.1.2 (java windows)
Content-Length: 638
Content-Type: application/json; charset=utf-8
host: localhost:56961
accept: */*

Response DefaultHttpResponse(decodeResult: success, version: HTTP/1.1)
HTTP/1.1 200 OK
Content-Type: application/json; charset=utf-8
cache-control: no-cache
content-length: 790

20:05:00.589 [AsyncHttpClient-1-7] DEBUG org.asynchttpclient.netty.channel.ChannelManager - Adding key: http://localhost:56961 for channel [id: 0xb448ef64, L:/127.0.0.1:50369 - R:localhost/127.0.0.1:56961]
20:05:00.597 [AsyncHttpClient-1-8] DEBUG org.asynchttpclient.netty.channel.NettyConnectListener - Using new Channel '[id: 0x5be4d780, L:/127.0.0.1:50382 - R:localhost/127.0.0.1:50370]' for 'GET' to '/json/version'
20:05:00.600 [AsyncHttpClient-1-8] DEBUG org.asynchttpclient.netty.handler.HttpHandler - 

Request DefaultFullHttpRequest(decodeResult: success, version: HTTP/1.1, content: EmptyByteBufBE)
GET /json/version HTTP/1.1
User-Agent: selenium/4.1.2 (java windows)
host: localhost:50370
accept: */*

Response DefaultHttpResponse(decodeResult: success, version: HTTP/1.1)
HTTP/1.1 200 OK
Content-Type: application/json; charset=UTF-8
content-length: 424

20:05:00.601 [AsyncHttpClient-1-8] DEBUG org.asynchttpclient.netty.channel.ChannelManager - Adding key: http://localhost:50370 for channel [id: 0x5be4d780, L:/127.0.0.1:50382 - R:localhost/127.0.0.1:50370]
20:05:00.604 [AsyncHttpClient-1-9] DEBUG org.asynchttpclient.netty.channel.NettyConnectListener - Using new Channel '[id: 0xc5b4e467, L:/127.0.0.1:50383 - R:localhost/127.0.0.1:50370]' for 'GET' to '/devtools/browser/5177b07d-f4de-4524-95c6-083d2b419310'
20:05:00.606 [AsyncHttpClient-1-9] DEBUG org.asynchttpclient.netty.handler.WebSocketHandler - 

Request DefaultFullHttpRequest(decodeResult: success, version: HTTP/1.1, content: EmptyByteBufBE)
GET /devtools/browser/5177b07d-f4de-4524-95c6-083d2b419310 HTTP/1.1
upgrade: websocket
connection: upgrade
sec-websocket-key: 9++5kqYm8K1oV8OPNwRgYw==
sec-websocket-version: 13
origin: http://localhost:50370
host: localhost:50370
accept: */*
user-agent: AHC/2.1

Response DefaultHttpResponse(decodeResult: success, version: HTTP/1.1)
HTTP/1.1 101 WebSocket Protocol Handshake
Upgrade: WebSocket
Connection: Upgrade
Sec-WebSocket-Accept: 9Yy4QrQxCsyXIQeTJyMmj+thPRQ=

20:05:00.609 [Forwarding get on session 830be571ad92a1ad7396c43c5316ec84 to remote] DEBUG org.asynchttpclient.netty.request.NettyRequestSender - Using pooled Channel '[id: 0xb448ef64, L:/127.0.0.1:50369 - R:localhost/127.0.0.1:56961]' for 'POST' to 'http://localhost:56961/session/830be571ad92a1ad7396c43c5316ec84/url'
20:05:00.609 [Forwarding get on session 830be571ad92a1ad7396c43c5316ec84 to remote] DEBUG org.asynchttpclient.netty.request.NettyRequestSender - Using open Channel [id: 0xb448ef64, L:/127.0.0.1:50369 - R:localhost/127.0.0.1:56961] for POST '/session/830be571ad92a1ad7396c43c5316ec84/url'
20:05:01.506 [AsyncHttpClient-1-1] DEBUG org.asynchttpclient.netty.channel.DefaultChannelPool - Entry count for : http://localhost:50370 : 1
20:05:02.611 [AsyncHttpClient-1-1] DEBUG org.asynchttpclient.netty.channel.DefaultChannelPool - Entry count for : http://localhost:50370 : 1
20:05:03.711 [AsyncHttpClient-1-1] DEBUG org.asynchttpclient.netty.channel.DefaultChannelPool - Entry count for : http://localhost:50370 : 1
20:05:04.799 [AsyncHttpClient-1-1] DEBUG org.asynchttpclient.netty.channel.DefaultChannelPool - Entry count for : http://localhost:50370 : 1
20:05:05.904 [AsyncHttpClient-1-1] DEBUG org.asynchttpclient.netty.channel.DefaultChannelPool - Entry count for : http://localhost:50370 : 1
20:05:07.006 [AsyncHttpClient-1-1] DEBUG org.asynchttpclient.netty.channel.DefaultChannelPool - Entry count for : http://localhost:50370 : 1
20:05:08.111 [AsyncHttpClient-1-1] DEBUG org.asynchttpclient.netty.channel.DefaultChannelPool - Entry count for : http://localhost:50370 : 1
20:05:09.197 [AsyncHttpClient-1-1] DEBUG org.asynchttpclient.netty.channel.DefaultChannelPool - Entry count for : http://localhost:50370 : 1
20:05:10.311 [AsyncHttpClient-1-1] DEBUG org.asynchttpclient.netty.channel.DefaultChannelPool - Entry count for : http://localhost:50370 : 1
20:05:11.403 [AsyncHttpClient-1-1] DEBUG org.asynchttpclient.netty.channel.DefaultChannelPool - Entry count for : http://localhost:50370 : 1
20:05:12.501 [AsyncHttpClient-1-1] DEBUG org.asynchttpclient.netty.channel.DefaultChannelPool - Entry count for : http://localhost:50370 : 1
20:05:13.603 [AsyncHttpClient-1-1] DEBUG org.asynchttpclient.netty.channel.DefaultChannelPool - Entry count for : http://localhost:50370 : 1
20:05:14.699 [AsyncHttpClient-1-1] DEBUG org.asynchttpclient.netty.channel.DefaultChannelPool - Entry count for : http://localhost:50370 : 1
20:05:15.799 [AsyncHttpClient-1-1] DEBUG org.asynchttpclient.netty.channel.DefaultChannelPool - Entry count for : http://localhost:50370 : 1
20:05:16.907 [AsyncHttpClient-1-1] DEBUG org.asynchttpclient.netty.channel.DefaultChannelPool - Entry count for : http://localhost:50370 : 1
20:05:18.010 [AsyncHttpClient-1-1] DEBUG org.asynchttpclient.netty.channel.DefaultChannelPool - Entry count for : http://localhost:50370 : 1
20:05:19.098 [AsyncHttpClient-1-1] DEBUG org.asynchttpclient.netty.channel.DefaultChannelPool - Entry count for : http://localhost:50370 : 1
20:05:20.200 [AsyncHttpClient-1-1] DEBUG org.asynchttpclient.netty.channel.DefaultChannelPool - Entry count for : http://localhost:50370 : 1
20:05:21.304 [AsyncHttpClient-1-1] DEBUG org.asynchttpclient.netty.channel.DefaultChannelPool - Entry count for : http://localhost:50370 : 1
20:05:22.408 [AsyncHttpClient-1-1] DEBUG org.asynchttpclient.netty.channel.DefaultChannelPool - Entry count for : http://localhost:50370 : 1
20:05:23.510 [AsyncHttpClient-1-1] DEBUG org.asynchttpclient.netty.channel.DefaultChannelPool - Entry count for : http://localhost:50370 : 1
20:05:24.608 [AsyncHttpClient-1-1] DEBUG org.asynchttpclient.netty.channel.DefaultChannelPool - Entry count for : http://localhost:50370 : 1
20:05:25.701 [AsyncHttpClient-1-1] DEBUG org.asynchttpclient.netty.channel.DefaultChannelPool - Entry count for : http://localhost:50370 : 1
20:05:26.806 [AsyncHttpClient-1-1] DEBUG org.asynchttpclient.netty.channel.DefaultChannelPool - Entry count for : http://localhost:50370 : 1
20:05:27.903 [AsyncHttpClient-1-1] DEBUG org.asynchttpclient.netty.channel.DefaultChannelPool - Entry count for : http://localhost:50370 : 1
20:05:29.033 [AsyncHttpClient-1-1] DEBUG org.asynchttpclient.netty.channel.DefaultChannelPool - Entry count for : http://localhost:50370 : 1
20:05:30.174 [AsyncHttpClient-1-1] DEBUG org.asynchttpclient.netty.channel.DefaultChannelPool - Entry count for : http://localhost:50370 : 1
20:05:31.203 [AsyncHttpClient-1-1] DEBUG org.asynchttpclient.netty.channel.DefaultChannelPool - Entry count for : http://localhost:50370 : 1
20:05:32.304 [AsyncHttpClient-1-1] DEBUG org.asynchttpclient.netty.channel.DefaultChannelPool - Entry count for : http://localhost:50370 : 1
20:05:33.398 [AsyncHttpClient-1-1] DEBUG org.asynchttpclient.netty.channel.DefaultChannelPool - Entry count for : http://localhost:50370 : 1
20:05:34.498 [AsyncHttpClient-1-1] DEBUG org.asynchttpclient.netty.channel.DefaultChannelPool - Entry count for : http://localhost:50370 : 1
20:05:35.599 [AsyncHttpClient-1-1] DEBUG org.asynchttpclient.netty.channel.DefaultChannelPool - Entry count for : http://localhost:50370 : 1
20:05:36.698 [AsyncHttpClient-1-1] DEBUG org.asynchttpclient.netty.channel.DefaultChannelPool - Entry count for : http://localhost:50370 : 1
20:05:37.798 [AsyncHttpClient-1-1] DEBUG org.asynchttpclient.netty.channel.DefaultChannelPool - Entry count for : http://localhost:50370 : 1
20:05:38.897 [AsyncHttpClient-1-1] DEBUG org.asynchttpclient.netty.channel.DefaultChannelPool - Entry count for : http://localhost:50370 : 1
20:05:39.998 [AsyncHttpClient-1-1] DEBUG org.asynchttpclient.netty.channel.DefaultChannelPool - Entry count for : http://localhost:50370 : 1
20:05:40.521 [AsyncHttpClient-1-7] DEBUG org.asynchttpclient.netty.handler.HttpHandler - 

Request DefaultHttpRequest(decodeResult: success, version: HTTP/1.1)
POST /session/830be571ad92a1ad7396c43c5316ec84/url HTTP/1.1
User-Agent: selenium/4.1.2 (java windows)
Content-Length: 59
Content-Type: application/json; charset=utf-8
host: localhost:56961
accept: */*

Response DefaultHttpResponse(decodeResult: success, version: HTTP/1.1)
HTTP/1.1 200 OK
Content-Type: application/json; charset=utf-8
cache-control: no-cache
content-length: 14

20:05:40.521 [AsyncHttpClient-1-7] DEBUG org.asynchttpclient.netty.channel.ChannelManager - Adding key: http://localhost:56961 for channel [id: 0xb448ef64, L:/127.0.0.1:50369 - R:localhost/127.0.0.1:56961]
20:05:40.522 [Forwarding setTimeout on session 830be571ad92a1ad7396c43c5316ec84 to remote] DEBUG org.asynchttpclient.netty.request.NettyRequestSender - Using pooled Channel '[id: 0xb448ef64, L:/127.0.0.1:50369 - R:localhost/127.0.0.1:56961]' for 'POST' to 'http://localhost:56961/session/830be571ad92a1ad7396c43c5316ec84/timeouts'
20:05:40.522 [Forwarding setTimeout on session 830be571ad92a1ad7396c43c5316ec84 to remote] DEBUG org.asynchttpclient.netty.request.NettyRequestSender - Using open Channel [id: 0xb448ef64, L:/127.0.0.1:50369 - R:localhost/127.0.0.1:56961] for POST '/session/830be571ad92a1ad7396c43c5316ec84/timeouts'
20:05:40.524 [AsyncHttpClient-1-7] DEBUG org.asynchttpclient.netty.handler.HttpHandler - 

Request DefaultHttpRequest(decodeResult: success, version: HTTP/1.1)
POST /session/830be571ad92a1ad7396c43c5316ec84/timeouts HTTP/1.1
User-Agent: selenium/4.1.2 (java windows)
Content-Length: 22
Content-Type: application/json; charset=utf-8
host: localhost:56961
accept: */*

Response DefaultHttpResponse(decodeResult: success, version: HTTP/1.1)
HTTP/1.1 200 OK
Content-Type: application/json; charset=utf-8
cache-control: no-cache
content-length: 14

20:05:40.524 [AsyncHttpClient-1-7] DEBUG org.asynchttpclient.netty.channel.ChannelManager - Adding key: http://localhost:56961 for channel [id: 0xb448ef64, L:/127.0.0.1:50369 - R:localhost/127.0.0.1:56961]
20:05:40.526 [Forwarding getCurrentUrl on session 830be571ad92a1ad7396c43c5316ec84 to remote] DEBUG org.asynchttpclient.netty.request.NettyRequestSender - Using pooled Channel '[id: 0xb448ef64, L:/127.0.0.1:50369 - R:localhost/127.0.0.1:56961]' for 'GET' to 'http://localhost:56961/session/830be571ad92a1ad7396c43c5316ec84/url'
20:05:40.526 [Forwarding getCurrentUrl on session 830be571ad92a1ad7396c43c5316ec84 to remote] DEBUG org.asynchttpclient.netty.request.NettyRequestSender - Using open Channel [id: 0xb448ef64, L:/127.0.0.1:50369 - R:localhost/127.0.0.1:56961] for GET '/session/830be571ad92a1ad7396c43c5316ec84/url'
20:05:40.532 [AsyncHttpClient-1-7] DEBUG org.asynchttpclient.netty.handler.HttpHandler - 

Request DefaultFullHttpRequest(decodeResult: success, version: HTTP/1.1, content: EmptyByteBufBE)
GET /session/830be571ad92a1ad7396c43c5316ec84/url HTTP/1.1
User-Agent: selenium/4.1.2 (java windows)
Cache-Control: no-cache
Content-Type: application/json; charset=utf-8
host: localhost:56961
accept: */*

Response DefaultHttpResponse(decodeResult: success, version: HTTP/1.1)
HTTP/1.1 200 OK
Content-Type: application/json; charset=utf-8
cache-control: no-cache
content-length: 41

20:05:40.532 [AsyncHttpClient-1-7] DEBUG org.asynchttpclient.netty.channel.ChannelManager - Adding key: http://localhost:56961 for channel [id: 0xb448ef64, L:/127.0.0.1:50369 - R:localhost/127.0.0.1:56961]
  &amp#27;[32mGiven &amp#27;[0m&amp#27;[32mI open the website&amp#27;[0m                      &amp#27;[90m# starter.steps.RegistrationStep.iOpenTheWebsite()&amp#27;[0m
20:05:40.536 [Forwarding screenshot on session 830be571ad92a1ad7396c43c5316ec84 to remote] DEBUG org.asynchttpclient.netty.request.NettyRequestSender - Using pooled Channel '[id: 0xb448ef64, L:/127.0.0.1:50369 - R:localhost/127.0.0.1:56961]' for 'GET' to 'http://localhost:56961/session/830be571ad92a1ad7396c43c5316ec84/screenshot'
20:05:40.536 [Forwarding screenshot on session 830be571ad92a1ad7396c43c5316ec84 to remote] DEBUG org.asynchttpclient.netty.request.NettyRequestSender - Using open Channel [id: 0xb448ef64, L:/127.0.0.1:50369 - R:localhost/127.0.0.1:56961] for GET '/session/830be571ad92a1ad7396c43c5316ec84/screenshot'
20:05:40.906 [AsyncHttpClient-1-7] DEBUG org.asynchttpclient.netty.handler.HttpHandler - 

Request DefaultFullHttpRequest(decodeResult: success, version: HTTP/1.1, content: EmptyByteBufBE)
GET /session/830be571ad92a1ad7396c43c5316ec84/screenshot HTTP/1.1
User-Agent: selenium/4.1.2 (java windows)
Cache-Control: no-cache
Content-Type: application/json; charset=utf-8
host: localhost:56961
accept: */*

Response DefaultHttpResponse(decodeResult: success, version: HTTP/1.1)
HTTP/1.1 200 OK
Content-Type: application/json; charset=utf-8
cache-control: no-cache
content-length: 69584

20:05:40.907 [AsyncHttpClient-1-7] DEBUG org.asynchttpclient.netty.channel.ChannelManager - Adding key: http://localhost:56961 for channel [id: 0xb448ef64, L:/127.0.0.1:50369 - R:localhost/127.0.0.1:56961]
20:05:40.908 [main] DEBUG net.serenitybdd.core.photography.Darkroom - Send negative for processing for target\site\serenity\5297bd387dc3249e00c2d6656fb13e2699af90824ba878fd382afd24108abb14.png
20:05:40.920 [Forwarding findElement on session 830be571ad92a1ad7396c43c5316ec84 to remote] DEBUG org.asynchttpclient.netty.request.NettyRequestSender - Using pooled Channel '[id: 0xb448ef64, L:/127.0.0.1:50369 - R:localhost/127.0.0.1:56961]' for 'POST' to 'http://localhost:56961/session/830be571ad92a1ad7396c43c5316ec84/element'
20:05:40.920 [Forwarding findElement on session 830be571ad92a1ad7396c43c5316ec84 to remote] DEBUG org.asynchttpclient.netty.request.NettyRequestSender - Using open Channel [id: 0xb448ef64, L:/127.0.0.1:50369 - R:localhost/127.0.0.1:56961] for POST '/session/830be571ad92a1ad7396c43c5316ec84/element'
20:05:40.950 [AsyncHttpClient-1-7] DEBUG org.asynchttpclient.netty.handler.HttpHandler - 

Request DefaultHttpRequest(decodeResult: success, version: HTTP/1.1)
POST /session/830be571ad92a1ad7396c43c5316ec84/element HTTP/1.1
User-Agent: selenium/4.1.2 (java windows)
Content-Length: 97
Content-Type: application/json; charset=utf-8
host: localhost:56961
accept: */*

Response DefaultHttpResponse(decodeResult: success, version: HTTP/1.1)
HTTP/1.1 200 OK
Content-Type: application/json; charset=utf-8
cache-control: no-cache
content-length: 88

20:05:40.951 [AsyncHttpClient-1-7] DEBUG org.asynchttpclient.netty.channel.ChannelManager - Adding key: http://localhost:56961 for channel [id: 0xb448ef64, L:/127.0.0.1:50369 - R:localhost/127.0.0.1:56961]
20:05:40.952 [Forwarding getElementTagName on session 830be571ad92a1ad7396c43c5316ec84 to remote] DEBUG org.asynchttpclient.netty.request.NettyRequestSender - Using pooled Channel '[id: 0xb448ef64, L:/127.0.0.1:50369 - R:localhost/127.0.0.1:56961]' for 'GET' to 'http://localhost:56961/session/830be571ad92a1ad7396c43c5316ec84/element/1fc04370-a1c0-405d-a910-f8db84b5da4d/name'
20:05:40.952 [Forwarding getElementTagName on session 830be571ad92a1ad7396c43c5316ec84 to remote] DEBUG org.asynchttpclient.netty.request.NettyRequestSender - Using open Channel [id: 0xb448ef64, L:/127.0.0.1:50369 - R:localhost/127.0.0.1:56961] for GET '/session/830be571ad92a1ad7396c43c5316ec84/element/1fc04370-a1c0-405d-a910-f8db84b5da4d/name'
20:05:40.955 [AsyncHttpClient-1-7] DEBUG org.asynchttpclient.netty.handler.HttpHandler - 

Request DefaultFullHttpRequest(decodeResult: success, version: HTTP/1.1, content: EmptyByteBufBE)
GET /session/830be571ad92a1ad7396c43c5316ec84/element/1fc04370-a1c0-405d-a910-f8db84b5da4d/name HTTP/1.1
User-Agent: selenium/4.1.2 (java windows)
Cache-Control: no-cache
Content-Type: application/json; charset=utf-8
host: localhost:56961
accept: */*

Response DefaultHttpResponse(decodeResult: success, version: HTTP/1.1)
HTTP/1.1 200 OK
Content-Type: application/json; charset=utf-8
cache-control: no-cache
content-length: 13

20:05:40.955 [AsyncHttpClient-1-7] DEBUG org.asynchttpclient.netty.channel.ChannelManager - Adding key: http://localhost:56961 for channel [id: 0xb448ef64, L:/127.0.0.1:50369 - R:localhost/127.0.0.1:56961]
20:05:40.958 [Forwarding getElementTagName on session 830be571ad92a1ad7396c43c5316ec84 to remote] DEBUG org.asynchttpclient.netty.request.NettyRequestSender - Using pooled Channel '[id: 0xb448ef64, L:/127.0.0.1:50369 - R:localhost/127.0.0.1:56961]' for 'GET' to 'http://localhost:56961/session/830be571ad92a1ad7396c43c5316ec84/element/1fc04370-a1c0-405d-a910-f8db84b5da4d/name'
20:05:40.958 [Forwarding getElementTagName on session 830be571ad92a1ad7396c43c5316ec84 to remote] DEBUG org.asynchttpclient.netty.request.NettyRequestSender - Using open Channel [id: 0xb448ef64, L:/127.0.0.1:50369 - R:localhost/127.0.0.1:56961] for GET '/session/830be571ad92a1ad7396c43c5316ec84/element/1fc04370-a1c0-405d-a910-f8db84b5da4d/name'
20:05:40.963 [AsyncHttpClient-1-7] DEBUG org.asynchttpclient.netty.handler.HttpHandler - 

Request DefaultFullHttpRequest(decodeResult: success, version: HTTP/1.1, content: EmptyByteBufBE)
GET /session/830be571ad92a1ad7396c43c5316ec84/element/1fc04370-a1c0-405d-a910-f8db84b5da4d/name HTTP/1.1
User-Agent: selenium/4.1.2 (java windows)
Cache-Control: no-cache
Content-Type: application/json; charset=utf-8
host: localhost:56961
accept: */*

Response DefaultHttpResponse(decodeResult: success, version: HTTP/1.1)
HTTP/1.1 200 OK
Content-Type: application/json; charset=utf-8
cache-control: no-cache
content-length: 13

20:05:40.963 [AsyncHttpClient-1-7] DEBUG org.asynchttpclient.netty.channel.ChannelManager - Adding key: http://localhost:56961 for channel [id: 0xb448ef64, L:/127.0.0.1:50369 - R:localhost/127.0.0.1:56961]
20:05:40.980 [Forwarding findElement on session 830be571ad92a1ad7396c43c5316ec84 to remote] DEBUG org.asynchttpclient.netty.request.NettyRequestSender - Using pooled Channel '[id: 0xb448ef64, L:/127.0.0.1:50369 - R:localhost/127.0.0.1:56961]' for 'POST' to 'http://localhost:56961/session/830be571ad92a1ad7396c43c5316ec84/element'
20:05:40.980 [Forwarding findElement on session 830be571ad92a1ad7396c43c5316ec84 to remote] DEBUG org.asynchttpclient.netty.request.NettyRequestSender - Using open Channel [id: 0xb448ef64, L:/127.0.0.1:50369 - R:localhost/127.0.0.1:56961] for POST '/session/830be571ad92a1ad7396c43c5316ec84/element'
20:05:41.009 [AsyncHttpClient-1-7] DEBUG org.asynchttpclient.netty.handler.HttpHandler - 

Request DefaultHttpRequest(decodeResult: success, version: HTTP/1.1)
POST /session/830be571ad92a1ad7396c43c5316ec84/element HTTP/1.1
User-Agent: selenium/4.1.2 (java windows)
Content-Length: 97
Content-Type: application/json; charset=utf-8
host: localhost:56961
accept: */*

Response DefaultHttpResponse(decodeResult: success, version: HTTP/1.1)
HTTP/1.1 200 OK
Content-Type: application/json; charset=utf-8
cache-control: no-cache
content-length: 88

20:05:41.010 [AsyncHttpClient-1-7] DEBUG org.asynchttpclient.netty.channel.ChannelManager - Adding key: http://localhost:56961 for channel [id: 0xb448ef64, L:/127.0.0.1:50369 - R:localhost/127.0.0.1:56961]
20:05:41.011 [Forwarding clickElement on session 830be571ad92a1ad7396c43c5316ec84 to remote] DEBUG org.asynchttpclient.netty.request.NettyRequestSender - Using pooled Channel '[id: 0xb448ef64, L:/127.0.0.1:50369 - R:localhost/127.0.0.1:56961]' for 'POST' to 'http://localhost:56961/session/830be571ad92a1ad7396c43c5316ec84/element/1fc04370-a1c0-405d-a910-f8db84b5da4d/click'
20:05:41.011 [Forwarding clickElement on session 830be571ad92a1ad7396c43c5316ec84 to remote] DEBUG org.asynchttpclient.netty.request.NettyRequestSender - Using open Channel [id: 0xb448ef64, L:/127.0.0.1:50369 - R:localhost/127.0.0.1:56961] for POST '/session/830be571ad92a1ad7396c43c5316ec84/element/1fc04370-a1c0-405d-a910-f8db84b5da4d/click'
20:05:41.098 [AsyncHttpClient-1-1] DEBUG org.asynchttpclient.netty.channel.DefaultChannelPool - Entry count for : http://localhost:50370 : 1
20:05:41.185 [AsyncHttpClient-1-7] DEBUG org.asynchttpclient.netty.handler.HttpHandler - 

Request DefaultHttpRequest(decodeResult: success, version: HTTP/1.1)
POST /session/830be571ad92a1ad7396c43c5316ec84/element/1fc04370-a1c0-405d-a910-f8db84b5da4d/click HTTP/1.1
User-Agent: selenium/4.1.2 (java windows)
Content-Length: 50
Content-Type: application/json; charset=utf-8
host: localhost:56961
accept: */*

Response DefaultHttpResponse(decodeResult: success, version: HTTP/1.1)
HTTP/1.1 200 OK
Content-Type: application/json; charset=utf-8
cache-control: no-cache
content-length: 14

20:05:41.186 [AsyncHttpClient-1-7] DEBUG org.asynchttpclient.netty.channel.ChannelManager - Adding key: http://localhost:56961 for channel [id: 0xb448ef64, L:/127.0.0.1:50369 - R:localhost/127.0.0.1:56961]
  &amp#27;[32mWhen &amp#27;[0m&amp#27;[32mI click sign in button&amp#27;[0m                   &amp#27;[90m# starter.steps.RegistrationStep.iClickSignInButton()&amp#27;[0m
20:05:41.201 [Forwarding screenshot on session 830be571ad92a1ad7396c43c5316ec84 to remote] DEBUG org.asynchttpclient.netty.request.NettyRequestSender - Using pooled Channel '[id: 0xb448ef64, L:/127.0.0.1:50369 - R:localhost/127.0.0.1:56961]' for 'GET' to 'http://localhost:56961/session/830be571ad92a1ad7396c43c5316ec84/screenshot'
20:05:41.201 [Forwarding screenshot on session 830be571ad92a1ad7396c43c5316ec84 to remote] DEBUG org.asynchttpclient.netty.request.NettyRequestSender - Using open Channel [id: 0xb448ef64, L:/127.0.0.1:50369 - R:localhost/127.0.0.1:56961] for GET '/session/830be571ad92a1ad7396c43c5316ec84/screenshot'
20:05:41.587 [AsyncHttpClient-1-7] DEBUG org.asynchttpclient.netty.handler.HttpHandler - 

Request DefaultFullHttpRequest(decodeResult: success, version: HTTP/1.1, content: EmptyByteBufBE)
GET /session/830be571ad92a1ad7396c43c5316ec84/screenshot HTTP/1.1
User-Agent: selenium/4.1.2 (java windows)
Cache-Control: no-cache
Content-Type: application/json; charset=utf-8
host: localhost:56961
accept: */*

Response DefaultHttpResponse(decodeResult: success, version: HTTP/1.1)
HTTP/1.1 200 OK
Content-Type: application/json; charset=utf-8
cache-control: no-cache
content-length: 39716

20:05:41.587 [AsyncHttpClient-1-7] DEBUG org.asynchttpclient.netty.channel.ChannelManager - Adding key: http://localhost:56961 for channel [id: 0xb448ef64, L:/127.0.0.1:50369 - R:localhost/127.0.0.1:56961]
20:05:41.589 [main] DEBUG net.serenitybdd.core.photography.Darkroom - Send negative for processing for target\site\serenity\7f160c748f257d58dfc9ec5c55735fa25651476d895457f64b142f9a76b8ca48.png
20:05:41.589 [Darkroom Processing Line] DEBUG net.serenitybdd.core.photography.DarkroomProcessingLine - Processing screenshot image in /var/screenshots/screenshot-15937578146969912535
20:05:41.589 [Darkroom Processing Line] DEBUG net.serenitybdd.core.photography.DarkroomProcessingLine - Saving screenshot to target\site\serenity\7f160c748f257d58dfc9ec5c55735fa25651476d895457f64b142f9a76b8ca48.png
20:05:41.599 [Forwarding findElement on session 830be571ad92a1ad7396c43c5316ec84 to remote] DEBUG org.asynchttpclient.netty.request.NettyRequestSender - Using pooled Channel '[id: 0xb448ef64, L:/127.0.0.1:50369 - R:localhost/127.0.0.1:56961]' for 'POST' to 'http://localhost:56961/session/830be571ad92a1ad7396c43c5316ec84/element'
20:05:41.599 [Forwarding findElement on session 830be571ad92a1ad7396c43c5316ec84 to remote] DEBUG org.asynchttpclient.netty.request.NettyRequestSender - Using open Channel [id: 0xb448ef64, L:/127.0.0.1:50369 - R:localhost/127.0.0.1:56961] for POST '/session/830be571ad92a1ad7396c43c5316ec84/element'
20:05:41.607 [AsyncHttpClient-1-7] DEBUG org.asynchttpclient.netty.handler.HttpHandler - 

Request DefaultHttpRequest(decodeResult: success, version: HTTP/1.1)
POST /session/830be571ad92a1ad7396c43c5316ec84/element HTTP/1.1
User-Agent: selenium/4.1.2 (java windows)
Content-Length: 87
Content-Type: application/json; charset=utf-8
host: localhost:56961
accept: */*

Response DefaultHttpResponse(decodeResult: success, version: HTTP/1.1)
HTTP/1.1 200 OK
Content-Type: application/json; charset=utf-8
cache-control: no-cache
content-length: 88

20:05:41.607 [AsyncHttpClient-1-7] DEBUG org.asynchttpclient.netty.channel.ChannelManager - Adding key: http://localhost:56961 for channel [id: 0xb448ef64, L:/127.0.0.1:50369 - R:localhost/127.0.0.1:56961]
20:05:41.608 [Forwarding clearElement on session 830be571ad92a1ad7396c43c5316ec84 to remote] DEBUG org.asynchttpclient.netty.request.NettyRequestSender - Using pooled Channel '[id: 0xb448ef64, L:/127.0.0.1:50369 - R:localhost/127.0.0.1:56961]' for 'POST' to 'http://localhost:56961/session/830be571ad92a1ad7396c43c5316ec84/element/647e9316-bb58-4093-b765-3097303dcbbd/clear'
20:05:41.608 [Forwarding clearElement on session 830be571ad92a1ad7396c43c5316ec84 to remote] DEBUG org.asynchttpclient.netty.request.NettyRequestSender - Using open Channel [id: 0xb448ef64, L:/127.0.0.1:50369 - R:localhost/127.0.0.1:56961] for POST '/session/830be571ad92a1ad7396c43c5316ec84/element/647e9316-bb58-4093-b765-3097303dcbbd/clear'
20:05:41.632 [AsyncHttpClient-1-7] DEBUG org.asynchttpclient.netty.handler.HttpHandler - 

Request DefaultHttpRequest(decodeResult: success, version: HTTP/1.1)
POST /session/830be571ad92a1ad7396c43c5316ec84/element/647e9316-bb58-4093-b765-3097303dcbbd/clear HTTP/1.1
User-Agent: selenium/4.1.2 (java windows)
Content-Length: 50
Content-Type: application/json; charset=utf-8
host: localhost:56961
accept: */*

Response DefaultHttpResponse(decodeResult: success, version: HTTP/1.1)
HTTP/1.1 200 OK
Content-Type: application/json; charset=utf-8
cache-control: no-cache
content-length: 14

20:05:41.632 [AsyncHttpClient-1-7] DEBUG org.asynchttpclient.netty.channel.ChannelManager - Adding key: http://localhost:56961 for channel [id: 0xb448ef64, L:/127.0.0.1:50369 - R:localhost/127.0.0.1:56961]
20:05:41.635 [Forwarding sendKeysToElement on session 830be571ad92a1ad7396c43c5316ec84 to remote] DEBUG org.asynchttpclient.netty.request.NettyRequestSender - Using pooled Channel '[id: 0xb448ef64, L:/127.0.0.1:50369 - R:localhost/127.0.0.1:56961]' for 'POST' to 'http://localhost:56961/session/830be571ad92a1ad7396c43c5316ec84/element/647e9316-bb58-4093-b765-3097303dcbbd/value'
20:05:41.635 [Forwarding sendKeysToElement on session 830be571ad92a1ad7396c43c5316ec84 to remote] DEBUG org.asynchttpclient.netty.request.NettyRequestSender - Using open Channel [id: 0xb448ef64, L:/127.0.0.1:50369 - R:localhost/127.0.0.1:56961] for POST '/session/830be571ad92a1ad7396c43c5316ec84/element/647e9316-bb58-4093-b765-3097303dcbbd/value'
20:05:41.832 [AsyncHttpClient-1-7] DEBUG org.asynchttpclient.netty.handler.HttpHandler - 

Request DefaultHttpRequest(decodeResult: success, version: HTTP/1.1)
POST /session/830be571ad92a1ad7396c43c5316ec84/element/647e9316-bb58-4093-b765-3097303dcbbd/value HTTP/1.1
User-Agent: selenium/4.1.2 (java windows)
Content-Length: 271
Content-Type: application/json; charset=utf-8
host: localhost:56961
accept: */*

Response DefaultHttpResponse(decodeResult: success, version: HTTP/1.1)
HTTP/1.1 200 OK
Content-Type: application/json; charset=utf-8
cache-control: no-cache
content-length: 14

20:05:41.832 [AsyncHttpClient-1-7] DEBUG org.asynchttpclient.netty.channel.ChannelManager - Adding key: http://localhost:56961 for channel [id: 0xb448ef64, L:/127.0.0.1:50369 - R:localhost/127.0.0.1:56961]
  &amp#27;[32mAnd &amp#27;[0m&amp#27;[32mI input &amp#27;[0m&amp#27;[32m&amp#27;[1m"akumaylan@gmail.com"&amp#27;[0m&amp#27;[32m email&amp#27;[0m       &amp#27;[90m# starter.steps.LoginStep.iInputEmail(java.lang.String)&amp#27;[0m
20:05:41.837 [Forwarding screenshot on session 830be571ad92a1ad7396c43c5316ec84 to remote] DEBUG org.asynchttpclient.netty.request.NettyRequestSender - Using pooled Channel '[id: 0xb448ef64, L:/127.0.0.1:50369 - R:localhost/127.0.0.1:56961]' for 'GET' to 'http://localhost:56961/session/830be571ad92a1ad7396c43c5316ec84/screenshot'
20:05:41.837 [Forwarding screenshot on session 830be571ad92a1ad7396c43c5316ec84 to remote] DEBUG org.asynchttpclient.netty.request.NettyRequestSender - Using open Channel [id: 0xb448ef64, L:/127.0.0.1:50369 - R:localhost/127.0.0.1:56961] for GET '/session/830be571ad92a1ad7396c43c5316ec84/screenshot'
20:05:42.067 [AsyncHttpClient-1-7] DEBUG org.asynchttpclient.netty.handler.HttpHandler - 

Request DefaultFullHttpRequest(decodeResult: success, version: HTTP/1.1, content: EmptyByteBufBE)
GET /session/830be571ad92a1ad7396c43c5316ec84/screenshot HTTP/1.1
User-Agent: selenium/4.1.2 (java windows)
Cache-Control: no-cache
Content-Type: application/json; charset=utf-8
host: localhost:56961
accept: */*

Response DefaultHttpResponse(decodeResult: success, version: HTTP/1.1)
HTTP/1.1 200 OK
Content-Type: application/json; charset=utf-8
cache-control: no-cache
content-length: 47168

20:05:42.067 [AsyncHttpClient-1-7] DEBUG org.asynchttpclient.netty.channel.ChannelManager - Adding key: http://localhost:56961 for channel [id: 0xb448ef64, L:/127.0.0.1:50369 - R:localhost/127.0.0.1:56961]
20:05:42.069 [main] DEBUG net.serenitybdd.core.photography.Darkroom - Send negative for processing for target\site\serenity\07edf6a4babd0d0bc6536ed184c2c63e89420426748f2be3e29203e8f4eae8ea.png
20:05:42.069 [Darkroom Processing Line] DEBUG net.serenitybdd.core.photography.DarkroomProcessingLine - Processing screenshot image in /var/screenshots/screenshot-11918616354199304811
20:05:42.069 [Darkroom Processing Line] DEBUG net.serenitybdd.core.photography.DarkroomProcessingLine - Saving screenshot to target\site\serenity\07edf6a4babd0d0bc6536ed184c2c63e89420426748f2be3e29203e8f4eae8ea.png
20:05:42.076 [Forwarding findElement on session 830be571ad92a1ad7396c43c5316ec84 to remote] DEBUG org.asynchttpclient.netty.request.NettyRequestSender - Using pooled Channel '[id: 0xb448ef64, L:/127.0.0.1:50369 - R:localhost/127.0.0.1:56961]' for 'POST' to 'http://localhost:56961/session/830be571ad92a1ad7396c43c5316ec84/element'
20:05:42.076 [Forwarding findElement on session 830be571ad92a1ad7396c43c5316ec84 to remote] DEBUG org.asynchttpclient.netty.request.NettyRequestSender - Using open Channel [id: 0xb448ef64, L:/127.0.0.1:50369 - R:localhost/127.0.0.1:56961] for POST '/session/830be571ad92a1ad7396c43c5316ec84/element'
20:05:42.150 [AsyncHttpClient-1-7] DEBUG org.asynchttpclient.netty.handler.HttpHandler - 

Request DefaultHttpRequest(decodeResult: success, version: HTTP/1.1)
POST /session/830be571ad92a1ad7396c43c5316ec84/element HTTP/1.1
User-Agent: selenium/4.1.2 (java windows)
Content-Length: 89
Content-Type: application/json; charset=utf-8
host: localhost:56961
accept: */*

Response DefaultHttpResponse(decodeResult: success, version: HTTP/1.1)
HTTP/1.1 200 OK
Content-Type: application/json; charset=utf-8
cache-control: no-cache
content-length: 88

20:05:42.150 [AsyncHttpClient-1-7] DEBUG org.asynchttpclient.netty.channel.ChannelManager - Adding key: http://localhost:56961 for channel [id: 0xb448ef64, L:/127.0.0.1:50369 - R:localhost/127.0.0.1:56961]
20:05:42.150 [Forwarding clearElement on session 830be571ad92a1ad7396c43c5316ec84 to remote] DEBUG org.asynchttpclient.netty.request.NettyRequestSender - Using pooled Channel '[id: 0xb448ef64, L:/127.0.0.1:50369 - R:localhost/127.0.0.1:56961]' for 'POST' to 'http://localhost:56961/session/830be571ad92a1ad7396c43c5316ec84/element/1a4e781e-cc04-4596-b502-727d168f03a2/clear'
20:05:42.150 [Forwarding clearElement on session 830be571ad92a1ad7396c43c5316ec84 to remote] DEBUG org.asynchttpclient.netty.request.NettyRequestSender - Using open Channel [id: 0xb448ef64, L:/127.0.0.1:50369 - R:localhost/127.0.0.1:56961] for POST '/session/830be571ad92a1ad7396c43c5316ec84/element/1a4e781e-cc04-4596-b502-727d168f03a2/clear'
20:05:42.201 [AsyncHttpClient-1-1] DEBUG org.asynchttpclient.netty.channel.DefaultChannelPool - Entry count for : http://localhost:50370 : 1
20:05:42.235 [AsyncHttpClient-1-7] DEBUG org.asynchttpclient.netty.handler.HttpHandler - 

Request DefaultHttpRequest(decodeResult: success, version: HTTP/1.1)
POST /session/830be571ad92a1ad7396c43c5316ec84/element/1a4e781e-cc04-4596-b502-727d168f03a2/clear HTTP/1.1
User-Agent: selenium/4.1.2 (java windows)
Content-Length: 50
Content-Type: application/json; charset=utf-8
host: localhost:56961
accept: */*

Response DefaultHttpResponse(decodeResult: success, version: HTTP/1.1)
HTTP/1.1 200 OK
Content-Type: application/json; charset=utf-8
cache-control: no-cache
content-length: 14

20:05:42.235 [AsyncHttpClient-1-7] DEBUG org.asynchttpclient.netty.channel.ChannelManager - Adding key: http://localhost:56961 for channel [id: 0xb448ef64, L:/127.0.0.1:50369 - R:localhost/127.0.0.1:56961]
20:05:42.237 [Forwarding sendKeysToElement on session 830be571ad92a1ad7396c43c5316ec84 to remote] DEBUG org.asynchttpclient.netty.request.NettyRequestSender - Using pooled Channel '[id: 0xb448ef64, L:/127.0.0.1:50369 - R:localhost/127.0.0.1:56961]' for 'POST' to 'http://localhost:56961/session/830be571ad92a1ad7396c43c5316ec84/element/1a4e781e-cc04-4596-b502-727d168f03a2/value'
20:05:42.237 [Forwarding sendKeysToElement on session 830be571ad92a1ad7396c43c5316ec84 to remote] DEBUG org.asynchttpclient.netty.request.NettyRequestSender - Using open Channel [id: 0xb448ef64, L:/127.0.0.1:50369 - R:localhost/127.0.0.1:56961] for POST '/session/830be571ad92a1ad7396c43c5316ec84/element/1a4e781e-cc04-4596-b502-727d168f03a2/value'
20:05:42.302 [AsyncHttpClient-1-7] DEBUG org.asynchttpclient.netty.handler.HttpHandler - 

Request DefaultHttpRequest(decodeResult: success, version: HTTP/1.1)
POST /session/830be571ad92a1ad7396c43c5316ec84/element/1a4e781e-cc04-4596-b502-727d168f03a2/value HTTP/1.1
User-Agent: selenium/4.1.2 (java windows)
Content-Length: 82
Content-Type: application/json; charset=utf-8
host: localhost:56961
accept: */*

Response DefaultHttpResponse(decodeResult: success, version: HTTP/1.1)
HTTP/1.1 200 OK
Content-Type: application/json; charset=utf-8
cache-control: no-cache
content-length: 14

20:05:42.302 [AsyncHttpClient-1-7] DEBUG org.asynchttpclient.netty.channel.ChannelManager - Adding key: http://localhost:56961 for channel [id: 0xb448ef64, L:/127.0.0.1:50369 - R:localhost/127.0.0.1:56961]
  &amp#27;[32mAnd &amp#27;[0m&amp#27;[32mI input &amp#27;[0m&amp#27;[32m&amp#27;[1m""&amp#27;[0m&amp#27;[32m password&amp#27;[0m                       &amp#27;[90m# starter.steps.LoginStep.iInputPassword(java.lang.String)&amp#27;[0m
20:05:42.305 [Forwarding screenshot on session 830be571ad92a1ad7396c43c5316ec84 to remote] DEBUG org.asynchttpclient.netty.request.NettyRequestSender - Using pooled Channel '[id: 0xb448ef64, L:/127.0.0.1:50369 - R:localhost/127.0.0.1:56961]' for 'GET' to 'http://localhost:56961/session/830be571ad92a1ad7396c43c5316ec84/screenshot'
20:05:42.306 [Forwarding screenshot on session 830be571ad92a1ad7396c43c5316ec84 to remote] DEBUG org.asynchttpclient.netty.request.NettyRequestSender - Using open Channel [id: 0xb448ef64, L:/127.0.0.1:50369 - R:localhost/127.0.0.1:56961] for GET '/session/830be571ad92a1ad7396c43c5316ec84/screenshot'
20:05:42.588 [AsyncHttpClient-1-7] DEBUG org.asynchttpclient.netty.handler.HttpHandler - 

Request DefaultFullHttpRequest(decodeResult: success, version: HTTP/1.1, content: EmptyByteBufBE)
GET /session/830be571ad92a1ad7396c43c5316ec84/screenshot HTTP/1.1
User-Agent: selenium/4.1.2 (java windows)
Cache-Control: no-cache
Content-Type: application/json; charset=utf-8
host: localhost:56961
accept: */*

Response DefaultHttpResponse(decodeResult: success, version: HTTP/1.1)
HTTP/1.1 200 OK
Content-Type: application/json; charset=utf-8
cache-control: no-cache
content-length: 46732

20:05:42.588 [AsyncHttpClient-1-7] DEBUG org.asynchttpclient.netty.channel.ChannelManager - Adding key: http://localhost:56961 for channel [id: 0xb448ef64, L:/127.0.0.1:50369 - R:localhost/127.0.0.1:56961]
20:05:42.590 [main] DEBUG net.serenitybdd.core.photography.Darkroom - Send negative for processing for target\site\serenity\915e8a750f76fb7dd8f918951e4362ef4616909137c4b8fe89c847e1058a44f4.png
20:05:42.592 [Darkroom Processing Line] DEBUG net.serenitybdd.core.photography.DarkroomProcessingLine - Processing screenshot image in /var/screenshots/screenshot-12475464638987470564
20:05:42.593 [Darkroom Processing Line] DEBUG net.serenitybdd.core.photography.DarkroomProcessingLine - Saving screenshot to target\site\serenity\915e8a750f76fb7dd8f918951e4362ef4616909137c4b8fe89c847e1058a44f4.png
20:05:42.608 [Forwarding findElement on session 830be571ad92a1ad7396c43c5316ec84 to remote] DEBUG org.asynchttpclient.netty.request.NettyRequestSender - Using pooled Channel '[id: 0xb448ef64, L:/127.0.0.1:50369 - R:localhost/127.0.0.1:56961]' for 'POST' to 'http://localhost:56961/session/830be571ad92a1ad7396c43c5316ec84/element'
20:05:42.608 [Forwarding findElement on session 830be571ad92a1ad7396c43c5316ec84 to remote] DEBUG org.asynchttpclient.netty.request.NettyRequestSender - Using open Channel [id: 0xb448ef64, L:/127.0.0.1:50369 - R:localhost/127.0.0.1:56961] for POST '/session/830be571ad92a1ad7396c43c5316ec84/element'
20:05:42.645 [AsyncHttpClient-1-7] DEBUG org.asynchttpclient.netty.handler.HttpHandler - 

Request DefaultHttpRequest(decodeResult: success, version: HTTP/1.1)
POST /session/830be571ad92a1ad7396c43c5316ec84/element HTTP/1.1
User-Agent: selenium/4.1.2 (java windows)
Content-Length: 141
Content-Type: application/json; charset=utf-8
host: localhost:56961
accept: */*

Response DefaultHttpResponse(decodeResult: success, version: HTTP/1.1)
HTTP/1.1 200 OK
Content-Type: application/json; charset=utf-8
cache-control: no-cache
content-length: 88

20:05:42.646 [AsyncHttpClient-1-7] DEBUG org.asynchttpclient.netty.channel.ChannelManager - Adding key: http://localhost:56961 for channel [id: 0xb448ef64, L:/127.0.0.1:50369 - R:localhost/127.0.0.1:56961]
20:05:42.649 [Forwarding getElementTagName on session 830be571ad92a1ad7396c43c5316ec84 to remote] DEBUG org.asynchttpclient.netty.request.NettyRequestSender - Using pooled Channel '[id: 0xb448ef64, L:/127.0.0.1:50369 - R:localhost/127.0.0.1:56961]' for 'GET' to 'http://localhost:56961/session/830be571ad92a1ad7396c43c5316ec84/element/e7263090-70b7-469a-8eb0-8aae4b897d20/name'
20:05:42.649 [Forwarding getElementTagName on session 830be571ad92a1ad7396c43c5316ec84 to remote] DEBUG org.asynchttpclient.netty.request.NettyRequestSender - Using open Channel [id: 0xb448ef64, L:/127.0.0.1:50369 - R:localhost/127.0.0.1:56961] for GET '/session/830be571ad92a1ad7396c43c5316ec84/element/e7263090-70b7-469a-8eb0-8aae4b897d20/name'
20:05:42.655 [AsyncHttpClient-1-7] DEBUG org.asynchttpclient.netty.handler.HttpHandler - 

Request DefaultFullHttpRequest(decodeResult: success, version: HTTP/1.1, content: EmptyByteBufBE)
GET /session/830be571ad92a1ad7396c43c5316ec84/element/e7263090-70b7-469a-8eb0-8aae4b897d20/name HTTP/1.1
User-Agent: selenium/4.1.2 (java windows)
Cache-Control: no-cache
Content-Type: application/json; charset=utf-8
host: localhost:56961
accept: */*

Response DefaultHttpResponse(decodeResult: success, version: HTTP/1.1)
HTTP/1.1 200 OK
Content-Type: application/json; charset=utf-8
cache-control: no-cache
content-length: 18

20:05:42.656 [AsyncHttpClient-1-7] DEBUG org.asynchttpclient.netty.channel.ChannelManager - Adding key: http://localhost:56961 for channel [id: 0xb448ef64, L:/127.0.0.1:50369 - R:localhost/127.0.0.1:56961]
20:05:42.657 [Forwarding getElementTagName on session 830be571ad92a1ad7396c43c5316ec84 to remote] DEBUG org.asynchttpclient.netty.request.NettyRequestSender - Using pooled Channel '[id: 0xb448ef64, L:/127.0.0.1:50369 - R:localhost/127.0.0.1:56961]' for 'GET' to 'http://localhost:56961/session/830be571ad92a1ad7396c43c5316ec84/element/e7263090-70b7-469a-8eb0-8aae4b897d20/name'
20:05:42.657 [Forwarding getElementTagName on session 830be571ad92a1ad7396c43c5316ec84 to remote] DEBUG org.asynchttpclient.netty.request.NettyRequestSender - Using open Channel [id: 0xb448ef64, L:/127.0.0.1:50369 - R:localhost/127.0.0.1:56961] for GET '/session/830be571ad92a1ad7396c43c5316ec84/element/e7263090-70b7-469a-8eb0-8aae4b897d20/name'
20:05:42.659 [AsyncHttpClient-1-7] DEBUG org.asynchttpclient.netty.handler.HttpHandler - 

Request DefaultFullHttpRequest(decodeResult: success, version: HTTP/1.1, content: EmptyByteBufBE)
GET /session/830be571ad92a1ad7396c43c5316ec84/element/e7263090-70b7-469a-8eb0-8aae4b897d20/name HTTP/1.1
User-Agent: selenium/4.1.2 (java windows)
Cache-Control: no-cache
Content-Type: application/json; charset=utf-8
host: localhost:56961
accept: */*

Response DefaultHttpResponse(decodeResult: success, version: HTTP/1.1)
HTTP/1.1 200 OK
Content-Type: application/json; charset=utf-8
cache-control: no-cache
content-length: 18

20:05:42.659 [AsyncHttpClient-1-7] DEBUG org.asynchttpclient.netty.channel.ChannelManager - Adding key: http://localhost:56961 for channel [id: 0xb448ef64, L:/127.0.0.1:50369 - R:localhost/127.0.0.1:56961]
20:05:42.686 [Forwarding isElementEnabled on session 830be571ad92a1ad7396c43c5316ec84 to remote] DEBUG org.asynchttpclient.netty.request.NettyRequestSender - Using pooled Channel '[id: 0xb448ef64, L:/127.0.0.1:50369 - R:localhost/127.0.0.1:56961]' for 'GET' to 'http://localhost:56961/session/830be571ad92a1ad7396c43c5316ec84/element/e7263090-70b7-469a-8eb0-8aae4b897d20/enabled'
20:05:42.686 [Forwarding isElementEnabled on session 830be571ad92a1ad7396c43c5316ec84 to remote] DEBUG org.asynchttpclient.netty.request.NettyRequestSender - Using open Channel [id: 0xb448ef64, L:/127.0.0.1:50369 - R:localhost/127.0.0.1:56961] for GET '/session/830be571ad92a1ad7396c43c5316ec84/element/e7263090-70b7-469a-8eb0-8aae4b897d20/enabled'
20:05:42.720 [AsyncHttpClient-1-7] DEBUG org.asynchttpclient.netty.handler.HttpHandler - 

Request DefaultFullHttpRequest(decodeResult: success, version: HTTP/1.1, content: EmptyByteBufBE)
GET /session/830be571ad92a1ad7396c43c5316ec84/element/e7263090-70b7-469a-8eb0-8aae4b897d20/enabled HTTP/1.1
User-Agent: selenium/4.1.2 (java windows)
Cache-Control: no-cache
Content-Type: application/json; charset=utf-8
host: localhost:56961
accept: */*

Response DefaultHttpResponse(decodeResult: success, version: HTTP/1.1)
HTTP/1.1 200 OK
Content-Type: application/json; charset=utf-8
cache-control: no-cache
content-length: 14

20:05:42.720 [AsyncHttpClient-1-7] DEBUG org.asynchttpclient.netty.channel.ChannelManager - Adding key: http://localhost:56961 for channel [id: 0xb448ef64, L:/127.0.0.1:50369 - R:localhost/127.0.0.1:56961]
20:05:42.721 [Forwarding isElementEnabled on session 830be571ad92a1ad7396c43c5316ec84 to remote] DEBUG org.asynchttpclient.netty.request.NettyRequestSender - Using pooled Channel '[id: 0xb448ef64, L:/127.0.0.1:50369 - R:localhost/127.0.0.1:56961]' for 'GET' to 'http://localhost:56961/session/830be571ad92a1ad7396c43c5316ec84/element/e7263090-70b7-469a-8eb0-8aae4b897d20/enabled'
20:05:42.721 [Forwarding isElementEnabled on session 830be571ad92a1ad7396c43c5316ec84 to remote] DEBUG org.asynchttpclient.netty.request.NettyRequestSender - Using open Channel [id: 0xb448ef64, L:/127.0.0.1:50369 - R:localhost/127.0.0.1:56961] for GET '/session/830be571ad92a1ad7396c43c5316ec84/element/e7263090-70b7-469a-8eb0-8aae4b897d20/enabled'
20:05:42.726 [AsyncHttpClient-1-7] DEBUG org.asynchttpclient.netty.handler.HttpHandler - 

Request DefaultFullHttpRequest(decodeResult: success, version: HTTP/1.1, content: EmptyByteBufBE)
GET /session/830be571ad92a1ad7396c43c5316ec84/element/e7263090-70b7-469a-8eb0-8aae4b897d20/enabled HTTP/1.1
User-Agent: selenium/4.1.2 (java windows)
Cache-Control: no-cache
Content-Type: application/json; charset=utf-8
host: localhost:56961
accept: */*

Response DefaultHttpResponse(decodeResult: success, version: HTTP/1.1)
HTTP/1.1 200 OK
Content-Type: application/json; charset=utf-8
cache-control: no-cache
content-length: 14

20:05:42.726 [AsyncHttpClient-1-7] DEBUG org.asynchttpclient.netty.channel.ChannelManager - Adding key: http://localhost:56961 for channel [id: 0xb448ef64, L:/127.0.0.1:50369 - R:localhost/127.0.0.1:56961]
20:05:42.730 [Forwarding findElement on session 830be571ad92a1ad7396c43c5316ec84 to remote] DEBUG org.asynchttpclient.netty.request.NettyRequestSender - Using pooled Channel '[id: 0xb448ef64, L:/127.0.0.1:50369 - R:localhost/127.0.0.1:56961]' for 'POST' to 'http://localhost:56961/session/830be571ad92a1ad7396c43c5316ec84/element'
20:05:42.730 [Forwarding findElement on session 830be571ad92a1ad7396c43c5316ec84 to remote] DEBUG org.asynchttpclient.netty.request.NettyRequestSender - Using open Channel [id: 0xb448ef64, L:/127.0.0.1:50369 - R:localhost/127.0.0.1:56961] for POST '/session/830be571ad92a1ad7396c43c5316ec84/element'
20:05:42.735 [AsyncHttpClient-1-7] DEBUG org.asynchttpclient.netty.handler.HttpHandler - 

Request DefaultHttpRequest(decodeResult: success, version: HTTP/1.1)
POST /session/830be571ad92a1ad7396c43c5316ec84/element HTTP/1.1
User-Agent: selenium/4.1.2 (java windows)
Content-Length: 141
Content-Type: application/json; charset=utf-8
host: localhost:56961
accept: */*

Response DefaultHttpResponse(decodeResult: success, version: HTTP/1.1)
HTTP/1.1 200 OK
Content-Type: application/json; charset=utf-8
cache-control: no-cache
content-length: 88

20:05:42.735 [AsyncHttpClient-1-7] DEBUG org.asynchttpclient.netty.channel.ChannelManager - Adding key: http://localhost:56961 for channel [id: 0xb448ef64, L:/127.0.0.1:50369 - R:localhost/127.0.0.1:56961]
20:05:42.735 [Forwarding clickElement on session 830be571ad92a1ad7396c43c5316ec84 to remote] DEBUG org.asynchttpclient.netty.request.NettyRequestSender - Using pooled Channel '[id: 0xb448ef64, L:/127.0.0.1:50369 - R:localhost/127.0.0.1:56961]' for 'POST' to 'http://localhost:56961/session/830be571ad92a1ad7396c43c5316ec84/element/e7263090-70b7-469a-8eb0-8aae4b897d20/click'
20:05:42.735 [Forwarding clickElement on session 830be571ad92a1ad7396c43c5316ec84 to remote] DEBUG org.asynchttpclient.netty.request.NettyRequestSender - Using open Channel [id: 0xb448ef64, L:/127.0.0.1:50369 - R:localhost/127.0.0.1:56961] for POST '/session/830be571ad92a1ad7396c43c5316ec84/element/e7263090-70b7-469a-8eb0-8aae4b897d20/click'
20:05:43.009 [AsyncHttpClient-1-7] DEBUG org.asynchttpclient.netty.handler.HttpHandler - 

Request DefaultHttpRequest(decodeResult: success, version: HTTP/1.1)
POST /session/830be571ad92a1ad7396c43c5316ec84/element/e7263090-70b7-469a-8eb0-8aae4b897d20/click HTTP/1.1
User-Agent: selenium/4.1.2 (java windows)
Content-Length: 50
Content-Type: application/json; charset=utf-8
host: localhost:56961
accept: */*

Response DefaultHttpResponse(decodeResult: success, version: HTTP/1.1)
HTTP/1.1 200 OK
Content-Type: application/json; charset=utf-8
cache-control: no-cache
content-length: 14

20:05:43.009 [AsyncHttpClient-1-7] DEBUG org.asynchttpclient.netty.channel.ChannelManager - Adding key: http://localhost:56961 for channel [id: 0xb448ef64, L:/127.0.0.1:50369 - R:localhost/127.0.0.1:56961]
  &amp#27;[32mAnd &amp#27;[0m&amp#27;[32mI click login button&amp#27;[0m                      &amp#27;[90m# starter.steps.LoginStep.iClickLoginButton()&amp#27;[0m
20:05:43.018 [Forwarding screenshot on session 830be571ad92a1ad7396c43c5316ec84 to remote] DEBUG org.asynchttpclient.netty.request.NettyRequestSender - Using pooled Channel '[id: 0xb448ef64, L:/127.0.0.1:50369 - R:localhost/127.0.0.1:56961]' for 'GET' to 'http://localhost:56961/session/830be571ad92a1ad7396c43c5316ec84/screenshot'
20:05:43.018 [Forwarding screenshot on session 830be571ad92a1ad7396c43c5316ec84 to remote] DEBUG org.asynchttpclient.netty.request.NettyRequestSender - Using open Channel [id: 0xb448ef64, L:/127.0.0.1:50369 - R:localhost/127.0.0.1:56961] for GET '/session/830be571ad92a1ad7396c43c5316ec84/screenshot'
20:05:43.205 [AsyncHttpClient-1-7] DEBUG org.asynchttpclient.netty.handler.HttpHandler - 

Request DefaultFullHttpRequest(decodeResult: success, version: HTTP/1.1, content: EmptyByteBufBE)
GET /session/830be571ad92a1ad7396c43c5316ec84/screenshot HTTP/1.1
User-Agent: selenium/4.1.2 (java windows)
Cache-Control: no-cache
Content-Type: application/json; charset=utf-8
host: localhost:56961
accept: */*

Response DefaultHttpResponse(decodeResult: success, version: HTTP/1.1)
HTTP/1.1 200 OK
Content-Type: application/json; charset=utf-8
cache-control: no-cache
content-length: 43780

20:05:43.206 [AsyncHttpClient-1-7] DEBUG org.asynchttpclient.netty.channel.ChannelManager - Adding key: http://localhost:56961 for channel [id: 0xb448ef64, L:/127.0.0.1:50369 - R:localhost/127.0.0.1:56961]
20:05:43.206 [main] DEBUG net.serenitybdd.core.photography.Darkroom - Send negative for processing for target\site\serenity\1b970e0cbca2389cdf7c8571adadf1e50eba95fadb36326b6cb528bb2eb07705.png
20:05:43.207 [Darkroom Processing Line] DEBUG net.serenitybdd.core.photography.DarkroomProcessingLine - Processing screenshot image in /var/screenshots/screenshot-4878733624659246355
20:05:43.207 [Darkroom Processing Line] DEBUG net.serenitybdd.core.photography.DarkroomProcessingLine - Saving screenshot to target\site\serenity\1b970e0cbca2389cdf7c8571adadf1e50eba95fadb36326b6cb528bb2eb07705.png
20:05:43.211 [Forwarding findElement on session 830be571ad92a1ad7396c43c5316ec84 to remote] DEBUG org.asynchttpclient.netty.request.NettyRequestSender - Using pooled Channel '[id: 0xb448ef64, L:/127.0.0.1:50369 - R:localhost/127.0.0.1:56961]' for 'POST' to 'http://localhost:56961/session/830be571ad92a1ad7396c43c5316ec84/element'
20:05:43.211 [Forwarding findElement on session 830be571ad92a1ad7396c43c5316ec84 to remote] DEBUG org.asynchttpclient.netty.request.NettyRequestSender - Using open Channel [id: 0xb448ef64, L:/127.0.0.1:50369 - R:localhost/127.0.0.1:56961] for POST '/session/830be571ad92a1ad7396c43c5316ec84/element'
20:05:43.298 [AsyncHttpClient-1-1] DEBUG org.asynchttpclient.netty.channel.DefaultChannelPool - Entry count for : http://localhost:50370 : 1
20:05:44.290 [AsyncHttpClient-1-7] DEBUG org.asynchttpclient.netty.handler.HttpHandler - 

Request DefaultHttpRequest(decodeResult: success, version: HTTP/1.1)
POST /session/830be571ad92a1ad7396c43c5316ec84/element HTTP/1.1
User-Agent: selenium/4.1.2 (java windows)
Content-Length: 79
Content-Type: application/json; charset=utf-8
host: localhost:56961
accept: */*

Response DefaultHttpResponse(decodeResult: success, version: HTTP/1.1)
HTTP/1.1 200 OK
Content-Type: application/json; charset=utf-8
cache-control: no-cache
content-length: 88

20:05:44.290 [AsyncHttpClient-1-7] DEBUG org.asynchttpclient.netty.channel.ChannelManager - Adding key: http://localhost:56961 for channel [id: 0xb448ef64, L:/127.0.0.1:50369 - R:localhost/127.0.0.1:56961]
20:05:44.294 [Forwarding isElementDisplayed on session 830be571ad92a1ad7396c43c5316ec84 to remote] DEBUG org.asynchttpclient.netty.request.NettyRequestSender - Using pooled Channel '[id: 0xb448ef64, L:/127.0.0.1:50369 - R:localhost/127.0.0.1:56961]' for 'POST' to 'http://localhost:56961/session/830be571ad92a1ad7396c43c5316ec84/execute/sync'
20:05:44.294 [Forwarding isElementDisplayed on session 830be571ad92a1ad7396c43c5316ec84 to remote] DEBUG org.asynchttpclient.netty.request.NettyRequestSender - Using open Channel [id: 0xb448ef64, L:/127.0.0.1:50369 - R:localhost/127.0.0.1:56961] for POST '/session/830be571ad92a1ad7396c43c5316ec84/execute/sync'
20:05:44.335 [AsyncHttpClient-1-7] DEBUG org.asynchttpclient.netty.handler.HttpHandler - 

Request DefaultHttpRequest(decodeResult: success, version: HTTP/1.1)
POST /session/830be571ad92a1ad7396c43c5316ec84/execute/sync HTTP/1.1
User-Agent: selenium/4.1.2 (java windows)
Content-Length: 48780
Content-Type: application/json; charset=utf-8
host: localhost:56961
accept: */*

Response DefaultHttpResponse(decodeResult: success, version: HTTP/1.1)
HTTP/1.1 200 OK
Content-Type: application/json; charset=utf-8
cache-control: no-cache
content-length: 14

20:05:44.335 [AsyncHttpClient-1-7] DEBUG org.asynchttpclient.netty.channel.ChannelManager - Adding key: http://localhost:56961 for channel [id: 0xb448ef64, L:/127.0.0.1:50369 - R:localhost/127.0.0.1:56961]
  &amp#27;[32mThen &amp#27;[0m&amp#27;[32mi get &amp#27;[0m&amp#27;[32m&amp#27;[1m"error message"&amp#27;[0m&amp#27;[32m result&amp#27;[0m             &amp#27;[90m# starter.steps.LoginStep.iGetResult(java.lang.String)&amp#27;[0m
20:05:44.343 [Forwarding screenshot on session 830be571ad92a1ad7396c43c5316ec84 to remote] DEBUG org.asynchttpclient.netty.request.NettyRequestSender - Using pooled Channel '[id: 0xb448ef64, L:/127.0.0.1:50369 - R:localhost/127.0.0.1:56961]' for 'GET' to 'http://localhost:56961/session/830be571ad92a1ad7396c43c5316ec84/screenshot'
20:05:44.343 [Forwarding screenshot on session 830be571ad92a1ad7396c43c5316ec84 to remote] DEBUG org.asynchttpclient.netty.request.NettyRequestSender - Using open Channel [id: 0xb448ef64, L:/127.0.0.1:50369 - R:localhost/127.0.0.1:56961] for GET '/session/830be571ad92a1ad7396c43c5316ec84/screenshot'
20:05:44.403 [AsyncHttpClient-1-1] DEBUG org.asynchttpclient.netty.channel.DefaultChannelPool - Entry count for : http://localhost:50370 : 1
20:05:44.775 [AsyncHttpClient-1-7] DEBUG org.asynchttpclient.netty.handler.HttpHandler - 

Request DefaultFullHttpRequest(decodeResult: success, version: HTTP/1.1, content: EmptyByteBufBE)
GET /session/830be571ad92a1ad7396c43c5316ec84/screenshot HTTP/1.1
User-Agent: selenium/4.1.2 (java windows)
Cache-Control: no-cache
Content-Type: application/json; charset=utf-8
host: localhost:56961
accept: */*

Response DefaultHttpResponse(decodeResult: success, version: HTTP/1.1)
HTTP/1.1 200 OK
Content-Type: application/json; charset=utf-8
cache-control: no-cache
content-length: 54140

20:05:44.779 [AsyncHttpClient-1-7] DEBUG org.asynchttpclient.netty.channel.ChannelManager - Adding key: http://localhost:56961 for channel [id: 0xb448ef64, L:/127.0.0.1:50369 - R:localhost/127.0.0.1:56961]
20:05:44.780 [main] DEBUG net.serenitybdd.core.photography.Darkroom - Send negative for processing for target\site\serenity\17669cf24d08230342e1628c462a26d5c83d57a971d0b5b9e8415c84d9030da7.png
20:05:44.792 [Darkroom Processing Line] DEBUG net.serenitybdd.core.photography.DarkroomProcessingLine - Processing screenshot image in /var/screenshots/screenshot-8432793807496627759
20:05:44.792 [Darkroom Processing Line] DEBUG net.serenitybdd.core.photography.DarkroomProcessingLine - Saving screenshot to target\site\serenity\17669cf24d08230342e1628c462a26d5c83d57a971d0b5b9e8415c84d9030da7.png
20:05:44.807 [AsyncHttpClient-1-9] DEBUG org.asynchttpclient.netty.handler.WebSocketHandler - Channel Closed: [id: 0xc5b4e467, L:/127.0.0.1:50383 ! R:localhost/127.0.0.1:50370] with attribute NettyResponseFuture{currentRetry=5,
	isDone=1,
	isCancelled=0,
	asyncHandler=org.asynchttpclient.ws.WebSocketUpgradeHandler@2a70e635,
	nettyRequest=org.asynchttpclient.netty.request.NettyRequest@17f6b35e,
	future=java.util.concurrent.CompletableFuture@306c32db[Completed normally],
	uri=ws://localhost:50370/devtools/browser/5177b07d-f4de-4524-95c6-083d2b419310,
	keepAlive=true,
	redirectCount=0,
	timeoutsHolder=null,
	inAuth=0,
	touch=1667221500606}
20:05:44.807 [AsyncHttpClient-1-9] DEBUG org.asynchttpclient.netty.channel.ChannelManager - Closing Channel [id: 0xc5b4e467, L:/127.0.0.1:50383 ! R:localhost/127.0.0.1:50370] 
20:05:44.808 [Driver Command Executor] DEBUG org.asynchttpclient.netty.request.NettyRequestSender - Using pooled Channel '[id: 0xb448ef64, L:/127.0.0.1:50369 - R:localhost/127.0.0.1:56961]' for 'DELETE' to 'http://localhost:56961/session/830be571ad92a1ad7396c43c5316ec84'
20:05:44.808 [Driver Command Executor] DEBUG org.asynchttpclient.netty.request.NettyRequestSender - Using open Channel [id: 0xb448ef64, L:/127.0.0.1:50369 - R:localhost/127.0.0.1:56961] for DELETE '/session/830be571ad92a1ad7396c43c5316ec84'
20:05:44.946 [AsyncHttpClient-1-8] DEBUG org.asynchttpclient.netty.handler.HttpHandler - Unexpected I/O exception on channel [id: 0x5be4d780, L:/127.0.0.1:50382 - R:localhost/127.0.0.1:50370]
java.io.IOException: An existing connection was forcibly closed by the remote host
	at java.base/sun.nio.ch.SocketDispatcher.read0(Native Method)
	at java.base/sun.nio.ch.SocketDispatcher.read(SocketDispatcher.java:43)
	at java.base/sun.nio.ch.IOUtil.readIntoNativeBuffer(IOUtil.java:276)
	at java.base/sun.nio.ch.IOUtil.read(IOUtil.java:233)
	at java.base/sun.nio.ch.IOUtil.read(IOUtil.java:223)
	at java.base/sun.nio.ch.SocketChannelImpl.read(SocketChannelImpl.java:358)
	at io.netty.buffer.PooledByteBuf.setBytes(PooledByteBuf.java:258)
	at io.netty.buffer.AbstractByteBuf.writeBytes(AbstractByteBuf.java:1132)
	at io.netty.channel.socket.nio.NioSocketChannel.doReadBytes(NioSocketChannel.java:350)
	at io.netty.channel.nio.AbstractNioByteChannel$NioByteUnsafe.read(AbstractNioByteChannel.java:151)
	at io.netty.channel.nio.NioEventLoop.processSelectedKey(NioEventLoop.java:722)
	at io.netty.channel.nio.NioEventLoop.processSelectedKeysOptimized(NioEventLoop.java:658)
	at io.netty.channel.nio.NioEventLoop.processSelectedKeys(NioEventLoop.java:584)
	at io.netty.channel.nio.NioEventLoop.run(NioEventLoop.java:496)
	at io.netty.util.concurrent.SingleThreadEventExecutor$4.run(SingleThreadEventExecutor.java:986)
	at io.netty.util.internal.ThreadExecutorMap$2.run(ThreadExecutorMap.java:74)
	at io.netty.util.concurrent.FastThreadLocalRunnable.run(FastThreadLocalRunnable.java:30)
	at java.base/java.lang.Thread.run(Thread.java:834)
20:05:44.946 [AsyncHttpClient-1-8] DEBUG org.asynchttpclient.netty.channel.ChannelManager - Closing Channel [id: 0x5be4d780, L:/127.0.0.1:50382 - R:localhost/127.0.0.1:50370] 
20:05:44.946 [AsyncHttpClient-1-8] DEBUG org.asynchttpclient.netty.handler.HttpHandler - Channel Closed: [id: 0x5be4d780, L:/127.0.0.1:50382 ! R:localhost/127.0.0.1:50370] with attribute DISCARD
20:05:44.973 [AsyncHttpClient-1-7] DEBUG org.asynchttpclient.netty.handler.HttpHandler - 

Request DefaultFullHttpRequest(decodeResult: success, version: HTTP/1.1, content: EmptyByteBufBE)
DELETE /session/830be571ad92a1ad7396c43c5316ec84 HTTP/1.1
User-Agent: selenium/4.1.2 (java windows)
Content-Type: application/json; charset=utf-8
host: localhost:56961
accept: */*

Response DefaultHttpResponse(decodeResult: success, version: HTTP/1.1)
HTTP/1.1 200 OK
Content-Type: application/json; charset=utf-8
cache-control: no-cache
content-length: 14

20:05:44.973 [AsyncHttpClient-1-7] DEBUG org.asynchttpclient.netty.channel.ChannelManager - Adding key: http://localhost:56961 for channel [id: 0xb448ef64, L:/127.0.0.1:50369 - R:localhost/127.0.0.1:56961]
20:05:45.004 [AsyncHttpClient-1-7] DEBUG org.asynchttpclient.netty.handler.HttpHandler - Channel Closed: [id: 0xb448ef64, L:/127.0.0.1:50369 ! R:localhost/127.0.0.1:56961] with attribute DISCARD
]]></system-out>
    <system-err><![CDATA[Starting ChromeDriver 106.0.5249.61 (511755355844955cd3e264779baf0dd38212a4d0-refs/branch-heads/5249@{#569}) on port 56961
Only local connections are allowed.
Please see https://chromedriver.chromium.org/security-considerations for suggestions on keeping ChromeDriver safe.
ChromeDriver was started successfully.
Oct 31, 2022 8:05:00 PM org.openqa.selenium.remote.ProtocolHandshake createSession
INFO: Detected dialect: W3C
Oct 31, 2022 8:05:00 PM org.openqa.selenium.devtools.CdpVersionFinder findNearestMatch
WARNING: Unable to find an exact match for CDP version 106, so returning the closest version found: a no-op implementation
Oct 31, 2022 8:05:00 PM org.openqa.selenium.devtools.CdpVersionFinder findNearestMatch
INFO: Unable to find CDP implementation matching 106.
Oct 31, 2022 8:05:00 PM org.openqa.selenium.chromium.ChromiumDriver lambda$new$3
WARNING: Unable to find version of CDP to use for . You may need to include a dependency on a specific version of the CDP using something similar to `org.seleniumhq.selenium:selenium-devtools-v86:4.1.2` where the version ("v86") matches the version of the chromium-based browser you're using and the version number of the artifact is the same as Selenium's.
]]></system-err>
  </testcase>
  <testcase name="Logout" classname="Logout" time="138.376">
    <system-out><![CDATA[20:05:45.090 [main] INFO io.cucumber.core.plugin.SerenityReporter - Running feature from file:///D:/TIC/Kampus%20Merdeka/MSIB/Studi%20Independen/Alterra/MiniProject/MiniProjWeb/src/test/resources/features/login/logout.feature
20:05:45.093 [main] DEBUG net.thucydides.core.steps.StepEventBus - Test suite started for story net.thucydides.core.model.Story@3294c5ae
20:05:45.093 [main] INFO  - Test Suite Started: Logout

@Logout
Scenario Outline: Logout                                                    &amp#27;[90m# src/test/resources/features/login/logout.feature:18&amp#27;[0m
20:05:45.104 [main] INFO io.cucumber.core.plugin.SerenityReporter - Running feature from file:///D:/TIC/Kampus%20Merdeka/MSIB/Studi%20Independen/Alterra/MiniProject/MiniProjWeb/src/test/resources/features/login/logout.feature
20:05:45.106 [main] INFO  - 
  _____   ___   ___   _____     ___   _____     _     ___   _____   ___   ___  
 |_   _| | __| / __| |_   _|   / __| |_   _|   /_\   | _ \ |_   _| | __| |   \ 
   | |   | _|  \__ \   | |     \__ \   | |    / _ \  |   /   | |   | _|  | |) |
   |_|   |___| |___/   |_|     |___/   |_|   /_/ \_\ |_|_\   |_|   |___| |___/ 

Logout(logout;logout)
--------------------------------------------------------------------------------
20:05:45.122 [main] INFO net.serenitybdd.core.webdriver.driverproviders.ChromeDriverProvider - Using automatically driver download
20:05:45.383 [main] DEBUG io.github.bonigarcia.wdm.cache.ResolutionCache - Resolution chrome=106 in cache (valid until 20:51:33 31/10/2022 ICT)
20:05:45.387 [main] DEBUG io.github.bonigarcia.wdm.cache.ResolutionCache - Resolution chrome106=106.0.5249.61 in cache (valid until 17:34:34 01/11/2022 ICT)
20:05:45.388 [main] INFO io.github.bonigarcia.wdm.WebDriverManager - Using chromedriver 106.0.5249.61 (resolved driver for Chrome 106)
20:05:45.395 [main] DEBUG io.github.bonigarcia.wdm.WebDriverManager - Driver chromedriver 106.0.5249.61 found in cache
20:05:45.395 [main] INFO io.github.bonigarcia.wdm.WebDriverManager - Exporting webdriver.chrome.driver as C:\Users\user\.cache\selenium\chromedriver\win32\106.0.5249.61\chromedriver.exe
20:05:45.499 [AsyncHttpClient-1-1] DEBUG org.asynchttpclient.netty.channel.DefaultChannelPool - Entry count for : http://localhost:56961 : 1
20:05:45.499 [AsyncHttpClient-1-1] DEBUG org.asynchttpclient.netty.channel.DefaultChannelPool - Entry count for : http://localhost:50370 : 1
20:05:45.499 [AsyncHttpClient-1-1] DEBUG org.asynchttpclient.netty.channel.DefaultChannelPool - Adding Candidate expired Channel [id: 0xb448ef64, L:/127.0.0.1:50369 ! R:localhost/127.0.0.1:56961] isIdleTimeoutExpired=false isRemotelyClosed=true isTtlExpired=false
20:05:45.499 [AsyncHttpClient-1-1] DEBUG org.asynchttpclient.netty.channel.DefaultChannelPool - Closing Idle Channel [id: 0xb448ef64, L:/127.0.0.1:50369 ! R:localhost/127.0.0.1:56961]
20:05:45.499 [AsyncHttpClient-1-1] DEBUG org.asynchttpclient.netty.channel.DefaultChannelPool - Adding Candidate expired Channel [id: 0x5be4d780, L:/127.0.0.1:50382 ! R:localhost/127.0.0.1:50370] isIdleTimeoutExpired=false isRemotelyClosed=true isTtlExpired=false
20:05:45.499 [AsyncHttpClient-1-1] DEBUG org.asynchttpclient.netty.channel.DefaultChannelPool - Closing Idle Channel [id: 0x5be4d780, L:/127.0.0.1:50382 ! R:localhost/127.0.0.1:50370]
20:05:45.499 [AsyncHttpClient-1-1] DEBUG org.asynchttpclient.netty.channel.DefaultChannelPool - Closed 2 connections out of 2 in 0 ms
20:05:45.588 [main] DEBUG net.serenitybdd.core.webdriver.driverproviders.ProvideNewDriver - Instantiating driver
20:05:45.588 [main] DEBUG net.serenitybdd.core.webdriver.driverproviders.ProvideNewDriver - Driver capabilities: Capabilities {acceptInsecureCerts: false, base.url: https://alta-shop.vercel.app, browserName: chrome, chrome.driver: src/test/resources/webdrive..., driver: chrome, goog:chromeOptions: {args: [], extensions: []}, wait.for.timeout: 500}
20:05:45.703 [AsyncHttpClient-1-2] DEBUG org.asynchttpclient.netty.channel.NettyConnectListener - Using new Channel '[id: 0xcd9381a0, L:/127.0.0.1:50455 - R:localhost/127.0.0.1:64187]' for 'POST' to '/session'
20:05:47.082 [AsyncHttpClient-1-2] DEBUG org.asynchttpclient.netty.handler.HttpHandler - 

Request DefaultHttpRequest(decodeResult: success, version: HTTP/1.1)
POST /session HTTP/1.1
User-Agent: selenium/4.1.2 (java windows)
Content-Length: 638
Content-Type: application/json; charset=utf-8
host: localhost:64187
accept: */*

Response DefaultHttpResponse(decodeResult: success, version: HTTP/1.1)
HTTP/1.1 200 OK
Content-Type: application/json; charset=utf-8
cache-control: no-cache
content-length: 789

20:05:47.082 [AsyncHttpClient-1-2] DEBUG org.asynchttpclient.netty.channel.ChannelManager - Adding key: http://localhost:64187 for channel [id: 0xcd9381a0, L:/127.0.0.1:50455 - R:localhost/127.0.0.1:64187]
20:05:47.090 [AsyncHttpClient-1-3] DEBUG org.asynchttpclient.netty.channel.NettyConnectListener - Using new Channel '[id: 0x67f9ff34, L:/127.0.0.1:50464 - R:localhost/127.0.0.1:50456]' for 'GET' to '/json/version'
20:05:47.092 [AsyncHttpClient-1-3] DEBUG org.asynchttpclient.netty.handler.HttpHandler - 

Request DefaultFullHttpRequest(decodeResult: success, version: HTTP/1.1, content: EmptyByteBufBE)
GET /json/version HTTP/1.1
User-Agent: selenium/4.1.2 (java windows)
host: localhost:50456
accept: */*

Response DefaultHttpResponse(decodeResult: success, version: HTTP/1.1)
HTTP/1.1 200 OK
Content-Type: application/json; charset=UTF-8
content-length: 424

20:05:47.092 [AsyncHttpClient-1-3] DEBUG org.asynchttpclient.netty.channel.ChannelManager - Adding key: http://localhost:50456 for channel [id: 0x67f9ff34, L:/127.0.0.1:50464 - R:localhost/127.0.0.1:50456]
20:05:47.095 [AsyncHttpClient-1-4] DEBUG org.asynchttpclient.netty.channel.NettyConnectListener - Using new Channel '[id: 0x524d42a4, L:/127.0.0.1:50465 - R:localhost/127.0.0.1:50456]' for 'GET' to '/devtools/browser/f157e054-4ea0-45bb-a83e-b6cf85b339a7'
20:05:47.095 [AsyncHttpClient-1-4] DEBUG org.asynchttpclient.netty.handler.WebSocketHandler - 

Request DefaultFullHttpRequest(decodeResult: success, version: HTTP/1.1, content: EmptyByteBufBE)
GET /devtools/browser/f157e054-4ea0-45bb-a83e-b6cf85b339a7 HTTP/1.1
upgrade: websocket
connection: upgrade
sec-websocket-key: e/BBtCRcGPTAhzII//Hxmw==
sec-websocket-version: 13
origin: http://localhost:50456
host: localhost:50456
accept: */*
user-agent: AHC/2.1

Response DefaultHttpResponse(decodeResult: success, version: HTTP/1.1)
HTTP/1.1 101 WebSocket Protocol Handshake
Upgrade: WebSocket
Connection: Upgrade
Sec-WebSocket-Accept: /AXr0G/vqHB7+DeV9Qo6aG9j/Dg=

20:05:47.193 [Forwarding get on session 0539d6baef292bad348328824ed2c284 to remote] DEBUG org.asynchttpclient.netty.request.NettyRequestSender - Using pooled Channel '[id: 0xcd9381a0, L:/127.0.0.1:50455 - R:localhost/127.0.0.1:64187]' for 'POST' to 'http://localhost:64187/session/0539d6baef292bad348328824ed2c284/url'
20:05:47.193 [Forwarding get on session 0539d6baef292bad348328824ed2c284 to remote] DEBUG org.asynchttpclient.netty.request.NettyRequestSender - Using open Channel [id: 0xcd9381a0, L:/127.0.0.1:50455 - R:localhost/127.0.0.1:64187] for POST '/session/0539d6baef292bad348328824ed2c284/url'
20:05:47.701 [AsyncHttpClient-1-1] DEBUG org.asynchttpclient.netty.channel.DefaultChannelPool - Entry count for : http://localhost:50456 : 1
20:05:48.798 [AsyncHttpClient-1-1] DEBUG org.asynchttpclient.netty.channel.DefaultChannelPool - Entry count for : http://localhost:50456 : 1
20:05:49.898 [AsyncHttpClient-1-1] DEBUG org.asynchttpclient.netty.channel.DefaultChannelPool - Entry count for : http://localhost:50456 : 1
20:05:51.000 [AsyncHttpClient-1-1] DEBUG org.asynchttpclient.netty.channel.DefaultChannelPool - Entry count for : http://localhost:50456 : 1
20:05:52.103 [AsyncHttpClient-1-1] DEBUG org.asynchttpclient.netty.channel.DefaultChannelPool - Entry count for : http://localhost:50456 : 1
20:05:53.198 [AsyncHttpClient-1-1] DEBUG org.asynchttpclient.netty.channel.DefaultChannelPool - Entry count for : http://localhost:50456 : 1
20:05:54.298 [AsyncHttpClient-1-1] DEBUG org.asynchttpclient.netty.channel.DefaultChannelPool - Entry count for : http://localhost:50456 : 1
20:05:55.399 [AsyncHttpClient-1-1] DEBUG org.asynchttpclient.netty.channel.DefaultChannelPool - Entry count for : http://localhost:50456 : 1
20:05:56.500 [AsyncHttpClient-1-1] DEBUG org.asynchttpclient.netty.channel.DefaultChannelPool - Entry count for : http://localhost:50456 : 1
20:05:57.613 [AsyncHttpClient-1-1] DEBUG org.asynchttpclient.netty.channel.DefaultChannelPool - Entry count for : http://localhost:50456 : 1
20:05:58.701 [AsyncHttpClient-1-1] DEBUG org.asynchttpclient.netty.channel.DefaultChannelPool - Entry count for : http://localhost:50456 : 1
20:05:59.800 [AsyncHttpClient-1-1] DEBUG org.asynchttpclient.netty.channel.DefaultChannelPool - Entry count for : http://localhost:50456 : 1
20:06:00.902 [AsyncHttpClient-1-1] DEBUG org.asynchttpclient.netty.channel.DefaultChannelPool - Entry count for : http://localhost:50456 : 1
20:06:01.999 [AsyncHttpClient-1-1] DEBUG org.asynchttpclient.netty.channel.DefaultChannelPool - Entry count for : http://localhost:50456 : 1
20:06:03.102 [AsyncHttpClient-1-1] DEBUG org.asynchttpclient.netty.channel.DefaultChannelPool - Entry count for : http://localhost:50456 : 1
20:06:04.199 [AsyncHttpClient-1-1] DEBUG org.asynchttpclient.netty.channel.DefaultChannelPool - Entry count for : http://localhost:50456 : 1
20:06:05.302 [AsyncHttpClient-1-1] DEBUG org.asynchttpclient.netty.channel.DefaultChannelPool - Entry count for : http://localhost:50456 : 1
20:06:06.404 [AsyncHttpClient-1-1] DEBUG org.asynchttpclient.netty.channel.DefaultChannelPool - Entry count for : http://localhost:50456 : 1
20:06:07.508 [AsyncHttpClient-1-1] DEBUG org.asynchttpclient.netty.channel.DefaultChannelPool - Entry count for : http://localhost:50456 : 1
20:06:08.598 [AsyncHttpClient-1-1] DEBUG org.asynchttpclient.netty.channel.DefaultChannelPool - Entry count for : http://localhost:50456 : 1
20:06:09.698 [AsyncHttpClient-1-1] DEBUG org.asynchttpclient.netty.channel.DefaultChannelPool - Entry count for : http://localhost:50456 : 1
20:06:10.800 [AsyncHttpClient-1-1] DEBUG org.asynchttpclient.netty.channel.DefaultChannelPool - Entry count for : http://localhost:50456 : 1
20:06:11.942 [AsyncHttpClient-1-1] DEBUG org.asynchttpclient.netty.channel.DefaultChannelPool - Entry count for : http://localhost:50456 : 1
20:06:12.998 [AsyncHttpClient-1-1] DEBUG org.asynchttpclient.netty.channel.DefaultChannelPool - Entry count for : http://localhost:50456 : 1
20:06:14.099 [AsyncHttpClient-1-1] DEBUG org.asynchttpclient.netty.channel.DefaultChannelPool - Entry count for : http://localhost:50456 : 1
20:06:15.198 [AsyncHttpClient-1-1] DEBUG org.asynchttpclient.netty.channel.DefaultChannelPool - Entry count for : http://localhost:50456 : 1
20:06:16.303 [AsyncHttpClient-1-1] DEBUG org.asynchttpclient.netty.channel.DefaultChannelPool - Entry count for : http://localhost:50456 : 1
20:06:17.404 [AsyncHttpClient-1-1] DEBUG org.asynchttpclient.netty.channel.DefaultChannelPool - Entry count for : http://localhost:50456 : 1
20:06:18.503 [AsyncHttpClient-1-1] DEBUG org.asynchttpclient.netty.channel.DefaultChannelPool - Entry count for : http://localhost:50456 : 1
20:06:19.598 [AsyncHttpClient-1-1] DEBUG org.asynchttpclient.netty.channel.DefaultChannelPool - Entry count for : http://localhost:50456 : 1
20:06:20.698 [AsyncHttpClient-1-1] DEBUG org.asynchttpclient.netty.channel.DefaultChannelPool - Entry count for : http://localhost:50456 : 1
20:06:21.798 [AsyncHttpClient-1-1] DEBUG org.asynchttpclient.netty.channel.DefaultChannelPool - Entry count for : http://localhost:50456 : 1
20:06:22.898 [AsyncHttpClient-1-1] DEBUG org.asynchttpclient.netty.channel.DefaultChannelPool - Entry count for : http://localhost:50456 : 1
20:06:24.006 [AsyncHttpClient-1-1] DEBUG org.asynchttpclient.netty.channel.DefaultChannelPool - Entry count for : http://localhost:50456 : 1
20:06:25.098 [AsyncHttpClient-1-1] DEBUG org.asynchttpclient.netty.channel.DefaultChannelPool - Entry count for : http://localhost:50456 : 1
20:06:26.198 [AsyncHttpClient-1-1] DEBUG org.asynchttpclient.netty.channel.DefaultChannelPool - Entry count for : http://localhost:50456 : 1
20:06:27.306 [AsyncHttpClient-1-1] DEBUG org.asynchttpclient.netty.channel.DefaultChannelPool - Entry count for : http://localhost:50456 : 1
20:06:28.406 [AsyncHttpClient-1-1] DEBUG org.asynchttpclient.netty.channel.DefaultChannelPool - Entry count for : http://localhost:50456 : 1
20:06:29.498 [AsyncHttpClient-1-1] DEBUG org.asynchttpclient.netty.channel.DefaultChannelPool - Entry count for : http://localhost:50456 : 1
20:06:30.597 [AsyncHttpClient-1-1] DEBUG org.asynchttpclient.netty.channel.DefaultChannelPool - Entry count for : http://localhost:50456 : 1
20:06:31.698 [AsyncHttpClient-1-1] DEBUG org.asynchttpclient.netty.channel.DefaultChannelPool - Entry count for : http://localhost:50456 : 1
20:06:32.802 [AsyncHttpClient-1-1] DEBUG org.asynchttpclient.netty.channel.DefaultChannelPool - Entry count for : http://localhost:50456 : 1
20:06:33.899 [AsyncHttpClient-1-1] DEBUG org.asynchttpclient.netty.channel.DefaultChannelPool - Entry count for : http://localhost:50456 : 1
20:06:35.006 [AsyncHttpClient-1-1] DEBUG org.asynchttpclient.netty.channel.DefaultChannelPool - Entry count for : http://localhost:50456 : 1
20:06:36.103 [AsyncHttpClient-1-1] DEBUG org.asynchttpclient.netty.channel.DefaultChannelPool - Entry count for : http://localhost:50456 : 1
20:06:37.198 [AsyncHttpClient-1-1] DEBUG org.asynchttpclient.netty.channel.DefaultChannelPool - Entry count for : http://localhost:50456 : 1
20:06:38.301 [AsyncHttpClient-1-1] DEBUG org.asynchttpclient.netty.channel.DefaultChannelPool - Entry count for : http://localhost:50456 : 1
20:06:39.405 [AsyncHttpClient-1-1] DEBUG org.asynchttpclient.netty.channel.DefaultChannelPool - Entry count for : http://localhost:50456 : 1
20:06:40.498 [AsyncHttpClient-1-1] DEBUG org.asynchttpclient.netty.channel.DefaultChannelPool - Entry count for : http://localhost:50456 : 1
20:06:41.599 [AsyncHttpClient-1-1] DEBUG org.asynchttpclient.netty.channel.DefaultChannelPool - Entry count for : http://localhost:50456 : 1
20:06:42.700 [AsyncHttpClient-1-1] DEBUG org.asynchttpclient.netty.channel.DefaultChannelPool - Entry count for : http://localhost:50456 : 1
20:06:43.800 [AsyncHttpClient-1-1] DEBUG org.asynchttpclient.netty.channel.DefaultChannelPool - Entry count for : http://localhost:50456 : 1
20:06:44.898 [AsyncHttpClient-1-1] DEBUG org.asynchttpclient.netty.channel.DefaultChannelPool - Entry count for : http://localhost:50456 : 1
20:06:46.000 [AsyncHttpClient-1-1] DEBUG org.asynchttpclient.netty.channel.DefaultChannelPool - Entry count for : http://localhost:50456 : 1
20:06:47.103 [AsyncHttpClient-1-1] DEBUG org.asynchttpclient.netty.channel.DefaultChannelPool - Entry count for : http://localhost:50456 : 1
20:06:47.103 [AsyncHttpClient-1-1] DEBUG org.asynchttpclient.netty.channel.DefaultChannelPool - Adding Candidate expired Channel [id: 0x67f9ff34, L:/127.0.0.1:50464 - R:localhost/127.0.0.1:50456] isIdleTimeoutExpired=true isRemotelyClosed=false isTtlExpired=false
20:06:47.103 [AsyncHttpClient-1-1] DEBUG org.asynchttpclient.netty.channel.DefaultChannelPool - Closing Idle Channel [id: 0x67f9ff34, L:/127.0.0.1:50464 - R:localhost/127.0.0.1:50456]
20:06:47.103 [AsyncHttpClient-1-1] DEBUG org.asynchttpclient.netty.channel.DefaultChannelPool - Closed 1 connections out of 1 in 0 ms
20:06:47.103 [AsyncHttpClient-1-3] DEBUG org.asynchttpclient.netty.handler.HttpHandler - Channel Closed: [id: 0x67f9ff34, L:/127.0.0.1:50464 ! R:localhost/127.0.0.1:50456] with attribute DISCARD
20:07:58.981 [AsyncHttpClient-1-2] DEBUG org.asynchttpclient.netty.handler.HttpHandler - 

Request DefaultHttpRequest(decodeResult: success, version: HTTP/1.1)
POST /session/0539d6baef292bad348328824ed2c284/url HTTP/1.1
User-Agent: selenium/4.1.2 (java windows)
Content-Length: 59
Content-Type: application/json; charset=utf-8
host: localhost:64187
accept: */*

Response DefaultHttpResponse(decodeResult: success, version: HTTP/1.1)
HTTP/1.1 200 OK
Content-Type: application/json; charset=utf-8
cache-control: no-cache
content-length: 14

20:07:58.982 [AsyncHttpClient-1-2] DEBUG org.asynchttpclient.netty.channel.ChannelManager - Adding key: http://localhost:64187 for channel [id: 0xcd9381a0, L:/127.0.0.1:50455 - R:localhost/127.0.0.1:64187]
20:07:58.984 [Forwarding setTimeout on session 0539d6baef292bad348328824ed2c284 to remote] DEBUG org.asynchttpclient.netty.request.NettyRequestSender - Using pooled Channel '[id: 0xcd9381a0, L:/127.0.0.1:50455 - R:localhost/127.0.0.1:64187]' for 'POST' to 'http://localhost:64187/session/0539d6baef292bad348328824ed2c284/timeouts'
20:07:58.984 [Forwarding setTimeout on session 0539d6baef292bad348328824ed2c284 to remote] DEBUG org.asynchttpclient.netty.request.NettyRequestSender - Using open Channel [id: 0xcd9381a0, L:/127.0.0.1:50455 - R:localhost/127.0.0.1:64187] for POST '/session/0539d6baef292bad348328824ed2c284/timeouts'
20:07:58.988 [AsyncHttpClient-1-2] DEBUG org.asynchttpclient.netty.handler.HttpHandler - 

Request DefaultHttpRequest(decodeResult: success, version: HTTP/1.1)
POST /session/0539d6baef292bad348328824ed2c284/timeouts HTTP/1.1
User-Agent: selenium/4.1.2 (java windows)
Content-Length: 22
Content-Type: application/json; charset=utf-8
host: localhost:64187
accept: */*

Response DefaultHttpResponse(decodeResult: success, version: HTTP/1.1)
HTTP/1.1 200 OK
Content-Type: application/json; charset=utf-8
cache-control: no-cache
content-length: 14

20:07:58.988 [AsyncHttpClient-1-2] DEBUG org.asynchttpclient.netty.channel.ChannelManager - Adding key: http://localhost:64187 for channel [id: 0xcd9381a0, L:/127.0.0.1:50455 - R:localhost/127.0.0.1:64187]
20:07:58.990 [Forwarding getCurrentUrl on session 0539d6baef292bad348328824ed2c284 to remote] DEBUG org.asynchttpclient.netty.request.NettyRequestSender - Using pooled Channel '[id: 0xcd9381a0, L:/127.0.0.1:50455 - R:localhost/127.0.0.1:64187]' for 'GET' to 'http://localhost:64187/session/0539d6baef292bad348328824ed2c284/url'
20:07:58.990 [Forwarding getCurrentUrl on session 0539d6baef292bad348328824ed2c284 to remote] DEBUG org.asynchttpclient.netty.request.NettyRequestSender - Using open Channel [id: 0xcd9381a0, L:/127.0.0.1:50455 - R:localhost/127.0.0.1:64187] for GET '/session/0539d6baef292bad348328824ed2c284/url'
20:07:58.994 [AsyncHttpClient-1-2] DEBUG org.asynchttpclient.netty.handler.HttpHandler - 

Request DefaultFullHttpRequest(decodeResult: success, version: HTTP/1.1, content: EmptyByteBufBE)
GET /session/0539d6baef292bad348328824ed2c284/url HTTP/1.1
User-Agent: selenium/4.1.2 (java windows)
Cache-Control: no-cache
Content-Type: application/json; charset=utf-8
host: localhost:64187
accept: */*

Response DefaultHttpResponse(decodeResult: success, version: HTTP/1.1)
HTTP/1.1 200 OK
Content-Type: application/json; charset=utf-8
cache-control: no-cache
content-length: 41

20:07:58.994 [AsyncHttpClient-1-2] DEBUG org.asynchttpclient.netty.channel.ChannelManager - Adding key: http://localhost:64187 for channel [id: 0xcd9381a0, L:/127.0.0.1:50455 - R:localhost/127.0.0.1:64187]
  &amp#27;[32mGiven &amp#27;[0m&amp#27;[32mI open the website&amp#27;[0m                                                  &amp#27;[90m# starter.steps.RegistrationStep.iOpenTheWebsite()&amp#27;[0m
20:07:59.000 [main] DEBUG net.serenitybdd.core.photography.Darkroom - Opening darkroom
20:07:59.001 [Forwarding screenshot on session 0539d6baef292bad348328824ed2c284 to remote] DEBUG org.asynchttpclient.netty.request.NettyRequestSender - Using pooled Channel '[id: 0xcd9381a0, L:/127.0.0.1:50455 - R:localhost/127.0.0.1:64187]' for 'GET' to 'http://localhost:64187/session/0539d6baef292bad348328824ed2c284/screenshot'
20:07:59.001 [Darkroom Processing Line] DEBUG net.serenitybdd.core.photography.DarkroomProcessingLine - Darkroom processing line starting up
20:07:59.001 [Forwarding screenshot on session 0539d6baef292bad348328824ed2c284 to remote] DEBUG org.asynchttpclient.netty.request.NettyRequestSender - Using open Channel [id: 0xcd9381a0, L:/127.0.0.1:50455 - R:localhost/127.0.0.1:64187] for GET '/session/0539d6baef292bad348328824ed2c284/screenshot'
20:07:59.113 [AsyncHttpClient-1-2] DEBUG org.asynchttpclient.netty.handler.HttpHandler - 

Request DefaultFullHttpRequest(decodeResult: success, version: HTTP/1.1, content: EmptyByteBufBE)
GET /session/0539d6baef292bad348328824ed2c284/screenshot HTTP/1.1
User-Agent: selenium/4.1.2 (java windows)
Cache-Control: no-cache
Content-Type: application/json; charset=utf-8
host: localhost:64187
accept: */*

Response DefaultHttpResponse(decodeResult: success, version: HTTP/1.1)
HTTP/1.1 200 OK
Content-Type: application/json; charset=utf-8
cache-control: no-cache
content-length: 69584

20:07:59.115 [AsyncHttpClient-1-2] DEBUG org.asynchttpclient.netty.channel.ChannelManager - Adding key: http://localhost:64187 for channel [id: 0xcd9381a0, L:/127.0.0.1:50455 - R:localhost/127.0.0.1:64187]
20:07:59.116 [main] DEBUG net.serenitybdd.core.photography.Darkroom - Send negative for processing for target\site\serenity\5297bd387dc3249e00c2d6656fb13e2699af90824ba878fd382afd24108abb14.png
20:07:59.122 [Forwarding findElement on session 0539d6baef292bad348328824ed2c284 to remote] DEBUG org.asynchttpclient.netty.request.NettyRequestSender - Using pooled Channel '[id: 0xcd9381a0, L:/127.0.0.1:50455 - R:localhost/127.0.0.1:64187]' for 'POST' to 'http://localhost:64187/session/0539d6baef292bad348328824ed2c284/element'
20:07:59.122 [Forwarding findElement on session 0539d6baef292bad348328824ed2c284 to remote] DEBUG org.asynchttpclient.netty.request.NettyRequestSender - Using open Channel [id: 0xcd9381a0, L:/127.0.0.1:50455 - R:localhost/127.0.0.1:64187] for POST '/session/0539d6baef292bad348328824ed2c284/element'
20:07:59.139 [AsyncHttpClient-1-2] DEBUG org.asynchttpclient.netty.handler.HttpHandler - 

Request DefaultHttpRequest(decodeResult: success, version: HTTP/1.1)
POST /session/0539d6baef292bad348328824ed2c284/element HTTP/1.1
User-Agent: selenium/4.1.2 (java windows)
Content-Length: 97
Content-Type: application/json; charset=utf-8
host: localhost:64187
accept: */*

Response DefaultHttpResponse(decodeResult: success, version: HTTP/1.1)
HTTP/1.1 200 OK
Content-Type: application/json; charset=utf-8
cache-control: no-cache
content-length: 88

20:07:59.139 [AsyncHttpClient-1-2] DEBUG org.asynchttpclient.netty.channel.ChannelManager - Adding key: http://localhost:64187 for channel [id: 0xcd9381a0, L:/127.0.0.1:50455 - R:localhost/127.0.0.1:64187]
20:07:59.140 [Forwarding getElementTagName on session 0539d6baef292bad348328824ed2c284 to remote] DEBUG org.asynchttpclient.netty.request.NettyRequestSender - Using pooled Channel '[id: 0xcd9381a0, L:/127.0.0.1:50455 - R:localhost/127.0.0.1:64187]' for 'GET' to 'http://localhost:64187/session/0539d6baef292bad348328824ed2c284/element/3b30da2d-6f3c-47ad-9d2a-fa143d3e75ea/name'
20:07:59.140 [Forwarding getElementTagName on session 0539d6baef292bad348328824ed2c284 to remote] DEBUG org.asynchttpclient.netty.request.NettyRequestSender - Using open Channel [id: 0xcd9381a0, L:/127.0.0.1:50455 - R:localhost/127.0.0.1:64187] for GET '/session/0539d6baef292bad348328824ed2c284/element/3b30da2d-6f3c-47ad-9d2a-fa143d3e75ea/name'
20:07:59.144 [AsyncHttpClient-1-2] DEBUG org.asynchttpclient.netty.handler.HttpHandler - 

Request DefaultFullHttpRequest(decodeResult: success, version: HTTP/1.1, content: EmptyByteBufBE)
GET /session/0539d6baef292bad348328824ed2c284/element/3b30da2d-6f3c-47ad-9d2a-fa143d3e75ea/name HTTP/1.1
User-Agent: selenium/4.1.2 (java windows)
Cache-Control: no-cache
Content-Type: application/json; charset=utf-8
host: localhost:64187
accept: */*

Response DefaultHttpResponse(decodeResult: success, version: HTTP/1.1)
HTTP/1.1 200 OK
Content-Type: application/json; charset=utf-8
cache-control: no-cache
content-length: 13

20:07:59.144 [AsyncHttpClient-1-2] DEBUG org.asynchttpclient.netty.channel.ChannelManager - Adding key: http://localhost:64187 for channel [id: 0xcd9381a0, L:/127.0.0.1:50455 - R:localhost/127.0.0.1:64187]
20:07:59.147 [Forwarding getElementTagName on session 0539d6baef292bad348328824ed2c284 to remote] DEBUG org.asynchttpclient.netty.request.NettyRequestSender - Using pooled Channel '[id: 0xcd9381a0, L:/127.0.0.1:50455 - R:localhost/127.0.0.1:64187]' for 'GET' to 'http://localhost:64187/session/0539d6baef292bad348328824ed2c284/element/3b30da2d-6f3c-47ad-9d2a-fa143d3e75ea/name'
20:07:59.147 [Forwarding getElementTagName on session 0539d6baef292bad348328824ed2c284 to remote] DEBUG org.asynchttpclient.netty.request.NettyRequestSender - Using open Channel [id: 0xcd9381a0, L:/127.0.0.1:50455 - R:localhost/127.0.0.1:64187] for GET '/session/0539d6baef292bad348328824ed2c284/element/3b30da2d-6f3c-47ad-9d2a-fa143d3e75ea/name'
20:07:59.150 [AsyncHttpClient-1-2] DEBUG org.asynchttpclient.netty.handler.HttpHandler - 

Request DefaultFullHttpRequest(decodeResult: success, version: HTTP/1.1, content: EmptyByteBufBE)
GET /session/0539d6baef292bad348328824ed2c284/element/3b30da2d-6f3c-47ad-9d2a-fa143d3e75ea/name HTTP/1.1
User-Agent: selenium/4.1.2 (java windows)
Cache-Control: no-cache
Content-Type: application/json; charset=utf-8
host: localhost:64187
accept: */*

Response DefaultHttpResponse(decodeResult: success, version: HTTP/1.1)
HTTP/1.1 200 OK
Content-Type: application/json; charset=utf-8
cache-control: no-cache
content-length: 13

20:07:59.150 [AsyncHttpClient-1-2] DEBUG org.asynchttpclient.netty.channel.ChannelManager - Adding key: http://localhost:64187 for channel [id: 0xcd9381a0, L:/127.0.0.1:50455 - R:localhost/127.0.0.1:64187]
20:07:59.151 [Forwarding findElement on session 0539d6baef292bad348328824ed2c284 to remote] DEBUG org.asynchttpclient.netty.request.NettyRequestSender - Using pooled Channel '[id: 0xcd9381a0, L:/127.0.0.1:50455 - R:localhost/127.0.0.1:64187]' for 'POST' to 'http://localhost:64187/session/0539d6baef292bad348328824ed2c284/element'
20:07:59.151 [Forwarding findElement on session 0539d6baef292bad348328824ed2c284 to remote] DEBUG org.asynchttpclient.netty.request.NettyRequestSender - Using open Channel [id: 0xcd9381a0, L:/127.0.0.1:50455 - R:localhost/127.0.0.1:64187] for POST '/session/0539d6baef292bad348328824ed2c284/element'
20:07:59.163 [AsyncHttpClient-1-2] DEBUG org.asynchttpclient.netty.handler.HttpHandler - 

Request DefaultHttpRequest(decodeResult: success, version: HTTP/1.1)
POST /session/0539d6baef292bad348328824ed2c284/element HTTP/1.1
User-Agent: selenium/4.1.2 (java windows)
Content-Length: 97
Content-Type: application/json; charset=utf-8
host: localhost:64187
accept: */*

Response DefaultHttpResponse(decodeResult: success, version: HTTP/1.1)
HTTP/1.1 200 OK
Content-Type: application/json; charset=utf-8
cache-control: no-cache
content-length: 88

20:07:59.163 [AsyncHttpClient-1-2] DEBUG org.asynchttpclient.netty.channel.ChannelManager - Adding key: http://localhost:64187 for channel [id: 0xcd9381a0, L:/127.0.0.1:50455 - R:localhost/127.0.0.1:64187]
20:07:59.165 [Forwarding clickElement on session 0539d6baef292bad348328824ed2c284 to remote] DEBUG org.asynchttpclient.netty.request.NettyRequestSender - Using pooled Channel '[id: 0xcd9381a0, L:/127.0.0.1:50455 - R:localhost/127.0.0.1:64187]' for 'POST' to 'http://localhost:64187/session/0539d6baef292bad348328824ed2c284/element/3b30da2d-6f3c-47ad-9d2a-fa143d3e75ea/click'
20:07:59.165 [Forwarding clickElement on session 0539d6baef292bad348328824ed2c284 to remote] DEBUG org.asynchttpclient.netty.request.NettyRequestSender - Using open Channel [id: 0xcd9381a0, L:/127.0.0.1:50455 - R:localhost/127.0.0.1:64187] for POST '/session/0539d6baef292bad348328824ed2c284/element/3b30da2d-6f3c-47ad-9d2a-fa143d3e75ea/click'
20:07:59.224 [AsyncHttpClient-1-2] DEBUG org.asynchttpclient.netty.handler.HttpHandler - 

Request DefaultHttpRequest(decodeResult: success, version: HTTP/1.1)
POST /session/0539d6baef292bad348328824ed2c284/element/3b30da2d-6f3c-47ad-9d2a-fa143d3e75ea/click HTTP/1.1
User-Agent: selenium/4.1.2 (java windows)
Content-Length: 50
Content-Type: application/json; charset=utf-8
host: localhost:64187
accept: */*

Response DefaultHttpResponse(decodeResult: success, version: HTTP/1.1)
HTTP/1.1 200 OK
Content-Type: application/json; charset=utf-8
cache-control: no-cache
content-length: 14

20:07:59.225 [AsyncHttpClient-1-2] DEBUG org.asynchttpclient.netty.channel.ChannelManager - Adding key: http://localhost:64187 for channel [id: 0xcd9381a0, L:/127.0.0.1:50455 - R:localhost/127.0.0.1:64187]
  &amp#27;[32mAnd &amp#27;[0m&amp#27;[32mI click sign in button&amp#27;[0m                                                &amp#27;[90m# starter.steps.RegistrationStep.iClickSignInButton()&amp#27;[0m
20:07:59.236 [Forwarding screenshot on session 0539d6baef292bad348328824ed2c284 to remote] DEBUG org.asynchttpclient.netty.request.NettyRequestSender - Using pooled Channel '[id: 0xcd9381a0, L:/127.0.0.1:50455 - R:localhost/127.0.0.1:64187]' for 'GET' to 'http://localhost:64187/session/0539d6baef292bad348328824ed2c284/screenshot'
20:07:59.236 [Forwarding screenshot on session 0539d6baef292bad348328824ed2c284 to remote] DEBUG org.asynchttpclient.netty.request.NettyRequestSender - Using open Channel [id: 0xcd9381a0, L:/127.0.0.1:50455 - R:localhost/127.0.0.1:64187] for GET '/session/0539d6baef292bad348328824ed2c284/screenshot'
20:07:59.469 [AsyncHttpClient-1-2] DEBUG org.asynchttpclient.netty.handler.HttpHandler - 

Request DefaultFullHttpRequest(decodeResult: success, version: HTTP/1.1, content: EmptyByteBufBE)
GET /session/0539d6baef292bad348328824ed2c284/screenshot HTTP/1.1
User-Agent: selenium/4.1.2 (java windows)
Cache-Control: no-cache
Content-Type: application/json; charset=utf-8
host: localhost:64187
accept: */*

Response DefaultHttpResponse(decodeResult: success, version: HTTP/1.1)
HTTP/1.1 200 OK
Content-Type: application/json; charset=utf-8
cache-control: no-cache
content-length: 40220

20:07:59.469 [AsyncHttpClient-1-2] DEBUG org.asynchttpclient.netty.channel.ChannelManager - Adding key: http://localhost:64187 for channel [id: 0xcd9381a0, L:/127.0.0.1:50455 - R:localhost/127.0.0.1:64187]
20:07:59.472 [main] DEBUG net.serenitybdd.core.photography.Darkroom - Send negative for processing for target\site\serenity\116c3b12d8cab64a76d827d6af415bbffb31e4743e4cf99d874aaa3ffe3f278c.png
20:07:59.473 [Darkroom Processing Line] DEBUG net.serenitybdd.core.photography.DarkroomProcessingLine - Processing screenshot image in /var/screenshots/screenshot-3753857218906838875
20:07:59.473 [Darkroom Processing Line] DEBUG net.serenitybdd.core.photography.DarkroomProcessingLine - Saving screenshot to target\site\serenity\116c3b12d8cab64a76d827d6af415bbffb31e4743e4cf99d874aaa3ffe3f278c.png
20:07:59.504 [Forwarding findElement on session 0539d6baef292bad348328824ed2c284 to remote] DEBUG org.asynchttpclient.netty.request.NettyRequestSender - Using pooled Channel '[id: 0xcd9381a0, L:/127.0.0.1:50455 - R:localhost/127.0.0.1:64187]' for 'POST' to 'http://localhost:64187/session/0539d6baef292bad348328824ed2c284/element'
20:07:59.504 [Forwarding findElement on session 0539d6baef292bad348328824ed2c284 to remote] DEBUG org.asynchttpclient.netty.request.NettyRequestSender - Using open Channel [id: 0xcd9381a0, L:/127.0.0.1:50455 - R:localhost/127.0.0.1:64187] for POST '/session/0539d6baef292bad348328824ed2c284/element'
20:07:59.516 [AsyncHttpClient-1-2] DEBUG org.asynchttpclient.netty.handler.HttpHandler - 

Request DefaultHttpRequest(decodeResult: success, version: HTTP/1.1)
POST /session/0539d6baef292bad348328824ed2c284/element HTTP/1.1
User-Agent: selenium/4.1.2 (java windows)
Content-Length: 87
Content-Type: application/json; charset=utf-8
host: localhost:64187
accept: */*

Response DefaultHttpResponse(decodeResult: success, version: HTTP/1.1)
HTTP/1.1 200 OK
Content-Type: application/json; charset=utf-8
cache-control: no-cache
content-length: 88

20:07:59.516 [AsyncHttpClient-1-2] DEBUG org.asynchttpclient.netty.channel.ChannelManager - Adding key: http://localhost:64187 for channel [id: 0xcd9381a0, L:/127.0.0.1:50455 - R:localhost/127.0.0.1:64187]
20:07:59.517 [Forwarding clearElement on session 0539d6baef292bad348328824ed2c284 to remote] DEBUG org.asynchttpclient.netty.request.NettyRequestSender - Using pooled Channel '[id: 0xcd9381a0, L:/127.0.0.1:50455 - R:localhost/127.0.0.1:64187]' for 'POST' to 'http://localhost:64187/session/0539d6baef292bad348328824ed2c284/element/2ed889ee-eb32-437a-a0e8-795b88b6997f/clear'
20:07:59.517 [Forwarding clearElement on session 0539d6baef292bad348328824ed2c284 to remote] DEBUG org.asynchttpclient.netty.request.NettyRequestSender - Using open Channel [id: 0xcd9381a0, L:/127.0.0.1:50455 - R:localhost/127.0.0.1:64187] for POST '/session/0539d6baef292bad348328824ed2c284/element/2ed889ee-eb32-437a-a0e8-795b88b6997f/clear'
20:07:59.551 [AsyncHttpClient-1-2] DEBUG org.asynchttpclient.netty.handler.HttpHandler - 

Request DefaultHttpRequest(decodeResult: success, version: HTTP/1.1)
POST /session/0539d6baef292bad348328824ed2c284/element/2ed889ee-eb32-437a-a0e8-795b88b6997f/clear HTTP/1.1
User-Agent: selenium/4.1.2 (java windows)
Content-Length: 50
Content-Type: application/json; charset=utf-8
host: localhost:64187
accept: */*

Response DefaultHttpResponse(decodeResult: success, version: HTTP/1.1)
HTTP/1.1 200 OK
Content-Type: application/json; charset=utf-8
cache-control: no-cache
content-length: 14

20:07:59.552 [AsyncHttpClient-1-2] DEBUG org.asynchttpclient.netty.channel.ChannelManager - Adding key: http://localhost:64187 for channel [id: 0xcd9381a0, L:/127.0.0.1:50455 - R:localhost/127.0.0.1:64187]
20:07:59.554 [Forwarding sendKeysToElement on session 0539d6baef292bad348328824ed2c284 to remote] DEBUG org.asynchttpclient.netty.request.NettyRequestSender - Using pooled Channel '[id: 0xcd9381a0, L:/127.0.0.1:50455 - R:localhost/127.0.0.1:64187]' for 'POST' to 'http://localhost:64187/session/0539d6baef292bad348328824ed2c284/element/2ed889ee-eb32-437a-a0e8-795b88b6997f/value'
20:07:59.554 [Forwarding sendKeysToElement on session 0539d6baef292bad348328824ed2c284 to remote] DEBUG org.asynchttpclient.netty.request.NettyRequestSender - Using open Channel [id: 0xcd9381a0, L:/127.0.0.1:50455 - R:localhost/127.0.0.1:64187] for POST '/session/0539d6baef292bad348328824ed2c284/element/2ed889ee-eb32-437a-a0e8-795b88b6997f/value'
20:07:59.689 [AsyncHttpClient-1-2] DEBUG org.asynchttpclient.netty.handler.HttpHandler - 

Request DefaultHttpRequest(decodeResult: success, version: HTTP/1.1)
POST /session/0539d6baef292bad348328824ed2c284/element/2ed889ee-eb32-437a-a0e8-795b88b6997f/value HTTP/1.1
User-Agent: selenium/4.1.2 (java windows)
Content-Length: 291
Content-Type: application/json; charset=utf-8
host: localhost:64187
accept: */*

Response DefaultHttpResponse(decodeResult: success, version: HTTP/1.1)
HTTP/1.1 200 OK
Content-Type: application/json; charset=utf-8
cache-control: no-cache
content-length: 14

20:07:59.689 [AsyncHttpClient-1-2] DEBUG org.asynchttpclient.netty.channel.ChannelManager - Adding key: http://localhost:64187 for channel [id: 0xcd9381a0, L:/127.0.0.1:50455 - R:localhost/127.0.0.1:64187]
20:07:59.699 [Forwarding findElement on session 0539d6baef292bad348328824ed2c284 to remote] DEBUG org.asynchttpclient.netty.request.NettyRequestSender - Using pooled Channel '[id: 0xcd9381a0, L:/127.0.0.1:50455 - R:localhost/127.0.0.1:64187]' for 'POST' to 'http://localhost:64187/session/0539d6baef292bad348328824ed2c284/element'
20:07:59.699 [Forwarding findElement on session 0539d6baef292bad348328824ed2c284 to remote] DEBUG org.asynchttpclient.netty.request.NettyRequestSender - Using open Channel [id: 0xcd9381a0, L:/127.0.0.1:50455 - R:localhost/127.0.0.1:64187] for POST '/session/0539d6baef292bad348328824ed2c284/element'
20:07:59.707 [AsyncHttpClient-1-2] DEBUG org.asynchttpclient.netty.handler.HttpHandler - 

Request DefaultHttpRequest(decodeResult: success, version: HTTP/1.1)
POST /session/0539d6baef292bad348328824ed2c284/element HTTP/1.1
User-Agent: selenium/4.1.2 (java windows)
Content-Length: 89
Content-Type: application/json; charset=utf-8
host: localhost:64187
accept: */*

Response DefaultHttpResponse(decodeResult: success, version: HTTP/1.1)
HTTP/1.1 200 OK
Content-Type: application/json; charset=utf-8
cache-control: no-cache
content-length: 88

20:07:59.709 [AsyncHttpClient-1-2] DEBUG org.asynchttpclient.netty.channel.ChannelManager - Adding key: http://localhost:64187 for channel [id: 0xcd9381a0, L:/127.0.0.1:50455 - R:localhost/127.0.0.1:64187]
20:07:59.709 [Forwarding clearElement on session 0539d6baef292bad348328824ed2c284 to remote] DEBUG org.asynchttpclient.netty.request.NettyRequestSender - Using pooled Channel '[id: 0xcd9381a0, L:/127.0.0.1:50455 - R:localhost/127.0.0.1:64187]' for 'POST' to 'http://localhost:64187/session/0539d6baef292bad348328824ed2c284/element/3353e619-d47a-47df-8b07-8d6474712353/clear'
20:07:59.709 [Forwarding clearElement on session 0539d6baef292bad348328824ed2c284 to remote] DEBUG org.asynchttpclient.netty.request.NettyRequestSender - Using open Channel [id: 0xcd9381a0, L:/127.0.0.1:50455 - R:localhost/127.0.0.1:64187] for POST '/session/0539d6baef292bad348328824ed2c284/element/3353e619-d47a-47df-8b07-8d6474712353/clear'
20:07:59.785 [AsyncHttpClient-1-2] DEBUG org.asynchttpclient.netty.handler.HttpHandler - 

Request DefaultHttpRequest(decodeResult: success, version: HTTP/1.1)
POST /session/0539d6baef292bad348328824ed2c284/element/3353e619-d47a-47df-8b07-8d6474712353/clear HTTP/1.1
User-Agent: selenium/4.1.2 (java windows)
Content-Length: 50
Content-Type: application/json; charset=utf-8
host: localhost:64187
accept: */*

Response DefaultHttpResponse(decodeResult: success, version: HTTP/1.1)
HTTP/1.1 200 OK
Content-Type: application/json; charset=utf-8
cache-control: no-cache
content-length: 14

20:07:59.785 [AsyncHttpClient-1-2] DEBUG org.asynchttpclient.netty.channel.ChannelManager - Adding key: http://localhost:64187 for channel [id: 0xcd9381a0, L:/127.0.0.1:50455 - R:localhost/127.0.0.1:64187]
20:07:59.786 [Forwarding sendKeysToElement on session 0539d6baef292bad348328824ed2c284 to remote] DEBUG org.asynchttpclient.netty.request.NettyRequestSender - Using pooled Channel '[id: 0xcd9381a0, L:/127.0.0.1:50455 - R:localhost/127.0.0.1:64187]' for 'POST' to 'http://localhost:64187/session/0539d6baef292bad348328824ed2c284/element/3353e619-d47a-47df-8b07-8d6474712353/value'
20:07:59.786 [Forwarding sendKeysToElement on session 0539d6baef292bad348328824ed2c284 to remote] DEBUG org.asynchttpclient.netty.request.NettyRequestSender - Using open Channel [id: 0xcd9381a0, L:/127.0.0.1:50455 - R:localhost/127.0.0.1:64187] for POST '/session/0539d6baef292bad348328824ed2c284/element/3353e619-d47a-47df-8b07-8d6474712353/value'
20:07:59.861 [AsyncHttpClient-1-2] DEBUG org.asynchttpclient.netty.handler.HttpHandler - 

Request DefaultHttpRequest(decodeResult: success, version: HTTP/1.1)
POST /session/0539d6baef292bad348328824ed2c284/element/3353e619-d47a-47df-8b07-8d6474712353/value HTTP/1.1
User-Agent: selenium/4.1.2 (java windows)
Content-Length: 181
Content-Type: application/json; charset=utf-8
host: localhost:64187
accept: */*

Response DefaultHttpResponse(decodeResult: success, version: HTTP/1.1)
HTTP/1.1 200 OK
Content-Type: application/json; charset=utf-8
cache-control: no-cache
content-length: 14

20:07:59.861 [AsyncHttpClient-1-2] DEBUG org.asynchttpclient.netty.channel.ChannelManager - Adding key: http://localhost:64187 for channel [id: 0xcd9381a0, L:/127.0.0.1:50455 - R:localhost/127.0.0.1:64187]
  &amp#27;[32mAnd &amp#27;[0m&amp#27;[32mI input &amp#27;[0m&amp#27;[32m&amp#27;[1m"maylananggi@gmail.com"&amp#27;[0m&amp#27;[32m email and &amp#27;[0m&amp#27;[32m&amp#27;[1m"maylanqe22"&amp#27;[0m&amp#27;[32m password valid&amp#27;[0m &amp#27;[90m# starter.steps.DetailStep.iInputEmailAndPasswordValid(java.lang.String,java.lang.String)&amp#27;[0m
20:07:59.869 [Forwarding screenshot on session 0539d6baef292bad348328824ed2c284 to remote] DEBUG org.asynchttpclient.netty.request.NettyRequestSender - Using pooled Channel '[id: 0xcd9381a0, L:/127.0.0.1:50455 - R:localhost/127.0.0.1:64187]' for 'GET' to 'http://localhost:64187/session/0539d6baef292bad348328824ed2c284/screenshot'
20:07:59.870 [Forwarding screenshot on session 0539d6baef292bad348328824ed2c284 to remote] DEBUG org.asynchttpclient.netty.request.NettyRequestSender - Using open Channel [id: 0xcd9381a0, L:/127.0.0.1:50455 - R:localhost/127.0.0.1:64187] for GET '/session/0539d6baef292bad348328824ed2c284/screenshot'
20:08:00.074 [AsyncHttpClient-1-2] DEBUG org.asynchttpclient.netty.handler.HttpHandler - 

Request DefaultFullHttpRequest(decodeResult: success, version: HTTP/1.1, content: EmptyByteBufBE)
GET /session/0539d6baef292bad348328824ed2c284/screenshot HTTP/1.1
User-Agent: selenium/4.1.2 (java windows)
Cache-Control: no-cache
Content-Type: application/json; charset=utf-8
host: localhost:64187
accept: */*

Response DefaultHttpResponse(decodeResult: success, version: HTTP/1.1)
HTTP/1.1 200 OK
Content-Type: application/json; charset=utf-8
cache-control: no-cache
content-length: 52388

20:08:00.074 [AsyncHttpClient-1-2] DEBUG org.asynchttpclient.netty.channel.ChannelManager - Adding key: http://localhost:64187 for channel [id: 0xcd9381a0, L:/127.0.0.1:50455 - R:localhost/127.0.0.1:64187]
20:08:00.076 [main] DEBUG net.serenitybdd.core.photography.Darkroom - Send negative for processing for target\site\serenity\30de60979f16ea028dee88a65dbf70663247c155591ecd573f919a5b3b5e7b08.png
20:08:00.078 [Darkroom Processing Line] DEBUG net.serenitybdd.core.photography.DarkroomProcessingLine - Processing screenshot image in /var/screenshots/screenshot-15462026752355948472
20:08:00.078 [Darkroom Processing Line] DEBUG net.serenitybdd.core.photography.DarkroomProcessingLine - Saving screenshot to target\site\serenity\30de60979f16ea028dee88a65dbf70663247c155591ecd573f919a5b3b5e7b08.png
20:08:00.087 [Forwarding findElement on session 0539d6baef292bad348328824ed2c284 to remote] DEBUG org.asynchttpclient.netty.request.NettyRequestSender - Using pooled Channel '[id: 0xcd9381a0, L:/127.0.0.1:50455 - R:localhost/127.0.0.1:64187]' for 'POST' to 'http://localhost:64187/session/0539d6baef292bad348328824ed2c284/element'
20:08:00.087 [Forwarding findElement on session 0539d6baef292bad348328824ed2c284 to remote] DEBUG org.asynchttpclient.netty.request.NettyRequestSender - Using open Channel [id: 0xcd9381a0, L:/127.0.0.1:50455 - R:localhost/127.0.0.1:64187] for POST '/session/0539d6baef292bad348328824ed2c284/element'
20:08:00.108 [AsyncHttpClient-1-2] DEBUG org.asynchttpclient.netty.handler.HttpHandler - 

Request DefaultHttpRequest(decodeResult: success, version: HTTP/1.1)
POST /session/0539d6baef292bad348328824ed2c284/element HTTP/1.1
User-Agent: selenium/4.1.2 (java windows)
Content-Length: 141
Content-Type: application/json; charset=utf-8
host: localhost:64187
accept: */*

Response DefaultHttpResponse(decodeResult: success, version: HTTP/1.1)
HTTP/1.1 200 OK
Content-Type: application/json; charset=utf-8
cache-control: no-cache
content-length: 88

20:08:00.109 [AsyncHttpClient-1-2] DEBUG org.asynchttpclient.netty.channel.ChannelManager - Adding key: http://localhost:64187 for channel [id: 0xcd9381a0, L:/127.0.0.1:50455 - R:localhost/127.0.0.1:64187]
20:08:00.110 [Forwarding getElementTagName on session 0539d6baef292bad348328824ed2c284 to remote] DEBUG org.asynchttpclient.netty.request.NettyRequestSender - Using pooled Channel '[id: 0xcd9381a0, L:/127.0.0.1:50455 - R:localhost/127.0.0.1:64187]' for 'GET' to 'http://localhost:64187/session/0539d6baef292bad348328824ed2c284/element/3d9abfa8-c009-492d-b704-3b038ab570c7/name'
20:08:00.110 [Forwarding getElementTagName on session 0539d6baef292bad348328824ed2c284 to remote] DEBUG org.asynchttpclient.netty.request.NettyRequestSender - Using open Channel [id: 0xcd9381a0, L:/127.0.0.1:50455 - R:localhost/127.0.0.1:64187] for GET '/session/0539d6baef292bad348328824ed2c284/element/3d9abfa8-c009-492d-b704-3b038ab570c7/name'
20:08:00.119 [AsyncHttpClient-1-2] DEBUG org.asynchttpclient.netty.handler.HttpHandler - 

Request DefaultFullHttpRequest(decodeResult: success, version: HTTP/1.1, content: EmptyByteBufBE)
GET /session/0539d6baef292bad348328824ed2c284/element/3d9abfa8-c009-492d-b704-3b038ab570c7/name HTTP/1.1
User-Agent: selenium/4.1.2 (java windows)
Cache-Control: no-cache
Content-Type: application/json; charset=utf-8
host: localhost:64187
accept: */*

Response DefaultHttpResponse(decodeResult: success, version: HTTP/1.1)
HTTP/1.1 200 OK
Content-Type: application/json; charset=utf-8
cache-control: no-cache
content-length: 18

20:08:00.119 [AsyncHttpClient-1-2] DEBUG org.asynchttpclient.netty.channel.ChannelManager - Adding key: http://localhost:64187 for channel [id: 0xcd9381a0, L:/127.0.0.1:50455 - R:localhost/127.0.0.1:64187]
20:08:00.120 [Forwarding getElementTagName on session 0539d6baef292bad348328824ed2c284 to remote] DEBUG org.asynchttpclient.netty.request.NettyRequestSender - Using pooled Channel '[id: 0xcd9381a0, L:/127.0.0.1:50455 - R:localhost/127.0.0.1:64187]' for 'GET' to 'http://localhost:64187/session/0539d6baef292bad348328824ed2c284/element/3d9abfa8-c009-492d-b704-3b038ab570c7/name'
20:08:00.120 [Forwarding getElementTagName on session 0539d6baef292bad348328824ed2c284 to remote] DEBUG org.asynchttpclient.netty.request.NettyRequestSender - Using open Channel [id: 0xcd9381a0, L:/127.0.0.1:50455 - R:localhost/127.0.0.1:64187] for GET '/session/0539d6baef292bad348328824ed2c284/element/3d9abfa8-c009-492d-b704-3b038ab570c7/name'
20:08:00.123 [AsyncHttpClient-1-2] DEBUG org.asynchttpclient.netty.handler.HttpHandler - 

Request DefaultFullHttpRequest(decodeResult: success, version: HTTP/1.1, content: EmptyByteBufBE)
GET /session/0539d6baef292bad348328824ed2c284/element/3d9abfa8-c009-492d-b704-3b038ab570c7/name HTTP/1.1
User-Agent: selenium/4.1.2 (java windows)
Cache-Control: no-cache
Content-Type: application/json; charset=utf-8
host: localhost:64187
accept: */*

Response DefaultHttpResponse(decodeResult: success, version: HTTP/1.1)
HTTP/1.1 200 OK
Content-Type: application/json; charset=utf-8
cache-control: no-cache
content-length: 18

20:08:00.123 [AsyncHttpClient-1-2] DEBUG org.asynchttpclient.netty.channel.ChannelManager - Adding key: http://localhost:64187 for channel [id: 0xcd9381a0, L:/127.0.0.1:50455 - R:localhost/127.0.0.1:64187]
20:08:00.124 [Forwarding isElementEnabled on session 0539d6baef292bad348328824ed2c284 to remote] DEBUG org.asynchttpclient.netty.request.NettyRequestSender - Using pooled Channel '[id: 0xcd9381a0, L:/127.0.0.1:50455 - R:localhost/127.0.0.1:64187]' for 'GET' to 'http://localhost:64187/session/0539d6baef292bad348328824ed2c284/element/3d9abfa8-c009-492d-b704-3b038ab570c7/enabled'
20:08:00.124 [Forwarding isElementEnabled on session 0539d6baef292bad348328824ed2c284 to remote] DEBUG org.asynchttpclient.netty.request.NettyRequestSender - Using open Channel [id: 0xcd9381a0, L:/127.0.0.1:50455 - R:localhost/127.0.0.1:64187] for GET '/session/0539d6baef292bad348328824ed2c284/element/3d9abfa8-c009-492d-b704-3b038ab570c7/enabled'
20:08:00.135 [AsyncHttpClient-1-2] DEBUG org.asynchttpclient.netty.handler.HttpHandler - 

Request DefaultFullHttpRequest(decodeResult: success, version: HTTP/1.1, content: EmptyByteBufBE)
GET /session/0539d6baef292bad348328824ed2c284/element/3d9abfa8-c009-492d-b704-3b038ab570c7/enabled HTTP/1.1
User-Agent: selenium/4.1.2 (java windows)
Cache-Control: no-cache
Content-Type: application/json; charset=utf-8
host: localhost:64187
accept: */*

Response DefaultHttpResponse(decodeResult: success, version: HTTP/1.1)
HTTP/1.1 200 OK
Content-Type: application/json; charset=utf-8
cache-control: no-cache
content-length: 14

20:08:00.135 [AsyncHttpClient-1-2] DEBUG org.asynchttpclient.netty.channel.ChannelManager - Adding key: http://localhost:64187 for channel [id: 0xcd9381a0, L:/127.0.0.1:50455 - R:localhost/127.0.0.1:64187]
20:08:00.135 [Forwarding isElementEnabled on session 0539d6baef292bad348328824ed2c284 to remote] DEBUG org.asynchttpclient.netty.request.NettyRequestSender - Using pooled Channel '[id: 0xcd9381a0, L:/127.0.0.1:50455 - R:localhost/127.0.0.1:64187]' for 'GET' to 'http://localhost:64187/session/0539d6baef292bad348328824ed2c284/element/3d9abfa8-c009-492d-b704-3b038ab570c7/enabled'
20:08:00.135 [Forwarding isElementEnabled on session 0539d6baef292bad348328824ed2c284 to remote] DEBUG org.asynchttpclient.netty.request.NettyRequestSender - Using open Channel [id: 0xcd9381a0, L:/127.0.0.1:50455 - R:localhost/127.0.0.1:64187] for GET '/session/0539d6baef292bad348328824ed2c284/element/3d9abfa8-c009-492d-b704-3b038ab570c7/enabled'
20:08:00.140 [AsyncHttpClient-1-2] DEBUG org.asynchttpclient.netty.handler.HttpHandler - 

Request DefaultFullHttpRequest(decodeResult: success, version: HTTP/1.1, content: EmptyByteBufBE)
GET /session/0539d6baef292bad348328824ed2c284/element/3d9abfa8-c009-492d-b704-3b038ab570c7/enabled HTTP/1.1
User-Agent: selenium/4.1.2 (java windows)
Cache-Control: no-cache
Content-Type: application/json; charset=utf-8
host: localhost:64187
accept: */*

Response DefaultHttpResponse(decodeResult: success, version: HTTP/1.1)
HTTP/1.1 200 OK
Content-Type: application/json; charset=utf-8
cache-control: no-cache
content-length: 14

20:08:00.140 [AsyncHttpClient-1-2] DEBUG org.asynchttpclient.netty.channel.ChannelManager - Adding key: http://localhost:64187 for channel [id: 0xcd9381a0, L:/127.0.0.1:50455 - R:localhost/127.0.0.1:64187]
20:08:00.142 [Forwarding findElement on session 0539d6baef292bad348328824ed2c284 to remote] DEBUG org.asynchttpclient.netty.request.NettyRequestSender - Using pooled Channel '[id: 0xcd9381a0, L:/127.0.0.1:50455 - R:localhost/127.0.0.1:64187]' for 'POST' to 'http://localhost:64187/session/0539d6baef292bad348328824ed2c284/element'
20:08:00.142 [Forwarding findElement on session 0539d6baef292bad348328824ed2c284 to remote] DEBUG org.asynchttpclient.netty.request.NettyRequestSender - Using open Channel [id: 0xcd9381a0, L:/127.0.0.1:50455 - R:localhost/127.0.0.1:64187] for POST '/session/0539d6baef292bad348328824ed2c284/element'
20:08:00.151 [AsyncHttpClient-1-2] DEBUG org.asynchttpclient.netty.handler.HttpHandler - 

Request DefaultHttpRequest(decodeResult: success, version: HTTP/1.1)
POST /session/0539d6baef292bad348328824ed2c284/element HTTP/1.1
User-Agent: selenium/4.1.2 (java windows)
Content-Length: 141
Content-Type: application/json; charset=utf-8
host: localhost:64187
accept: */*

Response DefaultHttpResponse(decodeResult: success, version: HTTP/1.1)
HTTP/1.1 200 OK
Content-Type: application/json; charset=utf-8
cache-control: no-cache
content-length: 88

20:08:00.151 [AsyncHttpClient-1-2] DEBUG org.asynchttpclient.netty.channel.ChannelManager - Adding key: http://localhost:64187 for channel [id: 0xcd9381a0, L:/127.0.0.1:50455 - R:localhost/127.0.0.1:64187]
20:08:00.152 [Forwarding clickElement on session 0539d6baef292bad348328824ed2c284 to remote] DEBUG org.asynchttpclient.netty.request.NettyRequestSender - Using pooled Channel '[id: 0xcd9381a0, L:/127.0.0.1:50455 - R:localhost/127.0.0.1:64187]' for 'POST' to 'http://localhost:64187/session/0539d6baef292bad348328824ed2c284/element/3d9abfa8-c009-492d-b704-3b038ab570c7/click'
20:08:00.152 [Forwarding clickElement on session 0539d6baef292bad348328824ed2c284 to remote] DEBUG org.asynchttpclient.netty.request.NettyRequestSender - Using open Channel [id: 0xcd9381a0, L:/127.0.0.1:50455 - R:localhost/127.0.0.1:64187] for POST '/session/0539d6baef292bad348328824ed2c284/element/3d9abfa8-c009-492d-b704-3b038ab570c7/click'
20:08:00.190 [AsyncHttpClient-1-2] DEBUG org.asynchttpclient.netty.handler.HttpHandler - 

Request DefaultHttpRequest(decodeResult: success, version: HTTP/1.1)
POST /session/0539d6baef292bad348328824ed2c284/element/3d9abfa8-c009-492d-b704-3b038ab570c7/click HTTP/1.1
User-Agent: selenium/4.1.2 (java windows)
Content-Length: 50
Content-Type: application/json; charset=utf-8
host: localhost:64187
accept: */*

Response DefaultHttpResponse(decodeResult: success, version: HTTP/1.1)
HTTP/1.1 200 OK
Content-Type: application/json; charset=utf-8
cache-control: no-cache
content-length: 14

20:08:00.190 [AsyncHttpClient-1-2] DEBUG org.asynchttpclient.netty.channel.ChannelManager - Adding key: http://localhost:64187 for channel [id: 0xcd9381a0, L:/127.0.0.1:50455 - R:localhost/127.0.0.1:64187]
  &amp#27;[32mAnd &amp#27;[0m&amp#27;[32mclick login button&amp#27;[0m                                                    &amp#27;[90m# starter.steps.DetailStep.clickLoginButton()&amp#27;[0m
20:08:00.194 [Forwarding screenshot on session 0539d6baef292bad348328824ed2c284 to remote] DEBUG org.asynchttpclient.netty.request.NettyRequestSender - Using pooled Channel '[id: 0xcd9381a0, L:/127.0.0.1:50455 - R:localhost/127.0.0.1:64187]' for 'GET' to 'http://localhost:64187/session/0539d6baef292bad348328824ed2c284/screenshot'
20:08:00.194 [Forwarding screenshot on session 0539d6baef292bad348328824ed2c284 to remote] DEBUG org.asynchttpclient.netty.request.NettyRequestSender - Using open Channel [id: 0xcd9381a0, L:/127.0.0.1:50455 - R:localhost/127.0.0.1:64187] for GET '/session/0539d6baef292bad348328824ed2c284/screenshot'
20:08:00.427 [AsyncHttpClient-1-2] DEBUG org.asynchttpclient.netty.handler.HttpHandler - 

Request DefaultFullHttpRequest(decodeResult: success, version: HTTP/1.1, content: EmptyByteBufBE)
GET /session/0539d6baef292bad348328824ed2c284/screenshot HTTP/1.1
User-Agent: selenium/4.1.2 (java windows)
Cache-Control: no-cache
Content-Type: application/json; charset=utf-8
host: localhost:64187
accept: */*

Response DefaultHttpResponse(decodeResult: success, version: HTTP/1.1)
HTTP/1.1 200 OK
Content-Type: application/json; charset=utf-8
cache-control: no-cache
content-length: 51088

20:08:00.427 [AsyncHttpClient-1-2] DEBUG org.asynchttpclient.netty.channel.ChannelManager - Adding key: http://localhost:64187 for channel [id: 0xcd9381a0, L:/127.0.0.1:50455 - R:localhost/127.0.0.1:64187]
20:08:00.428 [main] DEBUG net.serenitybdd.core.photography.Darkroom - Send negative for processing for target\site\serenity\05164083012db1c7d711c5f3e98933b19ba5bd27c2b1bb3a3076ae57d2273dc9.png
20:08:00.438 [Darkroom Processing Line] DEBUG net.serenitybdd.core.photography.DarkroomProcessingLine - Processing screenshot image in /var/screenshots/screenshot-8792720423926078896
20:08:00.438 [Darkroom Processing Line] DEBUG net.serenitybdd.core.photography.DarkroomProcessingLine - Saving screenshot to target\site\serenity\05164083012db1c7d711c5f3e98933b19ba5bd27c2b1bb3a3076ae57d2273dc9.png
20:08:00.441 [Forwarding findElement on session 0539d6baef292bad348328824ed2c284 to remote] DEBUG org.asynchttpclient.netty.request.NettyRequestSender - Using pooled Channel '[id: 0xcd9381a0, L:/127.0.0.1:50455 - R:localhost/127.0.0.1:64187]' for 'POST' to 'http://localhost:64187/session/0539d6baef292bad348328824ed2c284/element'
20:08:00.442 [Forwarding findElement on session 0539d6baef292bad348328824ed2c284 to remote] DEBUG org.asynchttpclient.netty.request.NettyRequestSender - Using open Channel [id: 0xcd9381a0, L:/127.0.0.1:50455 - R:localhost/127.0.0.1:64187] for POST '/session/0539d6baef292bad348328824ed2c284/element'
20:08:02.072 [AsyncHttpClient-1-2] DEBUG org.asynchttpclient.netty.handler.HttpHandler - 

Request DefaultHttpRequest(decodeResult: success, version: HTTP/1.1)
POST /session/0539d6baef292bad348328824ed2c284/element HTTP/1.1
User-Agent: selenium/4.1.2 (java windows)
Content-Length: 71
Content-Type: application/json; charset=utf-8
host: localhost:64187
accept: */*

Response DefaultHttpResponse(decodeResult: success, version: HTTP/1.1)
HTTP/1.1 200 OK
Content-Type: application/json; charset=utf-8
cache-control: no-cache
content-length: 88

20:08:02.072 [AsyncHttpClient-1-2] DEBUG org.asynchttpclient.netty.channel.ChannelManager - Adding key: http://localhost:64187 for channel [id: 0xcd9381a0, L:/127.0.0.1:50455 - R:localhost/127.0.0.1:64187]
20:08:02.075 [Forwarding isElementDisplayed on session 0539d6baef292bad348328824ed2c284 to remote] DEBUG org.asynchttpclient.netty.request.NettyRequestSender - Using pooled Channel '[id: 0xcd9381a0, L:/127.0.0.1:50455 - R:localhost/127.0.0.1:64187]' for 'POST' to 'http://localhost:64187/session/0539d6baef292bad348328824ed2c284/execute/sync'
20:08:02.075 [Forwarding isElementDisplayed on session 0539d6baef292bad348328824ed2c284 to remote] DEBUG org.asynchttpclient.netty.request.NettyRequestSender - Using open Channel [id: 0xcd9381a0, L:/127.0.0.1:50455 - R:localhost/127.0.0.1:64187] for POST '/session/0539d6baef292bad348328824ed2c284/execute/sync'
20:08:02.090 [AsyncHttpClient-1-2] DEBUG org.asynchttpclient.netty.handler.HttpHandler - 

Request DefaultHttpRequest(decodeResult: success, version: HTTP/1.1)
POST /session/0539d6baef292bad348328824ed2c284/execute/sync HTTP/1.1
User-Agent: selenium/4.1.2 (java windows)
Content-Length: 48780
Content-Type: application/json; charset=utf-8
host: localhost:64187
accept: */*

Response DefaultHttpResponse(decodeResult: success, version: HTTP/1.1)
HTTP/1.1 200 OK
Content-Type: application/json; charset=utf-8
cache-control: no-cache
content-length: 14

20:08:02.090 [AsyncHttpClient-1-2] DEBUG org.asynchttpclient.netty.channel.ChannelManager - Adding key: http://localhost:64187 for channel [id: 0xcd9381a0, L:/127.0.0.1:50455 - R:localhost/127.0.0.1:64187]
  &amp#27;[32mAnd &amp#27;[0m&amp#27;[32mI can login &amp#27;[0m&amp#27;[32m&amp#27;[1m"can login"&amp#27;[0m                                               &amp#27;[90m# starter.steps.DetailStep.iCanLogin(java.lang.String)&amp#27;[0m
20:08:02.095 [Forwarding screenshot on session 0539d6baef292bad348328824ed2c284 to remote] DEBUG org.asynchttpclient.netty.request.NettyRequestSender - Using pooled Channel '[id: 0xcd9381a0, L:/127.0.0.1:50455 - R:localhost/127.0.0.1:64187]' for 'GET' to 'http://localhost:64187/session/0539d6baef292bad348328824ed2c284/screenshot'
20:08:02.095 [Forwarding screenshot on session 0539d6baef292bad348328824ed2c284 to remote] DEBUG org.asynchttpclient.netty.request.NettyRequestSender - Using open Channel [id: 0xcd9381a0, L:/127.0.0.1:50455 - R:localhost/127.0.0.1:64187] for GET '/session/0539d6baef292bad348328824ed2c284/screenshot'
20:08:02.264 [AsyncHttpClient-1-2] DEBUG org.asynchttpclient.netty.handler.HttpHandler - 

Request DefaultFullHttpRequest(decodeResult: success, version: HTTP/1.1, content: EmptyByteBufBE)
GET /session/0539d6baef292bad348328824ed2c284/screenshot HTTP/1.1
User-Agent: selenium/4.1.2 (java windows)
Cache-Control: no-cache
Content-Type: application/json; charset=utf-8
host: localhost:64187
accept: */*

Response DefaultHttpResponse(decodeResult: success, version: HTTP/1.1)
HTTP/1.1 200 OK
Content-Type: application/json; charset=utf-8
cache-control: no-cache
content-length: 30420

20:08:02.264 [AsyncHttpClient-1-2] DEBUG org.asynchttpclient.netty.channel.ChannelManager - Adding key: http://localhost:64187 for channel [id: 0xcd9381a0, L:/127.0.0.1:50455 - R:localhost/127.0.0.1:64187]
20:08:02.269 [main] DEBUG net.serenitybdd.core.photography.Darkroom - Send negative for processing for target\site\serenity\0db38d361adee731d4dc250cbaefb94a25303a9238ccbffe66d38abc9215dbe8.png
20:08:02.425 [Forwarding findElement on session 0539d6baef292bad348328824ed2c284 to remote] DEBUG org.asynchttpclient.netty.request.NettyRequestSender - Using pooled Channel '[id: 0xcd9381a0, L:/127.0.0.1:50455 - R:localhost/127.0.0.1:64187]' for 'POST' to 'http://localhost:64187/session/0539d6baef292bad348328824ed2c284/element'
20:08:02.425 [Forwarding findElement on session 0539d6baef292bad348328824ed2c284 to remote] DEBUG org.asynchttpclient.netty.request.NettyRequestSender - Using open Channel [id: 0xcd9381a0, L:/127.0.0.1:50455 - R:localhost/127.0.0.1:64187] for POST '/session/0539d6baef292bad348328824ed2c284/element'
20:08:02.482 [AsyncHttpClient-1-2] DEBUG org.asynchttpclient.netty.handler.HttpHandler - 

Request DefaultHttpRequest(decodeResult: success, version: HTTP/1.1)
POST /session/0539d6baef292bad348328824ed2c284/element HTTP/1.1
User-Agent: selenium/4.1.2 (java windows)
Content-Length: 71
Content-Type: application/json; charset=utf-8
host: localhost:64187
accept: */*

Response DefaultHttpResponse(decodeResult: success, version: HTTP/1.1)
HTTP/1.1 200 OK
Content-Type: application/json; charset=utf-8
cache-control: no-cache
content-length: 88

20:08:02.482 [AsyncHttpClient-1-2] DEBUG org.asynchttpclient.netty.channel.ChannelManager - Adding key: http://localhost:64187 for channel [id: 0xcd9381a0, L:/127.0.0.1:50455 - R:localhost/127.0.0.1:64187]
20:08:02.490 [Forwarding getElementTagName on session 0539d6baef292bad348328824ed2c284 to remote] DEBUG org.asynchttpclient.netty.request.NettyRequestSender - Using pooled Channel '[id: 0xcd9381a0, L:/127.0.0.1:50455 - R:localhost/127.0.0.1:64187]' for 'GET' to 'http://localhost:64187/session/0539d6baef292bad348328824ed2c284/element/c12dcf99-2ed4-4dda-a3e6-bf086ab5d530/name'
20:08:02.490 [Forwarding getElementTagName on session 0539d6baef292bad348328824ed2c284 to remote] DEBUG org.asynchttpclient.netty.request.NettyRequestSender - Using open Channel [id: 0xcd9381a0, L:/127.0.0.1:50455 - R:localhost/127.0.0.1:64187] for GET '/session/0539d6baef292bad348328824ed2c284/element/c12dcf99-2ed4-4dda-a3e6-bf086ab5d530/name'
20:08:02.496 [AsyncHttpClient-1-2] DEBUG org.asynchttpclient.netty.handler.HttpHandler - 

Request DefaultFullHttpRequest(decodeResult: success, version: HTTP/1.1, content: EmptyByteBufBE)
GET /session/0539d6baef292bad348328824ed2c284/element/c12dcf99-2ed4-4dda-a3e6-bf086ab5d530/name HTTP/1.1
User-Agent: selenium/4.1.2 (java windows)
Cache-Control: no-cache
Content-Type: application/json; charset=utf-8
host: localhost:64187
accept: */*

Response DefaultHttpResponse(decodeResult: success, version: HTTP/1.1)
HTTP/1.1 200 OK
Content-Type: application/json; charset=utf-8
cache-control: no-cache
content-length: 18

20:08:02.497 [AsyncHttpClient-1-2] DEBUG org.asynchttpclient.netty.channel.ChannelManager - Adding key: http://localhost:64187 for channel [id: 0xcd9381a0, L:/127.0.0.1:50455 - R:localhost/127.0.0.1:64187]
20:08:02.498 [Forwarding getElementTagName on session 0539d6baef292bad348328824ed2c284 to remote] DEBUG org.asynchttpclient.netty.request.NettyRequestSender - Using pooled Channel '[id: 0xcd9381a0, L:/127.0.0.1:50455 - R:localhost/127.0.0.1:64187]' for 'GET' to 'http://localhost:64187/session/0539d6baef292bad348328824ed2c284/element/c12dcf99-2ed4-4dda-a3e6-bf086ab5d530/name'
20:08:02.498 [Forwarding getElementTagName on session 0539d6baef292bad348328824ed2c284 to remote] DEBUG org.asynchttpclient.netty.request.NettyRequestSender - Using open Channel [id: 0xcd9381a0, L:/127.0.0.1:50455 - R:localhost/127.0.0.1:64187] for GET '/session/0539d6baef292bad348328824ed2c284/element/c12dcf99-2ed4-4dda-a3e6-bf086ab5d530/name'
20:08:02.511 [AsyncHttpClient-1-2] DEBUG org.asynchttpclient.netty.handler.HttpHandler - 

Request DefaultFullHttpRequest(decodeResult: success, version: HTTP/1.1, content: EmptyByteBufBE)
GET /session/0539d6baef292bad348328824ed2c284/element/c12dcf99-2ed4-4dda-a3e6-bf086ab5d530/name HTTP/1.1
User-Agent: selenium/4.1.2 (java windows)
Cache-Control: no-cache
Content-Type: application/json; charset=utf-8
host: localhost:64187
accept: */*

Response DefaultHttpResponse(decodeResult: success, version: HTTP/1.1)
HTTP/1.1 200 OK
Content-Type: application/json; charset=utf-8
cache-control: no-cache
content-length: 18

20:08:02.511 [AsyncHttpClient-1-2] DEBUG org.asynchttpclient.netty.channel.ChannelManager - Adding key: http://localhost:64187 for channel [id: 0xcd9381a0, L:/127.0.0.1:50455 - R:localhost/127.0.0.1:64187]
20:08:02.513 [Forwarding isElementEnabled on session 0539d6baef292bad348328824ed2c284 to remote] DEBUG org.asynchttpclient.netty.request.NettyRequestSender - Using pooled Channel '[id: 0xcd9381a0, L:/127.0.0.1:50455 - R:localhost/127.0.0.1:64187]' for 'GET' to 'http://localhost:64187/session/0539d6baef292bad348328824ed2c284/element/c12dcf99-2ed4-4dda-a3e6-bf086ab5d530/enabled'
20:08:02.513 [Forwarding isElementEnabled on session 0539d6baef292bad348328824ed2c284 to remote] DEBUG org.asynchttpclient.netty.request.NettyRequestSender - Using open Channel [id: 0xcd9381a0, L:/127.0.0.1:50455 - R:localhost/127.0.0.1:64187] for GET '/session/0539d6baef292bad348328824ed2c284/element/c12dcf99-2ed4-4dda-a3e6-bf086ab5d530/enabled'
20:08:02.530 [AsyncHttpClient-1-2] DEBUG org.asynchttpclient.netty.handler.HttpHandler - 

Request DefaultFullHttpRequest(decodeResult: success, version: HTTP/1.1, content: EmptyByteBufBE)
GET /session/0539d6baef292bad348328824ed2c284/element/c12dcf99-2ed4-4dda-a3e6-bf086ab5d530/enabled HTTP/1.1
User-Agent: selenium/4.1.2 (java windows)
Cache-Control: no-cache
Content-Type: application/json; charset=utf-8
host: localhost:64187
accept: */*

Response DefaultHttpResponse(decodeResult: success, version: HTTP/1.1)
HTTP/1.1 200 OK
Content-Type: application/json; charset=utf-8
cache-control: no-cache
content-length: 14

20:08:02.530 [AsyncHttpClient-1-2] DEBUG org.asynchttpclient.netty.channel.ChannelManager - Adding key: http://localhost:64187 for channel [id: 0xcd9381a0, L:/127.0.0.1:50455 - R:localhost/127.0.0.1:64187]
20:08:02.531 [Forwarding isElementEnabled on session 0539d6baef292bad348328824ed2c284 to remote] DEBUG org.asynchttpclient.netty.request.NettyRequestSender - Using pooled Channel '[id: 0xcd9381a0, L:/127.0.0.1:50455 - R:localhost/127.0.0.1:64187]' for 'GET' to 'http://localhost:64187/session/0539d6baef292bad348328824ed2c284/element/c12dcf99-2ed4-4dda-a3e6-bf086ab5d530/enabled'
20:08:02.531 [Forwarding isElementEnabled on session 0539d6baef292bad348328824ed2c284 to remote] DEBUG org.asynchttpclient.netty.request.NettyRequestSender - Using open Channel [id: 0xcd9381a0, L:/127.0.0.1:50455 - R:localhost/127.0.0.1:64187] for GET '/session/0539d6baef292bad348328824ed2c284/element/c12dcf99-2ed4-4dda-a3e6-bf086ab5d530/enabled'
20:08:02.540 [AsyncHttpClient-1-2] DEBUG org.asynchttpclient.netty.handler.HttpHandler - 

Request DefaultFullHttpRequest(decodeResult: success, version: HTTP/1.1, content: EmptyByteBufBE)
GET /session/0539d6baef292bad348328824ed2c284/element/c12dcf99-2ed4-4dda-a3e6-bf086ab5d530/enabled HTTP/1.1
User-Agent: selenium/4.1.2 (java windows)
Cache-Control: no-cache
Content-Type: application/json; charset=utf-8
host: localhost:64187
accept: */*

Response DefaultHttpResponse(decodeResult: success, version: HTTP/1.1)
HTTP/1.1 200 OK
Content-Type: application/json; charset=utf-8
cache-control: no-cache
content-length: 14

20:08:02.540 [AsyncHttpClient-1-2] DEBUG org.asynchttpclient.netty.channel.ChannelManager - Adding key: http://localhost:64187 for channel [id: 0xcd9381a0, L:/127.0.0.1:50455 - R:localhost/127.0.0.1:64187]
20:08:02.542 [Forwarding findElement on session 0539d6baef292bad348328824ed2c284 to remote] DEBUG org.asynchttpclient.netty.request.NettyRequestSender - Using pooled Channel '[id: 0xcd9381a0, L:/127.0.0.1:50455 - R:localhost/127.0.0.1:64187]' for 'POST' to 'http://localhost:64187/session/0539d6baef292bad348328824ed2c284/element'
20:08:02.542 [Forwarding findElement on session 0539d6baef292bad348328824ed2c284 to remote] DEBUG org.asynchttpclient.netty.request.NettyRequestSender - Using open Channel [id: 0xcd9381a0, L:/127.0.0.1:50455 - R:localhost/127.0.0.1:64187] for POST '/session/0539d6baef292bad348328824ed2c284/element'
20:08:02.547 [AsyncHttpClient-1-2] DEBUG org.asynchttpclient.netty.handler.HttpHandler - 

Request DefaultHttpRequest(decodeResult: success, version: HTTP/1.1)
POST /session/0539d6baef292bad348328824ed2c284/element HTTP/1.1
User-Agent: selenium/4.1.2 (java windows)
Content-Length: 71
Content-Type: application/json; charset=utf-8
host: localhost:64187
accept: */*

Response DefaultHttpResponse(decodeResult: success, version: HTTP/1.1)
HTTP/1.1 200 OK
Content-Type: application/json; charset=utf-8
cache-control: no-cache
content-length: 88

20:08:02.547 [AsyncHttpClient-1-2] DEBUG org.asynchttpclient.netty.channel.ChannelManager - Adding key: http://localhost:64187 for channel [id: 0xcd9381a0, L:/127.0.0.1:50455 - R:localhost/127.0.0.1:64187]
20:08:02.548 [Forwarding clickElement on session 0539d6baef292bad348328824ed2c284 to remote] DEBUG org.asynchttpclient.netty.request.NettyRequestSender - Using pooled Channel '[id: 0xcd9381a0, L:/127.0.0.1:50455 - R:localhost/127.0.0.1:64187]' for 'POST' to 'http://localhost:64187/session/0539d6baef292bad348328824ed2c284/element/c12dcf99-2ed4-4dda-a3e6-bf086ab5d530/click'
20:08:02.548 [Forwarding clickElement on session 0539d6baef292bad348328824ed2c284 to remote] DEBUG org.asynchttpclient.netty.request.NettyRequestSender - Using open Channel [id: 0xcd9381a0, L:/127.0.0.1:50455 - R:localhost/127.0.0.1:64187] for POST '/session/0539d6baef292bad348328824ed2c284/element/c12dcf99-2ed4-4dda-a3e6-bf086ab5d530/click'
20:08:02.601 [AsyncHttpClient-1-2] DEBUG org.asynchttpclient.netty.handler.HttpHandler - 

Request DefaultHttpRequest(decodeResult: success, version: HTTP/1.1)
POST /session/0539d6baef292bad348328824ed2c284/element/c12dcf99-2ed4-4dda-a3e6-bf086ab5d530/click HTTP/1.1
User-Agent: selenium/4.1.2 (java windows)
Content-Length: 50
Content-Type: application/json; charset=utf-8
host: localhost:64187
accept: */*

Response DefaultHttpResponse(decodeResult: success, version: HTTP/1.1)
HTTP/1.1 200 OK
Content-Type: application/json; charset=utf-8
cache-control: no-cache
content-length: 14

20:08:02.601 [AsyncHttpClient-1-2] DEBUG org.asynchttpclient.netty.channel.ChannelManager - Adding key: http://localhost:64187 for channel [id: 0xcd9381a0, L:/127.0.0.1:50455 - R:localhost/127.0.0.1:64187]
  &amp#27;[32mWhen &amp#27;[0m&amp#27;[32mI click profile icon&amp#27;[0m                                                 &amp#27;[90m# starter.steps.LogoutStep.iClickProfileIcon()&amp#27;[0m
20:08:02.610 [Forwarding screenshot on session 0539d6baef292bad348328824ed2c284 to remote] DEBUG org.asynchttpclient.netty.request.NettyRequestSender - Using pooled Channel '[id: 0xcd9381a0, L:/127.0.0.1:50455 - R:localhost/127.0.0.1:64187]' for 'GET' to 'http://localhost:64187/session/0539d6baef292bad348328824ed2c284/screenshot'
20:08:02.610 [Forwarding screenshot on session 0539d6baef292bad348328824ed2c284 to remote] DEBUG org.asynchttpclient.netty.request.NettyRequestSender - Using open Channel [id: 0xcd9381a0, L:/127.0.0.1:50455 - R:localhost/127.0.0.1:64187] for GET '/session/0539d6baef292bad348328824ed2c284/screenshot'
20:08:02.787 [AsyncHttpClient-1-2] DEBUG org.asynchttpclient.netty.handler.HttpHandler - 

Request DefaultFullHttpRequest(decodeResult: success, version: HTTP/1.1, content: EmptyByteBufBE)
GET /session/0539d6baef292bad348328824ed2c284/screenshot HTTP/1.1
User-Agent: selenium/4.1.2 (java windows)
Cache-Control: no-cache
Content-Type: application/json; charset=utf-8
host: localhost:64187
accept: */*

Response DefaultHttpResponse(decodeResult: success, version: HTTP/1.1)
HTTP/1.1 200 OK
Content-Type: application/json; charset=utf-8
cache-control: no-cache
content-length: 49172

20:08:02.788 [AsyncHttpClient-1-2] DEBUG org.asynchttpclient.netty.channel.ChannelManager - Adding key: http://localhost:64187 for channel [id: 0xcd9381a0, L:/127.0.0.1:50455 - R:localhost/127.0.0.1:64187]
20:08:02.789 [main] DEBUG net.serenitybdd.core.photography.Darkroom - Send negative for processing for target\site\serenity\56c80408763e5d4421e272cacd40eec94135810dc9eb36fbe592015f39d2dadc.png
20:08:02.790 [Darkroom Processing Line] DEBUG net.serenitybdd.core.photography.DarkroomProcessingLine - Processing screenshot image in /var/screenshots/screenshot-11697076089490224487
20:08:02.790 [Darkroom Processing Line] DEBUG net.serenitybdd.core.photography.DarkroomProcessingLine - Saving screenshot to target\site\serenity\56c80408763e5d4421e272cacd40eec94135810dc9eb36fbe592015f39d2dadc.png
20:08:02.798 [Forwarding findElement on session 0539d6baef292bad348328824ed2c284 to remote] DEBUG org.asynchttpclient.netty.request.NettyRequestSender - Using pooled Channel '[id: 0xcd9381a0, L:/127.0.0.1:50455 - R:localhost/127.0.0.1:64187]' for 'POST' to 'http://localhost:64187/session/0539d6baef292bad348328824ed2c284/element'
20:08:02.798 [Forwarding findElement on session 0539d6baef292bad348328824ed2c284 to remote] DEBUG org.asynchttpclient.netty.request.NettyRequestSender - Using open Channel [id: 0xcd9381a0, L:/127.0.0.1:50455 - R:localhost/127.0.0.1:64187] for POST '/session/0539d6baef292bad348328824ed2c284/element'
20:08:02.838 [AsyncHttpClient-1-2] DEBUG org.asynchttpclient.netty.handler.HttpHandler - 

Request DefaultHttpRequest(decodeResult: success, version: HTTP/1.1)
POST /session/0539d6baef292bad348328824ed2c284/element HTTP/1.1
User-Agent: selenium/4.1.2 (java windows)
Content-Length: 107
Content-Type: application/json; charset=utf-8
host: localhost:64187
accept: */*

Response DefaultHttpResponse(decodeResult: success, version: HTTP/1.1)
HTTP/1.1 200 OK
Content-Type: application/json; charset=utf-8
cache-control: no-cache
content-length: 88

20:08:02.838 [AsyncHttpClient-1-2] DEBUG org.asynchttpclient.netty.channel.ChannelManager - Adding key: http://localhost:64187 for channel [id: 0xcd9381a0, L:/127.0.0.1:50455 - R:localhost/127.0.0.1:64187]
20:08:02.842 [Forwarding getElementTagName on session 0539d6baef292bad348328824ed2c284 to remote] DEBUG org.asynchttpclient.netty.request.NettyRequestSender - Using pooled Channel '[id: 0xcd9381a0, L:/127.0.0.1:50455 - R:localhost/127.0.0.1:64187]' for 'GET' to 'http://localhost:64187/session/0539d6baef292bad348328824ed2c284/element/434b2798-0222-4a7d-8cbf-c5274df1b32b/name'
20:08:02.842 [Forwarding getElementTagName on session 0539d6baef292bad348328824ed2c284 to remote] DEBUG org.asynchttpclient.netty.request.NettyRequestSender - Using open Channel [id: 0xcd9381a0, L:/127.0.0.1:50455 - R:localhost/127.0.0.1:64187] for GET '/session/0539d6baef292bad348328824ed2c284/element/434b2798-0222-4a7d-8cbf-c5274df1b32b/name'
20:08:02.848 [AsyncHttpClient-1-2] DEBUG org.asynchttpclient.netty.handler.HttpHandler - 

Request DefaultFullHttpRequest(decodeResult: success, version: HTTP/1.1, content: EmptyByteBufBE)
GET /session/0539d6baef292bad348328824ed2c284/element/434b2798-0222-4a7d-8cbf-c5274df1b32b/name HTTP/1.1
User-Agent: selenium/4.1.2 (java windows)
Cache-Control: no-cache
Content-Type: application/json; charset=utf-8
host: localhost:64187
accept: */*

Response DefaultHttpResponse(decodeResult: success, version: HTTP/1.1)
HTTP/1.1 200 OK
Content-Type: application/json; charset=utf-8
cache-control: no-cache
content-length: 13

20:08:02.848 [AsyncHttpClient-1-2] DEBUG org.asynchttpclient.netty.channel.ChannelManager - Adding key: http://localhost:64187 for channel [id: 0xcd9381a0, L:/127.0.0.1:50455 - R:localhost/127.0.0.1:64187]
20:08:02.851 [Forwarding getElementTagName on session 0539d6baef292bad348328824ed2c284 to remote] DEBUG org.asynchttpclient.netty.request.NettyRequestSender - Using pooled Channel '[id: 0xcd9381a0, L:/127.0.0.1:50455 - R:localhost/127.0.0.1:64187]' for 'GET' to 'http://localhost:64187/session/0539d6baef292bad348328824ed2c284/element/434b2798-0222-4a7d-8cbf-c5274df1b32b/name'
20:08:02.851 [Forwarding getElementTagName on session 0539d6baef292bad348328824ed2c284 to remote] DEBUG org.asynchttpclient.netty.request.NettyRequestSender - Using open Channel [id: 0xcd9381a0, L:/127.0.0.1:50455 - R:localhost/127.0.0.1:64187] for GET '/session/0539d6baef292bad348328824ed2c284/element/434b2798-0222-4a7d-8cbf-c5274df1b32b/name'
20:08:02.875 [AsyncHttpClient-1-2] DEBUG org.asynchttpclient.netty.handler.HttpHandler - 

Request DefaultFullHttpRequest(decodeResult: success, version: HTTP/1.1, content: EmptyByteBufBE)
GET /session/0539d6baef292bad348328824ed2c284/element/434b2798-0222-4a7d-8cbf-c5274df1b32b/name HTTP/1.1
User-Agent: selenium/4.1.2 (java windows)
Cache-Control: no-cache
Content-Type: application/json; charset=utf-8
host: localhost:64187
accept: */*

Response DefaultHttpResponse(decodeResult: success, version: HTTP/1.1)
HTTP/1.1 200 OK
Content-Type: application/json; charset=utf-8
cache-control: no-cache
content-length: 13

20:08:02.875 [AsyncHttpClient-1-2] DEBUG org.asynchttpclient.netty.channel.ChannelManager - Adding key: http://localhost:64187 for channel [id: 0xcd9381a0, L:/127.0.0.1:50455 - R:localhost/127.0.0.1:64187]
20:08:02.878 [Forwarding findElement on session 0539d6baef292bad348328824ed2c284 to remote] DEBUG org.asynchttpclient.netty.request.NettyRequestSender - Using pooled Channel '[id: 0xcd9381a0, L:/127.0.0.1:50455 - R:localhost/127.0.0.1:64187]' for 'POST' to 'http://localhost:64187/session/0539d6baef292bad348328824ed2c284/element'
20:08:02.879 [Forwarding findElement on session 0539d6baef292bad348328824ed2c284 to remote] DEBUG org.asynchttpclient.netty.request.NettyRequestSender - Using open Channel [id: 0xcd9381a0, L:/127.0.0.1:50455 - R:localhost/127.0.0.1:64187] for POST '/session/0539d6baef292bad348328824ed2c284/element'
20:08:02.901 [AsyncHttpClient-1-2] DEBUG org.asynchttpclient.netty.handler.HttpHandler - 

Request DefaultHttpRequest(decodeResult: success, version: HTTP/1.1)
POST /session/0539d6baef292bad348328824ed2c284/element HTTP/1.1
User-Agent: selenium/4.1.2 (java windows)
Content-Length: 107
Content-Type: application/json; charset=utf-8
host: localhost:64187
accept: */*

Response DefaultHttpResponse(decodeResult: success, version: HTTP/1.1)
HTTP/1.1 200 OK
Content-Type: application/json; charset=utf-8
cache-control: no-cache
content-length: 88

20:08:02.901 [AsyncHttpClient-1-2] DEBUG org.asynchttpclient.netty.channel.ChannelManager - Adding key: http://localhost:64187 for channel [id: 0xcd9381a0, L:/127.0.0.1:50455 - R:localhost/127.0.0.1:64187]
20:08:02.903 [Forwarding clickElement on session 0539d6baef292bad348328824ed2c284 to remote] DEBUG org.asynchttpclient.netty.request.NettyRequestSender - Using pooled Channel '[id: 0xcd9381a0, L:/127.0.0.1:50455 - R:localhost/127.0.0.1:64187]' for 'POST' to 'http://localhost:64187/session/0539d6baef292bad348328824ed2c284/element/434b2798-0222-4a7d-8cbf-c5274df1b32b/click'
20:08:02.903 [Forwarding clickElement on session 0539d6baef292bad348328824ed2c284 to remote] DEBUG org.asynchttpclient.netty.request.NettyRequestSender - Using open Channel [id: 0xcd9381a0, L:/127.0.0.1:50455 - R:localhost/127.0.0.1:64187] for POST '/session/0539d6baef292bad348328824ed2c284/element/434b2798-0222-4a7d-8cbf-c5274df1b32b/click'
20:08:02.972 [AsyncHttpClient-1-2] DEBUG org.asynchttpclient.netty.handler.HttpHandler - 

Request DefaultHttpRequest(decodeResult: success, version: HTTP/1.1)
POST /session/0539d6baef292bad348328824ed2c284/element/434b2798-0222-4a7d-8cbf-c5274df1b32b/click HTTP/1.1
User-Agent: selenium/4.1.2 (java windows)
Content-Length: 50
Content-Type: application/json; charset=utf-8
host: localhost:64187
accept: */*

Response DefaultHttpResponse(decodeResult: success, version: HTTP/1.1)
HTTP/1.1 200 OK
Content-Type: application/json; charset=utf-8
cache-control: no-cache
content-length: 14

20:08:02.972 [AsyncHttpClient-1-2] DEBUG org.asynchttpclient.netty.channel.ChannelManager - Adding key: http://localhost:64187 for channel [id: 0xcd9381a0, L:/127.0.0.1:50455 - R:localhost/127.0.0.1:64187]
  &amp#27;[32mAnd &amp#27;[0m&amp#27;[32mI click logout button&amp#27;[0m                                                 &amp#27;[90m# starter.steps.LogoutStep.iClickLogoutButton()&amp#27;[0m
20:08:02.977 [Forwarding screenshot on session 0539d6baef292bad348328824ed2c284 to remote] DEBUG org.asynchttpclient.netty.request.NettyRequestSender - Using pooled Channel '[id: 0xcd9381a0, L:/127.0.0.1:50455 - R:localhost/127.0.0.1:64187]' for 'GET' to 'http://localhost:64187/session/0539d6baef292bad348328824ed2c284/screenshot'
20:08:02.977 [Forwarding screenshot on session 0539d6baef292bad348328824ed2c284 to remote] DEBUG org.asynchttpclient.netty.request.NettyRequestSender - Using open Channel [id: 0xcd9381a0, L:/127.0.0.1:50455 - R:localhost/127.0.0.1:64187] for GET '/session/0539d6baef292bad348328824ed2c284/screenshot'
20:08:03.119 [AsyncHttpClient-1-2] DEBUG org.asynchttpclient.netty.handler.HttpHandler - 

Request DefaultFullHttpRequest(decodeResult: success, version: HTTP/1.1, content: EmptyByteBufBE)
GET /session/0539d6baef292bad348328824ed2c284/screenshot HTTP/1.1
User-Agent: selenium/4.1.2 (java windows)
Cache-Control: no-cache
Content-Type: application/json; charset=utf-8
host: localhost:64187
accept: */*

Response DefaultHttpResponse(decodeResult: success, version: HTTP/1.1)
HTTP/1.1 200 OK
Content-Type: application/json; charset=utf-8
cache-control: no-cache
content-length: 37776

20:08:03.119 [AsyncHttpClient-1-2] DEBUG org.asynchttpclient.netty.channel.ChannelManager - Adding key: http://localhost:64187 for channel [id: 0xcd9381a0, L:/127.0.0.1:50455 - R:localhost/127.0.0.1:64187]
20:08:03.120 [main] DEBUG net.serenitybdd.core.photography.Darkroom - Send negative for processing for target\site\serenity\90a96807d5abd9f2f22a031d25620dfa1cea1d5efe69ad8266ee02cc5d53e9f6.png
20:08:03.127 [Forwarding findElement on session 0539d6baef292bad348328824ed2c284 to remote] DEBUG org.asynchttpclient.netty.request.NettyRequestSender - Using pooled Channel '[id: 0xcd9381a0, L:/127.0.0.1:50455 - R:localhost/127.0.0.1:64187]' for 'POST' to 'http://localhost:64187/session/0539d6baef292bad348328824ed2c284/element'
20:08:03.127 [Forwarding findElement on session 0539d6baef292bad348328824ed2c284 to remote] DEBUG org.asynchttpclient.netty.request.NettyRequestSender - Using open Channel [id: 0xcd9381a0, L:/127.0.0.1:50455 - R:localhost/127.0.0.1:64187] for POST '/session/0539d6baef292bad348328824ed2c284/element'
20:08:03.134 [AsyncHttpClient-1-2] DEBUG org.asynchttpclient.netty.handler.HttpHandler - 

Request DefaultHttpRequest(decodeResult: success, version: HTTP/1.1)
POST /session/0539d6baef292bad348328824ed2c284/element HTTP/1.1
User-Agent: selenium/4.1.2 (java windows)
Content-Length: 76
Content-Type: application/json; charset=utf-8
host: localhost:64187
accept: */*

Response DefaultHttpResponse(decodeResult: success, version: HTTP/1.1)
HTTP/1.1 200 OK
Content-Type: application/json; charset=utf-8
cache-control: no-cache
content-length: 88

20:08:03.135 [AsyncHttpClient-1-2] DEBUG org.asynchttpclient.netty.channel.ChannelManager - Adding key: http://localhost:64187 for channel [id: 0xcd9381a0, L:/127.0.0.1:50455 - R:localhost/127.0.0.1:64187]
20:08:03.137 [Forwarding isElementDisplayed on session 0539d6baef292bad348328824ed2c284 to remote] DEBUG org.asynchttpclient.netty.request.NettyRequestSender - Using pooled Channel '[id: 0xcd9381a0, L:/127.0.0.1:50455 - R:localhost/127.0.0.1:64187]' for 'POST' to 'http://localhost:64187/session/0539d6baef292bad348328824ed2c284/execute/sync'
20:08:03.137 [Forwarding isElementDisplayed on session 0539d6baef292bad348328824ed2c284 to remote] DEBUG org.asynchttpclient.netty.request.NettyRequestSender - Using open Channel [id: 0xcd9381a0, L:/127.0.0.1:50455 - R:localhost/127.0.0.1:64187] for POST '/session/0539d6baef292bad348328824ed2c284/execute/sync'
20:08:03.146 [AsyncHttpClient-1-2] DEBUG org.asynchttpclient.netty.handler.HttpHandler - 

Request DefaultHttpRequest(decodeResult: success, version: HTTP/1.1)
POST /session/0539d6baef292bad348328824ed2c284/execute/sync HTTP/1.1
User-Agent: selenium/4.1.2 (java windows)
Content-Length: 48780
Content-Type: application/json; charset=utf-8
host: localhost:64187
accept: */*

Response DefaultHttpResponse(decodeResult: success, version: HTTP/1.1)
HTTP/1.1 200 OK
Content-Type: application/json; charset=utf-8
cache-control: no-cache
content-length: 14

20:08:03.146 [AsyncHttpClient-1-2] DEBUG org.asynchttpclient.netty.channel.ChannelManager - Adding key: http://localhost:64187 for channel [id: 0xcd9381a0, L:/127.0.0.1:50455 - R:localhost/127.0.0.1:64187]
  &amp#27;[32mThen &amp#27;[0m&amp#27;[32mI go to login page&amp#27;[0m                                                   &amp#27;[90m# starter.steps.LogoutStep.iGoToLoginPage()&amp#27;[0m
20:08:03.153 [AsyncHttpClient-1-4] DEBUG org.asynchttpclient.netty.handler.WebSocketHandler - Channel Closed: [id: 0x524d42a4, L:/127.0.0.1:50465 ! R:localhost/127.0.0.1:50456] with attribute NettyResponseFuture{currentRetry=5,
	isDone=1,
	isCancelled=0,
	asyncHandler=org.asynchttpclient.ws.WebSocketUpgradeHandler@5559a44,
	nettyRequest=org.asynchttpclient.netty.request.NettyRequest@4ac2cfe3,
	future=java.util.concurrent.CompletableFuture@74dd345b[Completed normally],
	uri=ws://localhost:50456/devtools/browser/f157e054-4ea0-45bb-a83e-b6cf85b339a7,
	keepAlive=true,
	redirectCount=0,
	timeoutsHolder=null,
	inAuth=0,
	touch=1667221547095}
20:08:03.153 [AsyncHttpClient-1-4] DEBUG org.asynchttpclient.netty.channel.ChannelManager - Closing Channel [id: 0x524d42a4, L:/127.0.0.1:50465 ! R:localhost/127.0.0.1:50456] 
20:08:03.153 [Driver Command Executor] DEBUG org.asynchttpclient.netty.request.NettyRequestSender - Using pooled Channel '[id: 0xcd9381a0, L:/127.0.0.1:50455 - R:localhost/127.0.0.1:64187]' for 'DELETE' to 'http://localhost:64187/session/0539d6baef292bad348328824ed2c284'
20:08:03.153 [Driver Command Executor] DEBUG org.asynchttpclient.netty.request.NettyRequestSender - Using open Channel [id: 0xcd9381a0, L:/127.0.0.1:50455 - R:localhost/127.0.0.1:64187] for DELETE '/session/0539d6baef292bad348328824ed2c284'
20:08:03.346 [AsyncHttpClient-1-2] DEBUG org.asynchttpclient.netty.handler.HttpHandler - 

Request DefaultFullHttpRequest(decodeResult: success, version: HTTP/1.1, content: EmptyByteBufBE)
DELETE /session/0539d6baef292bad348328824ed2c284 HTTP/1.1
User-Agent: selenium/4.1.2 (java windows)
Content-Type: application/json; charset=utf-8
host: localhost:64187
accept: */*

Response DefaultHttpResponse(decodeResult: success, version: HTTP/1.1)
HTTP/1.1 200 OK
Content-Type: application/json; charset=utf-8
cache-control: no-cache
content-length: 14

20:08:03.347 [AsyncHttpClient-1-2] DEBUG org.asynchttpclient.netty.channel.ChannelManager - Adding key: http://localhost:64187 for channel [id: 0xcd9381a0, L:/127.0.0.1:50455 - R:localhost/127.0.0.1:64187]
20:08:03.390 [AsyncHttpClient-1-2] DEBUG org.asynchttpclient.netty.handler.HttpHandler - Channel Closed: [id: 0xcd9381a0, L:/127.0.0.1:50455 ! R:localhost/127.0.0.1:64187] with attribute DISCARD
20:08:03.467 [main] INFO  - 
  _____   ___   ___   _____     ___     _     ___   ___   ___   ___  
 |_   _| | __| / __| |_   _|   | _ \   /_\   / __| / __| | __| |   \ 
   | |   | _|  \__ \   | |     |  _/  / _ \  \__ \ \__ \ | _|  | |) |
   |_|   |___| |___/   |_|     |_|   /_/ \_\ |___/ |___/ |___| |___/ 

Logout
----------------------------------------------------------------------
]]></system-out>
    <system-err><![CDATA[Starting ChromeDriver 106.0.5249.61 (511755355844955cd3e264779baf0dd38212a4d0-refs/branch-heads/5249@{#569}) on port 64187
Only local connections are allowed.
Please see https://chromedriver.chromium.org/security-considerations for suggestions on keeping ChromeDriver safe.
ChromeDriver was started successfully.
Oct 31, 2022 8:05:47 PM org.openqa.selenium.remote.ProtocolHandshake createSession
INFO: Detected dialect: W3C
Oct 31, 2022 8:05:47 PM org.openqa.selenium.devtools.CdpVersionFinder findNearestMatch
WARNING: Unable to find an exact match for CDP version 106, so returning the closest version found: a no-op implementation
Oct 31, 2022 8:05:47 PM org.openqa.selenium.devtools.CdpVersionFinder findNearestMatch
INFO: Unable to find CDP implementation matching 106.
Oct 31, 2022 8:05:47 PM org.openqa.selenium.chromium.ChromiumDriver lambda$new$3
WARNING: Unable to find version of CDP to use for . You may need to include a dependency on a specific version of the CDP using something similar to `org.seleniumhq.selenium:selenium-devtools-v86:4.1.2` where the version ("v86") matches the version of the chromium-based browser you're using and the version number of the artifact is the same as Selenium's.
]]></system-err>
  </testcase>
  <testcase name="(Transaksi)" classname="Transaksi" time="359.037">
    <error type="net.thucydides.core.webdriver.exceptions.ElementShouldBeEnabledException"><![CDATA[net.thucydides.core.webdriver.exceptions.ElementShouldBeEnabledException: Expected enabled element was not enabled
Caused by: org.openqa.selenium.TimeoutException: Expected condition failed: waiting for By.xpath: //*[@id="15"]/div/div[3]/div[2]/button[2]/span to be enabled (tried for 0 second(s) with 100 milliseconds interval)
Caused by: org.openqa.selenium.NoSuchElementException: 
no such element: Unable to locate element: {"method":"xpath","selector":"//*[@id="15"]/div/div[3]/div[2]/button[2]/span"}
  (Session info: chrome=106.0.5249.121)
For documentation on this error, please visit: https://selenium.dev/exceptions/#no_such_element
Build info: version: '4.1.2', revision: '9a5a329c5a'
System info: host: 'MYLNAP', ip: '192.168.110.45', os.name: 'Windows 11', os.arch: 'amd64', os.version: '10.0', java.version: '11.0.16'
Driver info: org.openqa.selenium.chrome.ChromeDriver
Command: [edd227526f1e1038896718da63218a1c, findElement {using=xpath, value=//*[@id="15"]/div/div[3]/div[2]/button[2]/span}]
Capabilities {acceptInsecureCerts: false, browserName: chrome, browserVersion: 106.0.5249.121, chrome: {chromedriverVersion: 106.0.5249.61 (511755355844..., userDataDir: C:\Users\user\AppData\Local...}, goog:chromeOptions: {debuggerAddress: localhost:50647}, javascriptEnabled: true, networkConnectionEnabled: false, pageLoadStrategy: normal, platform: WINDOWS, platformName: WINDOWS, proxy: Proxy(), se:cdp: ws://localhost:50647/devtoo..., se:cdpVersion: 106.0.5249.121, setWindowRect: true, strictFileInteractability: false, timeouts: {implicit: 0, pageLoad: 300000, script: 30000}, unhandledPromptBehavior: dismiss and notify, webauthn:extension:credBlob: true, webauthn:extension:largeBlob: true, webauthn:virtualAuthenticators: true}
Session ID: edd227526f1e1038896718da63218a1c
]]></error>
    <system-out><![CDATA[20:08:03.470 [main] INFO io.cucumber.core.plugin.SerenityReporter - Running feature from file:///D:/TIC/Kampus%20Merdeka/MSIB/Studi%20Independen/Alterra/MiniProject/MiniProjWeb/src/test/resources/features/login/transaction.feature
20:08:03.472 [main] DEBUG net.thucydides.core.steps.StepEventBus - Test suite started for story net.thucydides.core.model.Story@9f31da98
20:08:03.473 [main] INFO  - Test Suite Started: Transaksi

@Transaksi
Scenario Outline:                                                           &amp#27;[90m# src/test/resources/features/login/transaction.feature:22&amp#27;[0m
20:08:03.479 [main] INFO io.cucumber.core.plugin.SerenityReporter - Running feature from file:///D:/TIC/Kampus%20Merdeka/MSIB/Studi%20Independen/Alterra/MiniProject/MiniProjWeb/src/test/resources/features/login/transaction.feature
20:08:03.482 [main] INFO  - 
  _____   ___   ___   _____     ___   _____     _     ___   _____   ___   ___  
 |_   _| | __| / __| |_   _|   / __| |_   _|   /_\   | _ \ |_   _| | __| |   \ 
   | |   | _|  \__ \   | |     \__ \   | |    / _ \  |   /   | |   | _|  | |) |
   |_|   |___| |___/   |_|     |___/   |_|   /_/ \_\ |_|_\   |_|   |___| |___/ 

(transaksi;)
--------------------------------------------------------------------------------
20:08:03.493 [main] INFO net.serenitybdd.core.webdriver.driverproviders.ChromeDriverProvider - Using automatically driver download
20:08:03.588 [main] DEBUG io.github.bonigarcia.wdm.cache.ResolutionCache - Resolution chrome=106 in cache (valid until 20:51:33 31/10/2022 ICT)
20:08:03.589 [main] DEBUG io.github.bonigarcia.wdm.cache.ResolutionCache - Resolution chrome106=106.0.5249.61 in cache (valid until 17:34:34 01/11/2022 ICT)
20:08:03.590 [main] INFO io.github.bonigarcia.wdm.WebDriverManager - Using chromedriver 106.0.5249.61 (resolved driver for Chrome 106)
20:08:03.597 [main] DEBUG io.github.bonigarcia.wdm.WebDriverManager - Driver chromedriver 106.0.5249.61 found in cache
20:08:03.597 [main] INFO io.github.bonigarcia.wdm.WebDriverManager - Exporting webdriver.chrome.driver as C:\Users\user\.cache\selenium\chromedriver\win32\106.0.5249.61\chromedriver.exe
20:08:03.695 [main] DEBUG net.serenitybdd.core.webdriver.driverproviders.ProvideNewDriver - Instantiating driver
20:08:03.695 [main] DEBUG net.serenitybdd.core.webdriver.driverproviders.ProvideNewDriver - Driver capabilities: Capabilities {acceptInsecureCerts: false, base.url: https://alta-shop.vercel.app, browserName: chrome, chrome.driver: src/test/resources/webdrive..., driver: chrome, goog:chromeOptions: {args: [], extensions: []}, wait.for.timeout: 500}
20:08:03.798 [AsyncHttpClient-1-5] DEBUG org.asynchttpclient.netty.channel.NettyConnectListener - Using new Channel '[id: 0xec717ad4, L:/127.0.0.1:50646 - R:localhost/127.0.0.1:56994]' for 'POST' to '/session'
20:08:04.108 [AsyncHttpClient-1-1] DEBUG org.asynchttpclient.netty.channel.DefaultChannelPool - Entry count for : http://localhost:64187 : 1
20:08:04.108 [AsyncHttpClient-1-1] DEBUG org.asynchttpclient.netty.channel.DefaultChannelPool - Adding Candidate expired Channel [id: 0xcd9381a0, L:/127.0.0.1:50455 ! R:localhost/127.0.0.1:64187] isIdleTimeoutExpired=false isRemotelyClosed=true isTtlExpired=false
20:08:04.108 [AsyncHttpClient-1-1] DEBUG org.asynchttpclient.netty.channel.DefaultChannelPool - Closing Idle Channel [id: 0xcd9381a0, L:/127.0.0.1:50455 ! R:localhost/127.0.0.1:64187]
20:08:04.108 [AsyncHttpClient-1-1] DEBUG org.asynchttpclient.netty.channel.DefaultChannelPool - Closed 1 connections out of 1 in 0 ms
20:08:04.639 [AsyncHttpClient-1-5] DEBUG org.asynchttpclient.netty.handler.HttpHandler - 

Request DefaultHttpRequest(decodeResult: success, version: HTTP/1.1)
POST /session HTTP/1.1
User-Agent: selenium/4.1.2 (java windows)
Content-Length: 638
Content-Type: application/json; charset=utf-8
host: localhost:56994
accept: */*

Response DefaultHttpResponse(decodeResult: success, version: HTTP/1.1)
HTTP/1.1 200 OK
Content-Type: application/json; charset=utf-8
cache-control: no-cache
content-length: 790

20:08:04.639 [AsyncHttpClient-1-5] DEBUG org.asynchttpclient.netty.channel.ChannelManager - Adding key: http://localhost:56994 for channel [id: 0xec717ad4, L:/127.0.0.1:50646 - R:localhost/127.0.0.1:56994]
20:08:04.647 [AsyncHttpClient-1-6] DEBUG org.asynchttpclient.netty.channel.NettyConnectListener - Using new Channel '[id: 0x63370b20, L:/127.0.0.1:50654 - R:localhost/127.0.0.1:50647]' for 'GET' to '/json/version'
20:08:04.648 [AsyncHttpClient-1-6] DEBUG org.asynchttpclient.netty.handler.HttpHandler - 

Request DefaultFullHttpRequest(decodeResult: success, version: HTTP/1.1, content: EmptyByteBufBE)
GET /json/version HTTP/1.1
User-Agent: selenium/4.1.2 (java windows)
host: localhost:50647
accept: */*

Response DefaultHttpResponse(decodeResult: success, version: HTTP/1.1)
HTTP/1.1 200 OK
Content-Type: application/json; charset=UTF-8
content-length: 424

20:08:04.648 [AsyncHttpClient-1-6] DEBUG org.asynchttpclient.netty.channel.ChannelManager - Adding key: http://localhost:50647 for channel [id: 0x63370b20, L:/127.0.0.1:50654 - R:localhost/127.0.0.1:50647]
20:08:04.657 [AsyncHttpClient-1-7] DEBUG org.asynchttpclient.netty.channel.NettyConnectListener - Using new Channel '[id: 0xfcaf35d8, L:/127.0.0.1:50655 - R:localhost/127.0.0.1:50647]' for 'GET' to '/devtools/browser/edcc0e8c-39f4-4c08-95df-4349394922cc'
20:08:04.659 [AsyncHttpClient-1-7] DEBUG org.asynchttpclient.netty.handler.WebSocketHandler - 

Request DefaultFullHttpRequest(decodeResult: success, version: HTTP/1.1, content: EmptyByteBufBE)
GET /devtools/browser/edcc0e8c-39f4-4c08-95df-4349394922cc HTTP/1.1
upgrade: websocket
connection: upgrade
sec-websocket-key: TyOQjf1gm5UAFbMZCT6CqA==
sec-websocket-version: 13
origin: http://localhost:50647
host: localhost:50647
accept: */*
user-agent: AHC/2.1

Response DefaultHttpResponse(decodeResult: success, version: HTTP/1.1)
HTTP/1.1 101 WebSocket Protocol Handshake
Upgrade: WebSocket
Connection: Upgrade
Sec-WebSocket-Accept: WyMMPOmsw0fJnu5hNuAMDK/K/I0=

20:08:04.663 [Forwarding get on session edd227526f1e1038896718da63218a1c to remote] DEBUG org.asynchttpclient.netty.request.NettyRequestSender - Using pooled Channel '[id: 0xec717ad4, L:/127.0.0.1:50646 - R:localhost/127.0.0.1:56994]' for 'POST' to 'http://localhost:56994/session/edd227526f1e1038896718da63218a1c/url'
20:08:04.663 [Forwarding get on session edd227526f1e1038896718da63218a1c to remote] DEBUG org.asynchttpclient.netty.request.NettyRequestSender - Using open Channel [id: 0xec717ad4, L:/127.0.0.1:50646 - R:localhost/127.0.0.1:56994] for POST '/session/edd227526f1e1038896718da63218a1c/url'
20:08:05.204 [AsyncHttpClient-1-1] DEBUG org.asynchttpclient.netty.channel.DefaultChannelPool - Entry count for : http://localhost:50647 : 1
20:08:06.301 [AsyncHttpClient-1-1] DEBUG org.asynchttpclient.netty.channel.DefaultChannelPool - Entry count for : http://localhost:50647 : 1
20:08:07.402 [AsyncHttpClient-1-1] DEBUG org.asynchttpclient.netty.channel.DefaultChannelPool - Entry count for : http://localhost:50647 : 1
20:08:08.497 [AsyncHttpClient-1-1] DEBUG org.asynchttpclient.netty.channel.DefaultChannelPool - Entry count for : http://localhost:50647 : 1
20:08:09.597 [AsyncHttpClient-1-1] DEBUG org.asynchttpclient.netty.channel.DefaultChannelPool - Entry count for : http://localhost:50647 : 1
20:08:10.710 [AsyncHttpClient-1-1] DEBUG org.asynchttpclient.netty.channel.DefaultChannelPool - Entry count for : http://localhost:50647 : 1
20:08:11.808 [AsyncHttpClient-1-1] DEBUG org.asynchttpclient.netty.channel.DefaultChannelPool - Entry count for : http://localhost:50647 : 1
20:08:12.900 [AsyncHttpClient-1-1] DEBUG org.asynchttpclient.netty.channel.DefaultChannelPool - Entry count for : http://localhost:50647 : 1
20:08:14.000 [AsyncHttpClient-1-1] DEBUG org.asynchttpclient.netty.channel.DefaultChannelPool - Entry count for : http://localhost:50647 : 1
20:08:15.101 [AsyncHttpClient-1-1] DEBUG org.asynchttpclient.netty.channel.DefaultChannelPool - Entry count for : http://localhost:50647 : 1
20:08:16.203 [AsyncHttpClient-1-1] DEBUG org.asynchttpclient.netty.channel.DefaultChannelPool - Entry count for : http://localhost:50647 : 1
20:08:17.303 [AsyncHttpClient-1-1] DEBUG org.asynchttpclient.netty.channel.DefaultChannelPool - Entry count for : http://localhost:50647 : 1
20:08:18.406 [AsyncHttpClient-1-1] DEBUG org.asynchttpclient.netty.channel.DefaultChannelPool - Entry count for : http://localhost:50647 : 1
20:08:19.508 [AsyncHttpClient-1-1] DEBUG org.asynchttpclient.netty.channel.DefaultChannelPool - Entry count for : http://localhost:50647 : 1
20:08:20.604 [AsyncHttpClient-1-1] DEBUG org.asynchttpclient.netty.channel.DefaultChannelPool - Entry count for : http://localhost:50647 : 1
20:08:21.708 [AsyncHttpClient-1-1] DEBUG org.asynchttpclient.netty.channel.DefaultChannelPool - Entry count for : http://localhost:50647 : 1
20:08:22.812 [AsyncHttpClient-1-1] DEBUG org.asynchttpclient.netty.channel.DefaultChannelPool - Entry count for : http://localhost:50647 : 1
20:08:23.904 [AsyncHttpClient-1-1] DEBUG org.asynchttpclient.netty.channel.DefaultChannelPool - Entry count for : http://localhost:50647 : 1
20:08:25.008 [AsyncHttpClient-1-1] DEBUG org.asynchttpclient.netty.channel.DefaultChannelPool - Entry count for : http://localhost:50647 : 1
20:08:26.110 [AsyncHttpClient-1-1] DEBUG org.asynchttpclient.netty.channel.DefaultChannelPool - Entry count for : http://localhost:50647 : 1
20:08:27.198 [AsyncHttpClient-1-1] DEBUG org.asynchttpclient.netty.channel.DefaultChannelPool - Entry count for : http://localhost:50647 : 1
20:08:28.300 [AsyncHttpClient-1-1] DEBUG org.asynchttpclient.netty.channel.DefaultChannelPool - Entry count for : http://localhost:50647 : 1
20:08:29.404 [AsyncHttpClient-1-1] DEBUG org.asynchttpclient.netty.channel.DefaultChannelPool - Entry count for : http://localhost:50647 : 1
20:08:30.507 [AsyncHttpClient-1-1] DEBUG org.asynchttpclient.netty.channel.DefaultChannelPool - Entry count for : http://localhost:50647 : 1
20:08:31.609 [AsyncHttpClient-1-1] DEBUG org.asynchttpclient.netty.channel.DefaultChannelPool - Entry count for : http://localhost:50647 : 1
20:08:32.705 [AsyncHttpClient-1-1] DEBUG org.asynchttpclient.netty.channel.DefaultChannelPool - Entry count for : http://localhost:50647 : 1
20:08:33.804 [AsyncHttpClient-1-1] DEBUG org.asynchttpclient.netty.channel.DefaultChannelPool - Entry count for : http://localhost:50647 : 1
20:08:34.905 [AsyncHttpClient-1-1] DEBUG org.asynchttpclient.netty.channel.DefaultChannelPool - Entry count for : http://localhost:50647 : 1
20:08:36.005 [AsyncHttpClient-1-1] DEBUG org.asynchttpclient.netty.channel.DefaultChannelPool - Entry count for : http://localhost:50647 : 1
20:08:37.173 [AsyncHttpClient-1-1] DEBUG org.asynchttpclient.netty.channel.DefaultChannelPool - Entry count for : http://localhost:50647 : 1
20:08:38.209 [AsyncHttpClient-1-1] DEBUG org.asynchttpclient.netty.channel.DefaultChannelPool - Entry count for : http://localhost:50647 : 1
20:08:39.298 [AsyncHttpClient-1-1] DEBUG org.asynchttpclient.netty.channel.DefaultChannelPool - Entry count for : http://localhost:50647 : 1
20:08:40.398 [AsyncHttpClient-1-1] DEBUG org.asynchttpclient.netty.channel.DefaultChannelPool - Entry count for : http://localhost:50647 : 1
20:08:41.498 [AsyncHttpClient-1-1] DEBUG org.asynchttpclient.netty.channel.DefaultChannelPool - Entry count for : http://localhost:50647 : 1
20:08:42.598 [AsyncHttpClient-1-1] DEBUG org.asynchttpclient.netty.channel.DefaultChannelPool - Entry count for : http://localhost:50647 : 1
20:08:43.700 [AsyncHttpClient-1-1] DEBUG org.asynchttpclient.netty.channel.DefaultChannelPool - Entry count for : http://localhost:50647 : 1
20:08:44.803 [AsyncHttpClient-1-1] DEBUG org.asynchttpclient.netty.channel.DefaultChannelPool - Entry count for : http://localhost:50647 : 1
20:08:45.904 [AsyncHttpClient-1-1] DEBUG org.asynchttpclient.netty.channel.DefaultChannelPool - Entry count for : http://localhost:50647 : 1
20:08:46.998 [AsyncHttpClient-1-1] DEBUG org.asynchttpclient.netty.channel.DefaultChannelPool - Entry count for : http://localhost:50647 : 1
20:08:48.099 [AsyncHttpClient-1-1] DEBUG org.asynchttpclient.netty.channel.DefaultChannelPool - Entry count for : http://localhost:50647 : 1
20:08:49.198 [AsyncHttpClient-1-1] DEBUG org.asynchttpclient.netty.channel.DefaultChannelPool - Entry count for : http://localhost:50647 : 1
20:08:50.300 [AsyncHttpClient-1-1] DEBUG org.asynchttpclient.netty.channel.DefaultChannelPool - Entry count for : http://localhost:50647 : 1
20:08:51.400 [AsyncHttpClient-1-1] DEBUG org.asynchttpclient.netty.channel.DefaultChannelPool - Entry count for : http://localhost:50647 : 1
20:08:52.499 [AsyncHttpClient-1-1] DEBUG org.asynchttpclient.netty.channel.DefaultChannelPool - Entry count for : http://localhost:50647 : 1
20:08:53.598 [AsyncHttpClient-1-1] DEBUG org.asynchttpclient.netty.channel.DefaultChannelPool - Entry count for : http://localhost:50647 : 1
20:08:54.698 [AsyncHttpClient-1-1] DEBUG org.asynchttpclient.netty.channel.DefaultChannelPool - Entry count for : http://localhost:50647 : 1
20:08:55.800 [AsyncHttpClient-1-1] DEBUG org.asynchttpclient.netty.channel.DefaultChannelPool - Entry count for : http://localhost:50647 : 1
20:08:56.905 [AsyncHttpClient-1-1] DEBUG org.asynchttpclient.netty.channel.DefaultChannelPool - Entry count for : http://localhost:50647 : 1
20:08:58.001 [AsyncHttpClient-1-1] DEBUG org.asynchttpclient.netty.channel.DefaultChannelPool - Entry count for : http://localhost:50647 : 1
20:08:59.099 [AsyncHttpClient-1-1] DEBUG org.asynchttpclient.netty.channel.DefaultChannelPool - Entry count for : http://localhost:50647 : 1
20:09:00.202 [AsyncHttpClient-1-1] DEBUG org.asynchttpclient.netty.channel.DefaultChannelPool - Entry count for : http://localhost:50647 : 1
20:09:01.300 [AsyncHttpClient-1-1] DEBUG org.asynchttpclient.netty.channel.DefaultChannelPool - Entry count for : http://localhost:50647 : 1
20:09:02.399 [AsyncHttpClient-1-1] DEBUG org.asynchttpclient.netty.channel.DefaultChannelPool - Entry count for : http://localhost:50647 : 1
20:09:03.498 [AsyncHttpClient-1-1] DEBUG org.asynchttpclient.netty.channel.DefaultChannelPool - Entry count for : http://localhost:50647 : 1
20:09:04.604 [AsyncHttpClient-1-1] DEBUG org.asynchttpclient.netty.channel.DefaultChannelPool - Entry count for : http://localhost:50647 : 1
20:09:05.697 [AsyncHttpClient-1-1] DEBUG org.asynchttpclient.netty.channel.DefaultChannelPool - Entry count for : http://localhost:50647 : 1
20:09:05.697 [AsyncHttpClient-1-1] DEBUG org.asynchttpclient.netty.channel.DefaultChannelPool - Adding Candidate expired Channel [id: 0x63370b20, L:/127.0.0.1:50654 - R:localhost/127.0.0.1:50647] isIdleTimeoutExpired=true isRemotelyClosed=false isTtlExpired=false
20:09:05.697 [AsyncHttpClient-1-1] DEBUG org.asynchttpclient.netty.channel.DefaultChannelPool - Closing Idle Channel [id: 0x63370b20, L:/127.0.0.1:50654 - R:localhost/127.0.0.1:50647]
20:09:05.697 [AsyncHttpClient-1-1] DEBUG org.asynchttpclient.netty.channel.DefaultChannelPool - Closed 1 connections out of 1 in 0 ms
20:09:05.697 [AsyncHttpClient-1-6] DEBUG org.asynchttpclient.netty.handler.HttpHandler - Channel Closed: [id: 0x63370b20, L:/127.0.0.1:50654 ! R:localhost/127.0.0.1:50647] with attribute DISCARD
20:11:04.708 [AsyncHttpClient-1-1] DEBUG org.asynchttpclient.netty.timeout.TimeoutTimerTask - Request timeout to localhost/127.0.0.1:56994 after 180000 ms for NettyResponseFuture{currentRetry=0,
	isDone=0,
	isCancelled=0,
	asyncHandler=org.asynchttpclient.AsyncCompletionHandlerBase@30374444,
	nettyRequest=org.asynchttpclient.netty.request.NettyRequest@6459edcf,
	future=java.util.concurrent.CompletableFuture@6e067225[Not completed],
	uri=http://localhost:56994/session/edd227526f1e1038896718da63218a1c/url,
	keepAlive=true,
	redirectCount=0,
	timeoutsHolder=org.asynchttpclient.netty.timeout.TimeoutsHolder@78978f53,
	inAuth=0,
	touch=1667221684663} after 180045 ms
20:11:04.713 [AsyncHttpClient-1-1] DEBUG org.asynchttpclient.netty.channel.ChannelManager - Closing Channel [id: 0xec717ad4, L:/127.0.0.1:50646 - R:localhost/127.0.0.1:56994] 
20:11:04.717 [AsyncHttpClient-1-1] DEBUG org.asynchttpclient.netty.request.NettyRequestSender - Aborting Future NettyResponseFuture{currentRetry=0,
	isDone=0,
	isCancelled=0,
	asyncHandler=org.asynchttpclient.AsyncCompletionHandlerBase@30374444,
	nettyRequest=org.asynchttpclient.netty.request.NettyRequest@6459edcf,
	future=java.util.concurrent.CompletableFuture@6e067225[Not completed],
	uri=http://localhost:56994/session/edd227526f1e1038896718da63218a1c/url,
	keepAlive=true,
	redirectCount=0,
	timeoutsHolder=org.asynchttpclient.netty.timeout.TimeoutsHolder@78978f53,
	inAuth=0,
	touch=1667221684663}

20:11:04.719 [AsyncHttpClient-1-1] DEBUG org.asynchttpclient.netty.request.NettyRequestSender - Request timeout to localhost/127.0.0.1:56994 after 180000 ms
java.util.concurrent.TimeoutException: Request timeout to localhost/127.0.0.1:56994 after 180000 ms
	at org.asynchttpclient.netty.timeout.TimeoutTimerTask.expire(TimeoutTimerTask.java:43)
	at org.asynchttpclient.netty.timeout.RequestTimeoutTimerTask.run(RequestTimeoutTimerTask.java:50)
	at io.netty.util.HashedWheelTimer$HashedWheelTimeout.run(HashedWheelTimer.java:715)
	at io.netty.util.concurrent.ImmediateExecutor.execute(ImmediateExecutor.java:34)
	at io.netty.util.HashedWheelTimer$HashedWheelTimeout.expire(HashedWheelTimer.java:703)
	at io.netty.util.HashedWheelTimer$HashedWheelBucket.expireTimeouts(HashedWheelTimer.java:790)
	at io.netty.util.HashedWheelTimer$Worker.run(HashedWheelTimer.java:503)
	at io.netty.util.concurrent.FastThreadLocalRunnable.run(FastThreadLocalRunnable.java:30)
	at java.base/java.lang.Thread.run(Thread.java:834)
20:11:04.720 [AsyncHttpClient-1-1] DEBUG org.asynchttpclient.AsyncCompletionHandler - Request timeout to localhost/127.0.0.1:56994 after 180000 ms
java.util.concurrent.TimeoutException: Request timeout to localhost/127.0.0.1:56994 after 180000 ms
	at org.asynchttpclient.netty.timeout.TimeoutTimerTask.expire(TimeoutTimerTask.java:43)
	at org.asynchttpclient.netty.timeout.RequestTimeoutTimerTask.run(RequestTimeoutTimerTask.java:50)
	at io.netty.util.HashedWheelTimer$HashedWheelTimeout.run(HashedWheelTimer.java:715)
	at io.netty.util.concurrent.ImmediateExecutor.execute(ImmediateExecutor.java:34)
	at io.netty.util.HashedWheelTimer$HashedWheelTimeout.expire(HashedWheelTimer.java:703)
	at io.netty.util.HashedWheelTimer$HashedWheelBucket.expireTimeouts(HashedWheelTimer.java:790)
	at io.netty.util.HashedWheelTimer$Worker.run(HashedWheelTimer.java:503)
	at io.netty.util.concurrent.FastThreadLocalRunnable.run(FastThreadLocalRunnable.java:30)
	at java.base/java.lang.Thread.run(Thread.java:834)
20:11:04.723 [AsyncHttpClient-1-5] DEBUG org.asynchttpclient.netty.handler.HttpHandler - Channel Closed: [id: 0xec717ad4, L:/127.0.0.1:50646 ! R:localhost/127.0.0.1:56994] with attribute DISCARD
20:11:05.685 [AsyncHttpClient-1-8] DEBUG org.asynchttpclient.netty.channel.NettyConnectListener - Using new Channel '[id: 0x86f61e7c, L:/127.0.0.1:50864 - R:localhost/127.0.0.1:56994]' for 'POST' to '/session/edd227526f1e1038896718da63218a1c/url'
20:13:56.518 [AsyncHttpClient-1-8] DEBUG org.asynchttpclient.netty.handler.HttpHandler - 

Request DefaultHttpRequest(decodeResult: success, version: HTTP/1.1)
POST /session/edd227526f1e1038896718da63218a1c/url HTTP/1.1
User-Agent: selenium/4.1.2 (java windows)
Content-Length: 59
Content-Type: application/json; charset=utf-8
host: localhost:56994
accept: */*

Response DefaultHttpResponse(decodeResult: success, version: HTTP/1.1)
HTTP/1.1 200 OK
Content-Type: application/json; charset=utf-8
cache-control: no-cache
content-length: 14

20:13:56.519 [AsyncHttpClient-1-8] DEBUG org.asynchttpclient.netty.channel.ChannelManager - Adding key: http://localhost:56994 for channel [id: 0x86f61e7c, L:/127.0.0.1:50864 - R:localhost/127.0.0.1:56994]
20:13:56.532 [Forwarding setTimeout on session edd227526f1e1038896718da63218a1c to remote] DEBUG org.asynchttpclient.netty.request.NettyRequestSender - Using pooled Channel '[id: 0x86f61e7c, L:/127.0.0.1:50864 - R:localhost/127.0.0.1:56994]' for 'POST' to 'http://localhost:56994/session/edd227526f1e1038896718da63218a1c/timeouts'
20:13:56.532 [Forwarding setTimeout on session edd227526f1e1038896718da63218a1c to remote] DEBUG org.asynchttpclient.netty.request.NettyRequestSender - Using open Channel [id: 0x86f61e7c, L:/127.0.0.1:50864 - R:localhost/127.0.0.1:56994] for POST '/session/edd227526f1e1038896718da63218a1c/timeouts'
20:13:56.535 [AsyncHttpClient-1-8] DEBUG org.asynchttpclient.netty.handler.HttpHandler - 

Request DefaultHttpRequest(decodeResult: success, version: HTTP/1.1)
POST /session/edd227526f1e1038896718da63218a1c/timeouts HTTP/1.1
User-Agent: selenium/4.1.2 (java windows)
Content-Length: 22
Content-Type: application/json; charset=utf-8
host: localhost:56994
accept: */*

Response DefaultHttpResponse(decodeResult: success, version: HTTP/1.1)
HTTP/1.1 200 OK
Content-Type: application/json; charset=utf-8
cache-control: no-cache
content-length: 14

20:13:56.535 [AsyncHttpClient-1-8] DEBUG org.asynchttpclient.netty.channel.ChannelManager - Adding key: http://localhost:56994 for channel [id: 0x86f61e7c, L:/127.0.0.1:50864 - R:localhost/127.0.0.1:56994]
20:13:56.544 [Forwarding getCurrentUrl on session edd227526f1e1038896718da63218a1c to remote] DEBUG org.asynchttpclient.netty.request.NettyRequestSender - Using pooled Channel '[id: 0x86f61e7c, L:/127.0.0.1:50864 - R:localhost/127.0.0.1:56994]' for 'GET' to 'http://localhost:56994/session/edd227526f1e1038896718da63218a1c/url'
20:13:56.544 [Forwarding getCurrentUrl on session edd227526f1e1038896718da63218a1c to remote] DEBUG org.asynchttpclient.netty.request.NettyRequestSender - Using open Channel [id: 0x86f61e7c, L:/127.0.0.1:50864 - R:localhost/127.0.0.1:56994] for GET '/session/edd227526f1e1038896718da63218a1c/url'
20:13:56.549 [AsyncHttpClient-1-8] DEBUG org.asynchttpclient.netty.handler.HttpHandler - 

Request DefaultFullHttpRequest(decodeResult: success, version: HTTP/1.1, content: EmptyByteBufBE)
GET /session/edd227526f1e1038896718da63218a1c/url HTTP/1.1
User-Agent: selenium/4.1.2 (java windows)
Cache-Control: no-cache
Content-Type: application/json; charset=utf-8
host: localhost:56994
accept: */*

Response DefaultHttpResponse(decodeResult: success, version: HTTP/1.1)
HTTP/1.1 200 OK
Content-Type: application/json; charset=utf-8
cache-control: no-cache
content-length: 41

20:13:56.549 [AsyncHttpClient-1-8] DEBUG org.asynchttpclient.netty.channel.ChannelManager - Adding key: http://localhost:56994 for channel [id: 0x86f61e7c, L:/127.0.0.1:50864 - R:localhost/127.0.0.1:56994]
  &amp#27;[32mGiven &amp#27;[0m&amp#27;[32mI open the website&amp#27;[0m                                                  &amp#27;[90m# starter.steps.RegistrationStep.iOpenTheWebsite()&amp#27;[0m
20:13:56.570 [main] DEBUG net.serenitybdd.core.photography.Darkroom - Opening darkroom
20:13:56.574 [Forwarding screenshot on session edd227526f1e1038896718da63218a1c to remote] DEBUG org.asynchttpclient.netty.request.NettyRequestSender - Using pooled Channel '[id: 0x86f61e7c, L:/127.0.0.1:50864 - R:localhost/127.0.0.1:56994]' for 'GET' to 'http://localhost:56994/session/edd227526f1e1038896718da63218a1c/screenshot'
20:13:56.574 [Forwarding screenshot on session edd227526f1e1038896718da63218a1c to remote] DEBUG org.asynchttpclient.netty.request.NettyRequestSender - Using open Channel [id: 0x86f61e7c, L:/127.0.0.1:50864 - R:localhost/127.0.0.1:56994] for GET '/session/edd227526f1e1038896718da63218a1c/screenshot'
20:13:56.577 [Darkroom Processing Line] DEBUG net.serenitybdd.core.photography.DarkroomProcessingLine - Darkroom processing line starting up
20:13:56.710 [AsyncHttpClient-1-8] DEBUG org.asynchttpclient.netty.handler.HttpHandler - 

Request DefaultFullHttpRequest(decodeResult: success, version: HTTP/1.1, content: EmptyByteBufBE)
GET /session/edd227526f1e1038896718da63218a1c/screenshot HTTP/1.1
User-Agent: selenium/4.1.2 (java windows)
Cache-Control: no-cache
Content-Type: application/json; charset=utf-8
host: localhost:56994
accept: */*

Response DefaultHttpResponse(decodeResult: success, version: HTTP/1.1)
HTTP/1.1 200 OK
Content-Type: application/json; charset=utf-8
cache-control: no-cache
content-length: 69584

20:13:56.713 [AsyncHttpClient-1-8] DEBUG org.asynchttpclient.netty.channel.ChannelManager - Adding key: http://localhost:56994 for channel [id: 0x86f61e7c, L:/127.0.0.1:50864 - R:localhost/127.0.0.1:56994]
20:13:56.716 [main] DEBUG net.serenitybdd.core.photography.Darkroom - Send negative for processing for target\site\serenity\5297bd387dc3249e00c2d6656fb13e2699af90824ba878fd382afd24108abb14.png
20:13:56.728 [Forwarding findElement on session edd227526f1e1038896718da63218a1c to remote] DEBUG org.asynchttpclient.netty.request.NettyRequestSender - Using pooled Channel '[id: 0x86f61e7c, L:/127.0.0.1:50864 - R:localhost/127.0.0.1:56994]' for 'POST' to 'http://localhost:56994/session/edd227526f1e1038896718da63218a1c/element'
20:13:56.728 [Forwarding findElement on session edd227526f1e1038896718da63218a1c to remote] DEBUG org.asynchttpclient.netty.request.NettyRequestSender - Using open Channel [id: 0x86f61e7c, L:/127.0.0.1:50864 - R:localhost/127.0.0.1:56994] for POST '/session/edd227526f1e1038896718da63218a1c/element'
20:13:56.737 [AsyncHttpClient-1-8] DEBUG org.asynchttpclient.netty.handler.HttpHandler - 

Request DefaultHttpRequest(decodeResult: success, version: HTTP/1.1)
POST /session/edd227526f1e1038896718da63218a1c/element HTTP/1.1
User-Agent: selenium/4.1.2 (java windows)
Content-Length: 97
Content-Type: application/json; charset=utf-8
host: localhost:56994
accept: */*

Response DefaultHttpResponse(decodeResult: success, version: HTTP/1.1)
HTTP/1.1 200 OK
Content-Type: application/json; charset=utf-8
cache-control: no-cache
content-length: 88

20:13:56.737 [AsyncHttpClient-1-8] DEBUG org.asynchttpclient.netty.channel.ChannelManager - Adding key: http://localhost:56994 for channel [id: 0x86f61e7c, L:/127.0.0.1:50864 - R:localhost/127.0.0.1:56994]
20:13:56.740 [Forwarding getElementTagName on session edd227526f1e1038896718da63218a1c to remote] DEBUG org.asynchttpclient.netty.request.NettyRequestSender - Using pooled Channel '[id: 0x86f61e7c, L:/127.0.0.1:50864 - R:localhost/127.0.0.1:56994]' for 'GET' to 'http://localhost:56994/session/edd227526f1e1038896718da63218a1c/element/935b3614-a15e-4b9f-9a49-3a08f4be1326/name'
20:13:56.740 [Forwarding getElementTagName on session edd227526f1e1038896718da63218a1c to remote] DEBUG org.asynchttpclient.netty.request.NettyRequestSender - Using open Channel [id: 0x86f61e7c, L:/127.0.0.1:50864 - R:localhost/127.0.0.1:56994] for GET '/session/edd227526f1e1038896718da63218a1c/element/935b3614-a15e-4b9f-9a49-3a08f4be1326/name'
20:13:56.744 [AsyncHttpClient-1-8] DEBUG org.asynchttpclient.netty.handler.HttpHandler - 

Request DefaultFullHttpRequest(decodeResult: success, version: HTTP/1.1, content: EmptyByteBufBE)
GET /session/edd227526f1e1038896718da63218a1c/element/935b3614-a15e-4b9f-9a49-3a08f4be1326/name HTTP/1.1
User-Agent: selenium/4.1.2 (java windows)
Cache-Control: no-cache
Content-Type: application/json; charset=utf-8
host: localhost:56994
accept: */*

Response DefaultHttpResponse(decodeResult: success, version: HTTP/1.1)
HTTP/1.1 200 OK
Content-Type: application/json; charset=utf-8
cache-control: no-cache
content-length: 13

20:13:56.744 [AsyncHttpClient-1-8] DEBUG org.asynchttpclient.netty.channel.ChannelManager - Adding key: http://localhost:56994 for channel [id: 0x86f61e7c, L:/127.0.0.1:50864 - R:localhost/127.0.0.1:56994]
20:13:56.746 [Forwarding getElementTagName on session edd227526f1e1038896718da63218a1c to remote] DEBUG org.asynchttpclient.netty.request.NettyRequestSender - Using pooled Channel '[id: 0x86f61e7c, L:/127.0.0.1:50864 - R:localhost/127.0.0.1:56994]' for 'GET' to 'http://localhost:56994/session/edd227526f1e1038896718da63218a1c/element/935b3614-a15e-4b9f-9a49-3a08f4be1326/name'
20:13:56.746 [Forwarding getElementTagName on session edd227526f1e1038896718da63218a1c to remote] DEBUG org.asynchttpclient.netty.request.NettyRequestSender - Using open Channel [id: 0x86f61e7c, L:/127.0.0.1:50864 - R:localhost/127.0.0.1:56994] for GET '/session/edd227526f1e1038896718da63218a1c/element/935b3614-a15e-4b9f-9a49-3a08f4be1326/name'
20:13:56.748 [AsyncHttpClient-1-8] DEBUG org.asynchttpclient.netty.handler.HttpHandler - 

Request DefaultFullHttpRequest(decodeResult: success, version: HTTP/1.1, content: EmptyByteBufBE)
GET /session/edd227526f1e1038896718da63218a1c/element/935b3614-a15e-4b9f-9a49-3a08f4be1326/name HTTP/1.1
User-Agent: selenium/4.1.2 (java windows)
Cache-Control: no-cache
Content-Type: application/json; charset=utf-8
host: localhost:56994
accept: */*

Response DefaultHttpResponse(decodeResult: success, version: HTTP/1.1)
HTTP/1.1 200 OK
Content-Type: application/json; charset=utf-8
cache-control: no-cache
content-length: 13

20:13:56.748 [AsyncHttpClient-1-8] DEBUG org.asynchttpclient.netty.channel.ChannelManager - Adding key: http://localhost:56994 for channel [id: 0x86f61e7c, L:/127.0.0.1:50864 - R:localhost/127.0.0.1:56994]
20:13:56.749 [Forwarding findElement on session edd227526f1e1038896718da63218a1c to remote] DEBUG org.asynchttpclient.netty.request.NettyRequestSender - Using pooled Channel '[id: 0x86f61e7c, L:/127.0.0.1:50864 - R:localhost/127.0.0.1:56994]' for 'POST' to 'http://localhost:56994/session/edd227526f1e1038896718da63218a1c/element'
20:13:56.749 [Forwarding findElement on session edd227526f1e1038896718da63218a1c to remote] DEBUG org.asynchttpclient.netty.request.NettyRequestSender - Using open Channel [id: 0x86f61e7c, L:/127.0.0.1:50864 - R:localhost/127.0.0.1:56994] for POST '/session/edd227526f1e1038896718da63218a1c/element'
20:13:56.758 [AsyncHttpClient-1-8] DEBUG org.asynchttpclient.netty.handler.HttpHandler - 

Request DefaultHttpRequest(decodeResult: success, version: HTTP/1.1)
POST /session/edd227526f1e1038896718da63218a1c/element HTTP/1.1
User-Agent: selenium/4.1.2 (java windows)
Content-Length: 97
Content-Type: application/json; charset=utf-8
host: localhost:56994
accept: */*

Response DefaultHttpResponse(decodeResult: success, version: HTTP/1.1)
HTTP/1.1 200 OK
Content-Type: application/json; charset=utf-8
cache-control: no-cache
content-length: 88

20:13:56.758 [AsyncHttpClient-1-8] DEBUG org.asynchttpclient.netty.channel.ChannelManager - Adding key: http://localhost:56994 for channel [id: 0x86f61e7c, L:/127.0.0.1:50864 - R:localhost/127.0.0.1:56994]
20:13:56.759 [Forwarding clickElement on session edd227526f1e1038896718da63218a1c to remote] DEBUG org.asynchttpclient.netty.request.NettyRequestSender - Using pooled Channel '[id: 0x86f61e7c, L:/127.0.0.1:50864 - R:localhost/127.0.0.1:56994]' for 'POST' to 'http://localhost:56994/session/edd227526f1e1038896718da63218a1c/element/935b3614-a15e-4b9f-9a49-3a08f4be1326/click'
20:13:56.759 [Forwarding clickElement on session edd227526f1e1038896718da63218a1c to remote] DEBUG org.asynchttpclient.netty.request.NettyRequestSender - Using open Channel [id: 0x86f61e7c, L:/127.0.0.1:50864 - R:localhost/127.0.0.1:56994] for POST '/session/edd227526f1e1038896718da63218a1c/element/935b3614-a15e-4b9f-9a49-3a08f4be1326/click'
20:13:56.792 [AsyncHttpClient-1-8] DEBUG org.asynchttpclient.netty.handler.HttpHandler - 

Request DefaultHttpRequest(decodeResult: success, version: HTTP/1.1)
POST /session/edd227526f1e1038896718da63218a1c/element/935b3614-a15e-4b9f-9a49-3a08f4be1326/click HTTP/1.1
User-Agent: selenium/4.1.2 (java windows)
Content-Length: 50
Content-Type: application/json; charset=utf-8
host: localhost:56994
accept: */*

Response DefaultHttpResponse(decodeResult: success, version: HTTP/1.1)
HTTP/1.1 200 OK
Content-Type: application/json; charset=utf-8
cache-control: no-cache
content-length: 14

20:13:56.793 [AsyncHttpClient-1-8] DEBUG org.asynchttpclient.netty.channel.ChannelManager - Adding key: http://localhost:56994 for channel [id: 0x86f61e7c, L:/127.0.0.1:50864 - R:localhost/127.0.0.1:56994]
  &amp#27;[32mAnd &amp#27;[0m&amp#27;[32mI click sign in button&amp#27;[0m                                                &amp#27;[90m# starter.steps.RegistrationStep.iClickSignInButton()&amp#27;[0m
20:13:56.799 [Forwarding screenshot on session edd227526f1e1038896718da63218a1c to remote] DEBUG org.asynchttpclient.netty.request.NettyRequestSender - Using pooled Channel '[id: 0x86f61e7c, L:/127.0.0.1:50864 - R:localhost/127.0.0.1:56994]' for 'GET' to 'http://localhost:56994/session/edd227526f1e1038896718da63218a1c/screenshot'
20:13:56.799 [Forwarding screenshot on session edd227526f1e1038896718da63218a1c to remote] DEBUG org.asynchttpclient.netty.request.NettyRequestSender - Using open Channel [id: 0x86f61e7c, L:/127.0.0.1:50864 - R:localhost/127.0.0.1:56994] for GET '/session/edd227526f1e1038896718da63218a1c/screenshot'
20:13:56.971 [AsyncHttpClient-1-8] DEBUG org.asynchttpclient.netty.handler.HttpHandler - 

Request DefaultFullHttpRequest(decodeResult: success, version: HTTP/1.1, content: EmptyByteBufBE)
GET /session/edd227526f1e1038896718da63218a1c/screenshot HTTP/1.1
User-Agent: selenium/4.1.2 (java windows)
Cache-Control: no-cache
Content-Type: application/json; charset=utf-8
host: localhost:56994
accept: */*

Response DefaultHttpResponse(decodeResult: success, version: HTTP/1.1)
HTTP/1.1 200 OK
Content-Type: application/json; charset=utf-8
cache-control: no-cache
content-length: 40964

20:13:56.971 [AsyncHttpClient-1-8] DEBUG org.asynchttpclient.netty.channel.ChannelManager - Adding key: http://localhost:56994 for channel [id: 0x86f61e7c, L:/127.0.0.1:50864 - R:localhost/127.0.0.1:56994]
20:13:56.973 [main] DEBUG net.serenitybdd.core.photography.Darkroom - Send negative for processing for target\site\serenity\a12fafd32a12e7281527aafc77fcde28e0b3deed7f703f1180072cc6140122b0.png
20:13:56.974 [Darkroom Processing Line] DEBUG net.serenitybdd.core.photography.DarkroomProcessingLine - Processing screenshot image in /var/screenshots/screenshot-15269670083416767870
20:13:56.974 [Darkroom Processing Line] DEBUG net.serenitybdd.core.photography.DarkroomProcessingLine - Saving screenshot to target\site\serenity\a12fafd32a12e7281527aafc77fcde28e0b3deed7f703f1180072cc6140122b0.png
20:13:56.988 [Forwarding findElement on session edd227526f1e1038896718da63218a1c to remote] DEBUG org.asynchttpclient.netty.request.NettyRequestSender - Using pooled Channel '[id: 0x86f61e7c, L:/127.0.0.1:50864 - R:localhost/127.0.0.1:56994]' for 'POST' to 'http://localhost:56994/session/edd227526f1e1038896718da63218a1c/element'
20:13:56.988 [Forwarding findElement on session edd227526f1e1038896718da63218a1c to remote] DEBUG org.asynchttpclient.netty.request.NettyRequestSender - Using open Channel [id: 0x86f61e7c, L:/127.0.0.1:50864 - R:localhost/127.0.0.1:56994] for POST '/session/edd227526f1e1038896718da63218a1c/element'
20:13:56.996 [AsyncHttpClient-1-8] DEBUG org.asynchttpclient.netty.handler.HttpHandler - 

Request DefaultHttpRequest(decodeResult: success, version: HTTP/1.1)
POST /session/edd227526f1e1038896718da63218a1c/element HTTP/1.1
User-Agent: selenium/4.1.2 (java windows)
Content-Length: 87
Content-Type: application/json; charset=utf-8
host: localhost:56994
accept: */*

Response DefaultHttpResponse(decodeResult: success, version: HTTP/1.1)
HTTP/1.1 200 OK
Content-Type: application/json; charset=utf-8
cache-control: no-cache
content-length: 88

20:13:56.996 [AsyncHttpClient-1-8] DEBUG org.asynchttpclient.netty.channel.ChannelManager - Adding key: http://localhost:56994 for channel [id: 0x86f61e7c, L:/127.0.0.1:50864 - R:localhost/127.0.0.1:56994]
20:13:56.996 [Forwarding clearElement on session edd227526f1e1038896718da63218a1c to remote] DEBUG org.asynchttpclient.netty.request.NettyRequestSender - Using pooled Channel '[id: 0x86f61e7c, L:/127.0.0.1:50864 - R:localhost/127.0.0.1:56994]' for 'POST' to 'http://localhost:56994/session/edd227526f1e1038896718da63218a1c/element/6a268b78-97a1-4f33-9f66-1faaa07d75bd/clear'
20:13:56.996 [Forwarding clearElement on session edd227526f1e1038896718da63218a1c to remote] DEBUG org.asynchttpclient.netty.request.NettyRequestSender - Using open Channel [id: 0x86f61e7c, L:/127.0.0.1:50864 - R:localhost/127.0.0.1:56994] for POST '/session/edd227526f1e1038896718da63218a1c/element/6a268b78-97a1-4f33-9f66-1faaa07d75bd/clear'
20:13:57.021 [AsyncHttpClient-1-8] DEBUG org.asynchttpclient.netty.handler.HttpHandler - 

Request DefaultHttpRequest(decodeResult: success, version: HTTP/1.1)
POST /session/edd227526f1e1038896718da63218a1c/element/6a268b78-97a1-4f33-9f66-1faaa07d75bd/clear HTTP/1.1
User-Agent: selenium/4.1.2 (java windows)
Content-Length: 50
Content-Type: application/json; charset=utf-8
host: localhost:56994
accept: */*

Response DefaultHttpResponse(decodeResult: success, version: HTTP/1.1)
HTTP/1.1 200 OK
Content-Type: application/json; charset=utf-8
cache-control: no-cache
content-length: 14

20:13:57.021 [AsyncHttpClient-1-8] DEBUG org.asynchttpclient.netty.channel.ChannelManager - Adding key: http://localhost:56994 for channel [id: 0x86f61e7c, L:/127.0.0.1:50864 - R:localhost/127.0.0.1:56994]
20:13:57.022 [Forwarding sendKeysToElement on session edd227526f1e1038896718da63218a1c to remote] DEBUG org.asynchttpclient.netty.request.NettyRequestSender - Using pooled Channel '[id: 0x86f61e7c, L:/127.0.0.1:50864 - R:localhost/127.0.0.1:56994]' for 'POST' to 'http://localhost:56994/session/edd227526f1e1038896718da63218a1c/element/6a268b78-97a1-4f33-9f66-1faaa07d75bd/value'
20:13:57.022 [Forwarding sendKeysToElement on session edd227526f1e1038896718da63218a1c to remote] DEBUG org.asynchttpclient.netty.request.NettyRequestSender - Using open Channel [id: 0x86f61e7c, L:/127.0.0.1:50864 - R:localhost/127.0.0.1:56994] for POST '/session/edd227526f1e1038896718da63218a1c/element/6a268b78-97a1-4f33-9f66-1faaa07d75bd/value'
20:13:57.131 [AsyncHttpClient-1-8] DEBUG org.asynchttpclient.netty.handler.HttpHandler - 

Request DefaultHttpRequest(decodeResult: success, version: HTTP/1.1)
POST /session/edd227526f1e1038896718da63218a1c/element/6a268b78-97a1-4f33-9f66-1faaa07d75bd/value HTTP/1.1
User-Agent: selenium/4.1.2 (java windows)
Content-Length: 291
Content-Type: application/json; charset=utf-8
host: localhost:56994
accept: */*

Response DefaultHttpResponse(decodeResult: success, version: HTTP/1.1)
HTTP/1.1 200 OK
Content-Type: application/json; charset=utf-8
cache-control: no-cache
content-length: 14

20:13:57.131 [AsyncHttpClient-1-8] DEBUG org.asynchttpclient.netty.channel.ChannelManager - Adding key: http://localhost:56994 for channel [id: 0x86f61e7c, L:/127.0.0.1:50864 - R:localhost/127.0.0.1:56994]
20:13:57.134 [Forwarding findElement on session edd227526f1e1038896718da63218a1c to remote] DEBUG org.asynchttpclient.netty.request.NettyRequestSender - Using pooled Channel '[id: 0x86f61e7c, L:/127.0.0.1:50864 - R:localhost/127.0.0.1:56994]' for 'POST' to 'http://localhost:56994/session/edd227526f1e1038896718da63218a1c/element'
20:13:57.134 [Forwarding findElement on session edd227526f1e1038896718da63218a1c to remote] DEBUG org.asynchttpclient.netty.request.NettyRequestSender - Using open Channel [id: 0x86f61e7c, L:/127.0.0.1:50864 - R:localhost/127.0.0.1:56994] for POST '/session/edd227526f1e1038896718da63218a1c/element'
20:13:57.147 [AsyncHttpClient-1-8] DEBUG org.asynchttpclient.netty.handler.HttpHandler - 

Request DefaultHttpRequest(decodeResult: success, version: HTTP/1.1)
POST /session/edd227526f1e1038896718da63218a1c/element HTTP/1.1
User-Agent: selenium/4.1.2 (java windows)
Content-Length: 89
Content-Type: application/json; charset=utf-8
host: localhost:56994
accept: */*

Response DefaultHttpResponse(decodeResult: success, version: HTTP/1.1)
HTTP/1.1 200 OK
Content-Type: application/json; charset=utf-8
cache-control: no-cache
content-length: 88

20:13:57.147 [AsyncHttpClient-1-8] DEBUG org.asynchttpclient.netty.channel.ChannelManager - Adding key: http://localhost:56994 for channel [id: 0x86f61e7c, L:/127.0.0.1:50864 - R:localhost/127.0.0.1:56994]
20:13:57.148 [Forwarding clearElement on session edd227526f1e1038896718da63218a1c to remote] DEBUG org.asynchttpclient.netty.request.NettyRequestSender - Using pooled Channel '[id: 0x86f61e7c, L:/127.0.0.1:50864 - R:localhost/127.0.0.1:56994]' for 'POST' to 'http://localhost:56994/session/edd227526f1e1038896718da63218a1c/element/093d8e2f-fb46-4a55-89bf-d4f26319cbf1/clear'
20:13:57.148 [Forwarding clearElement on session edd227526f1e1038896718da63218a1c to remote] DEBUG org.asynchttpclient.netty.request.NettyRequestSender - Using open Channel [id: 0x86f61e7c, L:/127.0.0.1:50864 - R:localhost/127.0.0.1:56994] for POST '/session/edd227526f1e1038896718da63218a1c/element/093d8e2f-fb46-4a55-89bf-d4f26319cbf1/clear'
20:13:57.177 [AsyncHttpClient-1-8] DEBUG org.asynchttpclient.netty.handler.HttpHandler - 

Request DefaultHttpRequest(decodeResult: success, version: HTTP/1.1)
POST /session/edd227526f1e1038896718da63218a1c/element/093d8e2f-fb46-4a55-89bf-d4f26319cbf1/clear HTTP/1.1
User-Agent: selenium/4.1.2 (java windows)
Content-Length: 50
Content-Type: application/json; charset=utf-8
host: localhost:56994
accept: */*

Response DefaultHttpResponse(decodeResult: success, version: HTTP/1.1)
HTTP/1.1 200 OK
Content-Type: application/json; charset=utf-8
cache-control: no-cache
content-length: 14

20:13:57.177 [AsyncHttpClient-1-8] DEBUG org.asynchttpclient.netty.channel.ChannelManager - Adding key: http://localhost:56994 for channel [id: 0x86f61e7c, L:/127.0.0.1:50864 - R:localhost/127.0.0.1:56994]
20:13:57.178 [Forwarding sendKeysToElement on session edd227526f1e1038896718da63218a1c to remote] DEBUG org.asynchttpclient.netty.request.NettyRequestSender - Using pooled Channel '[id: 0x86f61e7c, L:/127.0.0.1:50864 - R:localhost/127.0.0.1:56994]' for 'POST' to 'http://localhost:56994/session/edd227526f1e1038896718da63218a1c/element/093d8e2f-fb46-4a55-89bf-d4f26319cbf1/value'
20:13:57.178 [Forwarding sendKeysToElement on session edd227526f1e1038896718da63218a1c to remote] DEBUG org.asynchttpclient.netty.request.NettyRequestSender - Using open Channel [id: 0x86f61e7c, L:/127.0.0.1:50864 - R:localhost/127.0.0.1:56994] for POST '/session/edd227526f1e1038896718da63218a1c/element/093d8e2f-fb46-4a55-89bf-d4f26319cbf1/value'
20:13:57.236 [AsyncHttpClient-1-8] DEBUG org.asynchttpclient.netty.handler.HttpHandler - 

Request DefaultHttpRequest(decodeResult: success, version: HTTP/1.1)
POST /session/edd227526f1e1038896718da63218a1c/element/093d8e2f-fb46-4a55-89bf-d4f26319cbf1/value HTTP/1.1
User-Agent: selenium/4.1.2 (java windows)
Content-Length: 181
Content-Type: application/json; charset=utf-8
host: localhost:56994
accept: */*

Response DefaultHttpResponse(decodeResult: success, version: HTTP/1.1)
HTTP/1.1 200 OK
Content-Type: application/json; charset=utf-8
cache-control: no-cache
content-length: 14

20:13:57.236 [AsyncHttpClient-1-8] DEBUG org.asynchttpclient.netty.channel.ChannelManager - Adding key: http://localhost:56994 for channel [id: 0x86f61e7c, L:/127.0.0.1:50864 - R:localhost/127.0.0.1:56994]
  &amp#27;[32mAnd &amp#27;[0m&amp#27;[32mI input &amp#27;[0m&amp#27;[32m&amp#27;[1m"maylananggi@gmail.com"&amp#27;[0m&amp#27;[32m email and &amp#27;[0m&amp#27;[32m&amp#27;[1m"maylanqe22"&amp#27;[0m&amp#27;[32m password valid&amp#27;[0m &amp#27;[90m# starter.steps.DetailStep.iInputEmailAndPasswordValid(java.lang.String,java.lang.String)&amp#27;[0m
20:13:57.244 [Forwarding screenshot on session edd227526f1e1038896718da63218a1c to remote] DEBUG org.asynchttpclient.netty.request.NettyRequestSender - Using pooled Channel '[id: 0x86f61e7c, L:/127.0.0.1:50864 - R:localhost/127.0.0.1:56994]' for 'GET' to 'http://localhost:56994/session/edd227526f1e1038896718da63218a1c/screenshot'
20:13:57.244 [Forwarding screenshot on session edd227526f1e1038896718da63218a1c to remote] DEBUG org.asynchttpclient.netty.request.NettyRequestSender - Using open Channel [id: 0x86f61e7c, L:/127.0.0.1:50864 - R:localhost/127.0.0.1:56994] for GET '/session/edd227526f1e1038896718da63218a1c/screenshot'
20:13:57.429 [AsyncHttpClient-1-8] DEBUG org.asynchttpclient.netty.handler.HttpHandler - 

Request DefaultFullHttpRequest(decodeResult: success, version: HTTP/1.1, content: EmptyByteBufBE)
GET /session/edd227526f1e1038896718da63218a1c/screenshot HTTP/1.1
User-Agent: selenium/4.1.2 (java windows)
Cache-Control: no-cache
Content-Type: application/json; charset=utf-8
host: localhost:56994
accept: */*

Response DefaultHttpResponse(decodeResult: success, version: HTTP/1.1)
HTTP/1.1 200 OK
Content-Type: application/json; charset=utf-8
cache-control: no-cache
content-length: 52120

20:13:57.429 [AsyncHttpClient-1-8] DEBUG org.asynchttpclient.netty.channel.ChannelManager - Adding key: http://localhost:56994 for channel [id: 0x86f61e7c, L:/127.0.0.1:50864 - R:localhost/127.0.0.1:56994]
20:13:57.430 [main] DEBUG net.serenitybdd.core.photography.Darkroom - Send negative for processing for target\site\serenity\7709ae0ae0b38becfaa6bc946fa13c39612d2fd41070d5d89bda563a3a8c8cca.png
20:13:57.432 [Darkroom Processing Line] DEBUG net.serenitybdd.core.photography.DarkroomProcessingLine - Processing screenshot image in /var/screenshots/screenshot-10615788400958777668
20:13:57.432 [Darkroom Processing Line] DEBUG net.serenitybdd.core.photography.DarkroomProcessingLine - Saving screenshot to target\site\serenity\7709ae0ae0b38becfaa6bc946fa13c39612d2fd41070d5d89bda563a3a8c8cca.png
20:13:57.438 [Forwarding findElement on session edd227526f1e1038896718da63218a1c to remote] DEBUG org.asynchttpclient.netty.request.NettyRequestSender - Using pooled Channel '[id: 0x86f61e7c, L:/127.0.0.1:50864 - R:localhost/127.0.0.1:56994]' for 'POST' to 'http://localhost:56994/session/edd227526f1e1038896718da63218a1c/element'
20:13:57.438 [Forwarding findElement on session edd227526f1e1038896718da63218a1c to remote] DEBUG org.asynchttpclient.netty.request.NettyRequestSender - Using open Channel [id: 0x86f61e7c, L:/127.0.0.1:50864 - R:localhost/127.0.0.1:56994] for POST '/session/edd227526f1e1038896718da63218a1c/element'
20:13:57.447 [AsyncHttpClient-1-8] DEBUG org.asynchttpclient.netty.handler.HttpHandler - 

Request DefaultHttpRequest(decodeResult: success, version: HTTP/1.1)
POST /session/edd227526f1e1038896718da63218a1c/element HTTP/1.1
User-Agent: selenium/4.1.2 (java windows)
Content-Length: 141
Content-Type: application/json; charset=utf-8
host: localhost:56994
accept: */*

Response DefaultHttpResponse(decodeResult: success, version: HTTP/1.1)
HTTP/1.1 200 OK
Content-Type: application/json; charset=utf-8
cache-control: no-cache
content-length: 88

20:13:57.447 [AsyncHttpClient-1-8] DEBUG org.asynchttpclient.netty.channel.ChannelManager - Adding key: http://localhost:56994 for channel [id: 0x86f61e7c, L:/127.0.0.1:50864 - R:localhost/127.0.0.1:56994]
20:13:57.447 [Forwarding getElementTagName on session edd227526f1e1038896718da63218a1c to remote] DEBUG org.asynchttpclient.netty.request.NettyRequestSender - Using pooled Channel '[id: 0x86f61e7c, L:/127.0.0.1:50864 - R:localhost/127.0.0.1:56994]' for 'GET' to 'http://localhost:56994/session/edd227526f1e1038896718da63218a1c/element/5b98e860-0bf3-4092-a6a2-7e25278d867d/name'
20:13:57.447 [Forwarding getElementTagName on session edd227526f1e1038896718da63218a1c to remote] DEBUG org.asynchttpclient.netty.request.NettyRequestSender - Using open Channel [id: 0x86f61e7c, L:/127.0.0.1:50864 - R:localhost/127.0.0.1:56994] for GET '/session/edd227526f1e1038896718da63218a1c/element/5b98e860-0bf3-4092-a6a2-7e25278d867d/name'
20:13:57.450 [AsyncHttpClient-1-8] DEBUG org.asynchttpclient.netty.handler.HttpHandler - 

Request DefaultFullHttpRequest(decodeResult: success, version: HTTP/1.1, content: EmptyByteBufBE)
GET /session/edd227526f1e1038896718da63218a1c/element/5b98e860-0bf3-4092-a6a2-7e25278d867d/name HTTP/1.1
User-Agent: selenium/4.1.2 (java windows)
Cache-Control: no-cache
Content-Type: application/json; charset=utf-8
host: localhost:56994
accept: */*

Response DefaultHttpResponse(decodeResult: success, version: HTTP/1.1)
HTTP/1.1 200 OK
Content-Type: application/json; charset=utf-8
cache-control: no-cache
content-length: 18

20:13:57.450 [AsyncHttpClient-1-8] DEBUG org.asynchttpclient.netty.channel.ChannelManager - Adding key: http://localhost:56994 for channel [id: 0x86f61e7c, L:/127.0.0.1:50864 - R:localhost/127.0.0.1:56994]
20:13:57.450 [Forwarding getElementTagName on session edd227526f1e1038896718da63218a1c to remote] DEBUG org.asynchttpclient.netty.request.NettyRequestSender - Using pooled Channel '[id: 0x86f61e7c, L:/127.0.0.1:50864 - R:localhost/127.0.0.1:56994]' for 'GET' to 'http://localhost:56994/session/edd227526f1e1038896718da63218a1c/element/5b98e860-0bf3-4092-a6a2-7e25278d867d/name'
20:13:57.450 [Forwarding getElementTagName on session edd227526f1e1038896718da63218a1c to remote] DEBUG org.asynchttpclient.netty.request.NettyRequestSender - Using open Channel [id: 0x86f61e7c, L:/127.0.0.1:50864 - R:localhost/127.0.0.1:56994] for GET '/session/edd227526f1e1038896718da63218a1c/element/5b98e860-0bf3-4092-a6a2-7e25278d867d/name'
20:13:57.452 [AsyncHttpClient-1-8] DEBUG org.asynchttpclient.netty.handler.HttpHandler - 

Request DefaultFullHttpRequest(decodeResult: success, version: HTTP/1.1, content: EmptyByteBufBE)
GET /session/edd227526f1e1038896718da63218a1c/element/5b98e860-0bf3-4092-a6a2-7e25278d867d/name HTTP/1.1
User-Agent: selenium/4.1.2 (java windows)
Cache-Control: no-cache
Content-Type: application/json; charset=utf-8
host: localhost:56994
accept: */*

Response DefaultHttpResponse(decodeResult: success, version: HTTP/1.1)
HTTP/1.1 200 OK
Content-Type: application/json; charset=utf-8
cache-control: no-cache
content-length: 18

20:13:57.452 [AsyncHttpClient-1-8] DEBUG org.asynchttpclient.netty.channel.ChannelManager - Adding key: http://localhost:56994 for channel [id: 0x86f61e7c, L:/127.0.0.1:50864 - R:localhost/127.0.0.1:56994]
20:13:57.453 [Forwarding isElementEnabled on session edd227526f1e1038896718da63218a1c to remote] DEBUG org.asynchttpclient.netty.request.NettyRequestSender - Using pooled Channel '[id: 0x86f61e7c, L:/127.0.0.1:50864 - R:localhost/127.0.0.1:56994]' for 'GET' to 'http://localhost:56994/session/edd227526f1e1038896718da63218a1c/element/5b98e860-0bf3-4092-a6a2-7e25278d867d/enabled'
20:13:57.453 [Forwarding isElementEnabled on session edd227526f1e1038896718da63218a1c to remote] DEBUG org.asynchttpclient.netty.request.NettyRequestSender - Using open Channel [id: 0x86f61e7c, L:/127.0.0.1:50864 - R:localhost/127.0.0.1:56994] for GET '/session/edd227526f1e1038896718da63218a1c/element/5b98e860-0bf3-4092-a6a2-7e25278d867d/enabled'
20:13:57.463 [AsyncHttpClient-1-8] DEBUG org.asynchttpclient.netty.handler.HttpHandler - 

Request DefaultFullHttpRequest(decodeResult: success, version: HTTP/1.1, content: EmptyByteBufBE)
GET /session/edd227526f1e1038896718da63218a1c/element/5b98e860-0bf3-4092-a6a2-7e25278d867d/enabled HTTP/1.1
User-Agent: selenium/4.1.2 (java windows)
Cache-Control: no-cache
Content-Type: application/json; charset=utf-8
host: localhost:56994
accept: */*

Response DefaultHttpResponse(decodeResult: success, version: HTTP/1.1)
HTTP/1.1 200 OK
Content-Type: application/json; charset=utf-8
cache-control: no-cache
content-length: 14

20:13:57.463 [AsyncHttpClient-1-8] DEBUG org.asynchttpclient.netty.channel.ChannelManager - Adding key: http://localhost:56994 for channel [id: 0x86f61e7c, L:/127.0.0.1:50864 - R:localhost/127.0.0.1:56994]
20:13:57.464 [Forwarding isElementEnabled on session edd227526f1e1038896718da63218a1c to remote] DEBUG org.asynchttpclient.netty.request.NettyRequestSender - Using pooled Channel '[id: 0x86f61e7c, L:/127.0.0.1:50864 - R:localhost/127.0.0.1:56994]' for 'GET' to 'http://localhost:56994/session/edd227526f1e1038896718da63218a1c/element/5b98e860-0bf3-4092-a6a2-7e25278d867d/enabled'
20:13:57.464 [Forwarding isElementEnabled on session edd227526f1e1038896718da63218a1c to remote] DEBUG org.asynchttpclient.netty.request.NettyRequestSender - Using open Channel [id: 0x86f61e7c, L:/127.0.0.1:50864 - R:localhost/127.0.0.1:56994] for GET '/session/edd227526f1e1038896718da63218a1c/element/5b98e860-0bf3-4092-a6a2-7e25278d867d/enabled'
20:13:57.468 [AsyncHttpClient-1-8] DEBUG org.asynchttpclient.netty.handler.HttpHandler - 

Request DefaultFullHttpRequest(decodeResult: success, version: HTTP/1.1, content: EmptyByteBufBE)
GET /session/edd227526f1e1038896718da63218a1c/element/5b98e860-0bf3-4092-a6a2-7e25278d867d/enabled HTTP/1.1
User-Agent: selenium/4.1.2 (java windows)
Cache-Control: no-cache
Content-Type: application/json; charset=utf-8
host: localhost:56994
accept: */*

Response DefaultHttpResponse(decodeResult: success, version: HTTP/1.1)
HTTP/1.1 200 OK
Content-Type: application/json; charset=utf-8
cache-control: no-cache
content-length: 14

20:13:57.468 [AsyncHttpClient-1-8] DEBUG org.asynchttpclient.netty.channel.ChannelManager - Adding key: http://localhost:56994 for channel [id: 0x86f61e7c, L:/127.0.0.1:50864 - R:localhost/127.0.0.1:56994]
20:13:57.469 [Forwarding findElement on session edd227526f1e1038896718da63218a1c to remote] DEBUG org.asynchttpclient.netty.request.NettyRequestSender - Using pooled Channel '[id: 0x86f61e7c, L:/127.0.0.1:50864 - R:localhost/127.0.0.1:56994]' for 'POST' to 'http://localhost:56994/session/edd227526f1e1038896718da63218a1c/element'
20:13:57.469 [Forwarding findElement on session edd227526f1e1038896718da63218a1c to remote] DEBUG org.asynchttpclient.netty.request.NettyRequestSender - Using open Channel [id: 0x86f61e7c, L:/127.0.0.1:50864 - R:localhost/127.0.0.1:56994] for POST '/session/edd227526f1e1038896718da63218a1c/element'
20:13:57.477 [AsyncHttpClient-1-8] DEBUG org.asynchttpclient.netty.handler.HttpHandler - 

Request DefaultHttpRequest(decodeResult: success, version: HTTP/1.1)
POST /session/edd227526f1e1038896718da63218a1c/element HTTP/1.1
User-Agent: selenium/4.1.2 (java windows)
Content-Length: 141
Content-Type: application/json; charset=utf-8
host: localhost:56994
accept: */*

Response DefaultHttpResponse(decodeResult: success, version: HTTP/1.1)
HTTP/1.1 200 OK
Content-Type: application/json; charset=utf-8
cache-control: no-cache
content-length: 88

20:13:57.478 [AsyncHttpClient-1-8] DEBUG org.asynchttpclient.netty.channel.ChannelManager - Adding key: http://localhost:56994 for channel [id: 0x86f61e7c, L:/127.0.0.1:50864 - R:localhost/127.0.0.1:56994]
20:13:57.478 [Forwarding clickElement on session edd227526f1e1038896718da63218a1c to remote] DEBUG org.asynchttpclient.netty.request.NettyRequestSender - Using pooled Channel '[id: 0x86f61e7c, L:/127.0.0.1:50864 - R:localhost/127.0.0.1:56994]' for 'POST' to 'http://localhost:56994/session/edd227526f1e1038896718da63218a1c/element/5b98e860-0bf3-4092-a6a2-7e25278d867d/click'
20:13:57.478 [Forwarding clickElement on session edd227526f1e1038896718da63218a1c to remote] DEBUG org.asynchttpclient.netty.request.NettyRequestSender - Using open Channel [id: 0x86f61e7c, L:/127.0.0.1:50864 - R:localhost/127.0.0.1:56994] for POST '/session/edd227526f1e1038896718da63218a1c/element/5b98e860-0bf3-4092-a6a2-7e25278d867d/click'
20:13:57.511 [AsyncHttpClient-1-8] DEBUG org.asynchttpclient.netty.handler.HttpHandler - 

Request DefaultHttpRequest(decodeResult: success, version: HTTP/1.1)
POST /session/edd227526f1e1038896718da63218a1c/element/5b98e860-0bf3-4092-a6a2-7e25278d867d/click HTTP/1.1
User-Agent: selenium/4.1.2 (java windows)
Content-Length: 50
Content-Type: application/json; charset=utf-8
host: localhost:56994
accept: */*

Response DefaultHttpResponse(decodeResult: success, version: HTTP/1.1)
HTTP/1.1 200 OK
Content-Type: application/json; charset=utf-8
cache-control: no-cache
content-length: 14

20:13:57.512 [AsyncHttpClient-1-8] DEBUG org.asynchttpclient.netty.channel.ChannelManager - Adding key: http://localhost:56994 for channel [id: 0x86f61e7c, L:/127.0.0.1:50864 - R:localhost/127.0.0.1:56994]
  &amp#27;[32mAnd &amp#27;[0m&amp#27;[32mclick login button&amp#27;[0m                                                    &amp#27;[90m# starter.steps.DetailStep.clickLoginButton()&amp#27;[0m
20:13:57.514 [Forwarding screenshot on session edd227526f1e1038896718da63218a1c to remote] DEBUG org.asynchttpclient.netty.request.NettyRequestSender - Using pooled Channel '[id: 0x86f61e7c, L:/127.0.0.1:50864 - R:localhost/127.0.0.1:56994]' for 'GET' to 'http://localhost:56994/session/edd227526f1e1038896718da63218a1c/screenshot'
20:13:57.514 [Forwarding screenshot on session edd227526f1e1038896718da63218a1c to remote] DEBUG org.asynchttpclient.netty.request.NettyRequestSender - Using open Channel [id: 0x86f61e7c, L:/127.0.0.1:50864 - R:localhost/127.0.0.1:56994] for GET '/session/edd227526f1e1038896718da63218a1c/screenshot'
20:13:57.713 [AsyncHttpClient-1-8] DEBUG org.asynchttpclient.netty.handler.HttpHandler - 

Request DefaultFullHttpRequest(decodeResult: success, version: HTTP/1.1, content: EmptyByteBufBE)
GET /session/edd227526f1e1038896718da63218a1c/screenshot HTTP/1.1
User-Agent: selenium/4.1.2 (java windows)
Cache-Control: no-cache
Content-Type: application/json; charset=utf-8
host: localhost:56994
accept: */*

Response DefaultHttpResponse(decodeResult: success, version: HTTP/1.1)
HTTP/1.1 200 OK
Content-Type: application/json; charset=utf-8
cache-control: no-cache
content-length: 51216

20:13:57.713 [AsyncHttpClient-1-8] DEBUG org.asynchttpclient.netty.channel.ChannelManager - Adding key: http://localhost:56994 for channel [id: 0x86f61e7c, L:/127.0.0.1:50864 - R:localhost/127.0.0.1:56994]
20:13:57.714 [main] DEBUG net.serenitybdd.core.photography.Darkroom - Send negative for processing for target\site\serenity\4d6d5d5dd20708f0ca42bca24d1312e3f2dcdaf0ab58b0aa7bd922cd4c1ce76b.png
20:13:57.714 [Darkroom Processing Line] DEBUG net.serenitybdd.core.photography.DarkroomProcessingLine - Processing screenshot image in /var/screenshots/screenshot-16555820617382094159
20:13:57.714 [Darkroom Processing Line] DEBUG net.serenitybdd.core.photography.DarkroomProcessingLine - Saving screenshot to target\site\serenity\4d6d5d5dd20708f0ca42bca24d1312e3f2dcdaf0ab58b0aa7bd922cd4c1ce76b.png
20:13:57.722 [Forwarding findElement on session edd227526f1e1038896718da63218a1c to remote] DEBUG org.asynchttpclient.netty.request.NettyRequestSender - Using pooled Channel '[id: 0x86f61e7c, L:/127.0.0.1:50864 - R:localhost/127.0.0.1:56994]' for 'POST' to 'http://localhost:56994/session/edd227526f1e1038896718da63218a1c/element'
20:13:57.722 [Forwarding findElement on session edd227526f1e1038896718da63218a1c to remote] DEBUG org.asynchttpclient.netty.request.NettyRequestSender - Using open Channel [id: 0x86f61e7c, L:/127.0.0.1:50864 - R:localhost/127.0.0.1:56994] for POST '/session/edd227526f1e1038896718da63218a1c/element'
20:13:59.601 [AsyncHttpClient-1-8] DEBUG org.asynchttpclient.netty.handler.HttpHandler - 

Request DefaultHttpRequest(decodeResult: success, version: HTTP/1.1)
POST /session/edd227526f1e1038896718da63218a1c/element HTTP/1.1
User-Agent: selenium/4.1.2 (java windows)
Content-Length: 71
Content-Type: application/json; charset=utf-8
host: localhost:56994
accept: */*

Response DefaultHttpResponse(decodeResult: success, version: HTTP/1.1)
HTTP/1.1 200 OK
Content-Type: application/json; charset=utf-8
cache-control: no-cache
content-length: 88

20:13:59.602 [AsyncHttpClient-1-8] DEBUG org.asynchttpclient.netty.channel.ChannelManager - Adding key: http://localhost:56994 for channel [id: 0x86f61e7c, L:/127.0.0.1:50864 - R:localhost/127.0.0.1:56994]
20:13:59.606 [Forwarding isElementDisplayed on session edd227526f1e1038896718da63218a1c to remote] DEBUG org.asynchttpclient.netty.request.NettyRequestSender - Using pooled Channel '[id: 0x86f61e7c, L:/127.0.0.1:50864 - R:localhost/127.0.0.1:56994]' for 'POST' to 'http://localhost:56994/session/edd227526f1e1038896718da63218a1c/execute/sync'
20:13:59.606 [Forwarding isElementDisplayed on session edd227526f1e1038896718da63218a1c to remote] DEBUG org.asynchttpclient.netty.request.NettyRequestSender - Using open Channel [id: 0x86f61e7c, L:/127.0.0.1:50864 - R:localhost/127.0.0.1:56994] for POST '/session/edd227526f1e1038896718da63218a1c/execute/sync'
20:13:59.617 [AsyncHttpClient-1-8] DEBUG org.asynchttpclient.netty.handler.HttpHandler - 

Request DefaultHttpRequest(decodeResult: success, version: HTTP/1.1)
POST /session/edd227526f1e1038896718da63218a1c/execute/sync HTTP/1.1
User-Agent: selenium/4.1.2 (java windows)
Content-Length: 48780
Content-Type: application/json; charset=utf-8
host: localhost:56994
accept: */*

Response DefaultHttpResponse(decodeResult: success, version: HTTP/1.1)
HTTP/1.1 200 OK
Content-Type: application/json; charset=utf-8
cache-control: no-cache
content-length: 14

20:13:59.617 [AsyncHttpClient-1-8] DEBUG org.asynchttpclient.netty.channel.ChannelManager - Adding key: http://localhost:56994 for channel [id: 0x86f61e7c, L:/127.0.0.1:50864 - R:localhost/127.0.0.1:56994]
  &amp#27;[32mAnd &amp#27;[0m&amp#27;[32mI can login &amp#27;[0m&amp#27;[32m&amp#27;[1m"can login"&amp#27;[0m                                               &amp#27;[90m# starter.steps.DetailStep.iCanLogin(java.lang.String)&amp#27;[0m
20:13:59.620 [Forwarding screenshot on session edd227526f1e1038896718da63218a1c to remote] DEBUG org.asynchttpclient.netty.request.NettyRequestSender - Using pooled Channel '[id: 0x86f61e7c, L:/127.0.0.1:50864 - R:localhost/127.0.0.1:56994]' for 'GET' to 'http://localhost:56994/session/edd227526f1e1038896718da63218a1c/screenshot'
20:13:59.620 [Forwarding screenshot on session edd227526f1e1038896718da63218a1c to remote] DEBUG org.asynchttpclient.netty.request.NettyRequestSender - Using open Channel [id: 0x86f61e7c, L:/127.0.0.1:50864 - R:localhost/127.0.0.1:56994] for GET '/session/edd227526f1e1038896718da63218a1c/screenshot'
20:13:59.720 [AsyncHttpClient-1-8] DEBUG org.asynchttpclient.netty.handler.HttpHandler - 

Request DefaultFullHttpRequest(decodeResult: success, version: HTTP/1.1, content: EmptyByteBufBE)
GET /session/edd227526f1e1038896718da63218a1c/screenshot HTTP/1.1
User-Agent: selenium/4.1.2 (java windows)
Cache-Control: no-cache
Content-Type: application/json; charset=utf-8
host: localhost:56994
accept: */*

Response DefaultHttpResponse(decodeResult: success, version: HTTP/1.1)
HTTP/1.1 200 OK
Content-Type: application/json; charset=utf-8
cache-control: no-cache
content-length: 29728

20:13:59.722 [AsyncHttpClient-1-8] DEBUG org.asynchttpclient.netty.channel.ChannelManager - Adding key: http://localhost:56994 for channel [id: 0x86f61e7c, L:/127.0.0.1:50864 - R:localhost/127.0.0.1:56994]
20:13:59.722 [main] DEBUG net.serenitybdd.core.photography.Darkroom - Send negative for processing for target\site\serenity\d8b499ed686e55f0b78d51e910f49a96a4b37ac4fe3410ebf36be4d591ebdf61.png
20:13:59.723 [Darkroom Processing Line] DEBUG net.serenitybdd.core.photography.DarkroomProcessingLine - Processing screenshot image in /var/screenshots/screenshot-9711718758488279396
20:13:59.723 [Darkroom Processing Line] DEBUG net.serenitybdd.core.photography.DarkroomProcessingLine - Saving screenshot to target\site\serenity\d8b499ed686e55f0b78d51e910f49a96a4b37ac4fe3410ebf36be4d591ebdf61.png
20:13:59.742 [Forwarding findElement on session edd227526f1e1038896718da63218a1c to remote] DEBUG org.asynchttpclient.netty.request.NettyRequestSender - Using pooled Channel '[id: 0x86f61e7c, L:/127.0.0.1:50864 - R:localhost/127.0.0.1:56994]' for 'POST' to 'http://localhost:56994/session/edd227526f1e1038896718da63218a1c/element'
20:13:59.742 [Forwarding findElement on session edd227526f1e1038896718da63218a1c to remote] DEBUG org.asynchttpclient.netty.request.NettyRequestSender - Using open Channel [id: 0x86f61e7c, L:/127.0.0.1:50864 - R:localhost/127.0.0.1:56994] for POST '/session/edd227526f1e1038896718da63218a1c/element'
20:14:01.804 [AsyncHttpClient-1-8] DEBUG org.asynchttpclient.netty.handler.HttpHandler - 

Request DefaultHttpRequest(decodeResult: success, version: HTTP/1.1)
POST /session/edd227526f1e1038896718da63218a1c/element HTTP/1.1
User-Agent: selenium/4.1.2 (java windows)
Content-Length: 120
Content-Type: application/json; charset=utf-8
host: localhost:56994
accept: */*

Response DefaultHttpResponse(decodeResult: success, version: HTTP/1.1)
HTTP/1.1 404 Not Found
Content-Type: application/json; charset=utf-8
cache-control: no-cache
content-length: 1028

20:14:01.804 [AsyncHttpClient-1-8] DEBUG org.asynchttpclient.netty.channel.ChannelManager - Adding key: http://localhost:56994 for channel [id: 0x86f61e7c, L:/127.0.0.1:50864 - R:localhost/127.0.0.1:56994]
20:14:01.825 [Forwarding screenshot on session edd227526f1e1038896718da63218a1c to remote] DEBUG org.asynchttpclient.netty.request.NettyRequestSender - Using pooled Channel '[id: 0x86f61e7c, L:/127.0.0.1:50864 - R:localhost/127.0.0.1:56994]' for 'GET' to 'http://localhost:56994/session/edd227526f1e1038896718da63218a1c/screenshot'
20:14:01.825 [Forwarding screenshot on session edd227526f1e1038896718da63218a1c to remote] DEBUG org.asynchttpclient.netty.request.NettyRequestSender - Using open Channel [id: 0x86f61e7c, L:/127.0.0.1:50864 - R:localhost/127.0.0.1:56994] for GET '/session/edd227526f1e1038896718da63218a1c/screenshot'
20:14:01.956 [AsyncHttpClient-1-8] DEBUG org.asynchttpclient.netty.handler.HttpHandler - 

Request DefaultFullHttpRequest(decodeResult: success, version: HTTP/1.1, content: EmptyByteBufBE)
GET /session/edd227526f1e1038896718da63218a1c/screenshot HTTP/1.1
User-Agent: selenium/4.1.2 (java windows)
Cache-Control: no-cache
Content-Type: application/json; charset=utf-8
host: localhost:56994
accept: */*

Response DefaultHttpResponse(decodeResult: success, version: HTTP/1.1)
HTTP/1.1 200 OK
Content-Type: application/json; charset=utf-8
cache-control: no-cache
content-length: 33612

20:14:01.957 [AsyncHttpClient-1-8] DEBUG org.asynchttpclient.netty.channel.ChannelManager - Adding key: http://localhost:56994 for channel [id: 0x86f61e7c, L:/127.0.0.1:50864 - R:localhost/127.0.0.1:56994]
20:14:01.958 [main] DEBUG net.serenitybdd.core.photography.Darkroom - Send negative for processing for target\site\serenity\2b8ebe1309cf382c755d520791eecc42d8a0c0223a13663b6692649004046c5d.png
20:14:01.959 [Darkroom Processing Line] DEBUG net.serenitybdd.core.photography.DarkroomProcessingLine - Processing screenshot image in /var/screenshots/screenshot-9391068779426308369
20:14:01.959 [Darkroom Processing Line] DEBUG net.serenitybdd.core.photography.DarkroomProcessingLine - Saving screenshot to target\site\serenity\2b8ebe1309cf382c755d520791eecc42d8a0c0223a13663b6692649004046c5d.png
20:14:01.972 [Forwarding getPageSource on session edd227526f1e1038896718da63218a1c to remote] DEBUG org.asynchttpclient.netty.request.NettyRequestSender - Using pooled Channel '[id: 0x86f61e7c, L:/127.0.0.1:50864 - R:localhost/127.0.0.1:56994]' for 'POST' to 'http://localhost:56994/session/edd227526f1e1038896718da63218a1c/execute/sync'
20:14:01.972 [Forwarding getPageSource on session edd227526f1e1038896718da63218a1c to remote] DEBUG org.asynchttpclient.netty.request.NettyRequestSender - Using open Channel [id: 0x86f61e7c, L:/127.0.0.1:50864 - R:localhost/127.0.0.1:56994] for POST '/session/edd227526f1e1038896718da63218a1c/execute/sync'
20:14:01.986 [AsyncHttpClient-1-8] DEBUG org.asynchttpclient.netty.handler.HttpHandler - 

Request DefaultHttpRequest(decodeResult: success, version: HTTP/1.1)
POST /session/edd227526f1e1038896718da63218a1c/execute/sync HTTP/1.1
User-Agent: selenium/4.1.2 (java windows)
Content-Length: 176
Content-Type: application/json; charset=utf-8
host: localhost:56994
accept: */*

Response DefaultHttpResponse(decodeResult: success, version: HTTP/1.1)
HTTP/1.1 200 OK
Content-Type: application/json; charset=utf-8
cache-control: no-cache
content-length: 28801

20:14:01.986 [AsyncHttpClient-1-8] DEBUG org.asynchttpclient.netty.channel.ChannelManager - Adding key: http://localhost:56994 for channel [id: 0x86f61e7c, L:/127.0.0.1:50864 - R:localhost/127.0.0.1:56994]
20:14:02.001 [Forwarding getCurrentUrl on session edd227526f1e1038896718da63218a1c to remote] DEBUG org.asynchttpclient.netty.request.NettyRequestSender - Using pooled Channel '[id: 0x86f61e7c, L:/127.0.0.1:50864 - R:localhost/127.0.0.1:56994]' for 'GET' to 'http://localhost:56994/session/edd227526f1e1038896718da63218a1c/url'
20:14:02.001 [Forwarding getCurrentUrl on session edd227526f1e1038896718da63218a1c to remote] DEBUG org.asynchttpclient.netty.request.NettyRequestSender - Using open Channel [id: 0x86f61e7c, L:/127.0.0.1:50864 - R:localhost/127.0.0.1:56994] for GET '/session/edd227526f1e1038896718da63218a1c/url'
20:14:02.010 [AsyncHttpClient-1-8] DEBUG org.asynchttpclient.netty.handler.HttpHandler - 

Request DefaultFullHttpRequest(decodeResult: success, version: HTTP/1.1, content: EmptyByteBufBE)
GET /session/edd227526f1e1038896718da63218a1c/url HTTP/1.1
User-Agent: selenium/4.1.2 (java windows)
Cache-Control: no-cache
Content-Type: application/json; charset=utf-8
host: localhost:56994
accept: */*

Response DefaultHttpResponse(decodeResult: success, version: HTTP/1.1)
HTTP/1.1 200 OK
Content-Type: application/json; charset=utf-8
cache-control: no-cache
content-length: 41

20:14:02.010 [AsyncHttpClient-1-8] DEBUG org.asynchttpclient.netty.channel.ChannelManager - Adding key: http://localhost:56994 for channel [id: 0x86f61e7c, L:/127.0.0.1:50864 - R:localhost/127.0.0.1:56994]
  &amp#27;[31mAnd &amp#27;[0m&amp#27;[31mI click beli button product 1&amp#27;[0m                                         &amp#27;[90m# starter.steps.BeliStep.iClickBeliButtonProduct1()&amp#27;[0m
      &amp#27;[31mnet.thucydides.core.webdriver.exceptions.ElementShouldBeEnabledException: Expected enabled element was not enabled
	at net.serenitybdd.core.pages.WebElementFacadeImpl.waitUntilEnabled(WebElementFacadeImpl.java:1100)
	at net.serenitybdd.core.pages.WebElementFacadeImpl.waitUntilElementAvailable(WebElementFacadeImpl.java:888)
	at net.serenitybdd.core.pages.WebElementFacadeImpl.click(WebElementFacadeImpl.java:1182)
	at net.serenitybdd.core.pages.WebElementFacadeImpl.click(WebElementFacadeImpl.java:1201)
	at MiniProjWeb@1.0-SNAPSHOT/starter.pages.BeliPage.buttonBeli1(BeliPage.java:34)
	at MiniProjWeb@1.0-SNAPSHOT/starter.pages.BeliPage$ByteBuddy$y7OTC1uc.buttonBeli1$accessor$l1TMGJoy(Unknown Source)
	at java.base/jdk.internal.reflect.NativeMethodAccessorImpl.invoke0(Native Method)
	at java.base/jdk.internal.reflect.NativeMethodAccessorImpl.invoke(NativeMethodAccessorImpl.java:62)
	at java.base/jdk.internal.reflect.DelegatingMethodAccessorImpl.invoke(DelegatingMethodAccessorImpl.java:43)
	at java.base/java.lang.reflect.Method.invoke(Method.java:566)
	at net.thucydides.core.steps.BaseMethodRunner.invokeMethod(BaseMethodRunner.java:18)
	at net.thucydides.core.steps.NormalMethodRunner.invokeMethodAndNotifyFailures(NormalMethodRunner.java:18)
	at net.thucydides.core.steps.StepInterceptor.runNormalMethod(StepInterceptor.java:406)
	at net.thucydides.core.steps.StepInterceptor.testStepResult(StepInterceptor.java:191)
	at net.thucydides.core.steps.StepInterceptor.intercept(StepInterceptor.java:84)
	at net.thucydides.core.steps.ProxyConfiguration$InterceptorDispatcher.intercept(ProxyConfiguration.java:51)
	at MiniProjWeb@1.0-SNAPSHOT/starter.pages.BeliPage$ByteBuddy$y7OTC1uc.buttonBeli1(Unknown Source)
	at MiniProjWeb@1.0-SNAPSHOT/starter.steps.BeliStep.iClickBeliButtonProduct1(BeliStep.java:15)
	at âœ½.I click beli button product 1(file:///D:/TIC/Kampus%20Merdeka/MSIB/Studi%20Independen/Alterra/MiniProject/MiniProjWeb/src/test/resources/features/login/transaction.feature:13)
Caused by: org.openqa.selenium.TimeoutException: Expected condition failed: waiting for By.xpath: //*[@id="15"]/div/div[3]/div[2]/button[2]/span to be enabled (tried for 0 second(s) with 100 milliseconds interval)
	at org.openqa.selenium.support.ui.FluentWait.timeoutException(FluentWait.java:263)
	at org.openqa.selenium.support.ui.FluentWait.until(FluentWait.java:231)
	at net.serenitybdd.core.pages.WebElementFacadeImpl.waitUntilEnabled(WebElementFacadeImpl.java:1097)
	at net.serenitybdd.core.pages.WebElementFacadeImpl.waitUntilElementAvailable(WebElementFacadeImpl.java:888)
	at net.serenitybdd.core.pages.WebElementFacadeImpl.click(WebElementFacadeImpl.java:1182)
	at net.serenitybdd.core.pages.WebElementFacadeImpl.click(WebElementFacadeImpl.java:1201)
	at MiniProjWeb@1.0-SNAPSHOT/starter.pages.BeliPage.buttonBeli1(BeliPage.java:34)
	at MiniProjWeb@1.0-SNAPSHOT/starter.pages.BeliPage$ByteBuddy$y7OTC1uc.buttonBeli1$accessor$l1TMGJoy(Unknown Source)
	at java.base/jdk.internal.reflect.NativeMethodAccessorImpl.invoke0(Native Method)
	at java.base/jdk.internal.reflect.NativeMethodAccessorImpl.invoke(NativeMethodAccessorImpl.java:62)
	at java.base/jdk.internal.reflect.DelegatingMethodAccessorImpl.invoke(DelegatingMethodAccessorImpl.java:43)
	at java.base/java.lang.reflect.Method.invoke(Method.java:566)
	at net.thucydides.core.steps.BaseMethodRunner.invokeMethod(BaseMethodRunner.java:18)
	at net.thucydides.core.steps.NormalMethodRunner.invokeMethodAndNotifyFailures(NormalMethodRunner.java:18)
	at net.thucydides.core.steps.StepInterceptor.runNormalMethod(StepInterceptor.java:406)
	at net.thucydides.core.steps.StepInterceptor.testStepResult(StepInterceptor.java:191)
	at net.thucydides.core.steps.StepInterceptor.intercept(StepInterceptor.java:84)
	at net.thucydides.core.steps.ProxyConfiguration$InterceptorDispatcher.intercept(ProxyConfiguration.java:51)
	at MiniProjWeb@1.0-SNAPSHOT/starter.pages.BeliPage$ByteBuddy$y7OTC1uc.buttonBeli1(Unknown Source)
	at MiniProjWeb@1.0-SNAPSHOT/starter.steps.BeliStep.iClickBeliButtonProduct1(BeliStep.java:15)
	at java.base/jdk.internal.reflect.NativeMethodAccessorImpl.invoke0(Native Method)
	at java.base/jdk.internal.reflect.NativeMethodAccessorImpl.invoke(NativeMethodAccessorImpl.java:62)
	at java.base/jdk.internal.reflect.DelegatingMethodAccessorImpl.invoke(DelegatingMethodAccessorImpl.java:43)
	at java.base/java.lang.reflect.Method.invoke(Method.java:566)
	at io.cucumber.java.Invoker.doInvoke(Invoker.java:66)
	at io.cucumber.java.Invoker.invoke(Invoker.java:24)
	at io.cucumber.java.AbstractGlueDefinition.invokeMethod(AbstractGlueDefinition.java:47)
	at io.cucumber.java.JavaStepDefinition.execute(JavaStepDefinition.java:29)
	at io.cucumber.core.runner.CoreStepDefinition.execute(CoreStepDefinition.java:66)
	at io.cucumber.core.runner.PickleStepDefinitionMatch.runStep(PickleStepDefinitionMatch.java:63)
	at io.cucumber.core.runner.ExecutionMode$1.execute(ExecutionMode.java:10)
	at io.cucumber.core.runner.TestStep.executeStep(TestStep.java:86)
	at io.cucumber.core.runner.TestStep.run(TestStep.java:57)
	at io.cucumber.core.runner.PickleStepTestStep.run(PickleStepTestStep.java:51)
	at io.cucumber.core.runner.TestCase.run(TestCase.java:95)
	at io.cucumber.core.runner.Runner.runPickle(Runner.java:75)
	at io.cucumber.junit.PickleRunners$NoStepDescriptions.lambda$run$0(PickleRunners.java:151)
	at io.cucumber.core.runtime.CucumberExecutionContext.lambda$runTestCase$3(CucumberExecutionContext.java:151)
	at io.cucumber.core.runtime.RethrowingThrowableCollector.executeAndThrow(RethrowingThrowableCollector.java:23)
	at io.cucumber.core.runtime.CucumberExecutionContext.runTestCase(CucumberExecutionContext.java:151)
	at io.cucumber.junit.PickleRunners$NoStepDescriptions.run(PickleRunners.java:148)
	at io.cucumber.junit.FeatureRunner.runChild(FeatureRunner.java:144)
	at io.cucumber.junit.FeatureRunner.runChild(FeatureRunner.java:28)
	at org.junit.runners.ParentRunner$4.run(ParentRunner.java:331)
	at org.junit.runners.ParentRunner$1.schedule(ParentRunner.java:79)
	at org.junit.runners.ParentRunner.runChildren(ParentRunner.java:329)
	at org.junit.runners.ParentRunner.access$100(ParentRunner.java:66)
	at org.junit.runners.ParentRunner$2.evaluate(ParentRunner.java:293)
	at org.junit.runners.ParentRunner$3.evaluate(ParentRunner.java:306)
	at org.junit.runners.ParentRunner.run(ParentRunner.java:413)
	at io.cucumber.junit.FeatureRunner.run(FeatureRunner.java:137)
	at io.cucumber.junit.CucumberSerenityRunner.runChild(CucumberSerenityRunner.java:258)
	at io.cucumber.junit.CucumberSerenityRunner.runChild(CucumberSerenityRunner.java:58)
	at org.junit.runners.ParentRunner$4.run(ParentRunner.java:331)
	at org.junit.runners.ParentRunner$1.schedule(ParentRunner.java:79)
	at org.junit.runners.ParentRunner.runChildren(ParentRunner.java:329)
	at org.junit.runners.ParentRunner.access$100(ParentRunner.java:66)
	at org.junit.runners.ParentRunner$2.evaluate(ParentRunner.java:293)
	at io.cucumber.junit.CucumberSerenityRunner$RunCucumber.evaluate(CucumberSerenityRunner.java:287)
	at org.junit.runners.ParentRunner$3.evaluate(ParentRunner.java:306)
	at org.junit.runners.ParentRunner.run(ParentRunner.java:413)
	at org.junit.runner.JUnitCore.run(JUnitCore.java:137)
	at org.junit.runner.JUnitCore.run(JUnitCore.java:115)
	at org.junit.vintage.engine.execution.RunnerExecutor.execute(RunnerExecutor.java:42)
	at org.junit.vintage.engine.VintageTestEngine.executeAllChildren(VintageTestEngine.java:80)
	at org.junit.vintage.engine.VintageTestEngine.execute(VintageTestEngine.java:72)
	at org.junit.platform.launcher.core.EngineExecutionOrchestrator.execute(EngineExecutionOrchestrator.java:107)
	at org.junit.platform.launcher.core.EngineExecutionOrchestrator.execute(EngineExecutionOrchestrator.java:88)
	at org.junit.platform.launcher.core.EngineExecutionOrchestrator.lambda$execute$0(EngineExecutionOrchestrator.java:54)
	at org.junit.platform.launcher.core.EngineExecutionOrchestrator.withInterceptedStreams(EngineExecutionOrchestrator.java:67)
	at org.junit.platform.launcher.core.EngineExecutionOrchestrator.execute(EngineExecutionOrchestrator.java:52)
	at org.junit.platform.launcher.core.DefaultLauncher.execute(DefaultLauncher.java:114)
	at org.junit.platform.launcher.core.DefaultLauncher.execute(DefaultLauncher.java:86)
	at org.junit.platform.launcher.core.DefaultLauncherSession$DelegatingLauncher.execute(DefaultLauncherSession.java:86)
	at org.junit.platform.launcher.core.SessionPerRequestLauncher.execute(SessionPerRequestLauncher.java:53)
	at org.apache.maven.surefire.junitplatform.JUnitPlatformProvider.execute(JUnitPlatformProvider.java:188)
	at org.apache.maven.surefire.junitplatform.JUnitPlatformProvider.invokeAllTests(JUnitPlatformProvider.java:154)
	at org.apache.maven.surefire.junitplatform.JUnitPlatformProvider.invoke(JUnitPlatformProvider.java:128)
	at org.apache.maven.surefire.booter.ForkedBooter.runSuitesInProcess(ForkedBooter.java:428)
	at org.apache.maven.surefire.booter.ForkedBooter.execute(ForkedBooter.java:162)
	at org.apache.maven.surefire.booter.ForkedBooter.run(ForkedBooter.java:562)
	at org.apache.maven.surefire.booter.ForkedBooter.main(ForkedBooter.java:548)
Caused by: org.openqa.selenium.NoSuchElementException: no such element: Unable to locate element: {"method":"xpath","selector":"//*[@id="15"]/div/div[3]/div[2]/button[2]/span"}
  (Session info: chrome=106.0.5249.121)
For documentation on this error, please visit: https://selenium.dev/exceptions/#no_such_element
Build info: version: '4.1.2', revision: '9a5a329c5a'
System info: host: 'MYLNAP', ip: '192.168.110.45', os.name: 'Windows 11', os.arch: 'amd64', os.version: '10.0', java.version: '11.0.16'
Driver info: org.openqa.selenium.chrome.ChromeDriver
Command: [edd227526f1e1038896718da63218a1c, findElement {using=xpath, value=//*[@id="15"]/div/div[3]/div[2]/button[2]/span}]
Capabilities {acceptInsecureCerts: false, browserName: chrome, browserVersion: 106.0.5249.121, chrome: {chromedriverVersion: 106.0.5249.61 (511755355844..., userDataDir: C:\Users\user\AppData\Local...}, goog:chromeOptions: {debuggerAddress: localhost:50647}, javascriptEnabled: true, networkConnectionEnabled: false, pageLoadStrategy: normal, platform: WINDOWS, platformName: WINDOWS, proxy: Proxy(), se:cdp: ws://localhost:50647/devtoo..., se:cdpVersion: 106.0.5249.121, setWindowRect: true, strictFileInteractability: false, timeouts: {implicit: 0, pageLoad: 300000, script: 30000}, unhandledPromptBehavior: dismiss and notify, webauthn:extension:credBlob: true, webauthn:extension:largeBlob: true, webauthn:virtualAuthenticators: true}
Session ID: edd227526f1e1038896718da63218a1c
	at java.base/jdk.internal.reflect.NativeConstructorAccessorImpl.newInstance0(Native Method)
	at java.base/jdk.internal.reflect.NativeConstructorAccessorImpl.newInstance(NativeConstructorAccessorImpl.java:62)
	at java.base/jdk.internal.reflect.DelegatingConstructorAccessorImpl.newInstance(DelegatingConstructorAccessorImpl.java:45)
	at java.base/java.lang.reflect.Constructor.newInstance(Constructor.java:490)
	at org.openqa.selenium.remote.codec.w3c.W3CHttpResponseCodec.createException(W3CHttpResponseCodec.java:200)
	at org.openqa.selenium.remote.codec.w3c.W3CHttpResponseCodec.decode(W3CHttpResponseCodec.java:133)
	at org.openqa.selenium.remote.codec.w3c.W3CHttpResponseCodec.decode(W3CHttpResponseCodec.java:53)
	at org.openqa.selenium.remote.HttpCommandExecutor.execute(HttpCommandExecutor.java:184)
	at org.openqa.selenium.remote.service.DriverCommandExecutor.invokeExecute(DriverCommandExecutor.java:167)
	at org.openqa.selenium.remote.service.DriverCommandExecutor.execute(DriverCommandExecutor.java:142)
	at org.openqa.selenium.remote.RemoteWebDriver.execute(RemoteWebDriver.java:558)
	at org.openqa.selenium.remote.ElementLocation$ElementFinder$2.findElement(ElementLocation.java:162)
	at org.openqa.selenium.remote.ElementLocation.findElement(ElementLocation.java:60)
	at org.openqa.selenium.remote.RemoteWebDriver.findElement(RemoteWebDriver.java:382)
	at org.openqa.selenium.remote.RemoteWebDriver.findElement(RemoteWebDriver.java:374)
	at net.thucydides.core.webdriver.WebDriverFacade.findElement(WebDriverFacade.java:224)
	at net.serenitybdd.core.pages.WebElementResolverByLocator.resolveForDriver(WebElementResolverByLocator.java:25)
	at net.serenitybdd.core.pages.WebElementFacadeImpl.getResolvedElement(WebElementFacadeImpl.java:191)
	at net.serenitybdd.core.pages.WebElementFacadeImpl.getElement(WebElementFacadeImpl.java:186)
	at net.serenitybdd.core.pages.WebElementExpectations$3.apply(WebElementExpectations.java:63)
	at net.serenitybdd.core.pages.WebElementExpectations$3.apply(WebElementExpectations.java:55)
	at org.openqa.selenium.support.ui.FluentWait.until(FluentWait.java:208)
	... 80 more
&amp#27;[0m
  &amp#27;[36mAnd &amp#27;[0m&amp#27;[36mI click beli button product 2&amp#27;[0m                                         &amp#27;[90m# starter.steps.BeliStep.iClickBeliButtonProduct()&amp#27;[0m
  &amp#27;[36mAnd &amp#27;[0m&amp#27;[36mI click cart icon&amp#27;[0m                                                     &amp#27;[90m# starter.steps.BeliStep.iClickCartIcon()&amp#27;[0m
  &amp#27;[36mAnd &amp#27;[0m&amp#27;[36msee all order&amp#27;[0m                                                         &amp#27;[90m# starter.steps.BeliStep.seeAllOrder()&amp#27;[0m
  &amp#27;[36mWhen &amp#27;[0m&amp#27;[36mI click profile icon&amp#27;[0m                                                 &amp#27;[90m# starter.steps.LogoutStep.iClickProfileIcon()&amp#27;[0m
  &amp#27;[36mAnd &amp#27;[0m&amp#27;[36mI click transaksi button&amp#27;[0m                                              &amp#27;[90m# starter.steps.TransactionStep.iClickTransaksiButton()&amp#27;[0m
  &amp#27;[36mThen &amp#27;[0m&amp#27;[36msee transaction&amp#27;[0m                                                      &amp#27;[90m# starter.steps.BeliStep.seeTransaction()&amp#27;[0m
20:14:02.177 [AsyncHttpClient-1-7] DEBUG org.asynchttpclient.netty.handler.WebSocketHandler - Channel Closed: [id: 0xfcaf35d8, L:/127.0.0.1:50655 ! R:localhost/127.0.0.1:50647] with attribute NettyResponseFuture{currentRetry=5,
	isDone=1,
	isCancelled=0,
	asyncHandler=org.asynchttpclient.ws.WebSocketUpgradeHandler@3775701e,
	nettyRequest=org.asynchttpclient.netty.request.NettyRequest@1619201e,
	future=java.util.concurrent.CompletableFuture@1eeedb4a[Completed normally],
	uri=ws://localhost:50647/devtools/browser/edcc0e8c-39f4-4c08-95df-4349394922cc,
	keepAlive=true,
	redirectCount=0,
	timeoutsHolder=null,
	inAuth=0,
	touch=1667221684659}
20:14:02.178 [AsyncHttpClient-1-7] DEBUG org.asynchttpclient.netty.channel.ChannelManager - Closing Channel [id: 0xfcaf35d8, L:/127.0.0.1:50655 ! R:localhost/127.0.0.1:50647] 
20:14:02.180 [Driver Command Executor] DEBUG org.asynchttpclient.netty.request.NettyRequestSender - Using pooled Channel '[id: 0x86f61e7c, L:/127.0.0.1:50864 - R:localhost/127.0.0.1:56994]' for 'DELETE' to 'http://localhost:56994/session/edd227526f1e1038896718da63218a1c'
20:14:02.180 [Driver Command Executor] DEBUG org.asynchttpclient.netty.request.NettyRequestSender - Using open Channel [id: 0x86f61e7c, L:/127.0.0.1:50864 - R:localhost/127.0.0.1:56994] for DELETE '/session/edd227526f1e1038896718da63218a1c'
20:14:02.377 [AsyncHttpClient-1-8] DEBUG org.asynchttpclient.netty.handler.HttpHandler - 

Request DefaultFullHttpRequest(decodeResult: success, version: HTTP/1.1, content: EmptyByteBufBE)
DELETE /session/edd227526f1e1038896718da63218a1c HTTP/1.1
User-Agent: selenium/4.1.2 (java windows)
Content-Type: application/json; charset=utf-8
host: localhost:56994
accept: */*

Response DefaultHttpResponse(decodeResult: success, version: HTTP/1.1)
HTTP/1.1 200 OK
Content-Type: application/json; charset=utf-8
cache-control: no-cache
content-length: 14

20:14:02.377 [AsyncHttpClient-1-8] DEBUG org.asynchttpclient.netty.channel.ChannelManager - Adding key: http://localhost:56994 for channel [id: 0x86f61e7c, L:/127.0.0.1:50864 - R:localhost/127.0.0.1:56994]
20:14:02.431 [AsyncHttpClient-1-8] DEBUG org.asynchttpclient.netty.handler.HttpHandler - Channel Closed: [id: 0x86f61e7c, L:/127.0.0.1:50864 ! R:localhost/127.0.0.1:56994] with attribute DISCARD
20:14:02.507 [main] ERROR  - 
  _____   ___   ___   _____     ___     _     ___   _      ___   ___  
 |_   _| | __| / __| |_   _|   | __|   /_\   |_ _| | |    | __| |   \ 
   | |   | _|  \__ \   | |     | _|   / _ \   | |  | |__  | _|  | |) |
   |_|   |___| |___/   |_|     |_|   /_/ \_\ |___| |____| |___| |___/ 


-----------------------------------------------------------------------
20:14:02.507 [main] DEBUG  - RELATED ISSUES: 
20:14:02.507 [main] ERROR  -     Test failed at step: Button beli1
20:14:02.507 [main] ERROR  -     Expected enabled element was not enabledBuild info: version: '4.1.2', revision: '9a5a329c5a'System info: host: 'MYLNAP', ip: '192.168.110.45', os.name: 'Windows 11', os.arch: 'amd64', os.version: '10.0', java.version: '11.0.16'Driver info: driver.version: unknown
]]></system-out>
    <system-err><![CDATA[Starting ChromeDriver 106.0.5249.61 (511755355844955cd3e264779baf0dd38212a4d0-refs/branch-heads/5249@{#569}) on port 56994
Only local connections are allowed.
Please see https://chromedriver.chromium.org/security-considerations for suggestions on keeping ChromeDriver safe.
ChromeDriver was started successfully.
Oct 31, 2022 8:08:04 PM org.openqa.selenium.remote.ProtocolHandshake createSession
INFO: Detected dialect: W3C
Oct 31, 2022 8:08:04 PM org.openqa.selenium.devtools.CdpVersionFinder findNearestMatch
WARNING: Unable to find an exact match for CDP version 106, so returning the closest version found: a no-op implementation
Oct 31, 2022 8:08:04 PM org.openqa.selenium.devtools.CdpVersionFinder findNearestMatch
INFO: Unable to find CDP implementation matching 106.
Oct 31, 2022 8:08:04 PM org.openqa.selenium.chromium.ChromiumDriver lambda$new$3
WARNING: Unable to find version of CDP to use for . You may need to include a dependency on a specific version of the CDP using something similar to `org.seleniumhq.selenium:selenium-devtools-v86:4.1.2` where the version ("v86") matches the version of the chromium-based browser you're using and the version number of the artifact is the same as Selenium's.
[1667221984.670][SEVERE]: Timed out receiving message from renderer: 298.187
[1667221984.674][SEVERE]: Timed out receiving message from renderer: 298.187
]]></system-err>
  </testcase>
</testsuite>